[2021-10-24 16:06:34,703] [INFO] [base._load_session] -> No session loaded
[2021-10-24 16:06:34,717] [INFO] [base._start_message] -> 
                 --------------------------------------------------
                 Starting fuzzing session
                 Target: TcpTarget
                 UI: WebInterface listening on 127.0.0.1:26001
                 Log: ./kittylogs/kitty_20211024-160620.log

                 Total possible mutation count: 1000
                 --------------------------------------------------
                                 Happy hacking
                 --------------------------------------------------
            
[2021-10-24 16:06:34,721] [INFO] [base.start] -> Performing environment test
[2021-10-24 16:06:34,759] [INFO] [base._test_info] -> Current test: -1
[2021-10-24 16:06:34,760] [INFO] [server.transmit] -> request(22): 0300001611e00000000100c0010ac1020100c2020200
[2021-10-24 16:06:34,763] [INFO] [server.transmit] -> response(22): 0300001611d00001000700c0010ac1020100c2020200
[2021-10-24 16:06:34,765] [INFO] [server._start] -> should keep running? True
[2021-10-24 16:06:34,778] [INFO] [base._test_info] -> Current test: 0
[2021-10-24 16:06:34,779] [INFO] [server.transmit] -> request(22): 0300001611e00000000100c0010ac1020100c2020200
[2021-10-24 16:06:34,792] [INFO] [server.transmit] -> response(22): 0300001611d00001000e00c0010ac1020100c2020200
[2021-10-24 16:06:34,793] [INFO] [server.transmit] -> request(25): 0300001902f08032010000000000080000f0000001000101e0
[2021-10-24 16:06:34,875] [INFO] [server.transmit] -> response(27): 0300001b02f080320300000000000800000000f0000001000100f0
[2021-10-24 16:06:34,877] [INFO] [server.transmit] -> request(33): 0300002102f080320700000000000800080001120411440100ff090004ded419b6
[2021-10-24 16:06:34,888] [INFO] [server.transmit] -> response(33): 0300002102f080320700000000000c000400011208128401010000d4010a000000
[2021-10-24 16:06:35,009] [INFO] [base._test_info] -> Current test: 1
[2021-10-24 16:06:35,010] [INFO] [server.transmit] -> request(22): 0300001611e00000000100c0010ac1020100c2020200
[2021-10-24 16:06:35,015] [INFO] [server.transmit] -> response(22): 0300001611d00001001200c0010ac1020100c2020200
[2021-10-24 16:06:35,016] [INFO] [server.transmit] -> request(25): 0300001902f08032010000000000080000f0000001000101e0
[2021-10-24 16:06:35,062] [INFO] [server.transmit] -> response(27): 0300001b02f080320300000000000800000000f0000001000100f0
[2021-10-24 16:06:35,063] [INFO] [server.transmit] -> request(33): 0300002102f080320700000000000800080001120411440100ff090004fb6eb620
[2021-10-24 16:06:35,075] [INFO] [server.transmit] -> response(33): 0300002102f080320700000000000c000400011208128401010000d4010a000000
[2021-10-24 16:06:35,191] [INFO] [base._test_info] -> Current test: 2
[2021-10-24 16:06:35,193] [INFO] [server.transmit] -> request(22): 0300001611e00000000100c0010ac1020100c2020200
[2021-10-24 16:06:35,197] [INFO] [server.transmit] -> response(22): 0300001611d00001000700c0010ac1020100c2020200
[2021-10-24 16:06:35,200] [INFO] [server.transmit] -> request(25): 0300001902f08032010000000000080000f0000001000101e0
[2021-10-24 16:06:35,243] [INFO] [server.transmit] -> response(27): 0300001b02f080320300000000000800000000f0000001000100f0
[2021-10-24 16:06:35,244] [INFO] [server.transmit] -> request(33): 0300002102f080320700000000000800080001120411440100ff090004bc1ad7db
[2021-10-24 16:06:35,253] [INFO] [server.transmit] -> response(33): 0300002102f080320700000000000c000400011208128401010000d4010a000000
[2021-10-24 16:06:35,375] [INFO] [base._test_info] -> Current test: 3
[2021-10-24 16:06:35,377] [INFO] [server.transmit] -> request(22): 0300001611e00000000100c0010ac1020100c2020200
[2021-10-24 16:06:35,380] [INFO] [server.transmit] -> response(22): 0300001611d00001000e00c0010ac1020100c2020200
[2021-10-24 16:06:35,381] [INFO] [server.transmit] -> request(25): 0300001902f08032010000000000080000f0000001000101e0
[2021-10-24 16:06:35,427] [INFO] [server.transmit] -> response(27): 0300001b02f080320300000000000800000000f0000001000100f0
[2021-10-24 16:06:35,447] [INFO] [server.transmit] -> request(33): 0300002102f080320700000000000800080001120411440100ff090004c51c1503
[2021-10-24 16:06:35,457] [INFO] [server.transmit] -> response(33): 0300002102f080320700000000000c000400011208128401010000d4010a000000
[2021-10-24 16:06:35,575] [INFO] [base._test_info] -> Current test: 4
[2021-10-24 16:06:35,578] [INFO] [server.transmit] -> request(22): 0300001611e00000000100c0010ac1020100c2020200
[2021-10-24 16:06:35,584] [INFO] [server.transmit] -> response(22): 0300001611d00001000700c0010ac1020100c2020200
[2021-10-24 16:06:35,585] [INFO] [server.transmit] -> request(25): 0300001902f08032010000000000080000f0000001000101e0
[2021-10-24 16:06:35,630] [INFO] [server.transmit] -> response(27): 0300001b02f080320300000000000800000000f0000001000100f0
[2021-10-24 16:06:35,631] [INFO] [server.transmit] -> request(33): 0300002102f080320700000000000800080001120411440100ff0900042284ea35
[2021-10-24 16:06:35,641] [INFO] [server.transmit] -> response(33): 0300002102f080320700000000000c000400011208128401010000d4010a000000
[2021-10-24 16:06:35,757] [INFO] [base._test_info] -> Current test: 5
[2021-10-24 16:06:35,759] [INFO] [server.transmit] -> request(22): 0300001611e00000000100c0010ac1020100c2020200
[2021-10-24 16:06:35,765] [INFO] [server.transmit] -> response(22): 0300001611d00001000e00c0010ac1020100c2020200
[2021-10-24 16:06:35,766] [INFO] [server.transmit] -> request(25): 0300001902f08032010000000000080000f0000001000101e0
[2021-10-24 16:06:35,815] [INFO] [server.transmit] -> response(27): 0300001b02f080320300000000000800000000f0000001000100f0
[2021-10-24 16:06:35,816] [INFO] [server.transmit] -> request(33): 0300002102f080320700000000000800080001120411440100ff090004ae8a8fcb
[2021-10-24 16:06:35,826] [INFO] [server.transmit] -> response(33): 0300002102f080320700000000000c000400011208128401010000d4010a000000
[2021-10-24 16:06:35,947] [INFO] [base._test_info] -> Current test: 6
[2021-10-24 16:06:35,948] [INFO] [server.transmit] -> request(22): 0300001611e00000000100c0010ac1020100c2020200
[2021-10-24 16:06:35,953] [INFO] [server.transmit] -> response(22): 0300001611d00001000700c0010ac1020100c2020200
[2021-10-24 16:06:35,956] [INFO] [server.transmit] -> request(25): 0300001902f08032010000000000080000f0000001000101e0
[2021-10-24 16:06:36,003] [INFO] [server.transmit] -> response(27): 0300001b02f080320300000000000800000000f0000001000100f0
[2021-10-24 16:06:36,006] [INFO] [server.transmit] -> request(33): 0300002102f080320700000000000800080001120411440100ff0900043f3be62a
[2021-10-24 16:06:36,016] [INFO] [server.transmit] -> response(33): 0300002102f080320700000000000c000400011208128401010000d4010a000000
[2021-10-24 16:06:36,145] [INFO] [base._test_info] -> Current test: 7
[2021-10-24 16:06:36,148] [INFO] [server.transmit] -> request(22): 0300001611e00000000100c0010ac1020100c2020200
[2021-10-24 16:06:36,151] [INFO] [server.transmit] -> response(22): 0300001611d00001000e00c0010ac1020100c2020200
[2021-10-24 16:06:36,154] [INFO] [server.transmit] -> request(25): 0300001902f08032010000000000080000f0000001000101e0
[2021-10-24 16:06:36,203] [INFO] [server.transmit] -> response(27): 0300001b02f080320300000000000800000000f0000001000100f0
[2021-10-24 16:06:36,207] [INFO] [server.transmit] -> request(33): 0300002102f080320700000000000800080001120411440100ff090004cc436d1c
[2021-10-24 16:06:36,214] [INFO] [server.transmit] -> response(33): 0300002102f080320700000000000c000400011208128401010000d4010a000000
[2021-10-24 16:06:36,344] [INFO] [base._test_info] -> Current test: 8
[2021-10-24 16:06:36,345] [INFO] [server.transmit] -> request(22): 0300001611e00000000100c0010ac1020100c2020200
[2021-10-24 16:06:36,351] [INFO] [server.transmit] -> response(22): 0300001611d00001000700c0010ac1020100c2020200
[2021-10-24 16:06:36,355] [INFO] [server.transmit] -> request(25): 0300001902f08032010000000000080000f0000001000101e0
[2021-10-24 16:06:36,403] [INFO] [server.transmit] -> response(27): 0300001b02f080320300000000000800000000f0000001000100f0
[2021-10-24 16:06:36,410] [INFO] [server.transmit] -> request(33): 0300002102f080320700000000000800080001120411440100ff0900042ffe36dd
[2021-10-24 16:06:36,417] [INFO] [server.transmit] -> response(33): 0300002102f080320700000000000c000400011208128401010000d4010a000000
[2021-10-24 16:06:36,540] [INFO] [base._test_info] -> Current test: 9
[2021-10-24 16:06:36,542] [INFO] [server.transmit] -> request(22): 0300001611e00000000100c0010ac1020100c2020200
[2021-10-24 16:06:36,549] [INFO] [server.transmit] -> response(22): 0300001611d00001000e00c0010ac1020100c2020200
[2021-10-24 16:06:36,549] [INFO] [server.transmit] -> request(25): 0300001902f08032010000000000080000f0000001000101e0
[2021-10-24 16:06:36,598] [INFO] [server.transmit] -> response(27): 0300001b02f080320300000000000800000000f0000001000100f0
[2021-10-24 16:06:36,599] [INFO] [server.transmit] -> request(33): 0300002102f080320700000000000800080001120411440100ff090004690c840c
[2021-10-24 16:06:36,607] [INFO] [server.transmit] -> response(33): 0300002102f080320700000000000c000400011208128401010000d4010a000000
[2021-10-24 16:06:36,723] [INFO] [base._test_info] -> Current test: 10
[2021-10-24 16:06:36,723] [INFO] [server.transmit] -> request(22): 0300001611e00000000100c0010ac1020100c2020200
[2021-10-24 16:06:36,727] [INFO] [server.transmit] -> response(22): 0300001611d00001000700c0010ac1020100c2020200
[2021-10-24 16:06:36,730] [INFO] [server.transmit] -> request(25): 0300001902f08032010000000000080000f0000001000101e0
[2021-10-24 16:06:36,779] [INFO] [server.transmit] -> response(27): 0300001b02f080320300000000000800000000f0000001000100f0
[2021-10-24 16:06:36,780] [INFO] [server.transmit] -> request(33): 0300002102f080320700000000000800080001120411440100ff090004c451cb70
[2021-10-24 16:06:36,789] [INFO] [server.transmit] -> response(33): 0300002102f080320700000000000c000400011208128401010000d4010a000000
[2021-10-24 16:06:36,908] [INFO] [base._test_info] -> Current test: 11
[2021-10-24 16:06:36,911] [INFO] [server.transmit] -> request(22): 0300001611e00000000100c0010ac1020100c2020200
[2021-10-24 16:06:36,915] [INFO] [server.transmit] -> response(22): 0300001611d00001000e00c0010ac1020100c2020200
[2021-10-24 16:06:36,917] [INFO] [server.transmit] -> request(25): 0300001902f08032010000000000080000f0000001000101e0
[2021-10-24 16:06:36,963] [INFO] [server.transmit] -> response(27): 0300001b02f080320300000000000800000000f0000001000100f0
[2021-10-24 16:06:36,963] [INFO] [server.transmit] -> request(33): 0300002102f080320700000000000800080001120411440100ff09000413f1e362
[2021-10-24 16:06:36,973] [INFO] [server.transmit] -> response(33): 0300002102f080320700000000000c000400011208128401010000d4010a000000
[2021-10-24 16:06:37,092] [INFO] [base._test_info] -> Current test: 12
[2021-10-24 16:06:37,094] [INFO] [server.transmit] -> request(22): 0300001611e00000000100c0010ac1020100c2020200
[2021-10-24 16:06:37,098] [INFO] [server.transmit] -> response(22): 0300001611d00001000700c0010ac1020100c2020200
[2021-10-24 16:06:37,101] [INFO] [server.transmit] -> request(25): 0300001902f08032010000000000080000f0000001000101e0
[2021-10-24 16:06:37,147] [INFO] [server.transmit] -> response(27): 0300001b02f080320300000000000800000000f0000001000100f0
[2021-10-24 16:06:37,150] [INFO] [server.transmit] -> request(33): 0300002102f080320700000000000800080001120411440100ff0900048d85a61a
[2021-10-24 16:06:37,157] [INFO] [server.transmit] -> response(33): 0300002102f080320700000000000c000400011208128401010000d4010a000000
[2021-10-24 16:06:37,273] [INFO] [base._test_info] -> Current test: 13
[2021-10-24 16:06:37,275] [INFO] [server.transmit] -> request(22): 0300001611e00000000100c0010ac1020100c2020200
[2021-10-24 16:06:37,280] [INFO] [server.transmit] -> response(22): 0300001611d00001000e00c0010ac1020100c2020200
[2021-10-24 16:06:37,282] [INFO] [server.transmit] -> request(25): 0300001902f08032010000000000080000f0000001000101e0
[2021-10-24 16:06:37,325] [INFO] [server.transmit] -> response(27): 0300001b02f080320300000000000800000000f0000001000100f0
[2021-10-24 16:06:37,328] [INFO] [server.transmit] -> request(33): 0300002102f080320700000000000800080001120411440100ff0900045fbf2622
[2021-10-24 16:06:37,336] [INFO] [server.transmit] -> response(33): 0300002102f080320700000000000c000400011208128401010000d4010a000000
[2021-10-24 16:06:37,463] [INFO] [base._test_info] -> Current test: 14
[2021-10-24 16:06:37,464] [INFO] [server.transmit] -> request(22): 0300001611e00000000100c0010ac1020100c2020200
[2021-10-24 16:06:37,477] [INFO] [server.transmit] -> response(22): 0300001611d00001000700c0010ac1020100c2020200
[2021-10-24 16:06:37,480] [INFO] [server.transmit] -> request(25): 0300001902f08032010000000000080000f0000001000101e0
[2021-10-24 16:06:37,519] [INFO] [server.transmit] -> response(27): 0300001b02f080320300000000000800000000f0000001000100f0
[2021-10-24 16:06:37,523] [INFO] [server.transmit] -> request(33): 0300002102f080320700000000000800080001120411440100ff090004e5025623
[2021-10-24 16:06:37,530] [INFO] [server.transmit] -> response(33): 0300002102f080320700000000000c000400011208128401010000d4010a000000
[2021-10-24 16:06:37,647] [INFO] [base._test_info] -> Current test: 15
[2021-10-24 16:06:37,648] [INFO] [server.transmit] -> request(22): 0300001611e00000000100c0010ac1020100c2020200
[2021-10-24 16:06:37,651] [INFO] [server.transmit] -> response(22): 0300001611d00001000e00c0010ac1020100c2020200
[2021-10-24 16:06:37,654] [INFO] [server.transmit] -> request(25): 0300001902f08032010000000000080000f0000001000101e0
[2021-10-24 16:06:37,703] [INFO] [server.transmit] -> response(27): 0300001b02f080320300000000000800000000f0000001000100f0
[2021-10-24 16:06:37,707] [INFO] [server.transmit] -> request(33): 0300002102f080320700000000000800080001120411440100ff0900042875d14c
[2021-10-24 16:06:37,714] [INFO] [server.transmit] -> response(33): 0300002102f080320700000000000c000400011208128401010000d4010a000000
[2021-10-24 16:06:37,832] [INFO] [base._test_info] -> Current test: 16
[2021-10-24 16:06:37,834] [INFO] [server.transmit] -> request(22): 0300001611e00000000100c0010ac1020100c2020200
[2021-10-24 16:06:37,839] [INFO] [server.transmit] -> response(22): 0300001611d00001000700c0010ac1020100c2020200
[2021-10-24 16:06:37,841] [INFO] [server.transmit] -> request(25): 0300001902f08032010000000000080000f0000001000101e0
[2021-10-24 16:06:37,888] [INFO] [server.transmit] -> response(27): 0300001b02f080320300000000000800000000f0000001000100f0
[2021-10-24 16:06:37,891] [INFO] [server.transmit] -> request(33): 0300002102f080320700000000000800080001120411440100ff0900041d8a652a
[2021-10-24 16:06:37,897] [INFO] [server.transmit] -> response(33): 0300002102f080320700000000000c000400011208128401010000d4010a000000
[2021-10-24 16:06:38,019] [INFO] [base._test_info] -> Current test: 17
[2021-10-24 16:06:38,020] [INFO] [server.transmit] -> request(22): 0300001611e00000000100c0010ac1020100c2020200
[2021-10-24 16:06:38,026] [INFO] [server.transmit] -> response(22): 0300001611d00001000e00c0010ac1020100c2020200
[2021-10-24 16:06:38,029] [INFO] [server.transmit] -> request(25): 0300001902f08032010000000000080000f0000001000101e0
[2021-10-24 16:06:38,076] [INFO] [server.transmit] -> response(27): 0300001b02f080320300000000000800000000f0000001000100f0
[2021-10-24 16:06:38,078] [INFO] [server.transmit] -> request(33): 0300002102f080320700000000000800080001120411440100ff09000456007822
[2021-10-24 16:06:38,085] [INFO] [server.transmit] -> response(33): 0300002102f080320700000000000c000400011208128401010000d4010a000000
[2021-10-24 16:06:38,203] [INFO] [base._test_info] -> Current test: 18
[2021-10-24 16:06:38,206] [INFO] [server.transmit] -> request(22): 0300001611e00000000100c0010ac1020100c2020200
[2021-10-24 16:06:38,210] [INFO] [server.transmit] -> response(22): 0300001611d00001000700c0010ac1020100c2020200
[2021-10-24 16:06:38,211] [INFO] [server.transmit] -> request(25): 0300001902f08032010000000000080000f0000001000101e0
[2021-10-24 16:06:38,257] [INFO] [server.transmit] -> response(27): 0300001b02f080320300000000000800000000f0000001000100f0
[2021-10-24 16:06:38,260] [INFO] [server.transmit] -> request(33): 0300002102f080320700000000000800080001120411440100ff0900046ee5e4f7
[2021-10-24 16:06:38,269] [INFO] [server.transmit] -> response(33): 0300002102f080320700000000000c000400011208128401010000d4010a000000
[2021-10-24 16:06:38,391] [INFO] [base._test_info] -> Current test: 19
[2021-10-24 16:06:38,391] [INFO] [server.transmit] -> request(22): 0300001611e00000000100c0010ac1020100c2020200
[2021-10-24 16:06:38,398] [INFO] [server.transmit] -> response(22): 0300001611d00001000e00c0010ac1020100c2020200
[2021-10-24 16:06:38,400] [INFO] [server.transmit] -> request(25): 0300001902f08032010000000000080000f0000001000101e0
[2021-10-24 16:06:38,444] [INFO] [server.transmit] -> response(27): 0300001b02f080320300000000000800000000f0000001000100f0
[2021-10-24 16:06:38,447] [INFO] [server.transmit] -> request(33): 0300002102f080320700000000000800080001120411440100ff090004211d4765
[2021-10-24 16:06:38,454] [INFO] [server.transmit] -> response(33): 0300002102f080320700000000000c000400011208128401010000d4010a000000
[2021-10-24 16:06:38,575] [INFO] [base._test_info] -> Current test: 20
[2021-10-24 16:06:38,576] [INFO] [server.transmit] -> request(22): 0300001611e00000000100c0010ac1020100c2020200
[2021-10-24 16:06:38,581] [INFO] [server.transmit] -> response(22): 0300001611d00001000700c0010ac1020100c2020200
[2021-10-24 16:06:38,582] [INFO] [server.transmit] -> request(25): 0300001902f08032010000000000080000f0000001000101e0
[2021-10-24 16:06:38,628] [INFO] [server.transmit] -> response(27): 0300001b02f080320300000000000800000000f0000001000100f0
[2021-10-24 16:06:38,631] [INFO] [server.transmit] -> request(33): 0300002102f080320700000000000800080001120411440100ff090004351f5762
[2021-10-24 16:06:38,640] [INFO] [server.transmit] -> response(33): 0300002102f080320700000000000c000400011208128401010000d4010a000000
[2021-10-24 16:06:38,762] [INFO] [base._test_info] -> Current test: 21
[2021-10-24 16:06:38,763] [INFO] [server.transmit] -> request(22): 0300001611e00000000100c0010ac1020100c2020200
[2021-10-24 16:06:38,767] [INFO] [server.transmit] -> response(22): 0300001611d00001000e00c0010ac1020100c2020200
[2021-10-24 16:06:38,769] [INFO] [server.transmit] -> request(25): 0300001902f08032010000000000080000f0000001000101e0
[2021-10-24 16:06:38,819] [INFO] [server.transmit] -> response(27): 0300001b02f080320300000000000800000000f0000001000100f0
[2021-10-24 16:06:38,821] [INFO] [server.transmit] -> request(33): 0300002102f080320700000000000800080001120411440100ff090004f19a8927
[2021-10-24 16:06:38,828] [INFO] [server.transmit] -> response(33): 0300002102f080320700000000000c000400011208128401010000d4010a000000
[2021-10-24 16:06:38,944] [INFO] [base._test_info] -> Current test: 22
[2021-10-24 16:06:38,946] [INFO] [server.transmit] -> request(22): 0300001611e00000000100c0010ac1020100c2020200
[2021-10-24 16:06:38,950] [INFO] [server.transmit] -> response(22): 0300001611d00001000700c0010ac1020100c2020200
[2021-10-24 16:06:38,951] [INFO] [server.transmit] -> request(25): 0300001902f08032010000000000080000f0000001000101e0
[2021-10-24 16:06:39,000] [INFO] [server.transmit] -> response(27): 0300001b02f080320300000000000800000000f0000001000100f0
[2021-10-24 16:06:39,003] [INFO] [server.transmit] -> request(33): 0300002102f080320700000000000800080001120411440100ff09000422dafe5b
[2021-10-24 16:06:39,010] [INFO] [server.transmit] -> response(33): 0300002102f080320700000000000c000400011208128401010000d4010a000000
[2021-10-24 16:06:39,131] [INFO] [base._test_info] -> Current test: 23
[2021-10-24 16:06:39,132] [INFO] [server.transmit] -> request(22): 0300001611e00000000100c0010ac1020100c2020200
[2021-10-24 16:06:39,137] [INFO] [server.transmit] -> response(22): 0300001611d00001000e00c0010ac1020100c2020200
[2021-10-24 16:06:39,138] [INFO] [server.transmit] -> request(25): 0300001902f08032010000000000080000f0000001000101e0
[2021-10-24 16:06:39,187] [INFO] [server.transmit] -> response(27): 0300001b02f080320300000000000800000000f0000001000100f0
[2021-10-24 16:06:39,190] [INFO] [server.transmit] -> request(33): 0300002102f080320700000000000800080001120411440100ff0900046ccfb62c
[2021-10-24 16:06:39,198] [INFO] [server.transmit] -> response(33): 0300002102f080320700000000000c000400011208128401010000d4010a000000
[2021-10-24 16:06:39,315] [INFO] [base._test_info] -> Current test: 24
[2021-10-24 16:06:39,318] [INFO] [server.transmit] -> request(22): 0300001611e00000000100c0010ac1020100c2020200
[2021-10-24 16:06:39,322] [INFO] [server.transmit] -> response(22): 0300001611d00001000700c0010ac1020100c2020200
[2021-10-24 16:06:39,323] [INFO] [server.transmit] -> request(25): 0300001902f08032010000000000080000f0000001000101e0
[2021-10-24 16:06:39,371] [INFO] [server.transmit] -> response(27): 0300001b02f080320300000000000800000000f0000001000100f0
[2021-10-24 16:06:39,375] [INFO] [server.transmit] -> request(33): 0300002102f080320700000000000800080001120411440100ff09000409a5e46f
[2021-10-24 16:06:39,385] [INFO] [server.transmit] -> response(33): 0300002102f080320700000000000c000400011208128401010000d4010a000000
[2021-10-24 16:06:39,506] [INFO] [base._test_info] -> Current test: 25
[2021-10-24 16:06:39,509] [INFO] [server.transmit] -> request(22): 0300001611e00000000100c0010ac1020100c2020200
[2021-10-24 16:06:39,513] [INFO] [server.transmit] -> response(22): 0300001611d00001000e00c0010ac1020100c2020200
[2021-10-24 16:06:39,516] [INFO] [server.transmit] -> request(25): 0300001902f08032010000000000080000f0000001000101e0
[2021-10-24 16:06:39,562] [INFO] [server.transmit] -> response(27): 0300001b02f080320300000000000800000000f0000001000100f0
[2021-10-24 16:06:39,563] [INFO] [server.transmit] -> request(33): 0300002102f080320700000000000800080001120411440100ff090004bd69961d
[2021-10-24 16:06:39,575] [INFO] [server.transmit] -> response(33): 0300002102f080320700000000000c000400011208128401010000d4010a000000
[2021-10-24 16:06:39,688] [INFO] [base._test_info] -> Current test: 26
[2021-10-24 16:06:39,690] [INFO] [server.transmit] -> request(22): 0300001611e00000000100c0010ac1020100c2020200
[2021-10-24 16:06:39,694] [INFO] [server.transmit] -> response(22): 0300001611d00001000700c0010ac1020100c2020200
[2021-10-24 16:06:39,697] [INFO] [server.transmit] -> request(25): 0300001902f08032010000000000080000f0000001000101e0
[2021-10-24 16:06:39,742] [INFO] [server.transmit] -> response(27): 0300001b02f080320300000000000800000000f0000001000100f0
[2021-10-24 16:06:39,743] [INFO] [server.transmit] -> request(33): 0300002102f080320700000000000800080001120411440100ff0900044e009de4
[2021-10-24 16:06:39,752] [INFO] [server.transmit] -> response(33): 0300002102f080320700000000000c000400011208128401010000d4010a000000
[2021-10-24 16:06:39,871] [INFO] [base._test_info] -> Current test: 27
[2021-10-24 16:06:39,872] [INFO] [server.transmit] -> request(22): 0300001611e00000000100c0010ac1020100c2020200
[2021-10-24 16:06:39,878] [INFO] [server.transmit] -> response(22): 0300001611d00001000e00c0010ac1020100c2020200
[2021-10-24 16:06:39,878] [INFO] [server.transmit] -> request(25): 0300001902f08032010000000000080000f0000001000101e0
[2021-10-24 16:06:39,927] [INFO] [server.transmit] -> response(27): 0300001b02f080320300000000000800000000f0000001000100f0
[2021-10-24 16:06:39,930] [INFO] [server.transmit] -> request(33): 0300002102f080320700000000000800080001120411440100ff09000430fc628a
[2021-10-24 16:06:39,940] [INFO] [server.transmit] -> response(33): 0300002102f080320700000000000c000400011208128401010000d4010a000000
[2021-10-24 16:06:40,056] [INFO] [base._test_info] -> Current test: 28
[2021-10-24 16:06:40,061] [INFO] [server.transmit] -> request(22): 0300001611e00000000100c0010ac1020100c2020200
[2021-10-24 16:06:40,065] [INFO] [server.transmit] -> response(22): 0300001611d00001000700c0010ac1020100c2020200
[2021-10-24 16:06:40,066] [INFO] [server.transmit] -> request(25): 0300001902f08032010000000000080000f0000001000101e0
[2021-10-24 16:06:40,112] [INFO] [server.transmit] -> response(27): 0300001b02f080320300000000000800000000f0000001000100f0
[2021-10-24 16:06:40,115] [INFO] [server.transmit] -> request(33): 0300002102f080320700000000000800080001120411440100ff0900045a62cd79
[2021-10-24 16:06:40,124] [INFO] [server.transmit] -> response(33): 0300002102f080320700000000000c000400011208128401010000d4010a000000
[2021-10-24 16:06:40,240] [INFO] [base._test_info] -> Current test: 29
[2021-10-24 16:06:40,243] [INFO] [server.transmit] -> request(22): 0300001611e00000000100c0010ac1020100c2020200
[2021-10-24 16:06:40,247] [INFO] [server.transmit] -> response(22): 0300001611d00001000e00c0010ac1020100c2020200
[2021-10-24 16:06:40,250] [INFO] [server.transmit] -> request(25): 0300001902f08032010000000000080000f0000001000101e0
[2021-10-24 16:06:40,298] [INFO] [server.transmit] -> response(27): 0300001b02f080320300000000000800000000f0000001000100f0
[2021-10-24 16:06:40,301] [INFO] [server.transmit] -> request(33): 0300002102f080320700000000000800080001120411440100ff0900044b44e541
[2021-10-24 16:06:40,309] [INFO] [server.transmit] -> response(33): 0300002102f080320700000000000c000400011208128401010000d4010a000000
[2021-10-24 16:06:40,426] [INFO] [base._test_info] -> Current test: 30
[2021-10-24 16:06:40,427] [INFO] [server.transmit] -> request(22): 0300001611e00000000100c0010ac1020100c2020200
[2021-10-24 16:06:40,431] [INFO] [server.transmit] -> response(22): 0300001611d00001000700c0010ac1020100c2020200
[2021-10-24 16:06:40,434] [INFO] [server.transmit] -> request(25): 0300001902f08032010000000000080000f0000001000101e0
[2021-10-24 16:06:40,482] [INFO] [server.transmit] -> response(27): 0300001b02f080320300000000000800000000f0000001000100f0
[2021-10-24 16:06:40,484] [INFO] [server.transmit] -> request(33): 0300002102f080320700000000000800080001120411440100ff090004be41a5d7
[2021-10-24 16:06:40,496] [INFO] [server.transmit] -> response(33): 0300002102f080320700000000000c000400011208128401010000d4010a000000
[2021-10-24 16:06:40,611] [INFO] [base._test_info] -> Current test: 31
[2021-10-24 16:06:40,614] [INFO] [server.transmit] -> request(22): 0300001611e00000000100c0010ac1020100c2020200
[2021-10-24 16:06:40,618] [INFO] [server.transmit] -> response(22): 0300001611d00001000e00c0010ac1020100c2020200
[2021-10-24 16:06:40,621] [INFO] [server.transmit] -> request(25): 0300001902f08032010000000000080000f0000001000101e0
[2021-10-24 16:06:40,667] [INFO] [server.transmit] -> response(27): 0300001b02f080320300000000000800000000f0000001000100f0
[2021-10-24 16:06:40,670] [INFO] [server.transmit] -> request(33): 0300002102f080320700000000000800080001120411440100ff0900049c10f8ef
[2021-10-24 16:06:40,681] [INFO] [server.transmit] -> response(33): 0300002102f080320700000000000c000400011208128401010000d4010a000000
[2021-10-24 16:06:40,795] [INFO] [base._test_info] -> Current test: 32
[2021-10-24 16:06:40,798] [INFO] [server.transmit] -> request(22): 0300001611e00000000100c0010ac1020100c2020200
[2021-10-24 16:06:40,802] [INFO] [server.transmit] -> response(22): 0300001611d00001000700c0010ac1020100c2020200
[2021-10-24 16:06:40,805] [INFO] [server.transmit] -> request(25): 0300001902f08032010000000000080000f0000001000101e0
