[2021-09-13 16:54:53,300] [INFO] [base._load_session] -> No session loaded
[2021-09-13 16:54:53,303] [INFO] [base._start_message] -> 
                 --------------------------------------------------
                 Starting fuzzing session
                 Target: TcpTarget
                 UI: WebInterface listening on 127.0.0.1:26011
                 Log: ./kittylogs/kitty_20210913-165452.log

                 Total possible mutation count: 361
                 --------------------------------------------------
                                 Happy hacking
                 --------------------------------------------------
            
[2021-09-13 16:54:53,304] [INFO] [base.start] -> Performing environment test
[2021-09-13 16:54:53,311] [INFO] [base._test_info] -> Current test: -1
[2021-09-13 16:54:53,312] [INFO] [server.transmit] -> request(28): 474554202f696e6465782e68746d6c20485454502f312e310d0a0d0a
[2021-09-13 16:54:53,312] [INFO] [server._start] -> should keep running? True
[2021-09-13 16:54:53,314] [INFO] [base._test_info] -> Current test: 0
[2021-09-13 16:54:53,314] [INFO] [server.transmit] -> request(39): 474554202f696e6465782e68746d6c2f696e6465782e68746d6c20485454502f312e310d0a0d0a
[2021-09-13 16:54:53,316] [INFO] [base._test_info] -> Current test: 1
[2021-09-13 16:54:53,317] [INFO] [server.transmit] -> request(127): 474554202f696e6465782e68746d6c2f696e6465782e68746d6c2f696e6465782e68746d6c2f696e6465782e68746d6c2f69 ...
[2021-09-13 16:54:53,319] [INFO] [base._test_info] -> Current test: 2
[2021-09-13 16:54:53,319] [INFO] [server.transmit] -> request(1117): 474554202f696e6465782e68746d6c2f696e6465782e68746d6c2f696e6465782e68746d6c2f696e6465782e68746d6c2f69 ...
[2021-09-13 16:54:53,321] [INFO] [base._test_info] -> Current test: 3
[2021-09-13 16:54:53,322] [INFO] [server.transmit] -> request(29): 474554202f696e6465782e68746d6cfe20485454502f312e310d0a0d0a
[2021-09-13 16:54:53,325] [INFO] [base._test_info] -> Current test: 4
[2021-09-13 16:54:53,325] [INFO] [server.transmit] -> request(29): 47455420002f696e6465782e68746d6c20485454502f312e310d0a0d0a
[2021-09-13 16:54:53,327] [INFO] [base._test_info] -> Current test: 5
[2021-09-13 16:54:53,328] [INFO] [server.transmit] -> request(29): 474554202f696e646500782e68746d6c20485454502f312e310d0a0d0a
[2021-09-13 16:54:53,330] [INFO] [base._test_info] -> Current test: 6
[2021-09-13 16:54:53,330] [INFO] [server.transmit] -> request(29): 474554202f696e6465782e68746d6c0020485454502f312e310d0a0d0a
[2021-09-13 16:54:53,332] [INFO] [base._test_info] -> Current test: 7
[2021-09-13 16:54:53,332] [INFO] [server.transmit] -> request(17): 4745542020485454502f312e310d0a0d0a
[2021-09-13 16:54:53,335] [INFO] [base._test_info] -> Current test: 8
[2021-09-13 16:54:53,336] [INFO] [server.transmit] -> request(2065): 4745542025732573257325732573257325732573257325732573257325732573257325732573257325732573257325732573 ...
[2021-09-13 16:54:53,337] [INFO] [base._test_info] -> Current test: 9
[2021-09-13 16:54:53,338] [INFO] [server.transmit] -> request(273): 4745542025732573257325732573257325732573257325732573257325732573257325732573257325732573257325732573 ...
[2021-09-13 16:54:53,340] [INFO] [base._test_info] -> Current test: 10
[2021-09-13 16:54:53,341] [INFO] [server.transmit] -> request(49): 47455420257325732573257325732573257325732573257325732573257325732573257320485454502f312e310d0a0d0a
[2021-09-13 16:54:53,343] [INFO] [base._test_info] -> Current test: 11
[2021-09-13 16:54:53,343] [INFO] [server.transmit] -> request(21): 474554202573257320485454502f312e310d0a0d0a
[2021-09-13 16:54:53,345] [INFO] [base._test_info] -> Current test: 12
[2021-09-13 16:54:53,346] [INFO] [server.transmit] -> request(3089): 4745542025257325257325257325257325257325257325257325257325257325257325257325257325257325257325257325 ...
[2021-09-13 16:54:53,348] [INFO] [base._test_info] -> Current test: 13
[2021-09-13 16:54:53,348] [INFO] [server.transmit] -> request(401): 4745542025257325257325257325257325257325257325257325257325257325257325257325257325257325257325257325 ...
[2021-09-13 16:54:53,349] [INFO] [base._test_info] -> Current test: 14
[2021-09-13 16:54:53,350] [INFO] [server.transmit] -> request(65): 4745542025257325257325257325257325257325257325257325257325257325257325257325257325257325257325257325 ...
[2021-09-13 16:54:53,351] [INFO] [base._test_info] -> Current test: 15
[2021-09-13 16:54:53,352] [INFO] [server.transmit] -> request(23): 4745542025257325257320485454502f312e310d0a0d0a
[2021-09-13 16:54:53,354] [INFO] [base._test_info] -> Current test: 16
[2021-09-13 16:54:53,355] [INFO] [server.transmit] -> request(4113): 4745542022257322222573222225732222257322222573222225732222257322222573222225732222257322222573222225 ...
[2021-09-13 16:54:53,358] [INFO] [base._test_info] -> Current test: 17
[2021-09-13 16:54:53,358] [INFO] [server.transmit] -> request(529): 4745542022257322222573222225732222257322222573222225732222257322222573222225732222257322222573222225 ...
[2021-09-13 16:54:53,360] [INFO] [base._test_info] -> Current test: 18
[2021-09-13 16:54:53,361] [INFO] [server.transmit] -> request(81): 4745542022257322222573222225732222257322222573222225732222257322222573222225732222257322222573222225 ...
[2021-09-13 16:54:53,362] [INFO] [base._test_info] -> Current test: 19
[2021-09-13 16:54:53,363] [INFO] [server.transmit] -> request(25): 47455420222573222225732220485454502f312e310d0a0d0a
[2021-09-13 16:54:53,365] [INFO] [base._test_info] -> Current test: 20
[2021-09-13 16:54:53,365] [INFO] [server.transmit] -> request(2065): 47455420256e256e256e256e256e256e256e256e256e256e256e256e256e256e256e256e256e256e256e256e256e256e256e ...
[2021-09-13 16:54:53,367] [INFO] [base._test_info] -> Current test: 21
[2021-09-13 16:54:53,367] [INFO] [server.transmit] -> request(273): 47455420256e256e256e256e256e256e256e256e256e256e256e256e256e256e256e256e256e256e256e256e256e256e256e ...
[2021-09-13 16:54:53,369] [INFO] [base._test_info] -> Current test: 22
[2021-09-13 16:54:53,369] [INFO] [server.transmit] -> request(49): 47455420256e256e256e256e256e256e256e256e256e256e256e256e256e256e256e256e20485454502f312e310d0a0d0a
[2021-09-13 16:54:53,371] [INFO] [base._test_info] -> Current test: 23
[2021-09-13 16:54:53,371] [INFO] [server.transmit] -> request(21): 47455420256e256e20485454502f312e310d0a0d0a
[2021-09-13 16:54:53,374] [INFO] [base._test_info] -> Current test: 24
[2021-09-13 16:54:53,375] [INFO] [server.transmit] -> request(3089): 4745542025256e25256e25256e25256e25256e25256e25256e25256e25256e25256e25256e25256e25256e25256e25256e25 ...
[2021-09-13 16:54:53,377] [INFO] [base._test_info] -> Current test: 25
[2021-09-13 16:54:53,377] [INFO] [server.transmit] -> request(401): 4745542025256e25256e25256e25256e25256e25256e25256e25256e25256e25256e25256e25256e25256e25256e25256e25 ...
[2021-09-13 16:54:53,379] [INFO] [base._test_info] -> Current test: 26
[2021-09-13 16:54:53,380] [INFO] [server.transmit] -> request(65): 4745542025256e25256e25256e25256e25256e25256e25256e25256e25256e25256e25256e25256e25256e25256e25256e25 ...
[2021-09-13 16:54:53,382] [INFO] [base._test_info] -> Current test: 27
[2021-09-13 16:54:53,383] [INFO] [server.transmit] -> request(23): 4745542025256e25256e20485454502f312e310d0a0d0a
[2021-09-13 16:54:53,385] [INFO] [base._test_info] -> Current test: 28
[2021-09-13 16:54:53,386] [INFO] [server.transmit] -> request(4113): 4745542022256e2222256e2222256e2222256e2222256e2222256e2222256e2222256e2222256e2222256e2222256e222225 ...
[2021-09-13 16:54:53,388] [INFO] [base._test_info] -> Current test: 29
[2021-09-13 16:54:53,389] [INFO] [server.transmit] -> request(529): 4745542022256e2222256e2222256e2222256e2222256e2222256e2222256e2222256e2222256e2222256e2222256e222225 ...
[2021-09-13 16:54:53,392] [INFO] [base._test_info] -> Current test: 30
[2021-09-13 16:54:53,392] [INFO] [server.transmit] -> request(81): 4745542022256e2222256e2222256e2222256e2222256e2222256e2222256e2222256e2222256e2222256e2222256e222225 ...
[2021-09-13 16:54:53,394] [INFO] [base._test_info] -> Current test: 31
[2021-09-13 16:54:53,394] [INFO] [server.transmit] -> request(25): 4745542022256e2222256e2220485454502f312e310d0a0d0a
[2021-09-13 16:54:53,396] [INFO] [base._test_info] -> Current test: 32
[2021-09-13 16:54:53,396] [INFO] [server.transmit] -> request(31): 47455420252e31363730357525325c24686e20485454502f312e310d0a0d0a
[2021-09-13 16:54:53,398] [INFO] [base._test_info] -> Current test: 33
[2021-09-13 16:54:53,399] [INFO] [server.transmit] -> request(2065): 474554200d0a0d0a0d0a0d0a0d0a0d0a0d0a0d0a0d0a0d0a0d0a0d0a0d0a0d0a0d0a0d0a0d0a0d0a0d0a0d0a0d0a0d0a0d0a ...
[2021-09-13 16:54:53,400] [INFO] [base._test_info] -> Current test: 34
[2021-09-13 16:54:53,401] [INFO] [server.transmit] -> request(273): 474554200d0a0d0a0d0a0d0a0d0a0d0a0d0a0d0a0d0a0d0a0d0a0d0a0d0a0d0a0d0a0d0a0d0a0d0a0d0a0d0a0d0a0d0a0d0a ...
[2021-09-13 16:54:53,402] [INFO] [base._test_info] -> Current test: 35
[2021-09-13 16:54:53,402] [INFO] [server.transmit] -> request(49): 474554200d0a0d0a0d0a0d0a0d0a0d0a0d0a0d0a0d0a0d0a0d0a0d0a0d0a0d0a0d0a0d0a20485454502f312e310d0a0d0a
[2021-09-13 16:54:53,404] [INFO] [base._test_info] -> Current test: 36
[2021-09-13 16:54:53,404] [INFO] [server.transmit] -> request(21): 474554200d0a0d0a20485454502f312e310d0a0d0a
[2021-09-13 16:54:53,408] [INFO] [base._test_info] -> Current test: 37
[2021-09-13 16:54:53,408] [INFO] [server.transmit] -> request(1041): 474554200a0a0a0a0a0a0a0a0a0a0a0a0a0a0a0a0a0a0a0a0a0a0a0a0a0a0a0a0a0a0a0a0a0a0a0a0a0a0a0a0a0a0a0a0a0a ...
[2021-09-13 16:54:53,410] [INFO] [base._test_info] -> Current test: 38
[2021-09-13 16:54:53,411] [INFO] [server.transmit] -> request(145): 474554200a0a0a0a0a0a0a0a0a0a0a0a0a0a0a0a0a0a0a0a0a0a0a0a0a0a0a0a0a0a0a0a0a0a0a0a0a0a0a0a0a0a0a0a0a0a ...
[2021-09-13 16:54:53,412] [INFO] [base._test_info] -> Current test: 39
[2021-09-13 16:54:53,412] [INFO] [server.transmit] -> request(33): 474554200a0a0a0a0a0a0a0a0a0a0a0a0a0a0a0a20485454502f312e310d0a0d0a
[2021-09-13 16:54:53,414] [INFO] [base._test_info] -> Current test: 40
[2021-09-13 16:54:53,414] [INFO] [server.transmit] -> request(19): 474554200a0a20485454502f312e310d0a0d0a
[2021-09-13 16:54:53,416] [INFO] [base._test_info] -> Current test: 41
[2021-09-13 16:54:53,417] [INFO] [server.transmit] -> request(4113): 47455420deadbeefdeadbeefdeadbeefdeadbeefdeadbeefdeadbeefdeadbeefdeadbeefdeadbeefdeadbeefdeadbeefdead ...
[2021-09-13 16:54:53,419] [INFO] [base._test_info] -> Current test: 42
[2021-09-13 16:54:53,419] [INFO] [server.transmit] -> request(529): 47455420deadbeefdeadbeefdeadbeefdeadbeefdeadbeefdeadbeefdeadbeefdeadbeefdeadbeefdeadbeefdeadbeefdead ...
[2021-09-13 16:54:53,421] [INFO] [base._test_info] -> Current test: 43
[2021-09-13 16:54:53,421] [INFO] [server.transmit] -> request(81): 47455420deadbeefdeadbeefdeadbeefdeadbeefdeadbeefdeadbeefdeadbeefdeadbeefdeadbeefdeadbeefdeadbeefdead ...
[2021-09-13 16:54:53,423] [INFO] [base._test_info] -> Current test: 44
[2021-09-13 16:54:53,424] [INFO] [server.transmit] -> request(25): 47455420deadbeefdeadbeef20485454502f312e310d0a0d0a
[2021-09-13 16:54:53,426] [INFO] [base._test_info] -> Current test: 45
[2021-09-13 16:54:53,427] [INFO] [server.transmit] -> request(34): 474554207c746f756368202f746d702f4b4954545920485454502f312e310d0a0d0a
[2021-09-13 16:54:53,428] [INFO] [base._test_info] -> Current test: 46
[2021-09-13 16:54:53,428] [INFO] [server.transmit] -> request(35): 474554203b746f756368202f746d702f4b495454593b20485454502f312e310d0a0d0a
[2021-09-13 16:54:53,430] [INFO] [base._test_info] -> Current test: 47
[2021-09-13 16:54:53,430] [INFO] [server.transmit] -> request(31): 474554203b6c733e2f746d702f4b4954545920485454502f312e310d0a0d0a
[2021-09-13 16:54:53,432] [INFO] [base._test_info] -> Current test: 48
[2021-09-13 16:54:53,432] [INFO] [server.transmit] -> request(46): 47455420223b6c733e2f746d702f4b495454593b6c733e2f6465762f6e756c6c2220485454502f312e310d0a0d0a
[2021-09-13 16:54:53,434] [INFO] [base._test_info] -> Current test: 49
[2021-09-13 16:54:53,434] [INFO] [server.transmit] -> request(47): 47455420273b6c733e2f746d702f4b495454593b6c733e272f6465762f6e756c6c2720485454502f312e310d0a0d0a
[2021-09-13 16:54:53,436] [INFO] [base._test_info] -> Current test: 50
[2021-09-13 16:54:53,436] [INFO] [server.transmit] -> request(32): 47455420606c733e2f746d702f4b495454596020485454502f312e310d0a0d0a
[2021-09-13 16:54:53,437] [INFO] [base._test_info] -> Current test: 51
[2021-09-13 16:54:53,438] [INFO] [server.transmit] -> request(33): 4745542020606c733e2f746d702f4b495454596020485454502f312e310d0a0d0a
[2021-09-13 16:54:53,440] [INFO] [base._test_info] -> Current test: 52
[2021-09-13 16:54:53,441] [INFO] [server.transmit] -> request(25): 474554207c6e6f746570616420485454502f312e310d0a0d0a
[2021-09-13 16:54:53,443] [INFO] [base._test_info] -> Current test: 53
[2021-09-13 16:54:53,443] [INFO] [server.transmit] -> request(26): 474554203b6e6f74657061643b20485454502f312e310d0a0d0a
[2021-09-13 16:54:53,445] [INFO] [base._test_info] -> Current test: 54
[2021-09-13 16:54:53,445] [INFO] [server.transmit] -> request(26): 474554200a6e6f74657061640a20485454502f312e310d0a0d0a
[2021-09-13 16:54:53,446] [INFO] [base._test_info] -> Current test: 55
[2021-09-13 16:54:53,447] [INFO] [server.transmit] -> request(28): 4745542027206f7220313d31202d2d20485454502f312e310d0a0d0a
[2021-09-13 16:54:53,448] [INFO] [base._test_info] -> Current test: 56
[2021-09-13 16:54:53,448] [INFO] [server.transmit] -> request(34): 47455420273b20646573632075736572733b202d2d20485454502f312e310d0a0d0a
[2021-09-13 16:54:53,450] [INFO] [base._test_info] -> Current test: 57
[2021-09-13 16:54:53,450] [INFO] [server.transmit] -> request(58): 4745542027206f7220757365726e616d65206973206e6f74204e554c4c206f7220757365726e616d65203d20272048545450 ...
[2021-09-13 16:54:53,452] [INFO] [base._test_info] -> Current test: 58
[2021-09-13 16:54:53,452] [INFO] [server.transmit] -> request(89): 474554203120756e696f6e20616c6c2073656c65637420312c322c332c342c352c362c6e616d652066726f6d207379736f62 ...
[2021-09-13 16:54:53,454] [INFO] [base._test_info] -> Current test: 59
[2021-09-13 16:54:53,454] [INFO] [server.transmit] -> request(28): 4745542060206f72206031603d603120485454502f312e310d0a0d0a
[2021-09-13 16:54:53,455] [INFO] [base._test_info] -> Current test: 60
[2021-09-13 16:54:53,456] [INFO] [server.transmit] -> request(28): 4745542027206f72202731273d273120485454502f312e310d0a0d0a
[2021-09-13 16:54:53,458] [INFO] [base._test_info] -> Current test: 61
[2021-09-13 16:54:53,458] [INFO] [server.transmit] -> request(19): 47455420414120485454502f312e310d0a0d0a
[2021-09-13 16:54:53,460] [INFO] [base._test_info] -> Current test: 62
[2021-09-13 16:54:53,460] [INFO] [server.transmit] -> request(27): 474554204141414141414141414120485454502f312e310d0a0d0a
[2021-09-13 16:54:53,462] [INFO] [base._test_info] -> Current test: 63
[2021-09-13 16:54:53,462] [INFO] [server.transmit] -> request(117): 4745542041414141414141414141414141414141414141414141414141414141414141414141414141414141414141414141 ...
[2021-09-13 16:54:53,464] [INFO] [base._test_info] -> Current test: 64
[2021-09-13 16:54:53,465] [INFO] [server.transmit] -> request(1017): 4745542041414141414141414141414141414141414141414141414141414141414141414141414141414141414141414141 ...
[2021-09-13 16:54:53,468] [INFO] [base._test_info] -> Current test: 65
[2021-09-13 16:54:53,469] [INFO] [server.transmit] -> request(5017): 4745542041414141414141414141414141414141414141414141414141414141414141414141414141414141414141414141 ...
[2021-09-13 16:54:53,472] [INFO] [base._test_info] -> Current test: 66
[2021-09-13 16:54:53,474] [INFO] [server.transmit] -> request(10017): 4745542041414141414141414141414141414141414141414141414141414141414141414141414141414141414141414141 ...
[2021-09-13 16:54:53,476] [INFO] [base._test_info] -> Current test: 67
[2021-09-13 16:54:53,476] [INFO] [server.transmit] -> request(28): 474554202f6574632f70617373776420485454502f312e310d0a0d0a
[2021-09-13 16:54:53,478] [INFO] [base._test_info] -> Current test: 68
[2021-09-13 16:54:53,478] [INFO] [server.transmit] -> request(71): 474554202e2f2e2e2f2e2e2f2e2e2f2e2e2f2e2e2f2e2e2f2e2e2f2e2e2f2e2e2f2e2e2f2e2e2f2e2e2f2e2e2f2e2e2f6574 ...
[2021-09-13 16:54:53,480] [INFO] [base._test_info] -> Current test: 69
[2021-09-13 16:54:53,480] [INFO] [server.transmit] -> request(69): 474554202e2e2f2e2e2f2e2e2f2e2e2f2e2e2f2e2e2f2e2e2f2e2e2f2e2e2f2e2e2f2e2e2f2e2e2f2e2e2f2e2e2f6574632f ...
[2021-09-13 16:54:53,482] [INFO] [base._test_info] -> Current test: 70
[2021-09-13 16:54:53,482] [INFO] [server.transmit] -> request(30): 474554202f70726f632f637075696e666f20485454502f312e310d0a0d0a
[2021-09-13 16:54:53,484] [INFO] [base._test_info] -> Current test: 71
[2021-09-13 16:54:53,484] [INFO] [server.transmit] -> request(73): 474554202e2f2e2e2f2e2e2f2e2e2f2e2e2f2e2e2f2e2e2f2e2e2f2e2e2f2e2e2f2e2e2f2e2e2f2e2e2f2e2e2f2e2e2f7072 ...
[2021-09-13 16:54:53,485] [INFO] [base._test_info] -> Current test: 72
[2021-09-13 16:54:53,486] [INFO] [server.transmit] -> request(71): 474554202e2e2f2e2e2f2e2e2f2e2e2f2e2e2f2e2e2f2e2e2f2e2e2f2e2e2f2e2e2f2e2e2f2e2e2f2e2e2f2e2e2f70726f63 ...
[2021-09-13 16:54:53,487] [INFO] [base._test_info] -> Current test: 73
[2021-09-13 16:54:53,488] [INFO] [server.transmit] -> request(27): 474554207e2f2e70726f66696c6520485454502f312e310d0a0d0a
[2021-09-13 16:54:53,491] [INFO] [base._test_info] -> Current test: 74
[2021-09-13 16:54:53,491] [INFO] [server.transmit] -> request(31): 4745542024484f4d452f2e70726f66696c6520485454502f312e310d0a0d0a
[2021-09-13 16:54:53,493] [INFO] [base._test_info] -> Current test: 75
[2021-09-13 16:54:53,493] [INFO] [server.transmit] -> request(62): 474554202f2e2e2f2e2e2f2e2e2f2e2e2f2e2e2f2e2e2f2e2e2f2e2e2f2e2e2f2e2e2f2e2e2f2e2e2f626f6f742e696e6920 ...
[2021-09-13 16:54:53,495] [INFO] [base._test_info] -> Current test: 76
[2021-09-13 16:54:53,495] [INFO] [server.transmit] -> request(1041): 474554202f5c2f5c2f5c2f5c2f5c2f5c2f5c2f5c2f5c2f5c2f5c2f5c2f5c2f5c2f5c2f5c2f5c2f5c2f5c2f5c2f5c2f5c2f5c ...
[2021-09-13 16:54:53,497] [INFO] [base._test_info] -> Current test: 77
[2021-09-13 16:54:53,497] [INFO] [server.transmit] -> request(145): 474554202f5c2f5c2f5c2f5c2f5c2f5c2f5c2f5c2f5c2f5c2f5c2f5c2f5c2f5c2f5c2f5c2f5c2f5c2f5c2f5c2f5c2f5c2f5c ...
[2021-09-13 16:54:53,499] [INFO] [base._test_info] -> Current test: 78
[2021-09-13 16:54:53,499] [INFO] [server.transmit] -> request(33): 474554202f5c2f5c2f5c2f5c2f5c2f5c2f5c2f5c20485454502f312e310d0a0d0a
[2021-09-13 16:54:53,501] [INFO] [base._test_info] -> Current test: 79
[2021-09-13 16:54:53,501] [INFO] [server.transmit] -> request(1041): 474554202f2e2f2e2f2e2f2e2f2e2f2e2f2e2f2e2f2e2f2e2f2e2f2e2f2e2f2e2f2e2f2e2f2e2f2e2f2e2f2e2f2e2f2e2f2e ...
[2021-09-13 16:54:53,503] [INFO] [base._test_info] -> Current test: 80
[2021-09-13 16:54:53,503] [INFO] [server.transmit] -> request(145): 474554202f2e2f2e2f2e2f2e2f2e2f2e2f2e2f2e2f2e2f2e2f2e2f2e2f2e2f2e2f2e2f2e2f2e2f2e2f2e2f2e2f2e2f2e2f2e ...
[2021-09-13 16:54:53,504] [INFO] [base._test_info] -> Current test: 81
[2021-09-13 16:54:53,505] [INFO] [server.transmit] -> request(33): 474554202f2e2f2e2f2e2f2e2f2e2f2e2f2e2f2e20485454502f312e310d0a0d0a
[2021-09-13 16:54:53,508] [INFO] [base._test_info] -> Current test: 82
[2021-09-13 16:54:53,508] [INFO] [server.transmit] -> request(46): 474554202140232425255e2324252324402324252424402324255e5e2a2a28282920485454502f312e310d0a0d0a
[2021-09-13 16:54:53,510] [INFO] [base._test_info] -> Current test: 83
[2021-09-13 16:54:53,510] [INFO] [server.transmit] -> request(42): 474554202530312530322530332530342530612530642530614144534620485454502f312e310d0a0d0a
[2021-09-13 16:54:53,511] [INFO] [base._test_info] -> Current test: 84
[2021-09-13 16:54:53,512] [INFO] [server.transmit] -> request(43): 47455420253031253032253033402530342530612530642530614144534620485454502f312e310d0a0d0a
[2021-09-13 16:54:53,513] [INFO] [base._test_info] -> Current test: 85
[2021-09-13 16:54:53,513] [INFO] [server.transmit] -> request(22): 474554202f2530302f20485454502f312e310d0a0d0a
[2021-09-13 16:54:53,515] [INFO] [base._test_info] -> Current test: 86
[2021-09-13 16:54:53,515] [INFO] [server.transmit] -> request(21): 474554202530302f20485454502f312e310d0a0d0a
[2021-09-13 16:54:53,517] [INFO] [base._test_info] -> Current test: 87
[2021-09-13 16:54:53,517] [INFO] [server.transmit] -> request(20): 4745542025303020485454502f312e310d0a0d0a
[2021-09-13 16:54:53,519] [INFO] [base._test_info] -> Current test: 88
[2021-09-13 16:54:53,519] [INFO] [server.transmit] -> request(23): 4745542025753030303020485454502f312e310d0a0d0a
[2021-09-13 16:54:53,521] [INFO] [base._test_info] -> Current test: 89
[2021-09-13 16:54:53,521] [INFO] [server.transmit] -> request(209): 4745542025fef02501ff25fef02501ff25fef02501ff25fef02501ff25fef02501ff25fef02501ff25fef02501ff25fef025 ...
[2021-09-13 16:54:53,524] [INFO] [base._test_info] -> Current test: 90
[2021-09-13 16:54:53,525] [INFO] [server.transmit] -> request(41): 4745542025fef02501ff25fef02501ff25fef02501ff25fef02501ff20485454502f312e310d0a0d0a
[2021-09-13 16:54:53,527] [INFO] [base._test_info] -> Current test: 91
[2021-09-13 16:54:53,527] [INFO] [server.transmit] -> request(29): 474554202f696e6465782e68746d6c2020485454502f312e310d0a0d0a
[2021-09-13 16:54:53,529] [INFO] [base._test_info] -> Current test: 92
[2021-09-13 16:54:53,529] [INFO] [server.transmit] -> request(37): 474554202f696e6465782e68746d6c20202020202020202020485454502f312e310d0a0d0a
[2021-09-13 16:54:53,531] [INFO] [base._test_info] -> Current test: 93
[2021-09-13 16:54:53,531] [INFO] [server.transmit] -> request(127): 474554202f696e6465782e68746d6c2020202020202020202020202020202020202020202020202020202020202020202020 ...
[2021-09-13 16:54:53,532] [INFO] [base._test_info] -> Current test: 94
[2021-09-13 16:54:53,533] [INFO] [server.transmit] -> request(29): 474554202f696e6465782e68746d6c20fe485454502f312e310d0a0d0a
[2021-09-13 16:54:53,534] [INFO] [base._test_info] -> Current test: 95
[2021-09-13 16:54:53,535] [INFO] [server.transmit] -> request(29): 474554202f696e6465782e68746d6c0020485454502f312e310d0a0d0a
[2021-09-13 16:54:53,536] [INFO] [base._test_info] -> Current test: 96
[2021-09-13 16:54:53,536] [INFO] [server.transmit] -> request(29): 474554202f696e6465782e68746d6c0020485454502f312e310d0a0d0a
[2021-09-13 16:54:53,538] [INFO] [base._test_info] -> Current test: 97
[2021-09-13 16:54:53,538] [INFO] [server.transmit] -> request(29): 474554202f696e6465782e68746d6c2000485454502f312e310d0a0d0a
[2021-09-13 16:54:53,541] [INFO] [base._test_info] -> Current test: 98
[2021-09-13 16:54:53,541] [INFO] [server.transmit] -> request(31): 474554202f696e6465782e68746d6c20202020485454502f312e310d0a0d0a
[2021-09-13 16:54:53,543] [INFO] [base._test_info] -> Current test: 99
[2021-09-13 16:54:53,544] [INFO] [server.transmit] -> request(31): 474554202f696e6465782e68746d6c09090909485454502f312e310d0a0d0a
[2021-09-13 16:54:53,545] [INFO] [base._test_info] -> Current test: 100
[2021-09-13 16:54:53,545] [INFO] [server.transmit] -> request(31): 474554202f696e6465782e68746d6c21212121485454502f312e310d0a0d0a
[2021-09-13 16:54:53,547] [INFO] [base._test_info] -> Current test: 101
[2021-09-13 16:54:53,547] [INFO] [server.transmit] -> request(31): 474554202f696e6465782e68746d6c40404040485454502f312e310d0a0d0a
[2021-09-13 16:54:53,549] [INFO] [base._test_info] -> Current test: 102
[2021-09-13 16:54:53,549] [INFO] [server.transmit] -> request(31): 474554202f696e6465782e68746d6c23232323485454502f312e310d0a0d0a
[2021-09-13 16:54:53,550] [INFO] [base._test_info] -> Current test: 103
[2021-09-13 16:54:53,551] [INFO] [server.transmit] -> request(31): 474554202f696e6465782e68746d6c24242424485454502f312e310d0a0d0a
[2021-09-13 16:54:53,552] [INFO] [base._test_info] -> Current test: 104
[2021-09-13 16:54:53,552] [INFO] [server.transmit] -> request(31): 474554202f696e6465782e68746d6c25252525485454502f312e310d0a0d0a
[2021-09-13 16:54:53,554] [INFO] [base._test_info] -> Current test: 105
[2021-09-13 16:54:53,554] [INFO] [server.transmit] -> request(31): 474554202f696e6465782e68746d6c5e5e5e5e485454502f312e310d0a0d0a
[2021-09-13 16:54:53,557] [INFO] [base._test_info] -> Current test: 106
[2021-09-13 16:54:53,557] [INFO] [server.transmit] -> request(31): 474554202f696e6465782e68746d6c26262626485454502f312e310d0a0d0a
[2021-09-13 16:54:53,559] [INFO] [base._test_info] -> Current test: 107
[2021-09-13 16:54:53,560] [INFO] [server.transmit] -> request(31): 474554202f696e6465782e68746d6c2a2a2a2a485454502f312e310d0a0d0a
[2021-09-13 16:54:53,561] [INFO] [base._test_info] -> Current test: 108
[2021-09-13 16:54:53,562] [INFO] [server.transmit] -> request(31): 474554202f696e6465782e68746d6c28282828485454502f312e310d0a0d0a
[2021-09-13 16:54:53,563] [INFO] [base._test_info] -> Current test: 109
[2021-09-13 16:54:53,564] [INFO] [server.transmit] -> request(31): 474554202f696e6465782e68746d6c29292929485454502f312e310d0a0d0a
[2021-09-13 16:54:53,565] [INFO] [base._test_info] -> Current test: 110
[2021-09-13 16:54:53,566] [INFO] [server.transmit] -> request(31): 474554202f696e6465782e68746d6c2d2d2d2d485454502f312e310d0a0d0a
[2021-09-13 16:54:53,567] [INFO] [base._test_info] -> Current test: 111
[2021-09-13 16:54:53,567] [INFO] [server.transmit] -> request(31): 474554202f696e6465782e68746d6c5f5f5f5f485454502f312e310d0a0d0a
[2021-09-13 16:54:53,569] [INFO] [base._test_info] -> Current test: 112
[2021-09-13 16:54:53,569] [INFO] [server.transmit] -> request(31): 474554202f696e6465782e68746d6c2b2b2b2b485454502f312e310d0a0d0a
[2021-09-13 16:54:53,571] [INFO] [base._test_info] -> Current test: 113
[2021-09-13 16:54:53,571] [INFO] [server.transmit] -> request(31): 474554202f696e6465782e68746d6c3d3d3d3d485454502f312e310d0a0d0a
[2021-09-13 16:54:53,573] [INFO] [base._test_info] -> Current test: 114
[2021-09-13 16:54:53,574] [INFO] [server.transmit] -> request(31): 474554202f696e6465782e68746d6c3a3a3a3a485454502f312e310d0a0d0a
[2021-09-13 16:54:53,577] [INFO] [base._test_info] -> Current test: 115
[2021-09-13 16:54:53,577] [INFO] [server.transmit] -> request(31): 474554202f696e6465782e68746d6c3b3b3b3b485454502f312e310d0a0d0a
[2021-09-13 16:54:53,579] [INFO] [base._test_info] -> Current test: 116
[2021-09-13 16:54:53,579] [INFO] [server.transmit] -> request(31): 474554202f696e6465782e68746d6c27272727485454502f312e310d0a0d0a
[2021-09-13 16:54:53,581] [INFO] [base._test_info] -> Current test: 117
[2021-09-13 16:54:53,581] [INFO] [server.transmit] -> request(31): 474554202f696e6465782e68746d6c22222222485454502f312e310d0a0d0a
[2021-09-13 16:54:53,582] [INFO] [base._test_info] -> Current test: 118
[2021-09-13 16:54:53,583] [INFO] [server.transmit] -> request(31): 474554202f696e6465782e68746d6c2f2f2f2f485454502f312e310d0a0d0a
[2021-09-13 16:54:53,584] [INFO] [base._test_info] -> Current test: 119
[2021-09-13 16:54:53,585] [INFO] [server.transmit] -> request(31): 474554202f696e6465782e68746d6c5c5c5c5c485454502f312e310d0a0d0a
[2021-09-13 16:54:53,587] [INFO] [base._test_info] -> Current test: 120
[2021-09-13 16:54:53,587] [INFO] [server.transmit] -> request(31): 474554202f696e6465782e68746d6c3f3f3f3f485454502f312e310d0a0d0a
[2021-09-13 16:54:53,590] [INFO] [base._test_info] -> Current test: 121
[2021-09-13 16:54:53,591] [INFO] [server.transmit] -> request(31): 474554202f696e6465782e68746d6c3c3c3c3c485454502f312e310d0a0d0a
[2021-09-13 16:54:53,593] [INFO] [base._test_info] -> Current test: 122
[2021-09-13 16:54:53,594] [INFO] [server.transmit] -> request(31): 474554202f696e6465782e68746d6c3e3e3e3e485454502f312e310d0a0d0a
[2021-09-13 16:54:53,595] [INFO] [base._test_info] -> Current test: 123
[2021-09-13 16:54:53,596] [INFO] [server.transmit] -> request(31): 474554202f696e6465782e68746d6c2e2e2e2e485454502f312e310d0a0d0a
[2021-09-13 16:54:53,597] [INFO] [base._test_info] -> Current test: 124
[2021-09-13 16:54:53,597] [INFO] [server.transmit] -> request(31): 474554202f696e6465782e68746d6c2c2c2c2c485454502f312e310d0a0d0a
[2021-09-13 16:54:53,599] [INFO] [base._test_info] -> Current test: 125
[2021-09-13 16:54:53,610] [INFO] [server.transmit] -> request(31): 474554202f696e6465782e68746d6c0d0d0d0d485454502f312e310d0a0d0a
[2021-09-13 16:54:53,627] [INFO] [base._test_info] -> Current test: 126
[2021-09-13 16:54:53,628] [INFO] [server.transmit] -> request(31): 474554202f696e6465782e68746d6c0a0a0a0a485454502f312e310d0a0d0a
[2021-09-13 16:54:53,630] [INFO] [base._test_info] -> Current test: 127
[2021-09-13 16:54:53,630] [INFO] [server.transmit] -> request(43): 474554202f696e6465782e68746d6c0d0a0d0a0d0a0d0a0d0a0d0a0d0a0d0a485454502f312e310d0a0d0a
[2021-09-13 16:54:53,632] [INFO] [base._test_info] -> Current test: 128
[2021-09-13 16:54:53,632] [INFO] [server.transmit] -> request(51): 474554202f696e6465782e68746d6c090d0a090d0a090d0a090d0a090d0a090d0a090d0a090d0a485454502f312e310d0a0d ...
[2021-09-13 16:54:53,634] [INFO] [base._test_info] -> Current test: 129
[2021-09-13 16:54:53,634] [INFO] [server.transmit] -> request(27): 474554202f696e6465782e68746d6c485454502f312e310d0a0d0a
[2021-09-13 16:54:53,637] [INFO] [base._test_info] -> Current test: 130
[2021-09-13 16:54:53,639] [INFO] [server.transmit] -> request(32): 474554202f696e6465782e68746d6c2048545450485454502f312e310d0a0d0a
[2021-09-13 16:54:53,643] [INFO] [base._test_info] -> Current test: 131
[2021-09-13 16:54:53,644] [INFO] [server.transmit] -> request(64): 474554202f696e6465782e68746d6c2048545450485454504854545048545450485454504854545048545450485454504854 ...
[2021-09-13 16:54:53,646] [INFO] [base._test_info] -> Current test: 132
[2021-09-13 16:54:53,646] [INFO] [server.transmit] -> request(424): 474554202f696e6465782e68746d6c2048545450485454504854545048545450485454504854545048545450485454504854 ...
[2021-09-13 16:54:53,648] [INFO] [base._test_info] -> Current test: 133
[2021-09-13 16:54:53,649] [INFO] [server.transmit] -> request(29): 474554202f696e6465782e68746d6c2048545450fe2f312e310d0a0d0a
[2021-09-13 16:54:53,650] [INFO] [base._test_info] -> Current test: 134
[2021-09-13 16:54:53,650] [INFO] [server.transmit] -> request(29): 474554202f696e6465782e68746d6c2000485454502f312e310d0a0d0a
[2021-09-13 16:54:53,652] [INFO] [base._test_info] -> Current test: 135
[2021-09-13 16:54:53,652] [INFO] [server.transmit] -> request(29): 474554202f696e6465782e68746d6c2048540054502f312e310d0a0d0a
[2021-09-13 16:54:53,654] [INFO] [base._test_info] -> Current test: 136
[2021-09-13 16:54:53,654] [INFO] [server.transmit] -> request(29): 474554202f696e6465782e68746d6c2048545450002f312e310d0a0d0a
[2021-09-13 16:54:53,657] [INFO] [base._test_info] -> Current test: 137
[2021-09-13 16:54:53,657] [INFO] [server.transmit] -> request(24): 474554202f696e6465782e68746d6c202f312e310d0a0d0a
[2021-09-13 16:54:53,660] [INFO] [base._test_info] -> Current test: 138
[2021-09-13 16:54:53,660] [INFO] [server.transmit] -> request(2072): 474554202f696e6465782e68746d6c2025732573257325732573257325732573257325732573257325732573257325732573 ...
[2021-09-13 16:54:53,662] [INFO] [base._test_info] -> Current test: 139
[2021-09-13 16:54:53,662] [INFO] [server.transmit] -> request(280): 474554202f696e6465782e68746d6c2025732573257325732573257325732573257325732573257325732573257325732573 ...
[2021-09-13 16:54:53,664] [INFO] [base._test_info] -> Current test: 140
[2021-09-13 16:54:53,664] [INFO] [server.transmit] -> request(56): 474554202f696e6465782e68746d6c2025732573257325732573257325732573257325732573257325732573257325732f31 ...
[2021-09-13 16:54:53,666] [INFO] [base._test_info] -> Current test: 141
[2021-09-13 16:54:53,666] [INFO] [server.transmit] -> request(28): 474554202f696e6465782e68746d6c20257325732f312e310d0a0d0a
[2021-09-13 16:54:53,668] [INFO] [base._test_info] -> Current test: 142
[2021-09-13 16:54:53,669] [INFO] [server.transmit] -> request(3096): 474554202f696e6465782e68746d6c2025257325257325257325257325257325257325257325257325257325257325257325 ...
[2021-09-13 16:54:53,670] [INFO] [base._test_info] -> Current test: 143
[2021-09-13 16:54:53,671] [INFO] [server.transmit] -> request(408): 474554202f696e6465782e68746d6c2025257325257325257325257325257325257325257325257325257325257325257325 ...
[2021-09-13 16:54:53,673] [INFO] [base._test_info] -> Current test: 144
[2021-09-13 16:54:53,674] [INFO] [server.transmit] -> request(72): 474554202f696e6465782e68746d6c2025257325257325257325257325257325257325257325257325257325257325257325 ...
[2021-09-13 16:54:53,676] [INFO] [base._test_info] -> Current test: 145
[2021-09-13 16:54:53,677] [INFO] [server.transmit] -> request(30): 474554202f696e6465782e68746d6c202525732525732f312e310d0a0d0a
[2021-09-13 16:54:53,679] [INFO] [base._test_info] -> Current test: 146
[2021-09-13 16:54:53,680] [INFO] [server.transmit] -> request(4120): 474554202f696e6465782e68746d6c2022257322222573222225732222257322222573222225732222257322222573222225 ...
[2021-09-13 16:54:53,681] [INFO] [base._test_info] -> Current test: 147
[2021-09-13 16:54:53,682] [INFO] [server.transmit] -> request(536): 474554202f696e6465782e68746d6c2022257322222573222225732222257322222573222225732222257322222573222225 ...
[2021-09-13 16:54:53,683] [INFO] [base._test_info] -> Current test: 148
[2021-09-13 16:54:53,683] [INFO] [server.transmit] -> request(88): 474554202f696e6465782e68746d6c2022257322222573222225732222257322222573222225732222257322222573222225 ...
[2021-09-13 16:54:53,685] [INFO] [base._test_info] -> Current test: 149
[2021-09-13 16:54:53,685] [INFO] [server.transmit] -> request(32): 474554202f696e6465782e68746d6c2022257322222573222f312e310d0a0d0a
[2021-09-13 16:54:53,687] [INFO] [base._test_info] -> Current test: 150
[2021-09-13 16:54:53,688] [INFO] [server.transmit] -> request(2072): 474554202f696e6465782e68746d6c20256e256e256e256e256e256e256e256e256e256e256e256e256e256e256e256e256e ...
[2021-09-13 16:54:53,690] [INFO] [base._test_info] -> Current test: 151
[2021-09-13 16:54:53,691] [INFO] [server.transmit] -> request(280): 474554202f696e6465782e68746d6c20256e256e256e256e256e256e256e256e256e256e256e256e256e256e256e256e256e ...
[2021-09-13 16:54:53,693] [INFO] [base._test_info] -> Current test: 152
[2021-09-13 16:54:53,693] [INFO] [server.transmit] -> request(56): 474554202f696e6465782e68746d6c20256e256e256e256e256e256e256e256e256e256e256e256e256e256e256e256e2f31 ...
[2021-09-13 16:54:53,695] [INFO] [base._test_info] -> Current test: 153
[2021-09-13 16:54:53,695] [INFO] [server.transmit] -> request(28): 474554202f696e6465782e68746d6c20256e256e2f312e310d0a0d0a
[2021-09-13 16:54:53,697] [INFO] [base._test_info] -> Current test: 154
[2021-09-13 16:54:53,698] [INFO] [server.transmit] -> request(3096): 474554202f696e6465782e68746d6c2025256e25256e25256e25256e25256e25256e25256e25256e25256e25256e25256e25 ...
[2021-09-13 16:54:53,699] [INFO] [base._test_info] -> Current test: 155
[2021-09-13 16:54:53,700] [INFO] [server.transmit] -> request(408): 474554202f696e6465782e68746d6c2025256e25256e25256e25256e25256e25256e25256e25256e25256e25256e25256e25 ...
[2021-09-13 16:54:53,701] [INFO] [base._test_info] -> Current test: 156
[2021-09-13 16:54:53,701] [INFO] [server.transmit] -> request(72): 474554202f696e6465782e68746d6c2025256e25256e25256e25256e25256e25256e25256e25256e25256e25256e25256e25 ...
[2021-09-13 16:54:53,703] [INFO] [base._test_info] -> Current test: 157
[2021-09-13 16:54:53,703] [INFO] [server.transmit] -> request(30): 474554202f696e6465782e68746d6c2025256e25256e2f312e310d0a0d0a
[2021-09-13 16:54:53,705] [INFO] [base._test_info] -> Current test: 158
[2021-09-13 16:54:53,707] [INFO] [server.transmit] -> request(4120): 474554202f696e6465782e68746d6c2022256e2222256e2222256e2222256e2222256e2222256e2222256e2222256e222225 ...
[2021-09-13 16:54:53,709] [INFO] [base._test_info] -> Current test: 159
[2021-09-13 16:54:53,710] [INFO] [server.transmit] -> request(536): 474554202f696e6465782e68746d6c2022256e2222256e2222256e2222256e2222256e2222256e2222256e2222256e222225 ...
[2021-09-13 16:54:53,711] [INFO] [base._test_info] -> Current test: 160
[2021-09-13 16:54:53,711] [INFO] [server.transmit] -> request(88): 474554202f696e6465782e68746d6c2022256e2222256e2222256e2222256e2222256e2222256e2222256e2222256e222225 ...
[2021-09-13 16:54:53,713] [INFO] [base._test_info] -> Current test: 161
[2021-09-13 16:54:53,713] [INFO] [server.transmit] -> request(32): 474554202f696e6465782e68746d6c2022256e2222256e222f312e310d0a0d0a
[2021-09-13 16:54:53,715] [INFO] [base._test_info] -> Current test: 162
[2021-09-13 16:54:53,715] [INFO] [server.transmit] -> request(38): 474554202f696e6465782e68746d6c20252e31363730357525325c24686e2f312e310d0a0d0a
[2021-09-13 16:54:53,717] [INFO] [base._test_info] -> Current test: 163
[2021-09-13 16:54:53,717] [INFO] [server.transmit] -> request(2072): 474554202f696e6465782e68746d6c200d0a0d0a0d0a0d0a0d0a0d0a0d0a0d0a0d0a0d0a0d0a0d0a0d0a0d0a0d0a0d0a0d0a ...
[2021-09-13 16:54:53,719] [INFO] [base._test_info] -> Current test: 164
[2021-09-13 16:54:53,719] [INFO] [server.transmit] -> request(280): 474554202f696e6465782e68746d6c200d0a0d0a0d0a0d0a0d0a0d0a0d0a0d0a0d0a0d0a0d0a0d0a0d0a0d0a0d0a0d0a0d0a ...
[2021-09-13 16:54:53,720] [INFO] [base._test_info] -> Current test: 165
[2021-09-13 16:54:53,721] [INFO] [server.transmit] -> request(56): 474554202f696e6465782e68746d6c200d0a0d0a0d0a0d0a0d0a0d0a0d0a0d0a0d0a0d0a0d0a0d0a0d0a0d0a0d0a0d0a2f31 ...
[2021-09-13 16:54:53,723] [INFO] [base._test_info] -> Current test: 166
[2021-09-13 16:54:53,723] [INFO] [server.transmit] -> request(28): 474554202f696e6465782e68746d6c200d0a0d0a2f312e310d0a0d0a
[2021-09-13 16:54:53,726] [INFO] [base._test_info] -> Current test: 167
[2021-09-13 16:54:53,726] [INFO] [server.transmit] -> request(1048): 474554202f696e6465782e68746d6c200a0a0a0a0a0a0a0a0a0a0a0a0a0a0a0a0a0a0a0a0a0a0a0a0a0a0a0a0a0a0a0a0a0a ...
[2021-09-13 16:54:53,728] [INFO] [base._test_info] -> Current test: 168
[2021-09-13 16:54:53,728] [INFO] [server.transmit] -> request(152): 474554202f696e6465782e68746d6c200a0a0a0a0a0a0a0a0a0a0a0a0a0a0a0a0a0a0a0a0a0a0a0a0a0a0a0a0a0a0a0a0a0a ...
[2021-09-13 16:54:53,730] [INFO] [base._test_info] -> Current test: 169
[2021-09-13 16:54:53,730] [INFO] [server.transmit] -> request(40): 474554202f696e6465782e68746d6c200a0a0a0a0a0a0a0a0a0a0a0a0a0a0a0a2f312e310d0a0d0a
[2021-09-13 16:54:53,732] [INFO] [base._test_info] -> Current test: 170
[2021-09-13 16:54:53,732] [INFO] [server.transmit] -> request(26): 474554202f696e6465782e68746d6c200a0a2f312e310d0a0d0a
[2021-09-13 16:54:53,734] [INFO] [base._test_info] -> Current test: 171
[2021-09-13 16:54:53,735] [INFO] [server.transmit] -> request(4120): 474554202f696e6465782e68746d6c20deadbeefdeadbeefdeadbeefdeadbeefdeadbeefdeadbeefdeadbeefdeadbeefdead ...
[2021-09-13 16:54:53,737] [INFO] [base._test_info] -> Current test: 172
[2021-09-13 16:54:53,737] [INFO] [server.transmit] -> request(536): 474554202f696e6465782e68746d6c20deadbeefdeadbeefdeadbeefdeadbeefdeadbeefdeadbeefdeadbeefdeadbeefdead ...
[2021-09-13 16:54:53,739] [INFO] [base._test_info] -> Current test: 173
[2021-09-13 16:54:53,740] [INFO] [server.transmit] -> request(88): 474554202f696e6465782e68746d6c20deadbeefdeadbeefdeadbeefdeadbeefdeadbeefdeadbeefdeadbeefdeadbeefdead ...
[2021-09-13 16:54:53,742] [INFO] [base._test_info] -> Current test: 174
[2021-09-13 16:54:53,743] [INFO] [server.transmit] -> request(32): 474554202f696e6465782e68746d6c20deadbeefdeadbeef2f312e310d0a0d0a
[2021-09-13 16:54:53,744] [INFO] [base._test_info] -> Current test: 175
[2021-09-13 16:54:53,744] [INFO] [server.transmit] -> request(41): 474554202f696e6465782e68746d6c207c746f756368202f746d702f4b495454592f312e310d0a0d0a
[2021-09-13 16:54:53,746] [INFO] [base._test_info] -> Current test: 176
[2021-09-13 16:54:53,746] [INFO] [server.transmit] -> request(42): 474554202f696e6465782e68746d6c203b746f756368202f746d702f4b495454593b2f312e310d0a0d0a
[2021-09-13 16:54:53,748] [INFO] [base._test_info] -> Current test: 177
[2021-09-13 16:54:53,748] [INFO] [server.transmit] -> request(38): 474554202f696e6465782e68746d6c203b6c733e2f746d702f4b495454592f312e310d0a0d0a
[2021-09-13 16:54:53,750] [INFO] [base._test_info] -> Current test: 178
[2021-09-13 16:54:53,750] [INFO] [server.transmit] -> request(53): 474554202f696e6465782e68746d6c20223b6c733e2f746d702f4b495454593b6c733e2f6465762f6e756c6c222f312e310d ...
[2021-09-13 16:54:53,752] [INFO] [base._test_info] -> Current test: 179
[2021-09-13 16:54:53,752] [INFO] [server.transmit] -> request(54): 474554202f696e6465782e68746d6c20273b6c733e2f746d702f4b495454593b6c733e272f6465762f6e756c6c272f312e31 ...
[2021-09-13 16:54:53,753] [INFO] [base._test_info] -> Current test: 180
[2021-09-13 16:54:53,754] [INFO] [server.transmit] -> request(39): 474554202f696e6465782e68746d6c20606c733e2f746d702f4b49545459602f312e310d0a0d0a
[2021-09-13 16:54:53,756] [INFO] [base._test_info] -> Current test: 181
[2021-09-13 16:54:53,756] [INFO] [server.transmit] -> request(40): 474554202f696e6465782e68746d6c2020606c733e2f746d702f4b49545459602f312e310d0a0d0a
[2021-09-13 16:54:53,759] [INFO] [base._test_info] -> Current test: 182
[2021-09-13 16:54:53,759] [INFO] [server.transmit] -> request(32): 474554202f696e6465782e68746d6c207c6e6f74657061642f312e310d0a0d0a
[2021-09-13 16:54:53,761] [INFO] [base._test_info] -> Current test: 183
[2021-09-13 16:54:53,761] [INFO] [server.transmit] -> request(33): 474554202f696e6465782e68746d6c203b6e6f74657061643b2f312e310d0a0d0a
[2021-09-13 16:54:53,762] [INFO] [base._test_info] -> Current test: 184
[2021-09-13 16:54:53,763] [INFO] [server.transmit] -> request(33): 474554202f696e6465782e68746d6c200a6e6f74657061640a2f312e310d0a0d0a
[2021-09-13 16:54:53,764] [INFO] [base._test_info] -> Current test: 185
[2021-09-13 16:54:53,764] [INFO] [server.transmit] -> request(35): 474554202f696e6465782e68746d6c2027206f7220313d31202d2d2f312e310d0a0d0a
[2021-09-13 16:54:53,766] [INFO] [base._test_info] -> Current test: 186
[2021-09-13 16:54:53,766] [INFO] [server.transmit] -> request(41): 474554202f696e6465782e68746d6c20273b20646573632075736572733b202d2d2f312e310d0a0d0a
[2021-09-13 16:54:53,767] [INFO] [base._test_info] -> Current test: 187
[2021-09-13 16:54:53,768] [INFO] [server.transmit] -> request(65): 474554202f696e6465782e68746d6c2027206f7220757365726e616d65206973206e6f74204e554c4c206f7220757365726e ...
[2021-09-13 16:54:53,769] [INFO] [base._test_info] -> Current test: 188
[2021-09-13 16:54:53,770] [INFO] [server.transmit] -> request(96): 474554202f696e6465782e68746d6c203120756e696f6e20616c6c2073656c65637420312c322c332c342c352c362c6e616d ...
[2021-09-13 16:54:53,771] [INFO] [base._test_info] -> Current test: 189
[2021-09-13 16:54:53,771] [INFO] [server.transmit] -> request(35): 474554202f696e6465782e68746d6c2060206f72206031603d60312f312e310d0a0d0a
[2021-09-13 16:54:53,774] [INFO] [base._test_info] -> Current test: 190
[2021-09-13 16:54:53,774] [INFO] [server.transmit] -> request(35): 474554202f696e6465782e68746d6c2027206f72202731273d27312f312e310d0a0d0a
[2021-09-13 16:54:53,776] [INFO] [base._test_info] -> Current test: 191
[2021-09-13 16:54:53,777] [INFO] [server.transmit] -> request(26): 474554202f696e6465782e68746d6c2041412f312e310d0a0d0a
[2021-09-13 16:54:53,778] [INFO] [base._test_info] -> Current test: 192
[2021-09-13 16:54:53,779] [INFO] [server.transmit] -> request(34): 474554202f696e6465782e68746d6c20414141414141414141412f312e310d0a0d0a
[2021-09-13 16:54:53,780] [INFO] [base._test_info] -> Current test: 193
[2021-09-13 16:54:53,781] [INFO] [server.transmit] -> request(124): 474554202f696e6465782e68746d6c2041414141414141414141414141414141414141414141414141414141414141414141 ...
[2021-09-13 16:54:53,782] [INFO] [base._test_info] -> Current test: 194
[2021-09-13 16:54:53,783] [INFO] [server.transmit] -> request(1024): 474554202f696e6465782e68746d6c2041414141414141414141414141414141414141414141414141414141414141414141 ...
[2021-09-13 16:54:53,785] [INFO] [base._test_info] -> Current test: 195
[2021-09-13 16:54:53,786] [INFO] [server.transmit] -> request(5024): 474554202f696e6465782e68746d6c2041414141414141414141414141414141414141414141414141414141414141414141 ...
[2021-09-13 16:54:53,789] [INFO] [base._test_info] -> Current test: 196
[2021-09-13 16:54:53,791] [INFO] [server.transmit] -> request(10024): 474554202f696e6465782e68746d6c2041414141414141414141414141414141414141414141414141414141414141414141 ...
[2021-09-13 16:54:53,793] [INFO] [base._test_info] -> Current test: 197
[2021-09-13 16:54:53,794] [INFO] [server.transmit] -> request(35): 474554202f696e6465782e68746d6c202f6574632f7061737377642f312e310d0a0d0a
[2021-09-13 16:54:53,795] [INFO] [base._test_info] -> Current test: 198
[2021-09-13 16:54:53,795] [INFO] [server.transmit] -> request(78): 474554202f696e6465782e68746d6c202e2f2e2e2f2e2e2f2e2e2f2e2e2f2e2e2f2e2e2f2e2e2f2e2e2f2e2e2f2e2e2f2e2e ...
[2021-09-13 16:54:53,797] [INFO] [base._test_info] -> Current test: 199
[2021-09-13 16:54:53,797] [INFO] [server.transmit] -> request(76): 474554202f696e6465782e68746d6c202e2e2f2e2e2f2e2e2f2e2e2f2e2e2f2e2e2f2e2e2f2e2e2f2e2e2f2e2e2f2e2e2f2e ...
[2021-09-13 16:54:53,799] [INFO] [base._test_info] -> Current test: 200
[2021-09-13 16:54:53,799] [INFO] [server.transmit] -> request(37): 474554202f696e6465782e68746d6c202f70726f632f637075696e666f2f312e310d0a0d0a
[2021-09-13 16:54:53,800] [INFO] [base._test_info] -> Current test: 201
[2021-09-13 16:54:53,801] [INFO] [server.transmit] -> request(80): 474554202f696e6465782e68746d6c202e2f2e2e2f2e2e2f2e2e2f2e2e2f2e2e2f2e2e2f2e2e2f2e2e2f2e2e2f2e2e2f2e2e ...
[2021-09-13 16:54:53,802] [INFO] [base._test_info] -> Current test: 202
[2021-09-13 16:54:53,803] [INFO] [server.transmit] -> request(78): 474554202f696e6465782e68746d6c202e2e2f2e2e2f2e2e2f2e2e2f2e2e2f2e2e2f2e2e2f2e2e2f2e2e2f2e2e2f2e2e2f2e ...
[2021-09-13 16:54:53,804] [INFO] [base._test_info] -> Current test: 203
[2021-09-13 16:54:53,804] [INFO] [server.transmit] -> request(34): 474554202f696e6465782e68746d6c207e2f2e70726f66696c652f312e310d0a0d0a
[2021-09-13 16:54:53,807] [INFO] [base._test_info] -> Current test: 204
[2021-09-13 16:54:53,808] [INFO] [server.transmit] -> request(38): 474554202f696e6465782e68746d6c2024484f4d452f2e70726f66696c652f312e310d0a0d0a
[2021-09-13 16:54:53,810] [INFO] [base._test_info] -> Current test: 205
[2021-09-13 16:54:53,810] [INFO] [server.transmit] -> request(69): 474554202f696e6465782e68746d6c202f2e2e2f2e2e2f2e2e2f2e2e2f2e2e2f2e2e2f2e2e2f2e2e2f2e2e2f2e2e2f2e2e2f ...
[2021-09-13 16:54:53,812] [INFO] [base._test_info] -> Current test: 206
[2021-09-13 16:54:53,813] [INFO] [server.transmit] -> request(1048): 474554202f696e6465782e68746d6c202f5c2f5c2f5c2f5c2f5c2f5c2f5c2f5c2f5c2f5c2f5c2f5c2f5c2f5c2f5c2f5c2f5c ...
[2021-09-13 16:54:53,815] [INFO] [base._test_info] -> Current test: 207
[2021-09-13 16:54:53,815] [INFO] [server.transmit] -> request(152): 474554202f696e6465782e68746d6c202f5c2f5c2f5c2f5c2f5c2f5c2f5c2f5c2f5c2f5c2f5c2f5c2f5c2f5c2f5c2f5c2f5c ...
[2021-09-13 16:54:53,817] [INFO] [base._test_info] -> Current test: 208
[2021-09-13 16:54:53,817] [INFO] [server.transmit] -> request(40): 474554202f696e6465782e68746d6c202f5c2f5c2f5c2f5c2f5c2f5c2f5c2f5c2f312e310d0a0d0a
[2021-09-13 16:54:53,819] [INFO] [base._test_info] -> Current test: 209
[2021-09-13 16:54:53,820] [INFO] [server.transmit] -> request(1048): 474554202f696e6465782e68746d6c202f2e2f2e2f2e2f2e2f2e2f2e2f2e2f2e2f2e2f2e2f2e2f2e2f2e2f2e2f2e2f2e2f2e ...
[2021-09-13 16:54:53,821] [INFO] [base._test_info] -> Current test: 210
[2021-09-13 16:54:53,821] [INFO] [server.transmit] -> request(152): 474554202f696e6465782e68746d6c202f2e2f2e2f2e2f2e2f2e2f2e2f2e2f2e2f2e2f2e2f2e2f2e2f2e2f2e2f2e2f2e2f2e ...
[2021-09-13 16:54:53,823] [INFO] [base._test_info] -> Current test: 211
[2021-09-13 16:54:53,824] [INFO] [server.transmit] -> request(40): 474554202f696e6465782e68746d6c202f2e2f2e2f2e2f2e2f2e2f2e2f2e2f2e2f312e310d0a0d0a
[2021-09-13 16:54:53,826] [INFO] [base._test_info] -> Current test: 212
[2021-09-13 16:54:53,826] [INFO] [server.transmit] -> request(53): 474554202f696e6465782e68746d6c202140232425255e2324252324402324252424402324255e5e2a2a2828292f312e310d ...
[2021-09-13 16:54:53,828] [INFO] [base._test_info] -> Current test: 213
[2021-09-13 16:54:53,828] [INFO] [server.transmit] -> request(49): 474554202f696e6465782e68746d6c20253031253032253033253034253061253064253061414453462f312e310d0a0d0a
[2021-09-13 16:54:53,829] [INFO] [base._test_info] -> Current test: 214
[2021-09-13 16:54:53,830] [INFO] [server.transmit] -> request(50): 474554202f696e6465782e68746d6c2025303125303225303340253034253061253064253061414453462f312e310d0a0d0a ...
[2021-09-13 16:54:53,831] [INFO] [base._test_info] -> Current test: 215
[2021-09-13 16:54:53,832] [INFO] [server.transmit] -> request(29): 474554202f696e6465782e68746d6c202f2530302f2f312e310d0a0d0a
[2021-09-13 16:54:53,833] [INFO] [base._test_info] -> Current test: 216
[2021-09-13 16:54:53,833] [INFO] [server.transmit] -> request(28): 474554202f696e6465782e68746d6c202530302f2f312e310d0a0d0a
[2021-09-13 16:54:53,835] [INFO] [base._test_info] -> Current test: 217
[2021-09-13 16:54:53,835] [INFO] [server.transmit] -> request(27): 474554202f696e6465782e68746d6c202530302f312e310d0a0d0a
[2021-09-13 16:54:53,836] [INFO] [base._test_info] -> Current test: 218
[2021-09-13 16:54:53,837] [INFO] [server.transmit] -> request(30): 474554202f696e6465782e68746d6c202575303030302f312e310d0a0d0a
[2021-09-13 16:54:53,839] [INFO] [base._test_info] -> Current test: 219
[2021-09-13 16:54:53,839] [INFO] [server.transmit] -> request(216): 474554202f696e6465782e68746d6c2025fef02501ff25fef02501ff25fef02501ff25fef02501ff25fef02501ff25fef025 ...
[2021-09-13 16:54:53,841] [INFO] [base._test_info] -> Current test: 220
[2021-09-13 16:54:53,842] [INFO] [server.transmit] -> request(48): 474554202f696e6465782e68746d6c2025fef02501ff25fef02501ff25fef02501ff25fef02501ff2f312e310d0a0d0a
[2021-09-13 16:54:53,843] [INFO] [base._test_info] -> Current test: 221
[2021-09-13 16:54:53,844] [INFO] [server.transmit] -> request(29): 474554202f696e6465782e68746d6c20485454502f2f312e310d0a0d0a
[2021-09-13 16:54:53,845] [INFO] [base._test_info] -> Current test: 222
[2021-09-13 16:54:53,845] [INFO] [server.transmit] -> request(37): 474554202f696e6465782e68746d6c20485454502f2f2f2f2f2f2f2f2f2f312e310d0a0d0a
[2021-09-13 16:54:53,847] [INFO] [base._test_info] -> Current test: 223
[2021-09-13 16:54:53,847] [INFO] [server.transmit] -> request(127): 474554202f696e6465782e68746d6c20485454502f2f2f2f2f2f2f2f2f2f2f2f2f2f2f2f2f2f2f2f2f2f2f2f2f2f2f2f2f2f ...
[2021-09-13 16:54:53,849] [INFO] [base._test_info] -> Current test: 224
[2021-09-13 16:54:53,849] [INFO] [server.transmit] -> request(29): 474554202f696e6465782e68746d6c20485454502ffe312e310d0a0d0a
[2021-09-13 16:54:53,850] [INFO] [base._test_info] -> Current test: 225
[2021-09-13 16:54:53,851] [INFO] [server.transmit] -> request(29): 474554202f696e6465782e68746d6c2048545450002f312e310d0a0d0a
[2021-09-13 16:54:53,852] [INFO] [base._test_info] -> Current test: 226
[2021-09-13 16:54:53,853] [INFO] [server.transmit] -> request(29): 474554202f696e6465782e68746d6c2048545450002f312e310d0a0d0a
[2021-09-13 16:54:53,854] [INFO] [base._test_info] -> Current test: 227
[2021-09-13 16:54:53,854] [INFO] [server.transmit] -> request(29): 474554202f696e6465782e68746d6c20485454502f00312e310d0a0d0a
[2021-09-13 16:54:53,857] [INFO] [base._test_info] -> Current test: 228
[2021-09-13 16:54:53,858] [INFO] [server.transmit] -> request(31): 474554202f696e6465782e68746d6c204854545020202020312e310d0a0d0a
[2021-09-13 16:54:53,859] [INFO] [base._test_info] -> Current test: 229
[2021-09-13 16:54:53,860] [INFO] [server.transmit] -> request(31): 474554202f696e6465782e68746d6c204854545009090909312e310d0a0d0a
[2021-09-13 16:54:53,861] [INFO] [base._test_info] -> Current test: 230
[2021-09-13 16:54:53,861] [INFO] [server.transmit] -> request(31): 474554202f696e6465782e68746d6c204854545021212121312e310d0a0d0a
[2021-09-13 16:54:53,863] [INFO] [base._test_info] -> Current test: 231
[2021-09-13 16:54:53,863] [INFO] [server.transmit] -> request(31): 474554202f696e6465782e68746d6c204854545040404040312e310d0a0d0a
[2021-09-13 16:54:53,865] [INFO] [base._test_info] -> Current test: 232
[2021-09-13 16:54:53,865] [INFO] [server.transmit] -> request(31): 474554202f696e6465782e68746d6c204854545023232323312e310d0a0d0a
[2021-09-13 16:54:53,866] [INFO] [base._test_info] -> Current test: 233
[2021-09-13 16:54:53,867] [INFO] [server.transmit] -> request(31): 474554202f696e6465782e68746d6c204854545024242424312e310d0a0d0a
[2021-09-13 16:54:53,868] [INFO] [base._test_info] -> Current test: 234
[2021-09-13 16:54:53,868] [INFO] [server.transmit] -> request(31): 474554202f696e6465782e68746d6c204854545025252525312e310d0a0d0a
[2021-09-13 16:54:53,870] [INFO] [base._test_info] -> Current test: 235
[2021-09-13 16:54:53,870] [INFO] [server.transmit] -> request(31): 474554202f696e6465782e68746d6c20485454505e5e5e5e312e310d0a0d0a
[2021-09-13 16:54:53,872] [INFO] [base._test_info] -> Current test: 236
[2021-09-13 16:54:53,873] [INFO] [server.transmit] -> request(31): 474554202f696e6465782e68746d6c204854545026262626312e310d0a0d0a
[2021-09-13 16:54:53,875] [INFO] [base._test_info] -> Current test: 237
[2021-09-13 16:54:53,875] [INFO] [server.transmit] -> request(31): 474554202f696e6465782e68746d6c20485454502a2a2a2a312e310d0a0d0a
[2021-09-13 16:54:53,877] [INFO] [base._test_info] -> Current test: 238
[2021-09-13 16:54:53,877] [INFO] [server.transmit] -> request(31): 474554202f696e6465782e68746d6c204854545028282828312e310d0a0d0a
[2021-09-13 16:54:53,878] [INFO] [base._test_info] -> Current test: 239
[2021-09-13 16:54:53,879] [INFO] [server.transmit] -> request(31): 474554202f696e6465782e68746d6c204854545029292929312e310d0a0d0a
[2021-09-13 16:54:53,880] [INFO] [base._test_info] -> Current test: 240
[2021-09-13 16:54:53,881] [INFO] [server.transmit] -> request(31): 474554202f696e6465782e68746d6c20485454502d2d2d2d312e310d0a0d0a
[2021-09-13 16:54:53,882] [INFO] [base._test_info] -> Current test: 241
[2021-09-13 16:54:53,883] [INFO] [server.transmit] -> request(31): 474554202f696e6465782e68746d6c20485454505f5f5f5f312e310d0a0d0a
[2021-09-13 16:54:53,884] [INFO] [base._test_info] -> Current test: 242
[2021-09-13 16:54:53,885] [INFO] [server.transmit] -> request(31): 474554202f696e6465782e68746d6c20485454502b2b2b2b312e310d0a0d0a
[2021-09-13 16:54:53,886] [INFO] [base._test_info] -> Current test: 243
[2021-09-13 16:54:53,887] [INFO] [server.transmit] -> request(31): 474554202f696e6465782e68746d6c20485454503d3d3d3d312e310d0a0d0a
[2021-09-13 16:54:53,889] [INFO] [base._test_info] -> Current test: 244
[2021-09-13 16:54:53,890] [INFO] [server.transmit] -> request(31): 474554202f696e6465782e68746d6c20485454503a3a3a3a312e310d0a0d0a
[2021-09-13 16:54:53,892] [INFO] [base._test_info] -> Current test: 245
[2021-09-13 16:54:53,892] [INFO] [server.transmit] -> request(31): 474554202f696e6465782e68746d6c20485454503b3b3b3b312e310d0a0d0a
[2021-09-13 16:54:53,894] [INFO] [base._test_info] -> Current test: 246
[2021-09-13 16:54:53,894] [INFO] [server.transmit] -> request(31): 474554202f696e6465782e68746d6c204854545027272727312e310d0a0d0a
[2021-09-13 16:54:53,896] [INFO] [base._test_info] -> Current test: 247
[2021-09-13 16:54:53,896] [INFO] [server.transmit] -> request(31): 474554202f696e6465782e68746d6c204854545022222222312e310d0a0d0a
[2021-09-13 16:54:53,898] [INFO] [base._test_info] -> Current test: 248
[2021-09-13 16:54:53,898] [INFO] [server.transmit] -> request(31): 474554202f696e6465782e68746d6c20485454502f2f2f2f312e310d0a0d0a
[2021-09-13 16:54:53,900] [INFO] [base._test_info] -> Current test: 249
[2021-09-13 16:54:53,901] [INFO] [server.transmit] -> request(31): 474554202f696e6465782e68746d6c20485454505c5c5c5c312e310d0a0d0a
[2021-09-13 16:54:53,902] [INFO] [base._test_info] -> Current test: 250
[2021-09-13 16:54:53,903] [INFO] [server.transmit] -> request(31): 474554202f696e6465782e68746d6c20485454503f3f3f3f312e310d0a0d0a
[2021-09-13 16:54:53,904] [INFO] [base._test_info] -> Current test: 251
[2021-09-13 16:54:53,905] [INFO] [server.transmit] -> request(31): 474554202f696e6465782e68746d6c20485454503c3c3c3c312e310d0a0d0a
[2021-09-13 16:54:53,907] [INFO] [base._test_info] -> Current test: 252
[2021-09-13 16:54:53,907] [INFO] [server.transmit] -> request(31): 474554202f696e6465782e68746d6c20485454503e3e3e3e312e310d0a0d0a
[2021-09-13 16:54:53,909] [INFO] [base._test_info] -> Current test: 253
[2021-09-13 16:54:53,910] [INFO] [server.transmit] -> request(31): 474554202f696e6465782e68746d6c20485454502e2e2e2e312e310d0a0d0a
[2021-09-13 16:54:53,911] [INFO] [base._test_info] -> Current test: 254
[2021-09-13 16:54:53,912] [INFO] [server.transmit] -> request(31): 474554202f696e6465782e68746d6c20485454502c2c2c2c312e310d0a0d0a
[2021-09-13 16:54:53,913] [INFO] [base._test_info] -> Current test: 255
[2021-09-13 16:54:53,914] [INFO] [server.transmit] -> request(31): 474554202f696e6465782e68746d6c20485454500d0d0d0d312e310d0a0d0a
[2021-09-13 16:54:53,916] [INFO] [base._test_info] -> Current test: 256
[2021-09-13 16:54:53,916] [INFO] [server.transmit] -> request(31): 474554202f696e6465782e68746d6c20485454500a0a0a0a312e310d0a0d0a
[2021-09-13 16:54:53,919] [INFO] [base._test_info] -> Current test: 257
[2021-09-13 16:54:53,920] [INFO] [server.transmit] -> request(43): 474554202f696e6465782e68746d6c20485454500d0a0d0a0d0a0d0a0d0a0d0a0d0a0d0a312e310d0a0d0a
[2021-09-13 16:54:53,922] [INFO] [base._test_info] -> Current test: 258
[2021-09-13 16:54:53,924] [INFO] [server.transmit] -> request(51): 474554202f696e6465782e68746d6c2048545450090d0a090d0a090d0a090d0a090d0a090d0a090d0a090d0a312e310d0a0d ...
[2021-09-13 16:54:53,927] [INFO] [base._test_info] -> Current test: 259
[2021-09-13 16:54:53,927] [INFO] [server.transmit] -> request(27): 474554202f696e6465782e68746d6c2048545450312e310d0a0d0a
[2021-09-13 16:54:53,929] [INFO] [base._test_info] -> Current test: 260
[2021-09-13 16:54:53,930] [INFO] [server.transmit] -> request(36): 474554202f696e6465782e68746d6c20485454502f3236383433353435372e310d0a0d0a
[2021-09-13 16:54:53,932] [INFO] [base._test_info] -> Current test: 261
[2021-09-13 16:54:53,932] [INFO] [server.transmit] -> request(35): 474554202f696e6465782e68746d6c20485454502f33333535343433332e310d0a0d0a
[2021-09-13 16:54:53,934] [INFO] [base._test_info] -> Current test: 262
[2021-09-13 16:54:53,934] [INFO] [server.transmit] -> request(34): 474554202f696e6465782e68746d6c20485454502f343139343330352e310d0a0d0a
[2021-09-13 16:54:53,936] [INFO] [base._test_info] -> Current test: 263
[2021-09-13 16:54:53,936] [INFO] [server.transmit] -> request(33): 474554202f696e6465782e68746d6c20485454502f3532343238392e310d0a0d0a
[2021-09-13 16:54:53,938] [INFO] [base._test_info] -> Current test: 264
[2021-09-13 16:54:53,938] [INFO] [server.transmit] -> request(32): 474554202f696e6465782e68746d6c20485454502f36353533372e310d0a0d0a
[2021-09-13 16:54:53,941] [INFO] [base._test_info] -> Current test: 265
[2021-09-13 16:54:53,943] [INFO] [server.transmit] -> request(31): 474554202f696e6465782e68746d6c20485454502f383139332e310d0a0d0a
[2021-09-13 16:54:53,945] [INFO] [base._test_info] -> Current test: 266
[2021-09-13 16:54:53,945] [INFO] [server.transmit] -> request(31): 474554202f696e6465782e68746d6c20485454502f313032352e310d0a0d0a
[2021-09-13 16:54:53,947] [INFO] [base._test_info] -> Current test: 267
[2021-09-13 16:54:53,947] [INFO] [server.transmit] -> request(30): 474554202f696e6465782e68746d6c20485454502f3132392e310d0a0d0a
[2021-09-13 16:54:53,949] [INFO] [base._test_info] -> Current test: 268
[2021-09-13 16:54:53,949] [INFO] [server.transmit] -> request(29): 474554202f696e6465782e68746d6c20485454502f31372e310d0a0d0a
[2021-09-13 16:54:53,950] [INFO] [base._test_info] -> Current test: 269
[2021-09-13 16:54:53,951] [INFO] [server.transmit] -> request(37): 474554202f696e6465782e68746d6c20485454502f343239343936373239352e310d0a0d0a
[2021-09-13 16:54:53,952] [INFO] [base._test_info] -> Current test: 270
[2021-09-13 16:54:53,952] [INFO] [server.transmit] -> request(37): 474554202f696e6465782e68746d6c20485454502f333232313232353437322e310d0a0d0a
[2021-09-13 16:54:53,954] [INFO] [base._test_info] -> Current test: 271
[2021-09-13 16:54:53,954] [INFO] [server.transmit] -> request(37): 474554202f696e6465782e68746d6c20485454502f323134373438333634392e310d0a0d0a
[2021-09-13 16:54:53,958] [INFO] [base._test_info] -> Current test: 272
[2021-09-13 16:54:53,958] [INFO] [server.transmit] -> request(37): 474554202f696e6465782e68746d6c20485454502f313037333734313832362e310d0a0d0a
[2021-09-13 16:54:53,962] [INFO] [base._test_info] -> Current test: 273
[2021-09-13 16:54:53,962] [INFO] [server.transmit] -> request(28): 474554202f696e6465782e68746d6c20485454502f312e310d0a0d0a
[2021-09-13 16:54:53,964] [INFO] [base._test_info] -> Current test: 274
[2021-09-13 16:54:53,964] [INFO] [server.transmit] -> request(37): 474554202f696e6465782e68746d6c20485454502f343239343936373239342e310d0a0d0a
[2021-09-13 16:54:53,966] [INFO] [base._test_info] -> Current test: 275
[2021-09-13 16:54:53,966] [INFO] [server.transmit] -> request(37): 474554202f696e6465782e68746d6c20485454502f333232313232353437332e310d0a0d0a
[2021-09-13 16:54:53,968] [INFO] [base._test_info] -> Current test: 276
[2021-09-13 16:54:53,968] [INFO] [server.transmit] -> request(37): 474554202f696e6465782e68746d6c20485454502f333232313232353437312e310d0a0d0a
[2021-09-13 16:54:53,970] [INFO] [base._test_info] -> Current test: 277
[2021-09-13 16:54:53,970] [INFO] [server.transmit] -> request(37): 474554202f696e6465782e68746d6c20485454502f323134373438333635302e310d0a0d0a
[2021-09-13 16:54:53,971] [INFO] [base._test_info] -> Current test: 278
[2021-09-13 16:54:53,972] [INFO] [server.transmit] -> request(37): 474554202f696e6465782e68746d6c20485454502f323134373438333634382e310d0a0d0a
[2021-09-13 16:54:53,976] [INFO] [base._test_info] -> Current test: 279
[2021-09-13 16:54:53,977] [INFO] [server.transmit] -> request(37): 474554202f696e6465782e68746d6c20485454502f313037333734313832372e310d0a0d0a
[2021-09-13 16:54:53,979] [INFO] [base._test_info] -> Current test: 280
[2021-09-13 16:54:53,979] [INFO] [server.transmit] -> request(37): 474554202f696e6465782e68746d6c20485454502f313037333734313832352e310d0a0d0a
[2021-09-13 16:54:53,981] [INFO] [base._test_info] -> Current test: 281
[2021-09-13 16:54:53,981] [INFO] [server.transmit] -> request(37): 474554202f696e6465782e68746d6c20485454502f343239343936373239332e310d0a0d0a
[2021-09-13 16:54:53,983] [INFO] [base._test_info] -> Current test: 282
[2021-09-13 16:54:53,983] [INFO] [server.transmit] -> request(37): 474554202f696e6465782e68746d6c20485454502f333232313232353437342e310d0a0d0a
[2021-09-13 16:54:53,985] [INFO] [base._test_info] -> Current test: 283
[2021-09-13 16:54:53,985] [INFO] [server.transmit] -> request(37): 474554202f696e6465782e68746d6c20485454502f333232313232353437302e310d0a0d0a
[2021-09-13 16:54:53,987] [INFO] [base._test_info] -> Current test: 284
[2021-09-13 16:54:53,987] [INFO] [server.transmit] -> request(37): 474554202f696e6465782e68746d6c20485454502f323134373438333635312e310d0a0d0a
[2021-09-13 16:54:53,989] [INFO] [base._test_info] -> Current test: 285
[2021-09-13 16:54:53,991] [INFO] [server.transmit] -> request(37): 474554202f696e6465782e68746d6c20485454502f323134373438333634372e310d0a0d0a
[2021-09-13 16:54:53,994] [INFO] [base._test_info] -> Current test: 286
[2021-09-13 16:54:53,994] [INFO] [server.transmit] -> request(37): 474554202f696e6465782e68746d6c20485454502f313037333734313832382e310d0a0d0a
[2021-09-13 16:54:53,996] [INFO] [base._test_info] -> Current test: 287
[2021-09-13 16:54:53,996] [INFO] [server.transmit] -> request(37): 474554202f696e6465782e68746d6c20485454502f313037333734313832342e310d0a0d0a
[2021-09-13 16:54:53,998] [INFO] [base._test_info] -> Current test: 288
[2021-09-13 16:54:53,998] [INFO] [server.transmit] -> request(28): 474554202f696e6465782e68746d6c20485454502f322e310d0a0d0a
[2021-09-13 16:54:54,028] [INFO] [base._test_info] -> Current test: 289
[2021-09-13 16:54:54,029] [INFO] [server.transmit] -> request(28): 474554202f696e6465782e68746d6c20485454502f302e310d0a0d0a
[2021-09-13 16:54:54,032] [INFO] [base._test_info] -> Current test: 290
[2021-09-13 16:54:54,033] [INFO] [server.transmit] -> request(28): 474554202f696e6465782e68746d6c20485454502f332e310d0a0d0a
[2021-09-13 16:54:54,035] [INFO] [base._test_info] -> Current test: 291
[2021-09-13 16:54:54,035] [INFO] [server.transmit] -> request(29): 474554202f696e6465782e68746d6c20485454502f312e2e310d0a0d0a
[2021-09-13 16:54:54,037] [INFO] [base._test_info] -> Current test: 292
[2021-09-13 16:54:54,037] [INFO] [server.transmit] -> request(37): 474554202f696e6465782e68746d6c20485454502f312e2e2e2e2e2e2e2e2e2e310d0a0d0a
[2021-09-13 16:54:54,041] [INFO] [base._test_info] -> Current test: 293
[2021-09-13 16:54:54,042] [INFO] [server.transmit] -> request(127): 474554202f696e6465782e68746d6c20485454502f312e2e2e2e2e2e2e2e2e2e2e2e2e2e2e2e2e2e2e2e2e2e2e2e2e2e2e2e ...
[2021-09-13 16:54:54,044] [INFO] [base._test_info] -> Current test: 294
[2021-09-13 16:54:54,045] [INFO] [server.transmit] -> request(29): 474554202f696e6465782e68746d6c20485454502f312efe310d0a0d0a
[2021-09-13 16:54:54,047] [INFO] [base._test_info] -> Current test: 295
[2021-09-13 16:54:54,050] [INFO] [server.transmit] -> request(29): 474554202f696e6465782e68746d6c20485454502f31002e310d0a0d0a
[2021-09-13 16:54:54,053] [INFO] [base._test_info] -> Current test: 296
[2021-09-13 16:54:54,053] [INFO] [server.transmit] -> request(29): 474554202f696e6465782e68746d6c20485454502f31002e310d0a0d0a
[2021-09-13 16:54:54,056] [INFO] [base._test_info] -> Current test: 297
[2021-09-13 16:54:54,058] [INFO] [server.transmit] -> request(29): 474554202f696e6465782e68746d6c20485454502f312e00310d0a0d0a
[2021-09-13 16:54:54,061] [INFO] [base._test_info] -> Current test: 298
[2021-09-13 16:54:54,062] [INFO] [server.transmit] -> request(31): 474554202f696e6465782e68746d6c20485454502f3120202020310d0a0d0a
[2021-09-13 16:54:54,064] [INFO] [base._test_info] -> Current test: 299
[2021-09-13 16:54:54,064] [INFO] [server.transmit] -> request(31): 474554202f696e6465782e68746d6c20485454502f3109090909310d0a0d0a
[2021-09-13 16:54:54,066] [INFO] [base._test_info] -> Current test: 300
[2021-09-13 16:54:54,066] [INFO] [server.transmit] -> request(31): 474554202f696e6465782e68746d6c20485454502f3121212121310d0a0d0a
[2021-09-13 16:54:54,068] [INFO] [base._test_info] -> Current test: 301
[2021-09-13 16:54:54,068] [INFO] [server.transmit] -> request(31): 474554202f696e6465782e68746d6c20485454502f3140404040310d0a0d0a
[2021-09-13 16:54:54,070] [INFO] [base._test_info] -> Current test: 302
[2021-09-13 16:54:54,070] [INFO] [server.transmit] -> request(31): 474554202f696e6465782e68746d6c20485454502f3123232323310d0a0d0a
[2021-09-13 16:54:54,072] [INFO] [base._test_info] -> Current test: 303
[2021-09-13 16:54:54,072] [INFO] [server.transmit] -> request(31): 474554202f696e6465782e68746d6c20485454502f3124242424310d0a0d0a
[2021-09-13 16:54:54,076] [INFO] [base._test_info] -> Current test: 304
[2021-09-13 16:54:54,076] [INFO] [server.transmit] -> request(31): 474554202f696e6465782e68746d6c20485454502f3125252525310d0a0d0a
[2021-09-13 16:54:54,078] [INFO] [base._test_info] -> Current test: 305
[2021-09-13 16:54:54,078] [INFO] [server.transmit] -> request(31): 474554202f696e6465782e68746d6c20485454502f315e5e5e5e310d0a0d0a
[2021-09-13 16:54:54,080] [INFO] [base._test_info] -> Current test: 306
[2021-09-13 16:54:54,080] [INFO] [server.transmit] -> request(31): 474554202f696e6465782e68746d6c20485454502f3126262626310d0a0d0a
[2021-09-13 16:54:54,082] [INFO] [base._test_info] -> Current test: 307
[2021-09-13 16:54:54,082] [INFO] [server.transmit] -> request(31): 474554202f696e6465782e68746d6c20485454502f312a2a2a2a310d0a0d0a
[2021-09-13 16:54:54,083] [INFO] [base._test_info] -> Current test: 308
[2021-09-13 16:54:54,084] [INFO] [server.transmit] -> request(31): 474554202f696e6465782e68746d6c20485454502f3128282828310d0a0d0a
[2021-09-13 16:54:54,085] [INFO] [base._test_info] -> Current test: 309
[2021-09-13 16:54:54,085] [INFO] [server.transmit] -> request(31): 474554202f696e6465782e68746d6c20485454502f3129292929310d0a0d0a
[2021-09-13 16:54:54,087] [INFO] [base._test_info] -> Current test: 310
[2021-09-13 16:54:54,087] [INFO] [server.transmit] -> request(31): 474554202f696e6465782e68746d6c20485454502f312d2d2d2d310d0a0d0a
[2021-09-13 16:54:54,089] [INFO] [base._test_info] -> Current test: 311
[2021-09-13 16:54:54,091] [INFO] [server.transmit] -> request(31): 474554202f696e6465782e68746d6c20485454502f315f5f5f5f310d0a0d0a
[2021-09-13 16:54:54,093] [INFO] [base._test_info] -> Current test: 312
[2021-09-13 16:54:54,094] [INFO] [server.transmit] -> request(31): 474554202f696e6465782e68746d6c20485454502f312b2b2b2b310d0a0d0a
[2021-09-13 16:54:54,095] [INFO] [base._test_info] -> Current test: 313
[2021-09-13 16:54:54,096] [INFO] [server.transmit] -> request(31): 474554202f696e6465782e68746d6c20485454502f313d3d3d3d310d0a0d0a
[2021-09-13 16:54:54,097] [INFO] [base._test_info] -> Current test: 314
[2021-09-13 16:54:54,097] [INFO] [server.transmit] -> request(31): 474554202f696e6465782e68746d6c20485454502f313a3a3a3a310d0a0d0a
[2021-09-13 16:54:54,099] [INFO] [base._test_info] -> Current test: 315
[2021-09-13 16:54:54,099] [INFO] [server.transmit] -> request(31): 474554202f696e6465782e68746d6c20485454502f313b3b3b3b310d0a0d0a
[2021-09-13 16:54:54,101] [INFO] [base._test_info] -> Current test: 316
[2021-09-13 16:54:54,101] [INFO] [server.transmit] -> request(31): 474554202f696e6465782e68746d6c20485454502f3127272727310d0a0d0a
[2021-09-13 16:54:54,103] [INFO] [base._test_info] -> Current test: 317
[2021-09-13 16:54:54,103] [INFO] [server.transmit] -> request(31): 474554202f696e6465782e68746d6c20485454502f3122222222310d0a0d0a
[2021-09-13 16:54:54,104] [INFO] [base._test_info] -> Current test: 318
[2021-09-13 16:54:54,105] [INFO] [server.transmit] -> request(31): 474554202f696e6465782e68746d6c20485454502f312f2f2f2f310d0a0d0a
[2021-09-13 16:54:54,107] [INFO] [base._test_info] -> Current test: 319
[2021-09-13 16:54:54,108] [INFO] [server.transmit] -> request(31): 474554202f696e6465782e68746d6c20485454502f315c5c5c5c310d0a0d0a
[2021-09-13 16:54:54,110] [INFO] [base._test_info] -> Current test: 320
[2021-09-13 16:54:54,110] [INFO] [server.transmit] -> request(31): 474554202f696e6465782e68746d6c20485454502f313f3f3f3f310d0a0d0a
[2021-09-13 16:54:54,112] [INFO] [base._test_info] -> Current test: 321
[2021-09-13 16:54:54,112] [INFO] [server.transmit] -> request(31): 474554202f696e6465782e68746d6c20485454502f313c3c3c3c310d0a0d0a
[2021-09-13 16:54:54,113] [INFO] [base._test_info] -> Current test: 322
[2021-09-13 16:54:54,114] [INFO] [server.transmit] -> request(31): 474554202f696e6465782e68746d6c20485454502f313e3e3e3e310d0a0d0a
[2021-09-13 16:54:54,115] [INFO] [base._test_info] -> Current test: 323
[2021-09-13 16:54:54,116] [INFO] [server.transmit] -> request(31): 474554202f696e6465782e68746d6c20485454502f312e2e2e2e310d0a0d0a
[2021-09-13 16:54:54,117] [INFO] [base._test_info] -> Current test: 324
[2021-09-13 16:54:54,117] [INFO] [server.transmit] -> request(31): 474554202f696e6465782e68746d6c20485454502f312c2c2c2c310d0a0d0a
[2021-09-13 16:54:54,119] [INFO] [base._test_info] -> Current test: 325
[2021-09-13 16:54:54,119] [INFO] [server.transmit] -> request(31): 474554202f696e6465782e68746d6c20485454502f310d0d0d0d310d0a0d0a
[2021-09-13 16:54:54,121] [INFO] [base._test_info] -> Current test: 326
[2021-09-13 16:54:54,121] [INFO] [server.transmit] -> request(31): 474554202f696e6465782e68746d6c20485454502f310a0a0a0a310d0a0d0a
[2021-09-13 16:54:54,123] [INFO] [base._test_info] -> Current test: 327
[2021-09-13 16:54:54,124] [INFO] [server.transmit] -> request(43): 474554202f696e6465782e68746d6c20485454502f310d0a0d0a0d0a0d0a0d0a0d0a0d0a0d0a310d0a0d0a
[2021-09-13 16:54:54,126] [INFO] [base._test_info] -> Current test: 328
[2021-09-13 16:54:54,126] [INFO] [server.transmit] -> request(51): 474554202f696e6465782e68746d6c20485454502f31090d0a090d0a090d0a090d0a090d0a090d0a090d0a090d0a310d0a0d ...
[2021-09-13 16:54:54,128] [INFO] [base._test_info] -> Current test: 329
[2021-09-13 16:54:54,128] [INFO] [server.transmit] -> request(27): 474554202f696e6465782e68746d6c20485454502f31310d0a0d0a
[2021-09-13 16:54:54,130] [INFO] [base._test_info] -> Current test: 330
[2021-09-13 16:54:54,130] [INFO] [server.transmit] -> request(36): 474554202f696e6465782e68746d6c20485454502f312e3236383433353435370d0a0d0a
[2021-09-13 16:54:54,131] [INFO] [base._test_info] -> Current test: 331
[2021-09-13 16:54:54,132] [INFO] [server.transmit] -> request(35): 474554202f696e6465782e68746d6c20485454502f312e33333535343433330d0a0d0a
[2021-09-13 16:54:54,133] [INFO] [base._test_info] -> Current test: 332
[2021-09-13 16:54:54,134] [INFO] [server.transmit] -> request(34): 474554202f696e6465782e68746d6c20485454502f312e343139343330350d0a0d0a
[2021-09-13 16:54:54,135] [INFO] [base._test_info] -> Current test: 333
[2021-09-13 16:54:54,135] [INFO] [server.transmit] -> request(33): 474554202f696e6465782e68746d6c20485454502f312e3532343238390d0a0d0a
[2021-09-13 16:54:54,137] [INFO] [base._test_info] -> Current test: 334
[2021-09-13 16:54:54,137] [INFO] [server.transmit] -> request(32): 474554202f696e6465782e68746d6c20485454502f312e36353533370d0a0d0a
[2021-09-13 16:54:54,139] [INFO] [base._test_info] -> Current test: 335
[2021-09-13 16:54:54,139] [INFO] [server.transmit] -> request(31): 474554202f696e6465782e68746d6c20485454502f312e383139330d0a0d0a
[2021-09-13 16:54:54,142] [INFO] [base._test_info] -> Current test: 336
[2021-09-13 16:54:54,142] [INFO] [server.transmit] -> request(31): 474554202f696e6465782e68746d6c20485454502f312e313032350d0a0d0a
[2021-09-13 16:54:54,144] [INFO] [base._test_info] -> Current test: 337
[2021-09-13 16:54:54,144] [INFO] [server.transmit] -> request(30): 474554202f696e6465782e68746d6c20485454502f312e3132390d0a0d0a
[2021-09-13 16:54:54,146] [INFO] [base._test_info] -> Current test: 338
[2021-09-13 16:54:54,146] [INFO] [server.transmit] -> request(29): 474554202f696e6465782e68746d6c20485454502f312e31370d0a0d0a
[2021-09-13 16:54:54,147] [INFO] [base._test_info] -> Current test: 339
[2021-09-13 16:54:54,148] [INFO] [server.transmit] -> request(37): 474554202f696e6465782e68746d6c20485454502f312e343239343936373239350d0a0d0a
[2021-09-13 16:54:54,149] [INFO] [base._test_info] -> Current test: 340
[2021-09-13 16:54:54,149] [INFO] [server.transmit] -> request(37): 474554202f696e6465782e68746d6c20485454502f312e333232313232353437320d0a0d0a
[2021-09-13 16:54:54,151] [INFO] [base._test_info] -> Current test: 341
[2021-09-13 16:54:54,151] [INFO] [server.transmit] -> request(37): 474554202f696e6465782e68746d6c20485454502f312e323134373438333634390d0a0d0a
[2021-09-13 16:54:54,153] [INFO] [base._test_info] -> Current test: 342
[2021-09-13 16:54:54,153] [INFO] [server.transmit] -> request(37): 474554202f696e6465782e68746d6c20485454502f312e313037333734313832360d0a0d0a
[2021-09-13 16:54:54,155] [INFO] [base._test_info] -> Current test: 343
[2021-09-13 16:54:54,155] [INFO] [server.transmit] -> request(28): 474554202f696e6465782e68746d6c20485454502f312e310d0a0d0a
[2021-09-13 16:54:54,157] [INFO] [base._test_info] -> Current test: 344
[2021-09-13 16:54:54,158] [INFO] [server.transmit] -> request(37): 474554202f696e6465782e68746d6c20485454502f312e343239343936373239340d0a0d0a
[2021-09-13 16:54:54,160] [INFO] [base._test_info] -> Current test: 345
[2021-09-13 16:54:54,160] [INFO] [server.transmit] -> request(37): 474554202f696e6465782e68746d6c20485454502f312e333232313232353437330d0a0d0a
[2021-09-13 16:54:54,162] [INFO] [base._test_info] -> Current test: 346
[2021-09-13 16:54:54,162] [INFO] [server.transmit] -> request(37): 474554202f696e6465782e68746d6c20485454502f312e333232313232353437310d0a0d0a
[2021-09-13 16:54:54,163] [INFO] [base._test_info] -> Current test: 347
[2021-09-13 16:54:54,164] [INFO] [server.transmit] -> request(37): 474554202f696e6465782e68746d6c20485454502f312e323134373438333635300d0a0d0a
[2021-09-13 16:54:54,165] [INFO] [base._test_info] -> Current test: 348
[2021-09-13 16:54:54,165] [INFO] [server.transmit] -> request(37): 474554202f696e6465782e68746d6c20485454502f312e323134373438333634380d0a0d0a
[2021-09-13 16:54:54,167] [INFO] [base._test_info] -> Current test: 349
[2021-09-13 16:54:54,167] [INFO] [server.transmit] -> request(37): 474554202f696e6465782e68746d6c20485454502f312e313037333734313832370d0a0d0a
[2021-09-13 16:54:54,169] [INFO] [base._test_info] -> Current test: 350
[2021-09-13 16:54:54,169] [INFO] [server.transmit] -> request(37): 474554202f696e6465782e68746d6c20485454502f312e313037333734313832350d0a0d0a
[2021-09-13 16:54:54,170] [INFO] [base._test_info] -> Current test: 351
[2021-09-13 16:54:54,171] [INFO] [server.transmit] -> request(37): 474554202f696e6465782e68746d6c20485454502f312e343239343936373239330d0a0d0a
[2021-09-13 16:54:54,172] [INFO] [base._test_info] -> Current test: 352
[2021-09-13 16:54:54,173] [INFO] [server.transmit] -> request(37): 474554202f696e6465782e68746d6c20485454502f312e333232313232353437340d0a0d0a
[2021-09-13 16:54:54,175] [INFO] [base._test_info] -> Current test: 353
[2021-09-13 16:54:54,176] [INFO] [server.transmit] -> request(37): 474554202f696e6465782e68746d6c20485454502f312e333232313232353437300d0a0d0a
[2021-09-13 16:54:54,177] [INFO] [base._test_info] -> Current test: 354
[2021-09-13 16:54:54,178] [INFO] [server.transmit] -> request(37): 474554202f696e6465782e68746d6c20485454502f312e323134373438333635310d0a0d0a
[2021-09-13 16:54:54,179] [INFO] [base._test_info] -> Current test: 355
[2021-09-13 16:54:54,179] [INFO] [server.transmit] -> request(37): 474554202f696e6465782e68746d6c20485454502f312e323134373438333634370d0a0d0a
[2021-09-13 16:54:54,181] [INFO] [base._test_info] -> Current test: 356
[2021-09-13 16:54:54,181] [INFO] [server.transmit] -> request(37): 474554202f696e6465782e68746d6c20485454502f312e313037333734313832380d0a0d0a
[2021-09-13 16:54:54,183] [INFO] [base._test_info] -> Current test: 357
[2021-09-13 16:54:54,183] [INFO] [server.transmit] -> request(37): 474554202f696e6465782e68746d6c20485454502f312e313037333734313832340d0a0d0a
[2021-09-13 16:54:54,185] [INFO] [base._test_info] -> Current test: 358
[2021-09-13 16:54:54,185] [INFO] [server.transmit] -> request(28): 474554202f696e6465782e68746d6c20485454502f312e320d0a0d0a
[2021-09-13 16:54:54,186] [INFO] [base._test_info] -> Current test: 359
[2021-09-13 16:54:54,187] [INFO] [server.transmit] -> request(28): 474554202f696e6465782e68746d6c20485454502f312e300d0a0d0a
[2021-09-13 16:54:54,188] [INFO] [base._test_info] -> Current test: 360
[2021-09-13 16:54:54,189] [INFO] [server.transmit] -> request(28): 474554202f696e6465782e68746d6c20485454502f312e330d0a0d0a
[2021-09-13 16:54:54,189] [INFO] [base._end_message] -> 
                         --------------------------------------------------
                         Finished fuzzing session
                         Target: TcpTarget

                         Tested 361 mutations
                         Failure count: 0
                         --------------------------------------------------
            
