[2021-10-22 19:32:41,565] [INFO] [base._load_session] -> No session loaded
[2021-10-22 19:32:41,571] [INFO] [base._start_message] -> 
                 --------------------------------------------------
                 Starting fuzzing session
                 Target: TcpTarget
                 UI: WebInterface listening on 127.0.0.1:26001
                 Log: ./kittylogs/kitty_20211022-193238.log

                 Total possible mutation count: 1000
                 --------------------------------------------------
                                 Happy hacking
                 --------------------------------------------------
            
[2021-10-22 19:32:41,572] [INFO] [base.start] -> Performing environment test
[2021-10-22 19:32:41,579] [INFO] [base._test_info] -> Current test: -1
[2021-10-22 19:32:41,581] [INFO] [server.transmit] -> request(28): 0300001c17e00000000100c0010ac1083330333133303330c2020200
[2021-10-22 19:32:41,585] [INFO] [server.transmit] -> response(28): 0300001c17d00001001100c0010ac1083330333133303330c2020200
[2021-10-22 19:32:41,585] [INFO] [server._start] -> should keep running? True
[2021-10-22 19:32:41,598] [INFO] [base._test_info] -> Current test: 0
[2021-10-22 19:32:41,599] [INFO] [server.transmit] -> request(28): 0300001c17e00000000100c0010ac1083330333133303330c2020200
[2021-10-22 19:32:41,608] [INFO] [server.transmit] -> response(28): 0300001c17d00001000d00c0010ac1083330333133303330c2020200
[2021-10-22 19:32:41,609] [INFO] [server.transmit] -> request(25): 0300001902f08032010000000000080000f0000001000101e0
[2021-10-22 19:32:41,697] [INFO] [server.transmit] -> response(27): 0300001b02f080320300000000000800000000f0000001000100f0
[2021-10-22 19:32:41,700] [INFO] [server.transmit] -> request(33): 0300002102f080320700000000000800080001120411440100ff090004ded419b6
[2021-10-22 19:32:41,713] [INFO] [server.transmit] -> response(33): 0300002102f080320700000000000c000400011208128401010000d4010a000000
[2021-10-22 19:32:41,835] [INFO] [base._test_info] -> Current test: 1
[2021-10-22 19:32:41,836] [INFO] [server.transmit] -> request(28): 0300001c17e00000000100c0010ac1083330333133303330c2020200
[2021-10-22 19:32:41,841] [INFO] [server.transmit] -> response(28): 0300001c17d00001001200c0010ac1083330333133303330c2020200
[2021-10-22 19:32:41,842] [INFO] [server.transmit] -> request(25): 0300001902f08032010000000000080000f0000001000101e0
[2021-10-22 19:32:41,892] [INFO] [server.transmit] -> response(27): 0300001b02f080320300000000000800000000f0000001000100f0
[2021-10-22 19:32:41,894] [INFO] [server.transmit] -> request(33): 0300002102f080320700000000000800080001120411440100ff090004fb6eb620
[2021-10-22 19:32:41,901] [INFO] [server.transmit] -> response(33): 0300002102f080320700000000000c000400011208128401010000d4010a000000
[2021-10-22 19:32:42,023] [INFO] [base._test_info] -> Current test: 2
[2021-10-22 19:32:42,025] [INFO] [server.transmit] -> request(28): 0300001c17e00000000100c0010ac1083330333133303330c2020200
[2021-10-22 19:32:42,029] [INFO] [server.transmit] -> response(28): 0300001c17d00001000d00c0010ac1083330333133303330c2020200
[2021-10-22 19:32:42,030] [INFO] [server.transmit] -> request(25): 0300001902f08032010000000000080000f0000001000101e0
[2021-10-22 19:32:42,092] [INFO] [server.transmit] -> response(27): 0300001b02f080320300000000000800000000f0000001000100f0
[2021-10-22 19:32:42,094] [INFO] [server.transmit] -> request(33): 0300002102f080320700000000000800080001120411440100ff090004bc1ad7db
[2021-10-22 19:32:42,101] [INFO] [server.transmit] -> response(33): 0300002102f080320700000000000c000400011208128401010000d4010a000000
[2021-10-22 19:32:42,210] [INFO] [base._test_info] -> Current test: 3
[2021-10-22 19:32:42,210] [INFO] [server.transmit] -> request(28): 0300001c17e00000000100c0010ac1083330333133303330c2020200
[2021-10-22 19:32:42,217] [INFO] [server.transmit] -> response(28): 0300001c17d00001001100c0010ac1083330333133303330c2020200
[2021-10-22 19:32:42,217] [INFO] [server.transmit] -> request(25): 0300001902f08032010000000000080000f0000001000101e0
[2021-10-22 19:32:42,266] [INFO] [server.transmit] -> response(27): 0300001b02f080320300000000000800000000f0000001000100f0
[2021-10-22 19:32:42,269] [INFO] [server.transmit] -> request(33): 0300002102f080320700000000000800080001120411440100ff090004c51c1503
[2021-10-22 19:32:42,276] [INFO] [server.transmit] -> response(33): 0300002102f080320700000000000c000400011208128401010000d4010a000000
[2021-10-22 19:32:42,398] [INFO] [base._test_info] -> Current test: 4
[2021-10-22 19:32:42,400] [INFO] [server.transmit] -> request(28): 0300001c17e00000000100c0010ac1083330333133303330c2020200
[2021-10-22 19:32:42,405] [INFO] [server.transmit] -> response(28): 0300001c17d00001000d00c0010ac1083330333133303330c2020200
[2021-10-22 19:32:42,407] [INFO] [server.transmit] -> request(25): 0300001902f08032010000000000080000f0000001000101e0
[2021-10-22 19:32:42,456] [INFO] [server.transmit] -> response(27): 0300001b02f080320300000000000800000000f0000001000100f0
[2021-10-22 19:32:42,457] [INFO] [server.transmit] -> request(33): 0300002102f080320700000000000800080001120411440100ff0900042284ea35
[2021-10-22 19:32:42,467] [INFO] [server.transmit] -> response(33): 0300002102f080320700000000000c000400011208128401010000d4010a000000
[2021-10-22 19:32:42,581] [INFO] [base._test_info] -> Current test: 5
[2021-10-22 19:32:42,582] [INFO] [server.transmit] -> request(28): 0300001c17e00000000100c0010ac1083330333133303330c2020200
[2021-10-22 19:32:42,588] [INFO] [server.transmit] -> response(28): 0300001c17d00001001100c0010ac1083330333133303330c2020200
[2021-10-22 19:32:42,589] [INFO] [server.transmit] -> request(25): 0300001902f08032010000000000080000f0000001000101e0
[2021-10-22 19:32:42,637] [INFO] [server.transmit] -> response(27): 0300001b02f080320300000000000800000000f0000001000100f0
[2021-10-22 19:32:42,638] [INFO] [server.transmit] -> request(33): 0300002102f080320700000000000800080001120411440100ff090004ae8a8fcb
[2021-10-22 19:32:42,645] [INFO] [server.transmit] -> response(33): 0300002102f080320700000000000c000400011208128401010000d4010a000000
[2021-10-22 19:32:42,767] [INFO] [base._test_info] -> Current test: 6
[2021-10-22 19:32:42,769] [INFO] [server.transmit] -> request(28): 0300001c17e00000000100c0010ac1083330333133303330c2020200
[2021-10-22 19:32:42,775] [INFO] [server.transmit] -> response(28): 0300001c17d00001000d00c0010ac1083330333133303330c2020200
[2021-10-22 19:32:42,776] [INFO] [server.transmit] -> request(25): 0300001902f08032010000000000080000f0000001000101e0
[2021-10-22 19:32:42,825] [INFO] [server.transmit] -> response(27): 0300001b02f080320300000000000800000000f0000001000100f0
[2021-10-22 19:32:42,826] [INFO] [server.transmit] -> request(33): 0300002102f080320700000000000800080001120411440100ff0900043f3be62a
[2021-10-22 19:32:42,835] [INFO] [server.transmit] -> response(33): 0300002102f080320700000000000c000400011208128401010000d4010a000000
[2021-10-22 19:32:42,953] [INFO] [base._test_info] -> Current test: 7
[2021-10-22 19:32:42,954] [INFO] [server.transmit] -> request(28): 0300001c17e00000000100c0010ac1083330333133303330c2020200
[2021-10-22 19:32:42,960] [INFO] [server.transmit] -> response(28): 0300001c17d00001001100c0010ac1083330333133303330c2020200
[2021-10-22 19:32:42,961] [INFO] [server.transmit] -> request(25): 0300001902f08032010000000000080000f0000001000101e0
[2021-10-22 19:32:43,009] [INFO] [server.transmit] -> response(27): 0300001b02f080320300000000000800000000f0000001000100f0
[2021-10-22 19:32:43,012] [INFO] [server.transmit] -> request(33): 0300002102f080320700000000000800080001120411440100ff090004cc436d1c
[2021-10-22 19:32:43,029] [INFO] [server.transmit] -> response(33): 0300002102f080320700000000000c000400011208128401010000d4010a000000
[2021-10-22 19:32:43,150] [INFO] [base._test_info] -> Current test: 8
[2021-10-22 19:32:43,151] [INFO] [server.transmit] -> request(28): 0300001c17e00000000100c0010ac1083330333133303330c2020200
[2021-10-22 19:32:43,158] [INFO] [server.transmit] -> response(28): 0300001c17d00001000d00c0010ac1083330333133303330c2020200
[2021-10-22 19:32:43,161] [INFO] [server.transmit] -> request(25): 0300001902f08032010000000000080000f0000001000101e0
[2021-10-22 19:32:43,206] [INFO] [server.transmit] -> response(27): 0300001b02f080320300000000000800000000f0000001000100f0
[2021-10-22 19:32:43,207] [INFO] [server.transmit] -> request(33): 0300002102f080320700000000000800080001120411440100ff0900042ffe36dd
[2021-10-22 19:32:43,213] [INFO] [server.transmit] -> response(33): 0300002102f080320700000000000c000400011208128401010000d4010a000000
[2021-10-22 19:32:43,329] [INFO] [base._test_info] -> Current test: 9
[2021-10-22 19:32:43,331] [INFO] [server.transmit] -> request(28): 0300001c17e00000000100c0010ac1083330333133303330c2020200
[2021-10-22 19:32:43,336] [INFO] [server.transmit] -> response(28): 0300001c17d00001001100c0010ac1083330333133303330c2020200
[2021-10-22 19:32:43,338] [INFO] [server.transmit] -> request(25): 0300001902f08032010000000000080000f0000001000101e0
[2021-10-22 19:32:43,387] [INFO] [server.transmit] -> response(27): 0300001b02f080320300000000000800000000f0000001000100f0
[2021-10-22 19:32:43,388] [INFO] [server.transmit] -> request(33): 0300002102f080320700000000000800080001120411440100ff090004690c840c
[2021-10-22 19:32:43,394] [INFO] [server.transmit] -> response(33): 0300002102f080320700000000000c000400011208128401010000d4010a000000
[2021-10-22 19:32:43,506] [INFO] [base._test_info] -> Current test: 10
[2021-10-22 19:32:43,509] [INFO] [server.transmit] -> request(28): 0300001c17e00000000100c0010ac1083330333133303330c2020200
[2021-10-22 19:32:43,513] [INFO] [server.transmit] -> response(28): 0300001c17d00001000d00c0010ac1083330333133303330c2020200
[2021-10-22 19:32:43,516] [INFO] [server.transmit] -> request(25): 0300001902f08032010000000000080000f0000001000101e0
[2021-10-22 19:32:43,562] [INFO] [server.transmit] -> response(27): 0300001b02f080320300000000000800000000f0000001000100f0
[2021-10-22 19:32:43,563] [INFO] [server.transmit] -> request(33): 0300002102f080320700000000000800080001120411440100ff090004c451cb70
[2021-10-22 19:32:43,572] [INFO] [server.transmit] -> response(33): 0300002102f080320700000000000c000400011208128401010000d4010a000000
[2021-10-22 19:32:43,687] [INFO] [base._test_info] -> Current test: 11
[2021-10-22 19:32:43,691] [INFO] [server.transmit] -> request(28): 0300001c17e00000000100c0010ac1083330333133303330c2020200
[2021-10-22 19:32:43,698] [INFO] [server.transmit] -> response(28): 0300001c17d00001001100c0010ac1083330333133303330c2020200
[2021-10-22 19:32:43,700] [INFO] [server.transmit] -> request(25): 0300001902f08032010000000000080000f0000001000101e0
[2021-10-22 19:32:43,746] [INFO] [server.transmit] -> response(27): 0300001b02f080320300000000000800000000f0000001000100f0
[2021-10-22 19:32:43,747] [INFO] [server.transmit] -> request(33): 0300002102f080320700000000000800080001120411440100ff09000413f1e362
[2021-10-22 19:32:43,756] [INFO] [server.transmit] -> response(33): 0300002102f080320700000000000c000400011208128401010000d4010a000000
[2021-10-22 19:32:43,877] [INFO] [base._test_info] -> Current test: 12
[2021-10-22 19:32:43,878] [INFO] [server.transmit] -> request(28): 0300001c17e00000000100c0010ac1083330333133303330c2020200
[2021-10-22 19:32:43,882] [INFO] [server.transmit] -> response(28): 0300001c17d00001000d00c0010ac1083330333133303330c2020200
[2021-10-22 19:32:43,884] [INFO] [server.transmit] -> request(25): 0300001902f08032010000000000080000f0000001000101e0
[2021-10-22 19:32:43,930] [INFO] [server.transmit] -> response(27): 0300001b02f080320300000000000800000000f0000001000100f0
[2021-10-22 19:32:43,931] [INFO] [server.transmit] -> request(33): 0300002102f080320700000000000800080001120411440100ff0900048d85a61a
[2021-10-22 19:32:43,940] [INFO] [server.transmit] -> response(33): 0300002102f080320700000000000c000400011208128401010000d4010a000000
[2021-10-22 19:32:44,063] [INFO] [base._test_info] -> Current test: 13
[2021-10-22 19:32:44,065] [INFO] [server.transmit] -> request(28): 0300001c17e00000000100c0010ac1083330333133303330c2020200
[2021-10-22 19:32:44,069] [INFO] [server.transmit] -> response(28): 0300001c17d00001001100c0010ac1083330333133303330c2020200
[2021-10-22 19:32:44,071] [INFO] [server.transmit] -> request(25): 0300001902f08032010000000000080000f0000001000101e0
[2021-10-22 19:32:44,118] [INFO] [server.transmit] -> response(27): 0300001b02f080320300000000000800000000f0000001000100f0
[2021-10-22 19:32:44,121] [INFO] [server.transmit] -> request(33): 0300002102f080320700000000000800080001120411440100ff0900045fbf2622
[2021-10-22 19:32:44,130] [INFO] [server.transmit] -> response(33): 0300002102f080320700000000000c000400011208128401010000d4010a000000
[2021-10-22 19:32:44,253] [INFO] [base._test_info] -> Current test: 14
[2021-10-22 19:32:44,253] [INFO] [server.transmit] -> request(28): 0300001c17e00000000100c0010ac1083330333133303330c2020200
[2021-10-22 19:32:44,259] [INFO] [server.transmit] -> response(28): 0300001c17d00001000d00c0010ac1083330333133303330c2020200
[2021-10-22 19:32:44,262] [INFO] [server.transmit] -> request(25): 0300001902f08032010000000000080000f0000001000101e0
[2021-10-22 19:32:44,309] [INFO] [server.transmit] -> response(27): 0300001b02f080320300000000000800000000f0000001000100f0
[2021-10-22 19:32:44,312] [INFO] [server.transmit] -> request(33): 0300002102f080320700000000000800080001120411440100ff090004e5025623
[2021-10-22 19:32:44,319] [INFO] [server.transmit] -> response(33): 0300002102f080320700000000000c000400011208128401010000d4010a000000
[2021-10-22 19:32:44,440] [INFO] [base._test_info] -> Current test: 15
[2021-10-22 19:32:44,441] [INFO] [server.transmit] -> request(28): 0300001c17e00000000100c0010ac1083330333133303330c2020200
[2021-10-22 19:32:44,446] [INFO] [server.transmit] -> response(28): 0300001c17d00001001100c0010ac1083330333133303330c2020200
[2021-10-22 19:32:44,447] [INFO] [server.transmit] -> request(25): 0300001902f08032010000000000080000f0000001000101e0
[2021-10-22 19:32:44,496] [INFO] [server.transmit] -> response(27): 0300001b02f080320300000000000800000000f0000001000100f0
[2021-10-22 19:32:44,497] [INFO] [server.transmit] -> request(33): 0300002102f080320700000000000800080001120411440100ff0900042875d14c
[2021-10-22 19:32:44,506] [INFO] [server.transmit] -> response(33): 0300002102f080320700000000000c000400011208128401010000d4010a000000
[2021-10-22 19:32:44,622] [INFO] [base._test_info] -> Current test: 16
[2021-10-22 19:32:44,625] [INFO] [server.transmit] -> request(28): 0300001c17e00000000100c0010ac1083330333133303330c2020200
[2021-10-22 19:32:44,628] [INFO] [server.transmit] -> response(28): 0300001c17d00001000d00c0010ac1083330333133303330c2020200
[2021-10-22 19:32:44,630] [INFO] [server.transmit] -> request(25): 0300001902f08032010000000000080000f0000001000101e0
[2021-10-22 19:32:44,680] [INFO] [server.transmit] -> response(27): 0300001b02f080320300000000000800000000f0000001000100f0
[2021-10-22 19:32:44,683] [INFO] [server.transmit] -> request(33): 0300002102f080320700000000000800080001120411440100ff0900041d8a652a
[2021-10-22 19:32:44,690] [INFO] [server.transmit] -> response(33): 0300002102f080320700000000000c000400011208128401010000d4010a000000
[2021-10-22 19:32:44,809] [INFO] [base._test_info] -> Current test: 17
[2021-10-22 19:32:44,811] [INFO] [server.transmit] -> request(28): 0300001c17e00000000100c0010ac1083330333133303330c2020200
[2021-10-22 19:32:44,815] [INFO] [server.transmit] -> response(28): 0300001c17d00001001100c0010ac1083330333133303330c2020200
[2021-10-22 19:32:44,815] [INFO] [server.transmit] -> request(25): 0300001902f08032010000000000080000f0000001000101e0
[2021-10-22 19:32:44,865] [INFO] [server.transmit] -> response(27): 0300001b02f080320300000000000800000000f0000001000100f0
[2021-10-22 19:32:44,867] [INFO] [server.transmit] -> request(33): 0300002102f080320700000000000800080001120411440100ff09000456007822
[2021-10-22 19:32:44,875] [INFO] [server.transmit] -> response(33): 0300002102f080320700000000000c000400011208128401010000d4010a000000
[2021-10-22 19:32:44,993] [INFO] [base._test_info] -> Current test: 18
[2021-10-22 19:32:44,994] [INFO] [server.transmit] -> request(28): 0300001c17e00000000100c0010ac1083330333133303330c2020200
[2021-10-22 19:32:44,999] [INFO] [server.transmit] -> response(28): 0300001c17d00001000d00c0010ac1083330333133303330c2020200
[2021-10-22 19:32:45,000] [INFO] [server.transmit] -> request(25): 0300001902f08032010000000000080000f0000001000101e0
[2021-10-22 19:32:45,046] [INFO] [server.transmit] -> response(27): 0300001b02f080320300000000000800000000f0000001000100f0
[2021-10-22 19:32:45,049] [INFO] [server.transmit] -> request(33): 0300002102f080320700000000000800080001120411440100ff0900046ee5e4f7
[2021-10-22 19:32:45,059] [INFO] [server.transmit] -> response(33): 0300002102f080320700000000000c000400011208128401010000d4010a000000
[2021-10-22 19:32:45,177] [INFO] [base._test_info] -> Current test: 19
[2021-10-22 19:32:45,180] [INFO] [server.transmit] -> request(28): 0300001c17e00000000100c0010ac1083330333133303330c2020200
[2021-10-22 19:32:45,186] [INFO] [server.transmit] -> response(28): 0300001c17d00001001100c0010ac1083330333133303330c2020200
[2021-10-22 19:32:45,187] [INFO] [server.transmit] -> request(25): 0300001902f08032010000000000080000f0000001000101e0
[2021-10-22 19:32:45,230] [INFO] [server.transmit] -> response(27): 0300001b02f080320300000000000800000000f0000001000100f0
[2021-10-22 19:32:45,233] [INFO] [server.transmit] -> request(33): 0300002102f080320700000000000800080001120411440100ff090004211d4765
[2021-10-22 19:32:45,240] [INFO] [server.transmit] -> response(33): 0300002102f080320700000000000c000400011208128401010000d4010a000000
[2021-10-22 19:32:45,365] [INFO] [base._test_info] -> Current test: 20
[2021-10-22 19:32:45,368] [INFO] [server.transmit] -> request(28): 0300001c17e00000000100c0010ac1083330333133303330c2020200
[2021-10-22 19:32:45,371] [INFO] [server.transmit] -> response(28): 0300001c17d00001000d00c0010ac1083330333133303330c2020200
[2021-10-22 19:32:45,372] [INFO] [server.transmit] -> request(25): 0300001902f08032010000000000080000f0000001000101e0
[2021-10-22 19:32:45,417] [INFO] [server.transmit] -> response(27): 0300001b02f080320300000000000800000000f0000001000100f0
[2021-10-22 19:32:45,420] [INFO] [server.transmit] -> request(33): 0300002102f080320700000000000800080001120411440100ff090004351f5762
[2021-10-22 19:32:45,427] [INFO] [server.transmit] -> response(33): 0300002102f080320700000000000c000400011208128401010000d4010a000000
[2021-10-22 19:32:45,552] [INFO] [base._test_info] -> Current test: 21
[2021-10-22 19:32:45,553] [INFO] [server.transmit] -> request(28): 0300001c17e00000000100c0010ac1083330333133303330c2020200
[2021-10-22 19:32:45,559] [INFO] [server.transmit] -> response(28): 0300001c17d00001001100c0010ac1083330333133303330c2020200
[2021-10-22 19:32:45,561] [INFO] [server.transmit] -> request(25): 0300001902f08032010000000000080000f0000001000101e0
[2021-10-22 19:32:45,609] [INFO] [server.transmit] -> response(27): 0300001b02f080320300000000000800000000f0000001000100f0
[2021-10-22 19:32:45,611] [INFO] [server.transmit] -> request(33): 0300002102f080320700000000000800080001120411440100ff090004f19a8927
[2021-10-22 19:32:45,619] [INFO] [server.transmit] -> response(33): 0300002102f080320700000000000c000400011208128401010000d4010a000000
[2021-10-22 19:32:45,736] [INFO] [base._test_info] -> Current test: 22
[2021-10-22 19:32:45,740] [INFO] [server.transmit] -> request(28): 0300001c17e00000000100c0010ac1083330333133303330c2020200
[2021-10-22 19:32:45,743] [INFO] [server.transmit] -> response(28): 0300001c17d00001000d00c0010ac1083330333133303330c2020200
[2021-10-22 19:32:45,746] [INFO] [server.transmit] -> request(25): 0300001902f08032010000000000080000f0000001000101e0
[2021-10-22 19:32:45,796] [INFO] [server.transmit] -> response(27): 0300001b02f080320300000000000800000000f0000001000100f0
[2021-10-22 19:32:45,799] [INFO] [server.transmit] -> request(33): 0300002102f080320700000000000800080001120411440100ff09000422dafe5b
[2021-10-22 19:32:45,806] [INFO] [server.transmit] -> response(33): 0300002102f080320700000000000c000400011208128401010000d4010a000000
[2021-10-22 19:32:45,924] [INFO] [base._test_info] -> Current test: 23
[2021-10-22 19:32:45,926] [INFO] [server.transmit] -> request(28): 0300001c17e00000000100c0010ac1083330333133303330c2020200
[2021-10-22 19:32:45,930] [INFO] [server.transmit] -> response(28): 0300001c17d00001001100c0010ac1083330333133303330c2020200
[2021-10-22 19:32:45,933] [INFO] [server.transmit] -> request(25): 0300001902f08032010000000000080000f0000001000101e0
[2021-10-22 19:32:45,982] [INFO] [server.transmit] -> response(27): 0300001b02f080320300000000000800000000f0000001000100f0
[2021-10-22 19:32:45,984] [INFO] [server.transmit] -> request(33): 0300002102f080320700000000000800080001120411440100ff0900046ccfb62c
[2021-10-22 19:32:45,993] [INFO] [server.transmit] -> response(33): 0300002102f080320700000000000c000400011208128401010000d4010a000000
[2021-10-22 19:32:46,114] [INFO] [base._test_info] -> Current test: 24
[2021-10-22 19:32:46,115] [INFO] [server.transmit] -> request(28): 0300001c17e00000000100c0010ac1083330333133303330c2020200
[2021-10-22 19:32:46,121] [INFO] [server.transmit] -> response(28): 0300001c17d00001000d00c0010ac1083330333133303330c2020200
[2021-10-22 19:32:46,122] [INFO] [server.transmit] -> request(25): 0300001902f08032010000000000080000f0000001000101e0
[2021-10-22 19:32:46,171] [INFO] [server.transmit] -> response(27): 0300001b02f080320300000000000800000000f0000001000100f0
[2021-10-22 19:32:46,173] [INFO] [server.transmit] -> request(33): 0300002102f080320700000000000800080001120411440100ff09000409a5e46f
[2021-10-22 19:32:46,181] [INFO] [server.transmit] -> response(33): 0300002102f080320700000000000c000400011208128401010000d4010a000000
[2021-10-22 19:32:46,296] [INFO] [base._test_info] -> Current test: 25
[2021-10-22 19:32:46,299] [INFO] [server.transmit] -> request(28): 0300001c17e00000000100c0010ac1083330333133303330c2020200
[2021-10-22 19:32:46,301] [INFO] [server.transmit] -> response(28): 0300001c17d00001001100c0010ac1083330333133303330c2020200
[2021-10-22 19:32:46,303] [INFO] [server.transmit] -> request(25): 0300001902f08032010000000000080000f0000001000101e0
[2021-10-22 19:32:46,349] [INFO] [server.transmit] -> response(27): 0300001b02f080320300000000000800000000f0000001000100f0
[2021-10-22 19:32:46,351] [INFO] [server.transmit] -> request(33): 0300002102f080320700000000000800080001120411440100ff090004bd69961d
[2021-10-22 19:32:46,362] [INFO] [server.transmit] -> response(33): 0300002102f080320700000000000c000400011208128401010000d4010a000000
[2021-10-22 19:32:46,480] [INFO] [base._test_info] -> Current test: 26
[2021-10-22 19:32:46,482] [INFO] [server.transmit] -> request(28): 0300001c17e00000000100c0010ac1083330333133303330c2020200
[2021-10-22 19:32:46,486] [INFO] [server.transmit] -> response(28): 0300001c17d00001000d00c0010ac1083330333133303330c2020200
[2021-10-22 19:32:46,489] [INFO] [server.transmit] -> request(25): 0300001902f08032010000000000080000f0000001000101e0
[2021-10-22 19:32:46,533] [INFO] [server.transmit] -> response(27): 0300001b02f080320300000000000800000000f0000001000100f0
[2021-10-22 19:32:46,536] [INFO] [server.transmit] -> request(33): 0300002102f080320700000000000800080001120411440100ff0900044e009de4
[2021-10-22 19:32:46,543] [INFO] [server.transmit] -> response(33): 0300002102f080320700000000000c000400011208128401010000d4010a000000
[2021-10-22 19:32:46,657] [INFO] [base._test_info] -> Current test: 27
[2021-10-22 19:32:46,658] [INFO] [server.transmit] -> request(28): 0300001c17e00000000100c0010ac1083330333133303330c2020200
[2021-10-22 19:32:46,663] [INFO] [server.transmit] -> response(28): 0300001c17d00001001100c0010ac1083330333133303330c2020200
[2021-10-22 19:32:46,664] [INFO] [server.transmit] -> request(25): 0300001902f08032010000000000080000f0000001000101e0
[2021-10-22 19:32:46,713] [INFO] [server.transmit] -> response(27): 0300001b02f080320300000000000800000000f0000001000100f0
[2021-10-22 19:32:46,714] [INFO] [server.transmit] -> request(33): 0300002102f080320700000000000800080001120411440100ff09000430fc628a
[2021-10-22 19:32:46,723] [INFO] [server.transmit] -> response(33): 0300002102f080320700000000000c000400011208128401010000d4010a000000
[2021-10-22 19:32:46,846] [INFO] [base._test_info] -> Current test: 28
[2021-10-22 19:32:46,848] [INFO] [server.transmit] -> request(28): 0300001c17e00000000100c0010ac1083330333133303330c2020200
[2021-10-22 19:32:46,852] [INFO] [server.transmit] -> response(28): 0300001c17d00001000d00c0010ac1083330333133303330c2020200
[2021-10-22 19:32:46,855] [INFO] [server.transmit] -> request(25): 0300001902f08032010000000000080000f0000001000101e0
[2021-10-22 19:32:46,903] [INFO] [server.transmit] -> response(27): 0300001b02f080320300000000000800000000f0000001000100f0
[2021-10-22 19:32:46,907] [INFO] [server.transmit] -> request(33): 0300002102f080320700000000000800080001120411440100ff0900045a62cd79
[2021-10-22 19:32:46,915] [INFO] [server.transmit] -> response(33): 0300002102f080320700000000000c000400011208128401010000d4010a000000
[2021-10-22 19:32:47,030] [INFO] [base._test_info] -> Current test: 29
[2021-10-22 19:32:47,032] [INFO] [server.transmit] -> request(28): 0300001c17e00000000100c0010ac1083330333133303330c2020200
[2021-10-22 19:32:47,039] [INFO] [server.transmit] -> response(28): 0300001c17d00001001100c0010ac1083330333133303330c2020200
[2021-10-22 19:32:47,039] [INFO] [server.transmit] -> request(25): 0300001902f08032010000000000080000f0000001000101e0
[2021-10-22 19:32:47,088] [INFO] [server.transmit] -> response(27): 0300001b02f080320300000000000800000000f0000001000100f0
[2021-10-22 19:32:47,091] [INFO] [server.transmit] -> request(33): 0300002102f080320700000000000800080001120411440100ff0900044b44e541
[2021-10-22 19:32:47,099] [INFO] [server.transmit] -> response(33): 0300002102f080320700000000000c000400011208128401010000d4010a000000
[2021-10-22 19:32:47,213] [INFO] [base._test_info] -> Current test: 30
[2021-10-22 19:32:47,214] [INFO] [server.transmit] -> request(28): 0300001c17e00000000100c0010ac1083330333133303330c2020200
[2021-10-22 19:32:47,220] [INFO] [server.transmit] -> response(28): 0300001c17d00001000d00c0010ac1083330333133303330c2020200
[2021-10-22 19:32:47,221] [INFO] [server.transmit] -> request(25): 0300001902f08032010000000000080000f0000001000101e0
[2021-10-22 19:32:47,269] [INFO] [server.transmit] -> response(27): 0300001b02f080320300000000000800000000f0000001000100f0
[2021-10-22 19:32:47,269] [INFO] [server.transmit] -> request(33): 0300002102f080320700000000000800080001120411440100ff090004be41a5d7
[2021-10-22 19:32:47,280] [INFO] [server.transmit] -> response(33): 0300002102f080320700000000000c000400011208128401010000d4010a000000
