[2021-09-13 19:18:44,287] [INFO] [base._load_session] -> No session loaded
[2021-09-13 19:18:44,290] [INFO] [base._start_message] -> 
                 --------------------------------------------------
                 Starting fuzzing session
                 Target: TcpTarget
                 UI: WebInterface listening on 127.0.0.1:26011
                 Log: ./kittylogs/kitty_20210913-191843.log

                 Total possible mutation count: 361
                 --------------------------------------------------
                                 Happy hacking
                 --------------------------------------------------
            
[2021-09-13 19:18:44,290] [INFO] [base.start] -> Performing environment test
[2021-09-13 19:18:44,295] [INFO] [base._test_info] -> Current test: -1
[2021-09-13 19:18:44,296] [INFO] [server.transmit] -> request(28): 474554202f696e6465782e68746d6c20485454502f312e310d0a0d0a
[2021-09-13 19:18:44,297] [INFO] [server._start] -> should keep running? True
[2021-09-13 19:18:44,299] [INFO] [base._test_info] -> Current test: 0
[2021-09-13 19:18:44,300] [INFO] [server.transmit] -> request(39): 474554202f696e6465782e68746d6c2f696e6465782e68746d6c20485454502f312e310d0a0d0a
[2021-09-13 19:18:44,302] [INFO] [base._test_info] -> Current test: 1
[2021-09-13 19:18:44,303] [INFO] [server.transmit] -> request(127): 474554202f696e6465782e68746d6c2f696e6465782e68746d6c2f696e6465782e68746d6c2f696e6465782e68746d6c2f69 ...
[2021-09-13 19:18:44,305] [INFO] [base._test_info] -> Current test: 2
[2021-09-13 19:18:44,306] [INFO] [server.transmit] -> request(1117): 474554202f696e6465782e68746d6c2f696e6465782e68746d6c2f696e6465782e68746d6c2f696e6465782e68746d6c2f69 ...
[2021-09-13 19:18:44,308] [INFO] [base._test_info] -> Current test: 3
[2021-09-13 19:18:44,308] [INFO] [server.transmit] -> request(29): 474554202f696e6465782e68746d6cfe20485454502f312e310d0a0d0a
[2021-09-13 19:18:44,310] [INFO] [base._test_info] -> Current test: 4
[2021-09-13 19:18:44,311] [INFO] [server.transmit] -> request(29): 47455420002f696e6465782e68746d6c20485454502f312e310d0a0d0a
[2021-09-13 19:18:44,314] [INFO] [base._test_info] -> Current test: 5
[2021-09-13 19:18:44,314] [INFO] [server.transmit] -> request(29): 474554202f696e646500782e68746d6c20485454502f312e310d0a0d0a
[2021-09-13 19:18:44,316] [INFO] [base._test_info] -> Current test: 6
[2021-09-13 19:18:44,317] [INFO] [server.transmit] -> request(29): 474554202f696e6465782e68746d6c0020485454502f312e310d0a0d0a
[2021-09-13 19:18:44,319] [INFO] [base._test_info] -> Current test: 7
[2021-09-13 19:18:44,320] [INFO] [server.transmit] -> request(17): 4745542020485454502f312e310d0a0d0a
[2021-09-13 19:18:44,322] [INFO] [base._test_info] -> Current test: 8
[2021-09-13 19:18:44,323] [INFO] [server.transmit] -> request(2065): 4745542025732573257325732573257325732573257325732573257325732573257325732573257325732573257325732573 ...
[2021-09-13 19:18:44,326] [INFO] [base._test_info] -> Current test: 9
[2021-09-13 19:18:44,327] [INFO] [server.transmit] -> request(273): 4745542025732573257325732573257325732573257325732573257325732573257325732573257325732573257325732573 ...
[2021-09-13 19:18:44,329] [INFO] [base._test_info] -> Current test: 10
[2021-09-13 19:18:44,330] [INFO] [server.transmit] -> request(49): 47455420257325732573257325732573257325732573257325732573257325732573257320485454502f312e310d0a0d0a
[2021-09-13 19:18:44,332] [INFO] [base._test_info] -> Current test: 11
[2021-09-13 19:18:44,333] [INFO] [server.transmit] -> request(21): 474554202573257320485454502f312e310d0a0d0a
[2021-09-13 19:18:44,336] [INFO] [base._test_info] -> Current test: 12
[2021-09-13 19:18:44,337] [INFO] [server.transmit] -> request(3089): 4745542025257325257325257325257325257325257325257325257325257325257325257325257325257325257325257325 ...
[2021-09-13 19:18:44,339] [INFO] [base._test_info] -> Current test: 13
[2021-09-13 19:18:44,340] [INFO] [server.transmit] -> request(401): 4745542025257325257325257325257325257325257325257325257325257325257325257325257325257325257325257325 ...
[2021-09-13 19:18:44,342] [INFO] [base._test_info] -> Current test: 14
[2021-09-13 19:18:44,343] [INFO] [server.transmit] -> request(65): 4745542025257325257325257325257325257325257325257325257325257325257325257325257325257325257325257325 ...
[2021-09-13 19:18:44,346] [INFO] [base._test_info] -> Current test: 15
[2021-09-13 19:18:44,346] [INFO] [server.transmit] -> request(23): 4745542025257325257320485454502f312e310d0a0d0a
[2021-09-13 19:18:44,349] [INFO] [base._test_info] -> Current test: 16
[2021-09-13 19:18:44,350] [INFO] [server.transmit] -> request(4113): 4745542022257322222573222225732222257322222573222225732222257322222573222225732222257322222573222225 ...
[2021-09-13 19:18:44,353] [INFO] [base._test_info] -> Current test: 17
[2021-09-13 19:18:44,354] [INFO] [server.transmit] -> request(529): 4745542022257322222573222225732222257322222573222225732222257322222573222225732222257322222573222225 ...
[2021-09-13 19:18:44,356] [INFO] [base._test_info] -> Current test: 18
[2021-09-13 19:18:44,357] [INFO] [server.transmit] -> request(81): 4745542022257322222573222225732222257322222573222225732222257322222573222225732222257322222573222225 ...
[2021-09-13 19:18:44,359] [INFO] [base._test_info] -> Current test: 19
[2021-09-13 19:18:44,359] [INFO] [server.transmit] -> request(25): 47455420222573222225732220485454502f312e310d0a0d0a
[2021-09-13 19:18:44,364] [INFO] [base._test_info] -> Current test: 20
[2021-09-13 19:18:44,365] [INFO] [server.transmit] -> request(2065): 47455420256e256e256e256e256e256e256e256e256e256e256e256e256e256e256e256e256e256e256e256e256e256e256e ...
[2021-09-13 19:18:44,367] [INFO] [base._test_info] -> Current test: 21
[2021-09-13 19:18:44,368] [INFO] [server.transmit] -> request(273): 47455420256e256e256e256e256e256e256e256e256e256e256e256e256e256e256e256e256e256e256e256e256e256e256e ...
[2021-09-13 19:18:44,371] [INFO] [base._test_info] -> Current test: 22
[2021-09-13 19:18:44,371] [INFO] [server.transmit] -> request(49): 47455420256e256e256e256e256e256e256e256e256e256e256e256e256e256e256e256e20485454502f312e310d0a0d0a
[2021-09-13 19:18:44,373] [INFO] [base._test_info] -> Current test: 23
[2021-09-13 19:18:44,374] [INFO] [server.transmit] -> request(21): 47455420256e256e20485454502f312e310d0a0d0a
[2021-09-13 19:18:44,376] [INFO] [base._test_info] -> Current test: 24
[2021-09-13 19:18:44,377] [INFO] [server.transmit] -> request(3089): 4745542025256e25256e25256e25256e25256e25256e25256e25256e25256e25256e25256e25256e25256e25256e25256e25 ...
[2021-09-13 19:18:44,380] [INFO] [base._test_info] -> Current test: 25
[2021-09-13 19:18:44,381] [INFO] [server.transmit] -> request(401): 4745542025256e25256e25256e25256e25256e25256e25256e25256e25256e25256e25256e25256e25256e25256e25256e25 ...
[2021-09-13 19:18:44,383] [INFO] [base._test_info] -> Current test: 26
[2021-09-13 19:18:44,384] [INFO] [server.transmit] -> request(65): 4745542025256e25256e25256e25256e25256e25256e25256e25256e25256e25256e25256e25256e25256e25256e25256e25 ...
[2021-09-13 19:18:44,386] [INFO] [base._test_info] -> Current test: 27
[2021-09-13 19:18:44,387] [INFO] [server.transmit] -> request(23): 4745542025256e25256e20485454502f312e310d0a0d0a
[2021-09-13 19:18:44,390] [INFO] [base._test_info] -> Current test: 28
[2021-09-13 19:18:44,391] [INFO] [server.transmit] -> request(4113): 4745542022256e2222256e2222256e2222256e2222256e2222256e2222256e2222256e2222256e2222256e2222256e222225 ...
[2021-09-13 19:18:44,393] [INFO] [base._test_info] -> Current test: 29
[2021-09-13 19:18:44,394] [INFO] [server.transmit] -> request(529): 4745542022256e2222256e2222256e2222256e2222256e2222256e2222256e2222256e2222256e2222256e2222256e222225 ...
[2021-09-13 19:18:44,397] [INFO] [base._test_info] -> Current test: 30
[2021-09-13 19:18:44,398] [INFO] [server.transmit] -> request(81): 4745542022256e2222256e2222256e2222256e2222256e2222256e2222256e2222256e2222256e2222256e2222256e222225 ...
[2021-09-13 19:18:44,400] [INFO] [base._test_info] -> Current test: 31
[2021-09-13 19:18:44,401] [INFO] [server.transmit] -> request(25): 4745542022256e2222256e2220485454502f312e310d0a0d0a
[2021-09-13 19:18:44,404] [INFO] [base._test_info] -> Current test: 32
[2021-09-13 19:18:44,404] [INFO] [server.transmit] -> request(31): 47455420252e31363730357525325c24686e20485454502f312e310d0a0d0a
[2021-09-13 19:18:44,407] [INFO] [base._test_info] -> Current test: 33
[2021-09-13 19:18:44,407] [INFO] [server.transmit] -> request(2065): 474554200d0a0d0a0d0a0d0a0d0a0d0a0d0a0d0a0d0a0d0a0d0a0d0a0d0a0d0a0d0a0d0a0d0a0d0a0d0a0d0a0d0a0d0a0d0a ...
[2021-09-13 19:18:44,409] [INFO] [base._test_info] -> Current test: 34
[2021-09-13 19:18:44,410] [INFO] [server.transmit] -> request(273): 474554200d0a0d0a0d0a0d0a0d0a0d0a0d0a0d0a0d0a0d0a0d0a0d0a0d0a0d0a0d0a0d0a0d0a0d0a0d0a0d0a0d0a0d0a0d0a ...
[2021-09-13 19:18:44,413] [INFO] [base._test_info] -> Current test: 35
[2021-09-13 19:18:44,415] [INFO] [server.transmit] -> request(49): 474554200d0a0d0a0d0a0d0a0d0a0d0a0d0a0d0a0d0a0d0a0d0a0d0a0d0a0d0a0d0a0d0a20485454502f312e310d0a0d0a
[2021-09-13 19:18:44,418] [INFO] [base._test_info] -> Current test: 36
[2021-09-13 19:18:44,418] [INFO] [server.transmit] -> request(21): 474554200d0a0d0a20485454502f312e310d0a0d0a
[2021-09-13 19:18:44,421] [INFO] [base._test_info] -> Current test: 37
[2021-09-13 19:18:44,422] [INFO] [server.transmit] -> request(1041): 474554200a0a0a0a0a0a0a0a0a0a0a0a0a0a0a0a0a0a0a0a0a0a0a0a0a0a0a0a0a0a0a0a0a0a0a0a0a0a0a0a0a0a0a0a0a0a ...
[2021-09-13 19:18:44,424] [INFO] [base._test_info] -> Current test: 38
[2021-09-13 19:18:44,425] [INFO] [server.transmit] -> request(145): 474554200a0a0a0a0a0a0a0a0a0a0a0a0a0a0a0a0a0a0a0a0a0a0a0a0a0a0a0a0a0a0a0a0a0a0a0a0a0a0a0a0a0a0a0a0a0a ...
[2021-09-13 19:18:44,427] [INFO] [base._test_info] -> Current test: 39
[2021-09-13 19:18:44,429] [INFO] [server.transmit] -> request(33): 474554200a0a0a0a0a0a0a0a0a0a0a0a0a0a0a0a20485454502f312e310d0a0d0a
[2021-09-13 19:18:44,431] [INFO] [base._test_info] -> Current test: 40
[2021-09-13 19:18:44,432] [INFO] [server.transmit] -> request(19): 474554200a0a20485454502f312e310d0a0d0a
[2021-09-13 19:18:44,435] [INFO] [base._test_info] -> Current test: 41
[2021-09-13 19:18:44,436] [INFO] [server.transmit] -> request(4113): 47455420deadbeefdeadbeefdeadbeefdeadbeefdeadbeefdeadbeefdeadbeefdeadbeefdeadbeefdeadbeefdeadbeefdead ...
[2021-09-13 19:18:44,440] [INFO] [base._test_info] -> Current test: 42
[2021-09-13 19:18:44,440] [INFO] [server.transmit] -> request(529): 47455420deadbeefdeadbeefdeadbeefdeadbeefdeadbeefdeadbeefdeadbeefdeadbeefdeadbeefdeadbeefdeadbeefdead ...
[2021-09-13 19:18:44,443] [INFO] [base._test_info] -> Current test: 43
[2021-09-13 19:18:44,443] [INFO] [server.transmit] -> request(81): 47455420deadbeefdeadbeefdeadbeefdeadbeefdeadbeefdeadbeefdeadbeefdeadbeefdeadbeefdeadbeefdeadbeefdead ...
[2021-09-13 19:18:44,446] [INFO] [base._test_info] -> Current test: 44
[2021-09-13 19:18:44,447] [INFO] [server.transmit] -> request(25): 47455420deadbeefdeadbeef20485454502f312e310d0a0d0a
[2021-09-13 19:18:44,449] [INFO] [base._test_info] -> Current test: 45
[2021-09-13 19:18:44,449] [INFO] [server.transmit] -> request(34): 474554207c746f756368202f746d702f4b4954545920485454502f312e310d0a0d0a
[2021-09-13 19:18:44,451] [INFO] [base._test_info] -> Current test: 46
[2021-09-13 19:18:44,452] [INFO] [server.transmit] -> request(35): 474554203b746f756368202f746d702f4b495454593b20485454502f312e310d0a0d0a
[2021-09-13 19:18:44,454] [INFO] [base._test_info] -> Current test: 47
[2021-09-13 19:18:44,454] [INFO] [server.transmit] -> request(31): 474554203b6c733e2f746d702f4b4954545920485454502f312e310d0a0d0a
[2021-09-13 19:18:44,457] [INFO] [base._test_info] -> Current test: 48
[2021-09-13 19:18:44,457] [INFO] [server.transmit] -> request(46): 47455420223b6c733e2f746d702f4b495454593b6c733e2f6465762f6e756c6c2220485454502f312e310d0a0d0a
[2021-09-13 19:18:44,459] [INFO] [base._test_info] -> Current test: 49
[2021-09-13 19:18:44,459] [INFO] [server.transmit] -> request(47): 47455420273b6c733e2f746d702f4b495454593b6c733e272f6465762f6e756c6c2720485454502f312e310d0a0d0a
[2021-09-13 19:18:44,461] [INFO] [base._test_info] -> Current test: 50
[2021-09-13 19:18:44,462] [INFO] [server.transmit] -> request(32): 47455420606c733e2f746d702f4b495454596020485454502f312e310d0a0d0a
[2021-09-13 19:18:44,464] [INFO] [base._test_info] -> Current test: 51
[2021-09-13 19:18:44,465] [INFO] [server.transmit] -> request(33): 4745542020606c733e2f746d702f4b495454596020485454502f312e310d0a0d0a
[2021-09-13 19:18:44,467] [INFO] [base._test_info] -> Current test: 52
[2021-09-13 19:18:44,467] [INFO] [server.transmit] -> request(25): 474554207c6e6f746570616420485454502f312e310d0a0d0a
[2021-09-13 19:18:44,469] [INFO] [base._test_info] -> Current test: 53
[2021-09-13 19:18:44,470] [INFO] [server.transmit] -> request(26): 474554203b6e6f74657061643b20485454502f312e310d0a0d0a
[2021-09-13 19:18:44,472] [INFO] [base._test_info] -> Current test: 54
[2021-09-13 19:18:44,472] [INFO] [server.transmit] -> request(26): 474554200a6e6f74657061640a20485454502f312e310d0a0d0a
[2021-09-13 19:18:44,474] [INFO] [base._test_info] -> Current test: 55
[2021-09-13 19:18:44,474] [INFO] [server.transmit] -> request(28): 4745542027206f7220313d31202d2d20485454502f312e310d0a0d0a
[2021-09-13 19:18:44,476] [INFO] [base._test_info] -> Current test: 56
[2021-09-13 19:18:44,476] [INFO] [server.transmit] -> request(34): 47455420273b20646573632075736572733b202d2d20485454502f312e310d0a0d0a
[2021-09-13 19:18:44,478] [INFO] [base._test_info] -> Current test: 57
[2021-09-13 19:18:44,479] [INFO] [server.transmit] -> request(58): 4745542027206f7220757365726e616d65206973206e6f74204e554c4c206f7220757365726e616d65203d20272048545450 ...
[2021-09-13 19:18:44,481] [INFO] [base._test_info] -> Current test: 58
[2021-09-13 19:18:44,482] [INFO] [server.transmit] -> request(89): 474554203120756e696f6e20616c6c2073656c65637420312c322c332c342c352c362c6e616d652066726f6d207379736f62 ...
[2021-09-13 19:18:44,484] [INFO] [base._test_info] -> Current test: 59
[2021-09-13 19:18:44,485] [INFO] [server.transmit] -> request(28): 4745542060206f72206031603d603120485454502f312e310d0a0d0a
[2021-09-13 19:18:44,487] [INFO] [base._test_info] -> Current test: 60
[2021-09-13 19:18:44,487] [INFO] [server.transmit] -> request(28): 4745542027206f72202731273d273120485454502f312e310d0a0d0a
[2021-09-13 19:18:44,489] [INFO] [base._test_info] -> Current test: 61
[2021-09-13 19:18:44,489] [INFO] [server.transmit] -> request(19): 47455420414120485454502f312e310d0a0d0a
[2021-09-13 19:18:44,491] [INFO] [base._test_info] -> Current test: 62
[2021-09-13 19:18:44,491] [INFO] [server.transmit] -> request(27): 474554204141414141414141414120485454502f312e310d0a0d0a
[2021-09-13 19:18:44,493] [INFO] [base._test_info] -> Current test: 63
[2021-09-13 19:18:44,494] [INFO] [server.transmit] -> request(117): 4745542041414141414141414141414141414141414141414141414141414141414141414141414141414141414141414141 ...
[2021-09-13 19:18:44,497] [INFO] [base._test_info] -> Current test: 64
[2021-09-13 19:18:44,497] [INFO] [server.transmit] -> request(1017): 4745542041414141414141414141414141414141414141414141414141414141414141414141414141414141414141414141 ...
[2021-09-13 19:18:44,500] [INFO] [base._test_info] -> Current test: 65
[2021-09-13 19:18:44,501] [INFO] [server.transmit] -> request(5017): 4745542041414141414141414141414141414141414141414141414141414141414141414141414141414141414141414141 ...
[2021-09-13 19:18:44,506] [INFO] [base._test_info] -> Current test: 66
[2021-09-13 19:18:44,507] [INFO] [server.transmit] -> request(10017): 4745542041414141414141414141414141414141414141414141414141414141414141414141414141414141414141414141 ...
[2021-09-13 19:18:44,509] [INFO] [base._test_info] -> Current test: 67
[2021-09-13 19:18:44,509] [INFO] [server.transmit] -> request(28): 474554202f6574632f70617373776420485454502f312e310d0a0d0a
[2021-09-13 19:18:44,511] [INFO] [base._test_info] -> Current test: 68
[2021-09-13 19:18:44,511] [INFO] [server.transmit] -> request(71): 474554202e2f2e2e2f2e2e2f2e2e2f2e2e2f2e2e2f2e2e2f2e2e2f2e2e2f2e2e2f2e2e2f2e2e2f2e2e2f2e2e2f2e2e2f6574 ...
[2021-09-13 19:18:44,515] [INFO] [base._test_info] -> Current test: 69
[2021-09-13 19:18:44,515] [INFO] [server.transmit] -> request(69): 474554202e2e2f2e2e2f2e2e2f2e2e2f2e2e2f2e2e2f2e2e2f2e2e2f2e2e2f2e2e2f2e2e2f2e2e2f2e2e2f2e2e2f6574632f ...
[2021-09-13 19:18:44,517] [INFO] [base._test_info] -> Current test: 70
[2021-09-13 19:18:44,518] [INFO] [server.transmit] -> request(30): 474554202f70726f632f637075696e666f20485454502f312e310d0a0d0a
[2021-09-13 19:18:44,521] [INFO] [base._test_info] -> Current test: 71
[2021-09-13 19:18:44,521] [INFO] [server.transmit] -> request(73): 474554202e2f2e2e2f2e2e2f2e2e2f2e2e2f2e2e2f2e2e2f2e2e2f2e2e2f2e2e2f2e2e2f2e2e2f2e2e2f2e2e2f2e2e2f7072 ...
[2021-09-13 19:18:44,523] [INFO] [base._test_info] -> Current test: 72
[2021-09-13 19:18:44,523] [INFO] [server.transmit] -> request(71): 474554202e2e2f2e2e2f2e2e2f2e2e2f2e2e2f2e2e2f2e2e2f2e2e2f2e2e2f2e2e2f2e2e2f2e2e2f2e2e2f2e2e2f70726f63 ...
[2021-09-13 19:18:44,525] [INFO] [base._test_info] -> Current test: 73
[2021-09-13 19:18:44,525] [INFO] [server.transmit] -> request(27): 474554207e2f2e70726f66696c6520485454502f312e310d0a0d0a
[2021-09-13 19:18:44,527] [INFO] [base._test_info] -> Current test: 74
[2021-09-13 19:18:44,528] [INFO] [server.transmit] -> request(31): 4745542024484f4d452f2e70726f66696c6520485454502f312e310d0a0d0a
[2021-09-13 19:18:44,531] [INFO] [base._test_info] -> Current test: 75
[2021-09-13 19:18:44,531] [INFO] [server.transmit] -> request(62): 474554202f2e2e2f2e2e2f2e2e2f2e2e2f2e2e2f2e2e2f2e2e2f2e2e2f2e2e2f2e2e2f2e2e2f2e2e2f626f6f742e696e6920 ...
[2021-09-13 19:18:44,533] [INFO] [base._test_info] -> Current test: 76
[2021-09-13 19:18:44,534] [INFO] [server.transmit] -> request(1041): 474554202f5c2f5c2f5c2f5c2f5c2f5c2f5c2f5c2f5c2f5c2f5c2f5c2f5c2f5c2f5c2f5c2f5c2f5c2f5c2f5c2f5c2f5c2f5c ...
[2021-09-13 19:18:44,536] [INFO] [base._test_info] -> Current test: 77
[2021-09-13 19:18:44,537] [INFO] [server.transmit] -> request(145): 474554202f5c2f5c2f5c2f5c2f5c2f5c2f5c2f5c2f5c2f5c2f5c2f5c2f5c2f5c2f5c2f5c2f5c2f5c2f5c2f5c2f5c2f5c2f5c ...
[2021-09-13 19:18:44,539] [INFO] [base._test_info] -> Current test: 78
[2021-09-13 19:18:44,539] [INFO] [server.transmit] -> request(33): 474554202f5c2f5c2f5c2f5c2f5c2f5c2f5c2f5c20485454502f312e310d0a0d0a
[2021-09-13 19:18:44,541] [INFO] [base._test_info] -> Current test: 79
[2021-09-13 19:18:44,542] [INFO] [server.transmit] -> request(1041): 474554202f2e2f2e2f2e2f2e2f2e2f2e2f2e2f2e2f2e2f2e2f2e2f2e2f2e2f2e2f2e2f2e2f2e2f2e2f2e2f2e2f2e2f2e2f2e ...
[2021-09-13 19:18:44,544] [INFO] [base._test_info] -> Current test: 80
[2021-09-13 19:18:44,545] [INFO] [server.transmit] -> request(145): 474554202f2e2f2e2f2e2f2e2f2e2f2e2f2e2f2e2f2e2f2e2f2e2f2e2f2e2f2e2f2e2f2e2f2e2f2e2f2e2f2e2f2e2f2e2f2e ...
[2021-09-13 19:18:44,548] [INFO] [base._test_info] -> Current test: 81
[2021-09-13 19:18:44,548] [INFO] [server.transmit] -> request(33): 474554202f2e2f2e2f2e2f2e2f2e2f2e2f2e2f2e20485454502f312e310d0a0d0a
[2021-09-13 19:18:44,550] [INFO] [base._test_info] -> Current test: 82
[2021-09-13 19:18:44,551] [INFO] [server.transmit] -> request(46): 474554202140232425255e2324252324402324252424402324255e5e2a2a28282920485454502f312e310d0a0d0a
[2021-09-13 19:18:44,554] [INFO] [base._test_info] -> Current test: 83
[2021-09-13 19:18:44,554] [INFO] [server.transmit] -> request(42): 474554202530312530322530332530342530612530642530614144534620485454502f312e310d0a0d0a
[2021-09-13 19:18:44,556] [INFO] [base._test_info] -> Current test: 84
[2021-09-13 19:18:44,557] [INFO] [server.transmit] -> request(43): 47455420253031253032253033402530342530612530642530614144534620485454502f312e310d0a0d0a
[2021-09-13 19:18:44,558] [INFO] [base._test_info] -> Current test: 85
[2021-09-13 19:18:44,559] [INFO] [server.transmit] -> request(22): 474554202f2530302f20485454502f312e310d0a0d0a
[2021-09-13 19:18:44,561] [INFO] [base._test_info] -> Current test: 86
[2021-09-13 19:18:44,561] [INFO] [server.transmit] -> request(21): 474554202530302f20485454502f312e310d0a0d0a
[2021-09-13 19:18:44,564] [INFO] [base._test_info] -> Current test: 87
[2021-09-13 19:18:44,565] [INFO] [server.transmit] -> request(20): 4745542025303020485454502f312e310d0a0d0a
[2021-09-13 19:18:44,567] [INFO] [base._test_info] -> Current test: 88
[2021-09-13 19:18:44,567] [INFO] [server.transmit] -> request(23): 4745542025753030303020485454502f312e310d0a0d0a
[2021-09-13 19:18:44,569] [INFO] [base._test_info] -> Current test: 89
[2021-09-13 19:18:44,570] [INFO] [server.transmit] -> request(209): 4745542025fef02501ff25fef02501ff25fef02501ff25fef02501ff25fef02501ff25fef02501ff25fef02501ff25fef025 ...
[2021-09-13 19:18:44,592] [INFO] [base._test_info] -> Current test: 90
[2021-09-13 19:18:44,593] [INFO] [server.transmit] -> request(41): 4745542025fef02501ff25fef02501ff25fef02501ff25fef02501ff20485454502f312e310d0a0d0a
[2021-09-13 19:18:44,595] [INFO] [base._test_info] -> Current test: 91
[2021-09-13 19:18:44,596] [INFO] [server.transmit] -> request(29): 474554202f696e6465782e68746d6c2020485454502f312e310d0a0d0a
[2021-09-13 19:18:44,597] [INFO] [base._test_info] -> Current test: 92
[2021-09-13 19:18:44,598] [INFO] [server.transmit] -> request(37): 474554202f696e6465782e68746d6c20202020202020202020485454502f312e310d0a0d0a
[2021-09-13 19:18:44,603] [INFO] [base._test_info] -> Current test: 93
[2021-09-13 19:18:44,604] [INFO] [server.transmit] -> request(127): 474554202f696e6465782e68746d6c2020202020202020202020202020202020202020202020202020202020202020202020 ...
[2021-09-13 19:18:44,607] [INFO] [base._test_info] -> Current test: 94
[2021-09-13 19:18:44,607] [INFO] [server.transmit] -> request(29): 474554202f696e6465782e68746d6c20fe485454502f312e310d0a0d0a
[2021-09-13 19:18:44,609] [INFO] [base._test_info] -> Current test: 95
[2021-09-13 19:18:44,610] [INFO] [server.transmit] -> request(29): 474554202f696e6465782e68746d6c0020485454502f312e310d0a0d0a
[2021-09-13 19:18:44,612] [INFO] [base._test_info] -> Current test: 96
[2021-09-13 19:18:44,613] [INFO] [server.transmit] -> request(29): 474554202f696e6465782e68746d6c0020485454502f312e310d0a0d0a
[2021-09-13 19:18:44,615] [INFO] [base._test_info] -> Current test: 97
[2021-09-13 19:18:44,615] [INFO] [server.transmit] -> request(29): 474554202f696e6465782e68746d6c2000485454502f312e310d0a0d0a
[2021-09-13 19:18:44,617] [INFO] [base._test_info] -> Current test: 98
[2021-09-13 19:18:44,618] [INFO] [server.transmit] -> request(31): 474554202f696e6465782e68746d6c20202020485454502f312e310d0a0d0a
[2021-09-13 19:18:44,620] [INFO] [base._test_info] -> Current test: 99
[2021-09-13 19:18:44,620] [INFO] [server.transmit] -> request(31): 474554202f696e6465782e68746d6c09090909485454502f312e310d0a0d0a
[2021-09-13 19:18:44,622] [INFO] [base._test_info] -> Current test: 100
[2021-09-13 19:18:44,622] [INFO] [server.transmit] -> request(31): 474554202f696e6465782e68746d6c21212121485454502f312e310d0a0d0a
[2021-09-13 19:18:44,623] [INFO] [base._test_info] -> Current test: 101
[2021-09-13 19:18:44,624] [INFO] [server.transmit] -> request(31): 474554202f696e6465782e68746d6c40404040485454502f312e310d0a0d0a
[2021-09-13 19:18:44,625] [INFO] [base._test_info] -> Current test: 102
[2021-09-13 19:18:44,626] [INFO] [server.transmit] -> request(31): 474554202f696e6465782e68746d6c23232323485454502f312e310d0a0d0a
[2021-09-13 19:18:44,628] [INFO] [base._test_info] -> Current test: 103
[2021-09-13 19:18:44,629] [INFO] [server.transmit] -> request(31): 474554202f696e6465782e68746d6c24242424485454502f312e310d0a0d0a
[2021-09-13 19:18:44,631] [INFO] [base._test_info] -> Current test: 104
[2021-09-13 19:18:44,631] [INFO] [server.transmit] -> request(31): 474554202f696e6465782e68746d6c25252525485454502f312e310d0a0d0a
[2021-09-13 19:18:44,633] [INFO] [base._test_info] -> Current test: 105
[2021-09-13 19:18:44,634] [INFO] [server.transmit] -> request(31): 474554202f696e6465782e68746d6c5e5e5e5e485454502f312e310d0a0d0a
[2021-09-13 19:18:44,635] [INFO] [base._test_info] -> Current test: 106
[2021-09-13 19:18:44,636] [INFO] [server.transmit] -> request(31): 474554202f696e6465782e68746d6c26262626485454502f312e310d0a0d0a
[2021-09-13 19:18:44,637] [INFO] [base._test_info] -> Current test: 107
[2021-09-13 19:18:44,638] [INFO] [server.transmit] -> request(31): 474554202f696e6465782e68746d6c2a2a2a2a485454502f312e310d0a0d0a
[2021-09-13 19:18:44,639] [INFO] [base._test_info] -> Current test: 108
[2021-09-13 19:18:44,640] [INFO] [server.transmit] -> request(31): 474554202f696e6465782e68746d6c28282828485454502f312e310d0a0d0a
[2021-09-13 19:18:44,642] [INFO] [base._test_info] -> Current test: 109
[2021-09-13 19:18:44,642] [INFO] [server.transmit] -> request(31): 474554202f696e6465782e68746d6c29292929485454502f312e310d0a0d0a
[2021-09-13 19:18:44,644] [INFO] [base._test_info] -> Current test: 110
[2021-09-13 19:18:44,645] [INFO] [server.transmit] -> request(31): 474554202f696e6465782e68746d6c2d2d2d2d485454502f312e310d0a0d0a
[2021-09-13 19:18:44,647] [INFO] [base._test_info] -> Current test: 111
[2021-09-13 19:18:44,647] [INFO] [server.transmit] -> request(31): 474554202f696e6465782e68746d6c5f5f5f5f485454502f312e310d0a0d0a
[2021-09-13 19:18:44,649] [INFO] [base._test_info] -> Current test: 112
[2021-09-13 19:18:44,650] [INFO] [server.transmit] -> request(31): 474554202f696e6465782e68746d6c2b2b2b2b485454502f312e310d0a0d0a
[2021-09-13 19:18:44,652] [INFO] [base._test_info] -> Current test: 113
[2021-09-13 19:18:44,652] [INFO] [server.transmit] -> request(31): 474554202f696e6465782e68746d6c3d3d3d3d485454502f312e310d0a0d0a
[2021-09-13 19:18:44,654] [INFO] [base._test_info] -> Current test: 114
[2021-09-13 19:18:44,654] [INFO] [server.transmit] -> request(31): 474554202f696e6465782e68746d6c3a3a3a3a485454502f312e310d0a0d0a
[2021-09-13 19:18:44,656] [INFO] [base._test_info] -> Current test: 115
[2021-09-13 19:18:44,657] [INFO] [server.transmit] -> request(31): 474554202f696e6465782e68746d6c3b3b3b3b485454502f312e310d0a0d0a
[2021-09-13 19:18:44,658] [INFO] [base._test_info] -> Current test: 116
[2021-09-13 19:18:44,658] [INFO] [server.transmit] -> request(31): 474554202f696e6465782e68746d6c27272727485454502f312e310d0a0d0a
[2021-09-13 19:18:44,660] [INFO] [base._test_info] -> Current test: 117
[2021-09-13 19:18:44,661] [INFO] [server.transmit] -> request(31): 474554202f696e6465782e68746d6c22222222485454502f312e310d0a0d0a
[2021-09-13 19:18:44,663] [INFO] [base._test_info] -> Current test: 118
[2021-09-13 19:18:44,664] [INFO] [server.transmit] -> request(31): 474554202f696e6465782e68746d6c2f2f2f2f485454502f312e310d0a0d0a
[2021-09-13 19:18:44,666] [INFO] [base._test_info] -> Current test: 119
[2021-09-13 19:18:44,667] [INFO] [server.transmit] -> request(31): 474554202f696e6465782e68746d6c5c5c5c5c485454502f312e310d0a0d0a
[2021-09-13 19:18:44,669] [INFO] [base._test_info] -> Current test: 120
[2021-09-13 19:18:44,669] [INFO] [server.transmit] -> request(31): 474554202f696e6465782e68746d6c3f3f3f3f485454502f312e310d0a0d0a
[2021-09-13 19:18:44,671] [INFO] [base._test_info] -> Current test: 121
[2021-09-13 19:18:44,671] [INFO] [server.transmit] -> request(31): 474554202f696e6465782e68746d6c3c3c3c3c485454502f312e310d0a0d0a
[2021-09-13 19:18:44,673] [INFO] [base._test_info] -> Current test: 122
[2021-09-13 19:18:44,673] [INFO] [server.transmit] -> request(31): 474554202f696e6465782e68746d6c3e3e3e3e485454502f312e310d0a0d0a
[2021-09-13 19:18:44,675] [INFO] [base._test_info] -> Current test: 123
[2021-09-13 19:18:44,675] [INFO] [server.transmit] -> request(31): 474554202f696e6465782e68746d6c2e2e2e2e485454502f312e310d0a0d0a
[2021-09-13 19:18:44,677] [INFO] [base._test_info] -> Current test: 124
[2021-09-13 19:18:44,677] [INFO] [server.transmit] -> request(31): 474554202f696e6465782e68746d6c2c2c2c2c485454502f312e310d0a0d0a
[2021-09-13 19:18:44,680] [INFO] [base._test_info] -> Current test: 125
[2021-09-13 19:18:44,680] [INFO] [server.transmit] -> request(31): 474554202f696e6465782e68746d6c0d0d0d0d485454502f312e310d0a0d0a
[2021-09-13 19:18:44,682] [INFO] [base._test_info] -> Current test: 126
[2021-09-13 19:18:44,682] [INFO] [server.transmit] -> request(31): 474554202f696e6465782e68746d6c0a0a0a0a485454502f312e310d0a0d0a
[2021-09-13 19:18:44,684] [INFO] [base._test_info] -> Current test: 127
[2021-09-13 19:18:44,685] [INFO] [server.transmit] -> request(43): 474554202f696e6465782e68746d6c0d0a0d0a0d0a0d0a0d0a0d0a0d0a0d0a485454502f312e310d0a0d0a
[2021-09-13 19:18:44,687] [INFO] [base._test_info] -> Current test: 128
[2021-09-13 19:18:44,687] [INFO] [server.transmit] -> request(51): 474554202f696e6465782e68746d6c090d0a090d0a090d0a090d0a090d0a090d0a090d0a090d0a485454502f312e310d0a0d ...
[2021-09-13 19:18:44,689] [INFO] [base._test_info] -> Current test: 129
[2021-09-13 19:18:44,689] [INFO] [server.transmit] -> request(27): 474554202f696e6465782e68746d6c485454502f312e310d0a0d0a
[2021-09-13 19:18:44,691] [INFO] [base._test_info] -> Current test: 130
[2021-09-13 19:18:44,691] [INFO] [server.transmit] -> request(32): 474554202f696e6465782e68746d6c2048545450485454502f312e310d0a0d0a
[2021-09-13 19:18:44,693] [INFO] [base._test_info] -> Current test: 131
[2021-09-13 19:18:44,694] [INFO] [server.transmit] -> request(64): 474554202f696e6465782e68746d6c2048545450485454504854545048545450485454504854545048545450485454504854 ...
[2021-09-13 19:18:44,697] [INFO] [base._test_info] -> Current test: 132
[2021-09-13 19:18:44,697] [INFO] [server.transmit] -> request(424): 474554202f696e6465782e68746d6c2048545450485454504854545048545450485454504854545048545450485454504854 ...
[2021-09-13 19:18:44,699] [INFO] [base._test_info] -> Current test: 133
[2021-09-13 19:18:44,699] [INFO] [server.transmit] -> request(29): 474554202f696e6465782e68746d6c2048545450fe2f312e310d0a0d0a
[2021-09-13 19:18:44,701] [INFO] [base._test_info] -> Current test: 134
[2021-09-13 19:18:44,702] [INFO] [server.transmit] -> request(29): 474554202f696e6465782e68746d6c2000485454502f312e310d0a0d0a
[2021-09-13 19:18:44,704] [INFO] [base._test_info] -> Current test: 135
[2021-09-13 19:18:44,704] [INFO] [server.transmit] -> request(29): 474554202f696e6465782e68746d6c2048540054502f312e310d0a0d0a
[2021-09-13 19:18:44,706] [INFO] [base._test_info] -> Current test: 136
[2021-09-13 19:18:44,706] [INFO] [server.transmit] -> request(29): 474554202f696e6465782e68746d6c2048545450002f312e310d0a0d0a
[2021-09-13 19:18:44,707] [INFO] [base._test_info] -> Current test: 137
[2021-09-13 19:18:44,708] [INFO] [server.transmit] -> request(24): 474554202f696e6465782e68746d6c202f312e310d0a0d0a
[2021-09-13 19:18:44,710] [INFO] [base._test_info] -> Current test: 138
[2021-09-13 19:18:44,710] [INFO] [server.transmit] -> request(2072): 474554202f696e6465782e68746d6c2025732573257325732573257325732573257325732573257325732573257325732573 ...
[2021-09-13 19:18:44,713] [INFO] [base._test_info] -> Current test: 139
[2021-09-13 19:18:44,714] [INFO] [server.transmit] -> request(280): 474554202f696e6465782e68746d6c2025732573257325732573257325732573257325732573257325732573257325732573 ...
[2021-09-13 19:18:44,716] [INFO] [base._test_info] -> Current test: 140
[2021-09-13 19:18:44,716] [INFO] [server.transmit] -> request(56): 474554202f696e6465782e68746d6c2025732573257325732573257325732573257325732573257325732573257325732f31 ...
[2021-09-13 19:18:44,718] [INFO] [base._test_info] -> Current test: 141
[2021-09-13 19:18:44,719] [INFO] [server.transmit] -> request(28): 474554202f696e6465782e68746d6c20257325732f312e310d0a0d0a
[2021-09-13 19:18:44,721] [INFO] [base._test_info] -> Current test: 142
[2021-09-13 19:18:44,722] [INFO] [server.transmit] -> request(3096): 474554202f696e6465782e68746d6c2025257325257325257325257325257325257325257325257325257325257325257325 ...
[2021-09-13 19:18:44,723] [INFO] [base._test_info] -> Current test: 143
[2021-09-13 19:18:44,724] [INFO] [server.transmit] -> request(408): 474554202f696e6465782e68746d6c2025257325257325257325257325257325257325257325257325257325257325257325 ...
[2021-09-13 19:18:44,725] [INFO] [base._test_info] -> Current test: 144
[2021-09-13 19:18:44,726] [INFO] [server.transmit] -> request(72): 474554202f696e6465782e68746d6c2025257325257325257325257325257325257325257325257325257325257325257325 ...
[2021-09-13 19:18:44,728] [INFO] [base._test_info] -> Current test: 145
[2021-09-13 19:18:44,729] [INFO] [server.transmit] -> request(30): 474554202f696e6465782e68746d6c202525732525732f312e310d0a0d0a
[2021-09-13 19:18:44,731] [INFO] [base._test_info] -> Current test: 146
[2021-09-13 19:18:44,732] [INFO] [server.transmit] -> request(4120): 474554202f696e6465782e68746d6c2022257322222573222225732222257322222573222225732222257322222573222225 ...
[2021-09-13 19:18:44,734] [INFO] [base._test_info] -> Current test: 147
[2021-09-13 19:18:44,735] [INFO] [server.transmit] -> request(536): 474554202f696e6465782e68746d6c2022257322222573222225732222257322222573222225732222257322222573222225 ...
[2021-09-13 19:18:44,737] [INFO] [base._test_info] -> Current test: 148
[2021-09-13 19:18:44,737] [INFO] [server.transmit] -> request(88): 474554202f696e6465782e68746d6c2022257322222573222225732222257322222573222225732222257322222573222225 ...
[2021-09-13 19:18:44,739] [INFO] [base._test_info] -> Current test: 149
[2021-09-13 19:18:44,739] [INFO] [server.transmit] -> request(32): 474554202f696e6465782e68746d6c2022257322222573222f312e310d0a0d0a
[2021-09-13 19:18:44,741] [INFO] [base._test_info] -> Current test: 150
[2021-09-13 19:18:44,742] [INFO] [server.transmit] -> request(2072): 474554202f696e6465782e68746d6c20256e256e256e256e256e256e256e256e256e256e256e256e256e256e256e256e256e ...
[2021-09-13 19:18:44,744] [INFO] [base._test_info] -> Current test: 151
[2021-09-13 19:18:44,744] [INFO] [server.transmit] -> request(280): 474554202f696e6465782e68746d6c20256e256e256e256e256e256e256e256e256e256e256e256e256e256e256e256e256e ...
[2021-09-13 19:18:44,747] [INFO] [base._test_info] -> Current test: 152
[2021-09-13 19:18:44,747] [INFO] [server.transmit] -> request(56): 474554202f696e6465782e68746d6c20256e256e256e256e256e256e256e256e256e256e256e256e256e256e256e256e2f31 ...
[2021-09-13 19:18:44,749] [INFO] [base._test_info] -> Current test: 153
[2021-09-13 19:18:44,750] [INFO] [server.transmit] -> request(28): 474554202f696e6465782e68746d6c20256e256e2f312e310d0a0d0a
[2021-09-13 19:18:44,753] [INFO] [base._test_info] -> Current test: 154
[2021-09-13 19:18:44,754] [INFO] [server.transmit] -> request(3096): 474554202f696e6465782e68746d6c2025256e25256e25256e25256e25256e25256e25256e25256e25256e25256e25256e25 ...
[2021-09-13 19:18:44,756] [INFO] [base._test_info] -> Current test: 155
[2021-09-13 19:18:44,756] [INFO] [server.transmit] -> request(408): 474554202f696e6465782e68746d6c2025256e25256e25256e25256e25256e25256e25256e25256e25256e25256e25256e25 ...
[2021-09-13 19:18:44,758] [INFO] [base._test_info] -> Current test: 156
[2021-09-13 19:18:44,759] [INFO] [server.transmit] -> request(72): 474554202f696e6465782e68746d6c2025256e25256e25256e25256e25256e25256e25256e25256e25256e25256e25256e25 ...
[2021-09-13 19:18:44,761] [INFO] [base._test_info] -> Current test: 157
[2021-09-13 19:18:44,762] [INFO] [server.transmit] -> request(30): 474554202f696e6465782e68746d6c2025256e25256e2f312e310d0a0d0a
[2021-09-13 19:18:44,764] [INFO] [base._test_info] -> Current test: 158
[2021-09-13 19:18:44,765] [INFO] [server.transmit] -> request(4120): 474554202f696e6465782e68746d6c2022256e2222256e2222256e2222256e2222256e2222256e2222256e2222256e222225 ...
[2021-09-13 19:18:44,767] [INFO] [base._test_info] -> Current test: 159
[2021-09-13 19:18:44,768] [INFO] [server.transmit] -> request(536): 474554202f696e6465782e68746d6c2022256e2222256e2222256e2222256e2222256e2222256e2222256e2222256e222225 ...
[2021-09-13 19:18:44,770] [INFO] [base._test_info] -> Current test: 160
[2021-09-13 19:18:44,770] [INFO] [server.transmit] -> request(88): 474554202f696e6465782e68746d6c2022256e2222256e2222256e2222256e2222256e2222256e2222256e2222256e222225 ...
[2021-09-13 19:18:44,772] [INFO] [base._test_info] -> Current test: 161
[2021-09-13 19:18:44,772] [INFO] [server.transmit] -> request(32): 474554202f696e6465782e68746d6c2022256e2222256e222f312e310d0a0d0a
[2021-09-13 19:18:44,774] [INFO] [base._test_info] -> Current test: 162
[2021-09-13 19:18:44,774] [INFO] [server.transmit] -> request(38): 474554202f696e6465782e68746d6c20252e31363730357525325c24686e2f312e310d0a0d0a
[2021-09-13 19:18:44,776] [INFO] [base._test_info] -> Current test: 163
[2021-09-13 19:18:44,777] [INFO] [server.transmit] -> request(2072): 474554202f696e6465782e68746d6c200d0a0d0a0d0a0d0a0d0a0d0a0d0a0d0a0d0a0d0a0d0a0d0a0d0a0d0a0d0a0d0a0d0a ...
[2021-09-13 19:18:44,780] [INFO] [base._test_info] -> Current test: 164
[2021-09-13 19:18:44,780] [INFO] [server.transmit] -> request(280): 474554202f696e6465782e68746d6c200d0a0d0a0d0a0d0a0d0a0d0a0d0a0d0a0d0a0d0a0d0a0d0a0d0a0d0a0d0a0d0a0d0a ...
[2021-09-13 19:18:44,782] [INFO] [base._test_info] -> Current test: 165
[2021-09-13 19:18:44,783] [INFO] [server.transmit] -> request(56): 474554202f696e6465782e68746d6c200d0a0d0a0d0a0d0a0d0a0d0a0d0a0d0a0d0a0d0a0d0a0d0a0d0a0d0a0d0a0d0a2f31 ...
[2021-09-13 19:18:44,785] [INFO] [base._test_info] -> Current test: 166
[2021-09-13 19:18:44,785] [INFO] [server.transmit] -> request(28): 474554202f696e6465782e68746d6c200d0a0d0a2f312e310d0a0d0a
[2021-09-13 19:18:44,787] [INFO] [base._test_info] -> Current test: 167
[2021-09-13 19:18:44,788] [INFO] [server.transmit] -> request(1048): 474554202f696e6465782e68746d6c200a0a0a0a0a0a0a0a0a0a0a0a0a0a0a0a0a0a0a0a0a0a0a0a0a0a0a0a0a0a0a0a0a0a ...
[2021-09-13 19:18:44,789] [INFO] [base._test_info] -> Current test: 168
[2021-09-13 19:18:44,790] [INFO] [server.transmit] -> request(152): 474554202f696e6465782e68746d6c200a0a0a0a0a0a0a0a0a0a0a0a0a0a0a0a0a0a0a0a0a0a0a0a0a0a0a0a0a0a0a0a0a0a ...
[2021-09-13 19:18:44,791] [INFO] [base._test_info] -> Current test: 169
[2021-09-13 19:18:44,792] [INFO] [server.transmit] -> request(40): 474554202f696e6465782e68746d6c200a0a0a0a0a0a0a0a0a0a0a0a0a0a0a0a2f312e310d0a0d0a
[2021-09-13 19:18:44,793] [INFO] [base._test_info] -> Current test: 170
[2021-09-13 19:18:44,794] [INFO] [server.transmit] -> request(26): 474554202f696e6465782e68746d6c200a0a2f312e310d0a0d0a
[2021-09-13 19:18:44,797] [INFO] [base._test_info] -> Current test: 171
[2021-09-13 19:18:44,798] [INFO] [server.transmit] -> request(4120): 474554202f696e6465782e68746d6c20deadbeefdeadbeefdeadbeefdeadbeefdeadbeefdeadbeefdeadbeefdeadbeefdead ...
[2021-09-13 19:18:44,800] [INFO] [base._test_info] -> Current test: 172
[2021-09-13 19:18:44,801] [INFO] [server.transmit] -> request(536): 474554202f696e6465782e68746d6c20deadbeefdeadbeefdeadbeefdeadbeefdeadbeefdeadbeefdeadbeefdeadbeefdead ...
[2021-09-13 19:18:44,803] [INFO] [base._test_info] -> Current test: 173
[2021-09-13 19:18:44,803] [INFO] [server.transmit] -> request(88): 474554202f696e6465782e68746d6c20deadbeefdeadbeefdeadbeefdeadbeefdeadbeefdeadbeefdeadbeefdeadbeefdead ...
[2021-09-13 19:18:44,805] [INFO] [base._test_info] -> Current test: 174
[2021-09-13 19:18:44,805] [INFO] [server.transmit] -> request(32): 474554202f696e6465782e68746d6c20deadbeefdeadbeef2f312e310d0a0d0a
[2021-09-13 19:18:44,807] [INFO] [base._test_info] -> Current test: 175
[2021-09-13 19:18:44,807] [INFO] [server.transmit] -> request(41): 474554202f696e6465782e68746d6c207c746f756368202f746d702f4b495454592f312e310d0a0d0a
[2021-09-13 19:18:44,809] [INFO] [base._test_info] -> Current test: 176
[2021-09-13 19:18:44,809] [INFO] [server.transmit] -> request(42): 474554202f696e6465782e68746d6c203b746f756368202f746d702f4b495454593b2f312e310d0a0d0a
[2021-09-13 19:18:44,811] [INFO] [base._test_info] -> Current test: 177
[2021-09-13 19:18:44,812] [INFO] [server.transmit] -> request(38): 474554202f696e6465782e68746d6c203b6c733e2f746d702f4b495454592f312e310d0a0d0a
[2021-09-13 19:18:44,814] [INFO] [base._test_info] -> Current test: 178
[2021-09-13 19:18:44,814] [INFO] [server.transmit] -> request(53): 474554202f696e6465782e68746d6c20223b6c733e2f746d702f4b495454593b6c733e2f6465762f6e756c6c222f312e310d ...
[2021-09-13 19:18:44,816] [INFO] [base._test_info] -> Current test: 179
[2021-09-13 19:18:44,817] [INFO] [server.transmit] -> request(54): 474554202f696e6465782e68746d6c20273b6c733e2f746d702f4b495454593b6c733e272f6465762f6e756c6c272f312e31 ...
[2021-09-13 19:18:44,819] [INFO] [base._test_info] -> Current test: 180
[2021-09-13 19:18:44,820] [INFO] [server.transmit] -> request(39): 474554202f696e6465782e68746d6c20606c733e2f746d702f4b49545459602f312e310d0a0d0a
[2021-09-13 19:18:44,821] [INFO] [base._test_info] -> Current test: 181
[2021-09-13 19:18:44,822] [INFO] [server.transmit] -> request(40): 474554202f696e6465782e68746d6c2020606c733e2f746d702f4b49545459602f312e310d0a0d0a
[2021-09-13 19:18:44,824] [INFO] [base._test_info] -> Current test: 182
[2021-09-13 19:18:44,824] [INFO] [server.transmit] -> request(32): 474554202f696e6465782e68746d6c207c6e6f74657061642f312e310d0a0d0a
[2021-09-13 19:18:44,826] [INFO] [base._test_info] -> Current test: 183
[2021-09-13 19:18:44,826] [INFO] [server.transmit] -> request(33): 474554202f696e6465782e68746d6c203b6e6f74657061643b2f312e310d0a0d0a
[2021-09-13 19:18:44,828] [INFO] [base._test_info] -> Current test: 184
[2021-09-13 19:18:44,829] [INFO] [server.transmit] -> request(33): 474554202f696e6465782e68746d6c200a6e6f74657061640a2f312e310d0a0d0a
[2021-09-13 19:18:44,831] [INFO] [base._test_info] -> Current test: 185
[2021-09-13 19:18:44,831] [INFO] [server.transmit] -> request(35): 474554202f696e6465782e68746d6c2027206f7220313d31202d2d2f312e310d0a0d0a
[2021-09-13 19:18:44,833] [INFO] [base._test_info] -> Current test: 186
[2021-09-13 19:18:44,833] [INFO] [server.transmit] -> request(41): 474554202f696e6465782e68746d6c20273b20646573632075736572733b202d2d2f312e310d0a0d0a
[2021-09-13 19:18:44,836] [INFO] [base._test_info] -> Current test: 187
[2021-09-13 19:18:44,836] [INFO] [server.transmit] -> request(65): 474554202f696e6465782e68746d6c2027206f7220757365726e616d65206973206e6f74204e554c4c206f7220757365726e ...
[2021-09-13 19:18:44,838] [INFO] [base._test_info] -> Current test: 188
[2021-09-13 19:18:44,838] [INFO] [server.transmit] -> request(96): 474554202f696e6465782e68746d6c203120756e696f6e20616c6c2073656c65637420312c322c332c342c352c362c6e616d ...
[2021-09-13 19:18:44,840] [INFO] [base._test_info] -> Current test: 189
[2021-09-13 19:18:44,840] [INFO] [server.transmit] -> request(35): 474554202f696e6465782e68746d6c2060206f72206031603d60312f312e310d0a0d0a
[2021-09-13 19:18:44,842] [INFO] [base._test_info] -> Current test: 190
[2021-09-13 19:18:44,842] [INFO] [server.transmit] -> request(35): 474554202f696e6465782e68746d6c2027206f72202731273d27312f312e310d0a0d0a
[2021-09-13 19:18:44,844] [INFO] [base._test_info] -> Current test: 191
[2021-09-13 19:18:44,844] [INFO] [server.transmit] -> request(26): 474554202f696e6465782e68746d6c2041412f312e310d0a0d0a
[2021-09-13 19:18:44,847] [INFO] [base._test_info] -> Current test: 192
[2021-09-13 19:18:44,847] [INFO] [server.transmit] -> request(34): 474554202f696e6465782e68746d6c20414141414141414141412f312e310d0a0d0a
[2021-09-13 19:18:44,849] [INFO] [base._test_info] -> Current test: 193
[2021-09-13 19:18:44,849] [INFO] [server.transmit] -> request(124): 474554202f696e6465782e68746d6c2041414141414141414141414141414141414141414141414141414141414141414141 ...
[2021-09-13 19:18:44,852] [INFO] [base._test_info] -> Current test: 194
[2021-09-13 19:18:44,852] [INFO] [server.transmit] -> request(1024): 474554202f696e6465782e68746d6c2041414141414141414141414141414141414141414141414141414141414141414141 ...
[2021-09-13 19:18:44,855] [INFO] [base._test_info] -> Current test: 195
[2021-09-13 19:18:44,856] [INFO] [server.transmit] -> request(5024): 474554202f696e6465782e68746d6c2041414141414141414141414141414141414141414141414141414141414141414141 ...
[2021-09-13 19:18:44,859] [INFO] [base._test_info] -> Current test: 196
[2021-09-13 19:18:44,861] [INFO] [server.transmit] -> request(10024): 474554202f696e6465782e68746d6c2041414141414141414141414141414141414141414141414141414141414141414141 ...
[2021-09-13 19:18:44,864] [INFO] [base._test_info] -> Current test: 197
[2021-09-13 19:18:44,864] [INFO] [server.transmit] -> request(35): 474554202f696e6465782e68746d6c202f6574632f7061737377642f312e310d0a0d0a
[2021-09-13 19:18:44,866] [INFO] [base._test_info] -> Current test: 198
[2021-09-13 19:18:44,867] [INFO] [server.transmit] -> request(78): 474554202f696e6465782e68746d6c202e2f2e2e2f2e2e2f2e2e2f2e2e2f2e2e2f2e2e2f2e2e2f2e2e2f2e2e2f2e2e2f2e2e ...
[2021-09-13 19:18:44,869] [INFO] [base._test_info] -> Current test: 199
[2021-09-13 19:18:44,881] [INFO] [server.transmit] -> request(76): 474554202f696e6465782e68746d6c202e2e2f2e2e2f2e2e2f2e2e2f2e2e2f2e2e2f2e2e2f2e2e2f2e2e2f2e2e2f2e2e2f2e ...
[2021-09-13 19:18:44,890] [INFO] [base._test_info] -> Current test: 200
[2021-09-13 19:18:44,890] [INFO] [server.transmit] -> request(37): 474554202f696e6465782e68746d6c202f70726f632f637075696e666f2f312e310d0a0d0a
[2021-09-13 19:18:44,892] [INFO] [base._test_info] -> Current test: 201
[2021-09-13 19:18:44,893] [INFO] [server.transmit] -> request(80): 474554202f696e6465782e68746d6c202e2f2e2e2f2e2e2f2e2e2f2e2e2f2e2e2f2e2e2f2e2e2f2e2e2f2e2e2f2e2e2f2e2e ...
[2021-09-13 19:18:44,899] [INFO] [base._test_info] -> Current test: 202
[2021-09-13 19:18:44,901] [INFO] [server.transmit] -> request(78): 474554202f696e6465782e68746d6c202e2e2f2e2e2f2e2e2f2e2e2f2e2e2f2e2e2f2e2e2f2e2e2f2e2e2f2e2e2f2e2e2f2e ...
[2021-09-13 19:18:44,903] [INFO] [base._test_info] -> Current test: 203
[2021-09-13 19:18:44,904] [INFO] [server.transmit] -> request(34): 474554202f696e6465782e68746d6c207e2f2e70726f66696c652f312e310d0a0d0a
[2021-09-13 19:18:44,906] [INFO] [base._test_info] -> Current test: 204
[2021-09-13 19:18:44,906] [INFO] [server.transmit] -> request(38): 474554202f696e6465782e68746d6c2024484f4d452f2e70726f66696c652f312e310d0a0d0a
[2021-09-13 19:18:44,908] [INFO] [base._test_info] -> Current test: 205
[2021-09-13 19:18:44,908] [INFO] [server.transmit] -> request(69): 474554202f696e6465782e68746d6c202f2e2e2f2e2e2f2e2e2f2e2e2f2e2e2f2e2e2f2e2e2f2e2e2f2e2e2f2e2e2f2e2e2f ...
[2021-09-13 19:18:44,910] [INFO] [base._test_info] -> Current test: 206
[2021-09-13 19:18:44,910] [INFO] [server.transmit] -> request(1048): 474554202f696e6465782e68746d6c202f5c2f5c2f5c2f5c2f5c2f5c2f5c2f5c2f5c2f5c2f5c2f5c2f5c2f5c2f5c2f5c2f5c ...
[2021-09-13 19:18:44,913] [INFO] [base._test_info] -> Current test: 207
[2021-09-13 19:18:44,914] [INFO] [server.transmit] -> request(152): 474554202f696e6465782e68746d6c202f5c2f5c2f5c2f5c2f5c2f5c2f5c2f5c2f5c2f5c2f5c2f5c2f5c2f5c2f5c2f5c2f5c ...
[2021-09-13 19:18:44,915] [INFO] [base._test_info] -> Current test: 208
[2021-09-13 19:18:44,916] [INFO] [server.transmit] -> request(40): 474554202f696e6465782e68746d6c202f5c2f5c2f5c2f5c2f5c2f5c2f5c2f5c2f312e310d0a0d0a
[2021-09-13 19:18:44,918] [INFO] [base._test_info] -> Current test: 209
[2021-09-13 19:18:44,918] [INFO] [server.transmit] -> request(1048): 474554202f696e6465782e68746d6c202f2e2f2e2f2e2f2e2f2e2f2e2f2e2f2e2f2e2f2e2f2e2f2e2f2e2f2e2f2e2f2e2f2e ...
[2021-09-13 19:18:44,920] [INFO] [base._test_info] -> Current test: 210
[2021-09-13 19:18:44,921] [INFO] [server.transmit] -> request(152): 474554202f696e6465782e68746d6c202f2e2f2e2f2e2f2e2f2e2f2e2f2e2f2e2f2e2f2e2f2e2f2e2f2e2f2e2f2e2f2e2f2e ...
[2021-09-13 19:18:44,922] [INFO] [base._test_info] -> Current test: 211
[2021-09-13 19:18:44,923] [INFO] [server.transmit] -> request(40): 474554202f696e6465782e68746d6c202f2e2f2e2f2e2f2e2f2e2f2e2f2e2f2e2f312e310d0a0d0a
[2021-09-13 19:18:44,924] [INFO] [base._test_info] -> Current test: 212
[2021-09-13 19:18:44,925] [INFO] [server.transmit] -> request(53): 474554202f696e6465782e68746d6c202140232425255e2324252324402324252424402324255e5e2a2a2828292f312e310d ...
[2021-09-13 19:18:44,927] [INFO] [base._test_info] -> Current test: 213
[2021-09-13 19:18:44,927] [INFO] [server.transmit] -> request(49): 474554202f696e6465782e68746d6c20253031253032253033253034253061253064253061414453462f312e310d0a0d0a
[2021-09-13 19:18:44,929] [INFO] [base._test_info] -> Current test: 214
[2021-09-13 19:18:44,930] [INFO] [server.transmit] -> request(50): 474554202f696e6465782e68746d6c2025303125303225303340253034253061253064253061414453462f312e310d0a0d0a ...
[2021-09-13 19:18:44,932] [INFO] [base._test_info] -> Current test: 215
[2021-09-13 19:18:44,932] [INFO] [server.transmit] -> request(29): 474554202f696e6465782e68746d6c202f2530302f2f312e310d0a0d0a
[2021-09-13 19:18:44,934] [INFO] [base._test_info] -> Current test: 216
[2021-09-13 19:18:44,934] [INFO] [server.transmit] -> request(28): 474554202f696e6465782e68746d6c202530302f2f312e310d0a0d0a
[2021-09-13 19:18:44,936] [INFO] [base._test_info] -> Current test: 217
[2021-09-13 19:18:44,936] [INFO] [server.transmit] -> request(27): 474554202f696e6465782e68746d6c202530302f312e310d0a0d0a
[2021-09-13 19:18:44,938] [INFO] [base._test_info] -> Current test: 218
[2021-09-13 19:18:44,938] [INFO] [server.transmit] -> request(30): 474554202f696e6465782e68746d6c202575303030302f312e310d0a0d0a
[2021-09-13 19:18:44,940] [INFO] [base._test_info] -> Current test: 219
[2021-09-13 19:18:44,941] [INFO] [server.transmit] -> request(216): 474554202f696e6465782e68746d6c2025fef02501ff25fef02501ff25fef02501ff25fef02501ff25fef02501ff25fef025 ...
[2021-09-13 19:18:44,942] [INFO] [base._test_info] -> Current test: 220
[2021-09-13 19:18:44,942] [INFO] [server.transmit] -> request(48): 474554202f696e6465782e68746d6c2025fef02501ff25fef02501ff25fef02501ff25fef02501ff2f312e310d0a0d0a
[2021-09-13 19:18:44,945] [INFO] [base._test_info] -> Current test: 221
[2021-09-13 19:18:44,945] [INFO] [server.transmit] -> request(29): 474554202f696e6465782e68746d6c20485454502f2f312e310d0a0d0a
[2021-09-13 19:18:44,947] [INFO] [base._test_info] -> Current test: 222
[2021-09-13 19:18:44,947] [INFO] [server.transmit] -> request(37): 474554202f696e6465782e68746d6c20485454502f2f2f2f2f2f2f2f2f2f312e310d0a0d0a
[2021-09-13 19:18:44,950] [INFO] [base._test_info] -> Current test: 223
[2021-09-13 19:18:44,951] [INFO] [server.transmit] -> request(127): 474554202f696e6465782e68746d6c20485454502f2f2f2f2f2f2f2f2f2f2f2f2f2f2f2f2f2f2f2f2f2f2f2f2f2f2f2f2f2f ...
[2021-09-13 19:18:44,954] [INFO] [base._test_info] -> Current test: 224
[2021-09-13 19:18:44,955] [INFO] [server.transmit] -> request(29): 474554202f696e6465782e68746d6c20485454502ffe312e310d0a0d0a
[2021-09-13 19:18:44,956] [INFO] [base._test_info] -> Current test: 225
[2021-09-13 19:18:44,957] [INFO] [server.transmit] -> request(29): 474554202f696e6465782e68746d6c2048545450002f312e310d0a0d0a
[2021-09-13 19:18:44,959] [INFO] [base._test_info] -> Current test: 226
[2021-09-13 19:18:44,959] [INFO] [server.transmit] -> request(29): 474554202f696e6465782e68746d6c2048545450002f312e310d0a0d0a
[2021-09-13 19:18:44,963] [INFO] [base._test_info] -> Current test: 227
[2021-09-13 19:18:44,964] [INFO] [server.transmit] -> request(29): 474554202f696e6465782e68746d6c20485454502f00312e310d0a0d0a
[2021-09-13 19:18:44,966] [INFO] [base._test_info] -> Current test: 228
[2021-09-13 19:18:44,967] [INFO] [server.transmit] -> request(31): 474554202f696e6465782e68746d6c204854545020202020312e310d0a0d0a
[2021-09-13 19:18:44,969] [INFO] [base._test_info] -> Current test: 229
[2021-09-13 19:18:44,969] [INFO] [server.transmit] -> request(31): 474554202f696e6465782e68746d6c204854545009090909312e310d0a0d0a
[2021-09-13 19:18:44,971] [INFO] [base._test_info] -> Current test: 230
[2021-09-13 19:18:44,971] [INFO] [server.transmit] -> request(31): 474554202f696e6465782e68746d6c204854545021212121312e310d0a0d0a
[2021-09-13 19:18:44,973] [INFO] [base._test_info] -> Current test: 231
[2021-09-13 19:18:44,973] [INFO] [server.transmit] -> request(31): 474554202f696e6465782e68746d6c204854545040404040312e310d0a0d0a
[2021-09-13 19:18:44,975] [INFO] [base._test_info] -> Current test: 232
[2021-09-13 19:18:44,975] [INFO] [server.transmit] -> request(31): 474554202f696e6465782e68746d6c204854545023232323312e310d0a0d0a
[2021-09-13 19:18:44,977] [INFO] [base._test_info] -> Current test: 233
[2021-09-13 19:18:44,977] [INFO] [server.transmit] -> request(31): 474554202f696e6465782e68746d6c204854545024242424312e310d0a0d0a
[2021-09-13 19:18:44,981] [INFO] [base._test_info] -> Current test: 234
[2021-09-13 19:18:44,981] [INFO] [server.transmit] -> request(31): 474554202f696e6465782e68746d6c204854545025252525312e310d0a0d0a
[2021-09-13 19:18:44,983] [INFO] [base._test_info] -> Current test: 235
[2021-09-13 19:18:44,984] [INFO] [server.transmit] -> request(31): 474554202f696e6465782e68746d6c20485454505e5e5e5e312e310d0a0d0a
[2021-09-13 19:18:44,985] [INFO] [base._test_info] -> Current test: 236
[2021-09-13 19:18:44,986] [INFO] [server.transmit] -> request(31): 474554202f696e6465782e68746d6c204854545026262626312e310d0a0d0a
[2021-09-13 19:18:44,988] [INFO] [base._test_info] -> Current test: 237
[2021-09-13 19:18:44,989] [INFO] [server.transmit] -> request(31): 474554202f696e6465782e68746d6c20485454502a2a2a2a312e310d0a0d0a
[2021-09-13 19:18:44,990] [INFO] [base._test_info] -> Current test: 238
[2021-09-13 19:18:44,991] [INFO] [server.transmit] -> request(31): 474554202f696e6465782e68746d6c204854545028282828312e310d0a0d0a
[2021-09-13 19:18:44,993] [INFO] [base._test_info] -> Current test: 239
[2021-09-13 19:18:44,993] [INFO] [server.transmit] -> request(31): 474554202f696e6465782e68746d6c204854545029292929312e310d0a0d0a
[2021-09-13 19:18:44,996] [INFO] [base._test_info] -> Current test: 240
[2021-09-13 19:18:44,996] [INFO] [server.transmit] -> request(31): 474554202f696e6465782e68746d6c20485454502d2d2d2d312e310d0a0d0a
[2021-09-13 19:18:45,000] [INFO] [base._test_info] -> Current test: 241
[2021-09-13 19:18:45,000] [INFO] [server.transmit] -> request(31): 474554202f696e6465782e68746d6c20485454505f5f5f5f312e310d0a0d0a
[2021-09-13 19:18:45,002] [INFO] [base._test_info] -> Current test: 242
[2021-09-13 19:18:45,002] [INFO] [server.transmit] -> request(31): 474554202f696e6465782e68746d6c20485454502b2b2b2b312e310d0a0d0a
[2021-09-13 19:18:45,004] [INFO] [base._test_info] -> Current test: 243
[2021-09-13 19:18:45,005] [INFO] [server.transmit] -> request(31): 474554202f696e6465782e68746d6c20485454503d3d3d3d312e310d0a0d0a
[2021-09-13 19:18:45,006] [INFO] [base._test_info] -> Current test: 244
[2021-09-13 19:18:45,007] [INFO] [server.transmit] -> request(31): 474554202f696e6465782e68746d6c20485454503a3a3a3a312e310d0a0d0a
[2021-09-13 19:18:45,008] [INFO] [base._test_info] -> Current test: 245
[2021-09-13 19:18:45,009] [INFO] [server.transmit] -> request(31): 474554202f696e6465782e68746d6c20485454503b3b3b3b312e310d0a0d0a
[2021-09-13 19:18:45,010] [INFO] [base._test_info] -> Current test: 246
[2021-09-13 19:18:45,011] [INFO] [server.transmit] -> request(31): 474554202f696e6465782e68746d6c204854545027272727312e310d0a0d0a
[2021-09-13 19:18:45,016] [INFO] [base._test_info] -> Current test: 247
[2021-09-13 19:18:45,016] [INFO] [server.transmit] -> request(31): 474554202f696e6465782e68746d6c204854545022222222312e310d0a0d0a
[2021-09-13 19:18:45,018] [INFO] [base._test_info] -> Current test: 248
[2021-09-13 19:18:45,019] [INFO] [server.transmit] -> request(31): 474554202f696e6465782e68746d6c20485454502f2f2f2f312e310d0a0d0a
[2021-09-13 19:18:45,021] [INFO] [base._test_info] -> Current test: 249
[2021-09-13 19:18:45,021] [INFO] [server.transmit] -> request(31): 474554202f696e6465782e68746d6c20485454505c5c5c5c312e310d0a0d0a
[2021-09-13 19:18:45,023] [INFO] [base._test_info] -> Current test: 250
[2021-09-13 19:18:45,023] [INFO] [server.transmit] -> request(31): 474554202f696e6465782e68746d6c20485454503f3f3f3f312e310d0a0d0a
[2021-09-13 19:18:45,025] [INFO] [base._test_info] -> Current test: 251
[2021-09-13 19:18:45,025] [INFO] [server.transmit] -> request(31): 474554202f696e6465782e68746d6c20485454503c3c3c3c312e310d0a0d0a
[2021-09-13 19:18:45,027] [INFO] [base._test_info] -> Current test: 252
[2021-09-13 19:18:45,027] [INFO] [server.transmit] -> request(31): 474554202f696e6465782e68746d6c20485454503e3e3e3e312e310d0a0d0a
[2021-09-13 19:18:45,031] [INFO] [base._test_info] -> Current test: 253
[2021-09-13 19:18:45,033] [INFO] [server.transmit] -> request(31): 474554202f696e6465782e68746d6c20485454502e2e2e2e312e310d0a0d0a
[2021-09-13 19:18:45,034] [INFO] [base._test_info] -> Current test: 254
[2021-09-13 19:18:45,035] [INFO] [server.transmit] -> request(31): 474554202f696e6465782e68746d6c20485454502c2c2c2c312e310d0a0d0a
[2021-09-13 19:18:45,037] [INFO] [base._test_info] -> Current test: 255
[2021-09-13 19:18:45,037] [INFO] [server.transmit] -> request(31): 474554202f696e6465782e68746d6c20485454500d0d0d0d312e310d0a0d0a
[2021-09-13 19:18:45,039] [INFO] [base._test_info] -> Current test: 256
[2021-09-13 19:18:45,039] [INFO] [server.transmit] -> request(31): 474554202f696e6465782e68746d6c20485454500a0a0a0a312e310d0a0d0a
[2021-09-13 19:18:45,041] [INFO] [base._test_info] -> Current test: 257
[2021-09-13 19:18:45,041] [INFO] [server.transmit] -> request(43): 474554202f696e6465782e68746d6c20485454500d0a0d0a0d0a0d0a0d0a0d0a0d0a0d0a312e310d0a0d0a
[2021-09-13 19:18:45,043] [INFO] [base._test_info] -> Current test: 258
[2021-09-13 19:18:45,043] [INFO] [server.transmit] -> request(51): 474554202f696e6465782e68746d6c2048545450090d0a090d0a090d0a090d0a090d0a090d0a090d0a090d0a312e310d0a0d ...
[2021-09-13 19:18:45,047] [INFO] [base._test_info] -> Current test: 259
[2021-09-13 19:18:45,048] [INFO] [server.transmit] -> request(27): 474554202f696e6465782e68746d6c2048545450312e310d0a0d0a
[2021-09-13 19:18:45,050] [INFO] [base._test_info] -> Current test: 260
[2021-09-13 19:18:45,051] [INFO] [server.transmit] -> request(36): 474554202f696e6465782e68746d6c20485454502f3236383433353435372e310d0a0d0a
[2021-09-13 19:18:45,053] [INFO] [base._test_info] -> Current test: 261
[2021-09-13 19:18:45,053] [INFO] [server.transmit] -> request(35): 474554202f696e6465782e68746d6c20485454502f33333535343433332e310d0a0d0a
[2021-09-13 19:18:45,055] [INFO] [base._test_info] -> Current test: 262
[2021-09-13 19:18:45,056] [INFO] [server.transmit] -> request(34): 474554202f696e6465782e68746d6c20485454502f343139343330352e310d0a0d0a
[2021-09-13 19:18:45,057] [INFO] [base._test_info] -> Current test: 263
[2021-09-13 19:18:45,058] [INFO] [server.transmit] -> request(33): 474554202f696e6465782e68746d6c20485454502f3532343238392e310d0a0d0a
[2021-09-13 19:18:45,059] [INFO] [base._test_info] -> Current test: 264
[2021-09-13 19:18:45,059] [INFO] [server.transmit] -> request(32): 474554202f696e6465782e68746d6c20485454502f36353533372e310d0a0d0a
[2021-09-13 19:18:45,061] [INFO] [base._test_info] -> Current test: 265
[2021-09-13 19:18:45,064] [INFO] [server.transmit] -> request(31): 474554202f696e6465782e68746d6c20485454502f383139332e310d0a0d0a
[2021-09-13 19:18:45,067] [INFO] [base._test_info] -> Current test: 266
[2021-09-13 19:18:45,067] [INFO] [server.transmit] -> request(31): 474554202f696e6465782e68746d6c20485454502f313032352e310d0a0d0a
[2021-09-13 19:18:45,069] [INFO] [base._test_info] -> Current test: 267
[2021-09-13 19:18:45,070] [INFO] [server.transmit] -> request(30): 474554202f696e6465782e68746d6c20485454502f3132392e310d0a0d0a
[2021-09-13 19:18:45,071] [INFO] [base._test_info] -> Current test: 268
[2021-09-13 19:18:45,072] [INFO] [server.transmit] -> request(29): 474554202f696e6465782e68746d6c20485454502f31372e310d0a0d0a
[2021-09-13 19:18:45,073] [INFO] [base._test_info] -> Current test: 269
[2021-09-13 19:18:45,074] [INFO] [server.transmit] -> request(37): 474554202f696e6465782e68746d6c20485454502f343239343936373239352e310d0a0d0a
[2021-09-13 19:18:45,075] [INFO] [base._test_info] -> Current test: 270
[2021-09-13 19:18:45,076] [INFO] [server.transmit] -> request(37): 474554202f696e6465782e68746d6c20485454502f333232313232353437322e310d0a0d0a
[2021-09-13 19:18:45,078] [INFO] [base._test_info] -> Current test: 271
[2021-09-13 19:18:45,080] [INFO] [server.transmit] -> request(37): 474554202f696e6465782e68746d6c20485454502f323134373438333634392e310d0a0d0a
[2021-09-13 19:18:45,084] [INFO] [base._test_info] -> Current test: 272
[2021-09-13 19:18:45,084] [INFO] [server.transmit] -> request(37): 474554202f696e6465782e68746d6c20485454502f313037333734313832362e310d0a0d0a
[2021-09-13 19:18:45,086] [INFO] [base._test_info] -> Current test: 273
[2021-09-13 19:18:45,087] [INFO] [server.transmit] -> request(28): 474554202f696e6465782e68746d6c20485454502f312e310d0a0d0a
[2021-09-13 19:18:45,088] [INFO] [base._test_info] -> Current test: 274
[2021-09-13 19:18:45,089] [INFO] [server.transmit] -> request(37): 474554202f696e6465782e68746d6c20485454502f343239343936373239342e310d0a0d0a
[2021-09-13 19:18:45,090] [INFO] [base._test_info] -> Current test: 275
[2021-09-13 19:18:45,090] [INFO] [server.transmit] -> request(37): 474554202f696e6465782e68746d6c20485454502f333232313232353437332e310d0a0d0a
[2021-09-13 19:18:45,092] [INFO] [base._test_info] -> Current test: 276
[2021-09-13 19:18:45,092] [INFO] [server.transmit] -> request(37): 474554202f696e6465782e68746d6c20485454502f333232313232353437312e310d0a0d0a
[2021-09-13 19:18:45,094] [INFO] [base._test_info] -> Current test: 277
[2021-09-13 19:18:45,097] [INFO] [server.transmit] -> request(37): 474554202f696e6465782e68746d6c20485454502f323134373438333635302e310d0a0d0a
[2021-09-13 19:18:45,100] [INFO] [base._test_info] -> Current test: 278
[2021-09-13 19:18:45,100] [INFO] [server.transmit] -> request(37): 474554202f696e6465782e68746d6c20485454502f323134373438333634382e310d0a0d0a
[2021-09-13 19:18:45,102] [INFO] [base._test_info] -> Current test: 279
[2021-09-13 19:18:45,103] [INFO] [server.transmit] -> request(37): 474554202f696e6465782e68746d6c20485454502f313037333734313832372e310d0a0d0a
[2021-09-13 19:18:45,104] [INFO] [base._test_info] -> Current test: 280
[2021-09-13 19:18:45,105] [INFO] [server.transmit] -> request(37): 474554202f696e6465782e68746d6c20485454502f313037333734313832352e310d0a0d0a
[2021-09-13 19:18:45,106] [INFO] [base._test_info] -> Current test: 281
[2021-09-13 19:18:45,107] [INFO] [server.transmit] -> request(37): 474554202f696e6465782e68746d6c20485454502f343239343936373239332e310d0a0d0a
[2021-09-13 19:18:45,108] [INFO] [base._test_info] -> Current test: 282
[2021-09-13 19:18:45,109] [INFO] [server.transmit] -> request(37): 474554202f696e6465782e68746d6c20485454502f333232313232353437342e310d0a0d0a
[2021-09-13 19:18:45,110] [INFO] [base._test_info] -> Current test: 283
[2021-09-13 19:18:45,111] [INFO] [server.transmit] -> request(37): 474554202f696e6465782e68746d6c20485454502f333232313232353437302e310d0a0d0a
[2021-09-13 19:18:45,114] [INFO] [base._test_info] -> Current test: 284
[2021-09-13 19:18:45,115] [INFO] [server.transmit] -> request(37): 474554202f696e6465782e68746d6c20485454502f323134373438333635312e310d0a0d0a
[2021-09-13 19:18:45,117] [INFO] [base._test_info] -> Current test: 285
[2021-09-13 19:18:45,117] [INFO] [server.transmit] -> request(37): 474554202f696e6465782e68746d6c20485454502f323134373438333634372e310d0a0d0a
[2021-09-13 19:18:45,119] [INFO] [base._test_info] -> Current test: 286
[2021-09-13 19:18:45,119] [INFO] [server.transmit] -> request(37): 474554202f696e6465782e68746d6c20485454502f313037333734313832382e310d0a0d0a
[2021-09-13 19:18:45,121] [INFO] [base._test_info] -> Current test: 287
[2021-09-13 19:18:45,121] [INFO] [server.transmit] -> request(37): 474554202f696e6465782e68746d6c20485454502f313037333734313832342e310d0a0d0a
[2021-09-13 19:18:45,123] [INFO] [base._test_info] -> Current test: 288
[2021-09-13 19:18:45,123] [INFO] [server.transmit] -> request(28): 474554202f696e6465782e68746d6c20485454502f322e310d0a0d0a
[2021-09-13 19:18:45,125] [INFO] [base._test_info] -> Current test: 289
[2021-09-13 19:18:45,125] [INFO] [server.transmit] -> request(28): 474554202f696e6465782e68746d6c20485454502f302e310d0a0d0a
[2021-09-13 19:18:45,127] [INFO] [base._test_info] -> Current test: 290
[2021-09-13 19:18:45,127] [INFO] [server.transmit] -> request(28): 474554202f696e6465782e68746d6c20485454502f332e310d0a0d0a
[2021-09-13 19:18:45,131] [INFO] [base._test_info] -> Current test: 291
[2021-09-13 19:18:45,131] [INFO] [server.transmit] -> request(29): 474554202f696e6465782e68746d6c20485454502f312e2e310d0a0d0a
[2021-09-13 19:18:45,133] [INFO] [base._test_info] -> Current test: 292
[2021-09-13 19:18:45,134] [INFO] [server.transmit] -> request(37): 474554202f696e6465782e68746d6c20485454502f312e2e2e2e2e2e2e2e2e2e310d0a0d0a
[2021-09-13 19:18:45,135] [INFO] [base._test_info] -> Current test: 293
[2021-09-13 19:18:45,136] [INFO] [server.transmit] -> request(127): 474554202f696e6465782e68746d6c20485454502f312e2e2e2e2e2e2e2e2e2e2e2e2e2e2e2e2e2e2e2e2e2e2e2e2e2e2e2e ...
[2021-09-13 19:18:45,137] [INFO] [base._test_info] -> Current test: 294
[2021-09-13 19:18:45,138] [INFO] [server.transmit] -> request(29): 474554202f696e6465782e68746d6c20485454502f312efe310d0a0d0a
[2021-09-13 19:18:45,140] [INFO] [base._test_info] -> Current test: 295
[2021-09-13 19:18:45,140] [INFO] [server.transmit] -> request(29): 474554202f696e6465782e68746d6c20485454502f31002e310d0a0d0a
[2021-09-13 19:18:45,142] [INFO] [base._test_info] -> Current test: 296
[2021-09-13 19:18:45,143] [INFO] [server.transmit] -> request(29): 474554202f696e6465782e68746d6c20485454502f31002e310d0a0d0a
[2021-09-13 19:18:45,145] [INFO] [base._test_info] -> Current test: 297
[2021-09-13 19:18:45,146] [INFO] [server.transmit] -> request(29): 474554202f696e6465782e68746d6c20485454502f312e00310d0a0d0a
[2021-09-13 19:18:45,148] [INFO] [base._test_info] -> Current test: 298
[2021-09-13 19:18:45,148] [INFO] [server.transmit] -> request(31): 474554202f696e6465782e68746d6c20485454502f3120202020310d0a0d0a
[2021-09-13 19:18:45,150] [INFO] [base._test_info] -> Current test: 299
[2021-09-13 19:18:45,150] [INFO] [server.transmit] -> request(31): 474554202f696e6465782e68746d6c20485454502f3109090909310d0a0d0a
[2021-09-13 19:18:45,152] [INFO] [base._test_info] -> Current test: 300
[2021-09-13 19:18:45,152] [INFO] [server.transmit] -> request(31): 474554202f696e6465782e68746d6c20485454502f3121212121310d0a0d0a
[2021-09-13 19:18:45,154] [INFO] [base._test_info] -> Current test: 301
[2021-09-13 19:18:45,154] [INFO] [server.transmit] -> request(31): 474554202f696e6465782e68746d6c20485454502f3140404040310d0a0d0a
[2021-09-13 19:18:45,156] [INFO] [base._test_info] -> Current test: 302
[2021-09-13 19:18:45,156] [INFO] [server.transmit] -> request(31): 474554202f696e6465782e68746d6c20485454502f3123232323310d0a0d0a
[2021-09-13 19:18:45,158] [INFO] [base._test_info] -> Current test: 303
[2021-09-13 19:18:45,158] [INFO] [server.transmit] -> request(31): 474554202f696e6465782e68746d6c20485454502f3124242424310d0a0d0a
[2021-09-13 19:18:45,160] [INFO] [base._test_info] -> Current test: 304
[2021-09-13 19:18:45,160] [INFO] [server.transmit] -> request(31): 474554202f696e6465782e68746d6c20485454502f3125252525310d0a0d0a
[2021-09-13 19:18:45,163] [INFO] [base._test_info] -> Current test: 305
[2021-09-13 19:18:45,163] [INFO] [server.transmit] -> request(31): 474554202f696e6465782e68746d6c20485454502f315e5e5e5e310d0a0d0a
[2021-09-13 19:18:45,166] [INFO] [base._test_info] -> Current test: 306
[2021-09-13 19:18:45,166] [INFO] [server.transmit] -> request(31): 474554202f696e6465782e68746d6c20485454502f3126262626310d0a0d0a
[2021-09-13 19:18:45,168] [INFO] [base._test_info] -> Current test: 307
[2021-09-13 19:18:45,168] [INFO] [server.transmit] -> request(31): 474554202f696e6465782e68746d6c20485454502f312a2a2a2a310d0a0d0a
[2021-09-13 19:18:45,170] [INFO] [base._test_info] -> Current test: 308
[2021-09-13 19:18:45,170] [INFO] [server.transmit] -> request(31): 474554202f696e6465782e68746d6c20485454502f3128282828310d0a0d0a
[2021-09-13 19:18:45,172] [INFO] [base._test_info] -> Current test: 309
[2021-09-13 19:18:45,172] [INFO] [server.transmit] -> request(31): 474554202f696e6465782e68746d6c20485454502f3129292929310d0a0d0a
[2021-09-13 19:18:45,173] [INFO] [base._test_info] -> Current test: 310
[2021-09-13 19:18:45,174] [INFO] [server.transmit] -> request(31): 474554202f696e6465782e68746d6c20485454502f312d2d2d2d310d0a0d0a
[2021-09-13 19:18:45,175] [INFO] [base._test_info] -> Current test: 311
[2021-09-13 19:18:45,176] [INFO] [server.transmit] -> request(31): 474554202f696e6465782e68746d6c20485454502f315f5f5f5f310d0a0d0a
[2021-09-13 19:18:45,180] [INFO] [base._test_info] -> Current test: 312
[2021-09-13 19:18:45,181] [INFO] [server.transmit] -> request(31): 474554202f696e6465782e68746d6c20485454502f312b2b2b2b310d0a0d0a
[2021-09-13 19:18:45,183] [INFO] [base._test_info] -> Current test: 313
[2021-09-13 19:18:45,183] [INFO] [server.transmit] -> request(31): 474554202f696e6465782e68746d6c20485454502f313d3d3d3d310d0a0d0a
[2021-09-13 19:18:45,185] [INFO] [base._test_info] -> Current test: 314
[2021-09-13 19:18:45,185] [INFO] [server.transmit] -> request(31): 474554202f696e6465782e68746d6c20485454502f313a3a3a3a310d0a0d0a
[2021-09-13 19:18:45,187] [INFO] [base._test_info] -> Current test: 315
[2021-09-13 19:18:45,187] [INFO] [server.transmit] -> request(31): 474554202f696e6465782e68746d6c20485454502f313b3b3b3b310d0a0d0a
[2021-09-13 19:18:45,188] [INFO] [base._test_info] -> Current test: 316
[2021-09-13 19:18:45,189] [INFO] [server.transmit] -> request(31): 474554202f696e6465782e68746d6c20485454502f3127272727310d0a0d0a
[2021-09-13 19:18:45,190] [INFO] [base._test_info] -> Current test: 317
[2021-09-13 19:18:45,191] [INFO] [server.transmit] -> request(31): 474554202f696e6465782e68746d6c20485454502f3122222222310d0a0d0a
[2021-09-13 19:18:45,192] [INFO] [base._test_info] -> Current test: 318
[2021-09-13 19:18:45,193] [INFO] [server.transmit] -> request(31): 474554202f696e6465782e68746d6c20485454502f312f2f2f2f310d0a0d0a
[2021-09-13 19:18:45,196] [INFO] [base._test_info] -> Current test: 319
[2021-09-13 19:18:45,197] [INFO] [server.transmit] -> request(31): 474554202f696e6465782e68746d6c20485454502f315c5c5c5c310d0a0d0a
[2021-09-13 19:18:45,199] [INFO] [base._test_info] -> Current test: 320
[2021-09-13 19:18:45,199] [INFO] [server.transmit] -> request(31): 474554202f696e6465782e68746d6c20485454502f313f3f3f3f310d0a0d0a
[2021-09-13 19:18:45,201] [INFO] [base._test_info] -> Current test: 321
[2021-09-13 19:18:45,202] [INFO] [server.transmit] -> request(31): 474554202f696e6465782e68746d6c20485454502f313c3c3c3c310d0a0d0a
[2021-09-13 19:18:45,203] [INFO] [base._test_info] -> Current test: 322
[2021-09-13 19:18:45,204] [INFO] [server.transmit] -> request(31): 474554202f696e6465782e68746d6c20485454502f313e3e3e3e310d0a0d0a
[2021-09-13 19:18:45,205] [INFO] [base._test_info] -> Current test: 323
[2021-09-13 19:18:45,206] [INFO] [server.transmit] -> request(31): 474554202f696e6465782e68746d6c20485454502f312e2e2e2e310d0a0d0a
[2021-09-13 19:18:45,207] [INFO] [base._test_info] -> Current test: 324
[2021-09-13 19:18:45,208] [INFO] [server.transmit] -> request(31): 474554202f696e6465782e68746d6c20485454502f312c2c2c2c310d0a0d0a
[2021-09-13 19:18:45,209] [INFO] [base._test_info] -> Current test: 325
[2021-09-13 19:18:45,210] [INFO] [server.transmit] -> request(31): 474554202f696e6465782e68746d6c20485454502f310d0d0d0d310d0a0d0a
[2021-09-13 19:18:45,211] [INFO] [base._test_info] -> Current test: 326
[2021-09-13 19:18:45,213] [INFO] [server.transmit] -> request(31): 474554202f696e6465782e68746d6c20485454502f310a0a0a0a310d0a0d0a
[2021-09-13 19:18:45,215] [INFO] [base._test_info] -> Current test: 327
[2021-09-13 19:18:45,215] [INFO] [server.transmit] -> request(43): 474554202f696e6465782e68746d6c20485454502f310d0a0d0a0d0a0d0a0d0a0d0a0d0a0d0a310d0a0d0a
[2021-09-13 19:18:45,217] [INFO] [base._test_info] -> Current test: 328
[2021-09-13 19:18:45,217] [INFO] [server.transmit] -> request(51): 474554202f696e6465782e68746d6c20485454502f31090d0a090d0a090d0a090d0a090d0a090d0a090d0a090d0a310d0a0d ...
[2021-09-13 19:18:45,219] [INFO] [base._test_info] -> Current test: 329
[2021-09-13 19:18:45,219] [INFO] [server.transmit] -> request(27): 474554202f696e6465782e68746d6c20485454502f31310d0a0d0a
[2021-09-13 19:18:45,221] [INFO] [base._test_info] -> Current test: 330
[2021-09-13 19:18:45,221] [INFO] [server.transmit] -> request(36): 474554202f696e6465782e68746d6c20485454502f312e3236383433353435370d0a0d0a
[2021-09-13 19:18:45,223] [INFO] [base._test_info] -> Current test: 331
[2021-09-13 19:18:45,224] [INFO] [server.transmit] -> request(35): 474554202f696e6465782e68746d6c20485454502f312e33333535343433330d0a0d0a
[2021-09-13 19:18:45,225] [INFO] [base._test_info] -> Current test: 332
[2021-09-13 19:18:45,226] [INFO] [server.transmit] -> request(34): 474554202f696e6465782e68746d6c20485454502f312e343139343330350d0a0d0a
[2021-09-13 19:18:45,227] [INFO] [base._test_info] -> Current test: 333
[2021-09-13 19:18:45,228] [INFO] [server.transmit] -> request(33): 474554202f696e6465782e68746d6c20485454502f312e3532343238390d0a0d0a
[2021-09-13 19:18:45,230] [INFO] [base._test_info] -> Current test: 334
[2021-09-13 19:18:45,231] [INFO] [server.transmit] -> request(32): 474554202f696e6465782e68746d6c20485454502f312e36353533370d0a0d0a
[2021-09-13 19:18:45,233] [INFO] [base._test_info] -> Current test: 335
[2021-09-13 19:18:45,233] [INFO] [server.transmit] -> request(31): 474554202f696e6465782e68746d6c20485454502f312e383139330d0a0d0a
[2021-09-13 19:18:45,234] [INFO] [base._test_info] -> Current test: 336
[2021-09-13 19:18:45,235] [INFO] [server.transmit] -> request(31): 474554202f696e6465782e68746d6c20485454502f312e313032350d0a0d0a
[2021-09-13 19:18:45,236] [INFO] [base._test_info] -> Current test: 337
[2021-09-13 19:18:45,237] [INFO] [server.transmit] -> request(30): 474554202f696e6465782e68746d6c20485454502f312e3132390d0a0d0a
[2021-09-13 19:18:45,238] [INFO] [base._test_info] -> Current test: 338
[2021-09-13 19:18:45,239] [INFO] [server.transmit] -> request(29): 474554202f696e6465782e68746d6c20485454502f312e31370d0a0d0a
[2021-09-13 19:18:45,240] [INFO] [base._test_info] -> Current test: 339
[2021-09-13 19:18:45,240] [INFO] [server.transmit] -> request(37): 474554202f696e6465782e68746d6c20485454502f312e343239343936373239350d0a0d0a
[2021-09-13 19:18:45,242] [INFO] [base._test_info] -> Current test: 340
[2021-09-13 19:18:45,242] [INFO] [server.transmit] -> request(37): 474554202f696e6465782e68746d6c20485454502f312e333232313232353437320d0a0d0a
[2021-09-13 19:18:45,244] [INFO] [base._test_info] -> Current test: 341
[2021-09-13 19:18:45,244] [INFO] [server.transmit] -> request(37): 474554202f696e6465782e68746d6c20485454502f312e323134373438333634390d0a0d0a
[2021-09-13 19:18:45,247] [INFO] [base._test_info] -> Current test: 342
[2021-09-13 19:18:45,248] [INFO] [server.transmit] -> request(37): 474554202f696e6465782e68746d6c20485454502f312e313037333734313832360d0a0d0a
[2021-09-13 19:18:45,249] [INFO] [base._test_info] -> Current test: 343
[2021-09-13 19:18:45,250] [INFO] [server.transmit] -> request(28): 474554202f696e6465782e68746d6c20485454502f312e310d0a0d0a
[2021-09-13 19:18:45,251] [INFO] [base._test_info] -> Current test: 344
[2021-09-13 19:18:45,252] [INFO] [server.transmit] -> request(37): 474554202f696e6465782e68746d6c20485454502f312e343239343936373239340d0a0d0a
[2021-09-13 19:18:45,254] [INFO] [base._test_info] -> Current test: 345
[2021-09-13 19:18:45,254] [INFO] [server.transmit] -> request(37): 474554202f696e6465782e68746d6c20485454502f312e333232313232353437330d0a0d0a
[2021-09-13 19:18:45,256] [INFO] [base._test_info] -> Current test: 346
[2021-09-13 19:18:45,256] [INFO] [server.transmit] -> request(37): 474554202f696e6465782e68746d6c20485454502f312e333232313232353437310d0a0d0a
[2021-09-13 19:18:45,258] [INFO] [base._test_info] -> Current test: 347
[2021-09-13 19:18:45,258] [INFO] [server.transmit] -> request(37): 474554202f696e6465782e68746d6c20485454502f312e323134373438333635300d0a0d0a
[2021-09-13 19:18:45,260] [INFO] [base._test_info] -> Current test: 348
[2021-09-13 19:18:45,260] [INFO] [server.transmit] -> request(37): 474554202f696e6465782e68746d6c20485454502f312e323134373438333634380d0a0d0a
[2021-09-13 19:18:45,263] [INFO] [base._test_info] -> Current test: 349
[2021-09-13 19:18:45,263] [INFO] [server.transmit] -> request(37): 474554202f696e6465782e68746d6c20485454502f312e313037333734313832370d0a0d0a
[2021-09-13 19:18:45,265] [INFO] [base._test_info] -> Current test: 350
[2021-09-13 19:18:45,266] [INFO] [server.transmit] -> request(37): 474554202f696e6465782e68746d6c20485454502f312e313037333734313832350d0a0d0a
[2021-09-13 19:18:45,267] [INFO] [base._test_info] -> Current test: 351
[2021-09-13 19:18:45,268] [INFO] [server.transmit] -> request(37): 474554202f696e6465782e68746d6c20485454502f312e343239343936373239330d0a0d0a
[2021-09-13 19:18:45,269] [INFO] [base._test_info] -> Current test: 352
[2021-09-13 19:18:45,270] [INFO] [server.transmit] -> request(37): 474554202f696e6465782e68746d6c20485454502f312e333232313232353437340d0a0d0a
[2021-09-13 19:18:45,271] [INFO] [base._test_info] -> Current test: 353
[2021-09-13 19:18:45,272] [INFO] [server.transmit] -> request(37): 474554202f696e6465782e68746d6c20485454502f312e333232313232353437300d0a0d0a
[2021-09-13 19:18:45,273] [INFO] [base._test_info] -> Current test: 354
[2021-09-13 19:18:45,281] [INFO] [server.transmit] -> request(37): 474554202f696e6465782e68746d6c20485454502f312e323134373438333635310d0a0d0a
[2021-09-13 19:18:45,294] [INFO] [base._test_info] -> Current test: 355
[2021-09-13 19:18:45,294] [INFO] [server.transmit] -> request(37): 474554202f696e6465782e68746d6c20485454502f312e323134373438333634370d0a0d0a
[2021-09-13 19:18:45,298] [INFO] [base._test_info] -> Current test: 356
[2021-09-13 19:18:45,298] [INFO] [server.transmit] -> request(37): 474554202f696e6465782e68746d6c20485454502f312e313037333734313832380d0a0d0a
[2021-09-13 19:18:45,305] [INFO] [base._test_info] -> Current test: 357
[2021-09-13 19:18:45,305] [INFO] [server.transmit] -> request(37): 474554202f696e6465782e68746d6c20485454502f312e313037333734313832340d0a0d0a
[2021-09-13 19:18:45,307] [INFO] [base._test_info] -> Current test: 358
[2021-09-13 19:18:45,308] [INFO] [server.transmit] -> request(28): 474554202f696e6465782e68746d6c20485454502f312e320d0a0d0a
[2021-09-13 19:18:45,309] [INFO] [base._test_info] -> Current test: 359
[2021-09-13 19:18:45,310] [INFO] [server.transmit] -> request(28): 474554202f696e6465782e68746d6c20485454502f312e300d0a0d0a
[2021-09-13 19:18:45,311] [INFO] [base._test_info] -> Current test: 360
[2021-09-13 19:18:45,312] [INFO] [server.transmit] -> request(28): 474554202f696e6465782e68746d6c20485454502f312e330d0a0d0a
[2021-09-13 19:18:45,313] [INFO] [base._end_message] -> 
                         --------------------------------------------------
                         Finished fuzzing session
                         Target: TcpTarget

                         Tested 361 mutations
                         Failure count: 0
                         --------------------------------------------------
            
