[2022-01-06 14:04:58,591] [INFO] [base._load_session] -> No session loaded
[2022-01-06 14:04:58,594] [INFO] [base._start_message] -> 
                 --------------------------------------------------
                 Starting fuzzing session
                 Target: FileTarget
                 UI: WebInterface listening on 127.0.0.1:26001
                 Log: ./kittylogs/kitty_20220106-140458.log

                 Total possible mutation count: 182
                 --------------------------------------------------
                                 Happy hacking
                 --------------------------------------------------
            
[2022-01-06 14:04:58,595] [INFO] [base.start] -> Performing environment test
[2022-01-06 14:04:58,595] [INFO] [base._test_info] -> Current test: -1
[2022-01-06 14:04:58,596] [INFO] [server.transmit] -> request(32): 5468652064656661756c7420737472696e67416e6f7468657220737472696e67
[2022-01-06 14:04:58,598] [INFO] [server._start] -> should keep running? True
[2022-01-06 14:04:58,599] [INFO] [base._test_info] -> Current test: 0
[2022-01-06 14:04:58,601] [INFO] [server.transmit] -> request(50): 5468652064656661756c7420737472696e675468652064656661756c7420737472696e67416e6f7468657220737472696e67 ...
[2022-01-06 14:04:58,602] [INFO] [base._test_info] -> Current test: 1
[2022-01-06 14:04:58,602] [INFO] [server.transmit] -> request(194): 5468652064656661756c7420737472696e675468652064656661756c7420737472696e675468652064656661756c74207374 ...
[2022-01-06 14:04:58,605] [INFO] [base._test_info] -> Current test: 2
[2022-01-06 14:04:58,605] [INFO] [server.transmit] -> request(1814): 5468652064656661756c7420737472696e675468652064656661756c7420737472696e675468652064656661756c74207374 ...
[2022-01-06 14:04:58,608] [INFO] [base._test_info] -> Current test: 3
[2022-01-06 14:04:58,608] [INFO] [server.transmit] -> request(33): 5468652064656661756c7420737472696e67fe416e6f7468657220737472696e67
[2022-01-06 14:04:58,609] [INFO] [base._test_info] -> Current test: 4
[2022-01-06 14:04:58,611] [INFO] [server.transmit] -> request(33): 005468652064656661756c7420737472696e67416e6f7468657220737472696e67
[2022-01-06 14:04:58,612] [INFO] [base._test_info] -> Current test: 5
[2022-01-06 14:04:58,612] [INFO] [server.transmit] -> request(33): 546865206465666175006c7420737472696e67416e6f7468657220737472696e67
[2022-01-06 14:04:58,615] [INFO] [base._test_info] -> Current test: 6
[2022-01-06 14:04:58,615] [INFO] [server.transmit] -> request(33): 5468652064656661756c7420737472696e6700416e6f7468657220737472696e67
[2022-01-06 14:04:58,618] [INFO] [base._test_info] -> Current test: 7
[2022-01-06 14:04:58,618] [INFO] [server.transmit] -> request(14): 416e6f7468657220737472696e67
[2022-01-06 14:04:58,619] [INFO] [base._test_info] -> Current test: 8
[2022-01-06 14:04:58,619] [INFO] [server.transmit] -> request(2062): 2573257325732573257325732573257325732573257325732573257325732573257325732573257325732573257325732573 ...
[2022-01-06 14:04:58,622] [INFO] [base._test_info] -> Current test: 9
[2022-01-06 14:04:58,622] [INFO] [server.transmit] -> request(270): 2573257325732573257325732573257325732573257325732573257325732573257325732573257325732573257325732573 ...
[2022-01-06 14:04:58,625] [INFO] [base._test_info] -> Current test: 10
[2022-01-06 14:04:58,625] [INFO] [server.transmit] -> request(46): 2573257325732573257325732573257325732573257325732573257325732573416e6f7468657220737472696e67
[2022-01-06 14:04:58,627] [INFO] [base._test_info] -> Current test: 11
[2022-01-06 14:04:58,627] [INFO] [server.transmit] -> request(18): 25732573416e6f7468657220737472696e67
[2022-01-06 14:04:58,630] [INFO] [base._test_info] -> Current test: 12
[2022-01-06 14:04:58,631] [INFO] [server.transmit] -> request(3086): 2525732525732525732525732525732525732525732525732525732525732525732525732525732525732525732525732525 ...
[2022-01-06 14:04:58,632] [INFO] [base._test_info] -> Current test: 13
[2022-01-06 14:04:58,632] [INFO] [server.transmit] -> request(398): 2525732525732525732525732525732525732525732525732525732525732525732525732525732525732525732525732525 ...
[2022-01-06 14:04:58,634] [INFO] [base._test_info] -> Current test: 14
[2022-01-06 14:04:58,634] [INFO] [server.transmit] -> request(62): 252573252573252573252573252573252573252573252573252573252573252573252573252573252573252573252573416e ...
[2022-01-06 14:04:58,635] [INFO] [base._test_info] -> Current test: 15
[2022-01-06 14:04:58,637] [INFO] [server.transmit] -> request(20): 252573252573416e6f7468657220737472696e67
[2022-01-06 14:04:58,638] [INFO] [base._test_info] -> Current test: 16
[2022-01-06 14:04:58,640] [INFO] [server.transmit] -> request(4110): 2225732222257322222573222225732222257322222573222225732222257322222573222225732222257322222573222225 ...
[2022-01-06 14:04:58,641] [INFO] [base._test_info] -> Current test: 17
[2022-01-06 14:04:58,641] [INFO] [server.transmit] -> request(526): 2225732222257322222573222225732222257322222573222225732222257322222573222225732222257322222573222225 ...
[2022-01-06 14:04:58,644] [INFO] [base._test_info] -> Current test: 18
[2022-01-06 14:04:58,644] [INFO] [server.transmit] -> request(78): 2225732222257322222573222225732222257322222573222225732222257322222573222225732222257322222573222225 ...
[2022-01-06 14:04:58,647] [INFO] [base._test_info] -> Current test: 19
[2022-01-06 14:04:58,647] [INFO] [server.transmit] -> request(22): 2225732222257322416e6f7468657220737472696e67
[2022-01-06 14:04:58,648] [INFO] [base._test_info] -> Current test: 20
[2022-01-06 14:04:58,650] [INFO] [server.transmit] -> request(2062): 256e256e256e256e256e256e256e256e256e256e256e256e256e256e256e256e256e256e256e256e256e256e256e256e256e ...
[2022-01-06 14:04:58,651] [INFO] [base._test_info] -> Current test: 21
[2022-01-06 14:04:58,651] [INFO] [server.transmit] -> request(270): 256e256e256e256e256e256e256e256e256e256e256e256e256e256e256e256e256e256e256e256e256e256e256e256e256e ...
[2022-01-06 14:04:58,654] [INFO] [base._test_info] -> Current test: 22
[2022-01-06 14:04:58,654] [INFO] [server.transmit] -> request(46): 256e256e256e256e256e256e256e256e256e256e256e256e256e256e256e256e416e6f7468657220737472696e67
[2022-01-06 14:04:58,655] [INFO] [base._test_info] -> Current test: 23
[2022-01-06 14:04:58,655] [INFO] [server.transmit] -> request(18): 256e256e416e6f7468657220737472696e67
[2022-01-06 14:04:58,657] [INFO] [base._test_info] -> Current test: 24
[2022-01-06 14:04:58,658] [INFO] [server.transmit] -> request(3086): 25256e25256e25256e25256e25256e25256e25256e25256e25256e25256e25256e25256e25256e25256e25256e25256e2525 ...
[2022-01-06 14:04:58,661] [INFO] [base._test_info] -> Current test: 25
[2022-01-06 14:04:58,661] [INFO] [server.transmit] -> request(398): 25256e25256e25256e25256e25256e25256e25256e25256e25256e25256e25256e25256e25256e25256e25256e25256e2525 ...
[2022-01-06 14:04:58,664] [INFO] [base._test_info] -> Current test: 26
[2022-01-06 14:04:58,664] [INFO] [server.transmit] -> request(62): 25256e25256e25256e25256e25256e25256e25256e25256e25256e25256e25256e25256e25256e25256e25256e25256e416e ...
[2022-01-06 14:04:58,665] [INFO] [base._test_info] -> Current test: 27
[2022-01-06 14:04:58,665] [INFO] [server.transmit] -> request(20): 25256e25256e416e6f7468657220737472696e67
[2022-01-06 14:04:58,667] [INFO] [base._test_info] -> Current test: 28
[2022-01-06 14:04:58,668] [INFO] [server.transmit] -> request(4110): 22256e2222256e2222256e2222256e2222256e2222256e2222256e2222256e2222256e2222256e2222256e2222256e222225 ...
[2022-01-06 14:04:58,671] [INFO] [base._test_info] -> Current test: 29
[2022-01-06 14:04:58,671] [INFO] [server.transmit] -> request(526): 22256e2222256e2222256e2222256e2222256e2222256e2222256e2222256e2222256e2222256e2222256e2222256e222225 ...
[2022-01-06 14:04:58,674] [INFO] [base._test_info] -> Current test: 30
[2022-01-06 14:04:58,674] [INFO] [server.transmit] -> request(78): 22256e2222256e2222256e2222256e2222256e2222256e2222256e2222256e2222256e2222256e2222256e2222256e222225 ...
[2022-01-06 14:04:58,677] [INFO] [base._test_info] -> Current test: 31
[2022-01-06 14:04:58,677] [INFO] [server.transmit] -> request(22): 22256e2222256e22416e6f7468657220737472696e67
[2022-01-06 14:04:58,697] [INFO] [base._test_info] -> Current test: 32
[2022-01-06 14:04:58,697] [INFO] [server.transmit] -> request(28): 252e31363730357525325c24686e416e6f7468657220737472696e67
[2022-01-06 14:04:58,700] [INFO] [base._test_info] -> Current test: 33
[2022-01-06 14:04:58,700] [INFO] [server.transmit] -> request(2062): 0d0a0d0a0d0a0d0a0d0a0d0a0d0a0d0a0d0a0d0a0d0a0d0a0d0a0d0a0d0a0d0a0d0a0d0a0d0a0d0a0d0a0d0a0d0a0d0a0d0a ...
[2022-01-06 14:04:58,706] [INFO] [base._test_info] -> Current test: 34
[2022-01-06 14:04:58,707] [INFO] [server.transmit] -> request(270): 0d0a0d0a0d0a0d0a0d0a0d0a0d0a0d0a0d0a0d0a0d0a0d0a0d0a0d0a0d0a0d0a0d0a0d0a0d0a0d0a0d0a0d0a0d0a0d0a0d0a ...
[2022-01-06 14:04:58,710] [INFO] [base._test_info] -> Current test: 35
[2022-01-06 14:04:58,710] [INFO] [server.transmit] -> request(46): 0d0a0d0a0d0a0d0a0d0a0d0a0d0a0d0a0d0a0d0a0d0a0d0a0d0a0d0a0d0a0d0a416e6f7468657220737472696e67
[2022-01-06 14:04:58,713] [INFO] [base._test_info] -> Current test: 36
[2022-01-06 14:04:58,713] [INFO] [server.transmit] -> request(18): 0d0a0d0a416e6f7468657220737472696e67
[2022-01-06 14:04:58,714] [INFO] [base._test_info] -> Current test: 37
[2022-01-06 14:04:58,716] [INFO] [server.transmit] -> request(1038): 0a0a0a0a0a0a0a0a0a0a0a0a0a0a0a0a0a0a0a0a0a0a0a0a0a0a0a0a0a0a0a0a0a0a0a0a0a0a0a0a0a0a0a0a0a0a0a0a0a0a ...
[2022-01-06 14:04:58,720] [INFO] [base._test_info] -> Current test: 38
[2022-01-06 14:04:58,720] [INFO] [server.transmit] -> request(142): 0a0a0a0a0a0a0a0a0a0a0a0a0a0a0a0a0a0a0a0a0a0a0a0a0a0a0a0a0a0a0a0a0a0a0a0a0a0a0a0a0a0a0a0a0a0a0a0a0a0a ...
[2022-01-06 14:04:58,721] [INFO] [base._test_info] -> Current test: 39
[2022-01-06 14:04:58,723] [INFO] [server.transmit] -> request(30): 0a0a0a0a0a0a0a0a0a0a0a0a0a0a0a0a416e6f7468657220737472696e67
[2022-01-06 14:04:58,724] [INFO] [base._test_info] -> Current test: 40
[2022-01-06 14:04:58,724] [INFO] [server.transmit] -> request(16): 0a0a416e6f7468657220737472696e67
[2022-01-06 14:04:58,729] [INFO] [base._test_info] -> Current test: 41
[2022-01-06 14:04:58,730] [INFO] [server.transmit] -> request(4110): deadbeefdeadbeefdeadbeefdeadbeefdeadbeefdeadbeefdeadbeefdeadbeefdeadbeefdeadbeefdeadbeefdeadbeefdead ...
[2022-01-06 14:04:58,732] [INFO] [base._test_info] -> Current test: 42
[2022-01-06 14:04:58,733] [INFO] [server.transmit] -> request(526): deadbeefdeadbeefdeadbeefdeadbeefdeadbeefdeadbeefdeadbeefdeadbeefdeadbeefdeadbeefdeadbeefdeadbeefdead ...
[2022-01-06 14:04:58,733] [INFO] [base._test_info] -> Current test: 43
[2022-01-06 14:04:58,734] [INFO] [server.transmit] -> request(78): deadbeefdeadbeefdeadbeefdeadbeefdeadbeefdeadbeefdeadbeefdeadbeefdeadbeefdeadbeefdeadbeefdeadbeefdead ...
[2022-01-06 14:04:58,736] [INFO] [base._test_info] -> Current test: 44
[2022-01-06 14:04:58,736] [INFO] [server.transmit] -> request(22): deadbeefdeadbeef416e6f7468657220737472696e67
[2022-01-06 14:04:58,739] [INFO] [base._test_info] -> Current test: 45
[2022-01-06 14:04:58,739] [INFO] [server.transmit] -> request(31): 7c746f756368202f746d702f4b49545459416e6f7468657220737472696e67
[2022-01-06 14:04:58,740] [INFO] [base._test_info] -> Current test: 46
[2022-01-06 14:04:58,740] [INFO] [server.transmit] -> request(32): 3b746f756368202f746d702f4b495454593b416e6f7468657220737472696e67
[2022-01-06 14:04:58,743] [INFO] [base._test_info] -> Current test: 47
[2022-01-06 14:04:58,743] [INFO] [server.transmit] -> request(28): 3b6c733e2f746d702f4b49545459416e6f7468657220737472696e67
[2022-01-06 14:04:58,746] [INFO] [base._test_info] -> Current test: 48
[2022-01-06 14:04:58,746] [INFO] [server.transmit] -> request(43): 223b6c733e2f746d702f4b495454593b6c733e2f6465762f6e756c6c22416e6f7468657220737472696e67
[2022-01-06 14:04:58,749] [INFO] [base._test_info] -> Current test: 49
[2022-01-06 14:04:58,749] [INFO] [server.transmit] -> request(44): 273b6c733e2f746d702f4b495454593b6c733e272f6465762f6e756c6c27416e6f7468657220737472696e67
[2022-01-06 14:04:58,750] [INFO] [base._test_info] -> Current test: 50
[2022-01-06 14:04:58,750] [INFO] [server.transmit] -> request(29): 606c733e2f746d702f4b4954545960416e6f7468657220737472696e67
[2022-01-06 14:04:58,752] [INFO] [base._test_info] -> Current test: 51
[2022-01-06 14:04:58,753] [INFO] [server.transmit] -> request(30): 20606c733e2f746d702f4b4954545960416e6f7468657220737472696e67
[2022-01-06 14:04:58,755] [INFO] [base._test_info] -> Current test: 52
[2022-01-06 14:04:58,755] [INFO] [server.transmit] -> request(22): 7c6e6f7465706164416e6f7468657220737472696e67
[2022-01-06 14:04:58,756] [INFO] [base._test_info] -> Current test: 53
[2022-01-06 14:04:58,756] [INFO] [server.transmit] -> request(23): 3b6e6f74657061643b416e6f7468657220737472696e67
[2022-01-06 14:04:58,759] [INFO] [base._test_info] -> Current test: 54
[2022-01-06 14:04:58,759] [INFO] [server.transmit] -> request(23): 0a6e6f74657061640a416e6f7468657220737472696e67
[2022-01-06 14:04:58,763] [INFO] [base._test_info] -> Current test: 55
[2022-01-06 14:04:58,763] [INFO] [server.transmit] -> request(25): 27206f7220313d31202d2d416e6f7468657220737472696e67
[2022-01-06 14:04:58,765] [INFO] [base._test_info] -> Current test: 56
[2022-01-06 14:04:58,766] [INFO] [server.transmit] -> request(31): 273b20646573632075736572733b202d2d416e6f7468657220737472696e67
[2022-01-06 14:04:58,767] [INFO] [base._test_info] -> Current test: 57
[2022-01-06 14:04:58,767] [INFO] [server.transmit] -> request(55): 27206f7220757365726e616d65206973206e6f74204e554c4c206f7220757365726e616d65203d2027416e6f746865722073 ...
[2022-01-06 14:04:58,769] [INFO] [base._test_info] -> Current test: 58
[2022-01-06 14:04:58,770] [INFO] [server.transmit] -> request(86): 3120756e696f6e20616c6c2073656c65637420312c322c332c342c352c362c6e616d652066726f6d207379736f626a656374 ...
[2022-01-06 14:04:58,773] [INFO] [base._test_info] -> Current test: 59
[2022-01-06 14:04:58,773] [INFO] [server.transmit] -> request(25): 60206f72206031603d6031416e6f7468657220737472696e67
[2022-01-06 14:04:58,775] [INFO] [base._test_info] -> Current test: 60
[2022-01-06 14:04:58,775] [INFO] [server.transmit] -> request(25): 27206f72202731273d2731416e6f7468657220737472696e67
[2022-01-06 14:04:58,776] [INFO] [base._test_info] -> Current test: 61
[2022-01-06 14:04:58,778] [INFO] [server.transmit] -> request(16): 4141416e6f7468657220737472696e67
[2022-01-06 14:04:58,779] [INFO] [base._test_info] -> Current test: 62
[2022-01-06 14:04:58,779] [INFO] [server.transmit] -> request(24): 41414141414141414141416e6f7468657220737472696e67
[2022-01-06 14:04:58,780] [INFO] [base._test_info] -> Current test: 63
[2022-01-06 14:04:58,780] [INFO] [server.transmit] -> request(114): 4141414141414141414141414141414141414141414141414141414141414141414141414141414141414141414141414141 ...
[2022-01-06 14:04:58,783] [INFO] [base._test_info] -> Current test: 64
[2022-01-06 14:04:58,783] [INFO] [server.transmit] -> request(1014): 4141414141414141414141414141414141414141414141414141414141414141414141414141414141414141414141414141 ...
[2022-01-06 14:04:58,786] [INFO] [base._test_info] -> Current test: 65
[2022-01-06 14:04:58,786] [INFO] [server.transmit] -> request(5014): 4141414141414141414141414141414141414141414141414141414141414141414141414141414141414141414141414141 ...
[2022-01-06 14:04:58,790] [INFO] [base._test_info] -> Current test: 66
[2022-01-06 14:04:58,792] [INFO] [server.transmit] -> request(10014): 4141414141414141414141414141414141414141414141414141414141414141414141414141414141414141414141414141 ...
[2022-01-06 14:04:58,793] [INFO] [base._test_info] -> Current test: 67
[2022-01-06 14:04:58,793] [INFO] [server.transmit] -> request(25): 2f6574632f706173737764416e6f7468657220737472696e67
[2022-01-06 14:04:58,796] [INFO] [base._test_info] -> Current test: 68
[2022-01-06 14:04:58,796] [INFO] [server.transmit] -> request(68): 2e2f2e2e2f2e2e2f2e2e2f2e2e2f2e2e2f2e2e2f2e2e2f2e2e2f2e2e2f2e2e2f2e2e2f2e2e2f2e2e2f2e2e2f6574632f7061 ...
[2022-01-06 14:04:58,799] [INFO] [base._test_info] -> Current test: 69
[2022-01-06 14:04:58,799] [INFO] [server.transmit] -> request(66): 2e2e2f2e2e2f2e2e2f2e2e2f2e2e2f2e2e2f2e2e2f2e2e2f2e2e2f2e2e2f2e2e2f2e2e2f2e2e2f2e2e2f6574632f70617373 ...
[2022-01-06 14:04:58,801] [INFO] [base._test_info] -> Current test: 70
[2022-01-06 14:04:58,801] [INFO] [server.transmit] -> request(27): 2f70726f632f637075696e666f416e6f7468657220737472696e67
[2022-01-06 14:04:58,802] [INFO] [base._test_info] -> Current test: 71
[2022-01-06 14:04:58,803] [INFO] [server.transmit] -> request(70): 2e2f2e2e2f2e2e2f2e2e2f2e2e2f2e2e2f2e2e2f2e2e2f2e2e2f2e2e2f2e2e2f2e2e2f2e2e2f2e2e2f2e2e2f70726f632f63 ...
[2022-01-06 14:04:58,805] [INFO] [base._test_info] -> Current test: 72
[2022-01-06 14:04:58,806] [INFO] [server.transmit] -> request(68): 2e2e2f2e2e2f2e2e2f2e2e2f2e2e2f2e2e2f2e2e2f2e2e2f2e2e2f2e2e2f2e2e2f2e2e2f2e2e2f2e2e2f70726f632f637075 ...
[2022-01-06 14:04:58,809] [INFO] [base._test_info] -> Current test: 73
[2022-01-06 14:04:58,809] [INFO] [server.transmit] -> request(24): 7e2f2e70726f66696c65416e6f7468657220737472696e67
[2022-01-06 14:04:58,811] [INFO] [base._test_info] -> Current test: 74
[2022-01-06 14:04:58,812] [INFO] [server.transmit] -> request(28): 24484f4d452f2e70726f66696c65416e6f7468657220737472696e67
[2022-01-06 14:04:58,812] [INFO] [base._test_info] -> Current test: 75
[2022-01-06 14:04:58,813] [INFO] [server.transmit] -> request(59): 2f2e2e2f2e2e2f2e2e2f2e2e2f2e2e2f2e2e2f2e2e2f2e2e2f2e2e2f2e2e2f2e2e2f2e2e2f626f6f742e696e69416e6f7468 ...
[2022-01-06 14:04:58,815] [INFO] [base._test_info] -> Current test: 76
[2022-01-06 14:04:58,815] [INFO] [server.transmit] -> request(1038): 2f5c2f5c2f5c2f5c2f5c2f5c2f5c2f5c2f5c2f5c2f5c2f5c2f5c2f5c2f5c2f5c2f5c2f5c2f5c2f5c2f5c2f5c2f5c2f5c2f5c ...
[2022-01-06 14:04:58,818] [INFO] [base._test_info] -> Current test: 77
[2022-01-06 14:04:58,818] [INFO] [server.transmit] -> request(142): 2f5c2f5c2f5c2f5c2f5c2f5c2f5c2f5c2f5c2f5c2f5c2f5c2f5c2f5c2f5c2f5c2f5c2f5c2f5c2f5c2f5c2f5c2f5c2f5c2f5c ...
[2022-01-06 14:04:58,821] [INFO] [base._test_info] -> Current test: 78
[2022-01-06 14:04:58,821] [INFO] [server.transmit] -> request(30): 2f5c2f5c2f5c2f5c2f5c2f5c2f5c2f5c416e6f7468657220737472696e67
[2022-01-06 14:04:58,822] [INFO] [base._test_info] -> Current test: 79
[2022-01-06 14:04:58,822] [INFO] [server.transmit] -> request(1038): 2f2e2f2e2f2e2f2e2f2e2f2e2f2e2f2e2f2e2f2e2f2e2f2e2f2e2f2e2f2e2f2e2f2e2f2e2f2e2f2e2f2e2f2e2f2e2f2e2f2e ...
[2022-01-06 14:04:58,825] [INFO] [base._test_info] -> Current test: 80
[2022-01-06 14:04:58,825] [INFO] [server.transmit] -> request(142): 2f2e2f2e2f2e2f2e2f2e2f2e2f2e2f2e2f2e2f2e2f2e2f2e2f2e2f2e2f2e2f2e2f2e2f2e2f2e2f2e2f2e2f2e2f2e2f2e2f2e ...
[2022-01-06 14:04:58,828] [INFO] [base._test_info] -> Current test: 81
[2022-01-06 14:04:58,828] [INFO] [server.transmit] -> request(30): 2f2e2f2e2f2e2f2e2f2e2f2e2f2e2f2e416e6f7468657220737472696e67
[2022-01-06 14:04:58,829] [INFO] [base._test_info] -> Current test: 82
[2022-01-06 14:04:58,829] [INFO] [server.transmit] -> request(43): 2140232425255e2324252324402324252424402324255e5e2a2a282829416e6f7468657220737472696e67
[2022-01-06 14:04:58,832] [INFO] [base._test_info] -> Current test: 83
[2022-01-06 14:04:58,832] [INFO] [server.transmit] -> request(39): 25303125303225303325303425306125306425306141445346416e6f7468657220737472696e67
[2022-01-06 14:04:58,834] [INFO] [base._test_info] -> Current test: 84
[2022-01-06 14:04:58,834] [INFO] [server.transmit] -> request(40): 2530312530322530334025303425306125306425306141445346416e6f7468657220737472696e67
[2022-01-06 14:04:58,835] [INFO] [base._test_info] -> Current test: 85
[2022-01-06 14:04:58,836] [INFO] [server.transmit] -> request(19): 2f2530302f416e6f7468657220737472696e67
[2022-01-06 14:04:58,838] [INFO] [base._test_info] -> Current test: 86
[2022-01-06 14:04:58,838] [INFO] [server.transmit] -> request(18): 2530302f416e6f7468657220737472696e67
[2022-01-06 14:04:58,841] [INFO] [base._test_info] -> Current test: 87
[2022-01-06 14:04:58,842] [INFO] [server.transmit] -> request(17): 253030416e6f7468657220737472696e67
[2022-01-06 14:04:58,844] [INFO] [base._test_info] -> Current test: 88
[2022-01-06 14:04:58,845] [INFO] [server.transmit] -> request(20): 257530303030416e6f7468657220737472696e67
[2022-01-06 14:04:58,846] [INFO] [base._test_info] -> Current test: 89
[2022-01-06 14:04:58,846] [INFO] [server.transmit] -> request(206): 25fef02501ff25fef02501ff25fef02501ff25fef02501ff25fef02501ff25fef02501ff25fef02501ff25fef02501ff25fe ...
[2022-01-06 14:04:58,848] [INFO] [base._test_info] -> Current test: 90
[2022-01-06 14:04:58,849] [INFO] [server.transmit] -> request(38): 25fef02501ff25fef02501ff25fef02501ff25fef02501ff416e6f7468657220737472696e67
[2022-01-06 14:04:58,851] [INFO] [base._test_info] -> Current test: 91
[2022-01-06 14:04:58,851] [INFO] [server.transmit] -> request(46): 5468652064656661756c7420737472696e67416e6f7468657220737472696e67416e6f7468657220737472696e67
[2022-01-06 14:04:58,854] [INFO] [base._test_info] -> Current test: 92
[2022-01-06 14:04:58,855] [INFO] [server.transmit] -> request(158): 5468652064656661756c7420737472696e67416e6f7468657220737472696e67416e6f7468657220737472696e67416e6f74 ...
[2022-01-06 14:04:58,857] [INFO] [base._test_info] -> Current test: 93
[2022-01-06 14:04:58,858] [INFO] [server.transmit] -> request(1418): 5468652064656661756c7420737472696e67416e6f7468657220737472696e67416e6f7468657220737472696e67416e6f74 ...
[2022-01-06 14:04:58,859] [INFO] [base._test_info] -> Current test: 94
[2022-01-06 14:04:58,861] [INFO] [server.transmit] -> request(33): 5468652064656661756c7420737472696e67416e6f7468657220737472696e67fe
[2022-01-06 14:04:58,862] [INFO] [base._test_info] -> Current test: 95
[2022-01-06 14:04:58,862] [INFO] [server.transmit] -> request(33): 5468652064656661756c7420737472696e6700416e6f7468657220737472696e67
[2022-01-06 14:04:58,865] [INFO] [base._test_info] -> Current test: 96
[2022-01-06 14:04:58,865] [INFO] [server.transmit] -> request(33): 5468652064656661756c7420737472696e67416e6f746865720020737472696e67
[2022-01-06 14:04:58,867] [INFO] [base._test_info] -> Current test: 97
[2022-01-06 14:04:58,868] [INFO] [server.transmit] -> request(33): 5468652064656661756c7420737472696e67416e6f7468657220737472696e6700
[2022-01-06 14:04:58,869] [INFO] [base._test_info] -> Current test: 98
[2022-01-06 14:04:58,869] [INFO] [server.transmit] -> request(18): 5468652064656661756c7420737472696e67
[2022-01-06 14:04:58,872] [INFO] [base._test_info] -> Current test: 99
[2022-01-06 14:04:58,874] [INFO] [server.transmit] -> request(2066): 5468652064656661756c7420737472696e672573257325732573257325732573257325732573257325732573257325732573 ...
[2022-01-06 14:04:58,875] [INFO] [base._test_info] -> Current test: 100
[2022-01-06 14:04:58,875] [INFO] [server.transmit] -> request(274): 5468652064656661756c7420737472696e672573257325732573257325732573257325732573257325732573257325732573 ...
[2022-01-06 14:04:58,878] [INFO] [base._test_info] -> Current test: 101
[2022-01-06 14:04:58,878] [INFO] [server.transmit] -> request(50): 5468652064656661756c7420737472696e672573257325732573257325732573257325732573257325732573257325732573 ...
[2022-01-06 14:04:58,881] [INFO] [base._test_info] -> Current test: 102
[2022-01-06 14:04:58,881] [INFO] [server.transmit] -> request(22): 5468652064656661756c7420737472696e6725732573
[2022-01-06 14:04:58,884] [INFO] [base._test_info] -> Current test: 103
[2022-01-06 14:04:58,884] [INFO] [server.transmit] -> request(3090): 5468652064656661756c7420737472696e672525732525732525732525732525732525732525732525732525732525732525 ...
[2022-01-06 14:04:58,887] [INFO] [base._test_info] -> Current test: 104
[2022-01-06 14:04:58,888] [INFO] [server.transmit] -> request(402): 5468652064656661756c7420737472696e672525732525732525732525732525732525732525732525732525732525732525 ...
[2022-01-06 14:04:58,890] [INFO] [base._test_info] -> Current test: 105
[2022-01-06 14:04:58,890] [INFO] [server.transmit] -> request(66): 5468652064656661756c7420737472696e672525732525732525732525732525732525732525732525732525732525732525 ...
[2022-01-06 14:04:58,891] [INFO] [base._test_info] -> Current test: 106
[2022-01-06 14:04:58,891] [INFO] [server.transmit] -> request(24): 5468652064656661756c7420737472696e67252573252573
[2022-01-06 14:04:58,894] [INFO] [base._test_info] -> Current test: 107
[2022-01-06 14:04:58,895] [INFO] [server.transmit] -> request(4114): 5468652064656661756c7420737472696e672225732222257322222573222225732222257322222573222225732222257322 ...
[2022-01-06 14:04:58,898] [INFO] [base._test_info] -> Current test: 108
[2022-01-06 14:04:58,900] [INFO] [server.transmit] -> request(530): 5468652064656661756c7420737472696e672225732222257322222573222225732222257322222573222225732222257322 ...
[2022-01-06 14:04:58,901] [INFO] [base._test_info] -> Current test: 109
[2022-01-06 14:04:58,901] [INFO] [server.transmit] -> request(82): 5468652064656661756c7420737472696e672225732222257322222573222225732222257322222573222225732222257322 ...
[2022-01-06 14:04:58,904] [INFO] [base._test_info] -> Current test: 110
[2022-01-06 14:04:58,905] [INFO] [server.transmit] -> request(26): 5468652064656661756c7420737472696e672225732222257322
[2022-01-06 14:04:58,907] [INFO] [base._test_info] -> Current test: 111
[2022-01-06 14:04:58,907] [INFO] [server.transmit] -> request(2066): 5468652064656661756c7420737472696e67256e256e256e256e256e256e256e256e256e256e256e256e256e256e256e256e ...
[2022-01-06 14:04:58,911] [INFO] [base._test_info] -> Current test: 112
[2022-01-06 14:04:58,911] [INFO] [server.transmit] -> request(274): 5468652064656661756c7420737472696e67256e256e256e256e256e256e256e256e256e256e256e256e256e256e256e256e ...
[2022-01-06 14:04:58,914] [INFO] [base._test_info] -> Current test: 113
[2022-01-06 14:04:58,914] [INFO] [server.transmit] -> request(50): 5468652064656661756c7420737472696e67256e256e256e256e256e256e256e256e256e256e256e256e256e256e256e256e ...
[2022-01-06 14:04:58,915] [INFO] [base._test_info] -> Current test: 114
[2022-01-06 14:04:58,917] [INFO] [server.transmit] -> request(22): 5468652064656661756c7420737472696e67256e256e
[2022-01-06 14:04:58,918] [INFO] [base._test_info] -> Current test: 115
[2022-01-06 14:04:58,918] [INFO] [server.transmit] -> request(3090): 5468652064656661756c7420737472696e6725256e25256e25256e25256e25256e25256e25256e25256e25256e25256e2525 ...
[2022-01-06 14:04:58,921] [INFO] [base._test_info] -> Current test: 116
[2022-01-06 14:04:58,921] [INFO] [server.transmit] -> request(402): 5468652064656661756c7420737472696e6725256e25256e25256e25256e25256e25256e25256e25256e25256e25256e2525 ...
[2022-01-06 14:04:58,924] [INFO] [base._test_info] -> Current test: 117
[2022-01-06 14:04:58,924] [INFO] [server.transmit] -> request(66): 5468652064656661756c7420737472696e6725256e25256e25256e25256e25256e25256e25256e25256e25256e25256e2525 ...
[2022-01-06 14:04:58,927] [INFO] [base._test_info] -> Current test: 118
[2022-01-06 14:04:58,927] [INFO] [server.transmit] -> request(24): 5468652064656661756c7420737472696e6725256e25256e
[2022-01-06 14:04:58,930] [INFO] [base._test_info] -> Current test: 119
[2022-01-06 14:04:58,931] [INFO] [server.transmit] -> request(4114): 5468652064656661756c7420737472696e6722256e2222256e2222256e2222256e2222256e2222256e2222256e2222256e22 ...
[2022-01-06 14:04:58,934] [INFO] [base._test_info] -> Current test: 120
[2022-01-06 14:04:58,934] [INFO] [server.transmit] -> request(530): 5468652064656661756c7420737472696e6722256e2222256e2222256e2222256e2222256e2222256e2222256e2222256e22 ...
[2022-01-06 14:04:58,936] [INFO] [base._test_info] -> Current test: 121
[2022-01-06 14:04:58,937] [INFO] [server.transmit] -> request(82): 5468652064656661756c7420737472696e6722256e2222256e2222256e2222256e2222256e2222256e2222256e2222256e22 ...
[2022-01-06 14:04:58,938] [INFO] [base._test_info] -> Current test: 122
[2022-01-06 14:04:58,938] [INFO] [server.transmit] -> request(26): 5468652064656661756c7420737472696e6722256e2222256e22
[2022-01-06 14:04:58,940] [INFO] [base._test_info] -> Current test: 123
[2022-01-06 14:04:58,941] [INFO] [server.transmit] -> request(32): 5468652064656661756c7420737472696e67252e31363730357525325c24686e
[2022-01-06 14:04:58,944] [INFO] [base._test_info] -> Current test: 124
[2022-01-06 14:04:58,944] [INFO] [server.transmit] -> request(2066): 5468652064656661756c7420737472696e670d0a0d0a0d0a0d0a0d0a0d0a0d0a0d0a0d0a0d0a0d0a0d0a0d0a0d0a0d0a0d0a ...
[2022-01-06 14:04:58,947] [INFO] [base._test_info] -> Current test: 125
[2022-01-06 14:04:58,947] [INFO] [server.transmit] -> request(274): 5468652064656661756c7420737472696e670d0a0d0a0d0a0d0a0d0a0d0a0d0a0d0a0d0a0d0a0d0a0d0a0d0a0d0a0d0a0d0a ...
[2022-01-06 14:04:58,950] [INFO] [base._test_info] -> Current test: 126
[2022-01-06 14:04:58,950] [INFO] [server.transmit] -> request(50): 5468652064656661756c7420737472696e670d0a0d0a0d0a0d0a0d0a0d0a0d0a0d0a0d0a0d0a0d0a0d0a0d0a0d0a0d0a0d0a ...
[2022-01-06 14:04:58,951] [INFO] [base._test_info] -> Current test: 127
[2022-01-06 14:04:58,951] [INFO] [server.transmit] -> request(22): 5468652064656661756c7420737472696e670d0a0d0a
[2022-01-06 14:04:58,954] [INFO] [base._test_info] -> Current test: 128
[2022-01-06 14:04:58,954] [INFO] [server.transmit] -> request(1042): 5468652064656661756c7420737472696e670a0a0a0a0a0a0a0a0a0a0a0a0a0a0a0a0a0a0a0a0a0a0a0a0a0a0a0a0a0a0a0a ...
[2022-01-06 14:04:58,957] [INFO] [base._test_info] -> Current test: 129
[2022-01-06 14:04:58,957] [INFO] [server.transmit] -> request(146): 5468652064656661756c7420737472696e670a0a0a0a0a0a0a0a0a0a0a0a0a0a0a0a0a0a0a0a0a0a0a0a0a0a0a0a0a0a0a0a ...
[2022-01-06 14:04:58,960] [INFO] [base._test_info] -> Current test: 130
[2022-01-06 14:04:58,960] [INFO] [server.transmit] -> request(34): 5468652064656661756c7420737472696e670a0a0a0a0a0a0a0a0a0a0a0a0a0a0a0a
[2022-01-06 14:04:58,963] [INFO] [base._test_info] -> Current test: 131
[2022-01-06 14:04:58,963] [INFO] [server.transmit] -> request(20): 5468652064656661756c7420737472696e670a0a
[2022-01-06 14:04:58,967] [INFO] [base._test_info] -> Current test: 132
[2022-01-06 14:04:58,967] [INFO] [server.transmit] -> request(4114): 5468652064656661756c7420737472696e67deadbeefdeadbeefdeadbeefdeadbeefdeadbeefdeadbeefdeadbeefdeadbeef ...
[2022-01-06 14:04:58,969] [INFO] [base._test_info] -> Current test: 133
[2022-01-06 14:04:58,970] [INFO] [server.transmit] -> request(530): 5468652064656661756c7420737472696e67deadbeefdeadbeefdeadbeefdeadbeefdeadbeefdeadbeefdeadbeefdeadbeef ...
[2022-01-06 14:04:58,973] [INFO] [base._test_info] -> Current test: 134
[2022-01-06 14:04:58,973] [INFO] [server.transmit] -> request(82): 5468652064656661756c7420737472696e67deadbeefdeadbeefdeadbeefdeadbeefdeadbeefdeadbeefdeadbeefdeadbeef ...
[2022-01-06 14:04:58,974] [INFO] [base._test_info] -> Current test: 135
[2022-01-06 14:04:58,974] [INFO] [server.transmit] -> request(26): 5468652064656661756c7420737472696e67deadbeefdeadbeef
[2022-01-06 14:04:58,976] [INFO] [base._test_info] -> Current test: 136
[2022-01-06 14:04:58,977] [INFO] [server.transmit] -> request(35): 5468652064656661756c7420737472696e677c746f756368202f746d702f4b49545459
[2022-01-06 14:04:58,980] [INFO] [base._test_info] -> Current test: 137
[2022-01-06 14:04:58,980] [INFO] [server.transmit] -> request(36): 5468652064656661756c7420737472696e673b746f756368202f746d702f4b495454593b
[2022-01-06 14:04:58,983] [INFO] [base._test_info] -> Current test: 138
[2022-01-06 14:04:58,983] [INFO] [server.transmit] -> request(32): 5468652064656661756c7420737472696e673b6c733e2f746d702f4b49545459
[2022-01-06 14:04:58,984] [INFO] [base._test_info] -> Current test: 139
[2022-01-06 14:04:58,986] [INFO] [server.transmit] -> request(47): 5468652064656661756c7420737472696e67223b6c733e2f746d702f4b495454593b6c733e2f6465762f6e756c6c22
[2022-01-06 14:04:58,989] [INFO] [base._test_info] -> Current test: 140
[2022-01-06 14:04:58,989] [INFO] [server.transmit] -> request(48): 5468652064656661756c7420737472696e67273b6c733e2f746d702f4b495454593b6c733e272f6465762f6e756c6c27
[2022-01-06 14:04:58,990] [INFO] [base._test_info] -> Current test: 141
[2022-01-06 14:04:58,990] [INFO] [server.transmit] -> request(33): 5468652064656661756c7420737472696e67606c733e2f746d702f4b4954545960
[2022-01-06 14:04:58,993] [INFO] [base._test_info] -> Current test: 142
[2022-01-06 14:04:58,993] [INFO] [server.transmit] -> request(34): 5468652064656661756c7420737472696e6720606c733e2f746d702f4b4954545960
[2022-01-06 14:04:58,996] [INFO] [base._test_info] -> Current test: 143
[2022-01-06 14:04:58,996] [INFO] [server.transmit] -> request(26): 5468652064656661756c7420737472696e677c6e6f7465706164
[2022-01-06 14:04:59,000] [INFO] [base._test_info] -> Current test: 144
[2022-01-06 14:04:59,000] [INFO] [server.transmit] -> request(27): 5468652064656661756c7420737472696e673b6e6f74657061643b
[2022-01-06 14:04:59,002] [INFO] [base._test_info] -> Current test: 145
[2022-01-06 14:04:59,003] [INFO] [server.transmit] -> request(27): 5468652064656661756c7420737472696e670a6e6f74657061640a
[2022-01-06 14:04:59,005] [INFO] [base._test_info] -> Current test: 146
[2022-01-06 14:04:59,006] [INFO] [server.transmit] -> request(29): 5468652064656661756c7420737472696e6727206f7220313d31202d2d
[2022-01-06 14:04:59,006] [INFO] [base._test_info] -> Current test: 147
[2022-01-06 14:04:59,007] [INFO] [server.transmit] -> request(35): 5468652064656661756c7420737472696e67273b20646573632075736572733b202d2d
[2022-01-06 14:04:59,009] [INFO] [base._test_info] -> Current test: 148
[2022-01-06 14:04:59,009] [INFO] [server.transmit] -> request(59): 5468652064656661756c7420737472696e6727206f7220757365726e616d65206973206e6f74204e554c4c206f7220757365 ...
[2022-01-06 14:04:59,013] [INFO] [base._test_info] -> Current test: 149
[2022-01-06 14:04:59,013] [INFO] [server.transmit] -> request(90): 5468652064656661756c7420737472696e673120756e696f6e20616c6c2073656c65637420312c322c332c342c352c362c6e ...
[2022-01-06 14:04:59,015] [INFO] [base._test_info] -> Current test: 150
[2022-01-06 14:04:59,016] [INFO] [server.transmit] -> request(29): 5468652064656661756c7420737472696e6760206f72206031603d6031
[2022-01-06 14:04:59,017] [INFO] [base._test_info] -> Current test: 151
[2022-01-06 14:04:59,017] [INFO] [server.transmit] -> request(29): 5468652064656661756c7420737472696e6727206f72202731273d2731
[2022-01-06 14:04:59,019] [INFO] [base._test_info] -> Current test: 152
[2022-01-06 14:04:59,020] [INFO] [server.transmit] -> request(20): 5468652064656661756c7420737472696e674141
[2022-01-06 14:04:59,023] [INFO] [base._test_info] -> Current test: 153
[2022-01-06 14:04:59,023] [INFO] [server.transmit] -> request(28): 5468652064656661756c7420737472696e6741414141414141414141
[2022-01-06 14:04:59,026] [INFO] [base._test_info] -> Current test: 154
[2022-01-06 14:04:59,026] [INFO] [server.transmit] -> request(118): 5468652064656661756c7420737472696e674141414141414141414141414141414141414141414141414141414141414141 ...
[2022-01-06 14:04:59,028] [INFO] [base._test_info] -> Current test: 155
[2022-01-06 14:04:59,029] [INFO] [server.transmit] -> request(1018): 5468652064656661756c7420737472696e674141414141414141414141414141414141414141414141414141414141414141 ...
[2022-01-06 14:04:59,032] [INFO] [base._test_info] -> Current test: 156
[2022-01-06 14:04:59,032] [INFO] [server.transmit] -> request(5018): 5468652064656661756c7420737472696e674141414141414141414141414141414141414141414141414141414141414141 ...
[2022-01-06 14:04:59,036] [INFO] [base._test_info] -> Current test: 157
[2022-01-06 14:04:59,036] [INFO] [server.transmit] -> request(10018): 5468652064656661756c7420737472696e674141414141414141414141414141414141414141414141414141414141414141 ...
[2022-01-06 14:04:59,039] [INFO] [base._test_info] -> Current test: 158
[2022-01-06 14:04:59,039] [INFO] [server.transmit] -> request(29): 5468652064656661756c7420737472696e672f6574632f706173737764
[2022-01-06 14:04:59,040] [INFO] [base._test_info] -> Current test: 159
[2022-01-06 14:04:59,040] [INFO] [server.transmit] -> request(72): 5468652064656661756c7420737472696e672e2f2e2e2f2e2e2f2e2e2f2e2e2f2e2e2f2e2e2f2e2e2f2e2e2f2e2e2f2e2e2f ...
[2022-01-06 14:04:59,042] [INFO] [base._test_info] -> Current test: 160
[2022-01-06 14:04:59,043] [INFO] [server.transmit] -> request(70): 5468652064656661756c7420737472696e672e2e2f2e2e2f2e2e2f2e2e2f2e2e2f2e2e2f2e2e2f2e2e2f2e2e2f2e2e2f2e2e ...
[2022-01-06 14:04:59,046] [INFO] [base._test_info] -> Current test: 161
[2022-01-06 14:04:59,046] [INFO] [server.transmit] -> request(31): 5468652064656661756c7420737472696e672f70726f632f637075696e666f
[2022-01-06 14:04:59,048] [INFO] [base._test_info] -> Current test: 162
[2022-01-06 14:04:59,048] [INFO] [server.transmit] -> request(74): 5468652064656661756c7420737472696e672e2f2e2e2f2e2e2f2e2e2f2e2e2f2e2e2f2e2e2f2e2e2f2e2e2f2e2e2f2e2e2f ...
[2022-01-06 14:04:59,049] [INFO] [base._test_info] -> Current test: 163
[2022-01-06 14:04:59,049] [INFO] [server.transmit] -> request(72): 5468652064656661756c7420737472696e672e2e2f2e2e2f2e2e2f2e2e2f2e2e2f2e2e2f2e2e2f2e2e2f2e2e2f2e2e2f2e2e ...
[2022-01-06 14:04:59,052] [INFO] [base._test_info] -> Current test: 164
[2022-01-06 14:04:59,052] [INFO] [server.transmit] -> request(28): 5468652064656661756c7420737472696e677e2f2e70726f66696c65
[2022-01-06 14:04:59,053] [INFO] [base._test_info] -> Current test: 165
[2022-01-06 14:04:59,053] [INFO] [server.transmit] -> request(32): 5468652064656661756c7420737472696e6724484f4d452f2e70726f66696c65
[2022-01-06 14:04:59,055] [INFO] [base._test_info] -> Current test: 166
[2022-01-06 14:04:59,055] [INFO] [server.transmit] -> request(63): 5468652064656661756c7420737472696e672f2e2e2f2e2e2f2e2e2f2e2e2f2e2e2f2e2e2f2e2e2f2e2e2f2e2e2f2e2e2f2e ...
[2022-01-06 14:04:59,058] [INFO] [base._test_info] -> Current test: 167
[2022-01-06 14:04:59,059] [INFO] [server.transmit] -> request(1042): 5468652064656661756c7420737472696e672f5c2f5c2f5c2f5c2f5c2f5c2f5c2f5c2f5c2f5c2f5c2f5c2f5c2f5c2f5c2f5c ...
[2022-01-06 14:04:59,061] [INFO] [base._test_info] -> Current test: 168
[2022-01-06 14:04:59,061] [INFO] [server.transmit] -> request(146): 5468652064656661756c7420737472696e672f5c2f5c2f5c2f5c2f5c2f5c2f5c2f5c2f5c2f5c2f5c2f5c2f5c2f5c2f5c2f5c ...
[2022-01-06 14:04:59,062] [INFO] [base._test_info] -> Current test: 169
[2022-01-06 14:04:59,063] [INFO] [server.transmit] -> request(34): 5468652064656661756c7420737472696e672f5c2f5c2f5c2f5c2f5c2f5c2f5c2f5c
[2022-01-06 14:04:59,065] [INFO] [base._test_info] -> Current test: 170
[2022-01-06 14:04:59,065] [INFO] [server.transmit] -> request(1042): 5468652064656661756c7420737472696e672f2e2f2e2f2e2f2e2f2e2f2e2f2e2f2e2f2e2f2e2f2e2f2e2f2e2f2e2f2e2f2e ...
[2022-01-06 14:04:59,068] [INFO] [base._test_info] -> Current test: 171
[2022-01-06 14:04:59,068] [INFO] [server.transmit] -> request(146): 5468652064656661756c7420737472696e672f2e2f2e2f2e2f2e2f2e2f2e2f2e2f2e2f2e2f2e2f2e2f2e2f2e2f2e2f2e2f2e ...
[2022-01-06 14:04:59,069] [INFO] [base._test_info] -> Current test: 172
[2022-01-06 14:04:59,069] [INFO] [server.transmit] -> request(34): 5468652064656661756c7420737472696e672f2e2f2e2f2e2f2e2f2e2f2e2f2e2f2e
[2022-01-06 14:04:59,072] [INFO] [base._test_info] -> Current test: 173
[2022-01-06 14:04:59,072] [INFO] [server.transmit] -> request(47): 5468652064656661756c7420737472696e672140232425255e2324252324402324252424402324255e5e2a2a282829
[2022-01-06 14:04:59,075] [INFO] [base._test_info] -> Current test: 174
[2022-01-06 14:04:59,075] [INFO] [server.transmit] -> request(43): 5468652064656661756c7420737472696e6725303125303225303325303425306125306425306141445346
[2022-01-06 14:04:59,076] [INFO] [base._test_info] -> Current test: 175
[2022-01-06 14:04:59,076] [INFO] [server.transmit] -> request(44): 5468652064656661756c7420737472696e672530312530322530334025303425306125306425306141445346
[2022-01-06 14:04:59,078] [INFO] [base._test_info] -> Current test: 176
[2022-01-06 14:04:59,079] [INFO] [server.transmit] -> request(23): 5468652064656661756c7420737472696e672f2530302f
[2022-01-06 14:04:59,081] [INFO] [base._test_info] -> Current test: 177
[2022-01-06 14:04:59,082] [INFO] [server.transmit] -> request(22): 5468652064656661756c7420737472696e672530302f
[2022-01-06 14:04:59,082] [INFO] [base._test_info] -> Current test: 178
[2022-01-06 14:04:59,084] [INFO] [server.transmit] -> request(21): 5468652064656661756c7420737472696e67253030
[2022-01-06 14:04:59,085] [INFO] [base._test_info] -> Current test: 179
[2022-01-06 14:04:59,085] [INFO] [server.transmit] -> request(24): 5468652064656661756c7420737472696e67257530303030
[2022-01-06 14:04:59,086] [INFO] [base._test_info] -> Current test: 180
[2022-01-06 14:04:59,088] [INFO] [server.transmit] -> request(210): 5468652064656661756c7420737472696e6725fef02501ff25fef02501ff25fef02501ff25fef02501ff25fef02501ff25fe ...
[2022-01-06 14:04:59,089] [INFO] [base._test_info] -> Current test: 181
[2022-01-06 14:04:59,089] [INFO] [server.transmit] -> request(42): 5468652064656661756c7420737472696e6725fef02501ff25fef02501ff25fef02501ff25fef02501ff
[2022-01-06 14:04:59,091] [INFO] [base._end_message] -> 
                         --------------------------------------------------
                         Finished fuzzing session
                         Target: FileTarget

                         Tested 182 mutations
                         Failure count: 0
                         --------------------------------------------------
            
