[2021-09-14 14:15:03,828] [INFO] [base._load_session] -> No session loaded
[2021-09-14 14:15:03,843] [INFO] [base._start_message] -> 
                 --------------------------------------------------
                 Starting fuzzing session
                 Target: TcpTarget
                 UI: WebInterface listening on 127.0.0.1:26011
                 Log: ./kittylogs/kitty_20210914-141502.log

                 Total possible mutation count: 361
                 --------------------------------------------------
                                 Happy hacking
                 --------------------------------------------------
            
[2021-09-14 14:15:03,844] [INFO] [base.start] -> Performing environment test
[2021-09-14 14:15:03,861] [INFO] [base._test_info] -> Current test: -1
[2021-09-14 14:15:03,862] [INFO] [server.transmit] -> request(28): 474554202f696e6465782e68746d6c20485454502f312e310d0a0d0a
[2021-09-14 14:15:03,863] [INFO] [server._start] -> should keep running? True
[2021-09-14 14:15:03,865] [INFO] [base._test_info] -> Current test: 0
[2021-09-14 14:15:03,866] [INFO] [server.transmit] -> request(39): 474554202f696e6465782e68746d6c2f696e6465782e68746d6c20485454502f312e310d0a0d0a
[2021-09-14 14:15:03,869] [INFO] [base._test_info] -> Current test: 1
[2021-09-14 14:15:03,870] [INFO] [server.transmit] -> request(127): 474554202f696e6465782e68746d6c2f696e6465782e68746d6c2f696e6465782e68746d6c2f696e6465782e68746d6c2f69 ...
[2021-09-14 14:15:03,873] [INFO] [base._test_info] -> Current test: 2
[2021-09-14 14:15:03,873] [INFO] [server.transmit] -> request(1117): 474554202f696e6465782e68746d6c2f696e6465782e68746d6c2f696e6465782e68746d6c2f696e6465782e68746d6c2f69 ...
[2021-09-14 14:15:03,876] [INFO] [base._test_info] -> Current test: 3
[2021-09-14 14:15:03,876] [INFO] [server.transmit] -> request(29): 474554202f696e6465782e68746d6cfe20485454502f312e310d0a0d0a
[2021-09-14 14:15:03,878] [INFO] [base._test_info] -> Current test: 4
[2021-09-14 14:15:03,879] [INFO] [server.transmit] -> request(29): 47455420002f696e6465782e68746d6c20485454502f312e310d0a0d0a
[2021-09-14 14:15:03,881] [INFO] [base._test_info] -> Current test: 5
[2021-09-14 14:15:03,881] [INFO] [server.transmit] -> request(29): 474554202f696e646500782e68746d6c20485454502f312e310d0a0d0a
[2021-09-14 14:15:03,922] [INFO] [base._test_info] -> Current test: 6
[2021-09-14 14:15:03,924] [INFO] [server.transmit] -> request(29): 474554202f696e6465782e68746d6c0020485454502f312e310d0a0d0a
[2021-09-14 14:15:03,927] [INFO] [base._test_info] -> Current test: 7
[2021-09-14 14:15:03,928] [INFO] [server.transmit] -> request(17): 4745542020485454502f312e310d0a0d0a
[2021-09-14 14:15:03,930] [INFO] [base._test_info] -> Current test: 8
[2021-09-14 14:15:03,931] [INFO] [server.transmit] -> request(2065): 4745542025732573257325732573257325732573257325732573257325732573257325732573257325732573257325732573 ...
[2021-09-14 14:15:03,933] [INFO] [base._test_info] -> Current test: 9
[2021-09-14 14:15:03,933] [INFO] [server.transmit] -> request(273): 4745542025732573257325732573257325732573257325732573257325732573257325732573257325732573257325732573 ...
[2021-09-14 14:15:03,936] [INFO] [base._test_info] -> Current test: 10
[2021-09-14 14:15:03,937] [INFO] [server.transmit] -> request(49): 47455420257325732573257325732573257325732573257325732573257325732573257320485454502f312e310d0a0d0a
[2021-09-14 14:15:03,939] [INFO] [base._test_info] -> Current test: 11
[2021-09-14 14:15:03,941] [INFO] [server.transmit] -> request(21): 474554202573257320485454502f312e310d0a0d0a
[2021-09-14 14:15:03,944] [INFO] [base._test_info] -> Current test: 12
[2021-09-14 14:15:03,945] [INFO] [server.transmit] -> request(3089): 4745542025257325257325257325257325257325257325257325257325257325257325257325257325257325257325257325 ...
[2021-09-14 14:15:03,949] [INFO] [base._test_info] -> Current test: 13
[2021-09-14 14:15:03,951] [INFO] [server.transmit] -> request(401): 4745542025257325257325257325257325257325257325257325257325257325257325257325257325257325257325257325 ...
[2021-09-14 14:15:03,955] [INFO] [base._test_info] -> Current test: 14
[2021-09-14 14:15:03,957] [INFO] [server.transmit] -> request(65): 4745542025257325257325257325257325257325257325257325257325257325257325257325257325257325257325257325 ...
[2021-09-14 14:15:03,959] [INFO] [base._test_info] -> Current test: 15
[2021-09-14 14:15:03,960] [INFO] [server.transmit] -> request(23): 4745542025257325257320485454502f312e310d0a0d0a
[2021-09-14 14:15:03,963] [INFO] [base._test_info] -> Current test: 16
[2021-09-14 14:15:03,964] [INFO] [server.transmit] -> request(4113): 4745542022257322222573222225732222257322222573222225732222257322222573222225732222257322222573222225 ...
[2021-09-14 14:15:03,966] [INFO] [base._test_info] -> Current test: 17
[2021-09-14 14:15:03,967] [INFO] [server.transmit] -> request(529): 4745542022257322222573222225732222257322222573222225732222257322222573222225732222257322222573222225 ...
[2021-09-14 14:15:03,969] [INFO] [base._test_info] -> Current test: 18
[2021-09-14 14:15:03,970] [INFO] [server.transmit] -> request(81): 4745542022257322222573222225732222257322222573222225732222257322222573222225732222257322222573222225 ...
[2021-09-14 14:15:03,972] [INFO] [base._test_info] -> Current test: 19
[2021-09-14 14:15:03,972] [INFO] [server.transmit] -> request(25): 47455420222573222225732220485454502f312e310d0a0d0a
[2021-09-14 14:15:03,974] [INFO] [base._test_info] -> Current test: 20
[2021-09-14 14:15:03,975] [INFO] [server.transmit] -> request(2065): 47455420256e256e256e256e256e256e256e256e256e256e256e256e256e256e256e256e256e256e256e256e256e256e256e ...
[2021-09-14 14:15:03,978] [INFO] [base._test_info] -> Current test: 21
[2021-09-14 14:15:03,978] [INFO] [server.transmit] -> request(273): 47455420256e256e256e256e256e256e256e256e256e256e256e256e256e256e256e256e256e256e256e256e256e256e256e ...
[2021-09-14 14:15:03,980] [INFO] [base._test_info] -> Current test: 22
[2021-09-14 14:15:03,980] [INFO] [server.transmit] -> request(49): 47455420256e256e256e256e256e256e256e256e256e256e256e256e256e256e256e256e20485454502f312e310d0a0d0a
[2021-09-14 14:15:03,982] [INFO] [base._test_info] -> Current test: 23
[2021-09-14 14:15:03,982] [INFO] [server.transmit] -> request(21): 47455420256e256e20485454502f312e310d0a0d0a
[2021-09-14 14:15:03,984] [INFO] [base._test_info] -> Current test: 24
[2021-09-14 14:15:03,986] [INFO] [server.transmit] -> request(3089): 4745542025256e25256e25256e25256e25256e25256e25256e25256e25256e25256e25256e25256e25256e25256e25256e25 ...
[2021-09-14 14:15:03,988] [INFO] [base._test_info] -> Current test: 25
[2021-09-14 14:15:03,988] [INFO] [server.transmit] -> request(401): 4745542025256e25256e25256e25256e25256e25256e25256e25256e25256e25256e25256e25256e25256e25256e25256e25 ...
[2021-09-14 14:15:03,990] [INFO] [base._test_info] -> Current test: 26
[2021-09-14 14:15:03,991] [INFO] [server.transmit] -> request(65): 4745542025256e25256e25256e25256e25256e25256e25256e25256e25256e25256e25256e25256e25256e25256e25256e25 ...
[2021-09-14 14:15:03,993] [INFO] [base._test_info] -> Current test: 27
[2021-09-14 14:15:03,993] [INFO] [server.transmit] -> request(23): 4745542025256e25256e20485454502f312e310d0a0d0a
[2021-09-14 14:15:03,996] [INFO] [base._test_info] -> Current test: 28
[2021-09-14 14:15:03,997] [INFO] [server.transmit] -> request(4113): 4745542022256e2222256e2222256e2222256e2222256e2222256e2222256e2222256e2222256e2222256e2222256e222225 ...
[2021-09-14 14:15:03,998] [INFO] [base._test_info] -> Current test: 29
[2021-09-14 14:15:03,999] [INFO] [server.transmit] -> request(529): 4745542022256e2222256e2222256e2222256e2222256e2222256e2222256e2222256e2222256e2222256e2222256e222225 ...
[2021-09-14 14:15:04,001] [INFO] [base._test_info] -> Current test: 30
[2021-09-14 14:15:04,002] [INFO] [server.transmit] -> request(81): 4745542022256e2222256e2222256e2222256e2222256e2222256e2222256e2222256e2222256e2222256e2222256e222225 ...
[2021-09-14 14:15:04,003] [INFO] [base._test_info] -> Current test: 31
[2021-09-14 14:15:04,003] [INFO] [server.transmit] -> request(25): 4745542022256e2222256e2220485454502f312e310d0a0d0a
[2021-09-14 14:15:04,005] [INFO] [base._test_info] -> Current test: 32
[2021-09-14 14:15:04,005] [INFO] [server.transmit] -> request(31): 47455420252e31363730357525325c24686e20485454502f312e310d0a0d0a
[2021-09-14 14:15:04,009] [INFO] [base._test_info] -> Current test: 33
[2021-09-14 14:15:04,009] [INFO] [server.transmit] -> request(2065): 474554200d0a0d0a0d0a0d0a0d0a0d0a0d0a0d0a0d0a0d0a0d0a0d0a0d0a0d0a0d0a0d0a0d0a0d0a0d0a0d0a0d0a0d0a0d0a ...
[2021-09-14 14:15:04,011] [INFO] [base._test_info] -> Current test: 34
[2021-09-14 14:15:04,011] [INFO] [server.transmit] -> request(273): 474554200d0a0d0a0d0a0d0a0d0a0d0a0d0a0d0a0d0a0d0a0d0a0d0a0d0a0d0a0d0a0d0a0d0a0d0a0d0a0d0a0d0a0d0a0d0a ...
[2021-09-14 14:15:04,013] [INFO] [base._test_info] -> Current test: 35
[2021-09-14 14:15:04,013] [INFO] [server.transmit] -> request(49): 474554200d0a0d0a0d0a0d0a0d0a0d0a0d0a0d0a0d0a0d0a0d0a0d0a0d0a0d0a0d0a0d0a20485454502f312e310d0a0d0a
[2021-09-14 14:15:04,014] [INFO] [base._test_info] -> Current test: 36
[2021-09-14 14:15:04,015] [INFO] [server.transmit] -> request(21): 474554200d0a0d0a20485454502f312e310d0a0d0a
[2021-09-14 14:15:04,017] [INFO] [base._test_info] -> Current test: 37
[2021-09-14 14:15:04,018] [INFO] [server.transmit] -> request(1041): 474554200a0a0a0a0a0a0a0a0a0a0a0a0a0a0a0a0a0a0a0a0a0a0a0a0a0a0a0a0a0a0a0a0a0a0a0a0a0a0a0a0a0a0a0a0a0a ...
[2021-09-14 14:15:04,020] [INFO] [base._test_info] -> Current test: 38
[2021-09-14 14:15:04,020] [INFO] [server.transmit] -> request(145): 474554200a0a0a0a0a0a0a0a0a0a0a0a0a0a0a0a0a0a0a0a0a0a0a0a0a0a0a0a0a0a0a0a0a0a0a0a0a0a0a0a0a0a0a0a0a0a ...
[2021-09-14 14:15:04,022] [INFO] [base._test_info] -> Current test: 39
[2021-09-14 14:15:04,022] [INFO] [server.transmit] -> request(33): 474554200a0a0a0a0a0a0a0a0a0a0a0a0a0a0a0a20485454502f312e310d0a0d0a
[2021-09-14 14:15:04,024] [INFO] [base._test_info] -> Current test: 40
[2021-09-14 14:15:04,025] [INFO] [server.transmit] -> request(19): 474554200a0a20485454502f312e310d0a0d0a
[2021-09-14 14:15:04,028] [INFO] [base._test_info] -> Current test: 41
[2021-09-14 14:15:04,028] [INFO] [server.transmit] -> request(4113): 47455420deadbeefdeadbeefdeadbeefdeadbeefdeadbeefdeadbeefdeadbeefdeadbeefdeadbeefdeadbeefdeadbeefdead ...
[2021-09-14 14:15:04,030] [INFO] [base._test_info] -> Current test: 42
[2021-09-14 14:15:04,031] [INFO] [server.transmit] -> request(529): 47455420deadbeefdeadbeefdeadbeefdeadbeefdeadbeefdeadbeefdeadbeefdeadbeefdeadbeefdeadbeefdeadbeefdead ...
[2021-09-14 14:15:04,032] [INFO] [base._test_info] -> Current test: 43
[2021-09-14 14:15:04,033] [INFO] [server.transmit] -> request(81): 47455420deadbeefdeadbeefdeadbeefdeadbeefdeadbeefdeadbeefdeadbeefdeadbeefdeadbeefdeadbeefdeadbeefdead ...
[2021-09-14 14:15:04,035] [INFO] [base._test_info] -> Current test: 44
[2021-09-14 14:15:04,036] [INFO] [server.transmit] -> request(25): 47455420deadbeefdeadbeef20485454502f312e310d0a0d0a
[2021-09-14 14:15:04,037] [INFO] [base._test_info] -> Current test: 45
[2021-09-14 14:15:04,038] [INFO] [server.transmit] -> request(34): 474554207c746f756368202f746d702f4b4954545920485454502f312e310d0a0d0a
[2021-09-14 14:15:04,039] [INFO] [base._test_info] -> Current test: 46
[2021-09-14 14:15:04,040] [INFO] [server.transmit] -> request(35): 474554203b746f756368202f746d702f4b495454593b20485454502f312e310d0a0d0a
[2021-09-14 14:15:04,042] [INFO] [base._test_info] -> Current test: 47
[2021-09-14 14:15:04,042] [INFO] [server.transmit] -> request(31): 474554203b6c733e2f746d702f4b4954545920485454502f312e310d0a0d0a
[2021-09-14 14:15:04,044] [INFO] [base._test_info] -> Current test: 48
[2021-09-14 14:15:04,045] [INFO] [server.transmit] -> request(46): 47455420223b6c733e2f746d702f4b495454593b6c733e2f6465762f6e756c6c2220485454502f312e310d0a0d0a
[2021-09-14 14:15:04,047] [INFO] [base._test_info] -> Current test: 49
[2021-09-14 14:15:04,048] [INFO] [server.transmit] -> request(47): 47455420273b6c733e2f746d702f4b495454593b6c733e272f6465762f6e756c6c2720485454502f312e310d0a0d0a
[2021-09-14 14:15:04,049] [INFO] [base._test_info] -> Current test: 50
[2021-09-14 14:15:04,050] [INFO] [server.transmit] -> request(32): 47455420606c733e2f746d702f4b495454596020485454502f312e310d0a0d0a
[2021-09-14 14:15:04,052] [INFO] [base._test_info] -> Current test: 51
[2021-09-14 14:15:04,053] [INFO] [server.transmit] -> request(33): 4745542020606c733e2f746d702f4b495454596020485454502f312e310d0a0d0a
[2021-09-14 14:15:04,054] [INFO] [base._test_info] -> Current test: 52
[2021-09-14 14:15:04,055] [INFO] [server.transmit] -> request(25): 474554207c6e6f746570616420485454502f312e310d0a0d0a
[2021-09-14 14:15:04,057] [INFO] [base._test_info] -> Current test: 53
[2021-09-14 14:15:04,057] [INFO] [server.transmit] -> request(26): 474554203b6e6f74657061643b20485454502f312e310d0a0d0a
[2021-09-14 14:15:04,059] [INFO] [base._test_info] -> Current test: 54
[2021-09-14 14:15:04,059] [INFO] [server.transmit] -> request(26): 474554200a6e6f74657061640a20485454502f312e310d0a0d0a
[2021-09-14 14:15:04,061] [INFO] [base._test_info] -> Current test: 55
[2021-09-14 14:15:04,062] [INFO] [server.transmit] -> request(28): 4745542027206f7220313d31202d2d20485454502f312e310d0a0d0a
[2021-09-14 14:15:04,063] [INFO] [base._test_info] -> Current test: 56
[2021-09-14 14:15:04,064] [INFO] [server.transmit] -> request(34): 47455420273b20646573632075736572733b202d2d20485454502f312e310d0a0d0a
[2021-09-14 14:15:04,065] [INFO] [base._test_info] -> Current test: 57
[2021-09-14 14:15:04,066] [INFO] [server.transmit] -> request(58): 4745542027206f7220757365726e616d65206973206e6f74204e554c4c206f7220757365726e616d65203d20272048545450 ...
[2021-09-14 14:15:04,068] [INFO] [base._test_info] -> Current test: 58
[2021-09-14 14:15:04,069] [INFO] [server.transmit] -> request(89): 474554203120756e696f6e20616c6c2073656c65637420312c322c332c342c352c362c6e616d652066726f6d207379736f62 ...
[2021-09-14 14:15:04,070] [INFO] [base._test_info] -> Current test: 59
[2021-09-14 14:15:04,071] [INFO] [server.transmit] -> request(28): 4745542060206f72206031603d603120485454502f312e310d0a0d0a
[2021-09-14 14:15:04,073] [INFO] [base._test_info] -> Current test: 60
[2021-09-14 14:15:04,073] [INFO] [server.transmit] -> request(28): 4745542027206f72202731273d273120485454502f312e310d0a0d0a
[2021-09-14 14:15:04,075] [INFO] [base._test_info] -> Current test: 61
[2021-09-14 14:15:04,075] [INFO] [server.transmit] -> request(19): 47455420414120485454502f312e310d0a0d0a
[2021-09-14 14:15:04,077] [INFO] [base._test_info] -> Current test: 62
[2021-09-14 14:15:04,078] [INFO] [server.transmit] -> request(27): 474554204141414141414141414120485454502f312e310d0a0d0a
[2021-09-14 14:15:04,079] [INFO] [base._test_info] -> Current test: 63
[2021-09-14 14:15:04,080] [INFO] [server.transmit] -> request(117): 4745542041414141414141414141414141414141414141414141414141414141414141414141414141414141414141414141 ...
[2021-09-14 14:15:04,081] [INFO] [base._test_info] -> Current test: 64
[2021-09-14 14:15:04,082] [INFO] [server.transmit] -> request(1017): 4745542041414141414141414141414141414141414141414141414141414141414141414141414141414141414141414141 ...
[2021-09-14 14:15:04,085] [INFO] [base._test_info] -> Current test: 65
[2021-09-14 14:15:04,086] [INFO] [server.transmit] -> request(5017): 4745542041414141414141414141414141414141414141414141414141414141414141414141414141414141414141414141 ...
[2021-09-14 14:15:04,090] [INFO] [base._test_info] -> Current test: 66
[2021-09-14 14:15:04,091] [INFO] [server.transmit] -> request(10017): 4745542041414141414141414141414141414141414141414141414141414141414141414141414141414141414141414141 ...
[2021-09-14 14:15:04,093] [INFO] [base._test_info] -> Current test: 67
[2021-09-14 14:15:04,094] [INFO] [server.transmit] -> request(28): 474554202f6574632f70617373776420485454502f312e310d0a0d0a
[2021-09-14 14:15:04,095] [INFO] [base._test_info] -> Current test: 68
[2021-09-14 14:15:04,096] [INFO] [server.transmit] -> request(71): 474554202e2f2e2e2f2e2e2f2e2e2f2e2e2f2e2e2f2e2e2f2e2e2f2e2e2f2e2e2f2e2e2f2e2e2f2e2e2f2e2e2f2e2e2f6574 ...
[2021-09-14 14:15:04,097] [INFO] [base._test_info] -> Current test: 69
[2021-09-14 14:15:04,098] [INFO] [server.transmit] -> request(69): 474554202e2e2f2e2e2f2e2e2f2e2e2f2e2e2f2e2e2f2e2e2f2e2e2f2e2e2f2e2e2f2e2e2f2e2e2f2e2e2f2e2e2f6574632f ...
[2021-09-14 14:15:04,100] [INFO] [base._test_info] -> Current test: 70
[2021-09-14 14:15:04,100] [INFO] [server.transmit] -> request(30): 474554202f70726f632f637075696e666f20485454502f312e310d0a0d0a
[2021-09-14 14:15:04,102] [INFO] [base._test_info] -> Current test: 71
[2021-09-14 14:15:04,103] [INFO] [server.transmit] -> request(73): 474554202e2f2e2e2f2e2e2f2e2e2f2e2e2f2e2e2f2e2e2f2e2e2f2e2e2f2e2e2f2e2e2f2e2e2f2e2e2f2e2e2f2e2e2f7072 ...
[2021-09-14 14:15:04,105] [INFO] [base._test_info] -> Current test: 72
[2021-09-14 14:15:04,105] [INFO] [server.transmit] -> request(71): 474554202e2e2f2e2e2f2e2e2f2e2e2f2e2e2f2e2e2f2e2e2f2e2e2f2e2e2f2e2e2f2e2e2f2e2e2f2e2e2f2e2e2f70726f63 ...
[2021-09-14 14:15:04,107] [INFO] [base._test_info] -> Current test: 73
[2021-09-14 14:15:04,107] [INFO] [server.transmit] -> request(27): 474554207e2f2e70726f66696c6520485454502f312e310d0a0d0a
[2021-09-14 14:15:04,109] [INFO] [base._test_info] -> Current test: 74
[2021-09-14 14:15:04,110] [INFO] [server.transmit] -> request(31): 4745542024484f4d452f2e70726f66696c6520485454502f312e310d0a0d0a
[2021-09-14 14:15:04,112] [INFO] [base._test_info] -> Current test: 75
[2021-09-14 14:15:04,112] [INFO] [server.transmit] -> request(62): 474554202f2e2e2f2e2e2f2e2e2f2e2e2f2e2e2f2e2e2f2e2e2f2e2e2f2e2e2f2e2e2f2e2e2f2e2e2f626f6f742e696e6920 ...
[2021-09-14 14:15:04,114] [INFO] [base._test_info] -> Current test: 76
[2021-09-14 14:15:04,115] [INFO] [server.transmit] -> request(1041): 474554202f5c2f5c2f5c2f5c2f5c2f5c2f5c2f5c2f5c2f5c2f5c2f5c2f5c2f5c2f5c2f5c2f5c2f5c2f5c2f5c2f5c2f5c2f5c ...
[2021-09-14 14:15:04,116] [INFO] [base._test_info] -> Current test: 77
[2021-09-14 14:15:04,117] [INFO] [server.transmit] -> request(145): 474554202f5c2f5c2f5c2f5c2f5c2f5c2f5c2f5c2f5c2f5c2f5c2f5c2f5c2f5c2f5c2f5c2f5c2f5c2f5c2f5c2f5c2f5c2f5c ...
[2021-09-14 14:15:04,120] [INFO] [base._test_info] -> Current test: 78
[2021-09-14 14:15:04,120] [INFO] [server.transmit] -> request(33): 474554202f5c2f5c2f5c2f5c2f5c2f5c2f5c2f5c20485454502f312e310d0a0d0a
[2021-09-14 14:15:04,122] [INFO] [base._test_info] -> Current test: 79
[2021-09-14 14:15:04,123] [INFO] [server.transmit] -> request(1041): 474554202f2e2f2e2f2e2f2e2f2e2f2e2f2e2f2e2f2e2f2e2f2e2f2e2f2e2f2e2f2e2f2e2f2e2f2e2f2e2f2e2f2e2f2e2f2e ...
[2021-09-14 14:15:04,125] [INFO] [base._test_info] -> Current test: 80
[2021-09-14 14:15:04,126] [INFO] [server.transmit] -> request(145): 474554202f2e2f2e2f2e2f2e2f2e2f2e2f2e2f2e2f2e2f2e2f2e2f2e2f2e2f2e2f2e2f2e2f2e2f2e2f2e2f2e2f2e2f2e2f2e ...
[2021-09-14 14:15:04,128] [INFO] [base._test_info] -> Current test: 81
[2021-09-14 14:15:04,128] [INFO] [server.transmit] -> request(33): 474554202f2e2f2e2f2e2f2e2f2e2f2e2f2e2f2e20485454502f312e310d0a0d0a
[2021-09-14 14:15:04,130] [INFO] [base._test_info] -> Current test: 82
[2021-09-14 14:15:04,130] [INFO] [server.transmit] -> request(46): 474554202140232425255e2324252324402324252424402324255e5e2a2a28282920485454502f312e310d0a0d0a
[2021-09-14 14:15:04,132] [INFO] [base._test_info] -> Current test: 83
[2021-09-14 14:15:04,132] [INFO] [server.transmit] -> request(42): 474554202530312530322530332530342530612530642530614144534620485454502f312e310d0a0d0a
[2021-09-14 14:15:04,135] [INFO] [base._test_info] -> Current test: 84
[2021-09-14 14:15:04,135] [INFO] [server.transmit] -> request(43): 47455420253031253032253033402530342530612530642530614144534620485454502f312e310d0a0d0a
[2021-09-14 14:15:04,137] [INFO] [base._test_info] -> Current test: 85
[2021-09-14 14:15:04,137] [INFO] [server.transmit] -> request(22): 474554202f2530302f20485454502f312e310d0a0d0a
[2021-09-14 14:15:04,139] [INFO] [base._test_info] -> Current test: 86
[2021-09-14 14:15:04,139] [INFO] [server.transmit] -> request(21): 474554202530302f20485454502f312e310d0a0d0a
[2021-09-14 14:15:04,141] [INFO] [base._test_info] -> Current test: 87
[2021-09-14 14:15:04,142] [INFO] [server.transmit] -> request(20): 4745542025303020485454502f312e310d0a0d0a
[2021-09-14 14:15:04,143] [INFO] [base._test_info] -> Current test: 88
[2021-09-14 14:15:04,144] [INFO] [server.transmit] -> request(23): 4745542025753030303020485454502f312e310d0a0d0a
[2021-09-14 14:15:04,146] [INFO] [base._test_info] -> Current test: 89
[2021-09-14 14:15:04,146] [INFO] [server.transmit] -> request(209): 4745542025fef02501ff25fef02501ff25fef02501ff25fef02501ff25fef02501ff25fef02501ff25fef02501ff25fef025 ...
[2021-09-14 14:15:04,147] [INFO] [base._test_info] -> Current test: 90
[2021-09-14 14:15:04,148] [INFO] [server.transmit] -> request(41): 4745542025fef02501ff25fef02501ff25fef02501ff25fef02501ff20485454502f312e310d0a0d0a
[2021-09-14 14:15:04,149] [INFO] [base._test_info] -> Current test: 91
[2021-09-14 14:15:04,150] [INFO] [server.transmit] -> request(29): 474554202f696e6465782e68746d6c2020485454502f312e310d0a0d0a
[2021-09-14 14:15:04,152] [INFO] [base._test_info] -> Current test: 92
[2021-09-14 14:15:04,153] [INFO] [server.transmit] -> request(37): 474554202f696e6465782e68746d6c20202020202020202020485454502f312e310d0a0d0a
[2021-09-14 14:15:04,154] [INFO] [base._test_info] -> Current test: 93
[2021-09-14 14:15:04,155] [INFO] [server.transmit] -> request(127): 474554202f696e6465782e68746d6c2020202020202020202020202020202020202020202020202020202020202020202020 ...
[2021-09-14 14:15:04,157] [INFO] [base._test_info] -> Current test: 94
[2021-09-14 14:15:04,157] [INFO] [server.transmit] -> request(29): 474554202f696e6465782e68746d6c20fe485454502f312e310d0a0d0a
[2021-09-14 14:15:04,160] [INFO] [base._test_info] -> Current test: 95
[2021-09-14 14:15:04,160] [INFO] [server.transmit] -> request(29): 474554202f696e6465782e68746d6c0020485454502f312e310d0a0d0a
