[2021-10-22 19:32:02,332] [INFO] [base._load_session] -> No session loaded
[2021-10-22 19:32:02,338] [INFO] [base._start_message] -> 
                 --------------------------------------------------
                 Starting fuzzing session
                 Target: TcpTarget
                 UI: WebInterface listening on 127.0.0.1:26001
                 Log: ./kittylogs/kitty_20211022-193159.log

                 Total possible mutation count: 1000
                 --------------------------------------------------
                                 Happy hacking
                 --------------------------------------------------
            
[2021-10-22 19:32:02,339] [INFO] [base.start] -> Performing environment test
[2021-10-22 19:32:02,349] [INFO] [base._test_info] -> Current test: -1
[2021-10-22 19:32:02,351] [INFO] [server.transmit] -> request(28): 0300001c17e00000000100c0010ac1083330333133303330c2020200
[2021-10-22 19:32:02,359] [INFO] [server.transmit] -> response(28): 0300001c17d00001000d00c0010ac1083330333133303330c2020200
[2021-10-22 19:32:02,359] [INFO] [server._start] -> should keep running? True
[2021-10-22 19:32:02,368] [INFO] [base._test_info] -> Current test: 0
[2021-10-22 19:32:02,369] [INFO] [server.transmit] -> request(28): 0300001c17e00000000100c0010ac1083330333133303330c2020200
[2021-10-22 19:32:02,385] [INFO] [server.transmit] -> response(28): 0300001c17d00001001100c0010ac1083330333133303330c2020200
[2021-10-22 19:32:02,387] [INFO] [server.transmit] -> request(25): 0300001902f08032010000000000080000f0000001000101e0
[2021-10-22 19:32:02,467] [INFO] [server.transmit] -> response(27): 0300001b02f080320300000000000800000000f0000001000100f0
[2021-10-22 19:32:02,470] [INFO] [server.transmit] -> request(33): 0300002102f080320700000000000800080001120411440100ff090004ded419b6
[2021-10-22 19:32:02,484] [INFO] [server.transmit] -> response(33): 0300002102f080320700000000000c000400011208128401010000d4010a000000
[2021-10-22 19:32:02,608] [INFO] [base._test_info] -> Current test: 1
[2021-10-22 19:32:02,608] [INFO] [server.transmit] -> request(28): 0300001c17e00000000100c0010ac1083330333133303330c2020200
[2021-10-22 19:32:02,615] [INFO] [server.transmit] -> response(28): 0300001c17d00001001200c0010ac1083330333133303330c2020200
[2021-10-22 19:32:02,615] [INFO] [server.transmit] -> request(25): 0300001902f08032010000000000080000f0000001000101e0
[2021-10-22 19:32:02,667] [INFO] [server.transmit] -> response(27): 0300001b02f080320300000000000800000000f0000001000100f0
[2021-10-22 19:32:02,670] [INFO] [server.transmit] -> request(33): 0300002102f080320700000000000800080001120411440100ff090004fb6eb620
[2021-10-22 19:32:02,678] [INFO] [server.transmit] -> response(33): 0300002102f080320700000000000c000400011208128401010000d4010a000000
[2021-10-22 19:32:02,796] [INFO] [base._test_info] -> Current test: 2
[2021-10-22 19:32:02,798] [INFO] [server.transmit] -> request(28): 0300001c17e00000000100c0010ac1083330333133303330c2020200
[2021-10-22 19:32:02,803] [INFO] [server.transmit] -> response(28): 0300001c17d00001000d00c0010ac1083330333133303330c2020200
[2021-10-22 19:32:02,805] [INFO] [server.transmit] -> request(25): 0300001902f08032010000000000080000f0000001000101e0
[2021-10-22 19:32:02,851] [INFO] [server.transmit] -> response(27): 0300001b02f080320300000000000800000000f0000001000100f0
[2021-10-22 19:32:02,852] [INFO] [server.transmit] -> request(33): 0300002102f080320700000000000800080001120411440100ff090004bc1ad7db
[2021-10-22 19:32:02,861] [INFO] [server.transmit] -> response(33): 0300002102f080320700000000000c000400011208128401010000d4010a000000
[2021-10-22 19:32:02,977] [INFO] [base._test_info] -> Current test: 3
[2021-10-22 19:32:02,980] [INFO] [server.transmit] -> request(28): 0300001c17e00000000100c0010ac1083330333133303330c2020200
[2021-10-22 19:32:02,986] [INFO] [server.transmit] -> response(28): 0300001c17d00001001100c0010ac1083330333133303330c2020200
[2021-10-22 19:32:02,986] [INFO] [server.transmit] -> request(25): 0300001902f08032010000000000080000f0000001000101e0
[2021-10-22 19:32:03,030] [INFO] [server.transmit] -> response(27): 0300001b02f080320300000000000800000000f0000001000100f0
[2021-10-22 19:32:03,033] [INFO] [server.transmit] -> request(33): 0300002102f080320700000000000800080001120411440100ff090004c51c1503
[2021-10-22 19:32:03,042] [INFO] [server.transmit] -> response(33): 0300002102f080320700000000000c000400011208128401010000d4010a000000
[2021-10-22 19:32:03,157] [INFO] [base._test_info] -> Current test: 4
[2021-10-22 19:32:03,160] [INFO] [server.transmit] -> request(28): 0300001c17e00000000100c0010ac1083330333133303330c2020200
[2021-10-22 19:32:03,165] [INFO] [server.transmit] -> response(28): 0300001c17d00001000d00c0010ac1083330333133303330c2020200
[2021-10-22 19:32:03,167] [INFO] [server.transmit] -> request(25): 0300001902f08032010000000000080000f0000001000101e0
[2021-10-22 19:32:03,213] [INFO] [server.transmit] -> response(27): 0300001b02f080320300000000000800000000f0000001000100f0
[2021-10-22 19:32:03,217] [INFO] [server.transmit] -> request(33): 0300002102f080320700000000000800080001120411440100ff0900042284ea35
[2021-10-22 19:32:03,224] [INFO] [server.transmit] -> response(33): 0300002102f080320700000000000c000400011208128401010000d4010a000000
[2021-10-22 19:32:03,345] [INFO] [base._test_info] -> Current test: 5
[2021-10-22 19:32:03,346] [INFO] [server.transmit] -> request(28): 0300001c17e00000000100c0010ac1083330333133303330c2020200
[2021-10-22 19:32:03,351] [INFO] [server.transmit] -> response(28): 0300001c17d00001001100c0010ac1083330333133303330c2020200
[2021-10-22 19:32:03,352] [INFO] [server.transmit] -> request(25): 0300001902f08032010000000000080000f0000001000101e0
[2021-10-22 19:32:03,401] [INFO] [server.transmit] -> response(27): 0300001b02f080320300000000000800000000f0000001000100f0
[2021-10-22 19:32:03,403] [INFO] [server.transmit] -> request(33): 0300002102f080320700000000000800080001120411440100ff090004ae8a8fcb
[2021-10-22 19:32:03,414] [INFO] [server.transmit] -> response(33): 0300002102f080320700000000000c000400011208128401010000d4010a000000
[2021-10-22 19:32:03,540] [INFO] [base._test_info] -> Current test: 6
[2021-10-22 19:32:03,546] [INFO] [server.transmit] -> request(28): 0300001c17e00000000100c0010ac1083330333133303330c2020200
[2021-10-22 19:32:03,549] [INFO] [server.transmit] -> response(28): 0300001c17d00001000d00c0010ac1083330333133303330c2020200
[2021-10-22 19:32:03,551] [INFO] [server.transmit] -> request(25): 0300001902f08032010000000000080000f0000001000101e0
[2021-10-22 19:32:03,598] [INFO] [server.transmit] -> response(27): 0300001b02f080320300000000000800000000f0000001000100f0
[2021-10-22 19:32:03,601] [INFO] [server.transmit] -> request(33): 0300002102f080320700000000000800080001120411440100ff0900043f3be62a
[2021-10-22 19:32:03,608] [INFO] [server.transmit] -> response(33): 0300002102f080320700000000000c000400011208128401010000d4010a000000
[2021-10-22 19:32:03,740] [INFO] [base._test_info] -> Current test: 7
[2021-10-22 19:32:03,740] [INFO] [server.transmit] -> request(28): 0300001c17e00000000100c0010ac1083330333133303330c2020200
[2021-10-22 19:32:03,746] [INFO] [server.transmit] -> response(28): 0300001c17d00001001100c0010ac1083330333133303330c2020200
[2021-10-22 19:32:03,746] [INFO] [server.transmit] -> request(25): 0300001902f08032010000000000080000f0000001000101e0
[2021-10-22 19:32:03,796] [INFO] [server.transmit] -> response(27): 0300001b02f080320300000000000800000000f0000001000100f0
[2021-10-22 19:32:03,798] [INFO] [server.transmit] -> request(33): 0300002102f080320700000000000800080001120411440100ff090004cc436d1c
[2021-10-22 19:32:03,806] [INFO] [server.transmit] -> response(33): 0300002102f080320700000000000c000400011208128401010000d4010a000000
[2021-10-22 19:32:03,933] [INFO] [base._test_info] -> Current test: 8
[2021-10-22 19:32:03,934] [INFO] [server.transmit] -> request(28): 0300001c17e00000000100c0010ac1083330333133303330c2020200
[2021-10-22 19:32:03,937] [INFO] [server.transmit] -> response(28): 0300001c17d00001000d00c0010ac1083330333133303330c2020200
[2021-10-22 19:32:03,940] [INFO] [server.transmit] -> request(25): 0300001902f08032010000000000080000f0000001000101e0
[2021-10-22 19:32:03,989] [INFO] [server.transmit] -> response(27): 0300001b02f080320300000000000800000000f0000001000100f0
[2021-10-22 19:32:03,990] [INFO] [server.transmit] -> request(33): 0300002102f080320700000000000800080001120411440100ff0900042ffe36dd
[2021-10-22 19:32:03,999] [INFO] [server.transmit] -> response(33): 0300002102f080320700000000000c000400011208128401010000d4010a000000
[2021-10-22 19:32:04,118] [INFO] [base._test_info] -> Current test: 9
[2021-10-22 19:32:04,119] [INFO] [server.transmit] -> request(28): 0300001c17e00000000100c0010ac1083330333133303330c2020200
[2021-10-22 19:32:04,125] [INFO] [server.transmit] -> response(28): 0300001c17d00001001100c0010ac1083330333133303330c2020200
[2021-10-22 19:32:04,127] [INFO] [server.transmit] -> request(25): 0300001902f08032010000000000080000f0000001000101e0
[2021-10-22 19:32:04,174] [INFO] [server.transmit] -> response(27): 0300001b02f080320300000000000800000000f0000001000100f0
[2021-10-22 19:32:04,174] [INFO] [server.transmit] -> request(33): 0300002102f080320700000000000800080001120411440100ff090004690c840c
[2021-10-22 19:32:04,183] [INFO] [server.transmit] -> response(33): 0300002102f080320700000000000c000400011208128401010000d4010a000000
[2021-10-22 19:32:04,305] [INFO] [base._test_info] -> Current test: 10
[2021-10-22 19:32:04,306] [INFO] [server.transmit] -> request(28): 0300001c17e00000000100c0010ac1083330333133303330c2020200
[2021-10-22 19:32:04,312] [INFO] [server.transmit] -> response(28): 0300001c17d00001000d00c0010ac1083330333133303330c2020200
[2021-10-22 19:32:04,312] [INFO] [server.transmit] -> request(25): 0300001902f08032010000000000080000f0000001000101e0
[2021-10-22 19:32:04,359] [INFO] [server.transmit] -> response(27): 0300001b02f080320300000000000800000000f0000001000100f0
[2021-10-22 19:32:04,361] [INFO] [server.transmit] -> request(33): 0300002102f080320700000000000800080001120411440100ff090004c451cb70
[2021-10-22 19:32:04,372] [INFO] [server.transmit] -> response(33): 0300002102f080320700000000000c000400011208128401010000d4010a000000
[2021-10-22 19:32:04,490] [INFO] [base._test_info] -> Current test: 11
[2021-10-22 19:32:04,492] [INFO] [server.transmit] -> request(28): 0300001c17e00000000100c0010ac1083330333133303330c2020200
[2021-10-22 19:32:04,496] [INFO] [server.transmit] -> response(28): 0300001c17d00001001100c0010ac1083330333133303330c2020200
[2021-10-22 19:32:04,497] [INFO] [server.transmit] -> request(25): 0300001902f08032010000000000080000f0000001000101e0
[2021-10-22 19:32:04,543] [INFO] [server.transmit] -> response(27): 0300001b02f080320300000000000800000000f0000001000100f0
[2021-10-22 19:32:04,546] [INFO] [server.transmit] -> request(33): 0300002102f080320700000000000800080001120411440100ff09000413f1e362
[2021-10-22 19:32:04,556] [INFO] [server.transmit] -> response(33): 0300002102f080320700000000000c000400011208128401010000d4010a000000
[2021-10-22 19:32:04,677] [INFO] [base._test_info] -> Current test: 12
[2021-10-22 19:32:04,678] [INFO] [server.transmit] -> request(28): 0300001c17e00000000100c0010ac1083330333133303330c2020200
[2021-10-22 19:32:04,683] [INFO] [server.transmit] -> response(28): 0300001c17d00001000d00c0010ac1083330333133303330c2020200
[2021-10-22 19:32:04,684] [INFO] [server.transmit] -> request(25): 0300001902f08032010000000000080000f0000001000101e0
[2021-10-22 19:32:04,730] [INFO] [server.transmit] -> response(27): 0300001b02f080320300000000000800000000f0000001000100f0
[2021-10-22 19:32:04,733] [INFO] [server.transmit] -> request(33): 0300002102f080320700000000000800080001120411440100ff0900048d85a61a
[2021-10-22 19:32:04,740] [INFO] [server.transmit] -> response(33): 0300002102f080320700000000000c000400011208128401010000d4010a000000
[2021-10-22 19:32:04,859] [INFO] [base._test_info] -> Current test: 13
[2021-10-22 19:32:04,861] [INFO] [server.transmit] -> request(28): 0300001c17e00000000100c0010ac1083330333133303330c2020200
[2021-10-22 19:32:04,865] [INFO] [server.transmit] -> response(28): 0300001c17d00001001100c0010ac1083330333133303330c2020200
[2021-10-22 19:32:04,867] [INFO] [server.transmit] -> request(25): 0300001902f08032010000000000080000f0000001000101e0
[2021-10-22 19:32:04,914] [INFO] [server.transmit] -> response(27): 0300001b02f080320300000000000800000000f0000001000100f0
[2021-10-22 19:32:04,917] [INFO] [server.transmit] -> request(33): 0300002102f080320700000000000800080001120411440100ff0900045fbf2622
[2021-10-22 19:32:04,924] [INFO] [server.transmit] -> response(33): 0300002102f080320700000000000c000400011208128401010000d4010a000000
[2021-10-22 19:32:05,046] [INFO] [base._test_info] -> Current test: 14
[2021-10-22 19:32:05,048] [INFO] [server.transmit] -> request(28): 0300001c17e00000000100c0010ac1083330333133303330c2020200
[2021-10-22 19:32:05,055] [INFO] [server.transmit] -> response(28): 0300001c17d00001000d00c0010ac1083330333133303330c2020200
[2021-10-22 19:32:05,056] [INFO] [server.transmit] -> request(25): 0300001902f08032010000000000080000f0000001000101e0
[2021-10-22 19:32:05,101] [INFO] [server.transmit] -> response(27): 0300001b02f080320300000000000800000000f0000001000100f0
[2021-10-22 19:32:05,101] [INFO] [server.transmit] -> request(33): 0300002102f080320700000000000800080001120411440100ff090004e5025623
[2021-10-22 19:32:05,111] [INFO] [server.transmit] -> response(33): 0300002102f080320700000000000c000400011208128401010000d4010a000000
[2021-10-22 19:32:05,233] [INFO] [base._test_info] -> Current test: 15
[2021-10-22 19:32:05,234] [INFO] [server.transmit] -> request(28): 0300001c17e00000000100c0010ac1083330333133303330c2020200
[2021-10-22 19:32:05,239] [INFO] [server.transmit] -> response(28): 0300001c17d00001001100c0010ac1083330333133303330c2020200
[2021-10-22 19:32:05,240] [INFO] [server.transmit] -> request(25): 0300001902f08032010000000000080000f0000001000101e0
[2021-10-22 19:32:05,290] [INFO] [server.transmit] -> response(27): 0300001b02f080320300000000000800000000f0000001000100f0
[2021-10-22 19:32:05,292] [INFO] [server.transmit] -> request(33): 0300002102f080320700000000000800080001120411440100ff0900042875d14c
[2021-10-22 19:32:05,302] [INFO] [server.transmit] -> response(33): 0300002102f080320700000000000c000400011208128401010000d4010a000000
[2021-10-22 19:32:05,430] [INFO] [base._test_info] -> Current test: 16
[2021-10-22 19:32:05,431] [INFO] [server.transmit] -> request(28): 0300001c17e00000000100c0010ac1083330333133303330c2020200
[2021-10-22 19:32:05,437] [INFO] [server.transmit] -> response(28): 0300001c17d00001000d00c0010ac1083330333133303330c2020200
[2021-10-22 19:32:05,437] [INFO] [server.transmit] -> request(25): 0300001902f08032010000000000080000f0000001000101e0
[2021-10-22 19:32:05,486] [INFO] [server.transmit] -> response(27): 0300001b02f080320300000000000800000000f0000001000100f0
[2021-10-22 19:32:05,489] [INFO] [server.transmit] -> request(33): 0300002102f080320700000000000800080001120411440100ff0900041d8a652a
[2021-10-22 19:32:05,496] [INFO] [server.transmit] -> response(33): 0300002102f080320700000000000c000400011208128401010000d4010a000000
[2021-10-22 19:32:05,617] [INFO] [base._test_info] -> Current test: 17
[2021-10-22 19:32:05,618] [INFO] [server.transmit] -> request(28): 0300001c17e00000000100c0010ac1083330333133303330c2020200
[2021-10-22 19:32:05,622] [INFO] [server.transmit] -> response(28): 0300001c17d00001001100c0010ac1083330333133303330c2020200
[2021-10-22 19:32:05,625] [INFO] [server.transmit] -> request(25): 0300001902f08032010000000000080000f0000001000101e0
[2021-10-22 19:32:05,673] [INFO] [server.transmit] -> response(27): 0300001b02f080320300000000000800000000f0000001000100f0
[2021-10-22 19:32:05,676] [INFO] [server.transmit] -> request(33): 0300002102f080320700000000000800080001120411440100ff09000456007822
[2021-10-22 19:32:05,684] [INFO] [server.transmit] -> response(33): 0300002102f080320700000000000c000400011208128401010000d4010a000000
[2021-10-22 19:32:05,798] [INFO] [base._test_info] -> Current test: 18
[2021-10-22 19:32:05,801] [INFO] [server.transmit] -> request(28): 0300001c17e00000000100c0010ac1083330333133303330c2020200
[2021-10-22 19:32:05,805] [INFO] [server.transmit] -> response(28): 0300001c17d00001000d00c0010ac1083330333133303330c2020200
[2021-10-22 19:32:05,806] [INFO] [server.transmit] -> request(25): 0300001902f08032010000000000080000f0000001000101e0
[2021-10-22 19:32:05,852] [INFO] [server.transmit] -> response(27): 0300001b02f080320300000000000800000000f0000001000100f0
[2021-10-22 19:32:05,855] [INFO] [server.transmit] -> request(33): 0300002102f080320700000000000800080001120411440100ff0900046ee5e4f7
[2021-10-22 19:32:05,864] [INFO] [server.transmit] -> response(33): 0300002102f080320700000000000c000400011208128401010000d4010a000000
[2021-10-22 19:32:05,984] [INFO] [base._test_info] -> Current test: 19
[2021-10-22 19:32:05,986] [INFO] [server.transmit] -> request(28): 0300001c17e00000000100c0010ac1083330333133303330c2020200
[2021-10-22 19:32:05,993] [INFO] [server.transmit] -> response(28): 0300001c17d00001001100c0010ac1083330333133303330c2020200
[2021-10-22 19:32:05,996] [INFO] [server.transmit] -> request(25): 0300001902f08032010000000000080000f0000001000101e0
[2021-10-22 19:32:06,042] [INFO] [server.transmit] -> response(27): 0300001b02f080320300000000000800000000f0000001000100f0
[2021-10-22 19:32:06,045] [INFO] [server.transmit] -> request(33): 0300002102f080320700000000000800080001120411440100ff090004211d4765
[2021-10-22 19:32:06,052] [INFO] [server.transmit] -> response(33): 0300002102f080320700000000000c000400011208128401010000d4010a000000
[2021-10-22 19:32:06,164] [INFO] [base._test_info] -> Current test: 20
[2021-10-22 19:32:06,165] [INFO] [server.transmit] -> request(28): 0300001c17e00000000100c0010ac1083330333133303330c2020200
[2021-10-22 19:32:06,171] [INFO] [server.transmit] -> response(28): 0300001c17d00001000d00c0010ac1083330333133303330c2020200
[2021-10-22 19:32:06,173] [INFO] [server.transmit] -> request(25): 0300001902f08032010000000000080000f0000001000101e0
[2021-10-22 19:32:06,217] [INFO] [server.transmit] -> response(27): 0300001b02f080320300000000000800000000f0000001000100f0
[2021-10-22 19:32:06,220] [INFO] [server.transmit] -> request(33): 0300002102f080320700000000000800080001120411440100ff090004351f5762
[2021-10-22 19:32:06,229] [INFO] [server.transmit] -> response(33): 0300002102f080320700000000000c000400011208128401010000d4010a000000
[2021-10-22 19:32:06,346] [INFO] [base._test_info] -> Current test: 21
[2021-10-22 19:32:06,348] [INFO] [server.transmit] -> request(28): 0300001c17e00000000100c0010ac1083330333133303330c2020200
[2021-10-22 19:32:06,355] [INFO] [server.transmit] -> response(28): 0300001c17d00001001100c0010ac1083330333133303330c2020200
[2021-10-22 19:32:06,357] [INFO] [server.transmit] -> request(25): 0300001902f08032010000000000080000f0000001000101e0
[2021-10-22 19:32:06,403] [INFO] [server.transmit] -> response(27): 0300001b02f080320300000000000800000000f0000001000100f0
[2021-10-22 19:32:06,404] [INFO] [server.transmit] -> request(33): 0300002102f080320700000000000800080001120411440100ff090004f19a8927
[2021-10-22 19:32:06,413] [INFO] [server.transmit] -> response(33): 0300002102f080320700000000000c000400011208128401010000d4010a000000
[2021-10-22 19:32:06,532] [INFO] [base._test_info] -> Current test: 22
[2021-10-22 19:32:06,533] [INFO] [server.transmit] -> request(28): 0300001c17e00000000100c0010ac1083330333133303330c2020200
[2021-10-22 19:32:06,539] [INFO] [server.transmit] -> response(28): 0300001c17d00001000d00c0010ac1083330333133303330c2020200
[2021-10-22 19:32:06,542] [INFO] [server.transmit] -> request(25): 0300001902f08032010000000000080000f0000001000101e0
[2021-10-22 19:32:06,589] [INFO] [server.transmit] -> response(27): 0300001b02f080320300000000000800000000f0000001000100f0
[2021-10-22 19:32:06,592] [INFO] [server.transmit] -> request(33): 0300002102f080320700000000000800080001120411440100ff09000422dafe5b
[2021-10-22 19:32:06,601] [INFO] [server.transmit] -> response(33): 0300002102f080320700000000000c000400011208128401010000d4010a000000
[2021-10-22 19:32:06,720] [INFO] [base._test_info] -> Current test: 23
[2021-10-22 19:32:06,721] [INFO] [server.transmit] -> request(28): 0300001c17e00000000100c0010ac1083330333133303330c2020200
[2021-10-22 19:32:06,727] [INFO] [server.transmit] -> response(28): 0300001c17d00001001100c0010ac1083330333133303330c2020200
[2021-10-22 19:32:06,729] [INFO] [server.transmit] -> request(25): 0300001902f08032010000000000080000f0000001000101e0
[2021-10-22 19:32:06,779] [INFO] [server.transmit] -> response(27): 0300001b02f080320300000000000800000000f0000001000100f0
[2021-10-22 19:32:06,780] [INFO] [server.transmit] -> request(33): 0300002102f080320700000000000800080001120411440100ff0900046ccfb62c
[2021-10-22 19:32:06,790] [INFO] [server.transmit] -> response(33): 0300002102f080320700000000000c000400011208128401010000d4010a000000
[2021-10-22 19:32:06,905] [INFO] [base._test_info] -> Current test: 24
[2021-10-22 19:32:06,907] [INFO] [server.transmit] -> request(28): 0300001c17e00000000100c0010ac1083330333133303330c2020200
[2021-10-22 19:32:06,911] [INFO] [server.transmit] -> response(28): 0300001c17d00001000d00c0010ac1083330333133303330c2020200
[2021-10-22 19:32:06,911] [INFO] [server.transmit] -> request(25): 0300001902f08032010000000000080000f0000001000101e0
[2021-10-22 19:32:06,963] [INFO] [server.transmit] -> response(27): 0300001b02f080320300000000000800000000f0000001000100f0
[2021-10-22 19:32:06,967] [INFO] [server.transmit] -> request(33): 0300002102f080320700000000000800080001120411440100ff09000409a5e46f
[2021-10-22 19:32:06,973] [INFO] [server.transmit] -> response(33): 0300002102f080320700000000000c000400011208128401010000d4010a000000
[2021-10-22 19:32:07,095] [INFO] [base._test_info] -> Current test: 25
[2021-10-22 19:32:07,098] [INFO] [server.transmit] -> request(28): 0300001c17e00000000100c0010ac1083330333133303330c2020200
[2021-10-22 19:32:07,101] [INFO] [server.transmit] -> response(28): 0300001c17d00001001100c0010ac1083330333133303330c2020200
[2021-10-22 19:32:07,102] [INFO] [server.transmit] -> request(25): 0300001902f08032010000000000080000f0000001000101e0
[2021-10-22 19:32:07,148] [INFO] [server.transmit] -> response(27): 0300001b02f080320300000000000800000000f0000001000100f0
[2021-10-22 19:32:07,151] [INFO] [server.transmit] -> request(33): 0300002102f080320700000000000800080001120411440100ff090004bd69961d
[2021-10-22 19:32:07,164] [INFO] [server.transmit] -> response(33): 0300002102f080320700000000000c000400011208128401010000d4010a000000
[2021-10-22 19:32:07,285] [INFO] [base._test_info] -> Current test: 26
[2021-10-22 19:32:07,286] [INFO] [server.transmit] -> request(28): 0300001c17e00000000100c0010ac1083330333133303330c2020200
[2021-10-22 19:32:07,292] [INFO] [server.transmit] -> response(28): 0300001c17d00001000d00c0010ac1083330333133303330c2020200
[2021-10-22 19:32:07,293] [INFO] [server.transmit] -> request(25): 0300001902f08032010000000000080000f0000001000101e0
[2021-10-22 19:32:07,339] [INFO] [server.transmit] -> response(27): 0300001b02f080320300000000000800000000f0000001000100f0
[2021-10-22 19:32:07,342] [INFO] [server.transmit] -> request(33): 0300002102f080320700000000000800080001120411440100ff0900044e009de4
[2021-10-22 19:32:07,349] [INFO] [server.transmit] -> response(33): 0300002102f080320700000000000c000400011208128401010000d4010a000000
[2021-10-22 19:32:07,476] [INFO] [base._test_info] -> Current test: 27
[2021-10-22 19:32:07,479] [INFO] [server.transmit] -> request(28): 0300001c17e00000000100c0010ac1083330333133303330c2020200
[2021-10-22 19:32:07,483] [INFO] [server.transmit] -> response(28): 0300001c17d00001001100c0010ac1083330333133303330c2020200
[2021-10-22 19:32:07,484] [INFO] [server.transmit] -> request(25): 0300001902f08032010000000000080000f0000001000101e0
[2021-10-22 19:32:07,529] [INFO] [server.transmit] -> response(27): 0300001b02f080320300000000000800000000f0000001000100f0
[2021-10-22 19:32:07,532] [INFO] [server.transmit] -> request(33): 0300002102f080320700000000000800080001120411440100ff09000430fc628a
[2021-10-22 19:32:07,540] [INFO] [server.transmit] -> response(33): 0300002102f080320700000000000c000400011208128401010000d4010a000000
[2021-10-22 19:32:07,657] [INFO] [base._test_info] -> Current test: 28
[2021-10-22 19:32:07,658] [INFO] [server.transmit] -> request(28): 0300001c17e00000000100c0010ac1083330333133303330c2020200
[2021-10-22 19:32:07,664] [INFO] [server.transmit] -> response(28): 0300001c17d00001000d00c0010ac1083330333133303330c2020200
[2021-10-22 19:32:07,665] [INFO] [server.transmit] -> request(25): 0300001902f08032010000000000080000f0000001000101e0
[2021-10-22 19:32:07,710] [INFO] [server.transmit] -> response(27): 0300001b02f080320300000000000800000000f0000001000100f0
[2021-10-22 19:32:07,713] [INFO] [server.transmit] -> request(33): 0300002102f080320700000000000800080001120411440100ff0900045a62cd79
[2021-10-22 19:32:07,723] [INFO] [server.transmit] -> response(33): 0300002102f080320700000000000c000400011208128401010000d4010a000000
[2021-10-22 19:32:07,839] [INFO] [base._test_info] -> Current test: 29
[2021-10-22 19:32:07,841] [INFO] [server.transmit] -> request(28): 0300001c17e00000000100c0010ac1083330333133303330c2020200
[2021-10-22 19:32:07,845] [INFO] [server.transmit] -> response(28): 0300001c17d00001001100c0010ac1083330333133303330c2020200
[2021-10-22 19:32:07,848] [INFO] [server.transmit] -> request(25): 0300001902f08032010000000000080000f0000001000101e0
[2021-10-22 19:32:07,897] [INFO] [server.transmit] -> response(27): 0300001b02f080320300000000000800000000f0000001000100f0
[2021-10-22 19:32:07,898] [INFO] [server.transmit] -> request(33): 0300002102f080320700000000000800080001120411440100ff0900044b44e541
[2021-10-22 19:32:07,907] [INFO] [server.transmit] -> response(33): 0300002102f080320700000000000c000400011208128401010000d4010a000000
[2021-10-22 19:32:08,028] [INFO] [base._test_info] -> Current test: 30
[2021-10-22 19:32:08,029] [INFO] [server.transmit] -> request(28): 0300001c17e00000000100c0010ac1083330333133303330c2020200
[2021-10-22 19:32:08,032] [INFO] [server.transmit] -> response(28): 0300001c17d00001000d00c0010ac1083330333133303330c2020200
[2021-10-22 19:32:08,035] [INFO] [server.transmit] -> request(25): 0300001902f08032010000000000080000f0000001000101e0
[2021-10-22 19:32:08,085] [INFO] [server.transmit] -> response(27): 0300001b02f080320300000000000800000000f0000001000100f0
[2021-10-22 19:32:08,086] [INFO] [server.transmit] -> request(33): 0300002102f080320700000000000800080001120411440100ff090004be41a5d7
[2021-10-22 19:32:08,095] [INFO] [server.transmit] -> response(33): 0300002102f080320700000000000c000400011208128401010000d4010a000000
[2021-10-22 19:32:08,211] [INFO] [base._test_info] -> Current test: 31
[2021-10-22 19:32:08,213] [INFO] [server.transmit] -> request(28): 0300001c17e00000000100c0010ac1083330333133303330c2020200
[2021-10-22 19:32:08,217] [INFO] [server.transmit] -> response(28): 0300001c17d00001001100c0010ac1083330333133303330c2020200
[2021-10-22 19:32:08,219] [INFO] [server.transmit] -> request(25): 0300001902f08032010000000000080000f0000001000101e0
[2021-10-22 19:32:08,269] [INFO] [server.transmit] -> response(27): 0300001b02f080320300000000000800000000f0000001000100f0
[2021-10-22 19:32:08,273] [INFO] [server.transmit] -> request(33): 0300002102f080320700000000000800080001120411440100ff0900049c10f8ef
[2021-10-22 19:32:08,280] [INFO] [server.transmit] -> response(33): 0300002102f080320700000000000c000400011208128401010000d4010a000000
[2021-10-22 19:32:08,394] [INFO] [base._test_info] -> Current test: 32
[2021-10-22 19:32:08,397] [INFO] [server.transmit] -> request(28): 0300001c17e00000000100c0010ac1083330333133303330c2020200
[2021-10-22 19:32:08,401] [INFO] [server.transmit] -> response(28): 0300001c17d00001000d00c0010ac1083330333133303330c2020200
[2021-10-22 19:32:08,403] [INFO] [server.transmit] -> request(25): 0300001902f08032010000000000080000f0000001000101e0
[2021-10-22 19:32:08,450] [INFO] [server.transmit] -> response(27): 0300001b02f080320300000000000800000000f0000001000100f0
[2021-10-22 19:32:08,451] [INFO] [server.transmit] -> request(33): 0300002102f080320700000000000800080001120411440100ff09000431626d45
[2021-10-22 19:32:08,463] [INFO] [server.transmit] -> response(33): 0300002102f080320700000000000c000400011208128401010000d4010a000000
[2021-10-22 19:32:08,581] [INFO] [base._test_info] -> Current test: 33
[2021-10-22 19:32:08,582] [INFO] [server.transmit] -> request(28): 0300001c17e00000000100c0010ac1083330333133303330c2020200
[2021-10-22 19:32:08,585] [INFO] [server.transmit] -> response(28): 0300001c17d00001001100c0010ac1083330333133303330c2020200
[2021-10-22 19:32:08,588] [INFO] [server.transmit] -> request(25): 0300001902f08032010000000000080000f0000001000101e0
[2021-10-22 19:32:08,634] [INFO] [server.transmit] -> response(27): 0300001b02f080320300000000000800000000f0000001000100f0
[2021-10-22 19:32:08,638] [INFO] [server.transmit] -> request(33): 0300002102f080320700000000000800080001120411440100ff090004414f43e7
[2021-10-22 19:32:08,645] [INFO] [server.transmit] -> response(33): 0300002102f080320700000000000c000400011208128401010000d4010a000000
[2021-10-22 19:32:08,766] [INFO] [base._test_info] -> Current test: 34
[2021-10-22 19:32:08,769] [INFO] [server.transmit] -> request(28): 0300001c17e00000000100c0010ac1083330333133303330c2020200
[2021-10-22 19:32:08,772] [INFO] [server.transmit] -> response(28): 0300001c17d00001000d00c0010ac1083330333133303330c2020200
[2021-10-22 19:32:08,775] [INFO] [server.transmit] -> request(25): 0300001902f08032010000000000080000f0000001000101e0
[2021-10-22 19:32:08,822] [INFO] [server.transmit] -> response(27): 0300001b02f080320300000000000800000000f0000001000100f0
[2021-10-22 19:32:08,825] [INFO] [server.transmit] -> request(33): 0300002102f080320700000000000800080001120411440100ff0900042d49b3fd
[2021-10-22 19:32:08,832] [INFO] [server.transmit] -> response(33): 0300002102f080320700000000000c000400011208128401010000d4010a000000
[2021-10-22 19:32:08,954] [INFO] [base._test_info] -> Current test: 35
[2021-10-22 19:32:08,957] [INFO] [server.transmit] -> request(28): 0300001c17e00000000100c0010ac1083330333133303330c2020200
[2021-10-22 19:32:08,963] [INFO] [server.transmit] -> response(28): 0300001c17d00001001100c0010ac1083330333133303330c2020200
[2021-10-22 19:32:08,963] [INFO] [server.transmit] -> request(25): 0300001902f08032010000000000080000f0000001000101e0
[2021-10-22 19:32:09,009] [INFO] [server.transmit] -> response(27): 0300001b02f080320300000000000800000000f0000001000100f0
[2021-10-22 19:32:09,012] [INFO] [server.transmit] -> request(33): 0300002102f080320700000000000800080001120411440100ff090004bcb17a5f
[2021-10-22 19:32:09,020] [INFO] [server.transmit] -> response(33): 0300002102f080320700000000000c000400011208128401010000d4010a000000
[2021-10-22 19:32:09,135] [INFO] [base._test_info] -> Current test: 36
[2021-10-22 19:32:09,138] [INFO] [server.transmit] -> request(28): 0300001c17e00000000100c0010ac1083330333133303330c2020200
[2021-10-22 19:32:09,144] [INFO] [server.transmit] -> response(28): 0300001c17d00001000d00c0010ac1083330333133303330c2020200
[2021-10-22 19:32:09,145] [INFO] [server.transmit] -> request(25): 0300001902f08032010000000000080000f0000001000101e0
[2021-10-22 19:32:09,194] [INFO] [server.transmit] -> response(27): 0300001b02f080320300000000000800000000f0000001000100f0
[2021-10-22 19:32:09,196] [INFO] [server.transmit] -> request(33): 0300002102f080320700000000000800080001120411440100ff090004e0d5fbbe
[2021-10-22 19:32:09,204] [INFO] [server.transmit] -> response(33): 0300002102f080320700000000000c000400011208128401010000d4010a000000
[2021-10-22 19:32:09,328] [INFO] [base._test_info] -> Current test: 37
[2021-10-22 19:32:09,331] [INFO] [server.transmit] -> request(28): 0300001c17e00000000100c0010ac1083330333133303330c2020200
[2021-10-22 19:32:09,335] [INFO] [server.transmit] -> response(28): 0300001c17d00001001100c0010ac1083330333133303330c2020200
[2021-10-22 19:32:09,336] [INFO] [server.transmit] -> request(25): 0300001902f08032010000000000080000f0000001000101e0
[2021-10-22 19:32:09,385] [INFO] [server.transmit] -> response(27): 0300001b02f080320300000000000800000000f0000001000100f0
[2021-10-22 19:32:09,388] [INFO] [server.transmit] -> request(33): 0300002102f080320700000000000800080001120411440100ff0900041dcbd7a5
[2021-10-22 19:32:09,395] [INFO] [server.transmit] -> response(33): 0300002102f080320700000000000c000400011208128401010000d4010a000000
[2021-10-22 19:32:09,532] [INFO] [base._test_info] -> Current test: 38
[2021-10-22 19:32:09,533] [INFO] [server.transmit] -> request(28): 0300001c17e00000000100c0010ac1083330333133303330c2020200
[2021-10-22 19:32:09,539] [INFO] [server.transmit] -> response(28): 0300001c17d00001000d00c0010ac1083330333133303330c2020200
[2021-10-22 19:32:09,539] [INFO] [server.transmit] -> request(25): 0300001902f08032010000000000080000f0000001000101e0
[2021-10-22 19:32:09,588] [INFO] [server.transmit] -> response(27): 0300001b02f080320300000000000800000000f0000001000100f0
[2021-10-22 19:32:09,589] [INFO] [server.transmit] -> request(33): 0300002102f080320700000000000800080001120411440100ff0900045a70cfd3
[2021-10-22 19:32:09,599] [INFO] [server.transmit] -> response(33): 0300002102f080320700000000000c000400011208128401010000d4010a000000
[2021-10-22 19:32:09,726] [INFO] [base._test_info] -> Current test: 39
[2021-10-22 19:32:09,727] [INFO] [server.transmit] -> request(28): 0300001c17e00000000100c0010ac1083330333133303330c2020200
[2021-10-22 19:32:09,733] [INFO] [server.transmit] -> response(28): 0300001c17d00001001100c0010ac1083330333133303330c2020200
[2021-10-22 19:32:09,734] [INFO] [server.transmit] -> request(25): 0300001902f08032010000000000080000f0000001000101e0
[2021-10-22 19:32:09,786] [INFO] [server.transmit] -> response(27): 0300001b02f080320300000000000800000000f0000001000100f0
[2021-10-22 19:32:09,788] [INFO] [server.transmit] -> request(33): 0300002102f080320700000000000800080001120411440100ff090004b413b68a
[2021-10-22 19:32:09,796] [INFO] [server.transmit] -> response(33): 0300002102f080320700000000000c000400011208128401010000d4010a000000
[2021-10-22 19:32:09,911] [INFO] [base._test_info] -> Current test: 40
[2021-10-22 19:32:09,913] [INFO] [server.transmit] -> request(28): 0300001c17e00000000100c0010ac1083330333133303330c2020200
[2021-10-22 19:32:09,917] [INFO] [server.transmit] -> response(28): 0300001c17d00001000d00c0010ac1083330333133303330c2020200
[2021-10-22 19:32:09,920] [INFO] [server.transmit] -> request(25): 0300001902f08032010000000000080000f0000001000101e0
[2021-10-22 19:32:09,967] [INFO] [server.transmit] -> response(27): 0300001b02f080320300000000000800000000f0000001000100f0
[2021-10-22 19:32:09,969] [INFO] [server.transmit] -> request(33): 0300002102f080320700000000000800080001120411440100ff0900046a46b55d
[2021-10-22 19:32:09,977] [INFO] [server.transmit] -> response(33): 0300002102f080320700000000000c000400011208128401010000d4010a000000
[2021-10-22 19:32:10,095] [INFO] [base._test_info] -> Current test: 41
[2021-10-22 19:32:10,098] [INFO] [server.transmit] -> request(28): 0300001c17e00000000100c0010ac1083330333133303330c2020200
[2021-10-22 19:32:10,102] [INFO] [server.transmit] -> response(28): 0300001c17d00001001100c0010ac1083330333133303330c2020200
[2021-10-22 19:32:10,102] [INFO] [server.transmit] -> request(25): 0300001902f08032010000000000080000f0000001000101e0
[2021-10-22 19:32:10,151] [INFO] [server.transmit] -> response(27): 0300001b02f080320300000000000800000000f0000001000100f0
[2021-10-22 19:32:10,153] [INFO] [server.transmit] -> request(33): 0300002102f080320700000000000800080001120411440100ff0900041f79f821
[2021-10-22 19:32:10,163] [INFO] [server.transmit] -> response(33): 0300002102f080320700000000000c000400011208128401010000d4010a000000
[2021-10-22 19:32:10,279] [INFO] [base._test_info] -> Current test: 42
[2021-10-22 19:32:10,279] [INFO] [server.transmit] -> request(28): 0300001c17e00000000100c0010ac1083330333133303330c2020200
[2021-10-22 19:32:10,282] [INFO] [server.transmit] -> response(28): 0300001c17d00001000d00c0010ac1083330333133303330c2020200
[2021-10-22 19:32:10,283] [INFO] [server.transmit] -> request(25): 0300001902f08032010000000000080000f0000001000101e0
