[2021-10-22 20:15:35,571] [INFO] [base._load_session] -> No session loaded
[2021-10-22 20:15:35,573] [INFO] [base._start_message] -> 
                 --------------------------------------------------
                 Starting fuzzing session
                 Target: TcpTarget
                 UI: WebInterface listening on 127.0.0.1:26001
                 Log: ./kittylogs/kitty_20211022-201534.log

                 Total possible mutation count: 1000
                 --------------------------------------------------
                                 Happy hacking
                 --------------------------------------------------
            
[2021-10-22 20:15:35,576] [INFO] [base.start] -> Performing environment test
[2021-10-22 20:15:35,579] [INFO] [base._test_info] -> Current test: -1
[2021-10-22 20:15:35,579] [INFO] [server.transmit] -> request(22): 0300001611e00000000100c0010ac1020100c2020102
[2021-10-22 20:15:35,581] [INFO] [server.transmit] -> response(22): 0300001611d00001000100c0010ac1020100c2020102
[2021-10-22 20:15:35,582] [INFO] [server._start] -> should keep running? True
[2021-10-22 20:15:35,586] [INFO] [base._test_info] -> Current test: 0
[2021-10-22 20:15:35,586] [INFO] [server.transmit] -> request(22): 0300001611e00000000100c0010ac1020100c2020102
[2021-10-22 20:15:35,588] [INFO] [server.transmit] -> response(22): 0300001611d00001000100c0010ac1020100c2020102
[2021-10-22 20:15:35,588] [INFO] [server.transmit] -> request(25): 0300001902f08032010000000000080000f0000001000101e0
[2021-10-22 20:15:35,589] [INFO] [server.transmit] -> response(27): 0300001b02f080320300000000000800000000f0000001000101e0
[2021-10-22 20:15:35,591] [INFO] [server.transmit] -> request(33): 0300002102f080320700000000000800080001120411440100ff090004ded419b6
[2021-10-22 20:15:35,592] [INFO] [server.transmit] -> response(33): 0300002102f080320700000000000c000400011208128401000000d4020a000000
[2021-10-22 20:15:35,697] [INFO] [base._test_info] -> Current test: 1
[2021-10-22 20:15:35,698] [INFO] [server.transmit] -> request(22): 0300001611e00000000100c0010ac1020100c2020102
[2021-10-22 20:15:35,700] [INFO] [server.transmit] -> response(22): 0300001611d00001000100c0010ac1020100c2020102
[2021-10-22 20:15:35,700] [INFO] [server.transmit] -> request(25): 0300001902f08032010000000000080000f0000001000101e0
[2021-10-22 20:15:35,700] [INFO] [server.transmit] -> response(27): 0300001b02f080320300000000000800000000f0000001000101e0
[2021-10-22 20:15:35,701] [INFO] [server.transmit] -> request(33): 0300002102f080320700000000000800080001120411440100ff090004fb6eb620
[2021-10-22 20:15:35,701] [INFO] [server.transmit] -> response(33): 0300002102f080320700000000000c000400011208128401000000d4020a000000
[2021-10-22 20:15:35,806] [INFO] [base._test_info] -> Current test: 2
[2021-10-22 20:15:35,808] [INFO] [server.transmit] -> request(22): 0300001611e00000000100c0010ac1020100c2020102
[2021-10-22 20:15:35,809] [INFO] [server.transmit] -> response(22): 0300001611d00001000100c0010ac1020100c2020102
[2021-10-22 20:15:35,809] [INFO] [server.transmit] -> request(25): 0300001902f08032010000000000080000f0000001000101e0
[2021-10-22 20:15:35,812] [INFO] [server.transmit] -> response(27): 0300001b02f080320300000000000800000000f0000001000101e0
[2021-10-22 20:15:35,813] [INFO] [server.transmit] -> request(33): 0300002102f080320700000000000800080001120411440100ff090004bc1ad7db
[2021-10-22 20:15:35,815] [INFO] [server.transmit] -> response(33): 0300002102f080320700000000000c000400011208128401000000d4020a000000
[2021-10-22 20:15:35,918] [INFO] [base._test_info] -> Current test: 3
[2021-10-22 20:15:35,920] [INFO] [server.transmit] -> request(22): 0300001611e00000000100c0010ac1020100c2020102
[2021-10-22 20:15:35,921] [INFO] [server.transmit] -> response(22): 0300001611d00001000100c0010ac1020100c2020102
[2021-10-22 20:15:35,923] [INFO] [server.transmit] -> request(25): 0300001902f08032010000000000080000f0000001000101e0
[2021-10-22 20:15:35,924] [INFO] [server.transmit] -> response(27): 0300001b02f080320300000000000800000000f0000001000101e0
[2021-10-22 20:15:35,926] [INFO] [server.transmit] -> request(33): 0300002102f080320700000000000800080001120411440100ff090004c51c1503
[2021-10-22 20:15:35,927] [INFO] [server.transmit] -> response(33): 0300002102f080320700000000000c000400011208128401000000d4020a000000
[2021-10-22 20:15:36,035] [INFO] [base._test_info] -> Current test: 4
[2021-10-22 20:15:36,036] [INFO] [server.transmit] -> request(22): 0300001611e00000000100c0010ac1020100c2020102
[2021-10-22 20:15:36,042] [INFO] [server.transmit] -> response(22): 0300001611d00001000100c0010ac1020100c2020102
[2021-10-22 20:15:36,045] [INFO] [server.transmit] -> request(25): 0300001902f08032010000000000080000f0000001000101e0
[2021-10-22 20:15:36,048] [INFO] [server.transmit] -> response(27): 0300001b02f080320300000000000800000000f0000001000101e0
[2021-10-22 20:15:36,049] [INFO] [server.transmit] -> request(33): 0300002102f080320700000000000800080001120411440100ff0900042284ea35
[2021-10-22 20:15:36,052] [INFO] [server.transmit] -> response(33): 0300002102f080320700000000000c000400011208128401000000d4020a000000
[2021-10-22 20:15:36,157] [INFO] [base._test_info] -> Current test: 5
[2021-10-22 20:15:36,158] [INFO] [server.transmit] -> request(22): 0300001611e00000000100c0010ac1020100c2020102
[2021-10-22 20:15:36,161] [INFO] [server.transmit] -> response(22): 0300001611d00001000100c0010ac1020100c2020102
[2021-10-22 20:15:36,161] [INFO] [server.transmit] -> request(25): 0300001902f08032010000000000080000f0000001000101e0
[2021-10-22 20:15:36,165] [INFO] [server.transmit] -> response(27): 0300001b02f080320300000000000800000000f0000001000101e0
[2021-10-22 20:15:36,165] [INFO] [server.transmit] -> request(33): 0300002102f080320700000000000800080001120411440100ff090004ae8a8fcb
[2021-10-22 20:15:36,167] [INFO] [server.transmit] -> response(33): 0300002102f080320700000000000c000400011208128401000000d4020a000000
[2021-10-22 20:15:36,273] [INFO] [base._test_info] -> Current test: 6
[2021-10-22 20:15:36,275] [INFO] [server.transmit] -> request(22): 0300001611e00000000100c0010ac1020100c2020102
[2021-10-22 20:15:36,276] [INFO] [server.transmit] -> response(22): 0300001611d00001000100c0010ac1020100c2020102
[2021-10-22 20:15:36,276] [INFO] [server.transmit] -> request(25): 0300001902f08032010000000000080000f0000001000101e0
[2021-10-22 20:15:36,279] [INFO] [server.transmit] -> response(27): 0300001b02f080320300000000000800000000f0000001000101e0
[2021-10-22 20:15:36,280] [INFO] [server.transmit] -> request(33): 0300002102f080320700000000000800080001120411440100ff0900043f3be62a
[2021-10-22 20:15:36,282] [INFO] [server.transmit] -> response(33): 0300002102f080320700000000000c000400011208128401000000d4020a000000
[2021-10-22 20:15:36,387] [INFO] [base._test_info] -> Current test: 7
[2021-10-22 20:15:36,387] [INFO] [server.transmit] -> request(22): 0300001611e00000000100c0010ac1020100c2020102
[2021-10-22 20:15:36,388] [INFO] [server.transmit] -> response(22): 0300001611d00001000100c0010ac1020100c2020102
[2021-10-22 20:15:36,390] [INFO] [server.transmit] -> request(25): 0300001902f08032010000000000080000f0000001000101e0
[2021-10-22 20:15:36,391] [INFO] [server.transmit] -> response(27): 0300001b02f080320300000000000800000000f0000001000101e0
[2021-10-22 20:15:36,392] [INFO] [server.transmit] -> request(33): 0300002102f080320700000000000800080001120411440100ff090004cc436d1c
[2021-10-22 20:15:36,397] [INFO] [server.transmit] -> response(33): 0300002102f080320700000000000c000400011208128401000000d4020a000000
[2021-10-22 20:15:36,502] [INFO] [base._test_info] -> Current test: 8
[2021-10-22 20:15:36,502] [INFO] [server.transmit] -> request(22): 0300001611e00000000100c0010ac1020100c2020102
[2021-10-22 20:15:36,503] [INFO] [server.transmit] -> response(22): 0300001611d00001000100c0010ac1020100c2020102
[2021-10-22 20:15:36,503] [INFO] [server.transmit] -> request(25): 0300001902f08032010000000000080000f0000001000101e0
[2021-10-22 20:15:36,505] [INFO] [server.transmit] -> response(27): 0300001b02f080320300000000000800000000f0000001000101e0
[2021-10-22 20:15:36,506] [INFO] [server.transmit] -> request(33): 0300002102f080320700000000000800080001120411440100ff0900042ffe36dd
[2021-10-22 20:15:36,506] [INFO] [server.transmit] -> response(33): 0300002102f080320700000000000c000400011208128401000000d4020a000000
[2021-10-22 20:15:36,612] [INFO] [base._test_info] -> Current test: 9
[2021-10-22 20:15:36,614] [INFO] [server.transmit] -> request(22): 0300001611e00000000100c0010ac1020100c2020102
[2021-10-22 20:15:36,615] [INFO] [server.transmit] -> response(22): 0300001611d00001000100c0010ac1020100c2020102
[2021-10-22 20:15:36,617] [INFO] [server.transmit] -> request(25): 0300001902f08032010000000000080000f0000001000101e0
[2021-10-22 20:15:36,618] [INFO] [server.transmit] -> response(27): 0300001b02f080320300000000000800000000f0000001000101e0
[2021-10-22 20:15:36,619] [INFO] [server.transmit] -> request(33): 0300002102f080320700000000000800080001120411440100ff090004690c840c
[2021-10-22 20:15:36,622] [INFO] [server.transmit] -> response(33): 0300002102f080320700000000000c000400011208128401000000d4020a000000
[2021-10-22 20:15:36,727] [INFO] [base._test_info] -> Current test: 10
[2021-10-22 20:15:36,727] [INFO] [server.transmit] -> request(22): 0300001611e00000000100c0010ac1020100c2020102
[2021-10-22 20:15:36,730] [INFO] [server.transmit] -> response(22): 0300001611d00001000100c0010ac1020100c2020102
[2021-10-22 20:15:36,730] [INFO] [server.transmit] -> request(25): 0300001902f08032010000000000080000f0000001000101e0
[2021-10-22 20:15:36,733] [INFO] [server.transmit] -> response(27): 0300001b02f080320300000000000800000000f0000001000101e0
[2021-10-22 20:15:36,734] [INFO] [server.transmit] -> request(33): 0300002102f080320700000000000800080001120411440100ff090004c451cb70
[2021-10-22 20:15:36,736] [INFO] [server.transmit] -> response(33): 0300002102f080320700000000000c000400011208128401000000d4020a000000
[2021-10-22 20:15:36,845] [INFO] [base._test_info] -> Current test: 11
[2021-10-22 20:15:36,846] [INFO] [server.transmit] -> request(22): 0300001611e00000000100c0010ac1020100c2020102
[2021-10-22 20:15:36,848] [INFO] [server.transmit] -> response(22): 0300001611d00001000100c0010ac1020100c2020102
[2021-10-22 20:15:36,851] [INFO] [server.transmit] -> request(25): 0300001902f08032010000000000080000f0000001000101e0
[2021-10-22 20:15:36,854] [INFO] [server.transmit] -> response(27): 0300001b02f080320300000000000800000000f0000001000101e0
[2021-10-22 20:15:36,855] [INFO] [server.transmit] -> request(33): 0300002102f080320700000000000800080001120411440100ff09000413f1e362
[2021-10-22 20:15:36,858] [INFO] [server.transmit] -> response(33): 0300002102f080320700000000000c000400011208128401000000d4020a000000
[2021-10-22 20:15:36,967] [INFO] [base._test_info] -> Current test: 12
[2021-10-22 20:15:36,967] [INFO] [server.transmit] -> request(22): 0300001611e00000000100c0010ac1020100c2020102
[2021-10-22 20:15:36,969] [INFO] [server.transmit] -> response(22): 0300001611d00001000100c0010ac1020100c2020102
[2021-10-22 20:15:36,970] [INFO] [server.transmit] -> request(25): 0300001902f08032010000000000080000f0000001000101e0
[2021-10-22 20:15:36,973] [INFO] [server.transmit] -> response(27): 0300001b02f080320300000000000800000000f0000001000101e0
[2021-10-22 20:15:36,973] [INFO] [server.transmit] -> request(33): 0300002102f080320700000000000800080001120411440100ff0900048d85a61a
[2021-10-22 20:15:36,974] [INFO] [server.transmit] -> response(33): 0300002102f080320700000000000c000400011208128401000000d4020a000000
[2021-10-22 20:15:37,078] [INFO] [base._test_info] -> Current test: 13
[2021-10-22 20:15:37,079] [INFO] [server.transmit] -> request(22): 0300001611e00000000100c0010ac1020100c2020102
[2021-10-22 20:15:37,081] [INFO] [server.transmit] -> response(22): 0300001611d00001000100c0010ac1020100c2020102
[2021-10-22 20:15:37,082] [INFO] [server.transmit] -> request(25): 0300001902f08032010000000000080000f0000001000101e0
[2021-10-22 20:15:37,084] [INFO] [server.transmit] -> response(27): 0300001b02f080320300000000000800000000f0000001000101e0
[2021-10-22 20:15:37,085] [INFO] [server.transmit] -> request(33): 0300002102f080320700000000000800080001120411440100ff0900045fbf2622
[2021-10-22 20:15:37,085] [INFO] [server.transmit] -> response(33): 0300002102f080320700000000000c000400011208128401000000d4020a000000
[2021-10-22 20:15:37,190] [INFO] [base._test_info] -> Current test: 14
[2021-10-22 20:15:37,190] [INFO] [server.transmit] -> request(22): 0300001611e00000000100c0010ac1020100c2020102
[2021-10-22 20:15:37,191] [INFO] [server.transmit] -> response(22): 0300001611d00001000100c0010ac1020100c2020102
[2021-10-22 20:15:37,194] [INFO] [server.transmit] -> request(25): 0300001902f08032010000000000080000f0000001000101e0
[2021-10-22 20:15:37,194] [INFO] [server.transmit] -> response(27): 0300001b02f080320300000000000800000000f0000001000101e0
[2021-10-22 20:15:37,197] [INFO] [server.transmit] -> request(33): 0300002102f080320700000000000800080001120411440100ff090004e5025623
[2021-10-22 20:15:37,197] [INFO] [server.transmit] -> response(33): 0300002102f080320700000000000c000400011208128401000000d4020a000000
[2021-10-22 20:15:37,305] [INFO] [base._test_info] -> Current test: 15
[2021-10-22 20:15:37,306] [INFO] [server.transmit] -> request(22): 0300001611e00000000100c0010ac1020100c2020102
[2021-10-22 20:15:37,308] [INFO] [server.transmit] -> response(22): 0300001611d00001000100c0010ac1020100c2020102
[2021-10-22 20:15:37,309] [INFO] [server.transmit] -> request(25): 0300001902f08032010000000000080000f0000001000101e0
[2021-10-22 20:15:37,312] [INFO] [server.transmit] -> response(27): 0300001b02f080320300000000000800000000f0000001000101e0
[2021-10-22 20:15:37,313] [INFO] [server.transmit] -> request(33): 0300002102f080320700000000000800080001120411440100ff0900042875d14c
[2021-10-22 20:15:37,315] [INFO] [server.transmit] -> response(33): 0300002102f080320700000000000c000400011208128401000000d4020a000000
[2021-10-22 20:15:37,421] [INFO] [base._test_info] -> Current test: 16
[2021-10-22 20:15:37,421] [INFO] [server.transmit] -> request(22): 0300001611e00000000100c0010ac1020100c2020102
[2021-10-22 20:15:37,423] [INFO] [server.transmit] -> response(22): 0300001611d00001000100c0010ac1020100c2020102
[2021-10-22 20:15:37,424] [INFO] [server.transmit] -> request(25): 0300001902f08032010000000000080000f0000001000101e0
[2021-10-22 20:15:37,426] [INFO] [server.transmit] -> response(27): 0300001b02f080320300000000000800000000f0000001000101e0
[2021-10-22 20:15:37,426] [INFO] [server.transmit] -> request(33): 0300002102f080320700000000000800080001120411440100ff0900041d8a652a
[2021-10-22 20:15:37,427] [INFO] [server.transmit] -> response(33): 0300002102f080320700000000000c000400011208128401000000d4020a000000
[2021-10-22 20:15:37,532] [INFO] [base._test_info] -> Current test: 17
[2021-10-22 20:15:37,533] [INFO] [server.transmit] -> request(22): 0300001611e00000000100c0010ac1020100c2020102
[2021-10-22 20:15:37,536] [INFO] [server.transmit] -> response(22): 0300001611d00001000100c0010ac1020100c2020102
[2021-10-22 20:15:37,536] [INFO] [server.transmit] -> request(25): 0300001902f08032010000000000080000f0000001000101e0
[2021-10-22 20:15:37,536] [INFO] [server.transmit] -> response(27): 0300001b02f080320300000000000800000000f0000001000101e0
[2021-10-22 20:15:37,538] [INFO] [server.transmit] -> request(33): 0300002102f080320700000000000800080001120411440100ff09000456007822
[2021-10-22 20:15:37,539] [INFO] [server.transmit] -> response(33): 0300002102f080320700000000000c000400011208128401000000d4020a000000
[2021-10-22 20:15:37,642] [INFO] [base._test_info] -> Current test: 18
[2021-10-22 20:15:37,644] [INFO] [server.transmit] -> request(22): 0300001611e00000000100c0010ac1020100c2020102
[2021-10-22 20:15:37,644] [INFO] [server.transmit] -> response(22): 0300001611d00001000100c0010ac1020100c2020102
[2021-10-22 20:15:37,645] [INFO] [server.transmit] -> request(25): 0300001902f08032010000000000080000f0000001000101e0
[2021-10-22 20:15:37,648] [INFO] [server.transmit] -> response(27): 0300001b02f080320300000000000800000000f0000001000101e0
[2021-10-22 20:15:37,648] [INFO] [server.transmit] -> request(33): 0300002102f080320700000000000800080001120411440100ff0900046ee5e4f7
[2021-10-22 20:15:37,650] [INFO] [server.transmit] -> response(33): 0300002102f080320700000000000c000400011208128401000000d4020a000000
[2021-10-22 20:15:37,756] [INFO] [base._test_info] -> Current test: 19
[2021-10-22 20:15:37,756] [INFO] [server.transmit] -> request(22): 0300001611e00000000100c0010ac1020100c2020102
[2021-10-22 20:15:37,756] [INFO] [server.transmit] -> response(22): 0300001611d00001000100c0010ac1020100c2020102
[2021-10-22 20:15:37,757] [INFO] [server.transmit] -> request(25): 0300001902f08032010000000000080000f0000001000101e0
[2021-10-22 20:15:37,759] [INFO] [server.transmit] -> response(27): 0300001b02f080320300000000000800000000f0000001000101e0
[2021-10-22 20:15:37,759] [INFO] [server.transmit] -> request(33): 0300002102f080320700000000000800080001120411440100ff090004211d4765
[2021-10-22 20:15:37,760] [INFO] [server.transmit] -> response(33): 0300002102f080320700000000000c000400011208128401000000d4020a000000
[2021-10-22 20:15:37,864] [INFO] [base._test_info] -> Current test: 20
[2021-10-22 20:15:37,865] [INFO] [server.transmit] -> request(22): 0300001611e00000000100c0010ac1020100c2020102
[2021-10-22 20:15:37,867] [INFO] [server.transmit] -> response(22): 0300001611d00001000100c0010ac1020100c2020102
[2021-10-22 20:15:37,868] [INFO] [server.transmit] -> request(25): 0300001902f08032010000000000080000f0000001000101e0
[2021-10-22 20:15:37,868] [INFO] [server.transmit] -> response(27): 0300001b02f080320300000000000800000000f0000001000101e0
[2021-10-22 20:15:37,868] [INFO] [server.transmit] -> request(33): 0300002102f080320700000000000800080001120411440100ff090004351f5762
[2021-10-22 20:15:37,869] [INFO] [server.transmit] -> response(33): 0300002102f080320700000000000c000400011208128401000000d4020a000000
[2021-10-22 20:15:37,976] [INFO] [base._test_info] -> Current test: 21
[2021-10-22 20:15:37,977] [INFO] [server.transmit] -> request(22): 0300001611e00000000100c0010ac1020100c2020102
[2021-10-22 20:15:37,980] [INFO] [server.transmit] -> response(22): 0300001611d00001000100c0010ac1020100c2020102
[2021-10-22 20:15:37,982] [INFO] [server.transmit] -> request(25): 0300001902f08032010000000000080000f0000001000101e0
[2021-10-22 20:15:37,983] [INFO] [server.transmit] -> response(27): 0300001b02f080320300000000000800000000f0000001000101e0
[2021-10-22 20:15:37,984] [INFO] [server.transmit] -> request(33): 0300002102f080320700000000000800080001120411440100ff090004f19a8927
[2021-10-22 20:15:37,986] [INFO] [server.transmit] -> response(33): 0300002102f080320700000000000c000400011208128401000000d4020a000000
[2021-10-22 20:15:38,095] [INFO] [base._test_info] -> Current test: 22
[2021-10-22 20:15:38,095] [INFO] [server.transmit] -> request(22): 0300001611e00000000100c0010ac1020100c2020102
[2021-10-22 20:15:38,098] [INFO] [server.transmit] -> response(22): 0300001611d00001000100c0010ac1020100c2020102
[2021-10-22 20:15:38,098] [INFO] [server.transmit] -> request(25): 0300001902f08032010000000000080000f0000001000101e0
[2021-10-22 20:15:38,099] [INFO] [server.transmit] -> response(27): 0300001b02f080320300000000000800000000f0000001000101e0
[2021-10-22 20:15:38,101] [INFO] [server.transmit] -> request(33): 0300002102f080320700000000000800080001120411440100ff09000422dafe5b
[2021-10-22 20:15:38,104] [INFO] [server.transmit] -> response(33): 0300002102f080320700000000000c000400011208128401000000d4020a000000
[2021-10-22 20:15:38,209] [INFO] [base._test_info] -> Current test: 23
[2021-10-22 20:15:38,210] [INFO] [server.transmit] -> request(22): 0300001611e00000000100c0010ac1020100c2020102
[2021-10-22 20:15:38,210] [INFO] [server.transmit] -> response(22): 0300001611d00001000100c0010ac1020100c2020102
[2021-10-22 20:15:38,211] [INFO] [server.transmit] -> request(25): 0300001902f08032010000000000080000f0000001000101e0
[2021-10-22 20:15:38,213] [INFO] [server.transmit] -> response(27): 0300001b02f080320300000000000800000000f0000001000101e0
[2021-10-22 20:15:38,213] [INFO] [server.transmit] -> request(33): 0300002102f080320700000000000800080001120411440100ff0900046ccfb62c
[2021-10-22 20:15:38,214] [INFO] [server.transmit] -> response(33): 0300002102f080320700000000000c000400011208128401000000d4020a000000
[2021-10-22 20:15:38,321] [INFO] [base._test_info] -> Current test: 24
[2021-10-22 20:15:38,322] [INFO] [server.transmit] -> request(22): 0300001611e00000000100c0010ac1020100c2020102
[2021-10-22 20:15:38,323] [INFO] [server.transmit] -> response(22): 0300001611d00001000100c0010ac1020100c2020102
[2021-10-22 20:15:38,325] [INFO] [server.transmit] -> request(25): 0300001902f08032010000000000080000f0000001000101e0
[2021-10-22 20:15:38,326] [INFO] [server.transmit] -> response(27): 0300001b02f080320300000000000800000000f0000001000101e0
[2021-10-22 20:15:38,328] [INFO] [server.transmit] -> request(33): 0300002102f080320700000000000800080001120411440100ff09000409a5e46f
[2021-10-22 20:15:38,332] [INFO] [server.transmit] -> response(33): 0300002102f080320700000000000c000400011208128401000000d4020a000000
[2021-10-22 20:15:38,440] [INFO] [base._test_info] -> Current test: 25
[2021-10-22 20:15:38,441] [INFO] [server.transmit] -> request(22): 0300001611e00000000100c0010ac1020100c2020102
[2021-10-22 20:15:38,444] [INFO] [server.transmit] -> response(22): 0300001611d00001000100c0010ac1020100c2020102
[2021-10-22 20:15:38,446] [INFO] [server.transmit] -> request(25): 0300001902f08032010000000000080000f0000001000101e0
[2021-10-22 20:15:38,453] [INFO] [server.transmit] -> response(27): 0300001b02f080320300000000000800000000f0000001000101e0
[2021-10-22 20:15:38,456] [INFO] [server.transmit] -> request(33): 0300002102f080320700000000000800080001120411440100ff090004bd69961d
[2021-10-22 20:15:38,459] [INFO] [server.transmit] -> response(33): 0300002102f080320700000000000c000400011208128401000000d4020a000000
[2021-10-22 20:15:38,569] [INFO] [base._test_info] -> Current test: 26
[2021-10-22 20:15:38,572] [INFO] [server.transmit] -> request(22): 0300001611e00000000100c0010ac1020100c2020102
[2021-10-22 20:15:38,573] [INFO] [server.transmit] -> response(22): 0300001611d00001000100c0010ac1020100c2020102
[2021-10-22 20:15:38,576] [INFO] [server.transmit] -> request(25): 0300001902f08032010000000000080000f0000001000101e0
[2021-10-22 20:15:38,584] [INFO] [server.transmit] -> response(27): 0300001b02f080320300000000000800000000f0000001000101e0
[2021-10-22 20:15:38,585] [INFO] [server.transmit] -> request(33): 0300002102f080320700000000000800080001120411440100ff0900044e009de4
[2021-10-22 20:15:38,588] [INFO] [server.transmit] -> response(33): 0300002102f080320700000000000c000400011208128401000000d4020a000000
[2021-10-22 20:15:38,698] [INFO] [base._test_info] -> Current test: 27
[2021-10-22 20:15:38,700] [INFO] [server.transmit] -> request(22): 0300001611e00000000100c0010ac1020100c2020102
[2021-10-22 20:15:38,704] [INFO] [server.transmit] -> response(22): 0300001611d00001000100c0010ac1020100c2020102
[2021-10-22 20:15:38,706] [INFO] [server.transmit] -> request(25): 0300001902f08032010000000000080000f0000001000101e0
[2021-10-22 20:15:38,707] [INFO] [server.transmit] -> response(27): 0300001b02f080320300000000000800000000f0000001000101e0
[2021-10-22 20:15:38,707] [INFO] [server.transmit] -> request(33): 0300002102f080320700000000000800080001120411440100ff09000430fc628a
[2021-10-22 20:15:38,707] [INFO] [server.transmit] -> response(33): 0300002102f080320700000000000c000400011208128401000000d4020a000000
[2021-10-22 20:15:38,815] [INFO] [base._test_info] -> Current test: 28
[2021-10-22 20:15:38,818] [INFO] [server.transmit] -> request(22): 0300001611e00000000100c0010ac1020100c2020102
[2021-10-22 20:15:38,825] [INFO] [server.transmit] -> response(22): 0300001611d00001000100c0010ac1020100c2020102
[2021-10-22 20:15:38,826] [INFO] [server.transmit] -> request(25): 0300001902f08032010000000000080000f0000001000101e0
[2021-10-22 20:15:38,828] [INFO] [server.transmit] -> response(27): 0300001b02f080320300000000000800000000f0000001000101e0
[2021-10-22 20:15:38,828] [INFO] [server.transmit] -> request(33): 0300002102f080320700000000000800080001120411440100ff0900045a62cd79
[2021-10-22 20:15:38,829] [INFO] [server.transmit] -> response(33): 0300002102f080320700000000000c000400011208128401000000d4020a000000
[2021-10-22 20:15:38,937] [INFO] [base._test_info] -> Current test: 29
[2021-10-22 20:15:38,940] [INFO] [server.transmit] -> request(22): 0300001611e00000000100c0010ac1020100c2020102
[2021-10-22 20:15:38,943] [INFO] [server.transmit] -> response(22): 0300001611d00001000100c0010ac1020100c2020102
[2021-10-22 20:15:38,944] [INFO] [server.transmit] -> request(25): 0300001902f08032010000000000080000f0000001000101e0
[2021-10-22 20:15:38,947] [INFO] [server.transmit] -> response(27): 0300001b02f080320300000000000800000000f0000001000101e0
[2021-10-22 20:15:38,950] [INFO] [server.transmit] -> request(33): 0300002102f080320700000000000800080001120411440100ff0900044b44e541
[2021-10-22 20:15:38,953] [INFO] [server.transmit] -> response(33): 0300002102f080320700000000000c000400011208128401000000d4020a000000
[2021-10-22 20:15:39,059] [INFO] [base._test_info] -> Current test: 30
[2021-10-22 20:15:39,059] [INFO] [server.transmit] -> request(22): 0300001611e00000000100c0010ac1020100c2020102
[2021-10-22 20:15:39,061] [INFO] [server.transmit] -> response(22): 0300001611d00001000100c0010ac1020100c2020102
[2021-10-22 20:15:39,062] [INFO] [server.transmit] -> request(25): 0300001902f08032010000000000080000f0000001000101e0
[2021-10-22 20:15:39,062] [INFO] [server.transmit] -> response(27): 0300001b02f080320300000000000800000000f0000001000101e0
[2021-10-22 20:15:39,063] [INFO] [server.transmit] -> request(33): 0300002102f080320700000000000800080001120411440100ff090004be41a5d7
[2021-10-22 20:15:39,065] [INFO] [server.transmit] -> response(33): 0300002102f080320700000000000c000400011208128401000000d4020a000000
[2021-10-22 20:15:39,168] [INFO] [base._test_info] -> Current test: 31
[2021-10-22 20:15:39,168] [INFO] [server.transmit] -> request(22): 0300001611e00000000100c0010ac1020100c2020102
[2021-10-22 20:15:39,170] [INFO] [server.transmit] -> response(22): 0300001611d00001000100c0010ac1020100c2020102
[2021-10-22 20:15:39,170] [INFO] [server.transmit] -> request(25): 0300001902f08032010000000000080000f0000001000101e0
[2021-10-22 20:15:39,171] [INFO] [server.transmit] -> response(27): 0300001b02f080320300000000000800000000f0000001000101e0
[2021-10-22 20:15:39,173] [INFO] [server.transmit] -> request(33): 0300002102f080320700000000000800080001120411440100ff0900049c10f8ef
[2021-10-22 20:15:39,173] [INFO] [server.transmit] -> response(33): 0300002102f080320700000000000c000400011208128401000000d4020a000000
[2021-10-22 20:15:39,278] [INFO] [base._test_info] -> Current test: 32
[2021-10-22 20:15:39,279] [INFO] [server.transmit] -> request(22): 0300001611e00000000100c0010ac1020100c2020102
[2021-10-22 20:15:39,279] [INFO] [server.transmit] -> response(22): 0300001611d00001000100c0010ac1020100c2020102
[2021-10-22 20:15:39,280] [INFO] [server.transmit] -> request(25): 0300001902f08032010000000000080000f0000001000101e0
[2021-10-22 20:15:39,282] [INFO] [server.transmit] -> response(27): 0300001b02f080320300000000000800000000f0000001000101e0
[2021-10-22 20:15:39,282] [INFO] [server.transmit] -> request(33): 0300002102f080320700000000000800080001120411440100ff09000431626d45
[2021-10-22 20:15:39,283] [INFO] [server.transmit] -> response(33): 0300002102f080320700000000000c000400011208128401000000d4020a000000
[2021-10-22 20:15:39,388] [INFO] [base._test_info] -> Current test: 33
[2021-10-22 20:15:39,388] [INFO] [server.transmit] -> request(22): 0300001611e00000000100c0010ac1020100c2020102
[2021-10-22 20:15:39,390] [INFO] [server.transmit] -> response(22): 0300001611d00001000100c0010ac1020100c2020102
[2021-10-22 20:15:39,391] [INFO] [server.transmit] -> request(25): 0300001902f08032010000000000080000f0000001000101e0
[2021-10-22 20:15:39,391] [INFO] [server.transmit] -> response(27): 0300001b02f080320300000000000800000000f0000001000101e0
[2021-10-22 20:15:39,391] [INFO] [server.transmit] -> request(33): 0300002102f080320700000000000800080001120411440100ff090004414f43e7
[2021-10-22 20:15:39,394] [INFO] [server.transmit] -> response(33): 0300002102f080320700000000000c000400011208128401000000d4020a000000
[2021-10-22 20:15:39,499] [INFO] [base._test_info] -> Current test: 34
[2021-10-22 20:15:39,499] [INFO] [server.transmit] -> request(22): 0300001611e00000000100c0010ac1020100c2020102
[2021-10-22 20:15:39,500] [INFO] [server.transmit] -> response(22): 0300001611d00001000100c0010ac1020100c2020102
[2021-10-22 20:15:39,502] [INFO] [server.transmit] -> request(25): 0300001902f08032010000000000080000f0000001000101e0
[2021-10-22 20:15:39,503] [INFO] [server.transmit] -> response(27): 0300001b02f080320300000000000800000000f0000001000101e0
[2021-10-22 20:15:39,503] [INFO] [server.transmit] -> request(33): 0300002102f080320700000000000800080001120411440100ff0900042d49b3fd
[2021-10-22 20:15:39,506] [INFO] [server.transmit] -> response(33): 0300002102f080320700000000000c000400011208128401000000d4020a000000
[2021-10-22 20:15:39,608] [INFO] [base._test_info] -> Current test: 35
[2021-10-22 20:15:39,609] [INFO] [server.transmit] -> request(22): 0300001611e00000000100c0010ac1020100c2020102
[2021-10-22 20:15:39,611] [INFO] [server.transmit] -> response(22): 0300001611d00001000100c0010ac1020100c2020102
[2021-10-22 20:15:39,611] [INFO] [server.transmit] -> request(25): 0300001902f08032010000000000080000f0000001000101e0
[2021-10-22 20:15:39,612] [INFO] [server.transmit] -> response(27): 0300001b02f080320300000000000800000000f0000001000101e0
[2021-10-22 20:15:39,614] [INFO] [server.transmit] -> request(33): 0300002102f080320700000000000800080001120411440100ff090004bcb17a5f
[2021-10-22 20:15:39,615] [INFO] [server.transmit] -> response(33): 0300002102f080320700000000000c000400011208128401000000d4020a000000
[2021-10-22 20:15:39,720] [INFO] [base._test_info] -> Current test: 36
[2021-10-22 20:15:39,720] [INFO] [server.transmit] -> request(22): 0300001611e00000000100c0010ac1020100c2020102
[2021-10-22 20:15:39,721] [INFO] [server.transmit] -> response(22): 0300001611d00001000100c0010ac1020100c2020102
[2021-10-22 20:15:39,723] [INFO] [server.transmit] -> request(25): 0300001902f08032010000000000080000f0000001000101e0
[2021-10-22 20:15:39,724] [INFO] [server.transmit] -> response(27): 0300001b02f080320300000000000800000000f0000001000101e0
[2021-10-22 20:15:39,724] [INFO] [server.transmit] -> request(33): 0300002102f080320700000000000800080001120411440100ff090004e0d5fbbe
[2021-10-22 20:15:39,726] [INFO] [server.transmit] -> response(33): 0300002102f080320700000000000c000400011208128401000000d4020a000000
[2021-10-22 20:15:39,829] [INFO] [base._test_info] -> Current test: 37
[2021-10-22 20:15:39,831] [INFO] [server.transmit] -> request(22): 0300001611e00000000100c0010ac1020100c2020102
[2021-10-22 20:15:39,832] [INFO] [server.transmit] -> response(22): 0300001611d00001000100c0010ac1020100c2020102
[2021-10-22 20:15:39,832] [INFO] [server.transmit] -> request(25): 0300001902f08032010000000000080000f0000001000101e0
[2021-10-22 20:15:39,832] [INFO] [server.transmit] -> response(27): 0300001b02f080320300000000000800000000f0000001000101e0
[2021-10-22 20:15:39,832] [INFO] [server.transmit] -> request(33): 0300002102f080320700000000000800080001120411440100ff0900041dcbd7a5
[2021-10-22 20:15:39,834] [INFO] [server.transmit] -> response(33): 0300002102f080320700000000000c000400011208128401000000d4020a000000
[2021-10-22 20:15:39,936] [INFO] [base._test_info] -> Current test: 38
[2021-10-22 20:15:39,937] [INFO] [server.transmit] -> request(22): 0300001611e00000000100c0010ac1020100c2020102
[2021-10-22 20:15:39,937] [INFO] [server.transmit] -> response(22): 0300001611d00001000100c0010ac1020100c2020102
[2021-10-22 20:15:39,938] [INFO] [server.transmit] -> request(25): 0300001902f08032010000000000080000f0000001000101e0
[2021-10-22 20:15:39,938] [INFO] [server.transmit] -> response(27): 0300001b02f080320300000000000800000000f0000001000101e0
[2021-10-22 20:15:39,940] [INFO] [server.transmit] -> request(33): 0300002102f080320700000000000800080001120411440100ff0900045a70cfd3
[2021-10-22 20:15:39,940] [INFO] [server.transmit] -> response(33): 0300002102f080320700000000000c000400011208128401000000d4020a000000
[2021-10-22 20:15:40,046] [INFO] [base._test_info] -> Current test: 39
[2021-10-22 20:15:40,046] [INFO] [server.transmit] -> request(22): 0300001611e00000000100c0010ac1020100c2020102
[2021-10-22 20:15:40,048] [INFO] [server.transmit] -> response(22): 0300001611d00001000100c0010ac1020100c2020102
[2021-10-22 20:15:40,048] [INFO] [server.transmit] -> request(25): 0300001902f08032010000000000080000f0000001000101e0
[2021-10-22 20:15:40,049] [INFO] [server.transmit] -> response(27): 0300001b02f080320300000000000800000000f0000001000101e0
[2021-10-22 20:15:40,049] [INFO] [server.transmit] -> request(33): 0300002102f080320700000000000800080001120411440100ff090004b413b68a
[2021-10-22 20:15:40,049] [INFO] [server.transmit] -> response(33): 0300002102f080320700000000000c000400011208128401000000d4020a000000
[2021-10-22 20:15:40,158] [INFO] [base._test_info] -> Current test: 40
[2021-10-22 20:15:40,161] [INFO] [server.transmit] -> request(22): 0300001611e00000000100c0010ac1020100c2020102
[2021-10-22 20:15:40,163] [INFO] [server.transmit] -> response(22): 0300001611d00001000100c0010ac1020100c2020102
[2021-10-22 20:15:40,164] [INFO] [server.transmit] -> request(25): 0300001902f08032010000000000080000f0000001000101e0
[2021-10-22 20:15:40,168] [INFO] [server.transmit] -> response(27): 0300001b02f080320300000000000800000000f0000001000101e0
[2021-10-22 20:15:40,170] [INFO] [server.transmit] -> request(33): 0300002102f080320700000000000800080001120411440100ff0900046a46b55d
[2021-10-22 20:15:40,171] [INFO] [server.transmit] -> response(33): 0300002102f080320700000000000c000400011208128401000000d4020a000000
[2021-10-22 20:15:40,276] [INFO] [base._test_info] -> Current test: 41
[2021-10-22 20:15:40,276] [INFO] [server.transmit] -> request(22): 0300001611e00000000100c0010ac1020100c2020102
[2021-10-22 20:15:40,276] [INFO] [server.transmit] -> response(22): 0300001611d00001000100c0010ac1020100c2020102
[2021-10-22 20:15:40,278] [INFO] [server.transmit] -> request(25): 0300001902f08032010000000000080000f0000001000101e0
[2021-10-22 20:15:40,279] [INFO] [server.transmit] -> response(27): 0300001b02f080320300000000000800000000f0000001000101e0
[2021-10-22 20:15:40,279] [INFO] [server.transmit] -> request(33): 0300002102f080320700000000000800080001120411440100ff0900041f79f821
[2021-10-22 20:15:40,279] [INFO] [server.transmit] -> response(33): 0300002102f080320700000000000c000400011208128401000000d4020a000000
[2021-10-22 20:15:40,387] [INFO] [base._test_info] -> Current test: 42
[2021-10-22 20:15:40,388] [INFO] [server.transmit] -> request(22): 0300001611e00000000100c0010ac1020100c2020102
[2021-10-22 20:15:40,391] [INFO] [server.transmit] -> response(22): 0300001611d00001000100c0010ac1020100c2020102
[2021-10-22 20:15:40,391] [INFO] [server.transmit] -> request(25): 0300001902f08032010000000000080000f0000001000101e0
[2021-10-22 20:15:40,397] [INFO] [server.transmit] -> response(27): 0300001b02f080320300000000000800000000f0000001000101e0
[2021-10-22 20:15:40,398] [INFO] [server.transmit] -> request(33): 0300002102f080320700000000000800080001120411440100ff0900040d51a45d
[2021-10-22 20:15:40,398] [INFO] [server.transmit] -> response(33): 0300002102f080320700000000000c000400011208128401000000d4020a000000
[2021-10-22 20:15:40,503] [INFO] [base._test_info] -> Current test: 43
[2021-10-22 20:15:40,505] [INFO] [server.transmit] -> request(22): 0300001611e00000000100c0010ac1020100c2020102
[2021-10-22 20:15:40,506] [INFO] [server.transmit] -> response(22): 0300001611d00001000100c0010ac1020100c2020102
[2021-10-22 20:15:40,506] [INFO] [server.transmit] -> request(25): 0300001902f08032010000000000080000f0000001000101e0
[2021-10-22 20:15:40,506] [INFO] [server.transmit] -> response(27): 0300001b02f080320300000000000800000000f0000001000101e0
[2021-10-22 20:15:40,507] [INFO] [server.transmit] -> request(33): 0300002102f080320700000000000800080001120411440100ff09000421f6d656
[2021-10-22 20:15:40,509] [INFO] [server.transmit] -> response(33): 0300002102f080320700000000000c000400011208128401000000d4020a000000
[2021-10-22 20:15:40,614] [INFO] [base._test_info] -> Current test: 44
[2021-10-22 20:15:40,615] [INFO] [server.transmit] -> request(22): 0300001611e00000000100c0010ac1020100c2020102
[2021-10-22 20:15:40,615] [INFO] [server.transmit] -> response(22): 0300001611d00001000100c0010ac1020100c2020102
[2021-10-22 20:15:40,615] [INFO] [server.transmit] -> request(25): 0300001902f08032010000000000080000f0000001000101e0
[2021-10-22 20:15:40,617] [INFO] [server.transmit] -> response(27): 0300001b02f080320300000000000800000000f0000001000101e0
[2021-10-22 20:15:40,618] [INFO] [server.transmit] -> request(33): 0300002102f080320700000000000800080001120411440100ff09000465ee2976
[2021-10-22 20:15:40,618] [INFO] [server.transmit] -> response(33): 0300002102f080320700000000000c000400011208128401000000d4020a000000
[2021-10-22 20:15:40,721] [INFO] [base._test_info] -> Current test: 45
[2021-10-22 20:15:40,723] [INFO] [server.transmit] -> request(22): 0300001611e00000000100c0010ac1020100c2020102
[2021-10-22 20:15:40,723] [INFO] [server.transmit] -> response(22): 0300001611d00001000100c0010ac1020100c2020102
[2021-10-22 20:15:40,724] [INFO] [server.transmit] -> request(25): 0300001902f08032010000000000080000f0000001000101e0
[2021-10-22 20:15:40,726] [INFO] [server.transmit] -> response(27): 0300001b02f080320300000000000800000000f0000001000101e0
[2021-10-22 20:15:40,726] [INFO] [server.transmit] -> request(33): 0300002102f080320700000000000800080001120411440100ff0900043c1f562c
[2021-10-22 20:15:40,726] [INFO] [server.transmit] -> response(33): 0300002102f080320700000000000c000400011208128401000000d4020a000000
[2021-10-22 20:15:40,834] [INFO] [base._test_info] -> Current test: 46
[2021-10-22 20:15:40,835] [INFO] [server.transmit] -> request(22): 0300001611e00000000100c0010ac1020100c2020102
[2021-10-22 20:15:40,836] [INFO] [server.transmit] -> response(22): 0300001611d00001000100c0010ac1020100c2020102
[2021-10-22 20:15:40,838] [INFO] [server.transmit] -> request(25): 0300001902f08032010000000000080000f0000001000101e0
[2021-10-22 20:15:40,841] [INFO] [server.transmit] -> response(27): 0300001b02f080320300000000000800000000f0000001000101e0
[2021-10-22 20:15:40,842] [INFO] [server.transmit] -> request(33): 0300002102f080320700000000000800080001120411440100ff09000434495a1f
[2021-10-22 20:15:40,845] [INFO] [server.transmit] -> response(33): 0300002102f080320700000000000c000400011208128401000000d4020a000000
[2021-10-22 20:15:40,956] [INFO] [base._test_info] -> Current test: 47
[2021-10-22 20:15:40,957] [INFO] [server.transmit] -> request(22): 0300001611e00000000100c0010ac1020100c2020102
[2021-10-22 20:15:40,960] [INFO] [server.transmit] -> response(22): 0300001611d00001000100c0010ac1020100c2020102
[2021-10-22 20:15:40,963] [INFO] [server.transmit] -> request(25): 0300001902f08032010000000000080000f0000001000101e0
[2021-10-22 20:15:40,964] [INFO] [server.transmit] -> response(27): 0300001b02f080320300000000000800000000f0000001000101e0
[2021-10-22 20:15:40,966] [INFO] [server.transmit] -> request(33): 0300002102f080320700000000000800080001120411440100ff090004fb2c5aca
[2021-10-22 20:15:40,969] [INFO] [server.transmit] -> response(33): 0300002102f080320700000000000c000400011208128401000000d4020a000000
[2021-10-22 20:15:41,076] [INFO] [base._test_info] -> Current test: 48
[2021-10-22 20:15:41,078] [INFO] [server.transmit] -> request(22): 0300001611e00000000100c0010ac1020100c2020102
[2021-10-22 20:15:41,082] [INFO] [server.transmit] -> response(22): 0300001611d00001000100c0010ac1020100c2020102
[2021-10-22 20:15:41,085] [INFO] [server.transmit] -> request(25): 0300001902f08032010000000000080000f0000001000101e0
[2021-10-22 20:15:41,089] [INFO] [server.transmit] -> response(27): 0300001b02f080320300000000000800000000f0000001000101e0
[2021-10-22 20:15:41,091] [INFO] [server.transmit] -> request(33): 0300002102f080320700000000000800080001120411440100ff0900040d4f8144
[2021-10-22 20:15:41,095] [INFO] [server.transmit] -> response(33): 0300002102f080320700000000000c000400011208128401000000d4020a000000
[2021-10-22 20:15:41,203] [INFO] [base._test_info] -> Current test: 49
[2021-10-22 20:15:41,203] [INFO] [server.transmit] -> request(22): 0300001611e00000000100c0010ac1020100c2020102
[2021-10-22 20:15:41,206] [INFO] [server.transmit] -> response(22): 0300001611d00001000100c0010ac1020100c2020102
[2021-10-22 20:15:41,206] [INFO] [server.transmit] -> request(25): 0300001902f08032010000000000080000f0000001000101e0
[2021-10-22 20:15:41,207] [INFO] [server.transmit] -> response(27): 0300001b02f080320300000000000800000000f0000001000101e0
[2021-10-22 20:15:41,207] [INFO] [server.transmit] -> request(33): 0300002102f080320700000000000800080001120411440100ff0900047785f129
[2021-10-22 20:15:41,210] [INFO] [server.transmit] -> response(33): 0300002102f080320700000000000c000400011208128401000000d4020a000000
[2021-10-22 20:15:41,316] [INFO] [base._test_info] -> Current test: 50
[2021-10-22 20:15:41,318] [INFO] [server.transmit] -> request(22): 0300001611e00000000100c0010ac1020100c2020102
[2021-10-22 20:15:41,318] [INFO] [server.transmit] -> response(22): 0300001611d00001000100c0010ac1020100c2020102
[2021-10-22 20:15:41,319] [INFO] [server.transmit] -> request(25): 0300001902f08032010000000000080000f0000001000101e0
[2021-10-22 20:15:41,319] [INFO] [server.transmit] -> response(27): 0300001b02f080320300000000000800000000f0000001000101e0
[2021-10-22 20:15:41,319] [INFO] [server.transmit] -> request(33): 0300002102f080320700000000000800080001120411440100ff090004291058b8
[2021-10-22 20:15:41,321] [INFO] [server.transmit] -> response(33): 0300002102f080320700000000000c000400011208128401000000d4020a000000
[2021-10-22 20:15:41,426] [INFO] [base._test_info] -> Current test: 51
[2021-10-22 20:15:41,427] [INFO] [server.transmit] -> request(22): 0300001611e00000000100c0010ac1020100c2020102
[2021-10-22 20:15:41,428] [INFO] [server.transmit] -> response(22): 0300001611d00001000100c0010ac1020100c2020102
[2021-10-22 20:15:41,430] [INFO] [server.transmit] -> request(25): 0300001902f08032010000000000080000f0000001000101e0
[2021-10-22 20:15:41,430] [INFO] [server.transmit] -> response(27): 0300001b02f080320300000000000800000000f0000001000101e0
[2021-10-22 20:15:41,433] [INFO] [server.transmit] -> request(33): 0300002102f080320700000000000800080001120411440100ff090004cef6c0a5
[2021-10-22 20:15:41,434] [INFO] [server.transmit] -> response(33): 0300002102f080320700000000000c000400011208128401000000d4020a000000
[2021-10-22 20:15:41,540] [INFO] [base._test_info] -> Current test: 52
[2021-10-22 20:15:41,542] [INFO] [server.transmit] -> request(22): 0300001611e00000000100c0010ac1020100c2020102
[2021-10-22 20:15:41,546] [INFO] [server.transmit] -> response(22): 0300001611d00001000100c0010ac1020100c2020102
[2021-10-22 20:15:41,548] [INFO] [server.transmit] -> request(25): 0300001902f08032010000000000080000f0000001000101e0
[2021-10-22 20:15:41,549] [INFO] [server.transmit] -> response(27): 0300001b02f080320300000000000800000000f0000001000101e0
[2021-10-22 20:15:41,552] [INFO] [server.transmit] -> request(33): 0300002102f080320700000000000800080001120411440100ff090004cdd9aec7
[2021-10-22 20:15:41,562] [INFO] [server.transmit] -> response(33): 0300002102f080320700000000000c000400011208128401000000d4020a000000
[2021-10-22 20:15:41,671] [INFO] [base._test_info] -> Current test: 53
[2021-10-22 20:15:41,673] [INFO] [server.transmit] -> request(22): 0300001611e00000000100c0010ac1020100c2020102
[2021-10-22 20:15:41,678] [INFO] [server.transmit] -> response(22): 0300001611d00001000100c0010ac1020100c2020102
[2021-10-22 20:15:41,680] [INFO] [server.transmit] -> request(25): 0300001902f08032010000000000080000f0000001000101e0
[2021-10-22 20:15:41,683] [INFO] [server.transmit] -> response(27): 0300001b02f080320300000000000800000000f0000001000101e0
[2021-10-22 20:15:41,686] [INFO] [server.transmit] -> request(33): 0300002102f080320700000000000800080001120411440100ff090004ac9ecf2e
[2021-10-22 20:15:41,688] [INFO] [server.transmit] -> response(33): 0300002102f080320700000000000c000400011208128401000000d4020a000000
[2021-10-22 20:15:41,796] [INFO] [base._test_info] -> Current test: 54
[2021-10-22 20:15:41,796] [INFO] [server.transmit] -> request(22): 0300001611e00000000100c0010ac1020100c2020102
[2021-10-22 20:15:41,798] [INFO] [server.transmit] -> response(22): 0300001611d00001000100c0010ac1020100c2020102
[2021-10-22 20:15:41,799] [INFO] [server.transmit] -> request(25): 0300001902f08032010000000000080000f0000001000101e0
[2021-10-22 20:15:41,802] [INFO] [server.transmit] -> response(27): 0300001b02f080320300000000000800000000f0000001000101e0
[2021-10-22 20:15:41,802] [INFO] [server.transmit] -> request(33): 0300002102f080320700000000000800080001120411440100ff09000495c3526b
[2021-10-22 20:15:41,805] [INFO] [server.transmit] -> response(33): 0300002102f080320700000000000c000400011208128401000000d4020a000000
[2021-10-22 20:15:41,913] [INFO] [base._test_info] -> Current test: 55
[2021-10-22 20:15:41,914] [INFO] [server.transmit] -> request(22): 0300001611e00000000100c0010ac1020100c2020102
[2021-10-22 20:15:41,917] [INFO] [server.transmit] -> response(22): 0300001611d00001000100c0010ac1020100c2020102
[2021-10-22 20:15:41,918] [INFO] [server.transmit] -> request(25): 0300001902f08032010000000000080000f0000001000101e0
[2021-10-22 20:15:41,921] [INFO] [server.transmit] -> response(27): 0300001b02f080320300000000000800000000f0000001000101e0
[2021-10-22 20:15:41,921] [INFO] [server.transmit] -> request(33): 0300002102f080320700000000000800080001120411440100ff090004f3bd5493
[2021-10-22 20:15:41,923] [INFO] [server.transmit] -> response(33): 0300002102f080320700000000000c000400011208128401000000d4020a000000
[2021-10-22 20:15:42,030] [INFO] [base._test_info] -> Current test: 56
[2021-10-22 20:15:42,032] [INFO] [server.transmit] -> request(22): 0300001611e00000000100c0010ac1020100c2020102
[2021-10-22 20:15:42,035] [INFO] [server.transmit] -> response(22): 0300001611d00001000100c0010ac1020100c2020102
[2021-10-22 20:15:42,036] [INFO] [server.transmit] -> request(25): 0300001902f08032010000000000080000f0000001000101e0
[2021-10-22 20:15:42,038] [INFO] [server.transmit] -> response(27): 0300001b02f080320300000000000800000000f0000001000101e0
[2021-10-22 20:15:42,038] [INFO] [server.transmit] -> request(33): 0300002102f080320700000000000800080001120411440100ff0900045e565cf1
[2021-10-22 20:15:42,039] [INFO] [server.transmit] -> response(33): 0300002102f080320700000000000c000400011208128401000000d4020a000000
[2021-10-22 20:15:42,145] [INFO] [base._test_info] -> Current test: 57
[2021-10-22 20:15:42,148] [INFO] [server.transmit] -> request(22): 0300001611e00000000100c0010ac1020100c2020102
[2021-10-22 20:15:42,150] [INFO] [server.transmit] -> response(22): 0300001611d00001000100c0010ac1020100c2020102
[2021-10-22 20:15:42,151] [INFO] [server.transmit] -> request(25): 0300001902f08032010000000000080000f0000001000101e0
[2021-10-22 20:15:42,154] [INFO] [server.transmit] -> response(27): 0300001b02f080320300000000000800000000f0000001000101e0
[2021-10-22 20:15:42,155] [INFO] [server.transmit] -> request(33): 0300002102f080320700000000000800080001120411440100ff090004f96ef634
[2021-10-22 20:15:42,158] [INFO] [server.transmit] -> response(33): 0300002102f080320700000000000c000400011208128401000000d4020a000000
[2021-10-22 20:15:42,266] [INFO] [base._test_info] -> Current test: 58
[2021-10-22 20:15:42,266] [INFO] [server.transmit] -> request(22): 0300001611e00000000100c0010ac1020100c2020102
[2021-10-22 20:15:42,267] [INFO] [server.transmit] -> response(22): 0300001611d00001000100c0010ac1020100c2020102
[2021-10-22 20:15:42,267] [INFO] [server.transmit] -> request(25): 0300001902f08032010000000000080000f0000001000101e0
[2021-10-22 20:15:42,269] [INFO] [server.transmit] -> response(27): 0300001b02f080320300000000000800000000f0000001000101e0
[2021-10-22 20:15:42,269] [INFO] [server.transmit] -> request(33): 0300002102f080320700000000000800080001120411440100ff090004db3c1740
[2021-10-22 20:15:42,269] [INFO] [server.transmit] -> response(33): 0300002102f080320700000000000c000400011208128401000000d4020a000000
[2021-10-22 20:15:42,377] [INFO] [base._test_info] -> Current test: 59
[2021-10-22 20:15:42,378] [INFO] [server.transmit] -> request(22): 0300001611e00000000100c0010ac1020100c2020102
[2021-10-22 20:15:42,381] [INFO] [server.transmit] -> response(22): 0300001611d00001000100c0010ac1020100c2020102
[2021-10-22 20:15:42,382] [INFO] [server.transmit] -> request(25): 0300001902f08032010000000000080000f0000001000101e0
[2021-10-22 20:15:42,384] [INFO] [server.transmit] -> response(27): 0300001b02f080320300000000000800000000f0000001000101e0
[2021-10-22 20:15:42,384] [INFO] [server.transmit] -> request(33): 0300002102f080320700000000000800080001120411440100ff090004f6893d1b
[2021-10-22 20:15:42,385] [INFO] [server.transmit] -> response(33): 0300002102f080320700000000000c000400011208128401000000d4020a000000
[2021-10-22 20:15:42,492] [INFO] [base._test_info] -> Current test: 60
[2021-10-22 20:15:42,493] [INFO] [server.transmit] -> request(22): 0300001611e00000000100c0010ac1020100c2020102
[2021-10-22 20:15:42,496] [INFO] [server.transmit] -> response(22): 0300001611d00001000100c0010ac1020100c2020102
[2021-10-22 20:15:42,497] [INFO] [server.transmit] -> request(25): 0300001902f08032010000000000080000f0000001000101e0
[2021-10-22 20:15:42,502] [INFO] [server.transmit] -> response(27): 0300001b02f080320300000000000800000000f0000001000101e0
[2021-10-22 20:15:42,503] [INFO] [server.transmit] -> request(33): 0300002102f080320700000000000800080001120411440100ff090004d44e5968
[2021-10-22 20:15:42,505] [INFO] [server.transmit] -> response(33): 0300002102f080320700000000000c000400011208128401000000d4020a000000
[2021-10-22 20:15:42,611] [INFO] [base._test_info] -> Current test: 61
[2021-10-22 20:15:42,611] [INFO] [server.transmit] -> request(22): 0300001611e00000000100c0010ac1020100c2020102
[2021-10-22 20:15:42,612] [INFO] [server.transmit] -> response(22): 0300001611d00001000100c0010ac1020100c2020102
[2021-10-22 20:15:42,614] [INFO] [server.transmit] -> request(25): 0300001902f08032010000000000080000f0000001000101e0
[2021-10-22 20:15:42,615] [INFO] [server.transmit] -> response(27): 0300001b02f080320300000000000800000000f0000001000101e0
[2021-10-22 20:15:42,617] [INFO] [server.transmit] -> request(33): 0300002102f080320700000000000800080001120411440100ff09000472889b1f
[2021-10-22 20:15:42,618] [INFO] [server.transmit] -> response(33): 0300002102f080320700000000000c000400011208128401000000d4020a000000
[2021-10-22 20:15:42,727] [INFO] [base._test_info] -> Current test: 62
[2021-10-22 20:15:42,730] [INFO] [server.transmit] -> request(22): 0300001611e00000000100c0010ac1020100c2020102
[2021-10-22 20:15:42,736] [INFO] [server.transmit] -> response(22): 0300001611d00001000100c0010ac1020100c2020102
[2021-10-22 20:15:42,740] [INFO] [server.transmit] -> request(25): 0300001902f08032010000000000080000f0000001000101e0
[2021-10-22 20:15:42,743] [INFO] [server.transmit] -> response(27): 0300001b02f080320300000000000800000000f0000001000101e0
[2021-10-22 20:15:42,744] [INFO] [server.transmit] -> request(33): 0300002102f080320700000000000800080001120411440100ff0900042c945e24
[2021-10-22 20:15:42,746] [INFO] [server.transmit] -> response(33): 0300002102f080320700000000000c000400011208128401000000d4020a000000
[2021-10-22 20:15:42,852] [INFO] [base._test_info] -> Current test: 63
[2021-10-22 20:15:42,854] [INFO] [server.transmit] -> request(22): 0300001611e00000000100c0010ac1020100c2020102
[2021-10-22 20:15:42,855] [INFO] [server.transmit] -> response(22): 0300001611d00001000100c0010ac1020100c2020102
[2021-10-22 20:15:42,858] [INFO] [server.transmit] -> request(25): 0300001902f08032010000000000080000f0000001000101e0
[2021-10-22 20:15:42,861] [INFO] [server.transmit] -> response(27): 0300001b02f080320300000000000800000000f0000001000101e0
[2021-10-22 20:15:42,861] [INFO] [server.transmit] -> request(33): 0300002102f080320700000000000800080001120411440100ff090004f324c16e
[2021-10-22 20:15:42,865] [INFO] [server.transmit] -> response(33): 0300002102f080320700000000000c000400011208128401000000d4020a000000
[2021-10-22 20:15:42,970] [INFO] [base._test_info] -> Current test: 64
[2021-10-22 20:15:42,970] [INFO] [server.transmit] -> request(22): 0300001611e00000000100c0010ac1020100c2020102
[2021-10-22 20:15:42,971] [INFO] [server.transmit] -> response(22): 0300001611d00001000100c0010ac1020100c2020102
[2021-10-22 20:15:42,971] [INFO] [server.transmit] -> request(25): 0300001902f08032010000000000080000f0000001000101e0
[2021-10-22 20:15:42,973] [INFO] [server.transmit] -> response(27): 0300001b02f080320300000000000800000000f0000001000101e0
[2021-10-22 20:15:42,973] [INFO] [server.transmit] -> request(33): 0300002102f080320700000000000800080001120411440100ff090004b8945c29
[2021-10-22 20:15:42,974] [INFO] [server.transmit] -> response(33): 0300002102f080320700000000000c000400011208128401000000d4020a000000
[2021-10-22 20:15:43,082] [INFO] [base._test_info] -> Current test: 65
[2021-10-22 20:15:43,084] [INFO] [server.transmit] -> request(22): 0300001611e00000000100c0010ac1020100c2020102
[2021-10-22 20:15:43,085] [INFO] [server.transmit] -> response(22): 0300001611d00001000100c0010ac1020100c2020102
[2021-10-22 20:15:43,086] [INFO] [server.transmit] -> request(25): 0300001902f08032010000000000080000f0000001000101e0
[2021-10-22 20:15:43,088] [INFO] [server.transmit] -> response(27): 0300001b02f080320300000000000800000000f0000001000101e0
[2021-10-22 20:15:43,091] [INFO] [server.transmit] -> request(33): 0300002102f080320700000000000800080001120411440100ff090004108ad50b
[2021-10-22 20:15:43,095] [INFO] [server.transmit] -> response(33): 0300002102f080320700000000000c000400011208128401000000d4020a000000
[2021-10-22 20:15:43,206] [INFO] [base._test_info] -> Current test: 66
[2021-10-22 20:15:43,207] [INFO] [server.transmit] -> request(22): 0300001611e00000000100c0010ac1020100c2020102
[2021-10-22 20:15:43,210] [INFO] [server.transmit] -> response(22): 0300001611d00001000100c0010ac1020100c2020102
[2021-10-22 20:15:43,213] [INFO] [server.transmit] -> request(25): 0300001902f08032010000000000080000f0000001000101e0
[2021-10-22 20:15:43,217] [INFO] [server.transmit] -> response(27): 0300001b02f080320300000000000800000000f0000001000101e0
[2021-10-22 20:15:43,219] [INFO] [server.transmit] -> request(33): 0300002102f080320700000000000800080001120411440100ff090004fb3a2e53
[2021-10-22 20:15:43,221] [INFO] [server.transmit] -> response(33): 0300002102f080320700000000000c000400011208128401000000d4020a000000
[2021-10-22 20:15:43,329] [INFO] [base._test_info] -> Current test: 67
[2021-10-22 20:15:43,332] [INFO] [server.transmit] -> request(22): 0300001611e00000000100c0010ac1020100c2020102
[2021-10-22 20:15:43,335] [INFO] [server.transmit] -> response(22): 0300001611d00001000100c0010ac1020100c2020102
[2021-10-22 20:15:43,336] [INFO] [server.transmit] -> request(25): 0300001902f08032010000000000080000f0000001000101e0
[2021-10-22 20:15:43,339] [INFO] [server.transmit] -> response(27): 0300001b02f080320300000000000800000000f0000001000101e0
[2021-10-22 20:15:43,342] [INFO] [server.transmit] -> request(33): 0300002102f080320700000000000800080001120411440100ff090004fd3a8fe7
[2021-10-22 20:15:43,345] [INFO] [server.transmit] -> response(33): 0300002102f080320700000000000c000400011208128401000000d4020a000000
[2021-10-22 20:15:43,450] [INFO] [base._test_info] -> Current test: 68
[2021-10-22 20:15:43,450] [INFO] [server.transmit] -> request(22): 0300001611e00000000100c0010ac1020100c2020102
[2021-10-22 20:15:43,451] [INFO] [server.transmit] -> response(22): 0300001611d00001000100c0010ac1020100c2020102
[2021-10-22 20:15:43,451] [INFO] [server.transmit] -> request(25): 0300001902f08032010000000000080000f0000001000101e0
[2021-10-22 20:15:43,453] [INFO] [server.transmit] -> response(27): 0300001b02f080320300000000000800000000f0000001000101e0
[2021-10-22 20:15:43,453] [INFO] [server.transmit] -> request(33): 0300002102f080320700000000000800080001120411440100ff09000431964a7f
[2021-10-22 20:15:43,453] [INFO] [server.transmit] -> response(33): 0300002102f080320700000000000c000400011208128401000000d4020a000000
[2021-10-22 20:15:43,556] [INFO] [base._test_info] -> Current test: 69
[2021-10-22 20:15:43,558] [INFO] [server.transmit] -> request(22): 0300001611e00000000100c0010ac1020100c2020102
[2021-10-22 20:15:43,559] [INFO] [server.transmit] -> response(22): 0300001611d00001000100c0010ac1020100c2020102
[2021-10-22 20:15:43,559] [INFO] [server.transmit] -> request(25): 0300001902f08032010000000000080000f0000001000101e0
[2021-10-22 20:15:43,561] [INFO] [server.transmit] -> response(27): 0300001b02f080320300000000000800000000f0000001000101e0
[2021-10-22 20:15:43,562] [INFO] [server.transmit] -> request(33): 0300002102f080320700000000000800080001120411440100ff09000466f86e5e
[2021-10-22 20:15:43,563] [INFO] [server.transmit] -> response(33): 0300002102f080320700000000000c000400011208128401000000d4020a000000
[2021-10-22 20:15:43,667] [INFO] [base._test_info] -> Current test: 70
[2021-10-22 20:15:43,668] [INFO] [server.transmit] -> request(22): 0300001611e00000000100c0010ac1020100c2020102
[2021-10-22 20:15:43,670] [INFO] [server.transmit] -> response(22): 0300001611d00001000100c0010ac1020100c2020102
[2021-10-22 20:15:43,670] [INFO] [server.transmit] -> request(25): 0300001902f08032010000000000080000f0000001000101e0
[2021-10-22 20:15:43,671] [INFO] [server.transmit] -> response(27): 0300001b02f080320300000000000800000000f0000001000101e0
[2021-10-22 20:15:43,671] [INFO] [server.transmit] -> request(33): 0300002102f080320700000000000800080001120411440100ff0900044d90fa3e
[2021-10-22 20:15:43,671] [INFO] [server.transmit] -> response(33): 0300002102f080320700000000000c000400011208128401000000d4020a000000
[2021-10-22 20:15:43,780] [INFO] [base._test_info] -> Current test: 71
[2021-10-22 20:15:43,782] [INFO] [server.transmit] -> request(22): 0300001611e00000000100c0010ac1020100c2020102
[2021-10-22 20:15:43,783] [INFO] [server.transmit] -> response(22): 0300001611d00001000100c0010ac1020100c2020102
[2021-10-22 20:15:43,786] [INFO] [server.transmit] -> request(25): 0300001902f08032010000000000080000f0000001000101e0
[2021-10-22 20:15:43,786] [INFO] [server.transmit] -> response(27): 0300001b02f080320300000000000800000000f0000001000101e0
[2021-10-22 20:15:43,788] [INFO] [server.transmit] -> request(33): 0300002102f080320700000000000800080001120411440100ff09000466d731a5
[2021-10-22 20:15:43,789] [INFO] [server.transmit] -> response(33): 0300002102f080320700000000000c000400011208128401000000d4020a000000
[2021-10-22 20:15:43,895] [INFO] [base._test_info] -> Current test: 72
[2021-10-22 20:15:43,897] [INFO] [server.transmit] -> request(22): 0300001611e00000000100c0010ac1020100c2020102
[2021-10-22 20:15:43,898] [INFO] [server.transmit] -> response(22): 0300001611d00001000100c0010ac1020100c2020102
[2021-10-22 20:15:43,898] [INFO] [server.transmit] -> request(25): 0300001902f08032010000000000080000f0000001000101e0
[2021-10-22 20:15:43,900] [INFO] [server.transmit] -> response(27): 0300001b02f080320300000000000800000000f0000001000101e0
[2021-10-22 20:15:43,900] [INFO] [server.transmit] -> request(33): 0300002102f080320700000000000800080001120411440100ff0900049b941167
[2021-10-22 20:15:43,901] [INFO] [server.transmit] -> response(33): 0300002102f080320700000000000c000400011208128401000000d4020a000000
[2021-10-22 20:15:44,005] [INFO] [base._test_info] -> Current test: 73
[2021-10-22 20:15:44,006] [INFO] [server.transmit] -> request(22): 0300001611e00000000100c0010ac1020100c2020102
[2021-10-22 20:15:44,006] [INFO] [server.transmit] -> response(22): 0300001611d00001000100c0010ac1020100c2020102
[2021-10-22 20:15:44,007] [INFO] [server.transmit] -> request(25): 0300001902f08032010000000000080000f0000001000101e0
[2021-10-22 20:15:44,009] [INFO] [server.transmit] -> response(27): 0300001b02f080320300000000000800000000f0000001000101e0
[2021-10-22 20:15:44,009] [INFO] [server.transmit] -> request(33): 0300002102f080320700000000000800080001120411440100ff0900048f956d4c
[2021-10-22 20:15:44,013] [INFO] [server.transmit] -> response(33): 0300002102f080320700000000000c000400011208128401000000d4020a000000
[2021-10-22 20:15:44,121] [INFO] [base._test_info] -> Current test: 74
[2021-10-22 20:15:44,124] [INFO] [server.transmit] -> request(22): 0300001611e00000000100c0010ac1020100c2020102
[2021-10-22 20:15:44,127] [INFO] [server.transmit] -> response(22): 0300001611d00001000100c0010ac1020100c2020102
[2021-10-22 20:15:44,130] [INFO] [server.transmit] -> request(25): 0300001902f08032010000000000080000f0000001000101e0
[2021-10-22 20:15:44,131] [INFO] [server.transmit] -> response(27): 0300001b02f080320300000000000800000000f0000001000101e0
[2021-10-22 20:15:44,134] [INFO] [server.transmit] -> request(33): 0300002102f080320700000000000800080001120411440100ff090004bde018e2
[2021-10-22 20:15:44,135] [INFO] [server.transmit] -> response(33): 0300002102f080320700000000000c000400011208128401000000d4020a000000
[2021-10-22 20:15:44,240] [INFO] [base._test_info] -> Current test: 75
[2021-10-22 20:15:44,242] [INFO] [server.transmit] -> request(22): 0300001611e00000000100c0010ac1020100c2020102
[2021-10-22 20:15:44,244] [INFO] [server.transmit] -> response(22): 0300001611d00001000100c0010ac1020100c2020102
[2021-10-22 20:15:44,246] [INFO] [server.transmit] -> request(25): 0300001902f08032010000000000080000f0000001000101e0
[2021-10-22 20:15:44,247] [INFO] [server.transmit] -> response(27): 0300001b02f080320300000000000800000000f0000001000101e0
[2021-10-22 20:15:44,249] [INFO] [server.transmit] -> request(33): 0300002102f080320700000000000800080001120411440100ff0900048c0934c3
[2021-10-22 20:15:44,250] [INFO] [server.transmit] -> response(33): 0300002102f080320700000000000c000400011208128401000000d4020a000000
[2021-10-22 20:15:44,354] [INFO] [base._test_info] -> Current test: 76
[2021-10-22 20:15:44,355] [INFO] [server.transmit] -> request(22): 0300001611e00000000100c0010ac1020100c2020102
[2021-10-22 20:15:44,355] [INFO] [server.transmit] -> response(22): 0300001611d00001000100c0010ac1020100c2020102
[2021-10-22 20:15:44,355] [INFO] [server.transmit] -> request(25): 0300001902f08032010000000000080000f0000001000101e0
[2021-10-22 20:15:44,357] [INFO] [server.transmit] -> response(27): 0300001b02f080320300000000000800000000f0000001000101e0
[2021-10-22 20:15:44,357] [INFO] [server.transmit] -> request(33): 0300002102f080320700000000000800080001120411440100ff0900043ebdf7f0
[2021-10-22 20:15:44,358] [INFO] [server.transmit] -> response(33): 0300002102f080320700000000000c000400011208128401000000d4020a000000
[2021-10-22 20:15:44,464] [INFO] [base._test_info] -> Current test: 77
[2021-10-22 20:15:44,467] [INFO] [server.transmit] -> request(22): 0300001611e00000000100c0010ac1020100c2020102
[2021-10-22 20:15:44,469] [INFO] [server.transmit] -> response(22): 0300001611d00001000100c0010ac1020100c2020102
[2021-10-22 20:15:44,470] [INFO] [server.transmit] -> request(25): 0300001902f08032010000000000080000f0000001000101e0
[2021-10-22 20:15:44,473] [INFO] [server.transmit] -> response(27): 0300001b02f080320300000000000800000000f0000001000101e0
[2021-10-22 20:15:44,473] [INFO] [server.transmit] -> request(33): 0300002102f080320700000000000800080001120411440100ff090004e8916263
[2021-10-22 20:15:44,476] [INFO] [server.transmit] -> response(33): 0300002102f080320700000000000c000400011208128401000000d4020a000000
