[2021-09-08 20:55:55,761] [INFO] [base._load_session] -> No session loaded
[2021-09-08 20:55:55,763] [INFO] [base._start_message] -> 
                 --------------------------------------------------
                 Starting fuzzing session
                 Target: ClientTarget
                 UI: WebInterface listening on 127.0.0.1:26000
                 Log: ./kittylogs/kitty_20210908-205555.log

                 Total possible mutation count: 91
                 --------------------------------------------------
                                 Happy hacking
                 --------------------------------------------------
            
[2021-09-08 20:55:55,764] [INFO] [base.start] -> Performing environment test
[2021-09-08 20:55:55,765] [INFO] [base._test_info] -> Current test: 0
[2021-09-08 20:55:58,776] [ERROR] [client.trigger] -> Failure: trigger timed out
[2021-09-08 20:55:58,776] [WARNING] [base.post_test] -> Test 0 status: error
[2021-09-08 20:55:58,776] [WARNING] [base.post_test] -> Reason: trigger timed out
[2021-09-08 20:55:58,785] [WARNING] [base._post_test] -> !! Failure detected !!
[2021-09-08 20:55:58,787] [INFO] [base._test_info] -> Current test: 1
[2021-09-08 20:56:01,788] [ERROR] [client.trigger] -> Failure: trigger timed out
[2021-09-08 20:56:01,788] [WARNING] [base.post_test] -> Test 1 status: error
[2021-09-08 20:56:01,789] [WARNING] [base.post_test] -> Reason: trigger timed out
[2021-09-08 20:56:01,794] [WARNING] [base._post_test] -> !! Failure detected !!
[2021-09-08 20:56:01,796] [INFO] [base._test_info] -> Current test: 2
[2021-09-08 20:56:04,797] [ERROR] [client.trigger] -> Failure: trigger timed out
[2021-09-08 20:56:04,798] [WARNING] [base.post_test] -> Test 2 status: error
[2021-09-08 20:56:04,799] [WARNING] [base.post_test] -> Reason: trigger timed out
[2021-09-08 20:56:04,803] [WARNING] [base._post_test] -> !! Failure detected !!
[2021-09-08 20:56:04,805] [INFO] [base._test_info] -> Current test: 3
[2021-09-08 20:56:07,807] [ERROR] [client.trigger] -> Failure: trigger timed out
[2021-09-08 20:56:07,807] [WARNING] [base.post_test] -> Test 3 status: error
[2021-09-08 20:56:07,808] [WARNING] [base.post_test] -> Reason: trigger timed out
[2021-09-08 20:56:07,814] [WARNING] [base._post_test] -> !! Failure detected !!
[2021-09-08 20:56:07,818] [INFO] [base._test_info] -> Current test: 4
[2021-09-08 20:56:10,831] [ERROR] [client.trigger] -> Failure: trigger timed out
[2021-09-08 20:56:10,831] [WARNING] [base.post_test] -> Test 4 status: error
[2021-09-08 20:56:10,831] [WARNING] [base.post_test] -> Reason: trigger timed out
[2021-09-08 20:56:10,839] [WARNING] [base._post_test] -> !! Failure detected !!
[2021-09-08 20:56:10,844] [INFO] [base._test_info] -> Current test: 5
