[2021-10-22 19:46:38,739] [INFO] [base._load_session] -> No session loaded
[2021-10-22 19:46:38,746] [INFO] [base._start_message] -> 
                 --------------------------------------------------
                 Starting fuzzing session
                 Target: TcpTarget
                 UI: WebInterface listening on 127.0.0.1:26001
                 Log: ./kittylogs/kitty_20211022-194636.log

                 Total possible mutation count: 1000
                 --------------------------------------------------
                                 Happy hacking
                 --------------------------------------------------
            
[2021-10-22 19:46:38,747] [INFO] [base.start] -> Performing environment test
[2021-10-22 19:46:38,757] [INFO] [base._test_info] -> Current test: -1
[2021-10-22 19:46:38,759] [INFO] [server.transmit] -> request(22): 0300001611e00000000100c0010ac1020100c2020200
[2021-10-22 19:46:38,763] [INFO] [server.transmit] -> response(22): 0300001611d00001000d00c0010ac1020100c2020200
[2021-10-22 19:46:38,765] [INFO] [server._start] -> should keep running? True
[2021-10-22 19:46:38,785] [INFO] [base._test_info] -> Current test: 0
[2021-10-22 19:46:38,786] [INFO] [server.transmit] -> request(22): 0300001611e00000000100c0010ac1020100c2020200
[2021-10-22 19:46:38,803] [INFO] [server.transmit] -> response(22): 0300001611d00001001100c0010ac1020100c2020200
[2021-10-22 19:46:38,805] [INFO] [server.transmit] -> request(25): 0300001902f08032010000000000080000f0000001000101e0
[2021-10-22 19:46:38,871] [INFO] [server.transmit] -> response(27): 0300001b02f080320300000000000800000000f0000001000100f0
[2021-10-22 19:46:38,874] [INFO] [server.transmit] -> request(33): 0300002102f080320700000000000800080001120411440100ff090004ded419b6
[2021-10-22 19:46:38,894] [INFO] [server.transmit] -> response(33): 0300002102f080320700000000000c000400011208128401010000d4010a000000
[2021-10-22 19:46:39,010] [INFO] [base._test_info] -> Current test: 1
[2021-10-22 19:46:39,012] [INFO] [server.transmit] -> request(22): 0300001611e00000000100c0010ac1020100c2020200
[2021-10-22 19:46:39,019] [INFO] [server.transmit] -> response(22): 0300001611d00001001200c0010ac1020100c2020200
[2021-10-22 19:46:39,019] [INFO] [server.transmit] -> request(25): 0300001902f08032010000000000080000f0000001000101e0
[2021-10-22 19:46:39,063] [INFO] [server.transmit] -> response(27): 0300001b02f080320300000000000800000000f0000001000100f0
[2021-10-22 19:46:39,065] [INFO] [server.transmit] -> request(33): 0300002102f080320700000000000800080001120411440100ff090004fb6eb620
[2021-10-22 19:46:39,072] [INFO] [server.transmit] -> response(33): 0300002102f080320700000000000c000400011208128401010000d4010a000000
[2021-10-22 19:46:39,184] [INFO] [base._test_info] -> Current test: 2
[2021-10-22 19:46:39,184] [INFO] [server.transmit] -> request(22): 0300001611e00000000100c0010ac1020100c2020200
[2021-10-22 19:46:39,190] [INFO] [server.transmit] -> response(22): 0300001611d00001000d00c0010ac1020100c2020200
[2021-10-22 19:46:39,191] [INFO] [server.transmit] -> request(25): 0300001902f08032010000000000080000f0000001000101e0
[2021-10-22 19:46:39,240] [INFO] [server.transmit] -> response(27): 0300001b02f080320300000000000800000000f0000001000100f0
[2021-10-22 19:46:39,242] [INFO] [server.transmit] -> request(33): 0300002102f080320700000000000800080001120411440100ff090004bc1ad7db
[2021-10-22 19:46:39,249] [INFO] [server.transmit] -> response(33): 0300002102f080320700000000000c000400011208128401010000d4010a000000
[2021-10-22 19:46:39,375] [INFO] [base._test_info] -> Current test: 3
[2021-10-22 19:46:39,377] [INFO] [server.transmit] -> request(22): 0300001611e00000000100c0010ac1020100c2020200
[2021-10-22 19:46:39,382] [INFO] [server.transmit] -> response(22): 0300001611d00001001100c0010ac1020100c2020200
[2021-10-22 19:46:39,384] [INFO] [server.transmit] -> request(25): 0300001902f08032010000000000080000f0000001000101e0
[2021-10-22 19:46:39,433] [INFO] [server.transmit] -> response(27): 0300001b02f080320300000000000800000000f0000001000100f0
[2021-10-22 19:46:39,434] [INFO] [server.transmit] -> request(33): 0300002102f080320700000000000800080001120411440100ff090004c51c1503
[2021-10-22 19:46:39,443] [INFO] [server.transmit] -> response(33): 0300002102f080320700000000000c000400011208128401010000d4010a000000
[2021-10-22 19:46:39,553] [INFO] [base._test_info] -> Current test: 4
[2021-10-22 19:46:39,555] [INFO] [server.transmit] -> request(22): 0300001611e00000000100c0010ac1020100c2020200
[2021-10-22 19:46:39,559] [INFO] [server.transmit] -> response(22): 0300001611d00001000d00c0010ac1020100c2020200
[2021-10-22 19:46:39,561] [INFO] [server.transmit] -> request(25): 0300001902f08032010000000000080000f0000001000101e0
[2021-10-22 19:46:39,608] [INFO] [server.transmit] -> response(27): 0300001b02f080320300000000000800000000f0000001000100f0
[2021-10-22 19:46:39,612] [INFO] [server.transmit] -> request(33): 0300002102f080320700000000000800080001120411440100ff0900042284ea35
[2021-10-22 19:46:39,622] [INFO] [server.transmit] -> response(33): 0300002102f080320700000000000c000400011208128401010000d4010a000000
[2021-10-22 19:46:39,740] [INFO] [base._test_info] -> Current test: 5
[2021-10-22 19:46:39,742] [INFO] [server.transmit] -> request(22): 0300001611e00000000100c0010ac1020100c2020200
[2021-10-22 19:46:39,746] [INFO] [server.transmit] -> response(22): 0300001611d00001001100c0010ac1020100c2020200
[2021-10-22 19:46:39,746] [INFO] [server.transmit] -> request(25): 0300001902f08032010000000000080000f0000001000101e0
[2021-10-22 19:46:39,796] [INFO] [server.transmit] -> response(27): 0300001b02f080320300000000000800000000f0000001000100f0
[2021-10-22 19:46:39,798] [INFO] [server.transmit] -> request(33): 0300002102f080320700000000000800080001120411440100ff090004ae8a8fcb
[2021-10-22 19:46:39,806] [INFO] [server.transmit] -> response(33): 0300002102f080320700000000000c000400011208128401010000d4010a000000
[2021-10-22 19:46:39,928] [INFO] [base._test_info] -> Current test: 6
[2021-10-22 19:46:39,930] [INFO] [server.transmit] -> request(22): 0300001611e00000000100c0010ac1020100c2020200
[2021-10-22 19:46:39,936] [INFO] [server.transmit] -> response(22): 0300001611d00001000d00c0010ac1020100c2020200
[2021-10-22 19:46:39,937] [INFO] [server.transmit] -> request(25): 0300001902f08032010000000000080000f0000001000101e0
[2021-10-22 19:46:39,983] [INFO] [server.transmit] -> response(27): 0300001b02f080320300000000000800000000f0000001000100f0
[2021-10-22 19:46:39,986] [INFO] [server.transmit] -> request(33): 0300002102f080320700000000000800080001120411440100ff0900043f3be62a
[2021-10-22 19:46:39,994] [INFO] [server.transmit] -> response(33): 0300002102f080320700000000000c000400011208128401010000d4010a000000
[2021-10-22 19:46:40,112] [INFO] [base._test_info] -> Current test: 7
[2021-10-22 19:46:40,115] [INFO] [server.transmit] -> request(22): 0300001611e00000000100c0010ac1020100c2020200
[2021-10-22 19:46:40,117] [INFO] [server.transmit] -> response(22): 0300001611d00001001100c0010ac1020100c2020200
[2021-10-22 19:46:40,119] [INFO] [server.transmit] -> request(25): 0300001902f08032010000000000080000f0000001000101e0
[2021-10-22 19:46:40,167] [INFO] [server.transmit] -> response(27): 0300001b02f080320300000000000800000000f0000001000100f0
[2021-10-22 19:46:40,171] [INFO] [server.transmit] -> request(33): 0300002102f080320700000000000800080001120411440100ff090004cc436d1c
[2021-10-22 19:46:40,177] [INFO] [server.transmit] -> response(33): 0300002102f080320700000000000c000400011208128401010000d4010a000000
[2021-10-22 19:46:40,293] [INFO] [base._test_info] -> Current test: 8
[2021-10-22 19:46:40,296] [INFO] [server.transmit] -> request(22): 0300001611e00000000100c0010ac1020100c2020200
[2021-10-22 19:46:40,302] [INFO] [server.transmit] -> response(22): 0300001611d00001000d00c0010ac1020100c2020200
[2021-10-22 19:46:40,305] [INFO] [server.transmit] -> request(25): 0300001902f08032010000000000080000f0000001000101e0
[2021-10-22 19:46:40,348] [INFO] [server.transmit] -> response(27): 0300001b02f080320300000000000800000000f0000001000100f0
[2021-10-22 19:46:40,351] [INFO] [server.transmit] -> request(33): 0300002102f080320700000000000800080001120411440100ff0900042ffe36dd
[2021-10-22 19:46:40,361] [INFO] [server.transmit] -> response(33): 0300002102f080320700000000000c000400011208128401010000d4010a000000
[2021-10-22 19:46:40,474] [INFO] [base._test_info] -> Current test: 9
[2021-10-22 19:46:40,477] [INFO] [server.transmit] -> request(22): 0300001611e00000000100c0010ac1020100c2020200
[2021-10-22 19:46:40,480] [INFO] [server.transmit] -> response(22): 0300001611d00001001100c0010ac1020100c2020200
[2021-10-22 19:46:40,483] [INFO] [server.transmit] -> request(25): 0300001902f08032010000000000080000f0000001000101e0
[2021-10-22 19:46:40,532] [INFO] [server.transmit] -> response(27): 0300001b02f080320300000000000800000000f0000001000100f0
[2021-10-22 19:46:40,535] [INFO] [server.transmit] -> request(33): 0300002102f080320700000000000800080001120411440100ff090004690c840c
[2021-10-22 19:46:40,543] [INFO] [server.transmit] -> response(33): 0300002102f080320700000000000c000400011208128401010000d4010a000000
[2021-10-22 19:46:40,660] [INFO] [base._test_info] -> Current test: 10
[2021-10-22 19:46:40,661] [INFO] [server.transmit] -> request(22): 0300001611e00000000100c0010ac1020100c2020200
[2021-10-22 19:46:40,664] [INFO] [server.transmit] -> response(22): 0300001611d00001000d00c0010ac1020100c2020200
[2021-10-22 19:46:40,667] [INFO] [server.transmit] -> request(25): 0300001902f08032010000000000080000f0000001000101e0
[2021-10-22 19:46:40,726] [INFO] [server.transmit] -> response(27): 0300001b02f080320300000000000800000000f0000001000100f0
[2021-10-22 19:46:40,742] [INFO] [server.transmit] -> request(33): 0300002102f080320700000000000800080001120411440100ff090004c451cb70
[2021-10-22 19:46:40,747] [INFO] [server.transmit] -> response(33): 0300002102f080320700000000000c000400011208128401010000d4010a000000
[2021-10-22 19:46:40,861] [INFO] [base._test_info] -> Current test: 11
[2021-10-22 19:46:40,862] [INFO] [server.transmit] -> request(22): 0300001611e00000000100c0010ac1020100c2020200
[2021-10-22 19:46:40,865] [INFO] [server.transmit] -> response(22): 0300001611d00001001100c0010ac1020100c2020200
[2021-10-22 19:46:40,865] [INFO] [server.transmit] -> request(25): 0300001902f08032010000000000080000f0000001000101e0
[2021-10-22 19:46:40,915] [INFO] [server.transmit] -> response(27): 0300001b02f080320300000000000800000000f0000001000100f0
[2021-10-22 19:46:40,917] [INFO] [server.transmit] -> request(33): 0300002102f080320700000000000800080001120411440100ff09000413f1e362
[2021-10-22 19:46:40,926] [INFO] [server.transmit] -> response(33): 0300002102f080320700000000000c000400011208128401010000d4010a000000
[2021-10-22 19:46:41,040] [INFO] [base._test_info] -> Current test: 12
[2021-10-22 19:46:41,042] [INFO] [server.transmit] -> request(22): 0300001611e00000000100c0010ac1020100c2020200
[2021-10-22 19:46:41,046] [INFO] [server.transmit] -> response(22): 0300001611d00001000d00c0010ac1020100c2020200
[2021-10-22 19:46:41,048] [INFO] [server.transmit] -> request(25): 0300001902f08032010000000000080000f0000001000101e0
[2021-10-22 19:46:41,096] [INFO] [server.transmit] -> response(27): 0300001b02f080320300000000000800000000f0000001000100f0
[2021-10-22 19:46:41,098] [INFO] [server.transmit] -> request(33): 0300002102f080320700000000000800080001120411440100ff0900048d85a61a
[2021-10-22 19:46:41,107] [INFO] [server.transmit] -> response(33): 0300002102f080320700000000000c000400011208128401010000d4010a000000
[2021-10-22 19:46:41,226] [INFO] [base._test_info] -> Current test: 13
[2021-10-22 19:46:41,227] [INFO] [server.transmit] -> request(22): 0300001611e00000000100c0010ac1020100c2020200
[2021-10-22 19:46:41,233] [INFO] [server.transmit] -> response(22): 0300001611d00001001100c0010ac1020100c2020200
[2021-10-22 19:46:41,236] [INFO] [server.transmit] -> request(25): 0300001902f08032010000000000080000f0000001000101e0
[2021-10-22 19:46:41,280] [INFO] [server.transmit] -> response(27): 0300001b02f080320300000000000800000000f0000001000100f0
[2021-10-22 19:46:41,282] [INFO] [server.transmit] -> request(33): 0300002102f080320700000000000800080001120411440100ff0900045fbf2622
[2021-10-22 19:46:41,292] [INFO] [server.transmit] -> response(33): 0300002102f080320700000000000c000400011208128401010000d4010a000000
[2021-10-22 19:46:41,414] [INFO] [base._test_info] -> Current test: 14
[2021-10-22 19:46:41,414] [INFO] [server.transmit] -> request(22): 0300001611e00000000100c0010ac1020100c2020200
[2021-10-22 19:46:41,421] [INFO] [server.transmit] -> response(22): 0300001611d00001000d00c0010ac1020100c2020200
[2021-10-22 19:46:41,421] [INFO] [server.transmit] -> request(25): 0300001902f08032010000000000080000f0000001000101e0
[2021-10-22 19:46:41,467] [INFO] [server.transmit] -> response(27): 0300001b02f080320300000000000800000000f0000001000100f0
[2021-10-22 19:46:41,470] [INFO] [server.transmit] -> request(33): 0300002102f080320700000000000800080001120411440100ff090004e5025623
[2021-10-22 19:46:41,477] [INFO] [server.transmit] -> response(33): 0300002102f080320700000000000c000400011208128401010000d4010a000000
[2021-10-22 19:46:41,595] [INFO] [base._test_info] -> Current test: 15
[2021-10-22 19:46:41,598] [INFO] [server.transmit] -> request(22): 0300001611e00000000100c0010ac1020100c2020200
[2021-10-22 19:46:41,601] [INFO] [server.transmit] -> response(22): 0300001611d00001001100c0010ac1020100c2020200
[2021-10-22 19:46:41,602] [INFO] [server.transmit] -> request(25): 0300001902f08032010000000000080000f0000001000101e0
[2021-10-22 19:46:41,650] [INFO] [server.transmit] -> response(27): 0300001b02f080320300000000000800000000f0000001000100f0
[2021-10-22 19:46:41,651] [INFO] [server.transmit] -> request(33): 0300002102f080320700000000000800080001120411440100ff0900042875d14c
[2021-10-22 19:46:41,660] [INFO] [server.transmit] -> response(33): 0300002102f080320700000000000c000400011208128401010000d4010a000000
[2021-10-22 19:46:41,778] [INFO] [base._test_info] -> Current test: 16
[2021-10-22 19:46:41,779] [INFO] [server.transmit] -> request(22): 0300001611e00000000100c0010ac1020100c2020200
[2021-10-22 19:46:41,783] [INFO] [server.transmit] -> response(22): 0300001611d00001000d00c0010ac1020100c2020200
[2021-10-22 19:46:41,785] [INFO] [server.transmit] -> request(25): 0300001902f08032010000000000080000f0000001000101e0
[2021-10-22 19:46:41,835] [INFO] [server.transmit] -> response(27): 0300001b02f080320300000000000800000000f0000001000100f0
[2021-10-22 19:46:41,838] [INFO] [server.transmit] -> request(33): 0300002102f080320700000000000800080001120411440100ff0900041d8a652a
[2021-10-22 19:46:41,845] [INFO] [server.transmit] -> response(33): 0300002102f080320700000000000c000400011208128401010000d4010a000000
[2021-10-22 19:46:41,963] [INFO] [base._test_info] -> Current test: 17
[2021-10-22 19:46:41,964] [INFO] [server.transmit] -> request(22): 0300001611e00000000100c0010ac1020100c2020200
[2021-10-22 19:46:41,970] [INFO] [server.transmit] -> response(22): 0300001611d00001001100c0010ac1020100c2020200
[2021-10-22 19:46:41,971] [INFO] [server.transmit] -> request(25): 0300001902f08032010000000000080000f0000001000101e0
[2021-10-22 19:46:42,019] [INFO] [server.transmit] -> response(27): 0300001b02f080320300000000000800000000f0000001000100f0
[2021-10-22 19:46:42,022] [INFO] [server.transmit] -> request(33): 0300002102f080320700000000000800080001120411440100ff09000456007822
[2021-10-22 19:46:42,029] [INFO] [server.transmit] -> response(33): 0300002102f080320700000000000c000400011208128401010000d4010a000000
[2021-10-22 19:46:42,150] [INFO] [base._test_info] -> Current test: 18
[2021-10-22 19:46:42,151] [INFO] [server.transmit] -> request(22): 0300001611e00000000100c0010ac1020100c2020200
[2021-10-22 19:46:42,154] [INFO] [server.transmit] -> response(22): 0300001611d00001000d00c0010ac1020100c2020200
[2021-10-22 19:46:42,155] [INFO] [server.transmit] -> request(25): 0300001902f08032010000000000080000f0000001000101e0
[2021-10-22 19:46:42,207] [INFO] [server.transmit] -> response(27): 0300001b02f080320300000000000800000000f0000001000100f0
[2021-10-22 19:46:42,210] [INFO] [server.transmit] -> request(33): 0300002102f080320700000000000800080001120411440100ff0900046ee5e4f7
[2021-10-22 19:46:42,217] [INFO] [server.transmit] -> response(33): 0300002102f080320700000000000c000400011208128401010000d4010a000000
[2021-10-22 19:46:42,336] [INFO] [base._test_info] -> Current test: 19
[2021-10-22 19:46:42,338] [INFO] [server.transmit] -> request(22): 0300001611e00000000100c0010ac1020100c2020200
[2021-10-22 19:46:42,344] [INFO] [server.transmit] -> response(22): 0300001611d00001001100c0010ac1020100c2020200
[2021-10-22 19:46:42,345] [INFO] [server.transmit] -> request(25): 0300001902f08032010000000000080000f0000001000101e0
[2021-10-22 19:46:42,391] [INFO] [server.transmit] -> response(27): 0300001b02f080320300000000000800000000f0000001000100f0
[2021-10-22 19:46:42,394] [INFO] [server.transmit] -> request(33): 0300002102f080320700000000000800080001120411440100ff090004211d4765
[2021-10-22 19:46:42,405] [INFO] [server.transmit] -> response(33): 0300002102f080320700000000000c000400011208128401010000d4010a000000
[2021-10-22 19:46:42,523] [INFO] [base._test_info] -> Current test: 20
[2021-10-22 19:46:42,525] [INFO] [server.transmit] -> request(22): 0300001611e00000000100c0010ac1020100c2020200
[2021-10-22 19:46:42,529] [INFO] [server.transmit] -> response(22): 0300001611d00001000d00c0010ac1020100c2020200
[2021-10-22 19:46:42,530] [INFO] [server.transmit] -> request(25): 0300001902f08032010000000000080000f0000001000101e0
[2021-10-22 19:46:42,578] [INFO] [server.transmit] -> response(27): 0300001b02f080320300000000000800000000f0000001000100f0
[2021-10-22 19:46:42,581] [INFO] [server.transmit] -> request(33): 0300002102f080320700000000000800080001120411440100ff090004351f5762
[2021-10-22 19:46:42,586] [INFO] [server.transmit] -> response(33): 0300002102f080320700000000000c000400011208128401010000d4010a000000
[2021-10-22 19:46:42,700] [INFO] [base._test_info] -> Current test: 21
[2021-10-22 19:46:42,701] [INFO] [server.transmit] -> request(22): 0300001611e00000000100c0010ac1020100c2020200
[2021-10-22 19:46:42,710] [INFO] [server.transmit] -> response(22): 0300001611d00001001100c0010ac1020100c2020200
[2021-10-22 19:46:42,710] [INFO] [server.transmit] -> request(25): 0300001902f08032010000000000080000f0000001000101e0
[2021-10-22 19:46:42,755] [INFO] [server.transmit] -> response(27): 0300001b02f080320300000000000800000000f0000001000100f0
[2021-10-22 19:46:42,757] [INFO] [server.transmit] -> request(33): 0300002102f080320700000000000800080001120411440100ff090004f19a8927
[2021-10-22 19:46:42,766] [INFO] [server.transmit] -> response(33): 0300002102f080320700000000000c000400011208128401010000d4010a000000
[2021-10-22 19:46:42,884] [INFO] [base._test_info] -> Current test: 22
[2021-10-22 19:46:42,884] [INFO] [server.transmit] -> request(22): 0300001611e00000000100c0010ac1020100c2020200
[2021-10-22 19:46:42,890] [INFO] [server.transmit] -> response(22): 0300001611d00001000d00c0010ac1020100c2020200
[2021-10-22 19:46:42,891] [INFO] [server.transmit] -> request(25): 0300001902f08032010000000000080000f0000001000101e0
[2021-10-22 19:46:42,941] [INFO] [server.transmit] -> response(27): 0300001b02f080320300000000000800000000f0000001000100f0
[2021-10-22 19:46:42,943] [INFO] [server.transmit] -> request(33): 0300002102f080320700000000000800080001120411440100ff09000422dafe5b
[2021-10-22 19:46:42,950] [INFO] [server.transmit] -> response(33): 0300002102f080320700000000000c000400011208128401010000d4010a000000
[2021-10-22 19:46:43,055] [INFO] [base._test_info] -> Current test: 23
[2021-10-22 19:46:43,056] [INFO] [server.transmit] -> request(22): 0300001611e00000000100c0010ac1020100c2020200
[2021-10-22 19:46:43,061] [INFO] [server.transmit] -> response(22): 0300001611d00001001100c0010ac1020100c2020200
[2021-10-22 19:46:43,062] [INFO] [server.transmit] -> request(25): 0300001902f08032010000000000080000f0000001000101e0
[2021-10-22 19:46:43,112] [INFO] [server.transmit] -> response(27): 0300001b02f080320300000000000800000000f0000001000100f0
[2021-10-22 19:46:43,115] [INFO] [server.transmit] -> request(33): 0300002102f080320700000000000800080001120411440100ff0900046ccfb62c
[2021-10-22 19:46:43,125] [INFO] [server.transmit] -> response(33): 0300002102f080320700000000000c000400011208128401010000d4010a000000
[2021-10-22 19:46:43,246] [INFO] [base._test_info] -> Current test: 24
[2021-10-22 19:46:43,249] [INFO] [server.transmit] -> request(22): 0300001611e00000000100c0010ac1020100c2020200
[2021-10-22 19:46:43,253] [INFO] [server.transmit] -> response(22): 0300001611d00001000d00c0010ac1020100c2020200
[2021-10-22 19:46:43,255] [INFO] [server.transmit] -> request(25): 0300001902f08032010000000000080000f0000001000101e0
[2021-10-22 19:46:43,302] [INFO] [server.transmit] -> response(27): 0300001b02f080320300000000000800000000f0000001000100f0
[2021-10-22 19:46:43,303] [INFO] [server.transmit] -> request(33): 0300002102f080320700000000000800080001120411440100ff09000409a5e46f
[2021-10-22 19:46:43,312] [INFO] [server.transmit] -> response(33): 0300002102f080320700000000000c000400011208128401010000d4010a000000
[2021-10-22 19:46:43,424] [INFO] [base._test_info] -> Current test: 25
[2021-10-22 19:46:43,424] [INFO] [server.transmit] -> request(22): 0300001611e00000000100c0010ac1020100c2020200
[2021-10-22 19:46:43,428] [INFO] [server.transmit] -> response(22): 0300001611d00001001100c0010ac1020100c2020200
[2021-10-22 19:46:43,430] [INFO] [server.transmit] -> request(25): 0300001902f08032010000000000080000f0000001000101e0
[2021-10-22 19:46:43,476] [INFO] [server.transmit] -> response(27): 0300001b02f080320300000000000800000000f0000001000100f0
[2021-10-22 19:46:43,477] [INFO] [server.transmit] -> request(33): 0300002102f080320700000000000800080001120411440100ff090004bd69961d
[2021-10-22 19:46:43,487] [INFO] [server.transmit] -> response(33): 0300002102f080320700000000000c000400011208128401010000d4010a000000
[2021-10-22 19:46:43,608] [INFO] [base._test_info] -> Current test: 26
[2021-10-22 19:46:43,609] [INFO] [server.transmit] -> request(22): 0300001611e00000000100c0010ac1020100c2020200
[2021-10-22 19:46:43,612] [INFO] [server.transmit] -> response(22): 0300001611d00001000d00c0010ac1020100c2020200
[2021-10-22 19:46:43,614] [INFO] [server.transmit] -> request(25): 0300001902f08032010000000000080000f0000001000101e0
[2021-10-22 19:46:43,664] [INFO] [server.transmit] -> response(27): 0300001b02f080320300000000000800000000f0000001000100f0
[2021-10-22 19:46:43,664] [INFO] [server.transmit] -> request(33): 0300002102f080320700000000000800080001120411440100ff0900044e009de4
[2021-10-22 19:46:43,671] [INFO] [server.transmit] -> response(33): 0300002102f080320700000000000c000400011208128401010000d4010a000000
[2021-10-22 19:46:43,789] [INFO] [base._test_info] -> Current test: 27
[2021-10-22 19:46:43,792] [INFO] [server.transmit] -> request(22): 0300001611e00000000100c0010ac1020100c2020200
[2021-10-22 19:46:43,796] [INFO] [server.transmit] -> response(22): 0300001611d00001001100c0010ac1020100c2020200
[2021-10-22 19:46:43,799] [INFO] [server.transmit] -> request(25): 0300001902f08032010000000000080000f0000001000101e0
[2021-10-22 19:46:43,845] [INFO] [server.transmit] -> response(27): 0300001b02f080320300000000000800000000f0000001000100f0
[2021-10-22 19:46:43,848] [INFO] [server.transmit] -> request(33): 0300002102f080320700000000000800080001120411440100ff09000430fc628a
[2021-10-22 19:46:43,855] [INFO] [server.transmit] -> response(33): 0300002102f080320700000000000c000400011208128401010000d4010a000000
[2021-10-22 19:46:43,976] [INFO] [base._test_info] -> Current test: 28
[2021-10-22 19:46:43,977] [INFO] [server.transmit] -> request(22): 0300001611e00000000100c0010ac1020100c2020200
[2021-10-22 19:46:43,983] [INFO] [server.transmit] -> response(22): 0300001611d00001000d00c0010ac1020100c2020200
[2021-10-22 19:46:43,986] [INFO] [server.transmit] -> request(25): 0300001902f08032010000000000080000f0000001000101e0
[2021-10-22 19:46:44,035] [INFO] [server.transmit] -> response(27): 0300001b02f080320300000000000800000000f0000001000100f0
[2021-10-22 19:46:44,036] [INFO] [server.transmit] -> request(33): 0300002102f080320700000000000800080001120411440100ff0900045a62cd79
[2021-10-22 19:46:44,046] [INFO] [server.transmit] -> response(33): 0300002102f080320700000000000c000400011208128401010000d4010a000000
[2021-10-22 19:46:44,164] [INFO] [base._test_info] -> Current test: 29
[2021-10-22 19:46:44,165] [INFO] [server.transmit] -> request(22): 0300001611e00000000100c0010ac1020100c2020200
[2021-10-22 19:46:44,168] [INFO] [server.transmit] -> response(22): 0300001611d00001001100c0010ac1020100c2020200
[2021-10-22 19:46:44,170] [INFO] [server.transmit] -> request(25): 0300001902f08032010000000000080000f0000001000101e0
[2021-10-22 19:46:44,221] [INFO] [server.transmit] -> response(27): 0300001b02f080320300000000000800000000f0000001000100f0
[2021-10-22 19:46:44,223] [INFO] [server.transmit] -> request(33): 0300002102f080320700000000000800080001120411440100ff0900044b44e541
[2021-10-22 19:46:44,230] [INFO] [server.transmit] -> response(33): 0300002102f080320700000000000c000400011208128401010000d4010a000000
[2021-10-22 19:46:44,348] [INFO] [base._test_info] -> Current test: 30
[2021-10-22 19:46:44,349] [INFO] [server.transmit] -> request(22): 0300001611e00000000100c0010ac1020100c2020200
[2021-10-22 19:46:44,354] [INFO] [server.transmit] -> response(22): 0300001611d00001000d00c0010ac1020100c2020200
[2021-10-22 19:46:44,355] [INFO] [server.transmit] -> request(25): 0300001902f08032010000000000080000f0000001000101e0
[2021-10-22 19:46:44,404] [INFO] [server.transmit] -> response(27): 0300001b02f080320300000000000800000000f0000001000100f0
[2021-10-22 19:46:44,405] [INFO] [server.transmit] -> request(33): 0300002102f080320700000000000800080001120411440100ff090004be41a5d7
[2021-10-22 19:46:44,414] [INFO] [server.transmit] -> response(33): 0300002102f080320700000000000c000400011208128401010000d4010a000000
[2021-10-22 19:46:44,532] [INFO] [base._test_info] -> Current test: 31
[2021-10-22 19:46:44,532] [INFO] [server.transmit] -> request(22): 0300001611e00000000100c0010ac1020100c2020200
[2021-10-22 19:46:44,538] [INFO] [server.transmit] -> response(22): 0300001611d00001001100c0010ac1020100c2020200
[2021-10-22 19:46:44,539] [INFO] [server.transmit] -> request(25): 0300001902f08032010000000000080000f0000001000101e0
[2021-10-22 19:46:44,585] [INFO] [server.transmit] -> response(27): 0300001b02f080320300000000000800000000f0000001000100f0
[2021-10-22 19:46:44,585] [INFO] [server.transmit] -> request(33): 0300002102f080320700000000000800080001120411440100ff0900049c10f8ef
[2021-10-22 19:46:44,592] [INFO] [server.transmit] -> response(33): 0300002102f080320700000000000c000400011208128401010000d4010a000000
[2021-10-22 19:46:44,700] [INFO] [base._test_info] -> Current test: 32
[2021-10-22 19:46:44,701] [INFO] [server.transmit] -> request(22): 0300001611e00000000100c0010ac1020100c2020200
[2021-10-22 19:46:44,711] [INFO] [server.transmit] -> response(22): 0300001611d00001000d00c0010ac1020100c2020200
[2021-10-22 19:46:44,713] [INFO] [server.transmit] -> request(25): 0300001902f08032010000000000080000f0000001000101e0
[2021-10-22 19:46:44,756] [INFO] [server.transmit] -> response(27): 0300001b02f080320300000000000800000000f0000001000100f0
[2021-10-22 19:46:44,757] [INFO] [server.transmit] -> request(33): 0300002102f080320700000000000800080001120411440100ff09000431626d45
[2021-10-22 19:46:44,766] [INFO] [server.transmit] -> response(33): 0300002102f080320700000000000c000400011208128401010000d4010a000000
[2021-10-22 19:46:44,888] [INFO] [base._test_info] -> Current test: 33
[2021-10-22 19:46:44,890] [INFO] [server.transmit] -> request(22): 0300001611e00000000100c0010ac1020100c2020200
[2021-10-22 19:46:44,892] [INFO] [server.transmit] -> response(22): 0300001611d00001001100c0010ac1020100c2020200
[2021-10-22 19:46:44,894] [INFO] [server.transmit] -> request(25): 0300001902f08032010000000000080000f0000001000101e0
[2021-10-22 19:46:44,946] [INFO] [server.transmit] -> response(27): 0300001b02f080320300000000000800000000f0000001000100f0
[2021-10-22 19:46:44,947] [INFO] [server.transmit] -> request(33): 0300002102f080320700000000000800080001120411440100ff090004414f43e7
[2021-10-22 19:46:44,953] [INFO] [server.transmit] -> response(33): 0300002102f080320700000000000c000400011208128401010000d4010a000000
[2021-10-22 19:46:45,075] [INFO] [base._test_info] -> Current test: 34
[2021-10-22 19:46:45,076] [INFO] [server.transmit] -> request(22): 0300001611e00000000100c0010ac1020100c2020200
[2021-10-22 19:46:45,079] [INFO] [server.transmit] -> response(22): 0300001611d00001000d00c0010ac1020100c2020200
[2021-10-22 19:46:45,081] [INFO] [server.transmit] -> request(25): 0300001902f08032010000000000080000f0000001000101e0
[2021-10-22 19:46:45,137] [INFO] [server.transmit] -> response(27): 0300001b02f080320300000000000800000000f0000001000100f0
[2021-10-22 19:46:45,138] [INFO] [server.transmit] -> request(33): 0300002102f080320700000000000800080001120411440100ff0900042d49b3fd
[2021-10-22 19:46:45,142] [INFO] [server.transmit] -> response(33): 0300002102f080320700000000000c000400011208128401010000d4010a000000
[2021-10-22 19:46:45,259] [INFO] [base._test_info] -> Current test: 35
[2021-10-22 19:46:45,259] [INFO] [server.transmit] -> request(22): 0300001611e00000000100c0010ac1020100c2020200
[2021-10-22 19:46:45,265] [INFO] [server.transmit] -> response(22): 0300001611d00001001100c0010ac1020100c2020200
[2021-10-22 19:46:45,266] [INFO] [server.transmit] -> request(25): 0300001902f08032010000000000080000f0000001000101e0
[2021-10-22 19:46:45,316] [INFO] [server.transmit] -> response(27): 0300001b02f080320300000000000800000000f0000001000100f0
[2021-10-22 19:46:45,318] [INFO] [server.transmit] -> request(33): 0300002102f080320700000000000800080001120411440100ff090004bcb17a5f
[2021-10-22 19:46:45,325] [INFO] [server.transmit] -> response(33): 0300002102f080320700000000000c000400011208128401010000d4010a000000
[2021-10-22 19:46:45,447] [INFO] [base._test_info] -> Current test: 36
[2021-10-22 19:46:45,447] [INFO] [server.transmit] -> request(22): 0300001611e00000000100c0010ac1020100c2020200
[2021-10-22 19:46:45,453] [INFO] [server.transmit] -> response(22): 0300001611d00001000d00c0010ac1020100c2020200
[2021-10-22 19:46:45,454] [INFO] [server.transmit] -> request(25): 0300001902f08032010000000000080000f0000001000101e0
[2021-10-22 19:46:45,502] [INFO] [server.transmit] -> response(27): 0300001b02f080320300000000000800000000f0000001000100f0
[2021-10-22 19:46:45,503] [INFO] [server.transmit] -> request(33): 0300002102f080320700000000000800080001120411440100ff090004e0d5fbbe
[2021-10-22 19:46:45,509] [INFO] [server.transmit] -> response(33): 0300002102f080320700000000000c000400011208128401010000d4010a000000
[2021-10-22 19:46:45,627] [INFO] [base._test_info] -> Current test: 37
[2021-10-22 19:46:45,628] [INFO] [server.transmit] -> request(22): 0300001611e00000000100c0010ac1020100c2020200
[2021-10-22 19:46:45,632] [INFO] [server.transmit] -> response(22): 0300001611d00001001100c0010ac1020100c2020200
[2021-10-22 19:46:45,632] [INFO] [server.transmit] -> request(25): 0300001902f08032010000000000080000f0000001000101e0
[2021-10-22 19:46:45,680] [INFO] [server.transmit] -> response(27): 0300001b02f080320300000000000800000000f0000001000100f0
[2021-10-22 19:46:45,681] [INFO] [server.transmit] -> request(33): 0300002102f080320700000000000800080001120411440100ff0900041dcbd7a5
[2021-10-22 19:46:45,690] [INFO] [server.transmit] -> response(33): 0300002102f080320700000000000c000400011208128401010000d4010a000000
[2021-10-22 19:46:45,809] [INFO] [base._test_info] -> Current test: 38
[2021-10-22 19:46:45,811] [INFO] [server.transmit] -> request(22): 0300001611e00000000100c0010ac1020100c2020200
[2021-10-22 19:46:45,815] [INFO] [server.transmit] -> response(22): 0300001611d00001000d00c0010ac1020100c2020200
[2021-10-22 19:46:45,816] [INFO] [server.transmit] -> request(25): 0300001902f08032010000000000080000f0000001000101e0
[2021-10-22 19:46:45,865] [INFO] [server.transmit] -> response(27): 0300001b02f080320300000000000800000000f0000001000100f0
[2021-10-22 19:46:45,865] [INFO] [server.transmit] -> request(33): 0300002102f080320700000000000800080001120411440100ff0900045a70cfd3
[2021-10-22 19:46:45,872] [INFO] [server.transmit] -> response(33): 0300002102f080320700000000000c000400011208128401010000d4010a000000
