[2021-10-22 20:06:25,289] [INFO] [base._load_session] -> No session loaded
[2021-10-22 20:06:25,292] [INFO] [base._start_message] -> 
                 --------------------------------------------------
                 Starting fuzzing session
                 Target: TcpTarget
                 UI: WebInterface listening on 127.0.0.1:26001
                 Log: ./kittylogs/kitty_20211022-200624.log

                 Total possible mutation count: 1000
                 --------------------------------------------------
                                 Happy hacking
                 --------------------------------------------------
            
[2021-10-22 20:06:25,295] [INFO] [base.start] -> Performing environment test
[2021-10-22 20:06:25,298] [INFO] [base._test_info] -> Current test: -1
[2021-10-22 20:06:25,299] [INFO] [server.transmit] -> request(34): 030000221de00000000100c0010ac1083330333133303330c2083330333133303332
[2021-10-22 20:06:25,301] [INFO] [server.transmit] -> response(34): 030000221dd00001000100c0010ac1083330333133303330c2083330333133303332
[2021-10-22 20:06:25,301] [INFO] [server._start] -> should keep running? True
[2021-10-22 20:06:25,303] [INFO] [base._test_info] -> Current test: 0
[2021-10-22 20:06:25,305] [INFO] [server.transmit] -> request(34): 030000221de00000000100c0010ac1083330333133303330c2083330333133303332
[2021-10-22 20:06:25,305] [INFO] [server.transmit] -> response(34): 030000221dd00001000100c0010ac1083330333133303330c2083330333133303332
[2021-10-22 20:06:25,306] [INFO] [server.transmit] -> request(25): 0300001902f08032010000000000080000f0000001000101e0
[2021-10-22 20:06:25,308] [INFO] [server.transmit] -> response(27): 0300001b02f080320300000000000800000000f0000001000101e0
[2021-10-22 20:06:25,309] [INFO] [server.transmit] -> request(33): 0300002102f080320700000000000800080001120411440100ff090004ded419b6
[2021-10-22 20:06:25,309] [INFO] [server.transmit] -> response(33): 0300002102f080320700000000000c000400011208128401000000d4020a000000
[2021-10-22 20:06:25,413] [INFO] [base._test_info] -> Current test: 1
[2021-10-22 20:06:25,414] [INFO] [server.transmit] -> request(34): 030000221de00000000100c0010ac1083330333133303330c2083330333133303332
[2021-10-22 20:06:25,414] [INFO] [server.transmit] -> response(34): 030000221dd00001000100c0010ac1083330333133303330c2083330333133303332
[2021-10-22 20:06:25,415] [INFO] [server.transmit] -> request(25): 0300001902f08032010000000000080000f0000001000101e0
[2021-10-22 20:06:25,417] [INFO] [server.transmit] -> response(27): 0300001b02f080320300000000000800000000f0000001000101e0
[2021-10-22 20:06:25,417] [INFO] [server.transmit] -> request(33): 0300002102f080320700000000000800080001120411440100ff090004fb6eb620
[2021-10-22 20:06:25,418] [INFO] [server.transmit] -> response(33): 0300002102f080320700000000000c000400011208128401000000d4020a000000
[2021-10-22 20:06:25,522] [INFO] [base._test_info] -> Current test: 2
[2021-10-22 20:06:25,523] [INFO] [server.transmit] -> request(34): 030000221de00000000100c0010ac1083330333133303330c2083330333133303332
[2021-10-22 20:06:25,523] [INFO] [server.transmit] -> response(34): 030000221dd00001000100c0010ac1083330333133303330c2083330333133303332
[2021-10-22 20:06:25,523] [INFO] [server.transmit] -> request(25): 0300001902f08032010000000000080000f0000001000101e0
[2021-10-22 20:06:25,525] [INFO] [server.transmit] -> response(27): 0300001b02f080320300000000000800000000f0000001000101e0
[2021-10-22 20:06:25,526] [INFO] [server.transmit] -> request(33): 0300002102f080320700000000000800080001120411440100ff090004bc1ad7db
[2021-10-22 20:06:25,526] [INFO] [server.transmit] -> response(33): 0300002102f080320700000000000c000400011208128401000000d4020a000000
[2021-10-22 20:06:25,634] [INFO] [base._test_info] -> Current test: 3
[2021-10-22 20:06:25,634] [INFO] [server.transmit] -> request(34): 030000221de00000000100c0010ac1083330333133303330c2083330333133303332
[2021-10-22 20:06:25,637] [INFO] [server.transmit] -> response(34): 030000221dd00001000100c0010ac1083330333133303330c2083330333133303332
[2021-10-22 20:06:25,638] [INFO] [server.transmit] -> request(25): 0300001902f08032010000000000080000f0000001000101e0
[2021-10-22 20:06:25,641] [INFO] [server.transmit] -> response(27): 0300001b02f080320300000000000800000000f0000001000101e0
[2021-10-22 20:06:25,641] [INFO] [server.transmit] -> request(33): 0300002102f080320700000000000800080001120411440100ff090004c51c1503
[2021-10-22 20:06:25,644] [INFO] [server.transmit] -> response(33): 0300002102f080320700000000000c000400011208128401000000d4020a000000
[2021-10-22 20:06:25,756] [INFO] [base._test_info] -> Current test: 4
[2021-10-22 20:06:25,756] [INFO] [server.transmit] -> request(34): 030000221de00000000100c0010ac1083330333133303330c2083330333133303332
[2021-10-22 20:06:25,759] [INFO] [server.transmit] -> response(34): 030000221dd00001000100c0010ac1083330333133303330c2083330333133303332
[2021-10-22 20:06:25,762] [INFO] [server.transmit] -> request(25): 0300001902f08032010000000000080000f0000001000101e0
[2021-10-22 20:06:25,765] [INFO] [server.transmit] -> response(27): 0300001b02f080320300000000000800000000f0000001000101e0
[2021-10-22 20:06:25,766] [INFO] [server.transmit] -> request(33): 0300002102f080320700000000000800080001120411440100ff0900042284ea35
[2021-10-22 20:06:25,770] [INFO] [server.transmit] -> response(33): 0300002102f080320700000000000c000400011208128401000000d4020a000000
[2021-10-22 20:06:25,875] [INFO] [base._test_info] -> Current test: 5
[2021-10-22 20:06:25,877] [INFO] [server.transmit] -> request(34): 030000221de00000000100c0010ac1083330333133303330c2083330333133303332
[2021-10-22 20:06:25,878] [INFO] [server.transmit] -> response(34): 030000221dd00001000100c0010ac1083330333133303330c2083330333133303332
[2021-10-22 20:06:25,878] [INFO] [server.transmit] -> request(25): 0300001902f08032010000000000080000f0000001000101e0
[2021-10-22 20:06:25,878] [INFO] [server.transmit] -> response(27): 0300001b02f080320300000000000800000000f0000001000101e0
[2021-10-22 20:06:25,878] [INFO] [server.transmit] -> request(33): 0300002102f080320700000000000800080001120411440100ff090004ae8a8fcb
[2021-10-22 20:06:25,880] [INFO] [server.transmit] -> response(33): 0300002102f080320700000000000c000400011208128401000000d4020a000000
[2021-10-22 20:06:25,983] [INFO] [base._test_info] -> Current test: 6
[2021-10-22 20:06:25,983] [INFO] [server.transmit] -> request(34): 030000221de00000000100c0010ac1083330333133303330c2083330333133303332
[2021-10-22 20:06:25,984] [INFO] [server.transmit] -> response(34): 030000221dd00001000100c0010ac1083330333133303330c2083330333133303332
[2021-10-22 20:06:25,984] [INFO] [server.transmit] -> request(25): 0300001902f08032010000000000080000f0000001000101e0
[2021-10-22 20:06:25,987] [INFO] [server.transmit] -> response(27): 0300001b02f080320300000000000800000000f0000001000101e0
[2021-10-22 20:06:25,989] [INFO] [server.transmit] -> request(33): 0300002102f080320700000000000800080001120411440100ff0900043f3be62a
[2021-10-22 20:06:25,990] [INFO] [server.transmit] -> response(33): 0300002102f080320700000000000c000400011208128401000000d4020a000000
[2021-10-22 20:06:26,095] [INFO] [base._test_info] -> Current test: 7
[2021-10-22 20:06:26,095] [INFO] [server.transmit] -> request(34): 030000221de00000000100c0010ac1083330333133303330c2083330333133303332
[2021-10-22 20:06:26,096] [INFO] [server.transmit] -> response(34): 030000221dd00001000100c0010ac1083330333133303330c2083330333133303332
[2021-10-22 20:06:26,096] [INFO] [server.transmit] -> request(25): 0300001902f08032010000000000080000f0000001000101e0
[2021-10-22 20:06:26,098] [INFO] [server.transmit] -> response(27): 0300001b02f080320300000000000800000000f0000001000101e0
[2021-10-22 20:06:26,099] [INFO] [server.transmit] -> request(33): 0300002102f080320700000000000800080001120411440100ff090004cc436d1c
[2021-10-22 20:06:26,099] [INFO] [server.transmit] -> response(33): 0300002102f080320700000000000c000400011208128401000000d4020a000000
[2021-10-22 20:06:26,204] [INFO] [base._test_info] -> Current test: 8
[2021-10-22 20:06:26,206] [INFO] [server.transmit] -> request(34): 030000221de00000000100c0010ac1083330333133303330c2083330333133303332
[2021-10-22 20:06:26,207] [INFO] [server.transmit] -> response(34): 030000221dd00001000100c0010ac1083330333133303330c2083330333133303332
[2021-10-22 20:06:26,207] [INFO] [server.transmit] -> request(25): 0300001902f08032010000000000080000f0000001000101e0
[2021-10-22 20:06:26,207] [INFO] [server.transmit] -> response(27): 0300001b02f080320300000000000800000000f0000001000101e0
[2021-10-22 20:06:26,209] [INFO] [server.transmit] -> request(33): 0300002102f080320700000000000800080001120411440100ff0900042ffe36dd
[2021-10-22 20:06:26,209] [INFO] [server.transmit] -> response(33): 0300002102f080320700000000000c000400011208128401000000d4020a000000
[2021-10-22 20:06:26,316] [INFO] [base._test_info] -> Current test: 9
[2021-10-22 20:06:26,318] [INFO] [server.transmit] -> request(34): 030000221de00000000100c0010ac1083330333133303330c2083330333133303332
[2021-10-22 20:06:26,322] [INFO] [server.transmit] -> response(34): 030000221dd00001000100c0010ac1083330333133303330c2083330333133303332
[2021-10-22 20:06:26,322] [INFO] [server.transmit] -> request(25): 0300001902f08032010000000000080000f0000001000101e0
[2021-10-22 20:06:26,325] [INFO] [server.transmit] -> response(27): 0300001b02f080320300000000000800000000f0000001000101e0
[2021-10-22 20:06:26,325] [INFO] [server.transmit] -> request(33): 0300002102f080320700000000000800080001120411440100ff090004690c840c
[2021-10-22 20:06:26,326] [INFO] [server.transmit] -> response(33): 0300002102f080320700000000000c000400011208128401000000d4020a000000
[2021-10-22 20:06:26,430] [INFO] [base._test_info] -> Current test: 10
[2021-10-22 20:06:26,431] [INFO] [server.transmit] -> request(34): 030000221de00000000100c0010ac1083330333133303330c2083330333133303332
[2021-10-22 20:06:26,433] [INFO] [server.transmit] -> response(34): 030000221dd00001000100c0010ac1083330333133303330c2083330333133303332
[2021-10-22 20:06:26,433] [INFO] [server.transmit] -> request(25): 0300001902f08032010000000000080000f0000001000101e0
[2021-10-22 20:06:26,434] [INFO] [server.transmit] -> response(27): 0300001b02f080320300000000000800000000f0000001000101e0
[2021-10-22 20:06:26,434] [INFO] [server.transmit] -> request(33): 0300002102f080320700000000000800080001120411440100ff090004c451cb70
[2021-10-22 20:06:26,434] [INFO] [server.transmit] -> response(33): 0300002102f080320700000000000c000400011208128401000000d4020a000000
[2021-10-22 20:06:26,540] [INFO] [base._test_info] -> Current test: 11
[2021-10-22 20:06:26,542] [INFO] [server.transmit] -> request(34): 030000221de00000000100c0010ac1083330333133303330c2083330333133303332
[2021-10-22 20:06:26,543] [INFO] [server.transmit] -> response(34): 030000221dd00001000100c0010ac1083330333133303330c2083330333133303332
[2021-10-22 20:06:26,543] [INFO] [server.transmit] -> request(25): 0300001902f08032010000000000080000f0000001000101e0
[2021-10-22 20:06:26,545] [INFO] [server.transmit] -> response(27): 0300001b02f080320300000000000800000000f0000001000101e0
[2021-10-22 20:06:26,546] [INFO] [server.transmit] -> request(33): 0300002102f080320700000000000800080001120411440100ff09000413f1e362
[2021-10-22 20:06:26,546] [INFO] [server.transmit] -> response(33): 0300002102f080320700000000000c000400011208128401000000d4020a000000
[2021-10-22 20:06:26,651] [INFO] [base._test_info] -> Current test: 12
[2021-10-22 20:06:26,653] [INFO] [server.transmit] -> request(34): 030000221de00000000100c0010ac1083330333133303330c2083330333133303332
[2021-10-22 20:06:26,654] [INFO] [server.transmit] -> response(34): 030000221dd00001000100c0010ac1083330333133303330c2083330333133303332
[2021-10-22 20:06:26,655] [INFO] [server.transmit] -> request(25): 0300001902f08032010000000000080000f0000001000101e0
[2021-10-22 20:06:26,657] [INFO] [server.transmit] -> response(27): 0300001b02f080320300000000000800000000f0000001000101e0
[2021-10-22 20:06:26,658] [INFO] [server.transmit] -> request(33): 0300002102f080320700000000000800080001120411440100ff0900048d85a61a
[2021-10-22 20:06:26,660] [INFO] [server.transmit] -> response(33): 0300002102f080320700000000000c000400011208128401000000d4020a000000
[2021-10-22 20:06:26,765] [INFO] [base._test_info] -> Current test: 13
[2021-10-22 20:06:26,766] [INFO] [server.transmit] -> request(34): 030000221de00000000100c0010ac1083330333133303330c2083330333133303332
[2021-10-22 20:06:26,766] [INFO] [server.transmit] -> response(34): 030000221dd00001000100c0010ac1083330333133303330c2083330333133303332
[2021-10-22 20:06:26,767] [INFO] [server.transmit] -> request(25): 0300001902f08032010000000000080000f0000001000101e0
[2021-10-22 20:06:26,767] [INFO] [server.transmit] -> response(27): 0300001b02f080320300000000000800000000f0000001000101e0
[2021-10-22 20:06:26,769] [INFO] [server.transmit] -> request(33): 0300002102f080320700000000000800080001120411440100ff0900045fbf2622
[2021-10-22 20:06:26,770] [INFO] [server.transmit] -> response(33): 0300002102f080320700000000000c000400011208128401000000d4020a000000
[2021-10-22 20:06:26,878] [INFO] [base._test_info] -> Current test: 14
[2021-10-22 20:06:26,878] [INFO] [server.transmit] -> request(34): 030000221de00000000100c0010ac1083330333133303330c2083330333133303332
[2021-10-22 20:06:26,880] [INFO] [server.transmit] -> response(34): 030000221dd00001000100c0010ac1083330333133303330c2083330333133303332
[2021-10-22 20:06:26,880] [INFO] [server.transmit] -> request(25): 0300001902f08032010000000000080000f0000001000101e0
[2021-10-22 20:06:26,881] [INFO] [server.transmit] -> response(27): 0300001b02f080320300000000000800000000f0000001000101e0
[2021-10-22 20:06:26,881] [INFO] [server.transmit] -> request(33): 0300002102f080320700000000000800080001120411440100ff090004e5025623
[2021-10-22 20:06:26,881] [INFO] [server.transmit] -> response(33): 0300002102f080320700000000000c000400011208128401000000d4020a000000
[2021-10-22 20:06:26,986] [INFO] [base._test_info] -> Current test: 15
[2021-10-22 20:06:26,987] [INFO] [server.transmit] -> request(34): 030000221de00000000100c0010ac1083330333133303330c2083330333133303332
[2021-10-22 20:06:26,989] [INFO] [server.transmit] -> response(34): 030000221dd00001000100c0010ac1083330333133303330c2083330333133303332
[2021-10-22 20:06:26,990] [INFO] [server.transmit] -> request(25): 0300001902f08032010000000000080000f0000001000101e0
[2021-10-22 20:06:26,992] [INFO] [server.transmit] -> response(27): 0300001b02f080320300000000000800000000f0000001000101e0
[2021-10-22 20:06:26,993] [INFO] [server.transmit] -> request(33): 0300002102f080320700000000000800080001120411440100ff0900042875d14c
[2021-10-22 20:06:26,993] [INFO] [server.transmit] -> response(33): 0300002102f080320700000000000c000400011208128401000000d4020a000000
[2021-10-22 20:06:27,098] [INFO] [base._test_info] -> Current test: 16
[2021-10-22 20:06:27,099] [INFO] [server.transmit] -> request(34): 030000221de00000000100c0010ac1083330333133303330c2083330333133303332
[2021-10-22 20:06:27,101] [INFO] [server.transmit] -> response(34): 030000221dd00001000100c0010ac1083330333133303330c2083330333133303332
[2021-10-22 20:06:27,101] [INFO] [server.transmit] -> request(25): 0300001902f08032010000000000080000f0000001000101e0
[2021-10-22 20:06:27,105] [INFO] [server.transmit] -> response(27): 0300001b02f080320300000000000800000000f0000001000101e0
[2021-10-22 20:06:27,105] [INFO] [server.transmit] -> request(33): 0300002102f080320700000000000800080001120411440100ff0900041d8a652a
[2021-10-22 20:06:27,108] [INFO] [server.transmit] -> response(33): 0300002102f080320700000000000c000400011208128401000000d4020a000000
[2021-10-22 20:06:27,213] [INFO] [base._test_info] -> Current test: 17
[2021-10-22 20:06:27,213] [INFO] [server.transmit] -> request(34): 030000221de00000000100c0010ac1083330333133303330c2083330333133303332
[2021-10-22 20:06:27,216] [INFO] [server.transmit] -> response(34): 030000221dd00001000100c0010ac1083330333133303330c2083330333133303332
[2021-10-22 20:06:27,217] [INFO] [server.transmit] -> request(25): 0300001902f08032010000000000080000f0000001000101e0
[2021-10-22 20:06:27,217] [INFO] [server.transmit] -> response(27): 0300001b02f080320300000000000800000000f0000001000101e0
[2021-10-22 20:06:27,220] [INFO] [server.transmit] -> request(33): 0300002102f080320700000000000800080001120411440100ff09000456007822
[2021-10-22 20:06:27,220] [INFO] [server.transmit] -> response(33): 0300002102f080320700000000000c000400011208128401000000d4020a000000
[2021-10-22 20:06:27,325] [INFO] [base._test_info] -> Current test: 18
[2021-10-22 20:06:27,325] [INFO] [server.transmit] -> request(34): 030000221de00000000100c0010ac1083330333133303330c2083330333133303332
[2021-10-22 20:06:27,326] [INFO] [server.transmit] -> response(34): 030000221dd00001000100c0010ac1083330333133303330c2083330333133303332
[2021-10-22 20:06:27,326] [INFO] [server.transmit] -> request(25): 0300001902f08032010000000000080000f0000001000101e0
[2021-10-22 20:06:27,328] [INFO] [server.transmit] -> response(27): 0300001b02f080320300000000000800000000f0000001000101e0
[2021-10-22 20:06:27,328] [INFO] [server.transmit] -> request(33): 0300002102f080320700000000000800080001120411440100ff0900046ee5e4f7
[2021-10-22 20:06:27,328] [INFO] [server.transmit] -> response(33): 0300002102f080320700000000000c000400011208128401000000d4020a000000
[2021-10-22 20:06:27,430] [INFO] [base._test_info] -> Current test: 19
[2021-10-22 20:06:27,431] [INFO] [server.transmit] -> request(34): 030000221de00000000100c0010ac1083330333133303330c2083330333133303332
[2021-10-22 20:06:27,433] [INFO] [server.transmit] -> response(34): 030000221dd00001000100c0010ac1083330333133303330c2083330333133303332
[2021-10-22 20:06:27,434] [INFO] [server.transmit] -> request(25): 0300001902f08032010000000000080000f0000001000101e0
[2021-10-22 20:06:27,434] [INFO] [server.transmit] -> response(27): 0300001b02f080320300000000000800000000f0000001000101e0
[2021-10-22 20:06:27,434] [INFO] [server.transmit] -> request(33): 0300002102f080320700000000000800080001120411440100ff090004211d4765
[2021-10-22 20:06:27,436] [INFO] [server.transmit] -> response(33): 0300002102f080320700000000000c000400011208128401000000d4020a000000
[2021-10-22 20:06:27,539] [INFO] [base._test_info] -> Current test: 20
[2021-10-22 20:06:27,540] [INFO] [server.transmit] -> request(34): 030000221de00000000100c0010ac1083330333133303330c2083330333133303332
[2021-10-22 20:06:27,542] [INFO] [server.transmit] -> response(34): 030000221dd00001000100c0010ac1083330333133303330c2083330333133303332
[2021-10-22 20:06:27,542] [INFO] [server.transmit] -> request(25): 0300001902f08032010000000000080000f0000001000101e0
[2021-10-22 20:06:27,543] [INFO] [server.transmit] -> response(27): 0300001b02f080320300000000000800000000f0000001000101e0
[2021-10-22 20:06:27,545] [INFO] [server.transmit] -> request(33): 0300002102f080320700000000000800080001120411440100ff090004351f5762
[2021-10-22 20:06:27,546] [INFO] [server.transmit] -> response(33): 0300002102f080320700000000000c000400011208128401000000d4020a000000
[2021-10-22 20:06:27,653] [INFO] [base._test_info] -> Current test: 21
[2021-10-22 20:06:27,654] [INFO] [server.transmit] -> request(34): 030000221de00000000100c0010ac1083330333133303330c2083330333133303332
[2021-10-22 20:06:27,654] [INFO] [server.transmit] -> response(34): 030000221dd00001000100c0010ac1083330333133303330c2083330333133303332
[2021-10-22 20:06:27,654] [INFO] [server.transmit] -> request(25): 0300001902f08032010000000000080000f0000001000101e0
[2021-10-22 20:06:27,655] [INFO] [server.transmit] -> response(27): 0300001b02f080320300000000000800000000f0000001000101e0
[2021-10-22 20:06:27,655] [INFO] [server.transmit] -> request(33): 0300002102f080320700000000000800080001120411440100ff090004f19a8927
[2021-10-22 20:06:27,657] [INFO] [server.transmit] -> response(33): 0300002102f080320700000000000c000400011208128401000000d4020a000000
[2021-10-22 20:06:27,760] [INFO] [base._test_info] -> Current test: 22
[2021-10-22 20:06:27,763] [INFO] [server.transmit] -> request(34): 030000221de00000000100c0010ac1083330333133303330c2083330333133303332
[2021-10-22 20:06:27,765] [INFO] [server.transmit] -> response(34): 030000221dd00001000100c0010ac1083330333133303330c2083330333133303332
[2021-10-22 20:06:27,765] [INFO] [server.transmit] -> request(25): 0300001902f08032010000000000080000f0000001000101e0
[2021-10-22 20:06:27,766] [INFO] [server.transmit] -> response(27): 0300001b02f080320300000000000800000000f0000001000101e0
[2021-10-22 20:06:27,766] [INFO] [server.transmit] -> request(33): 0300002102f080320700000000000800080001120411440100ff09000422dafe5b
[2021-10-22 20:06:27,769] [INFO] [server.transmit] -> response(33): 0300002102f080320700000000000c000400011208128401000000d4020a000000
[2021-10-22 20:06:27,878] [INFO] [base._test_info] -> Current test: 23
[2021-10-22 20:06:27,878] [INFO] [server.transmit] -> request(34): 030000221de00000000100c0010ac1083330333133303330c2083330333133303332
[2021-10-22 20:06:27,881] [INFO] [server.transmit] -> response(34): 030000221dd00001000100c0010ac1083330333133303330c2083330333133303332
[2021-10-22 20:06:27,884] [INFO] [server.transmit] -> request(25): 0300001902f08032010000000000080000f0000001000101e0
[2021-10-22 20:06:27,885] [INFO] [server.transmit] -> response(27): 0300001b02f080320300000000000800000000f0000001000101e0
[2021-10-22 20:06:27,888] [INFO] [server.transmit] -> request(33): 0300002102f080320700000000000800080001120411440100ff0900046ccfb62c
[2021-10-22 20:06:27,891] [INFO] [server.transmit] -> response(33): 0300002102f080320700000000000c000400011208128401000000d4020a000000
[2021-10-22 20:06:27,999] [INFO] [base._test_info] -> Current test: 24
[2021-10-22 20:06:28,000] [INFO] [server.transmit] -> request(34): 030000221de00000000100c0010ac1083330333133303330c2083330333133303332
[2021-10-22 20:06:28,000] [INFO] [server.transmit] -> response(34): 030000221dd00001000100c0010ac1083330333133303330c2083330333133303332
[2021-10-22 20:06:28,002] [INFO] [server.transmit] -> request(25): 0300001902f08032010000000000080000f0000001000101e0
[2021-10-22 20:06:28,003] [INFO] [server.transmit] -> response(27): 0300001b02f080320300000000000800000000f0000001000101e0
[2021-10-22 20:06:28,003] [INFO] [server.transmit] -> request(33): 0300002102f080320700000000000800080001120411440100ff09000409a5e46f
[2021-10-22 20:06:28,003] [INFO] [server.transmit] -> response(33): 0300002102f080320700000000000c000400011208128401000000d4020a000000
[2021-10-22 20:06:28,108] [INFO] [base._test_info] -> Current test: 25
[2021-10-22 20:06:28,108] [INFO] [server.transmit] -> request(34): 030000221de00000000100c0010ac1083330333133303330c2083330333133303332
[2021-10-22 20:06:28,108] [INFO] [server.transmit] -> response(34): 030000221dd00001000100c0010ac1083330333133303330c2083330333133303332
[2021-10-22 20:06:28,109] [INFO] [server.transmit] -> request(25): 0300001902f08032010000000000080000f0000001000101e0
[2021-10-22 20:06:28,111] [INFO] [server.transmit] -> response(27): 0300001b02f080320300000000000800000000f0000001000101e0
[2021-10-22 20:06:28,111] [INFO] [server.transmit] -> request(33): 0300002102f080320700000000000800080001120411440100ff090004bd69961d
[2021-10-22 20:06:28,111] [INFO] [server.transmit] -> response(33): 0300002102f080320700000000000c000400011208128401000000d4020a000000
[2021-10-22 20:06:28,226] [INFO] [base._test_info] -> Current test: 26
[2021-10-22 20:06:28,227] [INFO] [server.transmit] -> request(34): 030000221de00000000100c0010ac1083330333133303330c2083330333133303332
[2021-10-22 20:06:28,230] [INFO] [server.transmit] -> response(34): 030000221dd00001000100c0010ac1083330333133303330c2083330333133303332
[2021-10-22 20:06:28,232] [INFO] [server.transmit] -> request(25): 0300001902f08032010000000000080000f0000001000101e0
[2021-10-22 20:06:28,233] [INFO] [server.transmit] -> response(27): 0300001b02f080320300000000000800000000f0000001000101e0
[2021-10-22 20:06:28,234] [INFO] [server.transmit] -> request(33): 0300002102f080320700000000000800080001120411440100ff0900044e009de4
[2021-10-22 20:06:28,237] [INFO] [server.transmit] -> response(33): 0300002102f080320700000000000c000400011208128401000000d4020a000000
[2021-10-22 20:06:28,341] [INFO] [base._test_info] -> Current test: 27
[2021-10-22 20:06:28,342] [INFO] [server.transmit] -> request(34): 030000221de00000000100c0010ac1083330333133303330c2083330333133303332
[2021-10-22 20:06:28,342] [INFO] [server.transmit] -> response(34): 030000221dd00001000100c0010ac1083330333133303330c2083330333133303332
[2021-10-22 20:06:28,344] [INFO] [server.transmit] -> request(25): 0300001902f08032010000000000080000f0000001000101e0
[2021-10-22 20:06:28,344] [INFO] [server.transmit] -> response(27): 0300001b02f080320300000000000800000000f0000001000101e0
[2021-10-22 20:06:28,345] [INFO] [server.transmit] -> request(33): 0300002102f080320700000000000800080001120411440100ff09000430fc628a
[2021-10-22 20:06:28,345] [INFO] [server.transmit] -> response(33): 0300002102f080320700000000000c000400011208128401000000d4020a000000
[2021-10-22 20:06:28,453] [INFO] [base._test_info] -> Current test: 28
[2021-10-22 20:06:28,456] [INFO] [server.transmit] -> request(34): 030000221de00000000100c0010ac1083330333133303330c2083330333133303332
[2021-10-22 20:06:28,457] [INFO] [server.transmit] -> response(34): 030000221dd00001000100c0010ac1083330333133303330c2083330333133303332
[2021-10-22 20:06:28,460] [INFO] [server.transmit] -> request(25): 0300001902f08032010000000000080000f0000001000101e0
[2021-10-22 20:06:28,463] [INFO] [server.transmit] -> response(27): 0300001b02f080320300000000000800000000f0000001000101e0
[2021-10-22 20:06:28,466] [INFO] [server.transmit] -> request(33): 0300002102f080320700000000000800080001120411440100ff0900045a62cd79
[2021-10-22 20:06:28,469] [INFO] [server.transmit] -> response(33): 0300002102f080320700000000000c000400011208128401000000d4020a000000
[2021-10-22 20:06:28,575] [INFO] [base._test_info] -> Current test: 29
[2021-10-22 20:06:28,576] [INFO] [server.transmit] -> request(34): 030000221de00000000100c0010ac1083330333133303330c2083330333133303332
[2021-10-22 20:06:28,578] [INFO] [server.transmit] -> response(34): 030000221dd00001000100c0010ac1083330333133303330c2083330333133303332
[2021-10-22 20:06:28,578] [INFO] [server.transmit] -> request(25): 0300001902f08032010000000000080000f0000001000101e0
[2021-10-22 20:06:28,579] [INFO] [server.transmit] -> response(27): 0300001b02f080320300000000000800000000f0000001000101e0
[2021-10-22 20:06:28,581] [INFO] [server.transmit] -> request(33): 0300002102f080320700000000000800080001120411440100ff0900044b44e541
[2021-10-22 20:06:28,582] [INFO] [server.transmit] -> response(33): 0300002102f080320700000000000c000400011208128401000000d4020a000000
[2021-10-22 20:06:28,686] [INFO] [base._test_info] -> Current test: 30
[2021-10-22 20:06:28,687] [INFO] [server.transmit] -> request(34): 030000221de00000000100c0010ac1083330333133303330c2083330333133303332
[2021-10-22 20:06:28,688] [INFO] [server.transmit] -> response(34): 030000221dd00001000100c0010ac1083330333133303330c2083330333133303332
[2021-10-22 20:06:28,690] [INFO] [server.transmit] -> request(25): 0300001902f08032010000000000080000f0000001000101e0
[2021-10-22 20:06:28,690] [INFO] [server.transmit] -> response(27): 0300001b02f080320300000000000800000000f0000001000101e0
[2021-10-22 20:06:28,691] [INFO] [server.transmit] -> request(33): 0300002102f080320700000000000800080001120411440100ff090004be41a5d7
[2021-10-22 20:06:28,693] [INFO] [server.transmit] -> response(33): 0300002102f080320700000000000c000400011208128401000000d4020a000000
[2021-10-22 20:06:28,798] [INFO] [base._test_info] -> Current test: 31
[2021-10-22 20:06:28,799] [INFO] [server.transmit] -> request(34): 030000221de00000000100c0010ac1083330333133303330c2083330333133303332
[2021-10-22 20:06:28,801] [INFO] [server.transmit] -> response(34): 030000221dd00001000100c0010ac1083330333133303330c2083330333133303332
[2021-10-22 20:06:28,802] [INFO] [server.transmit] -> request(25): 0300001902f08032010000000000080000f0000001000101e0
[2021-10-22 20:06:28,802] [INFO] [server.transmit] -> response(27): 0300001b02f080320300000000000800000000f0000001000101e0
[2021-10-22 20:06:28,805] [INFO] [server.transmit] -> request(33): 0300002102f080320700000000000800080001120411440100ff0900049c10f8ef
[2021-10-22 20:06:28,806] [INFO] [server.transmit] -> response(33): 0300002102f080320700000000000c000400011208128401000000d4020a000000
[2021-10-22 20:06:28,911] [INFO] [base._test_info] -> Current test: 32
[2021-10-22 20:06:28,911] [INFO] [server.transmit] -> request(34): 030000221de00000000100c0010ac1083330333133303330c2083330333133303332
[2021-10-22 20:06:28,914] [INFO] [server.transmit] -> response(34): 030000221dd00001000100c0010ac1083330333133303330c2083330333133303332
[2021-10-22 20:06:28,914] [INFO] [server.transmit] -> request(25): 0300001902f08032010000000000080000f0000001000101e0
[2021-10-22 20:06:28,915] [INFO] [server.transmit] -> response(27): 0300001b02f080320300000000000800000000f0000001000101e0
[2021-10-22 20:06:28,917] [INFO] [server.transmit] -> request(33): 0300002102f080320700000000000800080001120411440100ff09000431626d45
[2021-10-22 20:06:28,917] [INFO] [server.transmit] -> response(33): 0300002102f080320700000000000c000400011208128401000000d4020a000000
