[2021-12-12 20:25:45,231] [INFO] [base._load_session] -> No session loaded
[2021-12-12 20:25:45,233] [INFO] [base._start_message] -> 
                 --------------------------------------------------
                 Starting fuzzing session
                 Target: TcpTarget
                 UI: WebInterface listening on 127.0.0.1:26001
                 Log: ./kittylogs/kitty_20211212-202544.log

                 Total possible mutation count: 0
                 --------------------------------------------------
                                 Happy hacking
                 --------------------------------------------------
            
[2021-12-12 20:25:45,234] [INFO] [base.start] -> Performing environment test
[2021-12-12 20:25:45,236] [INFO] [base._test_info] -> Current test: -1
[2021-12-12 20:25:45,236] [INFO] [server.transmit] -> request(89): 62275c7830335c7830305c7830305c7831365c7831315c7865305c7830305c7830305c7830305c7830315c7830305c786330 ...
[2021-12-12 20:25:45,237] [ERROR] [base.start] -> Error occurred while fuzzing: TypeError("unsupported operand type(s) for -: 'NoneType' and 'int'")
[2021-12-12 20:25:45,237] [ERROR] [base.start] -> Traceback (most recent call last):
  File "D:\windowsSoftware\Anaconda\envs\Kitty\lib\site-packages\kitty\fuzzers\base.py", line 390, in start
    self.model.skip(self._test_list.current())
  File "D:\windowsSoftware\Anaconda\envs\Kitty\lib\site-packages\kitty\model\high_level\graph.py", line 127, in skip
    skipped += node.skip(count - skipped)
TypeError: unsupported operand type(s) for -: 'NoneType' and 'int'

