[2021-10-14 18:34:50,855] [INFO] [base._load_session] -> No session loaded
[2021-10-14 18:34:50,861] [INFO] [base._start_message] -> 
                 --------------------------------------------------
                 Starting fuzzing session
                 Target: TcpTarget
                 UI: WebInterface listening on 127.0.0.1:26001
                 Log: ./kittylogs/kitty_20211014-183447.log

                 Total possible mutation count: 1000
                 --------------------------------------------------
                                 Happy hacking
                 --------------------------------------------------
            
[2021-10-14 18:34:50,864] [INFO] [base.start] -> Performing environment test
[2021-10-14 18:34:50,867] [INFO] [base._test_info] -> Current test: -1
[2021-10-14 18:34:50,868] [INFO] [server.transmit] -> request(26): 0300001a15e00000000100c0010ac10430313030c20430313033
[2021-10-14 18:34:50,869] [INFO] [server.transmit] -> response(26): 0300001a15d00001000100c0010ac10430313030c20430313033
[2021-10-14 18:34:50,871] [INFO] [server._start] -> should keep running? True
[2021-10-14 18:34:50,875] [INFO] [base._test_info] -> Current test: 0
[2021-10-14 18:34:50,875] [INFO] [server.transmit] -> request(26): 0300001a15e00000000100c0010ac10430313030c20430313033
[2021-10-14 18:34:50,878] [INFO] [server.transmit] -> response(26): 0300001a15d00001000100c0010ac10430313030c20430313033
[2021-10-14 18:34:50,880] [INFO] [server.transmit] -> request(25): 0300001902f08032010000000000080000f0000001000101e0
[2021-10-14 18:34:50,881] [INFO] [server.transmit] -> response(27): 0300001b02f080320300000000000800000000f0000001000101e0
[2021-10-14 18:34:50,881] [INFO] [server.transmit] -> request(33): 0300002102f080320700000000000800080001120411440100ff090004ded419b6
[2021-10-14 18:34:50,884] [INFO] [server.transmit] -> response(33): 0300002102f080320700000000000c000400011208128401000000d4020a000000
[2021-10-14 18:34:50,993] [INFO] [base._test_info] -> Current test: 1
[2021-10-14 18:34:50,994] [INFO] [server.transmit] -> request(26): 0300001a15e00000000100c0010ac10430313030c20430313033
[2021-10-14 18:34:50,996] [INFO] [server.transmit] -> response(26): 0300001a15d00001000100c0010ac10430313030c20430313033
[2021-10-14 18:34:50,999] [INFO] [server.transmit] -> request(25): 0300001902f08032010000000000080000f0000001000101e0
[2021-10-14 18:34:51,000] [INFO] [server.transmit] -> response(27): 0300001b02f080320300000000000800000000f0000001000101e0
[2021-10-14 18:34:51,002] [INFO] [server.transmit] -> request(33): 0300002102f080320700000000000800080001120411440100ff090004fb6eb620
[2021-10-14 18:34:51,005] [INFO] [server.transmit] -> response(33): 0300002102f080320700000000000c000400011208128401000000d4020a000000
[2021-10-14 18:34:51,118] [INFO] [base._test_info] -> Current test: 2
[2021-10-14 18:34:51,121] [INFO] [server.transmit] -> request(26): 0300001a15e00000000100c0010ac10430313030c20430313033
[2021-10-14 18:34:51,122] [INFO] [server.transmit] -> response(26): 0300001a15d00001000100c0010ac10430313030c20430313033
[2021-10-14 18:34:51,124] [INFO] [server.transmit] -> request(25): 0300001902f08032010000000000080000f0000001000101e0
[2021-10-14 18:34:51,125] [INFO] [server.transmit] -> response(27): 0300001b02f080320300000000000800000000f0000001000101e0
[2021-10-14 18:34:51,128] [INFO] [server.transmit] -> request(33): 0300002102f080320700000000000800080001120411440100ff090004bc1ad7db
[2021-10-14 18:34:51,130] [INFO] [server.transmit] -> response(33): 0300002102f080320700000000000c000400011208128401000000d4020a000000
[2021-10-14 18:34:51,246] [INFO] [base._test_info] -> Current test: 3
[2021-10-14 18:34:51,247] [INFO] [server.transmit] -> request(26): 0300001a15e00000000100c0010ac10430313030c20430313033
[2021-10-14 18:34:51,250] [INFO] [server.transmit] -> response(26): 0300001a15d00001000100c0010ac10430313030c20430313033
[2021-10-14 18:34:51,250] [INFO] [server.transmit] -> request(25): 0300001902f08032010000000000080000f0000001000101e0
[2021-10-14 18:34:51,253] [INFO] [server.transmit] -> response(27): 0300001b02f080320300000000000800000000f0000001000101e0
[2021-10-14 18:34:51,255] [INFO] [server.transmit] -> request(33): 0300002102f080320700000000000800080001120411440100ff090004c51c1503
[2021-10-14 18:34:51,256] [INFO] [server.transmit] -> response(33): 0300002102f080320700000000000c000400011208128401000000d4020a000000
[2021-10-14 18:34:51,371] [INFO] [base._test_info] -> Current test: 4
[2021-10-14 18:34:51,374] [INFO] [server.transmit] -> request(26): 0300001a15e00000000100c0010ac10430313030c20430313033
[2021-10-14 18:34:51,375] [INFO] [server.transmit] -> response(26): 0300001a15d00001000100c0010ac10430313030c20430313033
[2021-10-14 18:34:51,378] [INFO] [server.transmit] -> request(25): 0300001902f08032010000000000080000f0000001000101e0
[2021-10-14 18:34:51,378] [INFO] [server.transmit] -> response(27): 0300001b02f080320300000000000800000000f0000001000101e0
[2021-10-14 18:34:51,381] [INFO] [server.transmit] -> request(33): 0300002102f080320700000000000800080001120411440100ff0900042284ea35
[2021-10-14 18:34:51,382] [INFO] [server.transmit] -> response(33): 0300002102f080320700000000000c000400011208128401000000d4020a000000
[2021-10-14 18:34:51,500] [INFO] [base._test_info] -> Current test: 5
[2021-10-14 18:34:51,502] [INFO] [server.transmit] -> request(26): 0300001a15e00000000100c0010ac10430313030c20430313033
[2021-10-14 18:34:51,503] [INFO] [server.transmit] -> response(26): 0300001a15d00001000100c0010ac10430313030c20430313033
[2021-10-14 18:34:51,505] [INFO] [server.transmit] -> request(25): 0300001902f08032010000000000080000f0000001000101e0
[2021-10-14 18:34:51,506] [INFO] [server.transmit] -> response(27): 0300001b02f080320300000000000800000000f0000001000101e0
[2021-10-14 18:34:51,509] [INFO] [server.transmit] -> request(33): 0300002102f080320700000000000800080001120411440100ff090004ae8a8fcb
[2021-10-14 18:34:51,510] [INFO] [server.transmit] -> response(33): 0300002102f080320700000000000c000400011208128401000000d4020a000000
[2021-10-14 18:34:51,622] [INFO] [base._test_info] -> Current test: 6
[2021-10-14 18:34:51,625] [INFO] [server.transmit] -> request(26): 0300001a15e00000000100c0010ac10430313030c20430313033
[2021-10-14 18:34:51,625] [INFO] [server.transmit] -> response(26): 0300001a15d00001000100c0010ac10430313030c20430313033
[2021-10-14 18:34:51,628] [INFO] [server.transmit] -> request(25): 0300001902f08032010000000000080000f0000001000101e0
[2021-10-14 18:34:51,628] [INFO] [server.transmit] -> response(27): 0300001b02f080320300000000000800000000f0000001000101e0
[2021-10-14 18:34:51,631] [INFO] [server.transmit] -> request(33): 0300002102f080320700000000000800080001120411440100ff0900043f3be62a
[2021-10-14 18:34:51,632] [INFO] [server.transmit] -> response(33): 0300002102f080320700000000000c000400011208128401000000d4020a000000
[2021-10-14 18:34:51,747] [INFO] [base._test_info] -> Current test: 7
[2021-10-14 18:34:51,750] [INFO] [server.transmit] -> request(26): 0300001a15e00000000100c0010ac10430313030c20430313033
[2021-10-14 18:34:51,750] [INFO] [server.transmit] -> response(26): 0300001a15d00001000100c0010ac10430313030c20430313033
[2021-10-14 18:34:51,753] [INFO] [server.transmit] -> request(25): 0300001902f08032010000000000080000f0000001000101e0
[2021-10-14 18:34:51,753] [INFO] [server.transmit] -> response(27): 0300001b02f080320300000000000800000000f0000001000101e0
[2021-10-14 18:34:51,756] [INFO] [server.transmit] -> request(33): 0300002102f080320700000000000800080001120411440100ff090004cc436d1c
[2021-10-14 18:34:51,757] [INFO] [server.transmit] -> response(33): 0300002102f080320700000000000c000400011208128401000000d4020a000000
[2021-10-14 18:34:51,877] [INFO] [base._test_info] -> Current test: 8
[2021-10-14 18:34:51,878] [INFO] [server.transmit] -> request(26): 0300001a15e00000000100c0010ac10430313030c20430313033
[2021-10-14 18:34:51,880] [INFO] [server.transmit] -> response(26): 0300001a15d00001000100c0010ac10430313030c20430313033
[2021-10-14 18:34:51,881] [INFO] [server.transmit] -> request(25): 0300001902f08032010000000000080000f0000001000101e0
[2021-10-14 18:34:51,882] [INFO] [server.transmit] -> response(27): 0300001b02f080320300000000000800000000f0000001000101e0
[2021-10-14 18:34:51,884] [INFO] [server.transmit] -> request(33): 0300002102f080320700000000000800080001120411440100ff0900042ffe36dd
[2021-10-14 18:34:51,885] [INFO] [server.transmit] -> response(33): 0300002102f080320700000000000c000400011208128401000000d4020a000000
[2021-10-14 18:34:51,996] [INFO] [base._test_info] -> Current test: 9
[2021-10-14 18:34:51,997] [INFO] [server.transmit] -> request(26): 0300001a15e00000000100c0010ac10430313030c20430313033
[2021-10-14 18:34:51,999] [INFO] [server.transmit] -> response(26): 0300001a15d00001000100c0010ac10430313030c20430313033
[2021-10-14 18:34:52,000] [INFO] [server.transmit] -> request(25): 0300001902f08032010000000000080000f0000001000101e0
[2021-10-14 18:34:52,000] [INFO] [server.transmit] -> response(27): 0300001b02f080320300000000000800000000f0000001000101e0
[2021-10-14 18:34:52,002] [INFO] [server.transmit] -> request(33): 0300002102f080320700000000000800080001120411440100ff090004690c840c
[2021-10-14 18:34:52,003] [INFO] [server.transmit] -> response(33): 0300002102f080320700000000000c000400011208128401000000d4020a000000
[2021-10-14 18:34:52,122] [INFO] [base._test_info] -> Current test: 10
[2021-10-14 18:34:52,122] [INFO] [server.transmit] -> request(26): 0300001a15e00000000100c0010ac10430313030c20430313033
[2021-10-14 18:34:52,125] [INFO] [server.transmit] -> response(26): 0300001a15d00001000100c0010ac10430313030c20430313033
[2021-10-14 18:34:52,125] [INFO] [server.transmit] -> request(25): 0300001902f08032010000000000080000f0000001000101e0
[2021-10-14 18:34:52,127] [INFO] [server.transmit] -> response(27): 0300001b02f080320300000000000800000000f0000001000101e0
[2021-10-14 18:34:52,128] [INFO] [server.transmit] -> request(33): 0300002102f080320700000000000800080001120411440100ff090004c451cb70
[2021-10-14 18:34:52,128] [INFO] [server.transmit] -> response(33): 0300002102f080320700000000000c000400011208128401000000d4020a000000
[2021-10-14 18:34:52,246] [INFO] [base._test_info] -> Current test: 11
[2021-10-14 18:34:52,247] [INFO] [server.transmit] -> request(26): 0300001a15e00000000100c0010ac10430313030c20430313033
[2021-10-14 18:34:52,249] [INFO] [server.transmit] -> response(26): 0300001a15d00001000100c0010ac10430313030c20430313033
[2021-10-14 18:34:52,250] [INFO] [server.transmit] -> request(25): 0300001902f08032010000000000080000f0000001000101e0
[2021-10-14 18:34:52,250] [INFO] [server.transmit] -> response(27): 0300001b02f080320300000000000800000000f0000001000101e0
[2021-10-14 18:34:52,252] [INFO] [server.transmit] -> request(33): 0300002102f080320700000000000800080001120411440100ff09000413f1e362
[2021-10-14 18:34:52,253] [INFO] [server.transmit] -> response(33): 0300002102f080320700000000000c000400011208128401000000d4020a000000
[2021-10-14 18:34:52,375] [INFO] [base._test_info] -> Current test: 12
[2021-10-14 18:34:52,377] [INFO] [server.transmit] -> request(26): 0300001a15e00000000100c0010ac10430313030c20430313033
[2021-10-14 18:34:52,378] [INFO] [server.transmit] -> response(26): 0300001a15d00001000100c0010ac10430313030c20430313033
[2021-10-14 18:34:52,380] [INFO] [server.transmit] -> request(25): 0300001902f08032010000000000080000f0000001000101e0
[2021-10-14 18:34:52,381] [INFO] [server.transmit] -> response(27): 0300001b02f080320300000000000800000000f0000001000101e0
[2021-10-14 18:34:52,382] [INFO] [server.transmit] -> request(33): 0300002102f080320700000000000800080001120411440100ff0900048d85a61a
[2021-10-14 18:34:52,384] [INFO] [server.transmit] -> response(33): 0300002102f080320700000000000c000400011208128401000000d4020a000000
[2021-10-14 18:34:52,502] [INFO] [base._test_info] -> Current test: 13
[2021-10-14 18:34:52,503] [INFO] [server.transmit] -> request(26): 0300001a15e00000000100c0010ac10430313030c20430313033
[2021-10-14 18:34:52,506] [INFO] [server.transmit] -> response(26): 0300001a15d00001000100c0010ac10430313030c20430313033
[2021-10-14 18:34:52,507] [INFO] [server.transmit] -> request(25): 0300001902f08032010000000000080000f0000001000101e0
[2021-10-14 18:34:52,509] [INFO] [server.transmit] -> response(27): 0300001b02f080320300000000000800000000f0000001000101e0
[2021-10-14 18:34:52,512] [INFO] [server.transmit] -> request(33): 0300002102f080320700000000000800080001120411440100ff0900045fbf2622
[2021-10-14 18:34:52,513] [INFO] [server.transmit] -> response(33): 0300002102f080320700000000000c000400011208128401000000d4020a000000
[2021-10-14 18:34:52,628] [INFO] [base._test_info] -> Current test: 14
[2021-10-14 18:34:52,630] [INFO] [server.transmit] -> request(26): 0300001a15e00000000100c0010ac10430313030c20430313033
[2021-10-14 18:34:52,631] [INFO] [server.transmit] -> response(26): 0300001a15d00001000100c0010ac10430313030c20430313033
[2021-10-14 18:34:52,634] [INFO] [server.transmit] -> request(25): 0300001902f08032010000000000080000f0000001000101e0
[2021-10-14 18:34:52,635] [INFO] [server.transmit] -> response(27): 0300001b02f080320300000000000800000000f0000001000101e0
[2021-10-14 18:34:52,638] [INFO] [server.transmit] -> request(33): 0300002102f080320700000000000800080001120411440100ff090004e5025623
[2021-10-14 18:34:52,640] [INFO] [server.transmit] -> response(33): 0300002102f080320700000000000c000400011208128401000000d4020a000000
[2021-10-14 18:34:52,752] [INFO] [base._test_info] -> Current test: 15
[2021-10-14 18:34:52,753] [INFO] [server.transmit] -> request(26): 0300001a15e00000000100c0010ac10430313030c20430313033
[2021-10-14 18:34:52,756] [INFO] [server.transmit] -> response(26): 0300001a15d00001000100c0010ac10430313030c20430313033
[2021-10-14 18:34:52,756] [INFO] [server.transmit] -> request(25): 0300001902f08032010000000000080000f0000001000101e0
[2021-10-14 18:34:52,759] [INFO] [server.transmit] -> response(27): 0300001b02f080320300000000000800000000f0000001000101e0
[2021-10-14 18:34:52,760] [INFO] [server.transmit] -> request(33): 0300002102f080320700000000000800080001120411440100ff0900042875d14c
[2021-10-14 18:34:52,763] [INFO] [server.transmit] -> response(33): 0300002102f080320700000000000c000400011208128401000000d4020a000000
[2021-10-14 18:34:52,878] [INFO] [base._test_info] -> Current test: 16
[2021-10-14 18:34:52,881] [INFO] [server.transmit] -> request(26): 0300001a15e00000000100c0010ac10430313030c20430313033
[2021-10-14 18:34:52,882] [INFO] [server.transmit] -> response(26): 0300001a15d00001000100c0010ac10430313030c20430313033
[2021-10-14 18:34:52,884] [INFO] [server.transmit] -> request(25): 0300001902f08032010000000000080000f0000001000101e0
[2021-10-14 18:34:52,887] [INFO] [server.transmit] -> response(27): 0300001b02f080320300000000000800000000f0000001000101e0
[2021-10-14 18:34:52,888] [INFO] [server.transmit] -> request(33): 0300002102f080320700000000000800080001120411440100ff0900041d8a652a
[2021-10-14 18:34:52,891] [INFO] [server.transmit] -> response(33): 0300002102f080320700000000000c000400011208128401000000d4020a000000
[2021-10-14 18:34:53,005] [INFO] [base._test_info] -> Current test: 17
[2021-10-14 18:34:53,006] [INFO] [server.transmit] -> request(26): 0300001a15e00000000100c0010ac10430313030c20430313033
[2021-10-14 18:34:53,009] [INFO] [server.transmit] -> response(26): 0300001a15d00001000100c0010ac10430313030c20430313033
[2021-10-14 18:34:53,009] [INFO] [server.transmit] -> request(25): 0300001902f08032010000000000080000f0000001000101e0
[2021-10-14 18:34:53,013] [INFO] [server.transmit] -> response(27): 0300001b02f080320300000000000800000000f0000001000101e0
[2021-10-14 18:34:53,013] [INFO] [server.transmit] -> request(33): 0300002102f080320700000000000800080001120411440100ff09000456007822
[2021-10-14 18:34:53,016] [INFO] [server.transmit] -> response(33): 0300002102f080320700000000000c000400011208128401000000d4020a000000
[2021-10-14 18:34:53,130] [INFO] [base._test_info] -> Current test: 18
[2021-10-14 18:34:53,131] [INFO] [server.transmit] -> request(26): 0300001a15e00000000100c0010ac10430313030c20430313033
[2021-10-14 18:34:53,134] [INFO] [server.transmit] -> response(26): 0300001a15d00001000100c0010ac10430313030c20430313033
[2021-10-14 18:34:53,134] [INFO] [server.transmit] -> request(25): 0300001902f08032010000000000080000f0000001000101e0
[2021-10-14 18:34:53,137] [INFO] [server.transmit] -> response(27): 0300001b02f080320300000000000800000000f0000001000101e0
[2021-10-14 18:34:53,138] [INFO] [server.transmit] -> request(33): 0300002102f080320700000000000800080001120411440100ff0900046ee5e4f7
[2021-10-14 18:34:53,141] [INFO] [server.transmit] -> response(33): 0300002102f080320700000000000c000400011208128401000000d4020a000000
[2021-10-14 18:34:53,256] [INFO] [base._test_info] -> Current test: 19
[2021-10-14 18:34:53,259] [INFO] [server.transmit] -> request(26): 0300001a15e00000000100c0010ac10430313030c20430313033
[2021-10-14 18:34:53,260] [INFO] [server.transmit] -> response(26): 0300001a15d00001000100c0010ac10430313030c20430313033
[2021-10-14 18:34:53,263] [INFO] [server.transmit] -> request(25): 0300001902f08032010000000000080000f0000001000101e0
[2021-10-14 18:34:53,265] [INFO] [server.transmit] -> response(27): 0300001b02f080320300000000000800000000f0000001000101e0
[2021-10-14 18:34:53,266] [INFO] [server.transmit] -> request(33): 0300002102f080320700000000000800080001120411440100ff090004211d4765
[2021-10-14 18:34:53,269] [INFO] [server.transmit] -> response(33): 0300002102f080320700000000000c000400011208128401000000d4020a000000
[2021-10-14 18:34:53,382] [INFO] [base._test_info] -> Current test: 20
[2021-10-14 18:34:53,384] [INFO] [server.transmit] -> request(26): 0300001a15e00000000100c0010ac10430313030c20430313033
[2021-10-14 18:34:53,387] [INFO] [server.transmit] -> response(26): 0300001a15d00001000100c0010ac10430313030c20430313033
[2021-10-14 18:34:53,388] [INFO] [server.transmit] -> request(25): 0300001902f08032010000000000080000f0000001000101e0
[2021-10-14 18:34:53,391] [INFO] [server.transmit] -> response(27): 0300001b02f080320300000000000800000000f0000001000101e0
[2021-10-14 18:34:53,391] [INFO] [server.transmit] -> request(33): 0300002102f080320700000000000800080001120411440100ff090004351f5762
[2021-10-14 18:34:53,394] [INFO] [server.transmit] -> response(33): 0300002102f080320700000000000c000400011208128401000000d4020a000000
[2021-10-14 18:34:53,510] [INFO] [base._test_info] -> Current test: 21
[2021-10-14 18:34:53,513] [INFO] [server.transmit] -> request(26): 0300001a15e00000000100c0010ac10430313030c20430313033
[2021-10-14 18:34:53,515] [INFO] [server.transmit] -> response(26): 0300001a15d00001000100c0010ac10430313030c20430313033
[2021-10-14 18:34:53,516] [INFO] [server.transmit] -> request(25): 0300001902f08032010000000000080000f0000001000101e0
[2021-10-14 18:34:53,519] [INFO] [server.transmit] -> response(27): 0300001b02f080320300000000000800000000f0000001000101e0
[2021-10-14 18:34:53,520] [INFO] [server.transmit] -> request(33): 0300002102f080320700000000000800080001120411440100ff090004f19a8927
[2021-10-14 18:34:53,523] [INFO] [server.transmit] -> response(33): 0300002102f080320700000000000c000400011208128401000000d4020a000000
[2021-10-14 18:34:53,634] [INFO] [base._test_info] -> Current test: 22
[2021-10-14 18:34:53,637] [INFO] [server.transmit] -> request(26): 0300001a15e00000000100c0010ac10430313030c20430313033
[2021-10-14 18:34:53,640] [INFO] [server.transmit] -> response(26): 0300001a15d00001000100c0010ac10430313030c20430313033
[2021-10-14 18:34:53,641] [INFO] [server.transmit] -> request(25): 0300001902f08032010000000000080000f0000001000101e0
[2021-10-14 18:34:53,644] [INFO] [server.transmit] -> response(27): 0300001b02f080320300000000000800000000f0000001000101e0
[2021-10-14 18:34:53,644] [INFO] [server.transmit] -> request(33): 0300002102f080320700000000000800080001120411440100ff09000422dafe5b
[2021-10-14 18:34:53,648] [INFO] [server.transmit] -> response(33): 0300002102f080320700000000000c000400011208128401000000d4020a000000
[2021-10-14 18:34:53,759] [INFO] [base._test_info] -> Current test: 23
[2021-10-14 18:34:53,762] [INFO] [server.transmit] -> request(26): 0300001a15e00000000100c0010ac10430313030c20430313033
[2021-10-14 18:34:53,763] [INFO] [server.transmit] -> response(26): 0300001a15d00001000100c0010ac10430313030c20430313033
[2021-10-14 18:34:53,766] [INFO] [server.transmit] -> request(25): 0300001902f08032010000000000080000f0000001000101e0
[2021-10-14 18:34:53,767] [INFO] [server.transmit] -> response(27): 0300001b02f080320300000000000800000000f0000001000101e0
[2021-10-14 18:34:53,769] [INFO] [server.transmit] -> request(33): 0300002102f080320700000000000800080001120411440100ff0900046ccfb62c
[2021-10-14 18:34:53,773] [INFO] [server.transmit] -> response(33): 0300002102f080320700000000000c000400011208128401000000d4020a000000
[2021-10-14 18:34:53,888] [INFO] [base._test_info] -> Current test: 24
[2021-10-14 18:34:53,891] [INFO] [server.transmit] -> request(26): 0300001a15e00000000100c0010ac10430313030c20430313033
[2021-10-14 18:34:53,892] [INFO] [server.transmit] -> response(26): 0300001a15d00001000100c0010ac10430313030c20430313033
[2021-10-14 18:34:53,894] [INFO] [server.transmit] -> request(25): 0300001902f08032010000000000080000f0000001000101e0
[2021-10-14 18:34:53,895] [INFO] [server.transmit] -> response(27): 0300001b02f080320300000000000800000000f0000001000101e0
[2021-10-14 18:34:53,898] [INFO] [server.transmit] -> request(33): 0300002102f080320700000000000800080001120411440100ff09000409a5e46f
[2021-10-14 18:34:53,901] [INFO] [server.transmit] -> response(33): 0300002102f080320700000000000c000400011208128401000000d4020a000000
[2021-10-14 18:34:54,013] [INFO] [base._test_info] -> Current test: 25
[2021-10-14 18:34:54,016] [INFO] [server.transmit] -> request(26): 0300001a15e00000000100c0010ac10430313030c20430313033
[2021-10-14 18:34:54,017] [INFO] [server.transmit] -> response(26): 0300001a15d00001000100c0010ac10430313030c20430313033
[2021-10-14 18:34:54,019] [INFO] [server.transmit] -> request(25): 0300001902f08032010000000000080000f0000001000101e0
[2021-10-14 18:34:54,022] [INFO] [server.transmit] -> response(27): 0300001b02f080320300000000000800000000f0000001000101e0
[2021-10-14 18:34:54,023] [INFO] [server.transmit] -> request(33): 0300002102f080320700000000000800080001120411440100ff090004bd69961d
[2021-10-14 18:34:54,026] [INFO] [server.transmit] -> response(33): 0300002102f080320700000000000c000400011208128401000000d4020a000000
[2021-10-14 18:34:54,138] [INFO] [base._test_info] -> Current test: 26
[2021-10-14 18:34:54,138] [INFO] [server.transmit] -> request(26): 0300001a15e00000000100c0010ac10430313030c20430313033
[2021-10-14 18:34:54,141] [INFO] [server.transmit] -> response(26): 0300001a15d00001000100c0010ac10430313030c20430313033
[2021-10-14 18:34:54,144] [INFO] [server.transmit] -> request(25): 0300001902f08032010000000000080000f0000001000101e0
[2021-10-14 18:34:54,145] [INFO] [server.transmit] -> response(27): 0300001b02f080320300000000000800000000f0000001000101e0
[2021-10-14 18:34:54,145] [INFO] [server.transmit] -> request(33): 0300002102f080320700000000000800080001120411440100ff0900044e009de4
[2021-10-14 18:34:54,148] [INFO] [server.transmit] -> response(33): 0300002102f080320700000000000c000400011208128401000000d4020a000000
[2021-10-14 18:34:54,265] [INFO] [base._test_info] -> Current test: 27
[2021-10-14 18:34:54,266] [INFO] [server.transmit] -> request(26): 0300001a15e00000000100c0010ac10430313030c20430313033
[2021-10-14 18:34:54,269] [INFO] [server.transmit] -> response(26): 0300001a15d00001000100c0010ac10430313030c20430313033
[2021-10-14 18:34:54,270] [INFO] [server.transmit] -> request(25): 0300001902f08032010000000000080000f0000001000101e0
[2021-10-14 18:34:54,273] [INFO] [server.transmit] -> response(27): 0300001b02f080320300000000000800000000f0000001000101e0
[2021-10-14 18:34:54,275] [INFO] [server.transmit] -> request(33): 0300002102f080320700000000000800080001120411440100ff09000430fc628a
[2021-10-14 18:34:54,278] [INFO] [server.transmit] -> response(33): 0300002102f080320700000000000c000400011208128401000000d4020a000000
[2021-10-14 18:34:54,388] [INFO] [base._test_info] -> Current test: 28
[2021-10-14 18:34:54,390] [INFO] [server.transmit] -> request(26): 0300001a15e00000000100c0010ac10430313030c20430313033
[2021-10-14 18:34:54,391] [INFO] [server.transmit] -> response(26): 0300001a15d00001000100c0010ac10430313030c20430313033
[2021-10-14 18:34:54,391] [INFO] [server.transmit] -> request(25): 0300001902f08032010000000000080000f0000001000101e0
[2021-10-14 18:34:54,392] [INFO] [server.transmit] -> response(27): 0300001b02f080320300000000000800000000f0000001000101e0
[2021-10-14 18:34:54,394] [INFO] [server.transmit] -> request(33): 0300002102f080320700000000000800080001120411440100ff0900045a62cd79
[2021-10-14 18:34:54,394] [INFO] [server.transmit] -> response(33): 0300002102f080320700000000000c000400011208128401000000d4020a000000
[2021-10-14 18:34:54,519] [INFO] [base._test_info] -> Current test: 29
[2021-10-14 18:34:54,520] [INFO] [server.transmit] -> request(26): 0300001a15e00000000100c0010ac10430313030c20430313033
[2021-10-14 18:34:54,523] [INFO] [server.transmit] -> response(26): 0300001a15d00001000100c0010ac10430313030c20430313033
[2021-10-14 18:34:54,525] [INFO] [server.transmit] -> request(25): 0300001902f08032010000000000080000f0000001000101e0
[2021-10-14 18:34:54,526] [INFO] [server.transmit] -> response(27): 0300001b02f080320300000000000800000000f0000001000101e0
[2021-10-14 18:34:54,529] [INFO] [server.transmit] -> request(33): 0300002102f080320700000000000800080001120411440100ff0900044b44e541
[2021-10-14 18:34:54,530] [INFO] [server.transmit] -> response(33): 0300002102f080320700000000000c000400011208128401000000d4020a000000
[2021-10-14 18:34:54,641] [INFO] [base._test_info] -> Current test: 30
[2021-10-14 18:34:54,644] [INFO] [server.transmit] -> request(26): 0300001a15e00000000100c0010ac10430313030c20430313033
[2021-10-14 18:34:54,645] [INFO] [server.transmit] -> response(26): 0300001a15d00001000100c0010ac10430313030c20430313033
[2021-10-14 18:34:54,647] [INFO] [server.transmit] -> request(25): 0300001902f08032010000000000080000f0000001000101e0
[2021-10-14 18:34:54,648] [INFO] [server.transmit] -> response(27): 0300001b02f080320300000000000800000000f0000001000101e0
[2021-10-14 18:34:54,651] [INFO] [server.transmit] -> request(33): 0300002102f080320700000000000800080001120411440100ff090004be41a5d7
[2021-10-14 18:34:54,653] [INFO] [server.transmit] -> response(33): 0300002102f080320700000000000c000400011208128401000000d4020a000000
[2021-10-14 18:34:54,769] [INFO] [base._test_info] -> Current test: 31
[2021-10-14 18:34:54,770] [INFO] [server.transmit] -> request(26): 0300001a15e00000000100c0010ac10430313030c20430313033
[2021-10-14 18:34:54,773] [INFO] [server.transmit] -> response(26): 0300001a15d00001000100c0010ac10430313030c20430313033
[2021-10-14 18:34:54,775] [INFO] [server.transmit] -> request(25): 0300001902f08032010000000000080000f0000001000101e0
[2021-10-14 18:34:54,776] [INFO] [server.transmit] -> response(27): 0300001b02f080320300000000000800000000f0000001000101e0
[2021-10-14 18:34:54,779] [INFO] [server.transmit] -> request(33): 0300002102f080320700000000000800080001120411440100ff0900049c10f8ef
[2021-10-14 18:34:54,782] [INFO] [server.transmit] -> response(33): 0300002102f080320700000000000c000400011208128401000000d4020a000000
[2021-10-14 18:34:54,895] [INFO] [base._test_info] -> Current test: 32
[2021-10-14 18:34:54,898] [INFO] [server.transmit] -> request(26): 0300001a15e00000000100c0010ac10430313030c20430313033
[2021-10-14 18:34:54,901] [INFO] [server.transmit] -> response(26): 0300001a15d00001000100c0010ac10430313030c20430313033
[2021-10-14 18:34:54,901] [INFO] [server.transmit] -> request(25): 0300001902f08032010000000000080000f0000001000101e0
[2021-10-14 18:34:54,904] [INFO] [server.transmit] -> response(27): 0300001b02f080320300000000000800000000f0000001000101e0
[2021-10-14 18:34:54,905] [INFO] [server.transmit] -> request(33): 0300002102f080320700000000000800080001120411440100ff09000431626d45
[2021-10-14 18:34:54,907] [INFO] [server.transmit] -> response(33): 0300002102f080320700000000000c000400011208128401000000d4020a000000
[2021-10-14 18:34:55,020] [INFO] [base._test_info] -> Current test: 33
[2021-10-14 18:34:55,023] [INFO] [server.transmit] -> request(26): 0300001a15e00000000100c0010ac10430313030c20430313033
[2021-10-14 18:34:55,026] [INFO] [server.transmit] -> response(26): 0300001a15d00001000100c0010ac10430313030c20430313033
[2021-10-14 18:34:55,028] [INFO] [server.transmit] -> request(25): 0300001902f08032010000000000080000f0000001000101e0
[2021-10-14 18:34:55,029] [INFO] [server.transmit] -> response(27): 0300001b02f080320300000000000800000000f0000001000101e0
[2021-10-14 18:34:55,032] [INFO] [server.transmit] -> request(33): 0300002102f080320700000000000800080001120411440100ff090004414f43e7
[2021-10-14 18:34:55,035] [INFO] [server.transmit] -> response(33): 0300002102f080320700000000000c000400011208128401000000d4020a000000
[2021-10-14 18:34:55,144] [INFO] [base._test_info] -> Current test: 34
[2021-10-14 18:34:55,147] [INFO] [server.transmit] -> request(26): 0300001a15e00000000100c0010ac10430313030c20430313033
[2021-10-14 18:34:55,148] [INFO] [server.transmit] -> response(26): 0300001a15d00001000100c0010ac10430313030c20430313033
[2021-10-14 18:34:55,150] [INFO] [server.transmit] -> request(25): 0300001902f08032010000000000080000f0000001000101e0
[2021-10-14 18:34:55,151] [INFO] [server.transmit] -> response(27): 0300001b02f080320300000000000800000000f0000001000101e0
[2021-10-14 18:34:55,154] [INFO] [server.transmit] -> request(33): 0300002102f080320700000000000800080001120411440100ff0900042d49b3fd
[2021-10-14 18:34:55,155] [INFO] [server.transmit] -> response(33): 0300002102f080320700000000000c000400011208128401000000d4020a000000
[2021-10-14 18:34:55,272] [INFO] [base._test_info] -> Current test: 35
[2021-10-14 18:34:55,273] [INFO] [server.transmit] -> request(26): 0300001a15e00000000100c0010ac10430313030c20430313033
[2021-10-14 18:34:55,276] [INFO] [server.transmit] -> response(26): 0300001a15d00001000100c0010ac10430313030c20430313033
[2021-10-14 18:34:55,278] [INFO] [server.transmit] -> request(25): 0300001902f08032010000000000080000f0000001000101e0
[2021-10-14 18:34:55,279] [INFO] [server.transmit] -> response(27): 0300001b02f080320300000000000800000000f0000001000101e0
[2021-10-14 18:34:55,282] [INFO] [server.transmit] -> request(33): 0300002102f080320700000000000800080001120411440100ff090004bcb17a5f
[2021-10-14 18:34:55,283] [INFO] [server.transmit] -> response(33): 0300002102f080320700000000000c000400011208128401000000d4020a000000
[2021-10-14 18:34:55,398] [INFO] [base._test_info] -> Current test: 36
[2021-10-14 18:34:55,401] [INFO] [server.transmit] -> request(26): 0300001a15e00000000100c0010ac10430313030c20430313033
[2021-10-14 18:34:55,403] [INFO] [server.transmit] -> response(26): 0300001a15d00001000100c0010ac10430313030c20430313033
[2021-10-14 18:34:55,404] [INFO] [server.transmit] -> request(25): 0300001902f08032010000000000080000f0000001000101e0
[2021-10-14 18:34:55,407] [INFO] [server.transmit] -> response(27): 0300001b02f080320300000000000800000000f0000001000101e0
[2021-10-14 18:34:55,410] [INFO] [server.transmit] -> request(33): 0300002102f080320700000000000800080001120411440100ff090004e0d5fbbe
[2021-10-14 18:34:55,411] [INFO] [server.transmit] -> response(33): 0300002102f080320700000000000c000400011208128401000000d4020a000000
[2021-10-14 18:34:55,523] [INFO] [base._test_info] -> Current test: 37
[2021-10-14 18:34:55,525] [INFO] [server.transmit] -> request(26): 0300001a15e00000000100c0010ac10430313030c20430313033
[2021-10-14 18:34:55,528] [INFO] [server.transmit] -> response(26): 0300001a15d00001000100c0010ac10430313030c20430313033
[2021-10-14 18:34:55,529] [INFO] [server.transmit] -> request(25): 0300001902f08032010000000000080000f0000001000101e0
[2021-10-14 18:34:55,530] [INFO] [server.transmit] -> response(27): 0300001b02f080320300000000000800000000f0000001000101e0
[2021-10-14 18:34:55,533] [INFO] [server.transmit] -> request(33): 0300002102f080320700000000000800080001120411440100ff0900041dcbd7a5
[2021-10-14 18:34:55,536] [INFO] [server.transmit] -> response(33): 0300002102f080320700000000000c000400011208128401000000d4020a000000
[2021-10-14 18:34:55,645] [INFO] [base._test_info] -> Current test: 38
[2021-10-14 18:34:55,648] [INFO] [server.transmit] -> request(26): 0300001a15e00000000100c0010ac10430313030c20430313033
[2021-10-14 18:34:55,651] [INFO] [server.transmit] -> response(26): 0300001a15d00001000100c0010ac10430313030c20430313033
[2021-10-14 18:34:55,653] [INFO] [server.transmit] -> request(25): 0300001902f08032010000000000080000f0000001000101e0
[2021-10-14 18:34:55,654] [INFO] [server.transmit] -> response(27): 0300001b02f080320300000000000800000000f0000001000101e0
[2021-10-14 18:34:55,657] [INFO] [server.transmit] -> request(33): 0300002102f080320700000000000800080001120411440100ff0900045a70cfd3
[2021-10-14 18:34:55,658] [INFO] [server.transmit] -> response(33): 0300002102f080320700000000000c000400011208128401000000d4020a000000
[2021-10-14 18:34:55,775] [INFO] [base._test_info] -> Current test: 39
[2021-10-14 18:34:55,776] [INFO] [server.transmit] -> request(26): 0300001a15e00000000100c0010ac10430313030c20430313033
[2021-10-14 18:34:55,872] [ERROR] [server.transmit] -> target.transmit - failure in receive (exception: [Errno 10054] )
[2021-10-14 18:34:55,875] [ERROR] [server.transmit] -> Traceback (most recent call last):
  File "F:\Anaconda\envs\S7comm\lib\site-packages\kitty\targets\server.py", line 98, in transmit
    response = self._receive_from_target()
  File "F:\Anaconda\envs\S7comm\lib\site-packages\katnip\targets\tcp.py", line 86, in _receive_from_target
    return self.socket.recv(10000)
error: [Errno 10054] 

[2021-10-14 18:34:55,878] [INFO] [server.transmit] -> request(25): 0300001902f08032010000000000080000f0000001000101e0
[2021-10-14 18:34:55,881] [ERROR] [server.transmit] -> target.transmit - failure in send (exception: [Errno 10054] )
[2021-10-14 18:34:55,881] [ERROR] [server.transmit] -> Traceback (most recent call last):
  File "F:\Anaconda\envs\S7comm\lib\site-packages\kitty\targets\server.py", line 93, in transmit
    self._send_to_target(payload)
  File "F:\Anaconda\envs\S7comm\lib\site-packages\katnip\targets\tcp.py", line 83, in _send_to_target
    self.socket.send(data)
error: [Errno 10054] 

[2021-10-14 18:34:55,887] [INFO] [server.transmit] -> request(33): 0300002102f080320700000000000800080001120411440100ff090004b413b68a
[2021-10-14 18:34:55,888] [ERROR] [server.transmit] -> target.transmit - failure in send (exception: [Errno 10054] )
[2021-10-14 18:34:55,890] [ERROR] [server.transmit] -> Traceback (most recent call last):
  File "F:\Anaconda\envs\S7comm\lib\site-packages\kitty\targets\server.py", line 93, in transmit
    self._send_to_target(payload)
  File "F:\Anaconda\envs\S7comm\lib\site-packages\katnip\targets\tcp.py", line 83, in _send_to_target
    self.socket.send(data)
error: [Errno 10054] 

[2021-10-14 18:34:55,894] [WARNING] [base.post_test] -> Test 39 status: failed
[2021-10-14 18:34:55,894] [WARNING] [base.post_test] -> Reason: failed to receive response: [Errno 10054] 
[2021-10-14 18:34:55,904] [WARNING] [base._post_test] -> !! Failure detected !!
[2021-10-14 18:34:58,039] [ERROR] [tcp.pre_test] -> Error: Traceback (most recent call last):
  File "F:\Anaconda\envs\S7comm\lib\site-packages\katnip\targets\tcp.py", line 57, in pre_test
    sock.connect((self.host, self.port))
  File "F:\Anaconda\envs\S7comm\lib\socket.py", line 228, in meth
    return getattr(self._sock,name)(*args)
timeout: timed out

[2021-10-14 18:34:58,045] [ERROR] [tcp.pre_test] -> Failed to connect to target server, retrying...
[2021-10-14 18:35:01,055] [ERROR] [tcp.pre_test] -> Error: Traceback (most recent call last):
  File "F:\Anaconda\envs\S7comm\lib\site-packages\katnip\targets\tcp.py", line 57, in pre_test
    sock.connect((self.host, self.port))
  File "F:\Anaconda\envs\S7comm\lib\socket.py", line 228, in meth
    return getattr(self._sock,name)(*args)
timeout: timed out

[2021-10-14 18:35:01,059] [ERROR] [tcp.pre_test] -> Failed to connect to target server, retrying...
[2021-10-14 18:35:04,078] [ERROR] [tcp.pre_test] -> Error: Traceback (most recent call last):
  File "F:\Anaconda\envs\S7comm\lib\site-packages\katnip\targets\tcp.py", line 57, in pre_test
    sock.connect((self.host, self.port))
  File "F:\Anaconda\envs\S7comm\lib\socket.py", line 228, in meth
    return getattr(self._sock,name)(*args)
timeout: timed out

[2021-10-14 18:35:04,082] [ERROR] [tcp.pre_test] -> Failed to connect to target server, retrying...
[2021-10-14 18:35:07,105] [ERROR] [tcp.pre_test] -> Error: Traceback (most recent call last):
  File "F:\Anaconda\envs\S7comm\lib\site-packages\katnip\targets\tcp.py", line 57, in pre_test
    sock.connect((self.host, self.port))
  File "F:\Anaconda\envs\S7comm\lib\socket.py", line 228, in meth
    return getattr(self._sock,name)(*args)
timeout: timed out

[2021-10-14 18:35:07,111] [ERROR] [tcp.pre_test] -> Failed to connect to target server, retrying...
[2021-10-14 18:35:10,117] [ERROR] [tcp.pre_test] -> Error: Traceback (most recent call last):
  File "F:\Anaconda\envs\S7comm\lib\site-packages\katnip\targets\tcp.py", line 57, in pre_test
    sock.connect((self.host, self.port))
  File "F:\Anaconda\envs\S7comm\lib\socket.py", line 228, in meth
    return getattr(self._sock,name)(*args)
timeout: timed out

[2021-10-14 18:35:10,121] [ERROR] [tcp.pre_test] -> Failed to connect to target server, retrying...
[2021-10-14 18:35:13,144] [ERROR] [tcp.pre_test] -> Error: Traceback (most recent call last):
  File "F:\Anaconda\envs\S7comm\lib\site-packages\katnip\targets\tcp.py", line 57, in pre_test
    sock.connect((self.host, self.port))
  File "F:\Anaconda\envs\S7comm\lib\socket.py", line 228, in meth
    return getattr(self._sock,name)(*args)
timeout: timed out

[2021-10-14 18:35:13,148] [ERROR] [tcp.pre_test] -> Failed to connect to target server, retrying...
[2021-10-14 18:35:16,167] [ERROR] [tcp.pre_test] -> Error: Traceback (most recent call last):
  File "F:\Anaconda\envs\S7comm\lib\site-packages\katnip\targets\tcp.py", line 57, in pre_test
    sock.connect((self.host, self.port))
  File "F:\Anaconda\envs\S7comm\lib\socket.py", line 228, in meth
    return getattr(self._sock,name)(*args)
timeout: timed out

[2021-10-14 18:35:16,171] [ERROR] [tcp.pre_test] -> Failed to connect to target server, retrying...
[2021-10-14 18:35:19,188] [ERROR] [tcp.pre_test] -> Error: Traceback (most recent call last):
  File "F:\Anaconda\envs\S7comm\lib\site-packages\katnip\targets\tcp.py", line 57, in pre_test
    sock.connect((self.host, self.port))
  File "F:\Anaconda\envs\S7comm\lib\socket.py", line 228, in meth
    return getattr(self._sock,name)(*args)
timeout: timed out

[2021-10-14 18:35:19,191] [ERROR] [tcp.pre_test] -> Failed to connect to target server, retrying...
[2021-10-14 18:35:22,209] [ERROR] [tcp.pre_test] -> Error: Traceback (most recent call last):
  File "F:\Anaconda\envs\S7comm\lib\site-packages\katnip\targets\tcp.py", line 57, in pre_test
    sock.connect((self.host, self.port))
  File "F:\Anaconda\envs\S7comm\lib\socket.py", line 228, in meth
    return getattr(self._sock,name)(*args)
timeout: timed out

[2021-10-14 18:35:22,213] [ERROR] [tcp.pre_test] -> Failed to connect to target server, retrying...
[2021-10-14 18:35:25,224] [ERROR] [tcp.pre_test] -> Error: Traceback (most recent call last):
  File "F:\Anaconda\envs\S7comm\lib\site-packages\katnip\targets\tcp.py", line 57, in pre_test
    sock.connect((self.host, self.port))
  File "F:\Anaconda\envs\S7comm\lib\socket.py", line 228, in meth
    return getattr(self._sock,name)(*args)
timeout: timed out

[2021-10-14 18:35:25,227] [ERROR] [tcp.pre_test] -> Failed to connect to target server, retrying...
[2021-10-14 18:35:26,243] [ERROR] [server._start] -> Error occurred while fuzzing: KittyException('TCPTarget: (pre_test) cannot connect to server (retries = 10',)
[2021-10-14 18:35:26,246] [ERROR] [server._start] -> Traceback (most recent call last):
  File "F:\Anaconda\envs\S7comm\lib\site-packages\kitty\fuzzers\server.py", line 43, in _start
    self._run_sequence(sequence)
  File "F:\Anaconda\envs\S7comm\lib\site-packages\kitty\fuzzers\server.py", line 64, in _run_sequence
    self._pre_test()
  File "F:\Anaconda\envs\S7comm\lib\site-packages\kitty\fuzzers\base.py", line 427, in _pre_test
    self.target.pre_test(self.model.current_index())
  File "F:\Anaconda\envs\S7comm\lib\site-packages\katnip\targets\tcp.py", line 65, in pre_test
    raise(KittyException('TCPTarget: (pre_test) cannot connect to server (retries = %d' % retry_count))
KittyException: TCPTarget: (pre_test) cannot connect to server (retries = 10

[2021-10-14 18:35:26,247] [INFO] [base._end_message] -> 
                         --------------------------------------------------
                         Finished fuzzing session
                         Target: TcpTarget

                         Tested 41 mutations
                         Failure count: 1
                         --------------------------------------------------
            
