[2021-09-13 19:20:48,946] [INFO] [base._load_session] -> No session loaded
[2021-09-13 19:20:48,949] [INFO] [base._start_message] -> 
                 --------------------------------------------------
                 Starting fuzzing session
                 Target: TcpTarget
                 UI: WebInterface listening on 127.0.0.1:26011
                 Log: ./kittylogs/kitty_20210913-192048.log

                 Total possible mutation count: 361
                 --------------------------------------------------
                                 Happy hacking
                 --------------------------------------------------
            
[2021-09-13 19:20:48,951] [INFO] [base.start] -> Performing environment test
[2021-09-13 19:20:48,957] [INFO] [base._test_info] -> Current test: -1
[2021-09-13 19:20:48,957] [INFO] [server.transmit] -> request(28): 474554202f696e6465782e68746d6c20485454502f312e310d0a0d0a
[2021-09-13 19:20:48,958] [INFO] [server._start] -> should keep running? True
[2021-09-13 19:20:48,959] [INFO] [base._test_info] -> Current test: 0
[2021-09-13 19:20:48,960] [INFO] [server.transmit] -> request(39): 474554202f696e6465782e68746d6c2f696e6465782e68746d6c20485454502f312e310d0a0d0a
[2021-09-13 19:20:48,963] [INFO] [base._test_info] -> Current test: 1
[2021-09-13 19:20:48,963] [INFO] [server.transmit] -> request(127): 474554202f696e6465782e68746d6c2f696e6465782e68746d6c2f696e6465782e68746d6c2f696e6465782e68746d6c2f69 ...
[2021-09-13 19:20:48,965] [INFO] [base._test_info] -> Current test: 2
[2021-09-13 19:20:48,966] [INFO] [server.transmit] -> request(1117): 474554202f696e6465782e68746d6c2f696e6465782e68746d6c2f696e6465782e68746d6c2f696e6465782e68746d6c2f69 ...
[2021-09-13 19:20:48,968] [INFO] [base._test_info] -> Current test: 3
[2021-09-13 19:20:48,969] [INFO] [server.transmit] -> request(29): 474554202f696e6465782e68746d6cfe20485454502f312e310d0a0d0a
[2021-09-13 19:20:48,971] [INFO] [base._test_info] -> Current test: 4
[2021-09-13 19:20:48,971] [INFO] [server.transmit] -> request(29): 47455420002f696e6465782e68746d6c20485454502f312e310d0a0d0a
[2021-09-13 19:20:48,973] [INFO] [base._test_info] -> Current test: 5
[2021-09-13 19:20:48,973] [INFO] [server.transmit] -> request(29): 474554202f696e646500782e68746d6c20485454502f312e310d0a0d0a
[2021-09-13 19:20:48,975] [INFO] [base._test_info] -> Current test: 6
[2021-09-13 19:20:48,975] [INFO] [server.transmit] -> request(29): 474554202f696e6465782e68746d6c0020485454502f312e310d0a0d0a
[2021-09-13 19:20:48,977] [INFO] [base._test_info] -> Current test: 7
[2021-09-13 19:20:48,978] [INFO] [server.transmit] -> request(17): 4745542020485454502f312e310d0a0d0a
[2021-09-13 19:20:48,980] [INFO] [base._test_info] -> Current test: 8
[2021-09-13 19:20:48,981] [INFO] [server.transmit] -> request(2065): 4745542025732573257325732573257325732573257325732573257325732573257325732573257325732573257325732573 ...
[2021-09-13 19:20:48,983] [INFO] [base._test_info] -> Current test: 9
[2021-09-13 19:20:48,984] [INFO] [server.transmit] -> request(273): 4745542025732573257325732573257325732573257325732573257325732573257325732573257325732573257325732573 ...
[2021-09-13 19:20:48,986] [INFO] [base._test_info] -> Current test: 10
[2021-09-13 19:20:48,986] [INFO] [server.transmit] -> request(49): 47455420257325732573257325732573257325732573257325732573257325732573257320485454502f312e310d0a0d0a
[2021-09-13 19:20:48,988] [INFO] [base._test_info] -> Current test: 11
[2021-09-13 19:20:48,988] [INFO] [server.transmit] -> request(21): 474554202573257320485454502f312e310d0a0d0a
[2021-09-13 19:20:48,990] [INFO] [base._test_info] -> Current test: 12
[2021-09-13 19:20:48,991] [INFO] [server.transmit] -> request(3089): 4745542025257325257325257325257325257325257325257325257325257325257325257325257325257325257325257325 ...
[2021-09-13 19:20:48,993] [INFO] [base._test_info] -> Current test: 13
[2021-09-13 19:20:48,993] [INFO] [server.transmit] -> request(401): 4745542025257325257325257325257325257325257325257325257325257325257325257325257325257325257325257325 ...
[2021-09-13 19:20:48,996] [INFO] [base._test_info] -> Current test: 14
[2021-09-13 19:20:48,996] [INFO] [server.transmit] -> request(65): 4745542025257325257325257325257325257325257325257325257325257325257325257325257325257325257325257325 ...
[2021-09-13 19:20:48,998] [INFO] [base._test_info] -> Current test: 15
[2021-09-13 19:20:48,999] [INFO] [server.transmit] -> request(23): 4745542025257325257320485454502f312e310d0a0d0a
[2021-09-13 19:20:49,002] [INFO] [base._test_info] -> Current test: 16
[2021-09-13 19:20:49,003] [INFO] [server.transmit] -> request(4113): 4745542022257322222573222225732222257322222573222225732222257322222573222225732222257322222573222225 ...
[2021-09-13 19:20:49,004] [INFO] [base._test_info] -> Current test: 17
[2021-09-13 19:20:49,005] [INFO] [server.transmit] -> request(529): 4745542022257322222573222225732222257322222573222225732222257322222573222225732222257322222573222225 ...
[2021-09-13 19:20:49,007] [INFO] [base._test_info] -> Current test: 18
[2021-09-13 19:20:49,007] [INFO] [server.transmit] -> request(81): 4745542022257322222573222225732222257322222573222225732222257322222573222225732222257322222573222225 ...
[2021-09-13 19:20:49,009] [INFO] [base._test_info] -> Current test: 19
[2021-09-13 19:20:49,009] [INFO] [server.transmit] -> request(25): 47455420222573222225732220485454502f312e310d0a0d0a
[2021-09-13 19:20:49,012] [INFO] [base._test_info] -> Current test: 20
[2021-09-13 19:20:49,012] [INFO] [server.transmit] -> request(2065): 47455420256e256e256e256e256e256e256e256e256e256e256e256e256e256e256e256e256e256e256e256e256e256e256e ...
[2021-09-13 19:20:49,014] [INFO] [base._test_info] -> Current test: 21
[2021-09-13 19:20:49,015] [INFO] [server.transmit] -> request(273): 47455420256e256e256e256e256e256e256e256e256e256e256e256e256e256e256e256e256e256e256e256e256e256e256e ...
[2021-09-13 19:20:49,017] [INFO] [base._test_info] -> Current test: 22
[2021-09-13 19:20:49,018] [INFO] [server.transmit] -> request(49): 47455420256e256e256e256e256e256e256e256e256e256e256e256e256e256e256e256e20485454502f312e310d0a0d0a
[2021-09-13 19:20:49,020] [INFO] [base._test_info] -> Current test: 23
[2021-09-13 19:20:49,021] [INFO] [server.transmit] -> request(21): 47455420256e256e20485454502f312e310d0a0d0a
[2021-09-13 19:20:49,023] [INFO] [base._test_info] -> Current test: 24
[2021-09-13 19:20:49,024] [INFO] [server.transmit] -> request(3089): 4745542025256e25256e25256e25256e25256e25256e25256e25256e25256e25256e25256e25256e25256e25256e25256e25 ...
[2021-09-13 19:20:49,025] [INFO] [base._test_info] -> Current test: 25
[2021-09-13 19:20:49,026] [INFO] [server.transmit] -> request(401): 4745542025256e25256e25256e25256e25256e25256e25256e25256e25256e25256e25256e25256e25256e25256e25256e25 ...
[2021-09-13 19:20:49,027] [INFO] [base._test_info] -> Current test: 26
[2021-09-13 19:20:49,028] [INFO] [server.transmit] -> request(65): 4745542025256e25256e25256e25256e25256e25256e25256e25256e25256e25256e25256e25256e25256e25256e25256e25 ...
[2021-09-13 19:20:49,030] [INFO] [base._test_info] -> Current test: 27
[2021-09-13 19:20:49,031] [INFO] [server.transmit] -> request(23): 4745542025256e25256e20485454502f312e310d0a0d0a
[2021-09-13 19:20:49,033] [INFO] [base._test_info] -> Current test: 28
[2021-09-13 19:20:49,035] [INFO] [server.transmit] -> request(4113): 4745542022256e2222256e2222256e2222256e2222256e2222256e2222256e2222256e2222256e2222256e2222256e222225 ...
[2021-09-13 19:20:49,037] [INFO] [base._test_info] -> Current test: 29
[2021-09-13 19:20:49,037] [INFO] [server.transmit] -> request(529): 4745542022256e2222256e2222256e2222256e2222256e2222256e2222256e2222256e2222256e2222256e2222256e222225 ...
[2021-09-13 19:20:49,039] [INFO] [base._test_info] -> Current test: 30
[2021-09-13 19:20:49,040] [INFO] [server.transmit] -> request(81): 4745542022256e2222256e2222256e2222256e2222256e2222256e2222256e2222256e2222256e2222256e2222256e222225 ...
[2021-09-13 19:20:49,041] [INFO] [base._test_info] -> Current test: 31
[2021-09-13 19:20:49,042] [INFO] [server.transmit] -> request(25): 4745542022256e2222256e2220485454502f312e310d0a0d0a
[2021-09-13 19:20:49,044] [INFO] [base._test_info] -> Current test: 32
[2021-09-13 19:20:49,044] [INFO] [server.transmit] -> request(31): 47455420252e31363730357525325c24686e20485454502f312e310d0a0d0a
[2021-09-13 19:20:49,048] [INFO] [base._test_info] -> Current test: 33
[2021-09-13 19:20:49,048] [INFO] [server.transmit] -> request(2065): 474554200d0a0d0a0d0a0d0a0d0a0d0a0d0a0d0a0d0a0d0a0d0a0d0a0d0a0d0a0d0a0d0a0d0a0d0a0d0a0d0a0d0a0d0a0d0a ...
[2021-09-13 19:20:49,051] [INFO] [base._test_info] -> Current test: 34
[2021-09-13 19:20:49,051] [INFO] [server.transmit] -> request(273): 474554200d0a0d0a0d0a0d0a0d0a0d0a0d0a0d0a0d0a0d0a0d0a0d0a0d0a0d0a0d0a0d0a0d0a0d0a0d0a0d0a0d0a0d0a0d0a ...
[2021-09-13 19:20:49,054] [INFO] [base._test_info] -> Current test: 35
[2021-09-13 19:20:49,055] [INFO] [server.transmit] -> request(49): 474554200d0a0d0a0d0a0d0a0d0a0d0a0d0a0d0a0d0a0d0a0d0a0d0a0d0a0d0a0d0a0d0a20485454502f312e310d0a0d0a
[2021-09-13 19:20:49,057] [INFO] [base._test_info] -> Current test: 36
[2021-09-13 19:20:49,057] [INFO] [server.transmit] -> request(21): 474554200d0a0d0a20485454502f312e310d0a0d0a
[2021-09-13 19:20:49,059] [INFO] [base._test_info] -> Current test: 37
[2021-09-13 19:20:49,060] [INFO] [server.transmit] -> request(1041): 474554200a0a0a0a0a0a0a0a0a0a0a0a0a0a0a0a0a0a0a0a0a0a0a0a0a0a0a0a0a0a0a0a0a0a0a0a0a0a0a0a0a0a0a0a0a0a ...
[2021-09-13 19:20:49,062] [INFO] [base._test_info] -> Current test: 38
[2021-09-13 19:20:49,063] [INFO] [server.transmit] -> request(145): 474554200a0a0a0a0a0a0a0a0a0a0a0a0a0a0a0a0a0a0a0a0a0a0a0a0a0a0a0a0a0a0a0a0a0a0a0a0a0a0a0a0a0a0a0a0a0a ...
[2021-09-13 19:20:49,065] [INFO] [base._test_info] -> Current test: 39
[2021-09-13 19:20:49,066] [INFO] [server.transmit] -> request(33): 474554200a0a0a0a0a0a0a0a0a0a0a0a0a0a0a0a20485454502f312e310d0a0d0a
[2021-09-13 19:20:49,068] [INFO] [base._test_info] -> Current test: 40
[2021-09-13 19:20:49,068] [INFO] [server.transmit] -> request(19): 474554200a0a20485454502f312e310d0a0d0a
[2021-09-13 19:20:49,071] [INFO] [base._test_info] -> Current test: 41
[2021-09-13 19:20:49,071] [INFO] [server.transmit] -> request(4113): 47455420deadbeefdeadbeefdeadbeefdeadbeefdeadbeefdeadbeefdeadbeefdeadbeefdeadbeefdeadbeefdeadbeefdead ...
[2021-09-13 19:20:49,073] [INFO] [base._test_info] -> Current test: 42
[2021-09-13 19:20:49,074] [INFO] [server.transmit] -> request(529): 47455420deadbeefdeadbeefdeadbeefdeadbeefdeadbeefdeadbeefdeadbeefdeadbeefdeadbeefdeadbeefdeadbeefdead ...
[2021-09-13 19:20:49,076] [INFO] [base._test_info] -> Current test: 43
[2021-09-13 19:20:49,076] [INFO] [server.transmit] -> request(81): 47455420deadbeefdeadbeefdeadbeefdeadbeefdeadbeefdeadbeefdeadbeefdeadbeefdeadbeefdeadbeefdeadbeefdead ...
[2021-09-13 19:20:49,078] [INFO] [base._test_info] -> Current test: 44
[2021-09-13 19:20:49,079] [INFO] [server.transmit] -> request(25): 47455420deadbeefdeadbeef20485454502f312e310d0a0d0a
[2021-09-13 19:20:49,081] [INFO] [base._test_info] -> Current test: 45
[2021-09-13 19:20:49,082] [INFO] [server.transmit] -> request(34): 474554207c746f756368202f746d702f4b4954545920485454502f312e310d0a0d0a
[2021-09-13 19:20:49,084] [INFO] [base._test_info] -> Current test: 46
[2021-09-13 19:20:49,085] [INFO] [server.transmit] -> request(35): 474554203b746f756368202f746d702f4b495454593b20485454502f312e310d0a0d0a
[2021-09-13 19:20:49,087] [INFO] [base._test_info] -> Current test: 47
[2021-09-13 19:20:49,088] [INFO] [server.transmit] -> request(31): 474554203b6c733e2f746d702f4b4954545920485454502f312e310d0a0d0a
[2021-09-13 19:20:49,089] [INFO] [base._test_info] -> Current test: 48
[2021-09-13 19:20:49,090] [INFO] [server.transmit] -> request(46): 47455420223b6c733e2f746d702f4b495454593b6c733e2f6465762f6e756c6c2220485454502f312e310d0a0d0a
[2021-09-13 19:20:49,091] [INFO] [base._test_info] -> Current test: 49
[2021-09-13 19:20:49,092] [INFO] [server.transmit] -> request(47): 47455420273b6c733e2f746d702f4b495454593b6c733e272f6465762f6e756c6c2720485454502f312e310d0a0d0a
[2021-09-13 19:20:49,093] [INFO] [base._test_info] -> Current test: 50
[2021-09-13 19:20:49,094] [INFO] [server.transmit] -> request(32): 47455420606c733e2f746d702f4b495454596020485454502f312e310d0a0d0a
[2021-09-13 19:20:49,096] [INFO] [base._test_info] -> Current test: 51
[2021-09-13 19:20:49,097] [INFO] [server.transmit] -> request(33): 4745542020606c733e2f746d702f4b495454596020485454502f312e310d0a0d0a
[2021-09-13 19:20:49,099] [INFO] [base._test_info] -> Current test: 52
[2021-09-13 19:20:49,100] [INFO] [server.transmit] -> request(25): 474554207c6e6f746570616420485454502f312e310d0a0d0a
[2021-09-13 19:20:49,102] [INFO] [base._test_info] -> Current test: 53
[2021-09-13 19:20:49,102] [INFO] [server.transmit] -> request(26): 474554203b6e6f74657061643b20485454502f312e310d0a0d0a
[2021-09-13 19:20:49,104] [INFO] [base._test_info] -> Current test: 54
[2021-09-13 19:20:49,105] [INFO] [server.transmit] -> request(26): 474554200a6e6f74657061640a20485454502f312e310d0a0d0a
[2021-09-13 19:20:49,106] [INFO] [base._test_info] -> Current test: 55
[2021-09-13 19:20:49,107] [INFO] [server.transmit] -> request(28): 4745542027206f7220313d31202d2d20485454502f312e310d0a0d0a
[2021-09-13 19:20:49,108] [INFO] [base._test_info] -> Current test: 56
[2021-09-13 19:20:49,109] [INFO] [server.transmit] -> request(34): 47455420273b20646573632075736572733b202d2d20485454502f312e310d0a0d0a
[2021-09-13 19:20:49,110] [INFO] [base._test_info] -> Current test: 57
[2021-09-13 19:20:49,110] [INFO] [server.transmit] -> request(58): 4745542027206f7220757365726e616d65206973206e6f74204e554c4c206f7220757365726e616d65203d20272048545450 ...
[2021-09-13 19:20:49,113] [INFO] [base._test_info] -> Current test: 58
[2021-09-13 19:20:49,113] [INFO] [server.transmit] -> request(89): 474554203120756e696f6e20616c6c2073656c65637420312c322c332c342c352c362c6e616d652066726f6d207379736f62 ...
[2021-09-13 19:20:49,115] [INFO] [base._test_info] -> Current test: 59
[2021-09-13 19:20:49,116] [INFO] [server.transmit] -> request(28): 4745542060206f72206031603d603120485454502f312e310d0a0d0a
[2021-09-13 19:20:49,118] [INFO] [base._test_info] -> Current test: 60
[2021-09-13 19:20:49,119] [INFO] [server.transmit] -> request(28): 4745542027206f72202731273d273120485454502f312e310d0a0d0a
[2021-09-13 19:20:49,121] [INFO] [base._test_info] -> Current test: 61
[2021-09-13 19:20:49,121] [INFO] [server.transmit] -> request(19): 47455420414120485454502f312e310d0a0d0a
[2021-09-13 19:20:49,123] [INFO] [base._test_info] -> Current test: 62
[2021-09-13 19:20:49,123] [INFO] [server.transmit] -> request(27): 474554204141414141414141414120485454502f312e310d0a0d0a
[2021-09-13 19:20:49,125] [INFO] [base._test_info] -> Current test: 63
[2021-09-13 19:20:49,125] [INFO] [server.transmit] -> request(117): 4745542041414141414141414141414141414141414141414141414141414141414141414141414141414141414141414141 ...
[2021-09-13 19:20:49,127] [INFO] [base._test_info] -> Current test: 64
[2021-09-13 19:20:49,128] [INFO] [server.transmit] -> request(1017): 4745542041414141414141414141414141414141414141414141414141414141414141414141414141414141414141414141 ...
[2021-09-13 19:20:49,131] [INFO] [base._test_info] -> Current test: 65
[2021-09-13 19:20:49,132] [INFO] [server.transmit] -> request(5017): 4745542041414141414141414141414141414141414141414141414141414141414141414141414141414141414141414141 ...
[2021-09-13 19:20:49,135] [INFO] [base._test_info] -> Current test: 66
[2021-09-13 19:20:49,137] [INFO] [server.transmit] -> request(10017): 4745542041414141414141414141414141414141414141414141414141414141414141414141414141414141414141414141 ...
[2021-09-13 19:20:49,138] [INFO] [base._test_info] -> Current test: 67
[2021-09-13 19:20:49,139] [INFO] [server.transmit] -> request(28): 474554202f6574632f70617373776420485454502f312e310d0a0d0a
[2021-09-13 19:20:49,140] [INFO] [base._test_info] -> Current test: 68
[2021-09-13 19:20:49,141] [INFO] [server.transmit] -> request(71): 474554202e2f2e2e2f2e2e2f2e2e2f2e2e2f2e2e2f2e2e2f2e2e2f2e2e2f2e2e2f2e2e2f2e2e2f2e2e2f2e2e2f2e2e2f6574 ...
[2021-09-13 19:20:49,143] [INFO] [base._test_info] -> Current test: 69
[2021-09-13 19:20:49,143] [INFO] [server.transmit] -> request(69): 474554202e2e2f2e2e2f2e2e2f2e2e2f2e2e2f2e2e2f2e2e2f2e2e2f2e2e2f2e2e2f2e2e2f2e2e2f2e2e2f2e2e2f6574632f ...
[2021-09-13 19:20:49,145] [INFO] [base._test_info] -> Current test: 70
[2021-09-13 19:20:49,146] [INFO] [server.transmit] -> request(30): 474554202f70726f632f637075696e666f20485454502f312e310d0a0d0a
[2021-09-13 19:20:49,148] [INFO] [base._test_info] -> Current test: 71
[2021-09-13 19:20:49,148] [INFO] [server.transmit] -> request(73): 474554202e2f2e2e2f2e2e2f2e2e2f2e2e2f2e2e2f2e2e2f2e2e2f2e2e2f2e2e2f2e2e2f2e2e2f2e2e2f2e2e2f2e2e2f7072 ...
[2021-09-13 19:20:49,150] [INFO] [base._test_info] -> Current test: 72
[2021-09-13 19:20:49,151] [INFO] [server.transmit] -> request(71): 474554202e2e2f2e2e2f2e2e2f2e2e2f2e2e2f2e2e2f2e2e2f2e2e2f2e2e2f2e2e2f2e2e2f2e2e2f2e2e2f2e2e2f70726f63 ...
[2021-09-13 19:20:49,153] [INFO] [base._test_info] -> Current test: 73
[2021-09-13 19:20:49,153] [INFO] [server.transmit] -> request(27): 474554207e2f2e70726f66696c6520485454502f312e310d0a0d0a
[2021-09-13 19:20:49,155] [INFO] [base._test_info] -> Current test: 74
[2021-09-13 19:20:49,155] [INFO] [server.transmit] -> request(31): 4745542024484f4d452f2e70726f66696c6520485454502f312e310d0a0d0a
[2021-09-13 19:20:49,157] [INFO] [base._test_info] -> Current test: 75
[2021-09-13 19:20:49,157] [INFO] [server.transmit] -> request(62): 474554202f2e2e2f2e2e2f2e2e2f2e2e2f2e2e2f2e2e2f2e2e2f2e2e2f2e2e2f2e2e2f2e2e2f2e2e2f626f6f742e696e6920 ...
[2021-09-13 19:20:49,159] [INFO] [base._test_info] -> Current test: 76
[2021-09-13 19:20:49,159] [INFO] [server.transmit] -> request(1041): 474554202f5c2f5c2f5c2f5c2f5c2f5c2f5c2f5c2f5c2f5c2f5c2f5c2f5c2f5c2f5c2f5c2f5c2f5c2f5c2f5c2f5c2f5c2f5c ...
[2021-09-13 19:20:49,161] [INFO] [base._test_info] -> Current test: 77
[2021-09-13 19:20:49,162] [INFO] [server.transmit] -> request(145): 474554202f5c2f5c2f5c2f5c2f5c2f5c2f5c2f5c2f5c2f5c2f5c2f5c2f5c2f5c2f5c2f5c2f5c2f5c2f5c2f5c2f5c2f5c2f5c ...
[2021-09-13 19:20:49,164] [INFO] [base._test_info] -> Current test: 78
[2021-09-13 19:20:49,164] [INFO] [server.transmit] -> request(33): 474554202f5c2f5c2f5c2f5c2f5c2f5c2f5c2f5c20485454502f312e310d0a0d0a
[2021-09-13 19:20:49,167] [INFO] [base._test_info] -> Current test: 79
[2021-09-13 19:20:49,167] [INFO] [server.transmit] -> request(1041): 474554202f2e2f2e2f2e2f2e2f2e2f2e2f2e2f2e2f2e2f2e2f2e2f2e2f2e2f2e2f2e2f2e2f2e2f2e2f2e2f2e2f2e2f2e2f2e ...
[2021-09-13 19:20:49,170] [INFO] [base._test_info] -> Current test: 80
[2021-09-13 19:20:49,170] [INFO] [server.transmit] -> request(145): 474554202f2e2f2e2f2e2f2e2f2e2f2e2f2e2f2e2f2e2f2e2f2e2f2e2f2e2f2e2f2e2f2e2f2e2f2e2f2e2f2e2f2e2f2e2f2e ...
[2021-09-13 19:20:49,172] [INFO] [base._test_info] -> Current test: 81
[2021-09-13 19:20:49,172] [INFO] [server.transmit] -> request(33): 474554202f2e2f2e2f2e2f2e2f2e2f2e2f2e2f2e20485454502f312e310d0a0d0a
[2021-09-13 19:20:49,174] [INFO] [base._test_info] -> Current test: 82
[2021-09-13 19:20:49,174] [INFO] [server.transmit] -> request(46): 474554202140232425255e2324252324402324252424402324255e5e2a2a28282920485454502f312e310d0a0d0a
[2021-09-13 19:20:49,176] [INFO] [base._test_info] -> Current test: 83
[2021-09-13 19:20:49,176] [INFO] [server.transmit] -> request(42): 474554202530312530322530332530342530612530642530614144534620485454502f312e310d0a0d0a
[2021-09-13 19:20:49,178] [INFO] [base._test_info] -> Current test: 84
[2021-09-13 19:20:49,178] [INFO] [server.transmit] -> request(43): 47455420253031253032253033402530342530612530642530614144534620485454502f312e310d0a0d0a
[2021-09-13 19:20:49,181] [INFO] [base._test_info] -> Current test: 85
[2021-09-13 19:20:49,181] [INFO] [server.transmit] -> request(22): 474554202f2530302f20485454502f312e310d0a0d0a
[2021-09-13 19:20:49,183] [INFO] [base._test_info] -> Current test: 86
[2021-09-13 19:20:49,184] [INFO] [server.transmit] -> request(21): 474554202530302f20485454502f312e310d0a0d0a
[2021-09-13 19:20:49,186] [INFO] [base._test_info] -> Current test: 87
[2021-09-13 19:20:49,186] [INFO] [server.transmit] -> request(20): 4745542025303020485454502f312e310d0a0d0a
[2021-09-13 19:20:49,188] [INFO] [base._test_info] -> Current test: 88
[2021-09-13 19:20:49,188] [INFO] [server.transmit] -> request(23): 4745542025753030303020485454502f312e310d0a0d0a
[2021-09-13 19:20:49,190] [INFO] [base._test_info] -> Current test: 89
[2021-09-13 19:20:49,190] [INFO] [server.transmit] -> request(209): 4745542025fef02501ff25fef02501ff25fef02501ff25fef02501ff25fef02501ff25fef02501ff25fef02501ff25fef025 ...
[2021-09-13 19:20:49,192] [INFO] [base._test_info] -> Current test: 90
[2021-09-13 19:20:49,193] [INFO] [server.transmit] -> request(41): 4745542025fef02501ff25fef02501ff25fef02501ff25fef02501ff20485454502f312e310d0a0d0a
[2021-09-13 19:20:49,194] [INFO] [base._test_info] -> Current test: 91
[2021-09-13 19:20:49,196] [INFO] [server.transmit] -> request(29): 474554202f696e6465782e68746d6c2020485454502f312e310d0a0d0a
[2021-09-13 19:20:49,197] [INFO] [base._test_info] -> Current test: 92
[2021-09-13 19:20:49,198] [INFO] [server.transmit] -> request(37): 474554202f696e6465782e68746d6c20202020202020202020485454502f312e310d0a0d0a
[2021-09-13 19:20:49,200] [INFO] [base._test_info] -> Current test: 93
[2021-09-13 19:20:49,202] [INFO] [server.transmit] -> request(127): 474554202f696e6465782e68746d6c2020202020202020202020202020202020202020202020202020202020202020202020 ...
[2021-09-13 19:20:49,221] [INFO] [base._test_info] -> Current test: 94
[2021-09-13 19:20:49,222] [INFO] [server.transmit] -> request(29): 474554202f696e6465782e68746d6c20fe485454502f312e310d0a0d0a
[2021-09-13 19:20:49,223] [INFO] [base._test_info] -> Current test: 95
[2021-09-13 19:20:49,224] [INFO] [server.transmit] -> request(29): 474554202f696e6465782e68746d6c0020485454502f312e310d0a0d0a
[2021-09-13 19:20:49,230] [INFO] [base._test_info] -> Current test: 96
[2021-09-13 19:20:49,231] [INFO] [server.transmit] -> request(29): 474554202f696e6465782e68746d6c0020485454502f312e310d0a0d0a
[2021-09-13 19:20:49,233] [INFO] [base._test_info] -> Current test: 97
[2021-09-13 19:20:49,234] [INFO] [server.transmit] -> request(29): 474554202f696e6465782e68746d6c2000485454502f312e310d0a0d0a
[2021-09-13 19:20:49,236] [INFO] [base._test_info] -> Current test: 98
[2021-09-13 19:20:49,236] [INFO] [server.transmit] -> request(31): 474554202f696e6465782e68746d6c20202020485454502f312e310d0a0d0a
[2021-09-13 19:20:49,238] [INFO] [base._test_info] -> Current test: 99
[2021-09-13 19:20:49,239] [INFO] [server.transmit] -> request(31): 474554202f696e6465782e68746d6c09090909485454502f312e310d0a0d0a
[2021-09-13 19:20:49,241] [INFO] [base._test_info] -> Current test: 100
[2021-09-13 19:20:49,241] [INFO] [server.transmit] -> request(31): 474554202f696e6465782e68746d6c21212121485454502f312e310d0a0d0a
[2021-09-13 19:20:49,243] [INFO] [base._test_info] -> Current test: 101
[2021-09-13 19:20:49,243] [INFO] [server.transmit] -> request(31): 474554202f696e6465782e68746d6c40404040485454502f312e310d0a0d0a
[2021-09-13 19:20:49,245] [INFO] [base._test_info] -> Current test: 102
[2021-09-13 19:20:49,246] [INFO] [server.transmit] -> request(31): 474554202f696e6465782e68746d6c23232323485454502f312e310d0a0d0a
[2021-09-13 19:20:49,248] [INFO] [base._test_info] -> Current test: 103
[2021-09-13 19:20:49,248] [INFO] [server.transmit] -> request(31): 474554202f696e6465782e68746d6c24242424485454502f312e310d0a0d0a
[2021-09-13 19:20:49,251] [INFO] [base._test_info] -> Current test: 104
[2021-09-13 19:20:49,251] [INFO] [server.transmit] -> request(31): 474554202f696e6465782e68746d6c25252525485454502f312e310d0a0d0a
[2021-09-13 19:20:49,253] [INFO] [base._test_info] -> Current test: 105
[2021-09-13 19:20:49,253] [INFO] [server.transmit] -> request(31): 474554202f696e6465782e68746d6c5e5e5e5e485454502f312e310d0a0d0a
[2021-09-13 19:20:49,255] [INFO] [base._test_info] -> Current test: 106
[2021-09-13 19:20:49,255] [INFO] [server.transmit] -> request(31): 474554202f696e6465782e68746d6c26262626485454502f312e310d0a0d0a
[2021-09-13 19:20:49,257] [INFO] [base._test_info] -> Current test: 107
[2021-09-13 19:20:49,257] [INFO] [server.transmit] -> request(31): 474554202f696e6465782e68746d6c2a2a2a2a485454502f312e310d0a0d0a
[2021-09-13 19:20:49,259] [INFO] [base._test_info] -> Current test: 108
[2021-09-13 19:20:49,259] [INFO] [server.transmit] -> request(31): 474554202f696e6465782e68746d6c28282828485454502f312e310d0a0d0a
[2021-09-13 19:20:49,261] [INFO] [base._test_info] -> Current test: 109
[2021-09-13 19:20:49,261] [INFO] [server.transmit] -> request(31): 474554202f696e6465782e68746d6c29292929485454502f312e310d0a0d0a
[2021-09-13 19:20:49,264] [INFO] [base._test_info] -> Current test: 110
[2021-09-13 19:20:49,264] [INFO] [server.transmit] -> request(31): 474554202f696e6465782e68746d6c2d2d2d2d485454502f312e310d0a0d0a
[2021-09-13 19:20:49,266] [INFO] [base._test_info] -> Current test: 111
[2021-09-13 19:20:49,266] [INFO] [server.transmit] -> request(31): 474554202f696e6465782e68746d6c5f5f5f5f485454502f312e310d0a0d0a
[2021-09-13 19:20:49,268] [INFO] [base._test_info] -> Current test: 112
[2021-09-13 19:20:49,269] [INFO] [server.transmit] -> request(31): 474554202f696e6465782e68746d6c2b2b2b2b485454502f312e310d0a0d0a
[2021-09-13 19:20:49,270] [INFO] [base._test_info] -> Current test: 113
[2021-09-13 19:20:49,271] [INFO] [server.transmit] -> request(31): 474554202f696e6465782e68746d6c3d3d3d3d485454502f312e310d0a0d0a
[2021-09-13 19:20:49,272] [INFO] [base._test_info] -> Current test: 114
[2021-09-13 19:20:49,273] [INFO] [server.transmit] -> request(31): 474554202f696e6465782e68746d6c3a3a3a3a485454502f312e310d0a0d0a
[2021-09-13 19:20:49,274] [INFO] [base._test_info] -> Current test: 115
[2021-09-13 19:20:49,275] [INFO] [server.transmit] -> request(31): 474554202f696e6465782e68746d6c3b3b3b3b485454502f312e310d0a0d0a
[2021-09-13 19:20:49,276] [INFO] [base._test_info] -> Current test: 116
[2021-09-13 19:20:49,277] [INFO] [server.transmit] -> request(31): 474554202f696e6465782e68746d6c27272727485454502f312e310d0a0d0a
[2021-09-13 19:20:49,279] [INFO] [base._test_info] -> Current test: 117
[2021-09-13 19:20:49,280] [INFO] [server.transmit] -> request(31): 474554202f696e6465782e68746d6c22222222485454502f312e310d0a0d0a
[2021-09-13 19:20:49,281] [INFO] [base._test_info] -> Current test: 118
[2021-09-13 19:20:49,282] [INFO] [server.transmit] -> request(31): 474554202f696e6465782e68746d6c2f2f2f2f485454502f312e310d0a0d0a
[2021-09-13 19:20:49,284] [INFO] [base._test_info] -> Current test: 119
[2021-09-13 19:20:49,284] [INFO] [server.transmit] -> request(31): 474554202f696e6465782e68746d6c5c5c5c5c485454502f312e310d0a0d0a
[2021-09-13 19:20:49,286] [INFO] [base._test_info] -> Current test: 120
[2021-09-13 19:20:49,286] [INFO] [server.transmit] -> request(31): 474554202f696e6465782e68746d6c3f3f3f3f485454502f312e310d0a0d0a
[2021-09-13 19:20:49,288] [INFO] [base._test_info] -> Current test: 121
[2021-09-13 19:20:49,288] [INFO] [server.transmit] -> request(31): 474554202f696e6465782e68746d6c3c3c3c3c485454502f312e310d0a0d0a
[2021-09-13 19:20:49,290] [INFO] [base._test_info] -> Current test: 122
[2021-09-13 19:20:49,290] [INFO] [server.transmit] -> request(31): 474554202f696e6465782e68746d6c3e3e3e3e485454502f312e310d0a0d0a
[2021-09-13 19:20:49,292] [INFO] [base._test_info] -> Current test: 123
[2021-09-13 19:20:49,292] [INFO] [server.transmit] -> request(31): 474554202f696e6465782e68746d6c2e2e2e2e485454502f312e310d0a0d0a
[2021-09-13 19:20:49,294] [INFO] [base._test_info] -> Current test: 124
[2021-09-13 19:20:49,294] [INFO] [server.transmit] -> request(31): 474554202f696e6465782e68746d6c2c2c2c2c485454502f312e310d0a0d0a
[2021-09-13 19:20:49,296] [INFO] [base._test_info] -> Current test: 125
[2021-09-13 19:20:49,297] [INFO] [server.transmit] -> request(31): 474554202f696e6465782e68746d6c0d0d0d0d485454502f312e310d0a0d0a
[2021-09-13 19:20:49,298] [INFO] [base._test_info] -> Current test: 126
[2021-09-13 19:20:49,298] [INFO] [server.transmit] -> request(31): 474554202f696e6465782e68746d6c0a0a0a0a485454502f312e310d0a0d0a
[2021-09-13 19:20:49,301] [INFO] [base._test_info] -> Current test: 127
[2021-09-13 19:20:49,301] [INFO] [server.transmit] -> request(43): 474554202f696e6465782e68746d6c0d0a0d0a0d0a0d0a0d0a0d0a0d0a0d0a485454502f312e310d0a0d0a
[2021-09-13 19:20:49,303] [INFO] [base._test_info] -> Current test: 128
[2021-09-13 19:20:49,303] [INFO] [server.transmit] -> request(51): 474554202f696e6465782e68746d6c090d0a090d0a090d0a090d0a090d0a090d0a090d0a090d0a485454502f312e310d0a0d ...
[2021-09-13 19:20:49,305] [INFO] [base._test_info] -> Current test: 129
[2021-09-13 19:20:49,305] [INFO] [server.transmit] -> request(27): 474554202f696e6465782e68746d6c485454502f312e310d0a0d0a
[2021-09-13 19:20:49,307] [INFO] [base._test_info] -> Current test: 130
[2021-09-13 19:20:49,307] [INFO] [server.transmit] -> request(32): 474554202f696e6465782e68746d6c2048545450485454502f312e310d0a0d0a
[2021-09-13 19:20:49,309] [INFO] [base._test_info] -> Current test: 131
[2021-09-13 19:20:49,309] [INFO] [server.transmit] -> request(64): 474554202f696e6465782e68746d6c2048545450485454504854545048545450485454504854545048545450485454504854 ...
[2021-09-13 19:20:49,312] [INFO] [base._test_info] -> Current test: 132
[2021-09-13 19:20:49,312] [INFO] [server.transmit] -> request(424): 474554202f696e6465782e68746d6c2048545450485454504854545048545450485454504854545048545450485454504854 ...
[2021-09-13 19:20:49,314] [INFO] [base._test_info] -> Current test: 133
[2021-09-13 19:20:49,314] [INFO] [server.transmit] -> request(29): 474554202f696e6465782e68746d6c2048545450fe2f312e310d0a0d0a
[2021-09-13 19:20:49,316] [INFO] [base._test_info] -> Current test: 134
[2021-09-13 19:20:49,317] [INFO] [server.transmit] -> request(29): 474554202f696e6465782e68746d6c2000485454502f312e310d0a0d0a
[2021-09-13 19:20:49,319] [INFO] [base._test_info] -> Current test: 135
[2021-09-13 19:20:49,319] [INFO] [server.transmit] -> request(29): 474554202f696e6465782e68746d6c2048540054502f312e310d0a0d0a
[2021-09-13 19:20:49,321] [INFO] [base._test_info] -> Current test: 136
[2021-09-13 19:20:49,321] [INFO] [server.transmit] -> request(29): 474554202f696e6465782e68746d6c2048545450002f312e310d0a0d0a
[2021-09-13 19:20:49,323] [INFO] [base._test_info] -> Current test: 137
[2021-09-13 19:20:49,323] [INFO] [server.transmit] -> request(24): 474554202f696e6465782e68746d6c202f312e310d0a0d0a
[2021-09-13 19:20:49,325] [INFO] [base._test_info] -> Current test: 138
[2021-09-13 19:20:49,326] [INFO] [server.transmit] -> request(2072): 474554202f696e6465782e68746d6c2025732573257325732573257325732573257325732573257325732573257325732573 ...
[2021-09-13 19:20:49,328] [INFO] [base._test_info] -> Current test: 139
[2021-09-13 19:20:49,328] [INFO] [server.transmit] -> request(280): 474554202f696e6465782e68746d6c2025732573257325732573257325732573257325732573257325732573257325732573 ...
[2021-09-13 19:20:49,330] [INFO] [base._test_info] -> Current test: 140
[2021-09-13 19:20:49,331] [INFO] [server.transmit] -> request(56): 474554202f696e6465782e68746d6c2025732573257325732573257325732573257325732573257325732573257325732f31 ...
[2021-09-13 19:20:49,333] [INFO] [base._test_info] -> Current test: 141
[2021-09-13 19:20:49,333] [INFO] [server.transmit] -> request(28): 474554202f696e6465782e68746d6c20257325732f312e310d0a0d0a
[2021-09-13 19:20:49,335] [INFO] [base._test_info] -> Current test: 142
[2021-09-13 19:20:49,336] [INFO] [server.transmit] -> request(3096): 474554202f696e6465782e68746d6c2025257325257325257325257325257325257325257325257325257325257325257325 ...
[2021-09-13 19:20:49,338] [INFO] [base._test_info] -> Current test: 143
[2021-09-13 19:20:49,338] [INFO] [server.transmit] -> request(408): 474554202f696e6465782e68746d6c2025257325257325257325257325257325257325257325257325257325257325257325 ...
[2021-09-13 19:20:49,340] [INFO] [base._test_info] -> Current test: 144
[2021-09-13 19:20:49,340] [INFO] [server.transmit] -> request(72): 474554202f696e6465782e68746d6c2025257325257325257325257325257325257325257325257325257325257325257325 ...
[2021-09-13 19:20:49,342] [INFO] [base._test_info] -> Current test: 145
[2021-09-13 19:20:49,342] [INFO] [server.transmit] -> request(30): 474554202f696e6465782e68746d6c202525732525732f312e310d0a0d0a
[2021-09-13 19:20:49,345] [INFO] [base._test_info] -> Current test: 146
[2021-09-13 19:20:49,346] [INFO] [server.transmit] -> request(4120): 474554202f696e6465782e68746d6c2022257322222573222225732222257322222573222225732222257322222573222225 ...
[2021-09-13 19:20:49,348] [INFO] [base._test_info] -> Current test: 147
[2021-09-13 19:20:49,349] [INFO] [server.transmit] -> request(536): 474554202f696e6465782e68746d6c2022257322222573222225732222257322222573222225732222257322222573222225 ...
[2021-09-13 19:20:49,350] [INFO] [base._test_info] -> Current test: 148
[2021-09-13 19:20:49,351] [INFO] [server.transmit] -> request(88): 474554202f696e6465782e68746d6c2022257322222573222225732222257322222573222225732222257322222573222225 ...
[2021-09-13 19:20:49,352] [INFO] [base._test_info] -> Current test: 149
[2021-09-13 19:20:49,353] [INFO] [server.transmit] -> request(32): 474554202f696e6465782e68746d6c2022257322222573222f312e310d0a0d0a
[2021-09-13 19:20:49,355] [INFO] [base._test_info] -> Current test: 150
[2021-09-13 19:20:49,355] [INFO] [server.transmit] -> request(2072): 474554202f696e6465782e68746d6c20256e256e256e256e256e256e256e256e256e256e256e256e256e256e256e256e256e ...
[2021-09-13 19:20:49,357] [INFO] [base._test_info] -> Current test: 151
[2021-09-13 19:20:49,358] [INFO] [server.transmit] -> request(280): 474554202f696e6465782e68746d6c20256e256e256e256e256e256e256e256e256e256e256e256e256e256e256e256e256e ...
[2021-09-13 19:20:49,359] [INFO] [base._test_info] -> Current test: 152
[2021-09-13 19:20:49,360] [INFO] [server.transmit] -> request(56): 474554202f696e6465782e68746d6c20256e256e256e256e256e256e256e256e256e256e256e256e256e256e256e256e2f31 ...
[2021-09-13 19:20:49,362] [INFO] [base._test_info] -> Current test: 153
[2021-09-13 19:20:49,362] [INFO] [server.transmit] -> request(28): 474554202f696e6465782e68746d6c20256e256e2f312e310d0a0d0a
[2021-09-13 19:20:49,365] [INFO] [base._test_info] -> Current test: 154
[2021-09-13 19:20:49,366] [INFO] [server.transmit] -> request(3096): 474554202f696e6465782e68746d6c2025256e25256e25256e25256e25256e25256e25256e25256e25256e25256e25256e25 ...
[2021-09-13 19:20:49,368] [INFO] [base._test_info] -> Current test: 155
[2021-09-13 19:20:49,368] [INFO] [server.transmit] -> request(408): 474554202f696e6465782e68746d6c2025256e25256e25256e25256e25256e25256e25256e25256e25256e25256e25256e25 ...
[2021-09-13 19:20:49,370] [INFO] [base._test_info] -> Current test: 156
[2021-09-13 19:20:49,370] [INFO] [server.transmit] -> request(72): 474554202f696e6465782e68746d6c2025256e25256e25256e25256e25256e25256e25256e25256e25256e25256e25256e25 ...
[2021-09-13 19:20:49,372] [INFO] [base._test_info] -> Current test: 157
[2021-09-13 19:20:49,372] [INFO] [server.transmit] -> request(30): 474554202f696e6465782e68746d6c2025256e25256e2f312e310d0a0d0a
[2021-09-13 19:20:49,374] [INFO] [base._test_info] -> Current test: 158
[2021-09-13 19:20:49,375] [INFO] [server.transmit] -> request(4120): 474554202f696e6465782e68746d6c2022256e2222256e2222256e2222256e2222256e2222256e2222256e2222256e222225 ...
[2021-09-13 19:20:49,377] [INFO] [base._test_info] -> Current test: 159
[2021-09-13 19:20:49,378] [INFO] [server.transmit] -> request(536): 474554202f696e6465782e68746d6c2022256e2222256e2222256e2222256e2222256e2222256e2222256e2222256e222225 ...
[2021-09-13 19:20:49,380] [INFO] [base._test_info] -> Current test: 160
[2021-09-13 19:20:49,380] [INFO] [server.transmit] -> request(88): 474554202f696e6465782e68746d6c2022256e2222256e2222256e2222256e2222256e2222256e2222256e2222256e222225 ...
[2021-09-13 19:20:49,382] [INFO] [base._test_info] -> Current test: 161
[2021-09-13 19:20:49,383] [INFO] [server.transmit] -> request(32): 474554202f696e6465782e68746d6c2022256e2222256e222f312e310d0a0d0a
[2021-09-13 19:20:49,384] [INFO] [base._test_info] -> Current test: 162
[2021-09-13 19:20:49,385] [INFO] [server.transmit] -> request(38): 474554202f696e6465782e68746d6c20252e31363730357525325c24686e2f312e310d0a0d0a
[2021-09-13 19:20:49,387] [INFO] [base._test_info] -> Current test: 163
[2021-09-13 19:20:49,387] [INFO] [server.transmit] -> request(2072): 474554202f696e6465782e68746d6c200d0a0d0a0d0a0d0a0d0a0d0a0d0a0d0a0d0a0d0a0d0a0d0a0d0a0d0a0d0a0d0a0d0a ...
[2021-09-13 19:20:49,389] [INFO] [base._test_info] -> Current test: 164
[2021-09-13 19:20:49,389] [INFO] [server.transmit] -> request(280): 474554202f696e6465782e68746d6c200d0a0d0a0d0a0d0a0d0a0d0a0d0a0d0a0d0a0d0a0d0a0d0a0d0a0d0a0d0a0d0a0d0a ...
[2021-09-13 19:20:49,391] [INFO] [base._test_info] -> Current test: 165
[2021-09-13 19:20:49,392] [INFO] [server.transmit] -> request(56): 474554202f696e6465782e68746d6c200d0a0d0a0d0a0d0a0d0a0d0a0d0a0d0a0d0a0d0a0d0a0d0a0d0a0d0a0d0a0d0a2f31 ...
[2021-09-13 19:20:49,393] [INFO] [base._test_info] -> Current test: 166
[2021-09-13 19:20:49,393] [INFO] [server.transmit] -> request(28): 474554202f696e6465782e68746d6c200d0a0d0a2f312e310d0a0d0a
[2021-09-13 19:20:49,396] [INFO] [base._test_info] -> Current test: 167
[2021-09-13 19:20:49,396] [INFO] [server.transmit] -> request(1048): 474554202f696e6465782e68746d6c200a0a0a0a0a0a0a0a0a0a0a0a0a0a0a0a0a0a0a0a0a0a0a0a0a0a0a0a0a0a0a0a0a0a ...
[2021-09-13 19:20:49,398] [INFO] [base._test_info] -> Current test: 168
[2021-09-13 19:20:49,399] [INFO] [server.transmit] -> request(152): 474554202f696e6465782e68746d6c200a0a0a0a0a0a0a0a0a0a0a0a0a0a0a0a0a0a0a0a0a0a0a0a0a0a0a0a0a0a0a0a0a0a ...
[2021-09-13 19:20:49,401] [INFO] [base._test_info] -> Current test: 169
[2021-09-13 19:20:49,402] [INFO] [server.transmit] -> request(40): 474554202f696e6465782e68746d6c200a0a0a0a0a0a0a0a0a0a0a0a0a0a0a0a2f312e310d0a0d0a
[2021-09-13 19:20:49,404] [INFO] [base._test_info] -> Current test: 170
[2021-09-13 19:20:49,404] [INFO] [server.transmit] -> request(26): 474554202f696e6465782e68746d6c200a0a2f312e310d0a0d0a
[2021-09-13 19:20:49,407] [INFO] [base._test_info] -> Current test: 171
[2021-09-13 19:20:49,408] [INFO] [server.transmit] -> request(4120): 474554202f696e6465782e68746d6c20deadbeefdeadbeefdeadbeefdeadbeefdeadbeefdeadbeefdeadbeefdeadbeefdead ...
[2021-09-13 19:20:49,410] [INFO] [base._test_info] -> Current test: 172
[2021-09-13 19:20:49,410] [INFO] [server.transmit] -> request(536): 474554202f696e6465782e68746d6c20deadbeefdeadbeefdeadbeefdeadbeefdeadbeefdeadbeefdeadbeefdeadbeefdead ...
[2021-09-13 19:20:49,413] [INFO] [base._test_info] -> Current test: 173
[2021-09-13 19:20:49,414] [INFO] [server.transmit] -> request(88): 474554202f696e6465782e68746d6c20deadbeefdeadbeefdeadbeefdeadbeefdeadbeefdeadbeefdeadbeefdeadbeefdead ...
[2021-09-13 19:20:49,416] [INFO] [base._test_info] -> Current test: 174
[2021-09-13 19:20:49,417] [INFO] [server.transmit] -> request(32): 474554202f696e6465782e68746d6c20deadbeefdeadbeef2f312e310d0a0d0a
[2021-09-13 19:20:49,419] [INFO] [base._test_info] -> Current test: 175
[2021-09-13 19:20:49,419] [INFO] [server.transmit] -> request(41): 474554202f696e6465782e68746d6c207c746f756368202f746d702f4b495454592f312e310d0a0d0a
[2021-09-13 19:20:49,421] [INFO] [base._test_info] -> Current test: 176
[2021-09-13 19:20:49,422] [INFO] [server.transmit] -> request(42): 474554202f696e6465782e68746d6c203b746f756368202f746d702f4b495454593b2f312e310d0a0d0a
[2021-09-13 19:20:49,423] [INFO] [base._test_info] -> Current test: 177
[2021-09-13 19:20:49,424] [INFO] [server.transmit] -> request(38): 474554202f696e6465782e68746d6c203b6c733e2f746d702f4b495454592f312e310d0a0d0a
[2021-09-13 19:20:49,426] [INFO] [base._test_info] -> Current test: 178
[2021-09-13 19:20:49,426] [INFO] [server.transmit] -> request(53): 474554202f696e6465782e68746d6c20223b6c733e2f746d702f4b495454593b6c733e2f6465762f6e756c6c222f312e310d ...
[2021-09-13 19:20:49,428] [INFO] [base._test_info] -> Current test: 179
[2021-09-13 19:20:49,429] [INFO] [server.transmit] -> request(54): 474554202f696e6465782e68746d6c20273b6c733e2f746d702f4b495454593b6c733e272f6465762f6e756c6c272f312e31 ...
[2021-09-13 19:20:49,431] [INFO] [base._test_info] -> Current test: 180
[2021-09-13 19:20:49,432] [INFO] [server.transmit] -> request(39): 474554202f696e6465782e68746d6c20606c733e2f746d702f4b49545459602f312e310d0a0d0a
[2021-09-13 19:20:49,434] [INFO] [base._test_info] -> Current test: 181
[2021-09-13 19:20:49,434] [INFO] [server.transmit] -> request(40): 474554202f696e6465782e68746d6c2020606c733e2f746d702f4b49545459602f312e310d0a0d0a
[2021-09-13 19:20:49,436] [INFO] [base._test_info] -> Current test: 182
[2021-09-13 19:20:49,437] [INFO] [server.transmit] -> request(32): 474554202f696e6465782e68746d6c207c6e6f74657061642f312e310d0a0d0a
[2021-09-13 19:20:49,439] [INFO] [base._test_info] -> Current test: 183
[2021-09-13 19:20:49,439] [INFO] [server.transmit] -> request(33): 474554202f696e6465782e68746d6c203b6e6f74657061643b2f312e310d0a0d0a
[2021-09-13 19:20:49,441] [INFO] [base._test_info] -> Current test: 184
[2021-09-13 19:20:49,441] [INFO] [server.transmit] -> request(33): 474554202f696e6465782e68746d6c200a6e6f74657061640a2f312e310d0a0d0a
[2021-09-13 19:20:49,443] [INFO] [base._test_info] -> Current test: 185
[2021-09-13 19:20:49,443] [INFO] [server.transmit] -> request(35): 474554202f696e6465782e68746d6c2027206f7220313d31202d2d2f312e310d0a0d0a
[2021-09-13 19:20:49,446] [INFO] [base._test_info] -> Current test: 186
[2021-09-13 19:20:49,446] [INFO] [server.transmit] -> request(41): 474554202f696e6465782e68746d6c20273b20646573632075736572733b202d2d2f312e310d0a0d0a
[2021-09-13 19:20:49,448] [INFO] [base._test_info] -> Current test: 187
[2021-09-13 19:20:49,449] [INFO] [server.transmit] -> request(65): 474554202f696e6465782e68746d6c2027206f7220757365726e616d65206973206e6f74204e554c4c206f7220757365726e ...
[2021-09-13 19:20:49,451] [INFO] [base._test_info] -> Current test: 188
[2021-09-13 19:20:49,451] [INFO] [server.transmit] -> request(96): 474554202f696e6465782e68746d6c203120756e696f6e20616c6c2073656c65637420312c322c332c342c352c362c6e616d ...
[2021-09-13 19:20:49,453] [INFO] [base._test_info] -> Current test: 189
[2021-09-13 19:20:49,453] [INFO] [server.transmit] -> request(35): 474554202f696e6465782e68746d6c2060206f72206031603d60312f312e310d0a0d0a
[2021-09-13 19:20:49,455] [INFO] [base._test_info] -> Current test: 190
[2021-09-13 19:20:49,456] [INFO] [server.transmit] -> request(35): 474554202f696e6465782e68746d6c2027206f72202731273d27312f312e310d0a0d0a
[2021-09-13 19:20:49,457] [INFO] [base._test_info] -> Current test: 191
[2021-09-13 19:20:49,458] [INFO] [server.transmit] -> request(26): 474554202f696e6465782e68746d6c2041412f312e310d0a0d0a
[2021-09-13 19:20:49,459] [INFO] [base._test_info] -> Current test: 192
[2021-09-13 19:20:49,460] [INFO] [server.transmit] -> request(34): 474554202f696e6465782e68746d6c20414141414141414141412f312e310d0a0d0a
[2021-09-13 19:20:49,462] [INFO] [base._test_info] -> Current test: 193
[2021-09-13 19:20:49,462] [INFO] [server.transmit] -> request(124): 474554202f696e6465782e68746d6c2041414141414141414141414141414141414141414141414141414141414141414141 ...
[2021-09-13 19:20:49,465] [INFO] [base._test_info] -> Current test: 194
[2021-09-13 19:20:49,466] [INFO] [server.transmit] -> request(1024): 474554202f696e6465782e68746d6c2041414141414141414141414141414141414141414141414141414141414141414141 ...
[2021-09-13 19:20:49,468] [INFO] [base._test_info] -> Current test: 195
[2021-09-13 19:20:49,469] [INFO] [server.transmit] -> request(5024): 474554202f696e6465782e68746d6c2041414141414141414141414141414141414141414141414141414141414141414141 ...
[2021-09-13 19:20:49,472] [INFO] [base._test_info] -> Current test: 196
[2021-09-13 19:20:49,474] [INFO] [server.transmit] -> request(10024): 474554202f696e6465782e68746d6c2041414141414141414141414141414141414141414141414141414141414141414141 ...
[2021-09-13 19:20:49,475] [INFO] [base._test_info] -> Current test: 197
[2021-09-13 19:20:49,476] [INFO] [server.transmit] -> request(35): 474554202f696e6465782e68746d6c202f6574632f7061737377642f312e310d0a0d0a
[2021-09-13 19:20:49,478] [INFO] [base._test_info] -> Current test: 198
[2021-09-13 19:20:49,479] [INFO] [server.transmit] -> request(78): 474554202f696e6465782e68746d6c202e2f2e2e2f2e2e2f2e2e2f2e2e2f2e2e2f2e2e2f2e2e2f2e2e2f2e2e2f2e2e2f2e2e ...
[2021-09-13 19:20:49,480] [INFO] [base._test_info] -> Current test: 199
[2021-09-13 19:20:49,481] [INFO] [server.transmit] -> request(76): 474554202f696e6465782e68746d6c202e2e2f2e2e2f2e2e2f2e2e2f2e2e2f2e2e2f2e2e2f2e2e2f2e2e2f2e2e2f2e2e2f2e ...
[2021-09-13 19:20:49,483] [INFO] [base._test_info] -> Current test: 200
[2021-09-13 19:20:49,483] [INFO] [server.transmit] -> request(37): 474554202f696e6465782e68746d6c202f70726f632f637075696e666f2f312e310d0a0d0a
[2021-09-13 19:20:49,485] [INFO] [base._test_info] -> Current test: 201
[2021-09-13 19:20:49,486] [INFO] [server.transmit] -> request(80): 474554202f696e6465782e68746d6c202e2f2e2e2f2e2e2f2e2e2f2e2e2f2e2e2f2e2e2f2e2e2f2e2e2f2e2e2f2e2e2f2e2e ...
[2021-09-13 19:20:49,487] [INFO] [base._test_info] -> Current test: 202
[2021-09-13 19:20:49,487] [INFO] [server.transmit] -> request(78): 474554202f696e6465782e68746d6c202e2e2f2e2e2f2e2e2f2e2e2f2e2e2f2e2e2f2e2e2f2e2e2f2e2e2f2e2e2f2e2e2f2e ...
[2021-09-13 19:20:49,489] [INFO] [base._test_info] -> Current test: 203
[2021-09-13 19:20:49,489] [INFO] [server.transmit] -> request(34): 474554202f696e6465782e68746d6c207e2f2e70726f66696c652f312e310d0a0d0a
[2021-09-13 19:20:49,491] [INFO] [base._test_info] -> Current test: 204
[2021-09-13 19:20:49,491] [INFO] [server.transmit] -> request(38): 474554202f696e6465782e68746d6c2024484f4d452f2e70726f66696c652f312e310d0a0d0a
[2021-09-13 19:20:49,493] [INFO] [base._test_info] -> Current test: 205
[2021-09-13 19:20:49,493] [INFO] [server.transmit] -> request(69): 474554202f696e6465782e68746d6c202f2e2e2f2e2e2f2e2e2f2e2e2f2e2e2f2e2e2f2e2e2f2e2e2f2e2e2f2e2e2f2e2e2f ...
[2021-09-13 19:20:49,496] [INFO] [base._test_info] -> Current test: 206
[2021-09-13 19:20:49,496] [INFO] [server.transmit] -> request(1048): 474554202f696e6465782e68746d6c202f5c2f5c2f5c2f5c2f5c2f5c2f5c2f5c2f5c2f5c2f5c2f5c2f5c2f5c2f5c2f5c2f5c ...
[2021-09-13 19:20:49,498] [INFO] [base._test_info] -> Current test: 207
[2021-09-13 19:20:49,499] [INFO] [server.transmit] -> request(152): 474554202f696e6465782e68746d6c202f5c2f5c2f5c2f5c2f5c2f5c2f5c2f5c2f5c2f5c2f5c2f5c2f5c2f5c2f5c2f5c2f5c ...
[2021-09-13 19:20:49,517] [INFO] [base._test_info] -> Current test: 208
[2021-09-13 19:20:49,518] [INFO] [server.transmit] -> request(40): 474554202f696e6465782e68746d6c202f5c2f5c2f5c2f5c2f5c2f5c2f5c2f5c2f312e310d0a0d0a
[2021-09-13 19:20:49,520] [INFO] [base._test_info] -> Current test: 209
[2021-09-13 19:20:49,522] [INFO] [server.transmit] -> request(1048): 474554202f696e6465782e68746d6c202f2e2f2e2f2e2f2e2f2e2f2e2f2e2f2e2f2e2f2e2f2e2f2e2f2e2f2e2f2e2f2e2f2e ...
[2021-09-13 19:20:49,525] [INFO] [base._test_info] -> Current test: 210
[2021-09-13 19:20:49,526] [INFO] [server.transmit] -> request(152): 474554202f696e6465782e68746d6c202f2e2f2e2f2e2f2e2f2e2f2e2f2e2f2e2f2e2f2e2f2e2f2e2f2e2f2e2f2e2f2e2f2e ...
[2021-09-13 19:20:49,529] [INFO] [base._test_info] -> Current test: 211
[2021-09-13 19:20:49,529] [INFO] [server.transmit] -> request(40): 474554202f696e6465782e68746d6c202f2e2f2e2f2e2f2e2f2e2f2e2f2e2f2e2f312e310d0a0d0a
[2021-09-13 19:20:49,531] [INFO] [base._test_info] -> Current test: 212
[2021-09-13 19:20:49,532] [INFO] [server.transmit] -> request(53): 474554202f696e6465782e68746d6c202140232425255e2324252324402324252424402324255e5e2a2a2828292f312e310d ...
[2021-09-13 19:20:49,534] [INFO] [base._test_info] -> Current test: 213
[2021-09-13 19:20:49,535] [INFO] [server.transmit] -> request(49): 474554202f696e6465782e68746d6c20253031253032253033253034253061253064253061414453462f312e310d0a0d0a
[2021-09-13 19:20:49,537] [INFO] [base._test_info] -> Current test: 214
[2021-09-13 19:20:49,537] [INFO] [server.transmit] -> request(50): 474554202f696e6465782e68746d6c2025303125303225303340253034253061253064253061414453462f312e310d0a0d0a ...
[2021-09-13 19:20:49,539] [INFO] [base._test_info] -> Current test: 215
[2021-09-13 19:20:49,539] [INFO] [server.transmit] -> request(29): 474554202f696e6465782e68746d6c202f2530302f2f312e310d0a0d0a
[2021-09-13 19:20:49,541] [INFO] [base._test_info] -> Current test: 216
[2021-09-13 19:20:49,541] [INFO] [server.transmit] -> request(28): 474554202f696e6465782e68746d6c202530302f2f312e310d0a0d0a
[2021-09-13 19:20:49,543] [INFO] [base._test_info] -> Current test: 217
[2021-09-13 19:20:49,543] [INFO] [server.transmit] -> request(27): 474554202f696e6465782e68746d6c202530302f312e310d0a0d0a
[2021-09-13 19:20:49,545] [INFO] [base._test_info] -> Current test: 218
[2021-09-13 19:20:49,546] [INFO] [server.transmit] -> request(30): 474554202f696e6465782e68746d6c202575303030302f312e310d0a0d0a
[2021-09-13 19:20:49,548] [INFO] [base._test_info] -> Current test: 219
[2021-09-13 19:20:49,548] [INFO] [server.transmit] -> request(216): 474554202f696e6465782e68746d6c2025fef02501ff25fef02501ff25fef02501ff25fef02501ff25fef02501ff25fef025 ...
[2021-09-13 19:20:49,550] [INFO] [base._test_info] -> Current test: 220
[2021-09-13 19:20:49,550] [INFO] [server.transmit] -> request(48): 474554202f696e6465782e68746d6c2025fef02501ff25fef02501ff25fef02501ff25fef02501ff2f312e310d0a0d0a
[2021-09-13 19:20:49,552] [INFO] [base._test_info] -> Current test: 221
[2021-09-13 19:20:49,553] [INFO] [server.transmit] -> request(29): 474554202f696e6465782e68746d6c20485454502f2f312e310d0a0d0a
[2021-09-13 19:20:49,554] [INFO] [base._test_info] -> Current test: 222
[2021-09-13 19:20:49,555] [INFO] [server.transmit] -> request(37): 474554202f696e6465782e68746d6c20485454502f2f2f2f2f2f2f2f2f2f312e310d0a0d0a
[2021-09-13 19:20:49,556] [INFO] [base._test_info] -> Current test: 223
[2021-09-13 19:20:49,557] [INFO] [server.transmit] -> request(127): 474554202f696e6465782e68746d6c20485454502f2f2f2f2f2f2f2f2f2f2f2f2f2f2f2f2f2f2f2f2f2f2f2f2f2f2f2f2f2f ...
[2021-09-13 19:20:49,559] [INFO] [base._test_info] -> Current test: 224
[2021-09-13 19:20:49,559] [INFO] [server.transmit] -> request(29): 474554202f696e6465782e68746d6c20485454502ffe312e310d0a0d0a
[2021-09-13 19:20:49,561] [INFO] [base._test_info] -> Current test: 225
[2021-09-13 19:20:49,561] [INFO] [server.transmit] -> request(29): 474554202f696e6465782e68746d6c2048545450002f312e310d0a0d0a
[2021-09-13 19:20:49,563] [INFO] [base._test_info] -> Current test: 226
[2021-09-13 19:20:49,563] [INFO] [server.transmit] -> request(29): 474554202f696e6465782e68746d6c2048545450002f312e310d0a0d0a
[2021-09-13 19:20:49,565] [INFO] [base._test_info] -> Current test: 227
[2021-09-13 19:20:49,565] [INFO] [server.transmit] -> request(29): 474554202f696e6465782e68746d6c20485454502f00312e310d0a0d0a
[2021-09-13 19:20:49,567] [INFO] [base._test_info] -> Current test: 228
[2021-09-13 19:20:49,568] [INFO] [server.transmit] -> request(31): 474554202f696e6465782e68746d6c204854545020202020312e310d0a0d0a
[2021-09-13 19:20:49,570] [INFO] [base._test_info] -> Current test: 229
[2021-09-13 19:20:49,570] [INFO] [server.transmit] -> request(31): 474554202f696e6465782e68746d6c204854545009090909312e310d0a0d0a
[2021-09-13 19:20:49,572] [INFO] [base._test_info] -> Current test: 230
[2021-09-13 19:20:49,573] [INFO] [server.transmit] -> request(31): 474554202f696e6465782e68746d6c204854545021212121312e310d0a0d0a
[2021-09-13 19:20:49,576] [INFO] [base._test_info] -> Current test: 231
[2021-09-13 19:20:49,576] [INFO] [server.transmit] -> request(31): 474554202f696e6465782e68746d6c204854545040404040312e310d0a0d0a
[2021-09-13 19:20:49,578] [INFO] [base._test_info] -> Current test: 232
[2021-09-13 19:20:49,580] [INFO] [server.transmit] -> request(31): 474554202f696e6465782e68746d6c204854545023232323312e310d0a0d0a
[2021-09-13 19:20:49,583] [INFO] [base._test_info] -> Current test: 233
[2021-09-13 19:20:49,584] [INFO] [server.transmit] -> request(31): 474554202f696e6465782e68746d6c204854545024242424312e310d0a0d0a
[2021-09-13 19:20:49,586] [INFO] [base._test_info] -> Current test: 234
[2021-09-13 19:20:49,586] [INFO] [server.transmit] -> request(31): 474554202f696e6465782e68746d6c204854545025252525312e310d0a0d0a
[2021-09-13 19:20:49,588] [INFO] [base._test_info] -> Current test: 235
[2021-09-13 19:20:49,588] [INFO] [server.transmit] -> request(31): 474554202f696e6465782e68746d6c20485454505e5e5e5e312e310d0a0d0a
[2021-09-13 19:20:49,590] [INFO] [base._test_info] -> Current test: 236
[2021-09-13 19:20:49,590] [INFO] [server.transmit] -> request(31): 474554202f696e6465782e68746d6c204854545026262626312e310d0a0d0a
[2021-09-13 19:20:49,592] [INFO] [base._test_info] -> Current test: 237
[2021-09-13 19:20:49,593] [INFO] [server.transmit] -> request(31): 474554202f696e6465782e68746d6c20485454502a2a2a2a312e310d0a0d0a
[2021-09-13 19:20:49,594] [INFO] [base._test_info] -> Current test: 238
[2021-09-13 19:20:49,595] [INFO] [server.transmit] -> request(31): 474554202f696e6465782e68746d6c204854545028282828312e310d0a0d0a
[2021-09-13 19:20:49,600] [INFO] [base._test_info] -> Current test: 239
[2021-09-13 19:20:49,600] [INFO] [server.transmit] -> request(31): 474554202f696e6465782e68746d6c204854545029292929312e310d0a0d0a
[2021-09-13 19:20:49,602] [INFO] [base._test_info] -> Current test: 240
[2021-09-13 19:20:49,602] [INFO] [server.transmit] -> request(31): 474554202f696e6465782e68746d6c20485454502d2d2d2d312e310d0a0d0a
[2021-09-13 19:20:49,604] [INFO] [base._test_info] -> Current test: 241
[2021-09-13 19:20:49,605] [INFO] [server.transmit] -> request(31): 474554202f696e6465782e68746d6c20485454505f5f5f5f312e310d0a0d0a
[2021-09-13 19:20:49,606] [INFO] [base._test_info] -> Current test: 242
[2021-09-13 19:20:49,607] [INFO] [server.transmit] -> request(31): 474554202f696e6465782e68746d6c20485454502b2b2b2b312e310d0a0d0a
[2021-09-13 19:20:49,608] [INFO] [base._test_info] -> Current test: 243
[2021-09-13 19:20:49,609] [INFO] [server.transmit] -> request(31): 474554202f696e6465782e68746d6c20485454503d3d3d3d312e310d0a0d0a
[2021-09-13 19:20:49,611] [INFO] [base._test_info] -> Current test: 244
[2021-09-13 19:20:49,611] [INFO] [server.transmit] -> request(31): 474554202f696e6465782e68746d6c20485454503a3a3a3a312e310d0a0d0a
[2021-09-13 19:20:49,615] [INFO] [base._test_info] -> Current test: 245
[2021-09-13 19:20:49,617] [INFO] [server.transmit] -> request(31): 474554202f696e6465782e68746d6c20485454503b3b3b3b312e310d0a0d0a
[2021-09-13 19:20:49,619] [INFO] [base._test_info] -> Current test: 246
[2021-09-13 19:20:49,619] [INFO] [server.transmit] -> request(31): 474554202f696e6465782e68746d6c204854545027272727312e310d0a0d0a
[2021-09-13 19:20:49,621] [INFO] [base._test_info] -> Current test: 247
[2021-09-13 19:20:49,621] [INFO] [server.transmit] -> request(31): 474554202f696e6465782e68746d6c204854545022222222312e310d0a0d0a
[2021-09-13 19:20:49,623] [INFO] [base._test_info] -> Current test: 248
[2021-09-13 19:20:49,623] [INFO] [server.transmit] -> request(31): 474554202f696e6465782e68746d6c20485454502f2f2f2f312e310d0a0d0a
[2021-09-13 19:20:49,625] [INFO] [base._test_info] -> Current test: 249
[2021-09-13 19:20:49,625] [INFO] [server.transmit] -> request(31): 474554202f696e6465782e68746d6c20485454505c5c5c5c312e310d0a0d0a
[2021-09-13 19:20:49,627] [INFO] [base._test_info] -> Current test: 250
[2021-09-13 19:20:49,627] [INFO] [server.transmit] -> request(31): 474554202f696e6465782e68746d6c20485454503f3f3f3f312e310d0a0d0a
[2021-09-13 19:20:49,631] [INFO] [base._test_info] -> Current test: 251
[2021-09-13 19:20:49,632] [INFO] [server.transmit] -> request(31): 474554202f696e6465782e68746d6c20485454503c3c3c3c312e310d0a0d0a
[2021-09-13 19:20:49,635] [INFO] [base._test_info] -> Current test: 252
[2021-09-13 19:20:49,635] [INFO] [server.transmit] -> request(31): 474554202f696e6465782e68746d6c20485454503e3e3e3e312e310d0a0d0a
[2021-09-13 19:20:49,637] [INFO] [base._test_info] -> Current test: 253
[2021-09-13 19:20:49,637] [INFO] [server.transmit] -> request(31): 474554202f696e6465782e68746d6c20485454502e2e2e2e312e310d0a0d0a
[2021-09-13 19:20:49,639] [INFO] [base._test_info] -> Current test: 254
[2021-09-13 19:20:49,640] [INFO] [server.transmit] -> request(31): 474554202f696e6465782e68746d6c20485454502c2c2c2c312e310d0a0d0a
[2021-09-13 19:20:49,641] [INFO] [base._test_info] -> Current test: 255
[2021-09-13 19:20:49,642] [INFO] [server.transmit] -> request(31): 474554202f696e6465782e68746d6c20485454500d0d0d0d312e310d0a0d0a
[2021-09-13 19:20:49,643] [INFO] [base._test_info] -> Current test: 256
[2021-09-13 19:20:49,644] [INFO] [server.transmit] -> request(31): 474554202f696e6465782e68746d6c20485454500a0a0a0a312e310d0a0d0a
[2021-09-13 19:20:49,647] [INFO] [base._test_info] -> Current test: 257
[2021-09-13 19:20:49,648] [INFO] [server.transmit] -> request(43): 474554202f696e6465782e68746d6c20485454500d0a0d0a0d0a0d0a0d0a0d0a0d0a0d0a312e310d0a0d0a
[2021-09-13 19:20:49,651] [INFO] [base._test_info] -> Current test: 258
[2021-09-13 19:20:49,651] [INFO] [server.transmit] -> request(51): 474554202f696e6465782e68746d6c2048545450090d0a090d0a090d0a090d0a090d0a090d0a090d0a090d0a312e310d0a0d ...
[2021-09-13 19:20:49,653] [INFO] [base._test_info] -> Current test: 259
[2021-09-13 19:20:49,654] [INFO] [server.transmit] -> request(27): 474554202f696e6465782e68746d6c2048545450312e310d0a0d0a
[2021-09-13 19:20:49,655] [INFO] [base._test_info] -> Current test: 260
[2021-09-13 19:20:49,656] [INFO] [server.transmit] -> request(36): 474554202f696e6465782e68746d6c20485454502f3236383433353435372e310d0a0d0a
[2021-09-13 19:20:49,657] [INFO] [base._test_info] -> Current test: 261
[2021-09-13 19:20:49,658] [INFO] [server.transmit] -> request(35): 474554202f696e6465782e68746d6c20485454502f33333535343433332e310d0a0d0a
[2021-09-13 19:20:49,659] [INFO] [base._test_info] -> Current test: 262
[2021-09-13 19:20:49,659] [INFO] [server.transmit] -> request(34): 474554202f696e6465782e68746d6c20485454502f343139343330352e310d0a0d0a
[2021-09-13 19:20:49,661] [INFO] [base._test_info] -> Current test: 263
[2021-09-13 19:20:49,662] [INFO] [server.transmit] -> request(33): 474554202f696e6465782e68746d6c20485454502f3532343238392e310d0a0d0a
[2021-09-13 19:20:49,666] [INFO] [base._test_info] -> Current test: 264
[2021-09-13 19:20:49,667] [INFO] [server.transmit] -> request(32): 474554202f696e6465782e68746d6c20485454502f36353533372e310d0a0d0a
[2021-09-13 19:20:49,669] [INFO] [base._test_info] -> Current test: 265
[2021-09-13 19:20:49,669] [INFO] [server.transmit] -> request(31): 474554202f696e6465782e68746d6c20485454502f383139332e310d0a0d0a
[2021-09-13 19:20:49,671] [INFO] [base._test_info] -> Current test: 266
[2021-09-13 19:20:49,671] [INFO] [server.transmit] -> request(31): 474554202f696e6465782e68746d6c20485454502f313032352e310d0a0d0a
[2021-09-13 19:20:49,673] [INFO] [base._test_info] -> Current test: 267
[2021-09-13 19:20:49,673] [INFO] [server.transmit] -> request(30): 474554202f696e6465782e68746d6c20485454502f3132392e310d0a0d0a
[2021-09-13 19:20:49,675] [INFO] [base._test_info] -> Current test: 268
[2021-09-13 19:20:49,675] [INFO] [server.transmit] -> request(29): 474554202f696e6465782e68746d6c20485454502f31372e310d0a0d0a
[2021-09-13 19:20:49,676] [INFO] [base._test_info] -> Current test: 269
[2021-09-13 19:20:49,676] [INFO] [server.transmit] -> request(37): 474554202f696e6465782e68746d6c20485454502f343239343936373239352e310d0a0d0a
[2021-09-13 19:20:49,680] [INFO] [base._test_info] -> Current test: 270
[2021-09-13 19:20:49,682] [INFO] [server.transmit] -> request(37): 474554202f696e6465782e68746d6c20485454502f333232313232353437322e310d0a0d0a
[2021-09-13 19:20:49,684] [INFO] [base._test_info] -> Current test: 271
[2021-09-13 19:20:49,685] [INFO] [server.transmit] -> request(37): 474554202f696e6465782e68746d6c20485454502f323134373438333634392e310d0a0d0a
[2021-09-13 19:20:49,687] [INFO] [base._test_info] -> Current test: 272
[2021-09-13 19:20:49,687] [INFO] [server.transmit] -> request(37): 474554202f696e6465782e68746d6c20485454502f313037333734313832362e310d0a0d0a
[2021-09-13 19:20:49,689] [INFO] [base._test_info] -> Current test: 273
[2021-09-13 19:20:49,689] [INFO] [server.transmit] -> request(28): 474554202f696e6465782e68746d6c20485454502f312e310d0a0d0a
[2021-09-13 19:20:49,691] [INFO] [base._test_info] -> Current test: 274
[2021-09-13 19:20:49,691] [INFO] [server.transmit] -> request(37): 474554202f696e6465782e68746d6c20485454502f343239343936373239342e310d0a0d0a
[2021-09-13 19:20:49,693] [INFO] [base._test_info] -> Current test: 275
[2021-09-13 19:20:49,694] [INFO] [server.transmit] -> request(37): 474554202f696e6465782e68746d6c20485454502f333232313232353437332e310d0a0d0a
[2021-09-13 19:20:49,698] [INFO] [base._test_info] -> Current test: 276
[2021-09-13 19:20:49,699] [INFO] [server.transmit] -> request(37): 474554202f696e6465782e68746d6c20485454502f333232313232353437312e310d0a0d0a
[2021-09-13 19:20:49,701] [INFO] [base._test_info] -> Current test: 277
[2021-09-13 19:20:49,702] [INFO] [server.transmit] -> request(37): 474554202f696e6465782e68746d6c20485454502f323134373438333635302e310d0a0d0a
[2021-09-13 19:20:49,703] [INFO] [base._test_info] -> Current test: 278
[2021-09-13 19:20:49,704] [INFO] [server.transmit] -> request(37): 474554202f696e6465782e68746d6c20485454502f323134373438333634382e310d0a0d0a
[2021-09-13 19:20:49,705] [INFO] [base._test_info] -> Current test: 279
[2021-09-13 19:20:49,706] [INFO] [server.transmit] -> request(37): 474554202f696e6465782e68746d6c20485454502f313037333734313832372e310d0a0d0a
[2021-09-13 19:20:49,708] [INFO] [base._test_info] -> Current test: 280
[2021-09-13 19:20:49,708] [INFO] [server.transmit] -> request(37): 474554202f696e6465782e68746d6c20485454502f313037333734313832352e310d0a0d0a
[2021-09-13 19:20:49,710] [INFO] [base._test_info] -> Current test: 281
[2021-09-13 19:20:49,710] [INFO] [server.transmit] -> request(37): 474554202f696e6465782e68746d6c20485454502f343239343936373239332e310d0a0d0a
[2021-09-13 19:20:49,714] [INFO] [base._test_info] -> Current test: 282
[2021-09-13 19:20:49,716] [INFO] [server.transmit] -> request(37): 474554202f696e6465782e68746d6c20485454502f333232313232353437342e310d0a0d0a
[2021-09-13 19:20:49,718] [INFO] [base._test_info] -> Current test: 283
[2021-09-13 19:20:49,719] [INFO] [server.transmit] -> request(37): 474554202f696e6465782e68746d6c20485454502f333232313232353437302e310d0a0d0a
[2021-09-13 19:20:49,720] [INFO] [base._test_info] -> Current test: 284
[2021-09-13 19:20:49,721] [INFO] [server.transmit] -> request(37): 474554202f696e6465782e68746d6c20485454502f323134373438333635312e310d0a0d0a
[2021-09-13 19:20:49,723] [INFO] [base._test_info] -> Current test: 285
[2021-09-13 19:20:49,723] [INFO] [server.transmit] -> request(37): 474554202f696e6465782e68746d6c20485454502f323134373438333634372e310d0a0d0a
[2021-09-13 19:20:49,725] [INFO] [base._test_info] -> Current test: 286
[2021-09-13 19:20:49,725] [INFO] [server.transmit] -> request(37): 474554202f696e6465782e68746d6c20485454502f313037333734313832382e310d0a0d0a
[2021-09-13 19:20:49,728] [INFO] [base._test_info] -> Current test: 287
[2021-09-13 19:20:49,730] [INFO] [server.transmit] -> request(37): 474554202f696e6465782e68746d6c20485454502f313037333734313832342e310d0a0d0a
[2021-09-13 19:20:49,733] [INFO] [base._test_info] -> Current test: 288
[2021-09-13 19:20:49,734] [INFO] [server.transmit] -> request(28): 474554202f696e6465782e68746d6c20485454502f322e310d0a0d0a
[2021-09-13 19:20:49,735] [INFO] [base._test_info] -> Current test: 289
[2021-09-13 19:20:49,736] [INFO] [server.transmit] -> request(28): 474554202f696e6465782e68746d6c20485454502f302e310d0a0d0a
[2021-09-13 19:20:49,737] [INFO] [base._test_info] -> Current test: 290
[2021-09-13 19:20:49,738] [INFO] [server.transmit] -> request(28): 474554202f696e6465782e68746d6c20485454502f332e310d0a0d0a
[2021-09-13 19:20:49,739] [INFO] [base._test_info] -> Current test: 291
[2021-09-13 19:20:49,740] [INFO] [server.transmit] -> request(29): 474554202f696e6465782e68746d6c20485454502f312e2e310d0a0d0a
[2021-09-13 19:20:49,741] [INFO] [base._test_info] -> Current test: 292
[2021-09-13 19:20:49,742] [INFO] [server.transmit] -> request(37): 474554202f696e6465782e68746d6c20485454502f312e2e2e2e2e2e2e2e2e2e310d0a0d0a
[2021-09-13 19:20:49,743] [INFO] [base._test_info] -> Current test: 293
[2021-09-13 19:20:49,744] [INFO] [server.transmit] -> request(127): 474554202f696e6465782e68746d6c20485454502f312e2e2e2e2e2e2e2e2e2e2e2e2e2e2e2e2e2e2e2e2e2e2e2e2e2e2e2e ...
[2021-09-13 19:20:49,747] [INFO] [base._test_info] -> Current test: 294
[2021-09-13 19:20:49,747] [INFO] [server.transmit] -> request(29): 474554202f696e6465782e68746d6c20485454502f312efe310d0a0d0a
[2021-09-13 19:20:49,749] [INFO] [base._test_info] -> Current test: 295
[2021-09-13 19:20:49,749] [INFO] [server.transmit] -> request(29): 474554202f696e6465782e68746d6c20485454502f31002e310d0a0d0a
[2021-09-13 19:20:49,751] [INFO] [base._test_info] -> Current test: 296
[2021-09-13 19:20:49,751] [INFO] [server.transmit] -> request(29): 474554202f696e6465782e68746d6c20485454502f31002e310d0a0d0a
[2021-09-13 19:20:49,753] [INFO] [base._test_info] -> Current test: 297
[2021-09-13 19:20:49,753] [INFO] [server.transmit] -> request(29): 474554202f696e6465782e68746d6c20485454502f312e00310d0a0d0a
[2021-09-13 19:20:49,755] [INFO] [base._test_info] -> Current test: 298
[2021-09-13 19:20:49,755] [INFO] [server.transmit] -> request(31): 474554202f696e6465782e68746d6c20485454502f3120202020310d0a0d0a
[2021-09-13 19:20:49,757] [INFO] [base._test_info] -> Current test: 299
[2021-09-13 19:20:49,757] [INFO] [server.transmit] -> request(31): 474554202f696e6465782e68746d6c20485454502f3109090909310d0a0d0a
[2021-09-13 19:20:49,759] [INFO] [base._test_info] -> Current test: 300
[2021-09-13 19:20:49,759] [INFO] [server.transmit] -> request(31): 474554202f696e6465782e68746d6c20485454502f3121212121310d0a0d0a
[2021-09-13 19:20:49,761] [INFO] [base._test_info] -> Current test: 301
[2021-09-13 19:20:49,762] [INFO] [server.transmit] -> request(31): 474554202f696e6465782e68746d6c20485454502f3140404040310d0a0d0a
[2021-09-13 19:20:49,764] [INFO] [base._test_info] -> Current test: 302
[2021-09-13 19:20:49,765] [INFO] [server.transmit] -> request(31): 474554202f696e6465782e68746d6c20485454502f3123232323310d0a0d0a
[2021-09-13 19:20:49,766] [INFO] [base._test_info] -> Current test: 303
[2021-09-13 19:20:49,767] [INFO] [server.transmit] -> request(31): 474554202f696e6465782e68746d6c20485454502f3124242424310d0a0d0a
[2021-09-13 19:20:49,769] [INFO] [base._test_info] -> Current test: 304
[2021-09-13 19:20:49,769] [INFO] [server.transmit] -> request(31): 474554202f696e6465782e68746d6c20485454502f3125252525310d0a0d0a
[2021-09-13 19:20:49,771] [INFO] [base._test_info] -> Current test: 305
[2021-09-13 19:20:49,771] [INFO] [server.transmit] -> request(31): 474554202f696e6465782e68746d6c20485454502f315e5e5e5e310d0a0d0a
[2021-09-13 19:20:49,773] [INFO] [base._test_info] -> Current test: 306
[2021-09-13 19:20:49,773] [INFO] [server.transmit] -> request(31): 474554202f696e6465782e68746d6c20485454502f3126262626310d0a0d0a
[2021-09-13 19:20:49,775] [INFO] [base._test_info] -> Current test: 307
[2021-09-13 19:20:49,775] [INFO] [server.transmit] -> request(31): 474554202f696e6465782e68746d6c20485454502f312a2a2a2a310d0a0d0a
[2021-09-13 19:20:49,777] [INFO] [base._test_info] -> Current test: 308
[2021-09-13 19:20:49,777] [INFO] [server.transmit] -> request(31): 474554202f696e6465782e68746d6c20485454502f3128282828310d0a0d0a
[2021-09-13 19:20:49,780] [INFO] [base._test_info] -> Current test: 309
[2021-09-13 19:20:49,780] [INFO] [server.transmit] -> request(31): 474554202f696e6465782e68746d6c20485454502f3129292929310d0a0d0a
[2021-09-13 19:20:49,782] [INFO] [base._test_info] -> Current test: 310
[2021-09-13 19:20:49,782] [INFO] [server.transmit] -> request(31): 474554202f696e6465782e68746d6c20485454502f312d2d2d2d310d0a0d0a
[2021-09-13 19:20:49,784] [INFO] [base._test_info] -> Current test: 311
[2021-09-13 19:20:49,784] [INFO] [server.transmit] -> request(31): 474554202f696e6465782e68746d6c20485454502f315f5f5f5f310d0a0d0a
[2021-09-13 19:20:49,786] [INFO] [base._test_info] -> Current test: 312
[2021-09-13 19:20:49,786] [INFO] [server.transmit] -> request(31): 474554202f696e6465782e68746d6c20485454502f312b2b2b2b310d0a0d0a
[2021-09-13 19:20:49,788] [INFO] [base._test_info] -> Current test: 313
[2021-09-13 19:20:49,789] [INFO] [server.transmit] -> request(31): 474554202f696e6465782e68746d6c20485454502f313d3d3d3d310d0a0d0a
[2021-09-13 19:20:49,790] [INFO] [base._test_info] -> Current test: 314
[2021-09-13 19:20:49,790] [INFO] [server.transmit] -> request(31): 474554202f696e6465782e68746d6c20485454502f313a3a3a3a310d0a0d0a
[2021-09-13 19:20:49,792] [INFO] [base._test_info] -> Current test: 315
[2021-09-13 19:20:49,792] [INFO] [server.transmit] -> request(31): 474554202f696e6465782e68746d6c20485454502f313b3b3b3b310d0a0d0a
[2021-09-13 19:20:49,794] [INFO] [base._test_info] -> Current test: 316
[2021-09-13 19:20:49,795] [INFO] [server.transmit] -> request(31): 474554202f696e6465782e68746d6c20485454502f3127272727310d0a0d0a
[2021-09-13 19:20:49,797] [INFO] [base._test_info] -> Current test: 317
[2021-09-13 19:20:49,798] [INFO] [server.transmit] -> request(31): 474554202f696e6465782e68746d6c20485454502f3122222222310d0a0d0a
[2021-09-13 19:20:49,799] [INFO] [base._test_info] -> Current test: 318
[2021-09-13 19:20:49,800] [INFO] [server.transmit] -> request(31): 474554202f696e6465782e68746d6c20485454502f312f2f2f2f310d0a0d0a
[2021-09-13 19:20:49,801] [INFO] [base._test_info] -> Current test: 319
[2021-09-13 19:20:49,802] [INFO] [server.transmit] -> request(31): 474554202f696e6465782e68746d6c20485454502f315c5c5c5c310d0a0d0a
[2021-09-13 19:20:49,803] [INFO] [base._test_info] -> Current test: 320
[2021-09-13 19:20:49,804] [INFO] [server.transmit] -> request(31): 474554202f696e6465782e68746d6c20485454502f313f3f3f3f310d0a0d0a
[2021-09-13 19:20:49,805] [INFO] [base._test_info] -> Current test: 321
[2021-09-13 19:20:49,806] [INFO] [server.transmit] -> request(31): 474554202f696e6465782e68746d6c20485454502f313c3c3c3c310d0a0d0a
[2021-09-13 19:20:49,807] [INFO] [base._test_info] -> Current test: 322
[2021-09-13 19:20:49,808] [INFO] [server.transmit] -> request(31): 474554202f696e6465782e68746d6c20485454502f313e3e3e3e310d0a0d0a
[2021-09-13 19:20:49,809] [INFO] [base._test_info] -> Current test: 323
[2021-09-13 19:20:49,810] [INFO] [server.transmit] -> request(31): 474554202f696e6465782e68746d6c20485454502f312e2e2e2e310d0a0d0a
[2021-09-13 19:20:49,830] [INFO] [base._test_info] -> Current test: 324
[2021-09-13 19:20:49,831] [INFO] [server.transmit] -> request(31): 474554202f696e6465782e68746d6c20485454502f312c2c2c2c310d0a0d0a
[2021-09-13 19:20:49,832] [INFO] [base._test_info] -> Current test: 325
[2021-09-13 19:20:49,833] [INFO] [server.transmit] -> request(31): 474554202f696e6465782e68746d6c20485454502f310d0d0d0d310d0a0d0a
[2021-09-13 19:20:49,835] [INFO] [base._test_info] -> Current test: 326
[2021-09-13 19:20:49,835] [INFO] [server.transmit] -> request(31): 474554202f696e6465782e68746d6c20485454502f310a0a0a0a310d0a0d0a
[2021-09-13 19:20:49,838] [INFO] [base._test_info] -> Current test: 327
[2021-09-13 19:20:49,839] [INFO] [server.transmit] -> request(43): 474554202f696e6465782e68746d6c20485454502f310d0a0d0a0d0a0d0a0d0a0d0a0d0a0d0a310d0a0d0a
[2021-09-13 19:20:49,841] [INFO] [base._test_info] -> Current test: 328
[2021-09-13 19:20:49,842] [INFO] [server.transmit] -> request(51): 474554202f696e6465782e68746d6c20485454502f31090d0a090d0a090d0a090d0a090d0a090d0a090d0a090d0a310d0a0d ...
[2021-09-13 19:20:49,844] [INFO] [base._test_info] -> Current test: 329
[2021-09-13 19:20:49,844] [INFO] [server.transmit] -> request(27): 474554202f696e6465782e68746d6c20485454502f31310d0a0d0a
[2021-09-13 19:20:49,847] [INFO] [base._test_info] -> Current test: 330
[2021-09-13 19:20:49,848] [INFO] [server.transmit] -> request(36): 474554202f696e6465782e68746d6c20485454502f312e3236383433353435370d0a0d0a
[2021-09-13 19:20:49,850] [INFO] [base._test_info] -> Current test: 331
[2021-09-13 19:20:49,850] [INFO] [server.transmit] -> request(35): 474554202f696e6465782e68746d6c20485454502f312e33333535343433330d0a0d0a
[2021-09-13 19:20:49,852] [INFO] [base._test_info] -> Current test: 332
[2021-09-13 19:20:49,852] [INFO] [server.transmit] -> request(34): 474554202f696e6465782e68746d6c20485454502f312e343139343330350d0a0d0a
[2021-09-13 19:20:49,854] [INFO] [base._test_info] -> Current test: 333
[2021-09-13 19:20:49,854] [INFO] [server.transmit] -> request(33): 474554202f696e6465782e68746d6c20485454502f312e3532343238390d0a0d0a
[2021-09-13 19:20:49,856] [INFO] [base._test_info] -> Current test: 334
[2021-09-13 19:20:49,856] [INFO] [server.transmit] -> request(32): 474554202f696e6465782e68746d6c20485454502f312e36353533370d0a0d0a
[2021-09-13 19:20:49,858] [INFO] [base._test_info] -> Current test: 335
[2021-09-13 19:20:49,858] [INFO] [server.transmit] -> request(31): 474554202f696e6465782e68746d6c20485454502f312e383139330d0a0d0a
[2021-09-13 19:20:49,859] [INFO] [base._test_info] -> Current test: 336
[2021-09-13 19:20:49,860] [INFO] [server.transmit] -> request(31): 474554202f696e6465782e68746d6c20485454502f312e313032350d0a0d0a
[2021-09-13 19:20:49,864] [INFO] [base._test_info] -> Current test: 337
[2021-09-13 19:20:49,865] [INFO] [server.transmit] -> request(30): 474554202f696e6465782e68746d6c20485454502f312e3132390d0a0d0a
