[2021-09-13 19:21:02,358] [INFO] [base._load_session] -> No session loaded
[2021-09-13 19:21:02,361] [INFO] [base._start_message] -> 
                 --------------------------------------------------
                 Starting fuzzing session
                 Target: TcpTarget
                 UI: WebInterface listening on 127.0.0.1:26011
                 Log: ./kittylogs/kitty_20210913-192102.log

                 Total possible mutation count: 361
                 --------------------------------------------------
                                 Happy hacking
                 --------------------------------------------------
            
[2021-09-13 19:21:02,363] [INFO] [base.start] -> Performing environment test
[2021-09-13 19:21:02,369] [INFO] [base._test_info] -> Current test: -1
[2021-09-13 19:21:02,370] [INFO] [server.transmit] -> request(28): 474554202f696e6465782e68746d6c20485454502f312e310d0a0d0a
[2021-09-13 19:21:02,370] [INFO] [server._start] -> should keep running? True
[2021-09-13 19:21:02,372] [INFO] [base._test_info] -> Current test: 0
[2021-09-13 19:21:02,372] [INFO] [server.transmit] -> request(39): 474554202f696e6465782e68746d6c2f696e6465782e68746d6c20485454502f312e310d0a0d0a
[2021-09-13 19:21:02,374] [INFO] [base._test_info] -> Current test: 1
[2021-09-13 19:21:02,375] [INFO] [server.transmit] -> request(127): 474554202f696e6465782e68746d6c2f696e6465782e68746d6c2f696e6465782e68746d6c2f696e6465782e68746d6c2f69 ...
[2021-09-13 19:21:02,377] [INFO] [base._test_info] -> Current test: 2
[2021-09-13 19:21:02,377] [INFO] [server.transmit] -> request(1117): 474554202f696e6465782e68746d6c2f696e6465782e68746d6c2f696e6465782e68746d6c2f696e6465782e68746d6c2f69 ...
[2021-09-13 19:21:02,379] [INFO] [base._test_info] -> Current test: 3
[2021-09-13 19:21:02,379] [INFO] [server.transmit] -> request(29): 474554202f696e6465782e68746d6cfe20485454502f312e310d0a0d0a
[2021-09-13 19:21:02,381] [INFO] [base._test_info] -> Current test: 4
[2021-09-13 19:21:02,382] [INFO] [server.transmit] -> request(29): 47455420002f696e6465782e68746d6c20485454502f312e310d0a0d0a
[2021-09-13 19:21:02,384] [INFO] [base._test_info] -> Current test: 5
[2021-09-13 19:21:02,384] [INFO] [server.transmit] -> request(29): 474554202f696e646500782e68746d6c20485454502f312e310d0a0d0a
[2021-09-13 19:21:02,386] [INFO] [base._test_info] -> Current test: 6
[2021-09-13 19:21:02,386] [INFO] [server.transmit] -> request(29): 474554202f696e6465782e68746d6c0020485454502f312e310d0a0d0a
[2021-09-13 19:21:02,388] [INFO] [base._test_info] -> Current test: 7
[2021-09-13 19:21:02,388] [INFO] [server.transmit] -> request(17): 4745542020485454502f312e310d0a0d0a
[2021-09-13 19:21:02,390] [INFO] [base._test_info] -> Current test: 8
[2021-09-13 19:21:02,390] [INFO] [server.transmit] -> request(2065): 4745542025732573257325732573257325732573257325732573257325732573257325732573257325732573257325732573 ...
[2021-09-13 19:21:02,392] [INFO] [base._test_info] -> Current test: 9
[2021-09-13 19:21:02,393] [INFO] [server.transmit] -> request(273): 4745542025732573257325732573257325732573257325732573257325732573257325732573257325732573257325732573 ...
[2021-09-13 19:21:02,395] [INFO] [base._test_info] -> Current test: 10
[2021-09-13 19:21:02,395] [INFO] [server.transmit] -> request(49): 47455420257325732573257325732573257325732573257325732573257325732573257320485454502f312e310d0a0d0a
[2021-09-13 19:21:02,397] [INFO] [base._test_info] -> Current test: 11
[2021-09-13 19:21:02,398] [INFO] [server.transmit] -> request(21): 474554202573257320485454502f312e310d0a0d0a
[2021-09-13 19:21:02,400] [INFO] [base._test_info] -> Current test: 12
[2021-09-13 19:21:02,401] [INFO] [server.transmit] -> request(3089): 4745542025257325257325257325257325257325257325257325257325257325257325257325257325257325257325257325 ...
[2021-09-13 19:21:02,403] [INFO] [base._test_info] -> Current test: 13
[2021-09-13 19:21:02,403] [INFO] [server.transmit] -> request(401): 4745542025257325257325257325257325257325257325257325257325257325257325257325257325257325257325257325 ...
[2021-09-13 19:21:02,405] [INFO] [base._test_info] -> Current test: 14
[2021-09-13 19:21:02,405] [INFO] [server.transmit] -> request(65): 4745542025257325257325257325257325257325257325257325257325257325257325257325257325257325257325257325 ...
[2021-09-13 19:21:02,407] [INFO] [base._test_info] -> Current test: 15
[2021-09-13 19:21:02,407] [INFO] [server.transmit] -> request(23): 4745542025257325257320485454502f312e310d0a0d0a
[2021-09-13 19:21:02,409] [INFO] [base._test_info] -> Current test: 16
[2021-09-13 19:21:02,410] [INFO] [server.transmit] -> request(4113): 4745542022257322222573222225732222257322222573222225732222257322222573222225732222257322222573222225 ...
[2021-09-13 19:21:02,414] [INFO] [base._test_info] -> Current test: 17
[2021-09-13 19:21:02,415] [INFO] [server.transmit] -> request(529): 4745542022257322222573222225732222257322222573222225732222257322222573222225732222257322222573222225 ...
[2021-09-13 19:21:02,418] [INFO] [base._test_info] -> Current test: 18
[2021-09-13 19:21:02,418] [INFO] [server.transmit] -> request(81): 4745542022257322222573222225732222257322222573222225732222257322222573222225732222257322222573222225 ...
[2021-09-13 19:21:02,420] [INFO] [base._test_info] -> Current test: 19
[2021-09-13 19:21:02,421] [INFO] [server.transmit] -> request(25): 47455420222573222225732220485454502f312e310d0a0d0a
[2021-09-13 19:21:02,423] [INFO] [base._test_info] -> Current test: 20
[2021-09-13 19:21:02,424] [INFO] [server.transmit] -> request(2065): 47455420256e256e256e256e256e256e256e256e256e256e256e256e256e256e256e256e256e256e256e256e256e256e256e ...
[2021-09-13 19:21:02,426] [INFO] [base._test_info] -> Current test: 21
[2021-09-13 19:21:02,426] [INFO] [server.transmit] -> request(273): 47455420256e256e256e256e256e256e256e256e256e256e256e256e256e256e256e256e256e256e256e256e256e256e256e ...
[2021-09-13 19:21:02,428] [INFO] [base._test_info] -> Current test: 22
[2021-09-13 19:21:02,429] [INFO] [server.transmit] -> request(49): 47455420256e256e256e256e256e256e256e256e256e256e256e256e256e256e256e256e20485454502f312e310d0a0d0a
[2021-09-13 19:21:02,431] [INFO] [base._test_info] -> Current test: 23
[2021-09-13 19:21:02,432] [INFO] [server.transmit] -> request(21): 47455420256e256e20485454502f312e310d0a0d0a
[2021-09-13 19:21:02,434] [INFO] [base._test_info] -> Current test: 24
[2021-09-13 19:21:02,435] [INFO] [server.transmit] -> request(3089): 4745542025256e25256e25256e25256e25256e25256e25256e25256e25256e25256e25256e25256e25256e25256e25256e25 ...
[2021-09-13 19:21:02,437] [INFO] [base._test_info] -> Current test: 25
[2021-09-13 19:21:02,437] [INFO] [server.transmit] -> request(401): 4745542025256e25256e25256e25256e25256e25256e25256e25256e25256e25256e25256e25256e25256e25256e25256e25 ...
[2021-09-13 19:21:02,439] [INFO] [base._test_info] -> Current test: 26
[2021-09-13 19:21:02,440] [INFO] [server.transmit] -> request(65): 4745542025256e25256e25256e25256e25256e25256e25256e25256e25256e25256e25256e25256e25256e25256e25256e25 ...
[2021-09-13 19:21:02,441] [INFO] [base._test_info] -> Current test: 27
[2021-09-13 19:21:02,442] [INFO] [server.transmit] -> request(23): 4745542025256e25256e20485454502f312e310d0a0d0a
[2021-09-13 19:21:02,444] [INFO] [base._test_info] -> Current test: 28
[2021-09-13 19:21:02,445] [INFO] [server.transmit] -> request(4113): 4745542022256e2222256e2222256e2222256e2222256e2222256e2222256e2222256e2222256e2222256e2222256e222225 ...
[2021-09-13 19:21:02,448] [INFO] [base._test_info] -> Current test: 29
[2021-09-13 19:21:02,448] [INFO] [server.transmit] -> request(529): 4745542022256e2222256e2222256e2222256e2222256e2222256e2222256e2222256e2222256e2222256e2222256e222225 ...
[2021-09-13 19:21:02,450] [INFO] [base._test_info] -> Current test: 30
[2021-09-13 19:21:02,451] [INFO] [server.transmit] -> request(81): 4745542022256e2222256e2222256e2222256e2222256e2222256e2222256e2222256e2222256e2222256e2222256e222225 ...
[2021-09-13 19:21:02,452] [INFO] [base._test_info] -> Current test: 31
[2021-09-13 19:21:02,452] [INFO] [server.transmit] -> request(25): 4745542022256e2222256e2220485454502f312e310d0a0d0a
[2021-09-13 19:21:02,454] [INFO] [base._test_info] -> Current test: 32
[2021-09-13 19:21:02,455] [INFO] [server.transmit] -> request(31): 47455420252e31363730357525325c24686e20485454502f312e310d0a0d0a
[2021-09-13 19:21:02,457] [INFO] [base._test_info] -> Current test: 33
[2021-09-13 19:21:02,458] [INFO] [server.transmit] -> request(2065): 474554200d0a0d0a0d0a0d0a0d0a0d0a0d0a0d0a0d0a0d0a0d0a0d0a0d0a0d0a0d0a0d0a0d0a0d0a0d0a0d0a0d0a0d0a0d0a ...
[2021-09-13 19:21:02,460] [INFO] [base._test_info] -> Current test: 34
[2021-09-13 19:21:02,460] [INFO] [server.transmit] -> request(273): 474554200d0a0d0a0d0a0d0a0d0a0d0a0d0a0d0a0d0a0d0a0d0a0d0a0d0a0d0a0d0a0d0a0d0a0d0a0d0a0d0a0d0a0d0a0d0a ...
[2021-09-13 19:21:02,462] [INFO] [base._test_info] -> Current test: 35
[2021-09-13 19:21:02,463] [INFO] [server.transmit] -> request(49): 474554200d0a0d0a0d0a0d0a0d0a0d0a0d0a0d0a0d0a0d0a0d0a0d0a0d0a0d0a0d0a0d0a20485454502f312e310d0a0d0a
[2021-09-13 19:21:02,465] [INFO] [base._test_info] -> Current test: 36
[2021-09-13 19:21:02,465] [INFO] [server.transmit] -> request(21): 474554200d0a0d0a20485454502f312e310d0a0d0a
[2021-09-13 19:21:02,467] [INFO] [base._test_info] -> Current test: 37
[2021-09-13 19:21:02,468] [INFO] [server.transmit] -> request(1041): 474554200a0a0a0a0a0a0a0a0a0a0a0a0a0a0a0a0a0a0a0a0a0a0a0a0a0a0a0a0a0a0a0a0a0a0a0a0a0a0a0a0a0a0a0a0a0a ...
[2021-09-13 19:21:02,469] [INFO] [base._test_info] -> Current test: 38
[2021-09-13 19:21:02,470] [INFO] [server.transmit] -> request(145): 474554200a0a0a0a0a0a0a0a0a0a0a0a0a0a0a0a0a0a0a0a0a0a0a0a0a0a0a0a0a0a0a0a0a0a0a0a0a0a0a0a0a0a0a0a0a0a ...
[2021-09-13 19:21:02,472] [INFO] [base._test_info] -> Current test: 39
[2021-09-13 19:21:02,472] [INFO] [server.transmit] -> request(33): 474554200a0a0a0a0a0a0a0a0a0a0a0a0a0a0a0a20485454502f312e310d0a0d0a
[2021-09-13 19:21:02,474] [INFO] [base._test_info] -> Current test: 40
[2021-09-13 19:21:02,474] [INFO] [server.transmit] -> request(19): 474554200a0a20485454502f312e310d0a0d0a
[2021-09-13 19:21:02,476] [INFO] [base._test_info] -> Current test: 41
[2021-09-13 19:21:02,477] [INFO] [server.transmit] -> request(4113): 47455420deadbeefdeadbeefdeadbeefdeadbeefdeadbeefdeadbeefdeadbeefdeadbeefdeadbeefdeadbeefdeadbeefdead ...
[2021-09-13 19:21:02,480] [INFO] [base._test_info] -> Current test: 42
[2021-09-13 19:21:02,481] [INFO] [server.transmit] -> request(529): 47455420deadbeefdeadbeefdeadbeefdeadbeefdeadbeefdeadbeefdeadbeefdeadbeefdeadbeefdeadbeefdeadbeefdead ...
[2021-09-13 19:21:02,482] [INFO] [base._test_info] -> Current test: 43
[2021-09-13 19:21:02,483] [INFO] [server.transmit] -> request(81): 47455420deadbeefdeadbeefdeadbeefdeadbeefdeadbeefdeadbeefdeadbeefdeadbeefdeadbeefdeadbeefdeadbeefdead ...
[2021-09-13 19:21:02,485] [INFO] [base._test_info] -> Current test: 44
[2021-09-13 19:21:02,485] [INFO] [server.transmit] -> request(25): 47455420deadbeefdeadbeef20485454502f312e310d0a0d0a
[2021-09-13 19:21:02,487] [INFO] [base._test_info] -> Current test: 45
[2021-09-13 19:21:02,487] [INFO] [server.transmit] -> request(34): 474554207c746f756368202f746d702f4b4954545920485454502f312e310d0a0d0a
[2021-09-13 19:21:02,489] [INFO] [base._test_info] -> Current test: 46
[2021-09-13 19:21:02,489] [INFO] [server.transmit] -> request(35): 474554203b746f756368202f746d702f4b495454593b20485454502f312e310d0a0d0a
[2021-09-13 19:21:02,491] [INFO] [base._test_info] -> Current test: 47
[2021-09-13 19:21:02,491] [INFO] [server.transmit] -> request(31): 474554203b6c733e2f746d702f4b4954545920485454502f312e310d0a0d0a
[2021-09-13 19:21:02,493] [INFO] [base._test_info] -> Current test: 48
[2021-09-13 19:21:02,493] [INFO] [server.transmit] -> request(46): 47455420223b6c733e2f746d702f4b495454593b6c733e2f6465762f6e756c6c2220485454502f312e310d0a0d0a
[2021-09-13 19:21:02,495] [INFO] [base._test_info] -> Current test: 49
[2021-09-13 19:21:02,496] [INFO] [server.transmit] -> request(47): 47455420273b6c733e2f746d702f4b495454593b6c733e272f6465762f6e756c6c2720485454502f312e310d0a0d0a
[2021-09-13 19:21:02,498] [INFO] [base._test_info] -> Current test: 50
[2021-09-13 19:21:02,498] [INFO] [server.transmit] -> request(32): 47455420606c733e2f746d702f4b495454596020485454502f312e310d0a0d0a
[2021-09-13 19:21:02,500] [INFO] [base._test_info] -> Current test: 51
[2021-09-13 19:21:02,501] [INFO] [server.transmit] -> request(33): 4745542020606c733e2f746d702f4b495454596020485454502f312e310d0a0d0a
[2021-09-13 19:21:02,503] [INFO] [base._test_info] -> Current test: 52
[2021-09-13 19:21:02,503] [INFO] [server.transmit] -> request(25): 474554207c6e6f746570616420485454502f312e310d0a0d0a
[2021-09-13 19:21:02,505] [INFO] [base._test_info] -> Current test: 53
[2021-09-13 19:21:02,505] [INFO] [server.transmit] -> request(26): 474554203b6e6f74657061643b20485454502f312e310d0a0d0a
[2021-09-13 19:21:02,507] [INFO] [base._test_info] -> Current test: 54
[2021-09-13 19:21:02,507] [INFO] [server.transmit] -> request(26): 474554200a6e6f74657061640a20485454502f312e310d0a0d0a
[2021-09-13 19:21:02,508] [INFO] [base._test_info] -> Current test: 55
[2021-09-13 19:21:02,509] [INFO] [server.transmit] -> request(28): 4745542027206f7220313d31202d2d20485454502f312e310d0a0d0a
[2021-09-13 19:21:02,510] [INFO] [base._test_info] -> Current test: 56
[2021-09-13 19:21:02,511] [INFO] [server.transmit] -> request(34): 47455420273b20646573632075736572733b202d2d20485454502f312e310d0a0d0a
[2021-09-13 19:21:02,513] [INFO] [base._test_info] -> Current test: 57
[2021-09-13 19:21:02,513] [INFO] [server.transmit] -> request(58): 4745542027206f7220757365726e616d65206973206e6f74204e554c4c206f7220757365726e616d65203d20272048545450 ...
[2021-09-13 19:21:02,515] [INFO] [base._test_info] -> Current test: 58
[2021-09-13 19:21:02,516] [INFO] [server.transmit] -> request(89): 474554203120756e696f6e20616c6c2073656c65637420312c322c332c342c352c362c6e616d652066726f6d207379736f62 ...
[2021-09-13 19:21:02,518] [INFO] [base._test_info] -> Current test: 59
[2021-09-13 19:21:02,518] [INFO] [server.transmit] -> request(28): 4745542060206f72206031603d603120485454502f312e310d0a0d0a
[2021-09-13 19:21:02,520] [INFO] [base._test_info] -> Current test: 60
[2021-09-13 19:21:02,520] [INFO] [server.transmit] -> request(28): 4745542027206f72202731273d273120485454502f312e310d0a0d0a
[2021-09-13 19:21:02,521] [INFO] [base._test_info] -> Current test: 61
[2021-09-13 19:21:02,522] [INFO] [server.transmit] -> request(19): 47455420414120485454502f312e310d0a0d0a
[2021-09-13 19:21:02,523] [INFO] [base._test_info] -> Current test: 62
[2021-09-13 19:21:02,524] [INFO] [server.transmit] -> request(27): 474554204141414141414141414120485454502f312e310d0a0d0a
[2021-09-13 19:21:02,525] [INFO] [base._test_info] -> Current test: 63
[2021-09-13 19:21:02,526] [INFO] [server.transmit] -> request(117): 4745542041414141414141414141414141414141414141414141414141414141414141414141414141414141414141414141 ...
[2021-09-13 19:21:02,529] [INFO] [base._test_info] -> Current test: 64
[2021-09-13 19:21:02,529] [INFO] [server.transmit] -> request(1017): 4745542041414141414141414141414141414141414141414141414141414141414141414141414141414141414141414141 ...
[2021-09-13 19:21:02,532] [INFO] [base._test_info] -> Current test: 65
[2021-09-13 19:21:02,533] [INFO] [server.transmit] -> request(5017): 4745542041414141414141414141414141414141414141414141414141414141414141414141414141414141414141414141 ...
[2021-09-13 19:21:02,536] [INFO] [base._test_info] -> Current test: 66
[2021-09-13 19:21:02,538] [INFO] [server.transmit] -> request(10017): 4745542041414141414141414141414141414141414141414141414141414141414141414141414141414141414141414141 ...
[2021-09-13 19:21:02,539] [INFO] [base._test_info] -> Current test: 67
[2021-09-13 19:21:02,540] [INFO] [server.transmit] -> request(28): 474554202f6574632f70617373776420485454502f312e310d0a0d0a
[2021-09-13 19:21:02,541] [INFO] [base._test_info] -> Current test: 68
[2021-09-13 19:21:02,542] [INFO] [server.transmit] -> request(71): 474554202e2f2e2e2f2e2e2f2e2e2f2e2e2f2e2e2f2e2e2f2e2e2f2e2e2f2e2e2f2e2e2f2e2e2f2e2e2f2e2e2f2e2e2f6574 ...
[2021-09-13 19:21:02,543] [INFO] [base._test_info] -> Current test: 69
[2021-09-13 19:21:02,544] [INFO] [server.transmit] -> request(69): 474554202e2e2f2e2e2f2e2e2f2e2e2f2e2e2f2e2e2f2e2e2f2e2e2f2e2e2f2e2e2f2e2e2f2e2e2f2e2e2f2e2e2f6574632f ...
[2021-09-13 19:21:02,546] [INFO] [base._test_info] -> Current test: 70
[2021-09-13 19:21:02,546] [INFO] [server.transmit] -> request(30): 474554202f70726f632f637075696e666f20485454502f312e310d0a0d0a
[2021-09-13 19:21:02,548] [INFO] [base._test_info] -> Current test: 71
[2021-09-13 19:21:02,549] [INFO] [server.transmit] -> request(73): 474554202e2f2e2e2f2e2e2f2e2e2f2e2e2f2e2e2f2e2e2f2e2e2f2e2e2f2e2e2f2e2e2f2e2e2f2e2e2f2e2e2f2e2e2f7072 ...
[2021-09-13 19:21:02,550] [INFO] [base._test_info] -> Current test: 72
[2021-09-13 19:21:02,551] [INFO] [server.transmit] -> request(71): 474554202e2e2f2e2e2f2e2e2f2e2e2f2e2e2f2e2e2f2e2e2f2e2e2f2e2e2f2e2e2f2e2e2f2e2e2f2e2e2f2e2e2f70726f63 ...
[2021-09-13 19:21:02,553] [INFO] [base._test_info] -> Current test: 73
[2021-09-13 19:21:02,553] [INFO] [server.transmit] -> request(27): 474554207e2f2e70726f66696c6520485454502f312e310d0a0d0a
[2021-09-13 19:21:02,555] [INFO] [base._test_info] -> Current test: 74
[2021-09-13 19:21:02,555] [INFO] [server.transmit] -> request(31): 4745542024484f4d452f2e70726f66696c6520485454502f312e310d0a0d0a
[2021-09-13 19:21:02,557] [INFO] [base._test_info] -> Current test: 75
[2021-09-13 19:21:02,557] [INFO] [server.transmit] -> request(62): 474554202f2e2e2f2e2e2f2e2e2f2e2e2f2e2e2f2e2e2f2e2e2f2e2e2f2e2e2f2e2e2f2e2e2f2e2e2f626f6f742e696e6920 ...
[2021-09-13 19:21:02,559] [INFO] [base._test_info] -> Current test: 76
[2021-09-13 19:21:02,559] [INFO] [server.transmit] -> request(1041): 474554202f5c2f5c2f5c2f5c2f5c2f5c2f5c2f5c2f5c2f5c2f5c2f5c2f5c2f5c2f5c2f5c2f5c2f5c2f5c2f5c2f5c2f5c2f5c ...
[2021-09-13 19:21:02,561] [INFO] [base._test_info] -> Current test: 77
[2021-09-13 19:21:02,562] [INFO] [server.transmit] -> request(145): 474554202f5c2f5c2f5c2f5c2f5c2f5c2f5c2f5c2f5c2f5c2f5c2f5c2f5c2f5c2f5c2f5c2f5c2f5c2f5c2f5c2f5c2f5c2f5c ...
[2021-09-13 19:21:02,563] [INFO] [base._test_info] -> Current test: 78
[2021-09-13 19:21:02,564] [INFO] [server.transmit] -> request(33): 474554202f5c2f5c2f5c2f5c2f5c2f5c2f5c2f5c20485454502f312e310d0a0d0a
[2021-09-13 19:21:02,566] [INFO] [base._test_info] -> Current test: 79
[2021-09-13 19:21:02,567] [INFO] [server.transmit] -> request(1041): 474554202f2e2f2e2f2e2f2e2f2e2f2e2f2e2f2e2f2e2f2e2f2e2f2e2f2e2f2e2f2e2f2e2f2e2f2e2f2e2f2e2f2e2f2e2f2e ...
[2021-09-13 19:21:02,569] [INFO] [base._test_info] -> Current test: 80
[2021-09-13 19:21:02,569] [INFO] [server.transmit] -> request(145): 474554202f2e2f2e2f2e2f2e2f2e2f2e2f2e2f2e2f2e2f2e2f2e2f2e2f2e2f2e2f2e2f2e2f2e2f2e2f2e2f2e2f2e2f2e2f2e ...
[2021-09-13 19:21:02,587] [INFO] [base._test_info] -> Current test: 81
[2021-09-13 19:21:02,588] [INFO] [server.transmit] -> request(33): 474554202f2e2f2e2f2e2f2e2f2e2f2e2f2e2f2e20485454502f312e310d0a0d0a
[2021-09-13 19:21:02,590] [INFO] [base._test_info] -> Current test: 82
[2021-09-13 19:21:02,591] [INFO] [server.transmit] -> request(46): 474554202140232425255e2324252324402324252424402324255e5e2a2a28282920485454502f312e310d0a0d0a
[2021-09-13 19:21:02,596] [INFO] [base._test_info] -> Current test: 83
[2021-09-13 19:21:02,596] [INFO] [server.transmit] -> request(42): 474554202530312530322530332530342530612530642530614144534620485454502f312e310d0a0d0a
[2021-09-13 19:21:02,599] [INFO] [base._test_info] -> Current test: 84
[2021-09-13 19:21:02,599] [INFO] [server.transmit] -> request(43): 47455420253031253032253033402530342530612530642530614144534620485454502f312e310d0a0d0a
[2021-09-13 19:21:02,602] [INFO] [base._test_info] -> Current test: 85
[2021-09-13 19:21:02,603] [INFO] [server.transmit] -> request(22): 474554202f2530302f20485454502f312e310d0a0d0a
[2021-09-13 19:21:02,605] [INFO] [base._test_info] -> Current test: 86
[2021-09-13 19:21:02,606] [INFO] [server.transmit] -> request(21): 474554202530302f20485454502f312e310d0a0d0a
[2021-09-13 19:21:02,608] [INFO] [base._test_info] -> Current test: 87
[2021-09-13 19:21:02,608] [INFO] [server.transmit] -> request(20): 4745542025303020485454502f312e310d0a0d0a
[2021-09-13 19:21:02,610] [INFO] [base._test_info] -> Current test: 88
[2021-09-13 19:21:02,611] [INFO] [server.transmit] -> request(23): 4745542025753030303020485454502f312e310d0a0d0a
[2021-09-13 19:21:02,614] [INFO] [base._test_info] -> Current test: 89
[2021-09-13 19:21:02,615] [INFO] [server.transmit] -> request(209): 4745542025fef02501ff25fef02501ff25fef02501ff25fef02501ff25fef02501ff25fef02501ff25fef02501ff25fef025 ...
[2021-09-13 19:21:02,617] [INFO] [base._test_info] -> Current test: 90
[2021-09-13 19:21:02,618] [INFO] [server.transmit] -> request(41): 4745542025fef02501ff25fef02501ff25fef02501ff25fef02501ff20485454502f312e310d0a0d0a
[2021-09-13 19:21:02,620] [INFO] [base._test_info] -> Current test: 91
[2021-09-13 19:21:02,620] [INFO] [server.transmit] -> request(29): 474554202f696e6465782e68746d6c2020485454502f312e310d0a0d0a
[2021-09-13 19:21:02,622] [INFO] [base._test_info] -> Current test: 92
[2021-09-13 19:21:02,622] [INFO] [server.transmit] -> request(37): 474554202f696e6465782e68746d6c20202020202020202020485454502f312e310d0a0d0a
[2021-09-13 19:21:02,624] [INFO] [base._test_info] -> Current test: 93
[2021-09-13 19:21:02,624] [INFO] [server.transmit] -> request(127): 474554202f696e6465782e68746d6c2020202020202020202020202020202020202020202020202020202020202020202020 ...
[2021-09-13 19:21:02,626] [INFO] [base._test_info] -> Current test: 94
[2021-09-13 19:21:02,626] [INFO] [server.transmit] -> request(29): 474554202f696e6465782e68746d6c20fe485454502f312e310d0a0d0a
[2021-09-13 19:21:02,629] [INFO] [base._test_info] -> Current test: 95
[2021-09-13 19:21:02,629] [INFO] [server.transmit] -> request(29): 474554202f696e6465782e68746d6c0020485454502f312e310d0a0d0a
[2021-09-13 19:21:02,631] [INFO] [base._test_info] -> Current test: 96
[2021-09-13 19:21:02,632] [INFO] [server.transmit] -> request(29): 474554202f696e6465782e68746d6c0020485454502f312e310d0a0d0a
[2021-09-13 19:21:02,634] [INFO] [base._test_info] -> Current test: 97
[2021-09-13 19:21:02,634] [INFO] [server.transmit] -> request(29): 474554202f696e6465782e68746d6c2000485454502f312e310d0a0d0a
[2021-09-13 19:21:02,636] [INFO] [base._test_info] -> Current test: 98
[2021-09-13 19:21:02,636] [INFO] [server.transmit] -> request(31): 474554202f696e6465782e68746d6c20202020485454502f312e310d0a0d0a
[2021-09-13 19:21:02,638] [INFO] [base._test_info] -> Current test: 99
[2021-09-13 19:21:02,638] [INFO] [server.transmit] -> request(31): 474554202f696e6465782e68746d6c09090909485454502f312e310d0a0d0a
[2021-09-13 19:21:02,640] [INFO] [base._test_info] -> Current test: 100
[2021-09-13 19:21:02,640] [INFO] [server.transmit] -> request(31): 474554202f696e6465782e68746d6c21212121485454502f312e310d0a0d0a
[2021-09-13 19:21:02,642] [INFO] [base._test_info] -> Current test: 101
[2021-09-13 19:21:02,643] [INFO] [server.transmit] -> request(31): 474554202f696e6465782e68746d6c40404040485454502f312e310d0a0d0a
[2021-09-13 19:21:02,645] [INFO] [base._test_info] -> Current test: 102
[2021-09-13 19:21:02,645] [INFO] [server.transmit] -> request(31): 474554202f696e6465782e68746d6c23232323485454502f312e310d0a0d0a
[2021-09-13 19:21:02,647] [INFO] [base._test_info] -> Current test: 103
[2021-09-13 19:21:02,648] [INFO] [server.transmit] -> request(31): 474554202f696e6465782e68746d6c24242424485454502f312e310d0a0d0a
[2021-09-13 19:21:02,650] [INFO] [base._test_info] -> Current test: 104
[2021-09-13 19:21:02,650] [INFO] [server.transmit] -> request(31): 474554202f696e6465782e68746d6c25252525485454502f312e310d0a0d0a
[2021-09-13 19:21:02,652] [INFO] [base._test_info] -> Current test: 105
[2021-09-13 19:21:02,652] [INFO] [server.transmit] -> request(31): 474554202f696e6465782e68746d6c5e5e5e5e485454502f312e310d0a0d0a
[2021-09-13 19:21:02,654] [INFO] [base._test_info] -> Current test: 106
[2021-09-13 19:21:02,654] [INFO] [server.transmit] -> request(31): 474554202f696e6465782e68746d6c26262626485454502f312e310d0a0d0a
[2021-09-13 19:21:02,656] [INFO] [base._test_info] -> Current test: 107
[2021-09-13 19:21:02,656] [INFO] [server.transmit] -> request(31): 474554202f696e6465782e68746d6c2a2a2a2a485454502f312e310d0a0d0a
[2021-09-13 19:21:02,658] [INFO] [base._test_info] -> Current test: 108
[2021-09-13 19:21:02,658] [INFO] [server.transmit] -> request(31): 474554202f696e6465782e68746d6c28282828485454502f312e310d0a0d0a
[2021-09-13 19:21:02,660] [INFO] [base._test_info] -> Current test: 109
[2021-09-13 19:21:02,661] [INFO] [server.transmit] -> request(31): 474554202f696e6465782e68746d6c29292929485454502f312e310d0a0d0a
[2021-09-13 19:21:02,663] [INFO] [base._test_info] -> Current test: 110
[2021-09-13 19:21:02,664] [INFO] [server.transmit] -> request(31): 474554202f696e6465782e68746d6c2d2d2d2d485454502f312e310d0a0d0a
[2021-09-13 19:21:02,666] [INFO] [base._test_info] -> Current test: 111
[2021-09-13 19:21:02,667] [INFO] [server.transmit] -> request(31): 474554202f696e6465782e68746d6c5f5f5f5f485454502f312e310d0a0d0a
[2021-09-13 19:21:02,669] [INFO] [base._test_info] -> Current test: 112
[2021-09-13 19:21:02,669] [INFO] [server.transmit] -> request(31): 474554202f696e6465782e68746d6c2b2b2b2b485454502f312e310d0a0d0a
[2021-09-13 19:21:02,671] [INFO] [base._test_info] -> Current test: 113
[2021-09-13 19:21:02,672] [INFO] [server.transmit] -> request(31): 474554202f696e6465782e68746d6c3d3d3d3d485454502f312e310d0a0d0a
[2021-09-13 19:21:02,674] [INFO] [base._test_info] -> Current test: 114
[2021-09-13 19:21:02,674] [INFO] [server.transmit] -> request(31): 474554202f696e6465782e68746d6c3a3a3a3a485454502f312e310d0a0d0a
[2021-09-13 19:21:02,676] [INFO] [base._test_info] -> Current test: 115
[2021-09-13 19:21:02,677] [INFO] [server.transmit] -> request(31): 474554202f696e6465782e68746d6c3b3b3b3b485454502f312e310d0a0d0a
[2021-09-13 19:21:02,679] [INFO] [base._test_info] -> Current test: 116
[2021-09-13 19:21:02,680] [INFO] [server.transmit] -> request(31): 474554202f696e6465782e68746d6c27272727485454502f312e310d0a0d0a
[2021-09-13 19:21:02,683] [INFO] [base._test_info] -> Current test: 117
[2021-09-13 19:21:02,683] [INFO] [server.transmit] -> request(31): 474554202f696e6465782e68746d6c22222222485454502f312e310d0a0d0a
[2021-09-13 19:21:02,685] [INFO] [base._test_info] -> Current test: 118
[2021-09-13 19:21:02,685] [INFO] [server.transmit] -> request(31): 474554202f696e6465782e68746d6c2f2f2f2f485454502f312e310d0a0d0a
[2021-09-13 19:21:02,687] [INFO] [base._test_info] -> Current test: 119
[2021-09-13 19:21:02,688] [INFO] [server.transmit] -> request(31): 474554202f696e6465782e68746d6c5c5c5c5c485454502f312e310d0a0d0a
[2021-09-13 19:21:02,689] [INFO] [base._test_info] -> Current test: 120
[2021-09-13 19:21:02,690] [INFO] [server.transmit] -> request(31): 474554202f696e6465782e68746d6c3f3f3f3f485454502f312e310d0a0d0a
[2021-09-13 19:21:02,691] [INFO] [base._test_info] -> Current test: 121
[2021-09-13 19:21:02,692] [INFO] [server.transmit] -> request(31): 474554202f696e6465782e68746d6c3c3c3c3c485454502f312e310d0a0d0a
[2021-09-13 19:21:02,695] [INFO] [base._test_info] -> Current test: 122
[2021-09-13 19:21:02,696] [INFO] [server.transmit] -> request(31): 474554202f696e6465782e68746d6c3e3e3e3e485454502f312e310d0a0d0a
[2021-09-13 19:21:02,698] [INFO] [base._test_info] -> Current test: 123
[2021-09-13 19:21:02,699] [INFO] [server.transmit] -> request(31): 474554202f696e6465782e68746d6c2e2e2e2e485454502f312e310d0a0d0a
[2021-09-13 19:21:02,701] [INFO] [base._test_info] -> Current test: 124
[2021-09-13 19:21:02,701] [INFO] [server.transmit] -> request(31): 474554202f696e6465782e68746d6c2c2c2c2c485454502f312e310d0a0d0a
[2021-09-13 19:21:02,704] [INFO] [base._test_info] -> Current test: 125
[2021-09-13 19:21:02,704] [INFO] [server.transmit] -> request(31): 474554202f696e6465782e68746d6c0d0d0d0d485454502f312e310d0a0d0a
[2021-09-13 19:21:02,717] [INFO] [base._test_info] -> Current test: 126
[2021-09-13 19:21:02,719] [INFO] [server.transmit] -> request(31): 474554202f696e6465782e68746d6c0a0a0a0a485454502f312e310d0a0d0a
[2021-09-13 19:21:02,722] [INFO] [base._test_info] -> Current test: 127
[2021-09-13 19:21:02,723] [INFO] [server.transmit] -> request(43): 474554202f696e6465782e68746d6c0d0a0d0a0d0a0d0a0d0a0d0a0d0a0d0a485454502f312e310d0a0d0a
[2021-09-13 19:21:02,725] [INFO] [base._test_info] -> Current test: 128
[2021-09-13 19:21:02,725] [INFO] [server.transmit] -> request(51): 474554202f696e6465782e68746d6c090d0a090d0a090d0a090d0a090d0a090d0a090d0a090d0a485454502f312e310d0a0d ...
[2021-09-13 19:21:02,728] [INFO] [base._test_info] -> Current test: 129
[2021-09-13 19:21:02,729] [INFO] [server.transmit] -> request(27): 474554202f696e6465782e68746d6c485454502f312e310d0a0d0a
[2021-09-13 19:21:02,734] [INFO] [base._test_info] -> Current test: 130
[2021-09-13 19:21:02,734] [INFO] [server.transmit] -> request(32): 474554202f696e6465782e68746d6c2048545450485454502f312e310d0a0d0a
[2021-09-13 19:21:02,736] [INFO] [base._test_info] -> Current test: 131
[2021-09-13 19:21:02,736] [INFO] [server.transmit] -> request(64): 474554202f696e6465782e68746d6c2048545450485454504854545048545450485454504854545048545450485454504854 ...
[2021-09-13 19:21:02,738] [INFO] [base._test_info] -> Current test: 132
[2021-09-13 19:21:02,739] [INFO] [server.transmit] -> request(424): 474554202f696e6465782e68746d6c2048545450485454504854545048545450485454504854545048545450485454504854 ...
[2021-09-13 19:21:02,740] [INFO] [base._test_info] -> Current test: 133
[2021-09-13 19:21:02,741] [INFO] [server.transmit] -> request(29): 474554202f696e6465782e68746d6c2048545450fe2f312e310d0a0d0a
[2021-09-13 19:21:02,742] [INFO] [base._test_info] -> Current test: 134
[2021-09-13 19:21:02,742] [INFO] [server.transmit] -> request(29): 474554202f696e6465782e68746d6c2000485454502f312e310d0a0d0a
[2021-09-13 19:21:02,744] [INFO] [base._test_info] -> Current test: 135
[2021-09-13 19:21:02,745] [INFO] [server.transmit] -> request(29): 474554202f696e6465782e68746d6c2048540054502f312e310d0a0d0a
[2021-09-13 19:21:02,748] [INFO] [base._test_info] -> Current test: 136
[2021-09-13 19:21:02,748] [INFO] [server.transmit] -> request(29): 474554202f696e6465782e68746d6c2048545450002f312e310d0a0d0a
[2021-09-13 19:21:02,750] [INFO] [base._test_info] -> Current test: 137
[2021-09-13 19:21:02,751] [INFO] [server.transmit] -> request(24): 474554202f696e6465782e68746d6c202f312e310d0a0d0a
[2021-09-13 19:21:02,752] [INFO] [base._test_info] -> Current test: 138
[2021-09-13 19:21:02,753] [INFO] [server.transmit] -> request(2072): 474554202f696e6465782e68746d6c2025732573257325732573257325732573257325732573257325732573257325732573 ...
[2021-09-13 19:21:02,755] [INFO] [base._test_info] -> Current test: 139
[2021-09-13 19:21:02,755] [INFO] [server.transmit] -> request(280): 474554202f696e6465782e68746d6c2025732573257325732573257325732573257325732573257325732573257325732573 ...
[2021-09-13 19:21:02,756] [INFO] [base._test_info] -> Current test: 140
[2021-09-13 19:21:02,757] [INFO] [server.transmit] -> request(56): 474554202f696e6465782e68746d6c2025732573257325732573257325732573257325732573257325732573257325732f31 ...
[2021-09-13 19:21:02,758] [INFO] [base._test_info] -> Current test: 141
[2021-09-13 19:21:02,759] [INFO] [server.transmit] -> request(28): 474554202f696e6465782e68746d6c20257325732f312e310d0a0d0a
[2021-09-13 19:21:02,761] [INFO] [base._test_info] -> Current test: 142
[2021-09-13 19:21:02,763] [INFO] [server.transmit] -> request(3096): 474554202f696e6465782e68746d6c2025257325257325257325257325257325257325257325257325257325257325257325 ...
[2021-09-13 19:21:02,766] [INFO] [base._test_info] -> Current test: 143
[2021-09-13 19:21:02,767] [INFO] [server.transmit] -> request(408): 474554202f696e6465782e68746d6c2025257325257325257325257325257325257325257325257325257325257325257325 ...
[2021-09-13 19:21:02,768] [INFO] [base._test_info] -> Current test: 144
[2021-09-13 19:21:02,769] [INFO] [server.transmit] -> request(72): 474554202f696e6465782e68746d6c2025257325257325257325257325257325257325257325257325257325257325257325 ...
[2021-09-13 19:21:02,770] [INFO] [base._test_info] -> Current test: 145
[2021-09-13 19:21:02,771] [INFO] [server.transmit] -> request(30): 474554202f696e6465782e68746d6c202525732525732f312e310d0a0d0a
[2021-09-13 19:21:02,773] [INFO] [base._test_info] -> Current test: 146
[2021-09-13 19:21:02,774] [INFO] [server.transmit] -> request(4120): 474554202f696e6465782e68746d6c2022257322222573222225732222257322222573222225732222257322222573222225 ...
[2021-09-13 19:21:02,775] [INFO] [base._test_info] -> Current test: 147
[2021-09-13 19:21:02,776] [INFO] [server.transmit] -> request(536): 474554202f696e6465782e68746d6c2022257322222573222225732222257322222573222225732222257322222573222225 ...
[2021-09-13 19:21:02,777] [INFO] [base._test_info] -> Current test: 148
[2021-09-13 19:21:02,778] [INFO] [server.transmit] -> request(88): 474554202f696e6465782e68746d6c2022257322222573222225732222257322222573222225732222257322222573222225 ...
[2021-09-13 19:21:02,781] [INFO] [base._test_info] -> Current test: 149
[2021-09-13 19:21:02,781] [INFO] [server.transmit] -> request(32): 474554202f696e6465782e68746d6c2022257322222573222f312e310d0a0d0a
[2021-09-13 19:21:02,783] [INFO] [base._test_info] -> Current test: 150
[2021-09-13 19:21:02,784] [INFO] [server.transmit] -> request(2072): 474554202f696e6465782e68746d6c20256e256e256e256e256e256e256e256e256e256e256e256e256e256e256e256e256e ...
[2021-09-13 19:21:02,786] [INFO] [base._test_info] -> Current test: 151
[2021-09-13 19:21:02,786] [INFO] [server.transmit] -> request(280): 474554202f696e6465782e68746d6c20256e256e256e256e256e256e256e256e256e256e256e256e256e256e256e256e256e ...
[2021-09-13 19:21:02,787] [INFO] [base._test_info] -> Current test: 152
[2021-09-13 19:21:02,788] [INFO] [server.transmit] -> request(56): 474554202f696e6465782e68746d6c20256e256e256e256e256e256e256e256e256e256e256e256e256e256e256e256e2f31 ...
[2021-09-13 19:21:02,789] [INFO] [base._test_info] -> Current test: 153
[2021-09-13 19:21:02,790] [INFO] [server.transmit] -> request(28): 474554202f696e6465782e68746d6c20256e256e2f312e310d0a0d0a
[2021-09-13 19:21:02,792] [INFO] [base._test_info] -> Current test: 154
[2021-09-13 19:21:02,792] [INFO] [server.transmit] -> request(3096): 474554202f696e6465782e68746d6c2025256e25256e25256e25256e25256e25256e25256e25256e25256e25256e25256e25 ...
[2021-09-13 19:21:02,794] [INFO] [base._test_info] -> Current test: 155
[2021-09-13 19:21:02,794] [INFO] [server.transmit] -> request(408): 474554202f696e6465782e68746d6c2025256e25256e25256e25256e25256e25256e25256e25256e25256e25256e25256e25 ...
[2021-09-13 19:21:02,797] [INFO] [base._test_info] -> Current test: 156
[2021-09-13 19:21:02,798] [INFO] [server.transmit] -> request(72): 474554202f696e6465782e68746d6c2025256e25256e25256e25256e25256e25256e25256e25256e25256e25256e25256e25 ...
[2021-09-13 19:21:02,800] [INFO] [base._test_info] -> Current test: 157
[2021-09-13 19:21:02,800] [INFO] [server.transmit] -> request(30): 474554202f696e6465782e68746d6c2025256e25256e2f312e310d0a0d0a
[2021-09-13 19:21:02,802] [INFO] [base._test_info] -> Current test: 158
[2021-09-13 19:21:02,803] [INFO] [server.transmit] -> request(4120): 474554202f696e6465782e68746d6c2022256e2222256e2222256e2222256e2222256e2222256e2222256e2222256e222225 ...
[2021-09-13 19:21:02,805] [INFO] [base._test_info] -> Current test: 159
[2021-09-13 19:21:02,805] [INFO] [server.transmit] -> request(536): 474554202f696e6465782e68746d6c2022256e2222256e2222256e2222256e2222256e2222256e2222256e2222256e222225 ...
[2021-09-13 19:21:02,807] [INFO] [base._test_info] -> Current test: 160
[2021-09-13 19:21:02,807] [INFO] [server.transmit] -> request(88): 474554202f696e6465782e68746d6c2022256e2222256e2222256e2222256e2222256e2222256e2222256e2222256e222225 ...
[2021-09-13 19:21:02,809] [INFO] [base._test_info] -> Current test: 161
[2021-09-13 19:21:02,809] [INFO] [server.transmit] -> request(32): 474554202f696e6465782e68746d6c2022256e2222256e222f312e310d0a0d0a
[2021-09-13 19:21:02,811] [INFO] [base._test_info] -> Current test: 162
[2021-09-13 19:21:02,812] [INFO] [server.transmit] -> request(38): 474554202f696e6465782e68746d6c20252e31363730357525325c24686e2f312e310d0a0d0a
[2021-09-13 19:21:02,815] [INFO] [base._test_info] -> Current test: 163
[2021-09-13 19:21:02,815] [INFO] [server.transmit] -> request(2072): 474554202f696e6465782e68746d6c200d0a0d0a0d0a0d0a0d0a0d0a0d0a0d0a0d0a0d0a0d0a0d0a0d0a0d0a0d0a0d0a0d0a ...
[2021-09-13 19:21:02,817] [INFO] [base._test_info] -> Current test: 164
[2021-09-13 19:21:02,817] [INFO] [server.transmit] -> request(280): 474554202f696e6465782e68746d6c200d0a0d0a0d0a0d0a0d0a0d0a0d0a0d0a0d0a0d0a0d0a0d0a0d0a0d0a0d0a0d0a0d0a ...
[2021-09-13 19:21:02,819] [INFO] [base._test_info] -> Current test: 165
[2021-09-13 19:21:02,819] [INFO] [server.transmit] -> request(56): 474554202f696e6465782e68746d6c200d0a0d0a0d0a0d0a0d0a0d0a0d0a0d0a0d0a0d0a0d0a0d0a0d0a0d0a0d0a0d0a2f31 ...
[2021-09-13 19:21:02,821] [INFO] [base._test_info] -> Current test: 166
[2021-09-13 19:21:02,821] [INFO] [server.transmit] -> request(28): 474554202f696e6465782e68746d6c200d0a0d0a2f312e310d0a0d0a
[2021-09-13 19:21:02,823] [INFO] [base._test_info] -> Current test: 167
[2021-09-13 19:21:02,823] [INFO] [server.transmit] -> request(1048): 474554202f696e6465782e68746d6c200a0a0a0a0a0a0a0a0a0a0a0a0a0a0a0a0a0a0a0a0a0a0a0a0a0a0a0a0a0a0a0a0a0a ...
[2021-09-13 19:21:02,825] [INFO] [base._test_info] -> Current test: 168
[2021-09-13 19:21:02,825] [INFO] [server.transmit] -> request(152): 474554202f696e6465782e68746d6c200a0a0a0a0a0a0a0a0a0a0a0a0a0a0a0a0a0a0a0a0a0a0a0a0a0a0a0a0a0a0a0a0a0a ...
[2021-09-13 19:21:02,827] [INFO] [base._test_info] -> Current test: 169
[2021-09-13 19:21:02,827] [INFO] [server.transmit] -> request(40): 474554202f696e6465782e68746d6c200a0a0a0a0a0a0a0a0a0a0a0a0a0a0a0a2f312e310d0a0d0a
[2021-09-13 19:21:02,830] [INFO] [base._test_info] -> Current test: 170
[2021-09-13 19:21:02,830] [INFO] [server.transmit] -> request(26): 474554202f696e6465782e68746d6c200a0a2f312e310d0a0d0a
[2021-09-13 19:21:02,833] [INFO] [base._test_info] -> Current test: 171
[2021-09-13 19:21:02,834] [INFO] [server.transmit] -> request(4120): 474554202f696e6465782e68746d6c20deadbeefdeadbeefdeadbeefdeadbeefdeadbeefdeadbeefdeadbeefdeadbeefdead ...
[2021-09-13 19:21:02,836] [INFO] [base._test_info] -> Current test: 172
[2021-09-13 19:21:02,836] [INFO] [server.transmit] -> request(536): 474554202f696e6465782e68746d6c20deadbeefdeadbeefdeadbeefdeadbeefdeadbeefdeadbeefdeadbeefdeadbeefdead ...
[2021-09-13 19:21:02,838] [INFO] [base._test_info] -> Current test: 173
[2021-09-13 19:21:02,838] [INFO] [server.transmit] -> request(88): 474554202f696e6465782e68746d6c20deadbeefdeadbeefdeadbeefdeadbeefdeadbeefdeadbeefdeadbeefdeadbeefdead ...
[2021-09-13 19:21:02,840] [INFO] [base._test_info] -> Current test: 174
[2021-09-13 19:21:02,840] [INFO] [server.transmit] -> request(32): 474554202f696e6465782e68746d6c20deadbeefdeadbeef2f312e310d0a0d0a
[2021-09-13 19:21:02,842] [INFO] [base._test_info] -> Current test: 175
[2021-09-13 19:21:02,842] [INFO] [server.transmit] -> request(41): 474554202f696e6465782e68746d6c207c746f756368202f746d702f4b495454592f312e310d0a0d0a
[2021-09-13 19:21:02,844] [INFO] [base._test_info] -> Current test: 176
[2021-09-13 19:21:02,844] [INFO] [server.transmit] -> request(42): 474554202f696e6465782e68746d6c203b746f756368202f746d702f4b495454593b2f312e310d0a0d0a
[2021-09-13 19:21:02,847] [INFO] [base._test_info] -> Current test: 177
[2021-09-13 19:21:02,848] [INFO] [server.transmit] -> request(38): 474554202f696e6465782e68746d6c203b6c733e2f746d702f4b495454592f312e310d0a0d0a
[2021-09-13 19:21:02,850] [INFO] [base._test_info] -> Current test: 178
[2021-09-13 19:21:02,850] [INFO] [server.transmit] -> request(53): 474554202f696e6465782e68746d6c20223b6c733e2f746d702f4b495454593b6c733e2f6465762f6e756c6c222f312e310d ...
[2021-09-13 19:21:02,852] [INFO] [base._test_info] -> Current test: 179
[2021-09-13 19:21:02,852] [INFO] [server.transmit] -> request(54): 474554202f696e6465782e68746d6c20273b6c733e2f746d702f4b495454593b6c733e272f6465762f6e756c6c272f312e31 ...
[2021-09-13 19:21:02,854] [INFO] [base._test_info] -> Current test: 180
[2021-09-13 19:21:02,854] [INFO] [server.transmit] -> request(39): 474554202f696e6465782e68746d6c20606c733e2f746d702f4b49545459602f312e310d0a0d0a
[2021-09-13 19:21:02,856] [INFO] [base._test_info] -> Current test: 181
[2021-09-13 19:21:02,856] [INFO] [server.transmit] -> request(40): 474554202f696e6465782e68746d6c2020606c733e2f746d702f4b49545459602f312e310d0a0d0a
[2021-09-13 19:21:02,858] [INFO] [base._test_info] -> Current test: 182
[2021-09-13 19:21:02,858] [INFO] [server.transmit] -> request(32): 474554202f696e6465782e68746d6c207c6e6f74657061642f312e310d0a0d0a
[2021-09-13 19:21:02,860] [INFO] [base._test_info] -> Current test: 183
[2021-09-13 19:21:02,860] [INFO] [server.transmit] -> request(33): 474554202f696e6465782e68746d6c203b6e6f74657061643b2f312e310d0a0d0a
[2021-09-13 19:21:02,862] [INFO] [base._test_info] -> Current test: 184
[2021-09-13 19:21:02,863] [INFO] [server.transmit] -> request(33): 474554202f696e6465782e68746d6c200a6e6f74657061640a2f312e310d0a0d0a
[2021-09-13 19:21:02,866] [INFO] [base._test_info] -> Current test: 185
[2021-09-13 19:21:02,866] [INFO] [server.transmit] -> request(35): 474554202f696e6465782e68746d6c2027206f7220313d31202d2d2f312e310d0a0d0a
[2021-09-13 19:21:02,868] [INFO] [base._test_info] -> Current test: 186
[2021-09-13 19:21:02,868] [INFO] [server.transmit] -> request(41): 474554202f696e6465782e68746d6c20273b20646573632075736572733b202d2d2f312e310d0a0d0a
[2021-09-13 19:21:02,870] [INFO] [base._test_info] -> Current test: 187
[2021-09-13 19:21:02,870] [INFO] [server.transmit] -> request(65): 474554202f696e6465782e68746d6c2027206f7220757365726e616d65206973206e6f74204e554c4c206f7220757365726e ...
[2021-09-13 19:21:02,872] [INFO] [base._test_info] -> Current test: 188
[2021-09-13 19:21:02,872] [INFO] [server.transmit] -> request(96): 474554202f696e6465782e68746d6c203120756e696f6e20616c6c2073656c65637420312c322c332c342c352c362c6e616d ...
[2021-09-13 19:21:02,874] [INFO] [base._test_info] -> Current test: 189
[2021-09-13 19:21:02,874] [INFO] [server.transmit] -> request(35): 474554202f696e6465782e68746d6c2060206f72206031603d60312f312e310d0a0d0a
[2021-09-13 19:21:02,876] [INFO] [base._test_info] -> Current test: 190
[2021-09-13 19:21:02,876] [INFO] [server.transmit] -> request(35): 474554202f696e6465782e68746d6c2027206f72202731273d27312f312e310d0a0d0a
[2021-09-13 19:21:02,878] [INFO] [base._test_info] -> Current test: 191
[2021-09-13 19:21:02,879] [INFO] [server.transmit] -> request(26): 474554202f696e6465782e68746d6c2041412f312e310d0a0d0a
[2021-09-13 19:21:02,881] [INFO] [base._test_info] -> Current test: 192
[2021-09-13 19:21:02,882] [INFO] [server.transmit] -> request(34): 474554202f696e6465782e68746d6c20414141414141414141412f312e310d0a0d0a
[2021-09-13 19:21:02,883] [INFO] [base._test_info] -> Current test: 193
[2021-09-13 19:21:02,884] [INFO] [server.transmit] -> request(124): 474554202f696e6465782e68746d6c2041414141414141414141414141414141414141414141414141414141414141414141 ...
[2021-09-13 19:21:02,886] [INFO] [base._test_info] -> Current test: 194
[2021-09-13 19:21:02,886] [INFO] [server.transmit] -> request(1024): 474554202f696e6465782e68746d6c2041414141414141414141414141414141414141414141414141414141414141414141 ...
[2021-09-13 19:21:02,888] [INFO] [base._test_info] -> Current test: 195
[2021-09-13 19:21:02,889] [INFO] [server.transmit] -> request(5024): 474554202f696e6465782e68746d6c2041414141414141414141414141414141414141414141414141414141414141414141 ...
[2021-09-13 19:21:02,892] [INFO] [base._test_info] -> Current test: 196
[2021-09-13 19:21:02,893] [INFO] [server.transmit] -> request(10024): 474554202f696e6465782e68746d6c2041414141414141414141414141414141414141414141414141414141414141414141 ...
[2021-09-13 19:21:02,896] [INFO] [base._test_info] -> Current test: 197
[2021-09-13 19:21:02,916] [INFO] [server.transmit] -> request(35): 474554202f696e6465782e68746d6c202f6574632f7061737377642f312e310d0a0d0a
[2021-09-13 19:21:02,918] [INFO] [base._test_info] -> Current test: 198
[2021-09-13 19:21:02,918] [INFO] [server.transmit] -> request(78): 474554202f696e6465782e68746d6c202e2f2e2e2f2e2e2f2e2e2f2e2e2f2e2e2f2e2e2f2e2e2f2e2e2f2e2e2f2e2e2f2e2e ...
[2021-09-13 19:21:02,923] [INFO] [base._test_info] -> Current test: 199
[2021-09-13 19:21:02,924] [INFO] [server.transmit] -> request(76): 474554202f696e6465782e68746d6c202e2e2f2e2e2f2e2e2f2e2e2f2e2e2f2e2e2f2e2e2f2e2e2f2e2e2f2e2e2f2e2e2f2e ...
[2021-09-13 19:21:02,926] [INFO] [base._test_info] -> Current test: 200
[2021-09-13 19:21:02,927] [INFO] [server.transmit] -> request(37): 474554202f696e6465782e68746d6c202f70726f632f637075696e666f2f312e310d0a0d0a
[2021-09-13 19:21:02,930] [INFO] [base._test_info] -> Current test: 201
[2021-09-13 19:21:02,930] [INFO] [server.transmit] -> request(80): 474554202f696e6465782e68746d6c202e2f2e2e2f2e2e2f2e2e2f2e2e2f2e2e2f2e2e2f2e2e2f2e2e2f2e2e2f2e2e2f2e2e ...
[2021-09-13 19:21:02,933] [INFO] [base._test_info] -> Current test: 202
[2021-09-13 19:21:02,933] [INFO] [server.transmit] -> request(78): 474554202f696e6465782e68746d6c202e2e2f2e2e2f2e2e2f2e2e2f2e2e2f2e2e2f2e2e2f2e2e2f2e2e2f2e2e2f2e2e2f2e ...
[2021-09-13 19:21:02,935] [INFO] [base._test_info] -> Current test: 203
[2021-09-13 19:21:02,936] [INFO] [server.transmit] -> request(34): 474554202f696e6465782e68746d6c207e2f2e70726f66696c652f312e310d0a0d0a
[2021-09-13 19:21:02,938] [INFO] [base._test_info] -> Current test: 204
[2021-09-13 19:21:02,938] [INFO] [server.transmit] -> request(38): 474554202f696e6465782e68746d6c2024484f4d452f2e70726f66696c652f312e310d0a0d0a
[2021-09-13 19:21:02,940] [INFO] [base._test_info] -> Current test: 205
[2021-09-13 19:21:02,940] [INFO] [server.transmit] -> request(69): 474554202f696e6465782e68746d6c202f2e2e2f2e2e2f2e2e2f2e2e2f2e2e2f2e2e2f2e2e2f2e2e2f2e2e2f2e2e2f2e2e2f ...
[2021-09-13 19:21:02,942] [INFO] [base._test_info] -> Current test: 206
[2021-09-13 19:21:02,943] [INFO] [server.transmit] -> request(1048): 474554202f696e6465782e68746d6c202f5c2f5c2f5c2f5c2f5c2f5c2f5c2f5c2f5c2f5c2f5c2f5c2f5c2f5c2f5c2f5c2f5c ...
[2021-09-13 19:21:02,945] [INFO] [base._test_info] -> Current test: 207
[2021-09-13 19:21:02,946] [INFO] [server.transmit] -> request(152): 474554202f696e6465782e68746d6c202f5c2f5c2f5c2f5c2f5c2f5c2f5c2f5c2f5c2f5c2f5c2f5c2f5c2f5c2f5c2f5c2f5c ...
[2021-09-13 19:21:02,948] [INFO] [base._test_info] -> Current test: 208
[2021-09-13 19:21:02,949] [INFO] [server.transmit] -> request(40): 474554202f696e6465782e68746d6c202f5c2f5c2f5c2f5c2f5c2f5c2f5c2f5c2f312e310d0a0d0a
[2021-09-13 19:21:02,950] [INFO] [base._test_info] -> Current test: 209
[2021-09-13 19:21:02,951] [INFO] [server.transmit] -> request(1048): 474554202f696e6465782e68746d6c202f2e2f2e2f2e2f2e2f2e2f2e2f2e2f2e2f2e2f2e2f2e2f2e2f2e2f2e2f2e2f2e2f2e ...
[2021-09-13 19:21:02,952] [INFO] [base._test_info] -> Current test: 210
[2021-09-13 19:21:02,952] [INFO] [server.transmit] -> request(152): 474554202f696e6465782e68746d6c202f2e2f2e2f2e2f2e2f2e2f2e2f2e2f2e2f2e2f2e2f2e2f2e2f2e2f2e2f2e2f2e2f2e ...
[2021-09-13 19:21:02,954] [INFO] [base._test_info] -> Current test: 211
[2021-09-13 19:21:02,954] [INFO] [server.transmit] -> request(40): 474554202f696e6465782e68746d6c202f2e2f2e2f2e2f2e2f2e2f2e2f2e2f2e2f312e310d0a0d0a
[2021-09-13 19:21:02,956] [INFO] [base._test_info] -> Current test: 212
[2021-09-13 19:21:02,956] [INFO] [server.transmit] -> request(53): 474554202f696e6465782e68746d6c202140232425255e2324252324402324252424402324255e5e2a2a2828292f312e310d ...
[2021-09-13 19:21:02,958] [INFO] [base._test_info] -> Current test: 213
[2021-09-13 19:21:02,958] [INFO] [server.transmit] -> request(49): 474554202f696e6465782e68746d6c20253031253032253033253034253061253064253061414453462f312e310d0a0d0a
[2021-09-13 19:21:02,960] [INFO] [base._test_info] -> Current test: 214
[2021-09-13 19:21:02,961] [INFO] [server.transmit] -> request(50): 474554202f696e6465782e68746d6c2025303125303225303340253034253061253064253061414453462f312e310d0a0d0a ...
[2021-09-13 19:21:02,963] [INFO] [base._test_info] -> Current test: 215
[2021-09-13 19:21:02,964] [INFO] [server.transmit] -> request(29): 474554202f696e6465782e68746d6c202f2530302f2f312e310d0a0d0a
[2021-09-13 19:21:02,965] [INFO] [base._test_info] -> Current test: 216
[2021-09-13 19:21:02,966] [INFO] [server.transmit] -> request(28): 474554202f696e6465782e68746d6c202530302f2f312e310d0a0d0a
[2021-09-13 19:21:02,967] [INFO] [base._test_info] -> Current test: 217
[2021-09-13 19:21:02,968] [INFO] [server.transmit] -> request(27): 474554202f696e6465782e68746d6c202530302f312e310d0a0d0a
[2021-09-13 19:21:02,969] [INFO] [base._test_info] -> Current test: 218
[2021-09-13 19:21:02,970] [INFO] [server.transmit] -> request(30): 474554202f696e6465782e68746d6c202575303030302f312e310d0a0d0a
[2021-09-13 19:21:02,972] [INFO] [base._test_info] -> Current test: 219
[2021-09-13 19:21:02,972] [INFO] [server.transmit] -> request(216): 474554202f696e6465782e68746d6c2025fef02501ff25fef02501ff25fef02501ff25fef02501ff25fef02501ff25fef025 ...
[2021-09-13 19:21:02,974] [INFO] [base._test_info] -> Current test: 220
[2021-09-13 19:21:02,975] [INFO] [server.transmit] -> request(48): 474554202f696e6465782e68746d6c2025fef02501ff25fef02501ff25fef02501ff25fef02501ff2f312e310d0a0d0a
[2021-09-13 19:21:02,977] [INFO] [base._test_info] -> Current test: 221
[2021-09-13 19:21:02,978] [INFO] [server.transmit] -> request(29): 474554202f696e6465782e68746d6c20485454502f2f312e310d0a0d0a
[2021-09-13 19:21:02,980] [INFO] [base._test_info] -> Current test: 222
[2021-09-13 19:21:02,981] [INFO] [server.transmit] -> request(37): 474554202f696e6465782e68746d6c20485454502f2f2f2f2f2f2f2f2f2f312e310d0a0d0a
[2021-09-13 19:21:02,983] [INFO] [base._test_info] -> Current test: 223
[2021-09-13 19:21:02,984] [INFO] [server.transmit] -> request(127): 474554202f696e6465782e68746d6c20485454502f2f2f2f2f2f2f2f2f2f2f2f2f2f2f2f2f2f2f2f2f2f2f2f2f2f2f2f2f2f ...
[2021-09-13 19:21:02,986] [INFO] [base._test_info] -> Current test: 224
[2021-09-13 19:21:02,986] [INFO] [server.transmit] -> request(29): 474554202f696e6465782e68746d6c20485454502ffe312e310d0a0d0a
[2021-09-13 19:21:02,988] [INFO] [base._test_info] -> Current test: 225
[2021-09-13 19:21:02,989] [INFO] [server.transmit] -> request(29): 474554202f696e6465782e68746d6c2048545450002f312e310d0a0d0a
[2021-09-13 19:21:02,991] [INFO] [base._test_info] -> Current test: 226
[2021-09-13 19:21:02,991] [INFO] [server.transmit] -> request(29): 474554202f696e6465782e68746d6c2048545450002f312e310d0a0d0a
[2021-09-13 19:21:02,992] [INFO] [base._test_info] -> Current test: 227
[2021-09-13 19:21:02,993] [INFO] [server.transmit] -> request(29): 474554202f696e6465782e68746d6c20485454502f00312e310d0a0d0a
[2021-09-13 19:21:02,995] [INFO] [base._test_info] -> Current test: 228
[2021-09-13 19:21:02,997] [INFO] [server.transmit] -> request(31): 474554202f696e6465782e68746d6c204854545020202020312e310d0a0d0a
[2021-09-13 19:21:03,000] [INFO] [base._test_info] -> Current test: 229
[2021-09-13 19:21:03,000] [INFO] [server.transmit] -> request(31): 474554202f696e6465782e68746d6c204854545009090909312e310d0a0d0a
[2021-09-13 19:21:03,003] [INFO] [base._test_info] -> Current test: 230
[2021-09-13 19:21:03,003] [INFO] [server.transmit] -> request(31): 474554202f696e6465782e68746d6c204854545021212121312e310d0a0d0a
[2021-09-13 19:21:03,005] [INFO] [base._test_info] -> Current test: 231
[2021-09-13 19:21:03,005] [INFO] [server.transmit] -> request(31): 474554202f696e6465782e68746d6c204854545040404040312e310d0a0d0a
[2021-09-13 19:21:03,007] [INFO] [base._test_info] -> Current test: 232
[2021-09-13 19:21:03,007] [INFO] [server.transmit] -> request(31): 474554202f696e6465782e68746d6c204854545023232323312e310d0a0d0a
[2021-09-13 19:21:03,009] [INFO] [base._test_info] -> Current test: 233
[2021-09-13 19:21:03,009] [INFO] [server.transmit] -> request(31): 474554202f696e6465782e68746d6c204854545024242424312e310d0a0d0a
[2021-09-13 19:21:03,011] [INFO] [base._test_info] -> Current test: 234
[2021-09-13 19:21:03,012] [INFO] [server.transmit] -> request(31): 474554202f696e6465782e68746d6c204854545025252525312e310d0a0d0a
[2021-09-13 19:21:03,015] [INFO] [base._test_info] -> Current test: 235
[2021-09-13 19:21:03,016] [INFO] [server.transmit] -> request(31): 474554202f696e6465782e68746d6c20485454505e5e5e5e312e310d0a0d0a
[2021-09-13 19:21:03,018] [INFO] [base._test_info] -> Current test: 236
[2021-09-13 19:21:03,018] [INFO] [server.transmit] -> request(31): 474554202f696e6465782e68746d6c204854545026262626312e310d0a0d0a
[2021-09-13 19:21:03,020] [INFO] [base._test_info] -> Current test: 237
[2021-09-13 19:21:03,020] [INFO] [server.transmit] -> request(31): 474554202f696e6465782e68746d6c20485454502a2a2a2a312e310d0a0d0a
[2021-09-13 19:21:03,022] [INFO] [base._test_info] -> Current test: 238
[2021-09-13 19:21:03,022] [INFO] [server.transmit] -> request(31): 474554202f696e6465782e68746d6c204854545028282828312e310d0a0d0a
[2021-09-13 19:21:03,024] [INFO] [base._test_info] -> Current test: 239
[2021-09-13 19:21:03,024] [INFO] [server.transmit] -> request(31): 474554202f696e6465782e68746d6c204854545029292929312e310d0a0d0a
[2021-09-13 19:21:03,026] [INFO] [base._test_info] -> Current test: 240
[2021-09-13 19:21:03,026] [INFO] [server.transmit] -> request(31): 474554202f696e6465782e68746d6c20485454502d2d2d2d312e310d0a0d0a
[2021-09-13 19:21:03,029] [INFO] [base._test_info] -> Current test: 241
[2021-09-13 19:21:03,030] [INFO] [server.transmit] -> request(31): 474554202f696e6465782e68746d6c20485454505f5f5f5f312e310d0a0d0a
[2021-09-13 19:21:03,034] [INFO] [base._test_info] -> Current test: 242
[2021-09-13 19:21:03,034] [INFO] [server.transmit] -> request(31): 474554202f696e6465782e68746d6c20485454502b2b2b2b312e310d0a0d0a
[2021-09-13 19:21:03,036] [INFO] [base._test_info] -> Current test: 243
[2021-09-13 19:21:03,036] [INFO] [server.transmit] -> request(31): 474554202f696e6465782e68746d6c20485454503d3d3d3d312e310d0a0d0a
[2021-09-13 19:21:03,038] [INFO] [base._test_info] -> Current test: 244
[2021-09-13 19:21:03,038] [INFO] [server.transmit] -> request(31): 474554202f696e6465782e68746d6c20485454503a3a3a3a312e310d0a0d0a
[2021-09-13 19:21:03,040] [INFO] [base._test_info] -> Current test: 245
[2021-09-13 19:21:03,040] [INFO] [server.transmit] -> request(31): 474554202f696e6465782e68746d6c20485454503b3b3b3b312e310d0a0d0a
[2021-09-13 19:21:03,042] [INFO] [base._test_info] -> Current test: 246
[2021-09-13 19:21:03,042] [INFO] [server.transmit] -> request(31): 474554202f696e6465782e68746d6c204854545027272727312e310d0a0d0a
[2021-09-13 19:21:03,044] [INFO] [base._test_info] -> Current test: 247
[2021-09-13 19:21:03,045] [INFO] [server.transmit] -> request(31): 474554202f696e6465782e68746d6c204854545022222222312e310d0a0d0a
[2021-09-13 19:21:03,049] [INFO] [base._test_info] -> Current test: 248
[2021-09-13 19:21:03,050] [INFO] [server.transmit] -> request(31): 474554202f696e6465782e68746d6c20485454502f2f2f2f312e310d0a0d0a
[2021-09-13 19:21:03,052] [INFO] [base._test_info] -> Current test: 249
[2021-09-13 19:21:03,052] [INFO] [server.transmit] -> request(31): 474554202f696e6465782e68746d6c20485454505c5c5c5c312e310d0a0d0a
[2021-09-13 19:21:03,054] [INFO] [base._test_info] -> Current test: 250
[2021-09-13 19:21:03,054] [INFO] [server.transmit] -> request(31): 474554202f696e6465782e68746d6c20485454503f3f3f3f312e310d0a0d0a
[2021-09-13 19:21:03,056] [INFO] [base._test_info] -> Current test: 251
[2021-09-13 19:21:03,057] [INFO] [server.transmit] -> request(31): 474554202f696e6465782e68746d6c20485454503c3c3c3c312e310d0a0d0a
[2021-09-13 19:21:03,058] [INFO] [base._test_info] -> Current test: 252
[2021-09-13 19:21:03,059] [INFO] [server.transmit] -> request(31): 474554202f696e6465782e68746d6c20485454503e3e3e3e312e310d0a0d0a
[2021-09-13 19:21:03,061] [INFO] [base._test_info] -> Current test: 253
[2021-09-13 19:21:03,061] [INFO] [server.transmit] -> request(31): 474554202f696e6465782e68746d6c20485454502e2e2e2e312e310d0a0d0a
[2021-09-13 19:21:03,065] [INFO] [base._test_info] -> Current test: 254
[2021-09-13 19:21:03,066] [INFO] [server.transmit] -> request(31): 474554202f696e6465782e68746d6c20485454502c2c2c2c312e310d0a0d0a
[2021-09-13 19:21:03,069] [INFO] [base._test_info] -> Current test: 255
[2021-09-13 19:21:03,069] [INFO] [server.transmit] -> request(31): 474554202f696e6465782e68746d6c20485454500d0d0d0d312e310d0a0d0a
[2021-09-13 19:21:03,071] [INFO] [base._test_info] -> Current test: 256
[2021-09-13 19:21:03,072] [INFO] [server.transmit] -> request(31): 474554202f696e6465782e68746d6c20485454500a0a0a0a312e310d0a0d0a
[2021-09-13 19:21:03,073] [INFO] [base._test_info] -> Current test: 257
[2021-09-13 19:21:03,074] [INFO] [server.transmit] -> request(43): 474554202f696e6465782e68746d6c20485454500d0a0d0a0d0a0d0a0d0a0d0a0d0a0d0a312e310d0a0d0a
[2021-09-13 19:21:03,075] [INFO] [base._test_info] -> Current test: 258
[2021-09-13 19:21:03,076] [INFO] [server.transmit] -> request(51): 474554202f696e6465782e68746d6c2048545450090d0a090d0a090d0a090d0a090d0a090d0a090d0a090d0a312e310d0a0d ...
[2021-09-13 19:21:03,077] [INFO] [base._test_info] -> Current test: 259
[2021-09-13 19:21:03,078] [INFO] [server.transmit] -> request(27): 474554202f696e6465782e68746d6c2048545450312e310d0a0d0a
[2021-09-13 19:21:03,082] [INFO] [base._test_info] -> Current test: 260
[2021-09-13 19:21:03,083] [INFO] [server.transmit] -> request(36): 474554202f696e6465782e68746d6c20485454502f3236383433353435372e310d0a0d0a
[2021-09-13 19:21:03,085] [INFO] [base._test_info] -> Current test: 261
[2021-09-13 19:21:03,086] [INFO] [server.transmit] -> request(35): 474554202f696e6465782e68746d6c20485454502f33333535343433332e310d0a0d0a
[2021-09-13 19:21:03,087] [INFO] [base._test_info] -> Current test: 262
[2021-09-13 19:21:03,088] [INFO] [server.transmit] -> request(34): 474554202f696e6465782e68746d6c20485454502f343139343330352e310d0a0d0a
[2021-09-13 19:21:03,089] [INFO] [base._test_info] -> Current test: 263
[2021-09-13 19:21:03,090] [INFO] [server.transmit] -> request(33): 474554202f696e6465782e68746d6c20485454502f3532343238392e310d0a0d0a
[2021-09-13 19:21:03,091] [INFO] [base._test_info] -> Current test: 264
[2021-09-13 19:21:03,092] [INFO] [server.transmit] -> request(32): 474554202f696e6465782e68746d6c20485454502f36353533372e310d0a0d0a
[2021-09-13 19:21:03,093] [INFO] [base._test_info] -> Current test: 265
[2021-09-13 19:21:03,094] [INFO] [server.transmit] -> request(31): 474554202f696e6465782e68746d6c20485454502f383139332e310d0a0d0a
[2021-09-13 19:21:03,098] [INFO] [base._test_info] -> Current test: 266
[2021-09-13 19:21:03,099] [INFO] [server.transmit] -> request(31): 474554202f696e6465782e68746d6c20485454502f313032352e310d0a0d0a
[2021-09-13 19:21:03,102] [INFO] [base._test_info] -> Current test: 267
[2021-09-13 19:21:03,102] [INFO] [server.transmit] -> request(30): 474554202f696e6465782e68746d6c20485454502f3132392e310d0a0d0a
[2021-09-13 19:21:03,104] [INFO] [base._test_info] -> Current test: 268
[2021-09-13 19:21:03,104] [INFO] [server.transmit] -> request(29): 474554202f696e6465782e68746d6c20485454502f31372e310d0a0d0a
[2021-09-13 19:21:03,106] [INFO] [base._test_info] -> Current test: 269
[2021-09-13 19:21:03,106] [INFO] [server.transmit] -> request(37): 474554202f696e6465782e68746d6c20485454502f343239343936373239352e310d0a0d0a
[2021-09-13 19:21:03,108] [INFO] [base._test_info] -> Current test: 270
[2021-09-13 19:21:03,108] [INFO] [server.transmit] -> request(37): 474554202f696e6465782e68746d6c20485454502f333232313232353437322e310d0a0d0a
[2021-09-13 19:21:03,110] [INFO] [base._test_info] -> Current test: 271
[2021-09-13 19:21:03,110] [INFO] [server.transmit] -> request(37): 474554202f696e6465782e68746d6c20485454502f323134373438333634392e310d0a0d0a
[2021-09-13 19:21:03,114] [INFO] [base._test_info] -> Current test: 272
[2021-09-13 19:21:03,115] [INFO] [server.transmit] -> request(37): 474554202f696e6465782e68746d6c20485454502f313037333734313832362e310d0a0d0a
[2021-09-13 19:21:03,118] [INFO] [base._test_info] -> Current test: 273
[2021-09-13 19:21:03,118] [INFO] [server.transmit] -> request(28): 474554202f696e6465782e68746d6c20485454502f312e310d0a0d0a
[2021-09-13 19:21:03,120] [INFO] [base._test_info] -> Current test: 274
[2021-09-13 19:21:03,120] [INFO] [server.transmit] -> request(37): 474554202f696e6465782e68746d6c20485454502f343239343936373239342e310d0a0d0a
[2021-09-13 19:21:03,122] [INFO] [base._test_info] -> Current test: 275
[2021-09-13 19:21:03,123] [INFO] [server.transmit] -> request(37): 474554202f696e6465782e68746d6c20485454502f333232313232353437332e310d0a0d0a
[2021-09-13 19:21:03,124] [INFO] [base._test_info] -> Current test: 276
[2021-09-13 19:21:03,125] [INFO] [server.transmit] -> request(37): 474554202f696e6465782e68746d6c20485454502f333232313232353437312e310d0a0d0a
[2021-09-13 19:21:03,126] [INFO] [base._test_info] -> Current test: 277
[2021-09-13 19:21:03,127] [INFO] [server.transmit] -> request(37): 474554202f696e6465782e68746d6c20485454502f323134373438333635302e310d0a0d0a
[2021-09-13 19:21:03,130] [INFO] [base._test_info] -> Current test: 278
[2021-09-13 19:21:03,131] [INFO] [server.transmit] -> request(37): 474554202f696e6465782e68746d6c20485454502f323134373438333634382e310d0a0d0a
[2021-09-13 19:21:03,134] [INFO] [base._test_info] -> Current test: 279
[2021-09-13 19:21:03,135] [INFO] [server.transmit] -> request(37): 474554202f696e6465782e68746d6c20485454502f313037333734313832372e310d0a0d0a
[2021-09-13 19:21:03,136] [INFO] [base._test_info] -> Current test: 280
[2021-09-13 19:21:03,137] [INFO] [server.transmit] -> request(37): 474554202f696e6465782e68746d6c20485454502f313037333734313832352e310d0a0d0a
[2021-09-13 19:21:03,138] [INFO] [base._test_info] -> Current test: 281
[2021-09-13 19:21:03,139] [INFO] [server.transmit] -> request(37): 474554202f696e6465782e68746d6c20485454502f343239343936373239332e310d0a0d0a
[2021-09-13 19:21:03,141] [INFO] [base._test_info] -> Current test: 282
[2021-09-13 19:21:03,141] [INFO] [server.transmit] -> request(37): 474554202f696e6465782e68746d6c20485454502f333232313232353437342e310d0a0d0a
[2021-09-13 19:21:03,142] [INFO] [base._test_info] -> Current test: 283
[2021-09-13 19:21:03,143] [INFO] [server.transmit] -> request(37): 474554202f696e6465782e68746d6c20485454502f333232313232353437302e310d0a0d0a
[2021-09-13 19:21:03,145] [INFO] [base._test_info] -> Current test: 284
[2021-09-13 19:21:03,146] [INFO] [server.transmit] -> request(37): 474554202f696e6465782e68746d6c20485454502f323134373438333635312e310d0a0d0a
[2021-09-13 19:21:03,149] [INFO] [base._test_info] -> Current test: 285
[2021-09-13 19:21:03,150] [INFO] [server.transmit] -> request(37): 474554202f696e6465782e68746d6c20485454502f323134373438333634372e310d0a0d0a
[2021-09-13 19:21:03,151] [INFO] [base._test_info] -> Current test: 286
[2021-09-13 19:21:03,152] [INFO] [server.transmit] -> request(37): 474554202f696e6465782e68746d6c20485454502f313037333734313832382e310d0a0d0a
[2021-09-13 19:21:03,154] [INFO] [base._test_info] -> Current test: 287
[2021-09-13 19:21:03,154] [INFO] [server.transmit] -> request(37): 474554202f696e6465782e68746d6c20485454502f313037333734313832342e310d0a0d0a
[2021-09-13 19:21:03,156] [INFO] [base._test_info] -> Current test: 288
[2021-09-13 19:21:03,156] [INFO] [server.transmit] -> request(28): 474554202f696e6465782e68746d6c20485454502f322e310d0a0d0a
[2021-09-13 19:21:03,158] [INFO] [base._test_info] -> Current test: 289
[2021-09-13 19:21:03,158] [INFO] [server.transmit] -> request(28): 474554202f696e6465782e68746d6c20485454502f302e310d0a0d0a
[2021-09-13 19:21:03,160] [INFO] [base._test_info] -> Current test: 290
[2021-09-13 19:21:03,160] [INFO] [server.transmit] -> request(28): 474554202f696e6465782e68746d6c20485454502f332e310d0a0d0a
[2021-09-13 19:21:03,163] [INFO] [base._test_info] -> Current test: 291
[2021-09-13 19:21:03,164] [INFO] [server.transmit] -> request(29): 474554202f696e6465782e68746d6c20485454502f312e2e310d0a0d0a
[2021-09-13 19:21:03,166] [INFO] [base._test_info] -> Current test: 292
[2021-09-13 19:21:03,166] [INFO] [server.transmit] -> request(37): 474554202f696e6465782e68746d6c20485454502f312e2e2e2e2e2e2e2e2e2e310d0a0d0a
[2021-09-13 19:21:03,168] [INFO] [base._test_info] -> Current test: 293
[2021-09-13 19:21:03,168] [INFO] [server.transmit] -> request(127): 474554202f696e6465782e68746d6c20485454502f312e2e2e2e2e2e2e2e2e2e2e2e2e2e2e2e2e2e2e2e2e2e2e2e2e2e2e2e ...
[2021-09-13 19:21:03,170] [INFO] [base._test_info] -> Current test: 294
[2021-09-13 19:21:03,171] [INFO] [server.transmit] -> request(29): 474554202f696e6465782e68746d6c20485454502f312efe310d0a0d0a
[2021-09-13 19:21:03,172] [INFO] [base._test_info] -> Current test: 295
[2021-09-13 19:21:03,173] [INFO] [server.transmit] -> request(29): 474554202f696e6465782e68746d6c20485454502f31002e310d0a0d0a
[2021-09-13 19:21:03,174] [INFO] [base._test_info] -> Current test: 296
[2021-09-13 19:21:03,174] [INFO] [server.transmit] -> request(29): 474554202f696e6465782e68746d6c20485454502f31002e310d0a0d0a
[2021-09-13 19:21:03,176] [INFO] [base._test_info] -> Current test: 297
[2021-09-13 19:21:03,176] [INFO] [server.transmit] -> request(29): 474554202f696e6465782e68746d6c20485454502f312e00310d0a0d0a
[2021-09-13 19:21:03,178] [INFO] [base._test_info] -> Current test: 298
[2021-09-13 19:21:03,179] [INFO] [server.transmit] -> request(31): 474554202f696e6465782e68746d6c20485454502f3120202020310d0a0d0a
[2021-09-13 19:21:03,181] [INFO] [base._test_info] -> Current test: 299
[2021-09-13 19:21:03,182] [INFO] [server.transmit] -> request(31): 474554202f696e6465782e68746d6c20485454502f3109090909310d0a0d0a
[2021-09-13 19:21:03,183] [INFO] [base._test_info] -> Current test: 300
[2021-09-13 19:21:03,184] [INFO] [server.transmit] -> request(31): 474554202f696e6465782e68746d6c20485454502f3121212121310d0a0d0a
[2021-09-13 19:21:03,185] [INFO] [base._test_info] -> Current test: 301
[2021-09-13 19:21:03,186] [INFO] [server.transmit] -> request(31): 474554202f696e6465782e68746d6c20485454502f3140404040310d0a0d0a
[2021-09-13 19:21:03,187] [INFO] [base._test_info] -> Current test: 302
[2021-09-13 19:21:03,188] [INFO] [server.transmit] -> request(31): 474554202f696e6465782e68746d6c20485454502f3123232323310d0a0d0a
[2021-09-13 19:21:03,189] [INFO] [base._test_info] -> Current test: 303
[2021-09-13 19:21:03,189] [INFO] [server.transmit] -> request(31): 474554202f696e6465782e68746d6c20485454502f3124242424310d0a0d0a
[2021-09-13 19:21:03,191] [INFO] [base._test_info] -> Current test: 304
[2021-09-13 19:21:03,191] [INFO] [server.transmit] -> request(31): 474554202f696e6465782e68746d6c20485454502f3125252525310d0a0d0a
[2021-09-13 19:21:03,193] [INFO] [base._test_info] -> Current test: 305
[2021-09-13 19:21:03,193] [INFO] [server.transmit] -> request(31): 474554202f696e6465782e68746d6c20485454502f315e5e5e5e310d0a0d0a
[2021-09-13 19:21:03,195] [INFO] [base._test_info] -> Current test: 306
[2021-09-13 19:21:03,196] [INFO] [server.transmit] -> request(31): 474554202f696e6465782e68746d6c20485454502f3126262626310d0a0d0a
[2021-09-13 19:21:03,198] [INFO] [base._test_info] -> Current test: 307
[2021-09-13 19:21:03,198] [INFO] [server.transmit] -> request(31): 474554202f696e6465782e68746d6c20485454502f312a2a2a2a310d0a0d0a
[2021-09-13 19:21:03,200] [INFO] [base._test_info] -> Current test: 308
[2021-09-13 19:21:03,200] [INFO] [server.transmit] -> request(31): 474554202f696e6465782e68746d6c20485454502f3128282828310d0a0d0a
[2021-09-13 19:21:03,201] [INFO] [base._test_info] -> Current test: 309
[2021-09-13 19:21:03,202] [INFO] [server.transmit] -> request(31): 474554202f696e6465782e68746d6c20485454502f3129292929310d0a0d0a
[2021-09-13 19:21:03,203] [INFO] [base._test_info] -> Current test: 310
[2021-09-13 19:21:03,204] [INFO] [server.transmit] -> request(31): 474554202f696e6465782e68746d6c20485454502f312d2d2d2d310d0a0d0a
[2021-09-13 19:21:03,205] [INFO] [base._test_info] -> Current test: 311
[2021-09-13 19:21:03,205] [INFO] [server.transmit] -> request(31): 474554202f696e6465782e68746d6c20485454502f315f5f5f5f310d0a0d0a
[2021-09-13 19:21:03,207] [INFO] [base._test_info] -> Current test: 312
[2021-09-13 19:21:03,207] [INFO] [server.transmit] -> request(31): 474554202f696e6465782e68746d6c20485454502f312b2b2b2b310d0a0d0a
[2021-09-13 19:21:03,209] [INFO] [base._test_info] -> Current test: 313
[2021-09-13 19:21:03,209] [INFO] [server.transmit] -> request(31): 474554202f696e6465782e68746d6c20485454502f313d3d3d3d310d0a0d0a
[2021-09-13 19:21:03,211] [INFO] [base._test_info] -> Current test: 314
[2021-09-13 19:21:03,212] [INFO] [server.transmit] -> request(31): 474554202f696e6465782e68746d6c20485454502f313a3a3a3a310d0a0d0a
[2021-09-13 19:21:03,214] [INFO] [base._test_info] -> Current test: 315
[2021-09-13 19:21:03,214] [INFO] [server.transmit] -> request(31): 474554202f696e6465782e68746d6c20485454502f313b3b3b3b310d0a0d0a
[2021-09-13 19:21:03,216] [INFO] [base._test_info] -> Current test: 316
[2021-09-13 19:21:03,216] [INFO] [server.transmit] -> request(31): 474554202f696e6465782e68746d6c20485454502f3127272727310d0a0d0a
[2021-09-13 19:21:03,218] [INFO] [base._test_info] -> Current test: 317
[2021-09-13 19:21:03,218] [INFO] [server.transmit] -> request(31): 474554202f696e6465782e68746d6c20485454502f3122222222310d0a0d0a
[2021-09-13 19:21:03,220] [INFO] [base._test_info] -> Current test: 318
[2021-09-13 19:21:03,220] [INFO] [server.transmit] -> request(31): 474554202f696e6465782e68746d6c20485454502f312f2f2f2f310d0a0d0a
[2021-09-13 19:21:03,222] [INFO] [base._test_info] -> Current test: 319
[2021-09-13 19:21:03,222] [INFO] [server.transmit] -> request(31): 474554202f696e6465782e68746d6c20485454502f315c5c5c5c310d0a0d0a
[2021-09-13 19:21:03,224] [INFO] [base._test_info] -> Current test: 320
[2021-09-13 19:21:03,224] [INFO] [server.transmit] -> request(31): 474554202f696e6465782e68746d6c20485454502f313f3f3f3f310d0a0d0a
[2021-09-13 19:21:03,226] [INFO] [base._test_info] -> Current test: 321
[2021-09-13 19:21:03,226] [INFO] [server.transmit] -> request(31): 474554202f696e6465782e68746d6c20485454502f313c3c3c3c310d0a0d0a
[2021-09-13 19:21:03,229] [INFO] [base._test_info] -> Current test: 322
[2021-09-13 19:21:03,230] [INFO] [server.transmit] -> request(31): 474554202f696e6465782e68746d6c20485454502f313e3e3e3e310d0a0d0a
[2021-09-13 19:21:03,232] [INFO] [base._test_info] -> Current test: 323
[2021-09-13 19:21:03,232] [INFO] [server.transmit] -> request(31): 474554202f696e6465782e68746d6c20485454502f312e2e2e2e310d0a0d0a
[2021-09-13 19:21:03,234] [INFO] [base._test_info] -> Current test: 324
[2021-09-13 19:21:03,234] [INFO] [server.transmit] -> request(31): 474554202f696e6465782e68746d6c20485454502f312c2c2c2c310d0a0d0a
[2021-09-13 19:21:03,236] [INFO] [base._test_info] -> Current test: 325
[2021-09-13 19:21:03,236] [INFO] [server.transmit] -> request(31): 474554202f696e6465782e68746d6c20485454502f310d0d0d0d310d0a0d0a
[2021-09-13 19:21:03,238] [INFO] [base._test_info] -> Current test: 326
[2021-09-13 19:21:03,238] [INFO] [server.transmit] -> request(31): 474554202f696e6465782e68746d6c20485454502f310a0a0a0a310d0a0d0a
[2021-09-13 19:21:03,240] [INFO] [base._test_info] -> Current test: 327
[2021-09-13 19:21:03,240] [INFO] [server.transmit] -> request(43): 474554202f696e6465782e68746d6c20485454502f310d0a0d0a0d0a0d0a0d0a0d0a0d0a0d0a310d0a0d0a
[2021-09-13 19:21:03,242] [INFO] [base._test_info] -> Current test: 328
[2021-09-13 19:21:03,242] [INFO] [server.transmit] -> request(51): 474554202f696e6465782e68746d6c20485454502f31090d0a090d0a090d0a090d0a090d0a090d0a090d0a090d0a310d0a0d ...
[2021-09-13 19:21:03,244] [INFO] [base._test_info] -> Current test: 329
[2021-09-13 19:21:03,245] [INFO] [server.transmit] -> request(27): 474554202f696e6465782e68746d6c20485454502f31310d0a0d0a
[2021-09-13 19:21:03,248] [INFO] [base._test_info] -> Current test: 330
[2021-09-13 19:21:03,249] [INFO] [server.transmit] -> request(36): 474554202f696e6465782e68746d6c20485454502f312e3236383433353435370d0a0d0a
[2021-09-13 19:21:03,250] [INFO] [base._test_info] -> Current test: 331
[2021-09-13 19:21:03,251] [INFO] [server.transmit] -> request(35): 474554202f696e6465782e68746d6c20485454502f312e33333535343433330d0a0d0a
[2021-09-13 19:21:03,253] [INFO] [base._test_info] -> Current test: 332
[2021-09-13 19:21:03,253] [INFO] [server.transmit] -> request(34): 474554202f696e6465782e68746d6c20485454502f312e343139343330350d0a0d0a
[2021-09-13 19:21:03,255] [INFO] [base._test_info] -> Current test: 333
[2021-09-13 19:21:03,255] [INFO] [server.transmit] -> request(33): 474554202f696e6465782e68746d6c20485454502f312e3532343238390d0a0d0a
[2021-09-13 19:21:03,257] [INFO] [base._test_info] -> Current test: 334
[2021-09-13 19:21:03,257] [INFO] [server.transmit] -> request(32): 474554202f696e6465782e68746d6c20485454502f312e36353533370d0a0d0a
[2021-09-13 19:21:03,259] [INFO] [base._test_info] -> Current test: 335
[2021-09-13 19:21:03,260] [INFO] [server.transmit] -> request(31): 474554202f696e6465782e68746d6c20485454502f312e383139330d0a0d0a
[2021-09-13 19:21:03,262] [INFO] [base._test_info] -> Current test: 336
[2021-09-13 19:21:03,263] [INFO] [server.transmit] -> request(31): 474554202f696e6465782e68746d6c20485454502f312e313032350d0a0d0a
[2021-09-13 19:21:03,265] [INFO] [base._test_info] -> Current test: 337
[2021-09-13 19:21:03,266] [INFO] [server.transmit] -> request(30): 474554202f696e6465782e68746d6c20485454502f312e3132390d0a0d0a
[2021-09-13 19:21:03,267] [INFO] [base._test_info] -> Current test: 338
[2021-09-13 19:21:03,268] [INFO] [server.transmit] -> request(29): 474554202f696e6465782e68746d6c20485454502f312e31370d0a0d0a
[2021-09-13 19:21:03,270] [INFO] [base._test_info] -> Current test: 339
[2021-09-13 19:21:03,270] [INFO] [server.transmit] -> request(37): 474554202f696e6465782e68746d6c20485454502f312e343239343936373239350d0a0d0a
[2021-09-13 19:21:03,272] [INFO] [base._test_info] -> Current test: 340
[2021-09-13 19:21:03,272] [INFO] [server.transmit] -> request(37): 474554202f696e6465782e68746d6c20485454502f312e333232313232353437320d0a0d0a
[2021-09-13 19:21:03,274] [INFO] [base._test_info] -> Current test: 341
[2021-09-13 19:21:03,274] [INFO] [server.transmit] -> request(37): 474554202f696e6465782e68746d6c20485454502f312e323134373438333634390d0a0d0a
[2021-09-13 19:21:03,276] [INFO] [base._test_info] -> Current test: 342
[2021-09-13 19:21:03,276] [INFO] [server.transmit] -> request(37): 474554202f696e6465782e68746d6c20485454502f312e313037333734313832360d0a0d0a
[2021-09-13 19:21:03,279] [INFO] [base._test_info] -> Current test: 343
[2021-09-13 19:21:03,279] [INFO] [server.transmit] -> request(28): 474554202f696e6465782e68746d6c20485454502f312e310d0a0d0a
[2021-09-13 19:21:03,282] [INFO] [base._test_info] -> Current test: 344
[2021-09-13 19:21:03,298] [INFO] [server.transmit] -> request(37): 474554202f696e6465782e68746d6c20485454502f312e343239343936373239340d0a0d0a
[2021-09-13 19:21:03,301] [INFO] [base._test_info] -> Current test: 345
[2021-09-13 19:21:03,302] [INFO] [server.transmit] -> request(37): 474554202f696e6465782e68746d6c20485454502f312e333232313232353437330d0a0d0a
[2021-09-13 19:21:03,304] [INFO] [base._test_info] -> Current test: 346
[2021-09-13 19:21:03,307] [INFO] [server.transmit] -> request(37): 474554202f696e6465782e68746d6c20485454502f312e333232313232353437310d0a0d0a
[2021-09-13 19:21:03,310] [INFO] [base._test_info] -> Current test: 347
[2021-09-13 19:21:03,312] [INFO] [server.transmit] -> request(37): 474554202f696e6465782e68746d6c20485454502f312e323134373438333635300d0a0d0a
[2021-09-13 19:21:03,315] [INFO] [base._test_info] -> Current test: 348
[2021-09-13 19:21:03,316] [INFO] [server.transmit] -> request(37): 474554202f696e6465782e68746d6c20485454502f312e323134373438333634380d0a0d0a
[2021-09-13 19:21:03,318] [INFO] [base._test_info] -> Current test: 349
[2021-09-13 19:21:03,318] [INFO] [server.transmit] -> request(37): 474554202f696e6465782e68746d6c20485454502f312e313037333734313832370d0a0d0a
[2021-09-13 19:21:03,320] [INFO] [base._test_info] -> Current test: 350
[2021-09-13 19:21:03,320] [INFO] [server.transmit] -> request(37): 474554202f696e6465782e68746d6c20485454502f312e313037333734313832350d0a0d0a
[2021-09-13 19:21:03,322] [INFO] [base._test_info] -> Current test: 351
[2021-09-13 19:21:03,322] [INFO] [server.transmit] -> request(37): 474554202f696e6465782e68746d6c20485454502f312e343239343936373239330d0a0d0a
[2021-09-13 19:21:03,324] [INFO] [base._test_info] -> Current test: 352
[2021-09-13 19:21:03,324] [INFO] [server.transmit] -> request(37): 474554202f696e6465782e68746d6c20485454502f312e333232313232353437340d0a0d0a
[2021-09-13 19:21:03,325] [INFO] [base._test_info] -> Current test: 353
[2021-09-13 19:21:03,325] [INFO] [server.transmit] -> request(37): 474554202f696e6465782e68746d6c20485454502f312e333232313232353437300d0a0d0a
[2021-09-13 19:21:03,328] [INFO] [base._test_info] -> Current test: 354
[2021-09-13 19:21:03,329] [INFO] [server.transmit] -> request(37): 474554202f696e6465782e68746d6c20485454502f312e323134373438333635310d0a0d0a
[2021-09-13 19:21:03,331] [INFO] [base._test_info] -> Current test: 355
[2021-09-13 19:21:03,331] [INFO] [server.transmit] -> request(37): 474554202f696e6465782e68746d6c20485454502f312e323134373438333634370d0a0d0a
[2021-09-13 19:21:03,333] [INFO] [base._test_info] -> Current test: 356
[2021-09-13 19:21:03,333] [INFO] [server.transmit] -> request(37): 474554202f696e6465782e68746d6c20485454502f312e313037333734313832380d0a0d0a
[2021-09-13 19:21:03,335] [INFO] [base._test_info] -> Current test: 357
[2021-09-13 19:21:03,335] [INFO] [server.transmit] -> request(37): 474554202f696e6465782e68746d6c20485454502f312e313037333734313832340d0a0d0a
[2021-09-13 19:21:03,337] [INFO] [base._test_info] -> Current test: 358
[2021-09-13 19:21:03,337] [INFO] [server.transmit] -> request(28): 474554202f696e6465782e68746d6c20485454502f312e320d0a0d0a
[2021-09-13 19:21:03,339] [INFO] [base._test_info] -> Current test: 359
[2021-09-13 19:21:03,339] [INFO] [server.transmit] -> request(28): 474554202f696e6465782e68746d6c20485454502f312e300d0a0d0a
[2021-09-13 19:21:03,340] [INFO] [base._test_info] -> Current test: 360
[2021-09-13 19:21:03,341] [INFO] [server.transmit] -> request(28): 474554202f696e6465782e68746d6c20485454502f312e330d0a0d0a
[2021-09-13 19:21:03,341] [INFO] [base._end_message] -> 
                         --------------------------------------------------
                         Finished fuzzing session
                         Target: TcpTarget

                         Tested 361 mutations
                         Failure count: 0
                         --------------------------------------------------
            
