[2021-09-13 19:21:08,510] [INFO] [base._load_session] -> No session loaded
[2021-09-13 19:21:08,513] [INFO] [base._start_message] -> 
                 --------------------------------------------------
                 Starting fuzzing session
                 Target: TcpTarget
                 UI: WebInterface listening on 127.0.0.1:26011
                 Log: ./kittylogs/kitty_20210913-192108.log

                 Total possible mutation count: 361
                 --------------------------------------------------
                                 Happy hacking
                 --------------------------------------------------
            
[2021-09-13 19:21:08,515] [INFO] [base.start] -> Performing environment test
[2021-09-13 19:21:08,520] [INFO] [base._test_info] -> Current test: -1
[2021-09-13 19:21:08,521] [INFO] [server.transmit] -> request(28): 474554202f696e6465782e68746d6c20485454502f312e310d0a0d0a
[2021-09-13 19:21:08,521] [INFO] [server._start] -> should keep running? True
[2021-09-13 19:21:08,523] [INFO] [base._test_info] -> Current test: 0
[2021-09-13 19:21:08,523] [INFO] [server.transmit] -> request(39): 474554202f696e6465782e68746d6c2f696e6465782e68746d6c20485454502f312e310d0a0d0a
[2021-09-13 19:21:08,525] [INFO] [base._test_info] -> Current test: 1
[2021-09-13 19:21:08,525] [INFO] [server.transmit] -> request(127): 474554202f696e6465782e68746d6c2f696e6465782e68746d6c2f696e6465782e68746d6c2f696e6465782e68746d6c2f69 ...
[2021-09-13 19:21:08,527] [INFO] [base._test_info] -> Current test: 2
[2021-09-13 19:21:08,527] [INFO] [server.transmit] -> request(1117): 474554202f696e6465782e68746d6c2f696e6465782e68746d6c2f696e6465782e68746d6c2f696e6465782e68746d6c2f69 ...
[2021-09-13 19:21:08,529] [INFO] [base._test_info] -> Current test: 3
[2021-09-13 19:21:08,530] [INFO] [server.transmit] -> request(29): 474554202f696e6465782e68746d6cfe20485454502f312e310d0a0d0a
[2021-09-13 19:21:08,532] [INFO] [base._test_info] -> Current test: 4
[2021-09-13 19:21:08,532] [INFO] [server.transmit] -> request(29): 47455420002f696e6465782e68746d6c20485454502f312e310d0a0d0a
[2021-09-13 19:21:08,534] [INFO] [base._test_info] -> Current test: 5
[2021-09-13 19:21:08,535] [INFO] [server.transmit] -> request(29): 474554202f696e646500782e68746d6c20485454502f312e310d0a0d0a
