[2022-01-12 11:16:05,437] [INFO] [MyS7Client.send_receive_s7_packet] -> [Connect request]0300001902f08032010000010000080000f000000a000a00f0
[2022-01-12 11:16:05,437] [INFO] [MyS7Client.send_receive_s7_packet] -> [Connect responde]0300001b02f080320300000100000800000000f0000003000300f0
[2022-01-12 11:16:05,565] [INFO] [MyS7Client.send_receive_my_packet] -> [request]1: 0300002102f080320700000200000800080001120411440100ff090004001c0000
[2022-01-12 11:16:05,566] [INFO] [MyS7Client.send_receive_my_packet] -> [Connect responde]0300002102f080320700000200000c000400011208128401010000d4010a000000
[2022-01-12 11:16:09,147] [INFO] [MyS7Client.send_receive_my_packet] -> [request]2: 0300002102f080320700000300000800080001120411440100ff090004001c0000
[2022-01-12 11:16:09,148] [INFO] [MyS7Client.send_receive_my_packet] -> [Connect responde]0300002102f080320700000300000c000400011208128401010000d4010a000000
[2022-01-12 11:16:12,176] [INFO] [MyS7Client.send_receive_my_packet] -> [request]3: 0300002102f080320700000400000800080001120411440100ff090004001c0000
[2022-01-12 11:16:12,176] [INFO] [MyS7Client.send_receive_my_packet] -> [Connect responde]0300002102f080320700000400000c000400011208128401010000d4010a000000
[2022-01-12 11:16:15,564] [INFO] [MyS7Client.send_receive_my_packet] -> [request]4: 0300002102f080320700000500000800080001120411440100ff090004001c0000
[2022-01-12 11:16:15,564] [INFO] [MyS7Client.send_receive_my_packet] -> [Connect responde]0300002102f080320700000500000c000400011208128401010000d4010a000000
[2022-01-12 11:16:18,686] [INFO] [MyS7Client.send_receive_my_packet] -> [request]5: 0300002102f080320700000600000800080001120411440100ff090004001c0000
[2022-01-12 11:16:18,687] [INFO] [MyS7Client.send_receive_my_packet] -> [Connect responde]0300002102f080320700000600000c000400011208128401010000d4010a000000
[2022-01-12 11:16:21,752] [INFO] [MyS7Client.send_receive_my_packet] -> [request]6: 0300001f02f080320100000700000e00000401120a10010003000083000001
[2022-01-12 11:16:21,752] [INFO] [MyS7Client.send_receive_my_packet] -> [Connect responde]0300001a02f0803203000007000002000500000401ff03000100
[2022-01-12 11:16:27,358] [INFO] [MyS7Client.send_receive_my_packet] -> [request]7: 0300002102f080320700000800000800080001120411440100ff090004001c0000
[2022-01-12 11:16:32,368] [INFO] [MyS7Client.send_receive_my_packet] -> [request]8: 0300002102f080320700000900000800080001120411440100ff090004001c0000
[2022-01-12 11:16:35,369] [INFO] [MyS7Client.onlinePLC] -> checking whether the PLC is online
[2022-01-12 11:16:45,518] [INFO] [MyS7Client.onlinePLC] -> the PLC is offline
[2022-01-12 11:17:10,953] [INFO] [MyS7Client.send_receive_s7_packet] -> [Connect request]0300001902f080320100000a0000080000f000000a000a00f0
[2022-01-12 11:17:10,953] [INFO] [MyS7Client.send_receive_s7_packet] -> [Connect responde]0300001b02f080320300000a00000800000000f0000003000300f0
[2022-01-12 11:17:10,973] [INFO] [MyS7Client.send_receive_my_packet] -> [request]9: 0300002102f080320700000b00000800080001120411440100ff090004001c0000
[2022-01-12 11:17:10,974] [INFO] [MyS7Client.send_receive_my_packet] -> [Connect responde]0300002102f080320700000b00000c000400011208128401010000d4010a000000
[2022-01-12 11:17:11,185] [INFO] [MyS7Client.send_receive_my_packet] -> [request]10: 0300002102f080320700000c00000800080001120411440100ff090004001c0000
[2022-01-12 11:17:11,186] [INFO] [MyS7Client.send_receive_my_packet] -> [Connect responde]0300002102f080320700000c00000c000400011208128401010000d4010a000000
[2022-01-12 11:17:11,407] [INFO] [MyS7Client.send_receive_my_packet] -> [request]11: 0300002102f080320700000d00000800080001120411440100ff090004001c0000
[2022-01-12 11:17:11,407] [INFO] [MyS7Client.send_receive_my_packet] -> [Connect responde]0300002102f080320700000d00000c000400011208128401010000d4010a000000
[2022-01-12 11:17:11,619] [INFO] [MyS7Client.send_receive_my_packet] -> [request]12: 0300002102f080320700000e00000800080001120411440100ff090004001c0000
[2022-01-12 11:17:11,620] [INFO] [MyS7Client.send_receive_my_packet] -> [Connect responde]0300002102f080320700000e00000c000400011208128401010000d4010a000000
[2022-01-12 11:17:11,839] [INFO] [MyS7Client.send_receive_my_packet] -> [request]13: 0300002102f080320700000f00000800080001120411440100ff090004001c0000
[2022-01-12 11:17:11,840] [INFO] [MyS7Client.send_receive_my_packet] -> [Connect responde]0300002102f080320700000f00000c000400011208128401010000d4010a000000
[2022-01-12 11:17:12,079] [INFO] [MyS7Client.send_receive_my_packet] -> [request]14: 0300002102f080320700001000000800080001120411440100ff090004001c0000
[2022-01-12 11:17:12,080] [INFO] [MyS7Client.send_receive_my_packet] -> [Connect responde]0300002102f080320700001000000c000400011208128401010000d4010a000000
[2022-01-12 11:17:12,293] [INFO] [MyS7Client.send_receive_my_packet] -> [request]15: 0300002102f080320700001100000800080001120411440100ff090004001c0000
[2022-01-12 11:17:12,294] [INFO] [MyS7Client.send_receive_my_packet] -> [Connect responde]0300002102f080320700001100000c000400011208128401010000d4010a000000
[2022-01-12 11:17:12,549] [INFO] [MyS7Client.send_receive_my_packet] -> [request]16: 0300002102f080320700001200000800080001120411440100ff090004001c0000
[2022-01-12 11:17:12,550] [INFO] [MyS7Client.send_receive_my_packet] -> [Connect responde]0300002102f080320700001200000c000400011208128401010000d4010a000000
[2022-01-12 11:17:12,760] [INFO] [MyS7Client.send_receive_my_packet] -> [request]17: 0300002102f080320700001300000800080001120411440100ff090004001c0000
[2022-01-12 11:17:12,761] [INFO] [MyS7Client.send_receive_my_packet] -> [Connect responde]0300002102f080320700001300000c000400011208128401010000d4010a000000
[2022-01-12 11:17:12,976] [INFO] [MyS7Client.send_receive_my_packet] -> [request]18: 0300002102f080320700001400000800080001120411440100ff090004001c0000
[2022-01-12 11:17:12,976] [INFO] [MyS7Client.send_receive_my_packet] -> [Connect responde]0300002102f080320700001400000c000400011208128401010000d4010a000000
[2022-01-12 11:17:13,195] [INFO] [MyS7Client.send_receive_my_packet] -> [request]19: 0300002102f080320700001500000800080001120411440100ff090004001c0000
[2022-01-12 11:17:13,196] [INFO] [MyS7Client.send_receive_my_packet] -> [Connect responde]0300002102f080320700001500000c000400011208128401010000d4010a000000
[2022-01-12 11:17:13,416] [INFO] [MyS7Client.send_receive_my_packet] -> [request]20: 0300002102f080320700001600000800080001120411440100ff090004001c0000
[2022-01-12 11:17:13,416] [INFO] [MyS7Client.send_receive_my_packet] -> [Connect responde]0300002102f080320700001600000c000400011208128401010000d4010a000000
[2022-01-12 11:17:13,651] [INFO] [MyS7Client.send_receive_my_packet] -> [request]21: 0300002102f080320700001700000800080001120411440100ff090004001c0000
[2022-01-12 11:17:13,651] [INFO] [MyS7Client.send_receive_my_packet] -> [Connect responde]0300002102f080320700001700000c000400011208128401010000d4010a000000
[2022-01-12 11:17:13,868] [INFO] [MyS7Client.send_receive_my_packet] -> [request]22: 0300002102f080320700001800000800080001120411440100ff090004001c0000
[2022-01-12 11:17:13,869] [INFO] [MyS7Client.send_receive_my_packet] -> [Connect responde]0300002102f080320700001800000c000400011208128401010000d4010a000000
[2022-01-12 11:17:14,098] [INFO] [MyS7Client.send_receive_my_packet] -> [request]23: 0300002102f080320700001900000800080001120411440100ff090004001c0000
[2022-01-12 11:17:14,099] [INFO] [MyS7Client.send_receive_my_packet] -> [Connect responde]0300002102f080320700001900000c000400011208128401010000d4010a000000
[2022-01-12 11:17:14,314] [INFO] [MyS7Client.send_receive_my_packet] -> [request]24: 0300002102f080320700001a00000800080001120411440100ff090004001c0000
[2022-01-12 11:17:14,315] [INFO] [MyS7Client.send_receive_my_packet] -> [Connect responde]0300002102f080320700001a00000c000400011208128401010000d4010a000000
[2022-01-12 11:17:14,527] [INFO] [MyS7Client.send_receive_my_packet] -> [request]25: 0300002102f080320700001b00000800080001120411440100ff090004001c0000
[2022-01-12 11:17:14,528] [INFO] [MyS7Client.send_receive_my_packet] -> [Connect responde]0300002102f080320700001b00000c000400011208128401010000d4010a000000
[2022-01-12 11:17:14,754] [INFO] [MyS7Client.send_receive_my_packet] -> [request]26: 0300002102f080320700001c00000800080001120411440100ff090004001c0000
[2022-01-12 11:17:14,756] [INFO] [MyS7Client.send_receive_my_packet] -> [Connect responde]0300002102f080320700001c00000c000400011208128401010000d4010a000000
[2022-01-12 11:17:14,974] [INFO] [MyS7Client.send_receive_my_packet] -> [request]27: 0300002102f080320700001d00000800080001120411440100ff090004001c0000
[2022-01-12 11:17:14,974] [INFO] [MyS7Client.send_receive_my_packet] -> [Connect responde]0300002102f080320700001d00000c000400011208128401010000d4010a000000
[2022-01-12 11:17:15,187] [INFO] [MyS7Client.send_receive_my_packet] -> [request]28: 0300002102f080320700001e00000800080001120411440100ff090004001c0000
[2022-01-12 11:17:15,188] [INFO] [MyS7Client.send_receive_my_packet] -> [Connect responde]0300002102f080320700001e00000c000400011208128401010000d4010a000000
[2022-01-12 11:17:15,400] [INFO] [MyS7Client.send_receive_my_packet] -> [request]29: 0300002102f080320700001f00000800080001120411440100ff090004001c0000
[2022-01-12 11:17:15,401] [INFO] [MyS7Client.send_receive_my_packet] -> [Connect responde]0300002102f080320700001f00000c000400011208128401010000d4010a000000
[2022-01-12 11:17:15,625] [INFO] [MyS7Client.send_receive_my_packet] -> [request]30: 0300002102f080320700002000000800080001120411440100ff090004001c0000
[2022-01-12 11:17:15,626] [INFO] [MyS7Client.send_receive_my_packet] -> [Connect responde]0300002102f080320700002000000c000400011208128401010000d4010a000000
[2022-01-12 11:17:15,840] [INFO] [MyS7Client.send_receive_my_packet] -> [request]31: 0300002102f080320700002100000800080001120411440100ff090004001c0000
[2022-01-12 11:17:15,840] [INFO] [MyS7Client.send_receive_my_packet] -> [Connect responde]0300002102f080320700002100000c000400011208128401010000d4010a000000
[2022-01-12 11:17:16,056] [INFO] [MyS7Client.send_receive_my_packet] -> [request]32: 0300002102f080320700002200000800080001120411440100ff090004001c0000
[2022-01-12 11:17:16,057] [INFO] [MyS7Client.send_receive_my_packet] -> [Connect responde]0300002102f080320700002200000c000400011208128401010000d4010a000000
[2022-01-12 11:17:16,269] [INFO] [MyS7Client.send_receive_my_packet] -> [request]33: 0300002102f080320700002300000800080001120411440100ff090004001c0000
[2022-01-12 11:17:16,269] [INFO] [MyS7Client.send_receive_my_packet] -> [Connect responde]0300002102f080320700002300000c000400011208128401010000d4010a000000
[2022-01-12 11:17:16,485] [INFO] [MyS7Client.send_receive_my_packet] -> [request]34: 0300002102f080320700002400000800080001120411440100ff090004001c0000
[2022-01-12 11:17:16,485] [INFO] [MyS7Client.send_receive_my_packet] -> [Connect responde]0300002102f080320700002400000c000400011208128401010000d4010a000000
[2022-01-12 11:17:16,703] [INFO] [MyS7Client.send_receive_my_packet] -> [request]35: 0300002102f080320700002500000800080001120411440100ff090004001c0000
[2022-01-12 11:17:16,704] [INFO] [MyS7Client.send_receive_my_packet] -> [Connect responde]0300002102f080320700002500000c000400011208128401010000d4010a000000
[2022-01-12 11:17:16,916] [INFO] [MyS7Client.send_receive_my_packet] -> [request]36: 0300002102f080320700002600000800080001120411440100ff090004001c0000
[2022-01-12 11:17:16,916] [INFO] [MyS7Client.send_receive_my_packet] -> [Connect responde]0300002102f080320700002600000c000400011208128401010000d4010a000000
[2022-01-12 11:17:17,130] [INFO] [MyS7Client.send_receive_my_packet] -> [request]37: 0300002102f080320700002700000800080001120411440100ff090004001c0000
[2022-01-12 11:17:17,130] [INFO] [MyS7Client.send_receive_my_packet] -> [Connect responde]0300002102f080320700002700000c000400011208128401010000d4010a000000
[2022-01-12 11:17:17,351] [INFO] [MyS7Client.send_receive_my_packet] -> [request]38: 0300002102f080320700002800000800080001120411440100ff090004001c0000
[2022-01-12 11:17:17,352] [INFO] [MyS7Client.send_receive_my_packet] -> [Connect responde]0300002102f080320700002800000c000400011208128401010000d4010a000000
[2022-01-12 11:17:17,566] [INFO] [MyS7Client.send_receive_my_packet] -> [request]39: 0300002102f080320700002900000800080001120411440100ff090004001c0000
[2022-01-12 11:17:17,567] [INFO] [MyS7Client.send_receive_my_packet] -> [Connect responde]0300002102f080320700002900000c000400011208128401010000d4010a000000
[2022-01-12 11:17:17,782] [INFO] [MyS7Client.send_receive_my_packet] -> [request]40: 0300002102f080320700002a00000800080001120411440100ff090004001c0000
[2022-01-12 11:17:17,783] [INFO] [MyS7Client.send_receive_my_packet] -> [Connect responde]0300002102f080320700002a00000c000400011208128401010000d4010a000000
[2022-01-12 11:17:27,984] [INFO] [MyS7Client.onlinePLC] -> checking whether the PLC is online
[2022-01-12 11:17:28,006] [INFO] [MyS7Client.onlinePLC] -> the PLC is online
[2022-01-12 11:17:28,027] [INFO] [MyS7Client.send_receive_my_packet] -> [request]41: 0300002102f080320700002b00000800080001120411440100ff090004001c0000
[2022-01-12 11:17:28,028] [INFO] [MyS7Client.send_receive_my_packet] -> [Connect responde]0300002102f080320700002b00000c000400011208128401010000d4010a000000
[2022-01-12 11:17:28,241] [INFO] [MyS7Client.send_receive_my_packet] -> [request]42: 0300002102f080320700002c00000800080001120411440100ff090004001c0000
[2022-01-12 11:17:28,242] [INFO] [MyS7Client.send_receive_my_packet] -> [Connect responde]0300002102f080320700002c00000c000400011208128401010000d4010a000000
[2022-01-12 11:17:28,546] [INFO] [MyS7Client.send_receive_my_packet] -> [request]43: 0300002102f080320700002d00000800080001120411440100ff090004001c0000
[2022-01-12 11:17:28,546] [INFO] [MyS7Client.send_receive_my_packet] -> [Connect responde]0300002102f080320700002d00000c000400011208128401010000d4010a000000
[2022-01-12 11:17:28,797] [INFO] [MyS7Client.send_receive_my_packet] -> [request]44: 0300002102f080320700002e00000800080001120411440100ff090004001c0000
[2022-01-12 11:17:28,798] [INFO] [MyS7Client.send_receive_my_packet] -> [Connect responde]0300002102f080320700002e00000c000400011208128401010000d4010a000000
[2022-01-12 11:17:29,011] [INFO] [MyS7Client.send_receive_my_packet] -> [request]45: 0300002102f080320700002f00000800080001120411440100ff090004001c0000
[2022-01-12 11:17:29,012] [INFO] [MyS7Client.send_receive_my_packet] -> [Connect responde]0300002102f080320700002f00000c000400011208128401010000d4010a000000
[2022-01-12 11:17:29,238] [INFO] [MyS7Client.send_receive_my_packet] -> [request]46: 0300002102f080320700003000000800080001120411440100ff090004001c0000
[2022-01-12 11:17:29,238] [INFO] [MyS7Client.send_receive_my_packet] -> [Connect responde]0300002102f080320700003000000c000400011208128401010000d4010a000000
[2022-01-12 11:17:29,452] [INFO] [MyS7Client.send_receive_my_packet] -> [request]47: 0300002102f080320700003100000800080001120411440100ff090004001c0000
[2022-01-12 11:17:29,453] [INFO] [MyS7Client.send_receive_my_packet] -> [Connect responde]0300002102f080320700003100000c000400011208128401010000d4010a000000
[2022-01-12 11:17:29,665] [INFO] [MyS7Client.send_receive_my_packet] -> [request]48: 0300002102f080320700003200000800080001120411440100ff090004001c0000
[2022-01-12 11:17:29,666] [INFO] [MyS7Client.send_receive_my_packet] -> [Connect responde]0300002102f080320700003200000c000400011208128401010000d4010a000000
[2022-01-12 11:17:29,888] [INFO] [MyS7Client.send_receive_my_packet] -> [request]49: 0300002102f080320700003300000800080001120411440100ff090004001c0000
[2022-01-12 11:17:29,888] [INFO] [MyS7Client.send_receive_my_packet] -> [Connect responde]0300002102f080320700003300000c000400011208128401010000d4010a000000
[2022-01-12 11:17:30,106] [INFO] [MyS7Client.send_receive_my_packet] -> [request]50: 0300002102f080320700003400000800080001120411440100ff090004001c0000
[2022-01-12 11:17:30,107] [INFO] [MyS7Client.send_receive_my_packet] -> [Connect responde]0300002102f080320700003400000c000400011208128401010000d4010a000000
[2022-01-12 11:17:30,322] [INFO] [MyS7Client.send_receive_my_packet] -> [request]51: 0300002102f080320700003500000800080001120411440100ff090004001c0000
[2022-01-12 11:17:30,322] [INFO] [MyS7Client.send_receive_my_packet] -> [Connect responde]0300002102f080320700003500000c000400011208128401010000d4010a000000
[2022-01-12 11:17:30,541] [INFO] [MyS7Client.send_receive_my_packet] -> [request]52: 0300002102f080320700003600000800080001120411440100ff090004001c0000
[2022-01-12 11:17:30,541] [INFO] [MyS7Client.send_receive_my_packet] -> [Connect responde]0300002102f080320700003600000c000400011208128401010000d4010a000000
[2022-01-12 11:17:30,756] [INFO] [MyS7Client.send_receive_my_packet] -> [request]53: 0300002102f080320700003700000800080001120411440100ff090004001c0000
[2022-01-12 11:17:30,757] [INFO] [MyS7Client.send_receive_my_packet] -> [Connect responde]0300002102f080320700003700000c000400011208128401010000d4010a000000
[2022-01-12 11:17:30,975] [INFO] [MyS7Client.send_receive_my_packet] -> [request]54: 0300002102f080320700003800000800080001120411440100ff090004001c0000
[2022-01-12 11:17:30,975] [INFO] [MyS7Client.send_receive_my_packet] -> [Connect responde]0300002102f080320700003800000c000400011208128401010000d4010a000000
[2022-01-12 11:17:31,190] [INFO] [MyS7Client.send_receive_my_packet] -> [request]55: 0300002102f080320700003900000800080001120411440100ff090004001c0000
[2022-01-12 11:17:31,190] [INFO] [MyS7Client.send_receive_my_packet] -> [Connect responde]0300002102f080320700003900000c000400011208128401010000d4010a000000
[2022-01-12 11:17:31,406] [INFO] [MyS7Client.send_receive_my_packet] -> [request]56: 0300002102f080320700003a00000800080001120411440100ff090004001c0000
[2022-01-12 11:17:31,407] [INFO] [MyS7Client.send_receive_my_packet] -> [Connect responde]0300002102f080320700003a00000c000400011208128401010000d4010a000000
[2022-01-12 11:17:41,623] [INFO] [MyS7Client.onlinePLC] -> checking whether the PLC is online
[2022-01-12 11:17:41,642] [INFO] [MyS7Client.onlinePLC] -> the PLC is online
[2022-01-12 11:17:41,657] [INFO] [MyS7Client.send_receive_my_packet] -> [request]57: 0300002102f080320700003b00000800080001120411440100ff090004001c0000
[2022-01-12 11:17:41,658] [INFO] [MyS7Client.send_receive_my_packet] -> [Connect responde]0300002102f080320700003b00000c000400011208128401010000d4010a000000
[2022-01-12 11:17:41,883] [INFO] [MyS7Client.send_receive_my_packet] -> [request]58: 0300002102f080320700003c00000800080001120411440100ff090004001c0000
[2022-01-12 11:17:41,884] [INFO] [MyS7Client.send_receive_my_packet] -> [Connect responde]0300002102f080320700003c00000c000400011208128401010000d4010a000000
[2022-01-12 11:17:42,113] [INFO] [MyS7Client.send_receive_my_packet] -> [request]59: 0300002102f080320700003d00000800080001120411440100ff090004001c0000
[2022-01-12 11:17:42,114] [INFO] [MyS7Client.send_receive_my_packet] -> [Connect responde]0300002102f080320700003d00000c000400011208128401010000d4010a000000
[2022-01-12 11:17:42,327] [INFO] [MyS7Client.send_receive_my_packet] -> [request]60: 0300002102f080320700003e00000800080001120411440100ff090004001c0000
[2022-01-12 11:17:42,328] [INFO] [MyS7Client.send_receive_my_packet] -> [Connect responde]0300002102f080320700003e00000c000400011208128401010000d4010a000000
[2022-01-12 11:17:42,541] [INFO] [MyS7Client.send_receive_my_packet] -> [request]61: 0300002102f080320700003f00000800080001120411440100ff090004001c0000
[2022-01-12 11:17:42,542] [INFO] [MyS7Client.send_receive_my_packet] -> [Connect responde]0300002102f080320700003f00000c000400011208128401010000d4010a000000
[2022-01-12 11:17:42,757] [INFO] [MyS7Client.send_receive_my_packet] -> [request]62: 0300002102f080320700004000000800080001120411440100ff090004001c0000
[2022-01-12 11:17:42,757] [INFO] [MyS7Client.send_receive_my_packet] -> [Connect responde]0300002102f080320700004000000c000400011208128401010000d4010a000000
[2022-01-12 11:17:42,972] [INFO] [MyS7Client.send_receive_my_packet] -> [request]63: 0300002102f080320700004100000800080001120411440100ff090004001c0000
[2022-01-12 11:17:42,972] [INFO] [MyS7Client.send_receive_my_packet] -> [Connect responde]0300002102f080320700004100000c000400011208128401010000d4010a000000
[2022-01-12 11:17:43,203] [INFO] [MyS7Client.send_receive_my_packet] -> [request]64: 0300002102f080320700004200000800080001120411440100ff090004001c0000
[2022-01-12 11:17:43,204] [INFO] [MyS7Client.send_receive_my_packet] -> [Connect responde]0300002102f080320700004200000c000400011208128401010000d4010a000000
[2022-01-12 11:17:53,409] [INFO] [MyS7Client.onlinePLC] -> checking whether the PLC is online
[2022-01-12 11:17:53,426] [INFO] [MyS7Client.onlinePLC] -> the PLC is online
[2022-01-12 11:17:53,459] [INFO] [MyS7Client.send_receive_my_packet] -> [request]65: 0300002102f080320700004300000800080001120411440100ff090004001c0000
[2022-01-12 11:17:53,459] [INFO] [MyS7Client.send_receive_my_packet] -> [Connect responde]0300002102f080320700004300000c000400011208128401010000d4010a000000
[2022-01-12 11:17:53,718] [INFO] [MyS7Client.send_receive_my_packet] -> [request]66: 0300002102f080320700004400000800080001120411440100ff090004001c0000
[2022-01-12 11:17:53,719] [INFO] [MyS7Client.send_receive_my_packet] -> [Connect responde]0300002102f080320700004400000c000400011208128401010000d4010a000000
[2022-01-12 11:17:53,937] [INFO] [MyS7Client.send_receive_my_packet] -> [request]67: 0300002102f080320700004500000800080001120411440100ff090004001c0000
[2022-01-12 11:17:53,937] [INFO] [MyS7Client.send_receive_my_packet] -> [Connect responde]0300002102f080320700004500000c000400011208128401010000d4010a000000
[2022-01-12 11:17:54,173] [INFO] [MyS7Client.send_receive_my_packet] -> [request]68: 0300002102f080320700004600000800080001120411440100ff090004001c0000
[2022-01-12 11:17:54,174] [INFO] [MyS7Client.send_receive_my_packet] -> [Connect responde]0300002102f080320700004600000c000400011208128401010000d4010a000000
[2022-01-12 11:18:04,378] [INFO] [MyS7Client.onlinePLC] -> checking whether the PLC is online
[2022-01-12 11:18:04,409] [INFO] [MyS7Client.onlinePLC] -> the PLC is online
[2022-01-12 11:18:04,463] [INFO] [MyS7Client.send_receive_my_packet] -> [request]69: 0300002102f080320700004700000800080001120411440100ff090004001c0000
[2022-01-12 11:18:04,464] [INFO] [MyS7Client.send_receive_my_packet] -> [Connect responde]0300002102f080320700004700000c000400011208128401010000d4010a000000
[2022-01-12 11:18:04,705] [INFO] [MyS7Client.send_receive_my_packet] -> [request]70: 0300001f02f080320100004800000e00000401120a10010003000083000001
[2022-01-12 11:18:04,706] [INFO] [MyS7Client.send_receive_my_packet] -> [Connect responde]0300001a02f0803203000048000002000500000401ff03000100
[2022-01-12 11:18:20,274] [INFO] [MyS7Client.onlinePLC] -> checking whether the PLC is online
[2022-01-12 11:18:26,281] [INFO] [MyS7Client.onlinePLC] -> the PLC is offline
[2022-01-12 11:18:50,037] [INFO] [MyS7Client.send_receive_s7_packet] -> [Connect request]0300001902f08032010000490000080000f000000a000a00f0
[2022-01-12 11:18:50,038] [INFO] [MyS7Client.send_receive_s7_packet] -> [Connect responde]0300001b02f080320300004900000800000000f0000003000300f0
[2022-01-12 11:18:50,129] [INFO] [MyS7Client.send_receive_my_packet] -> [request]71: 0300002102f080320700004a00000800080001120411440100ff090004001c0000
[2022-01-12 11:18:50,130] [INFO] [MyS7Client.send_receive_my_packet] -> [Connect responde]0300002102f080320700004a00000c000400011208128401010000d4010a000000
[2022-01-12 11:19:00,334] [INFO] [MyS7Client.onlinePLC] -> checking whether the PLC is online
[2022-01-12 11:19:00,357] [INFO] [MyS7Client.onlinePLC] -> the PLC is online
[2022-01-12 11:19:00,462] [INFO] [MyS7Client.onlinePLC] -> checking whether the PLC is online
[2022-01-12 11:19:00,470] [INFO] [MyS7Client.onlinePLC] -> the PLC is online
[2022-01-12 11:19:00,483] [INFO] [MyS7Client.send_receive_my_packet] -> [request]72: 0300002102f080320700004b00000800080001120411440100ff090004001c0000
[2022-01-12 11:19:00,483] [INFO] [MyS7Client.send_receive_my_packet] -> [Connect responde]0300002102f080320700004b00000c000400011208128401010000d4010a000000
[2022-01-12 11:19:03,500] [INFO] [MyS7Client.send_receive_my_packet] -> [request]73: 0300002102f080320700004c00000800080001120411440100ff090004001c0000
[2022-01-12 11:19:03,500] [INFO] [MyS7Client.send_receive_my_packet] -> [Connect responde]0300002102f080320700004c00000c000400011208128401010000d4010a000000
[2022-01-12 11:19:06,519] [INFO] [MyS7Client.send_receive_my_packet] -> [request]74: 0300002102f080320700004d00000800080001120411440100ff090004001c0000
[2022-01-12 11:19:06,520] [INFO] [MyS7Client.send_receive_my_packet] -> [Connect responde]0300002102f080320700004d00000c000400011208128401010000d4010a000000
[2022-01-12 11:19:09,574] [INFO] [MyS7Client.send_receive_my_packet] -> [request]75: 0300002102f080320700004e00000800080001120411440100ff090004001c0000
[2022-01-12 11:19:09,574] [INFO] [MyS7Client.send_receive_my_packet] -> [Connect responde]0300002102f080320700004e00000c000400011208128401010000d4010a000000
[2022-01-12 11:19:12,609] [INFO] [MyS7Client.send_receive_my_packet] -> [request]76: 0300002102f080320700004f00000800080001120411440100ff090004001c0000
[2022-01-12 11:19:12,610] [INFO] [MyS7Client.send_receive_my_packet] -> [Connect responde]0300002102f080320700004f00000c000400011208128401010000d4010a000000
[2022-01-12 11:19:15,627] [INFO] [MyS7Client.send_receive_my_packet] -> [request]77: 0300002102f080320700005000000800080001120411440100ff090004001c0000
[2022-01-12 11:19:15,628] [INFO] [MyS7Client.send_receive_my_packet] -> [Connect responde]0300002102f080320700005000000c000400011208128401010000d4010a000000
[2022-01-12 11:19:18,646] [INFO] [MyS7Client.send_receive_my_packet] -> [request]78: 0300002102f080320700005100000800080001120411440100ff090004001c0000
[2022-01-12 11:19:18,647] [INFO] [MyS7Client.send_receive_my_packet] -> [Connect responde]0300002102f080320700005100000c000400011208128401010000d4010a000000
[2022-01-12 11:19:21,664] [INFO] [MyS7Client.send_receive_my_packet] -> [request]79: 0300002102f080320700005200000800080001120411440100ff090004001c0000
[2022-01-12 11:19:21,665] [INFO] [MyS7Client.send_receive_my_packet] -> [Connect responde]0300002102f080320700005200000c000400011208128401010000d4010a000000
[2022-01-12 11:19:24,691] [INFO] [MyS7Client.send_receive_my_packet] -> [request]80: 0300002102f080320700005300000800080001120411440100ff090004001c0000
[2022-01-12 11:19:24,691] [INFO] [MyS7Client.send_receive_my_packet] -> [Connect responde]0300002102f080320700005300000c000400011208128401010000d4010a000000
[2022-01-12 11:19:27,737] [INFO] [MyS7Client.send_receive_my_packet] -> [request]81: 0300002102f080320700005400000800080001120411440100ff090004001c0000
[2022-01-12 11:19:27,737] [INFO] [MyS7Client.send_receive_my_packet] -> [Connect responde]0300002102f080320700005400000c000400011208128401010000d4010a000000
[2022-01-12 11:19:30,755] [INFO] [MyS7Client.send_receive_my_packet] -> [request]82: 0300002102f080320700005500000800080001120411440100ff090004001c0000
[2022-01-12 11:19:30,757] [INFO] [MyS7Client.send_receive_my_packet] -> [Connect responde]0300002102f080320700005500000c000400011208128401010000d4010a000000
[2022-01-12 11:19:33,775] [INFO] [MyS7Client.send_receive_my_packet] -> [request]83: 0300002102f080320700005600000800080001120411440100ff090004001c0000
[2022-01-12 11:19:33,775] [INFO] [MyS7Client.send_receive_my_packet] -> [Connect responde]0300002102f080320700005600000c000400011208128401010000d4010a000000
[2022-01-12 11:19:37,086] [INFO] [MyS7Client.send_receive_my_packet] -> [request]84: 0300002102f080320700005700000800080001120411440100ff090004001c0000
[2022-01-12 11:19:37,086] [INFO] [MyS7Client.send_receive_my_packet] -> [Connect responde]0300002102f080320700005700000c000400011208128401010000d4010a000000
[2022-01-12 11:19:40,103] [INFO] [MyS7Client.send_receive_my_packet] -> [request]85: 0300002102f080320700005800000800080001120411440100ff090004001c0000
[2022-01-12 11:19:40,104] [INFO] [MyS7Client.send_receive_my_packet] -> [Connect responde]0300002102f080320700005800000c000400011208128401010000d4010a000000
[2022-01-12 11:19:43,123] [INFO] [MyS7Client.send_receive_my_packet] -> [request]86: 0300002102f080320700005900000800080001120411440100ff090004001c0000
[2022-01-12 11:19:43,123] [INFO] [MyS7Client.send_receive_my_packet] -> [Connect responde]0300002102f080320700005900000c000400011208128401010000d4010a000000
[2022-01-12 11:19:46,126] [INFO] [MyS7Client.onlinePLC] -> checking whether the PLC is online
[2022-01-12 11:19:48,177] [INFO] [MyS7Client.onlinePLC] -> the PLC is online
[2022-01-12 11:19:48,196] [INFO] [MyS7Client.send_receive_my_packet] -> [request]87: 0300002102f080320700005a00000800080001120411440100ff090004001c0000
[2022-01-12 11:19:48,197] [INFO] [MyS7Client.send_receive_my_packet] -> [Connect responde]0300002102f080320700005a00000c000400011208128401010000d4010a000000
[2022-01-12 11:19:52,198] [INFO] [MyS7Client.send_receive_my_packet] -> [request]88: 0300002102f080320700005b00000800080001120411440100ff090004001c0000
[2022-01-12 11:19:52,198] [INFO] [MyS7Client.send_receive_my_packet] -> [Connect responde]0300002102f080320700005b00000c000400011208128401010000d4010a000000
[2022-01-12 11:19:57,205] [INFO] [MyS7Client.send_receive_my_packet] -> [request]89: 0300002102f080320700005c00000800080001120411440100ff090004001c0000
[2022-01-12 11:20:00,210] [INFO] [MyS7Client.send_receive_my_packet] -> [request]90: 0300002102f080320700005d00000800080001120411440100ff090004001c0000
[2022-01-12 11:20:00,211] [INFO] [MyS7Client.send_receive_my_packet] -> [Connect responde]0300002102f080320700005c00000c000400011208128401010000d4010a000000
[2022-01-12 11:20:03,216] [INFO] [MyS7Client.send_receive_my_packet] -> [request]91: 0300002102f080320700005e00000800080001120411440100ff090004001c0000
[2022-01-12 11:20:03,217] [INFO] [MyS7Client.send_receive_my_packet] -> [Connect responde]0300002102f080320700005d00000c000400011208128401010000d4010a000000
[2022-01-12 11:20:06,224] [INFO] [MyS7Client.send_receive_my_packet] -> [request]92: 0300002102f080320700005f00000800080001120411440100ff090004001c0000
[2022-01-12 11:20:06,224] [INFO] [MyS7Client.send_receive_my_packet] -> [Connect responde]0300002102f080320700005e00000c000400011208128401010000d4010a000000
[2022-01-12 11:20:09,230] [INFO] [MyS7Client.send_receive_my_packet] -> [request]93: 0300002102f080320700006000000800080001120411440100ff090004001c0000
[2022-01-12 11:20:09,231] [INFO] [MyS7Client.send_receive_my_packet] -> [Connect responde]0300002102f080320700005f00000c000400011208128401010000d4010a000000
[2022-01-12 11:20:12,236] [INFO] [MyS7Client.send_receive_my_packet] -> [request]94: 0300002102f080320700006100000800080001120411440100ff090004001c0000
[2022-01-12 11:20:12,236] [INFO] [MyS7Client.send_receive_my_packet] -> [Connect responde]0300002102f080320700006000000c000400011208128401010000d4010a000000
[2022-01-12 11:20:15,241] [INFO] [MyS7Client.send_receive_my_packet] -> [request]95: 0300002102f080320700006200000800080001120411440100ff090004001c0000
[2022-01-12 11:20:15,241] [INFO] [MyS7Client.send_receive_my_packet] -> [Connect responde]0300002102f080320700006100000c000400011208128401010000d4010a000000
[2022-01-12 11:20:18,249] [INFO] [MyS7Client.send_receive_my_packet] -> [request]96: 0300002102f080320700006300000800080001120411440100ff090004001c0000
[2022-01-12 11:20:18,249] [INFO] [MyS7Client.send_receive_my_packet] -> [Connect responde]0300002102f080320700006200000c000400011208128401010000d4010a000000
[2022-01-12 11:20:21,257] [INFO] [MyS7Client.send_receive_my_packet] -> [request]97: 0300002102f080320700006400000800080001120411440100ff090004001c0000
[2022-01-12 11:20:21,258] [INFO] [MyS7Client.send_receive_my_packet] -> [Connect responde]0300002102f080320700006300000c000400011208128401010000d4010a000000
