[2022-01-12 11:14:03,619] [INFO] [MyS7Client.send_receive_s7_packet] -> [Connect request]0300001902f08032010000010000080000f000000a000a00f0
[2022-01-12 11:14:03,619] [INFO] [MyS7Client.send_receive_s7_packet] -> [Connect responde]0300001b02f080320300000100000800000000f0000003000300f0
[2022-01-12 11:14:03,830] [INFO] [MyS7Client.send_receive_my_packet] -> [request]1: 0300002102f080320700000200000800080001120411440100ff090004001c0000
[2022-01-12 11:14:03,831] [INFO] [MyS7Client.send_receive_my_packet] -> [Connect responde]0300002102f080320700000200000c000400011208128401010000d4010a000000
[2022-01-12 11:14:08,836] [INFO] [MyS7Client.send_receive_my_packet] -> [request]2: 0300002102f080320700000300000800080001120411440100ff090004001c0000
[2022-01-12 11:14:11,843] [INFO] [MyS7Client.send_receive_my_packet] -> [request]3: 0300002102f080320700000400000800080001120411440100ff090004001c0000
[2022-01-12 11:14:11,843] [INFO] [MyS7Client.send_receive_my_packet] -> [Connect responde]0300002102f080320700000300000c000400011208128401010000d4010a000000
[2022-01-12 11:14:14,844] [INFO] [MyS7Client.onlinePLC] -> checking whether the PLC is online
[2022-01-12 11:14:14,904] [INFO] [MyS7Client.onlinePLC] -> the PLC is online
[2022-01-12 11:14:14,908] [INFO] [MyS7Client.send_receive_my_packet] -> [request]4: 0300002102f080320700000500000800080001120411440100ff090004001c0000
[2022-01-12 11:14:14,908] [INFO] [MyS7Client.send_receive_my_packet] -> [Connect responde]0300002102f080320700000400000c000400011208128401010000d4010a000000
[2022-01-12 11:14:17,916] [INFO] [MyS7Client.send_receive_my_packet] -> [request]5: 0300002102f080320700000600000800080001120411440100ff090004001c0000
[2022-01-12 11:14:17,916] [INFO] [MyS7Client.send_receive_my_packet] -> [Connect responde]0300002102f080320700000500000c000400011208128401010000d4010a000000
[2022-01-12 11:14:20,922] [INFO] [MyS7Client.send_receive_my_packet] -> [request]6: 0300002102f080320700000700000800080001120411440100ff090004001c0000
[2022-01-12 11:14:20,923] [INFO] [MyS7Client.send_receive_my_packet] -> [Connect responde]0300002102f080320700000600000c000400011208128401010000d4010a000000
[2022-01-12 11:14:23,928] [INFO] [MyS7Client.send_receive_my_packet] -> [request]7: 0300002102f080320700000800000800080001120411440100ff090004001c0000
[2022-01-12 11:14:23,928] [INFO] [MyS7Client.send_receive_my_packet] -> [Connect responde]0300002102f080320700000700000c000400011208128401010000d4010a000000
[2022-01-12 11:14:26,935] [INFO] [MyS7Client.send_receive_my_packet] -> [request]8: 0300002102f080320700000900000800080001120411440100ff090004001c0000
[2022-01-12 11:14:26,936] [INFO] [MyS7Client.send_receive_my_packet] -> [Connect responde]0300002102f080320700000800000c000400011208128401010000d4010a000000
[2022-01-12 11:14:29,942] [INFO] [MyS7Client.send_receive_my_packet] -> [request]9: 0300002102f080320700000a00000800080001120411440100ff090004001c0000
[2022-01-12 11:14:29,942] [INFO] [MyS7Client.send_receive_my_packet] -> [Connect responde]0300002102f080320700000900000c000400011208128401010000d4010a000000
[2022-01-12 11:14:32,947] [INFO] [MyS7Client.send_receive_my_packet] -> [request]10: 0300002102f080320700000b00000800080001120411440100ff090004001c0000
[2022-01-12 11:14:32,947] [INFO] [MyS7Client.send_receive_my_packet] -> [Connect responde]0300002102f080320700000a00000c000400011208128401010000d4010a000000
[2022-01-12 11:14:35,954] [INFO] [MyS7Client.send_receive_my_packet] -> [request]11: 0300002102f080320700000c00000800080001120411440100ff090004001c0000
[2022-01-12 11:14:35,954] [INFO] [MyS7Client.send_receive_my_packet] -> [Connect responde]0300002102f080320700000b00000c000400011208128401010000d4010a000000
[2022-01-12 11:14:38,962] [INFO] [MyS7Client.send_receive_my_packet] -> [request]12: 0300002102f080320700000d00000800080001120411440100ff090004001c0000
[2022-01-12 11:14:38,962] [INFO] [MyS7Client.send_receive_my_packet] -> [Connect responde]0300002102f080320700000c00000c000400011208128401010000d4010a000000
[2022-01-12 11:14:41,969] [INFO] [MyS7Client.send_receive_my_packet] -> [request]13: 0300002102f080320700000e00000800080001120411440100ff090004001c0000
[2022-01-12 11:14:41,970] [INFO] [MyS7Client.send_receive_my_packet] -> [Connect responde]0300002102f080320700000d00000c000400011208128401010000d4010a000000
[2022-01-12 11:14:44,977] [INFO] [MyS7Client.send_receive_my_packet] -> [request]14: 0300002102f080320700000f00000800080001120411440100ff090004001c0000
[2022-01-12 11:14:44,977] [INFO] [MyS7Client.send_receive_my_packet] -> [Connect responde]0300002102f080320700000e00000c000400011208128401010000d4010a000000
[2022-01-12 11:14:47,985] [INFO] [MyS7Client.send_receive_my_packet] -> [request]15: 0300002102f080320700001000000800080001120411440100ff090004001c0000
[2022-01-12 11:14:47,985] [INFO] [MyS7Client.send_receive_my_packet] -> [Connect responde]0300002102f080320700000f00000c000400011208128401010000d4010a000000
[2022-01-12 11:14:50,992] [INFO] [MyS7Client.send_receive_my_packet] -> [request]16: 0300002102f080320700001100000800080001120411440100ff090004001c0000
[2022-01-12 11:14:50,993] [INFO] [MyS7Client.send_receive_my_packet] -> [Connect responde]0300002102f080320700001000000c000400011208128401010000d4010a000000
[2022-01-12 11:14:53,997] [INFO] [MyS7Client.send_receive_my_packet] -> [request]17: 0300002102f080320700001200000800080001120411440100ff090004001c0000
[2022-01-12 11:14:53,998] [INFO] [MyS7Client.send_receive_my_packet] -> [Connect responde]0300002102f080320700001100000c000400011208128401010000d4010a000000
[2022-01-12 11:14:57,003] [INFO] [MyS7Client.send_receive_my_packet] -> [request]18: 0300002102f080320700001300000800080001120411440100ff090004001c0000
[2022-01-12 11:14:57,004] [INFO] [MyS7Client.send_receive_my_packet] -> [Connect responde]0300002102f080320700001200000c000400011208128401010000d4010a000000
[2022-01-12 11:15:00,005] [INFO] [MyS7Client.onlinePLC] -> checking whether the PLC is online
[2022-01-12 11:15:00,013] [INFO] [MyS7Client.onlinePLC] -> the PLC is online
[2022-01-12 11:15:00,018] [INFO] [MyS7Client.send_receive_my_packet] -> [request]19: 0300002102f080320700001400000800080001120411440100ff090004001c0000
[2022-01-12 11:15:00,018] [INFO] [MyS7Client.send_receive_my_packet] -> [Connect responde]0300002102f080320700001300000c000400011208128401010000d4010a000000
[2022-01-12 11:15:03,025] [INFO] [MyS7Client.send_receive_my_packet] -> [request]20: 0300002102f080320700001500000800080001120411440100ff090004001c0000
[2022-01-12 11:15:03,025] [INFO] [MyS7Client.send_receive_my_packet] -> [Connect responde]0300002102f080320700001400000c000400011208128401010000d4010a000000
[2022-01-12 11:15:06,031] [INFO] [MyS7Client.send_receive_my_packet] -> [request]21: 0300002102f080320700001600000800080001120411440100ff090004001c0000
[2022-01-12 11:15:06,032] [INFO] [MyS7Client.send_receive_my_packet] -> [Connect responde]0300002102f080320700001500000c000400011208128401010000d4010a000000
[2022-01-12 11:15:09,039] [INFO] [MyS7Client.send_receive_my_packet] -> [request]22: 0300002102f080320700001700000800080001120411440100ff090004001c0000
[2022-01-12 11:15:09,040] [INFO] [MyS7Client.send_receive_my_packet] -> [Connect responde]0300002102f080320700001600000c000400011208128401010000d4010a000000
[2022-01-12 11:15:12,044] [INFO] [MyS7Client.send_receive_my_packet] -> [request]23: 0300002102f080320700001800000800080001120411440100ff090004001c0000
[2022-01-12 11:15:12,044] [INFO] [MyS7Client.send_receive_my_packet] -> [Connect responde]0300002102f080320700001700000c000400011208128401010000d4010a000000
[2022-01-12 11:15:15,051] [INFO] [MyS7Client.send_receive_my_packet] -> [request]24: 0300002102f080320700001900000800080001120411440100ff090004001c0000
[2022-01-12 11:15:15,052] [INFO] [MyS7Client.send_receive_my_packet] -> [Connect responde]0300002102f080320700001800000c000400011208128401010000d4010a000000
[2022-01-12 11:15:18,058] [INFO] [MyS7Client.send_receive_my_packet] -> [request]25: 0300002102f080320700001a00000800080001120411440100ff090004001c0000
[2022-01-12 11:15:18,058] [INFO] [MyS7Client.send_receive_my_packet] -> [Connect responde]0300002102f080320700001900000c000400011208128401010000d4010a000000
[2022-01-12 11:15:21,063] [INFO] [MyS7Client.send_receive_my_packet] -> [request]26: 0300002102f080320700001b00000800080001120411440100ff090004001c0000
[2022-01-12 11:15:21,064] [INFO] [MyS7Client.send_receive_my_packet] -> [Connect responde]0300002102f080320700001a00000c000400011208128401010000d4010a000000
[2022-01-12 11:15:24,068] [INFO] [MyS7Client.send_receive_my_packet] -> [request]27: 0300002102f080320700001c00000800080001120411440100ff090004001c0000
[2022-01-12 11:15:24,069] [INFO] [MyS7Client.send_receive_my_packet] -> [Connect responde]0300002102f080320700001b00000c000400011208128401010000d4010a000000
[2022-01-12 11:15:27,074] [INFO] [MyS7Client.send_receive_my_packet] -> [request]28: 0300002102f080320700001d00000800080001120411440100ff090004001c0000
[2022-01-12 11:15:27,074] [INFO] [MyS7Client.send_receive_my_packet] -> [Connect responde]0300002102f080320700001c00000c000400011208128401010000d4010a000000
[2022-01-12 11:15:30,081] [INFO] [MyS7Client.send_receive_my_packet] -> [request]29: 0300002102f080320700001e00000800080001120411440100ff090004001c0000
[2022-01-12 11:15:30,081] [INFO] [MyS7Client.send_receive_my_packet] -> [Connect responde]0300002102f080320700001d00000c000400011208128401010000d4010a000000
[2022-01-12 11:15:33,085] [INFO] [MyS7Client.send_receive_my_packet] -> [request]30: 0300002102f080320700001f00000800080001120411440100ff090004001c0000
[2022-01-12 11:15:33,086] [INFO] [MyS7Client.send_receive_my_packet] -> [Connect responde]0300002102f080320700001e00000c000400011208128401010000d4010a000000
[2022-01-12 11:15:36,092] [INFO] [MyS7Client.send_receive_my_packet] -> [request]31: 0300002102f080320700002000000800080001120411440100ff090004001c0000
[2022-01-12 11:15:36,093] [INFO] [MyS7Client.send_receive_my_packet] -> [Connect responde]0300002102f080320700001f00000c000400011208128401010000d4010a000000
[2022-01-12 11:15:39,100] [INFO] [MyS7Client.send_receive_my_packet] -> [request]32: 0300002102f080320700002100000800080001120411440100ff090004001c0000
[2022-01-12 11:15:39,100] [INFO] [MyS7Client.send_receive_my_packet] -> [Connect responde]0300002102f080320700002000000c000400011208128401010000d4010a000000
[2022-01-12 11:15:42,106] [INFO] [MyS7Client.send_receive_my_packet] -> [request]33: 0300002102f080320700002200000800080001120411440100ff090004001c0000
[2022-01-12 11:15:42,107] [INFO] [MyS7Client.send_receive_my_packet] -> [Connect responde]0300002102f080320700002100000c000400011208128401010000d4010a000000
[2022-01-12 11:15:45,110] [INFO] [MyS7Client.onlinePLC] -> checking whether the PLC is online
[2022-01-12 11:15:45,143] [INFO] [MyS7Client.onlinePLC] -> the PLC is online
[2022-01-12 11:15:45,148] [INFO] [MyS7Client.send_receive_my_packet] -> [request]34: 0300002102f080320700002300000800080001120411440100ff090004001c0000
[2022-01-12 11:15:45,148] [INFO] [MyS7Client.send_receive_my_packet] -> [Connect responde]0300002102f080320700002200000c000400011208128401010000d4010a000000
[2022-01-12 11:15:48,154] [INFO] [MyS7Client.send_receive_my_packet] -> [request]35: 0300002102f080320700002400000800080001120411440100ff090004001c0000
[2022-01-12 11:15:48,155] [INFO] [MyS7Client.send_receive_my_packet] -> [Connect responde]0300002102f080320700002300000c000400011208128401010000d4010a000000
[2022-01-12 11:15:51,160] [INFO] [MyS7Client.send_receive_my_packet] -> [request]36: 0300002102f080320700002500000800080001120411440100ff090004001c0000
[2022-01-12 11:15:51,160] [INFO] [MyS7Client.send_receive_my_packet] -> [Connect responde]0300002102f080320700002400000c000400011208128401010000d4010a000000
[2022-01-12 11:15:54,166] [INFO] [MyS7Client.send_receive_my_packet] -> [request]37: 0300002102f080320700002600000800080001120411440100ff090004001c0000
[2022-01-12 11:15:54,167] [INFO] [MyS7Client.send_receive_my_packet] -> [Connect responde]0300002102f080320700002500000c000400011208128401010000d4010a000000
