[2021-11-29 17:04:20,164] [INFO] [MyS7Client.crushListen] -> start listen arp
[2021-11-29 17:04:20,169] [INFO] [valition.<module>] -> Will send 100000 packets, the crush packet is 19
[2021-11-29 17:04:20,171] [INFO] [MyS7Client.connect] -> Start connect PLC
[2021-11-29 17:04:20,263] [INFO] [MyS7Client.findArpPacket] -> passive detected a probable crush e0dca0439b86e0e1a91549c508060001080006040002e0e1a91549c5c0a8018ce0dca0439b86c0a801bc
[2021-11-29 17:04:20,328] [INFO] [MyS7Client.send_receive_s7_packet] -> [Connect request]0300001902f08032010000010000080000f000000a000a00f0
[2021-11-29 17:04:20,328] [INFO] [MyS7Client.send_receive_s7_packet] -> [Connect responde]0300001b02f080320300000100000800000000f0000003000300f0
[2021-11-29 17:04:20,330] [INFO] [MyS7Client.send_s7_packet] -> [request]0300002102f080320700000200000800080001120411440100ff090004001c0000
[2021-11-29 17:04:20,547] [INFO] [MyS7Client.send_s7_packet] -> [request]0300002102f080320700000300000800080001120411440100ff090004001c0000
[2021-11-29 17:04:20,751] [INFO] [MyS7Client.send_s7_packet] -> [request]0300002102f080320700000400000800080001120411440100ff090004001c0000
[2021-11-29 17:04:20,954] [INFO] [MyS7Client.send_s7_packet] -> [request]0300002102f080320700000500000800080001120411440100ff090004001c0000
[2021-11-29 17:04:21,158] [INFO] [MyS7Client.send_s7_packet] -> [request]0300002102f080320700000600000800080001120411440100ff090004001c0000
[2021-11-29 17:04:21,361] [INFO] [MyS7Client.send_s7_packet] -> [request]0300002102f080320700000700000800080001120411440100ff090004001c0000
[2021-11-29 17:04:21,565] [INFO] [MyS7Client.send_s7_packet] -> [request]0300002102f080320700000800000800080001120411440100ff090004001c0000
[2021-11-29 17:04:21,768] [INFO] [MyS7Client.send_s7_packet] -> [request]0300002102f080320700000900000800080001120411440100ff090004001c0000
[2021-11-29 17:04:21,973] [INFO] [MyS7Client.send_s7_packet] -> [request]0300002102f080320700000a00000800080001120411440100ff090004001c0000
[2021-11-29 17:04:22,178] [INFO] [MyS7Client.send_s7_packet] -> [request]0300002102f080320700000b00000800080001120411440100ff090004001c0000
[2021-11-29 17:04:22,384] [INFO] [MyS7Client.send_s7_packet] -> [request]0300002102f080320700000c00000800080001120411440100ff090004001c0000
[2021-11-29 17:04:22,589] [INFO] [MyS7Client.send_s7_packet] -> [request]0300002102f080320700000d00000800080001120411440100ff090004001c0000
[2021-11-29 17:04:22,792] [INFO] [MyS7Client.send_s7_packet] -> [request]0300002102f080320700000e00000800080001120411440100ff090004001c0000
[2021-11-29 17:04:22,998] [INFO] [MyS7Client.send_s7_packet] -> [request]0300002102f080320700000f00000800080001120411440100ff090004001c0000
[2021-11-29 17:04:23,201] [INFO] [MyS7Client.send_s7_packet] -> [request]0300002102f080320700001000000800080001120411440100ff090004001c0000
[2021-11-29 17:04:23,407] [INFO] [MyS7Client.send_s7_packet] -> [request]0300002102f080320700001100000800080001120411440100ff090004001c0000
[2021-11-29 17:04:23,612] [INFO] [MyS7Client.send_s7_packet] -> [request]0300002102f080320700001200000800080001120411440100ff090004001c0000
[2021-11-29 17:04:23,814] [INFO] [MyS7Client.send_s7_packet] -> [request]0300002102f080320700001300000800080001120411440100ff090004001c0000
[2021-11-29 17:04:24,019] [INFO] [MyS7Client.send_s7_packet] -> [request]0300002102f080320700001400000800080001120411440100ff090004001c0000
[2021-11-29 17:04:24,700] [INFO] [MyS7Client.send_s7_packet] -> Send the crush packet
[2021-11-29 17:04:24,701] [INFO] [MyS7Client.send_s7_packet] -> [request]0300001f02f080320100001500000e00000401120a10010003000083000001
[2021-11-29 17:04:24,915] [INFO] [MyS7Client.send_s7_packet] -> [request]0300002102f080320700001600000800080001120411440100ff090004001c0000
[2021-11-29 17:04:25,119] [INFO] [MyS7Client.send_s7_packet] -> [request]0300002102f080320700001700000800080001120411440100ff090004001c0000
[2021-11-29 17:04:25,323] [INFO] [MyS7Client.send_s7_packet] -> [request]0300002102f080320700001800000800080001120411440100ff090004001c0000
[2021-11-29 17:04:25,528] [INFO] [MyS7Client.send_s7_packet] -> [request]0300002102f080320700001900000800080001120411440100ff090004001c0000
[2021-11-29 17:04:25,732] [INFO] [MyS7Client.send_s7_packet] -> [request]0300002102f080320700001a00000800080001120411440100ff090004001c0000
[2021-11-29 17:04:25,935] [INFO] [MyS7Client.send_s7_packet] -> [request]0300002102f080320700001b00000800080001120411440100ff090004001c0000
[2021-11-29 17:04:26,153] [INFO] [MyS7Client.send_s7_packet] -> [request]0300002102f080320700001c00000800080001120411440100ff090004001c0000
[2021-11-29 17:04:26,358] [INFO] [MyS7Client.send_s7_packet] -> [request]0300002102f080320700001d00000800080001120411440100ff090004001c0000
[2021-11-29 17:04:26,564] [INFO] [MyS7Client.send_s7_packet] -> [request]0300002102f080320700001e00000800080001120411440100ff090004001c0000
[2021-11-29 17:04:26,780] [INFO] [MyS7Client.send_s7_packet] -> [request]0300002102f080320700001f00000800080001120411440100ff090004001c0000
[2021-11-29 17:04:26,986] [INFO] [MyS7Client.send_s7_packet] -> [request]0300002102f080320700002000000800080001120411440100ff090004001c0000
[2021-11-29 17:04:27,190] [INFO] [MyS7Client.send_s7_packet] -> [request]0300002102f080320700002100000800080001120411440100ff090004001c0000
[2021-11-29 17:04:27,393] [INFO] [MyS7Client.send_s7_packet] -> [request]0300002102f080320700002200000800080001120411440100ff090004001c0000
[2021-11-29 17:04:27,601] [INFO] [MyS7Client.send_s7_packet] -> [request]0300002102f080320700002300000800080001120411440100ff090004001c0000
[2021-11-29 17:04:27,806] [INFO] [MyS7Client.send_s7_packet] -> [request]0300002102f080320700002400000800080001120411440100ff090004001c0000
[2021-11-29 17:04:28,011] [INFO] [MyS7Client.send_s7_packet] -> [request]0300002102f080320700002500000800080001120411440100ff090004001c0000
[2021-11-29 17:04:28,215] [INFO] [MyS7Client.send_s7_packet] -> [request]0300002102f080320700002600000800080001120411440100ff090004001c0000
[2021-11-29 17:04:28,423] [INFO] [MyS7Client.send_s7_packet] -> [request]0300002102f080320700002700000800080001120411440100ff090004001c0000
[2021-11-29 17:04:28,626] [INFO] [MyS7Client.send_s7_packet] -> [request]0300002102f080320700002800000800080001120411440100ff090004001c0000
[2021-11-29 17:04:28,844] [INFO] [MyS7Client.send_s7_packet] -> [request]0300002102f080320700002900000800080001120411440100ff090004001c0000
[2021-11-29 17:04:29,047] [INFO] [MyS7Client.send_s7_packet] -> [request]0300002102f080320700002a00000800080001120411440100ff090004001c0000
[2021-11-29 17:04:29,250] [INFO] [MyS7Client.send_s7_packet] -> [request]0300002102f080320700002b00000800080001120411440100ff090004001c0000
[2021-11-29 17:04:29,454] [INFO] [MyS7Client.send_s7_packet] -> [request]0300002102f080320700002c00000800080001120411440100ff090004001c0000
[2021-11-29 17:04:29,655] [INFO] [MyS7Client.send_s7_packet] -> [request]0300002102f080320700002d00000800080001120411440100ff090004001c0000
[2021-11-29 17:04:29,861] [INFO] [MyS7Client.send_s7_packet] -> [request]0300002102f080320700002e00000800080001120411440100ff090004001c0000
[2021-11-29 17:04:30,066] [INFO] [MyS7Client.send_s7_packet] -> [request]0300002102f080320700002f00000800080001120411440100ff090004001c0000
[2021-11-29 17:04:30,273] [INFO] [MyS7Client.send_s7_packet] -> [request]0300002102f080320700003000000800080001120411440100ff090004001c0000
[2021-11-29 17:04:30,480] [INFO] [MyS7Client.send_s7_packet] -> [request]0300002102f080320700003100000800080001120411440100ff090004001c0000
[2021-11-29 17:04:30,682] [INFO] [MyS7Client.send_s7_packet] -> [request]0300002102f080320700003200000800080001120411440100ff090004001c0000
[2021-11-29 17:04:30,889] [INFO] [MyS7Client.send_s7_packet] -> [request]0300002102f080320700003300000800080001120411440100ff090004001c0000
[2021-11-29 17:04:31,095] [INFO] [MyS7Client.send_s7_packet] -> [request]0300002102f080320700003400000800080001120411440100ff090004001c0000
[2021-11-29 17:04:31,300] [INFO] [MyS7Client.send_s7_packet] -> [request]0300002102f080320700003500000800080001120411440100ff090004001c0000
[2021-11-29 17:04:31,507] [INFO] [MyS7Client.send_s7_packet] -> [request]0300002102f080320700003600000800080001120411440100ff090004001c0000
[2021-11-29 17:04:31,713] [INFO] [MyS7Client.send_s7_packet] -> [request]0300002102f080320700003700000800080001120411440100ff090004001c0000
[2021-11-29 17:04:31,921] [INFO] [MyS7Client.send_s7_packet] -> [request]0300002102f080320700003800000800080001120411440100ff090004001c0000
[2021-11-29 17:04:32,109] [INFO] [MyS7Client.findArpPacket] -> passive detected a probable crush e0dca0439b86e0e1a91549c508060001080006040001e0e1a91549c5c0a8018ce0dca0439b86c0a801bc
[2021-11-29 17:04:32,125] [INFO] [MyS7Client.onlinePLC] -> checking whether the PLC is online
[2021-11-29 17:04:34,162] [INFO] [MyS7Client.onlinePLC] -> the PLC is offline
[2021-11-29 17:04:34,162] [INFO] [valition.handleCrush] -> handling crush
[2021-11-29 17:04:34,163] [INFO] [valition.__closePlugin] -> trying to switch off the plugin
[2021-11-29 17:04:34,592] [INFO] [valition.__closePlugin] -> Switch off Plugin success!
[2021-11-29 17:04:36,599] [INFO] [valition.__openPlugin] -> trying to switch on the plugin
[2021-11-29 17:04:36,880] [INFO] [valition.__openPlugin] -> Switch on the Plugin success!
[2021-11-29 17:04:36,881] [INFO] [MyS7Client.onlinePLC] -> checking whether the PLC is online
[2021-11-29 17:04:44,926] [INFO] [MyS7Client.onlinePLC] -> the PLC is online
[2021-11-29 17:04:44,927] [INFO] [BLocate.locate] -> ****************Start binary search crush*************
[2021-11-29 17:04:44,928] [INFO] [BLocate.locate] -> chosenPacket from 0 to 20 ; leftPackets from 20 to 40.
[2021-11-29 17:04:44,928] [INFO] [MyS7Client.connect] -> Close old socket!
[2021-11-29 17:04:44,929] [INFO] [MyS7Client.connect] -> Start connect PLC
