[2021-11-22 16:38:07,433] [INFO] [MyS7Client.crushListen] -> start listen arp
[2021-11-22 16:38:07,433] [INFO] [valition.<module>] -> Will send 1000 packets, the crush packet is 183
[2021-11-22 16:38:07,434] [INFO] [MyS7Client.connect] -> Start connect PLC
[2021-11-22 16:38:07,499] [INFO] [MyS7Client.send_receive_s7_packet] -> [Connect request]0300001902f08032010000010000080000f000000a000a00f0
[2021-11-22 16:38:07,499] [INFO] [MyS7Client.send_receive_s7_packet] -> [Connect responde]0300001b02f080320300000100000800000000f0000003000300f0
[2021-11-22 16:38:07,502] [INFO] [MyS7Client.send_s7_packet] -> [request]0300002102f080320700000200000800080001120411440100ff090004001c0000
[2021-11-22 16:38:07,705] [INFO] [MyS7Client.send_s7_packet] -> [request]0300002102f080320700000300000800080001120411440100ff090004001c0000
[2021-11-22 16:38:07,908] [INFO] [MyS7Client.send_s7_packet] -> [request]0300002102f080320700000400000800080001120411440100ff090004001c0000
[2021-11-22 16:38:08,115] [INFO] [MyS7Client.send_s7_packet] -> [request]0300002102f080320700000500000800080001120411440100ff090004001c0000
[2021-11-22 16:38:08,322] [INFO] [MyS7Client.send_s7_packet] -> [request]0300002102f080320700000600000800080001120411440100ff090004001c0000
[2021-11-22 16:38:08,528] [INFO] [MyS7Client.send_s7_packet] -> [request]0300002102f080320700000700000800080001120411440100ff090004001c0000
[2021-11-22 16:38:08,733] [INFO] [MyS7Client.send_s7_packet] -> [request]0300002102f080320700000800000800080001120411440100ff090004001c0000
[2021-11-22 16:38:08,940] [INFO] [MyS7Client.send_s7_packet] -> [request]0300002102f080320700000900000800080001120411440100ff090004001c0000
[2021-11-22 16:38:09,147] [INFO] [MyS7Client.send_s7_packet] -> [request]0300002102f080320700000a00000800080001120411440100ff090004001c0000
[2021-11-22 16:38:09,353] [INFO] [MyS7Client.send_s7_packet] -> [request]0300002102f080320700000b00000800080001120411440100ff090004001c0000
[2021-11-22 16:38:09,560] [INFO] [MyS7Client.send_s7_packet] -> [request]0300002102f080320700000c00000800080001120411440100ff090004001c0000
[2021-11-22 16:38:09,763] [INFO] [MyS7Client.send_s7_packet] -> [request]0300002102f080320700000d00000800080001120411440100ff090004001c0000
[2021-11-22 16:38:09,969] [INFO] [MyS7Client.send_s7_packet] -> [request]0300002102f080320700000e00000800080001120411440100ff090004001c0000
[2021-11-22 16:38:10,175] [INFO] [MyS7Client.send_s7_packet] -> [request]0300002102f080320700000f00000800080001120411440100ff090004001c0000
[2021-11-22 16:38:10,296] [INFO] [MyS7Client.findArpPacket] -> passive detected a probable crush e0dca0439b86e0e1a91549c508060001080006040002e0e1a91549c5c0a80189e0dca0439b86c0a801bc
[2021-11-22 16:38:10,380] [INFO] [MyS7Client.onlinePLC] -> checking whether the PLC is online
[2021-11-22 16:38:10,387] [INFO] [MyS7Client.onlinePLC] -> the PLC is online
[2021-11-22 16:38:10,390] [INFO] [MyS7Client.send_s7_packet] -> [request]0300002102f080320700001000000800080001120411440100ff090004001c0000
[2021-11-22 16:38:10,602] [INFO] [MyS7Client.send_s7_packet] -> [request]0300002102f080320700001100000800080001120411440100ff090004001c0000
[2021-11-22 16:38:10,805] [INFO] [MyS7Client.send_s7_packet] -> [request]0300002102f080320700001200000800080001120411440100ff090004001c0000
[2021-11-22 16:38:11,008] [INFO] [MyS7Client.send_s7_packet] -> [request]0300002102f080320700001300000800080001120411440100ff090004001c0000
[2021-11-22 16:38:11,216] [INFO] [MyS7Client.send_s7_packet] -> [request]0300002102f080320700001400000800080001120411440100ff090004001c0000
[2021-11-22 16:38:11,418] [INFO] [MyS7Client.send_s7_packet] -> [request]0300002102f080320700001500000800080001120411440100ff090004001c0000
[2021-11-22 16:38:11,624] [INFO] [MyS7Client.send_s7_packet] -> [request]0300002102f080320700001600000800080001120411440100ff090004001c0000
[2021-11-22 16:38:11,830] [INFO] [MyS7Client.send_s7_packet] -> [request]0300002102f080320700001700000800080001120411440100ff090004001c0000
[2021-11-22 16:38:12,036] [INFO] [MyS7Client.send_s7_packet] -> [request]0300002102f080320700001800000800080001120411440100ff090004001c0000
[2021-11-22 16:38:12,241] [INFO] [MyS7Client.send_s7_packet] -> [request]0300002102f080320700001900000800080001120411440100ff090004001c0000
[2021-11-22 16:38:12,448] [INFO] [MyS7Client.send_s7_packet] -> [request]0300002102f080320700001a00000800080001120411440100ff090004001c0000
[2021-11-22 16:38:12,666] [INFO] [MyS7Client.send_s7_packet] -> [request]0300002102f080320700001b00000800080001120411440100ff090004001c0000
[2021-11-22 16:38:12,873] [INFO] [MyS7Client.send_s7_packet] -> [request]0300002102f080320700001c00000800080001120411440100ff090004001c0000
[2021-11-22 16:38:13,080] [INFO] [MyS7Client.send_s7_packet] -> [request]0300002102f080320700001d00000800080001120411440100ff090004001c0000
[2021-11-22 16:38:13,285] [INFO] [MyS7Client.send_s7_packet] -> [request]0300002102f080320700001e00000800080001120411440100ff090004001c0000
[2021-11-22 16:38:13,492] [INFO] [MyS7Client.send_s7_packet] -> [request]0300002102f080320700001f00000800080001120411440100ff090004001c0000
[2021-11-22 16:38:13,694] [INFO] [MyS7Client.send_s7_packet] -> [request]0300002102f080320700002000000800080001120411440100ff090004001c0000
[2021-11-22 16:38:13,897] [INFO] [MyS7Client.send_s7_packet] -> [request]0300002102f080320700002100000800080001120411440100ff090004001c0000
[2021-11-22 16:38:14,100] [INFO] [MyS7Client.send_s7_packet] -> [request]0300002102f080320700002200000800080001120411440100ff090004001c0000
[2021-11-22 16:38:14,303] [INFO] [MyS7Client.send_s7_packet] -> [request]0300002102f080320700002300000800080001120411440100ff090004001c0000
[2021-11-22 16:38:14,508] [INFO] [MyS7Client.send_s7_packet] -> [request]0300002102f080320700002400000800080001120411440100ff090004001c0000
[2021-11-22 16:38:14,710] [INFO] [MyS7Client.send_s7_packet] -> [request]0300002102f080320700002500000800080001120411440100ff090004001c0000
[2021-11-22 16:38:14,916] [INFO] [MyS7Client.send_s7_packet] -> [request]0300002102f080320700002600000800080001120411440100ff090004001c0000
[2021-11-22 16:38:15,121] [INFO] [MyS7Client.send_s7_packet] -> [request]0300002102f080320700002700000800080001120411440100ff090004001c0000
[2021-11-22 16:38:15,327] [INFO] [MyS7Client.send_s7_packet] -> [request]0300002102f080320700002800000800080001120411440100ff090004001c0000
[2021-11-22 16:38:15,532] [INFO] [MyS7Client.send_s7_packet] -> [request]0300002102f080320700002900000800080001120411440100ff090004001c0000
[2021-11-22 16:38:15,737] [INFO] [MyS7Client.send_s7_packet] -> [request]0300002102f080320700002a00000800080001120411440100ff090004001c0000
[2021-11-22 16:38:15,940] [INFO] [MyS7Client.send_s7_packet] -> [request]0300002102f080320700002b00000800080001120411440100ff090004001c0000
[2021-11-22 16:38:16,146] [INFO] [MyS7Client.send_s7_packet] -> [request]0300002102f080320700002c00000800080001120411440100ff090004001c0000
[2021-11-22 16:38:16,349] [INFO] [MyS7Client.send_s7_packet] -> [request]0300002102f080320700002d00000800080001120411440100ff090004001c0000
[2021-11-22 16:38:16,553] [INFO] [MyS7Client.send_s7_packet] -> [request]0300002102f080320700002e00000800080001120411440100ff090004001c0000
[2021-11-22 16:38:16,758] [INFO] [MyS7Client.send_s7_packet] -> [request]0300002102f080320700002f00000800080001120411440100ff090004001c0000
[2021-11-22 16:38:16,803] [INFO] [MyS7Client.findArpPacket] -> passive detected a probable crush e0dca0439b86e0e1a91549c508060001080006040001e0e1a91549c5c0a80189e0dca0439b86c0a801bc
[2021-11-22 16:38:16,974] [INFO] [MyS7Client.onlinePLC] -> checking whether the PLC is online
[2021-11-22 16:38:17,811] [INFO] [MyS7Client.onlinePLC] -> the PLC is online
[2021-11-22 16:38:17,813] [INFO] [MyS7Client.findArpPacket] -> passive detected a probable crush e0dca0439b86e0e1a91549c508060001080006040001e0e1a91549c5c0a80189e0dca0439b86c0a801bc
[2021-11-22 16:38:17,814] [INFO] [MyS7Client.send_s7_packet] -> [request]0300002102f080320700003000000800080001120411440100ff090004001c0000
[2021-11-22 16:38:18,018] [INFO] [MyS7Client.onlinePLC] -> checking whether the PLC is online
[2021-11-22 16:38:18,200] [INFO] [MyS7Client.onlinePLC] -> the PLC is online
[2021-11-22 16:38:18,202] [INFO] [MyS7Client.send_s7_packet] -> [request]0300002102f080320700003100000800080001120411440100ff090004001c0000
[2021-11-22 16:38:18,410] [INFO] [MyS7Client.send_s7_packet] -> [request]0300002102f080320700003200000800080001120411440100ff090004001c0000
[2021-11-22 16:38:18,613] [INFO] [MyS7Client.send_s7_packet] -> [request]0300002102f080320700003300000800080001120411440100ff090004001c0000
[2021-11-22 16:38:18,817] [INFO] [MyS7Client.send_s7_packet] -> [request]0300002102f080320700003400000800080001120411440100ff090004001c0000
[2021-11-22 16:38:19,021] [INFO] [MyS7Client.send_s7_packet] -> [request]0300002102f080320700003500000800080001120411440100ff090004001c0000
[2021-11-22 16:38:19,228] [INFO] [MyS7Client.send_s7_packet] -> [request]0300002102f080320700003600000800080001120411440100ff090004001c0000
[2021-11-22 16:38:19,432] [INFO] [MyS7Client.send_s7_packet] -> [request]0300002102f080320700003700000800080001120411440100ff090004001c0000
[2021-11-22 16:38:19,637] [INFO] [MyS7Client.send_s7_packet] -> [request]0300002102f080320700003800000800080001120411440100ff090004001c0000
[2021-11-22 16:38:19,841] [INFO] [MyS7Client.send_s7_packet] -> [request]0300002102f080320700003900000800080001120411440100ff090004001c0000
[2021-11-22 16:38:20,048] [INFO] [MyS7Client.send_s7_packet] -> [request]0300002102f080320700003a00000800080001120411440100ff090004001c0000
[2021-11-22 16:38:20,252] [INFO] [MyS7Client.send_s7_packet] -> [request]0300002102f080320700003b00000800080001120411440100ff090004001c0000
[2021-11-22 16:38:20,457] [INFO] [MyS7Client.send_s7_packet] -> [request]0300002102f080320700003c00000800080001120411440100ff090004001c0000
[2021-11-22 16:38:20,662] [INFO] [MyS7Client.send_s7_packet] -> [request]0300002102f080320700003d00000800080001120411440100ff090004001c0000
[2021-11-22 16:38:20,868] [INFO] [MyS7Client.send_s7_packet] -> [request]0300002102f080320700003e00000800080001120411440100ff090004001c0000
[2021-11-22 16:38:21,071] [INFO] [MyS7Client.send_s7_packet] -> [request]0300002102f080320700003f00000800080001120411440100ff090004001c0000
[2021-11-22 16:38:21,277] [INFO] [MyS7Client.send_s7_packet] -> [request]0300002102f080320700004000000800080001120411440100ff090004001c0000
[2021-11-22 16:38:21,480] [INFO] [MyS7Client.send_s7_packet] -> [request]0300002102f080320700004100000800080001120411440100ff090004001c0000
[2021-11-22 16:38:21,685] [INFO] [MyS7Client.send_s7_packet] -> [request]0300002102f080320700004200000800080001120411440100ff090004001c0000
[2021-11-22 16:38:21,901] [INFO] [MyS7Client.send_s7_packet] -> [request]0300002102f080320700004300000800080001120411440100ff090004001c0000
[2021-11-22 16:38:22,105] [INFO] [MyS7Client.send_s7_packet] -> [request]0300002102f080320700004400000800080001120411440100ff090004001c0000
[2021-11-22 16:38:22,323] [INFO] [MyS7Client.send_s7_packet] -> [request]0300002102f080320700004500000800080001120411440100ff090004001c0000
[2021-11-22 16:38:22,529] [INFO] [MyS7Client.send_s7_packet] -> [request]0300002102f080320700004600000800080001120411440100ff090004001c0000
[2021-11-22 16:38:22,732] [INFO] [MyS7Client.send_s7_packet] -> [request]0300002102f080320700004700000800080001120411440100ff090004001c0000
[2021-11-22 16:38:22,949] [INFO] [MyS7Client.send_s7_packet] -> [request]0300002102f080320700004800000800080001120411440100ff090004001c0000
[2021-11-22 16:38:23,151] [INFO] [MyS7Client.send_s7_packet] -> [request]0300002102f080320700004900000800080001120411440100ff090004001c0000
[2021-11-22 16:38:23,356] [INFO] [MyS7Client.send_s7_packet] -> [request]0300002102f080320700004a00000800080001120411440100ff090004001c0000
[2021-11-22 16:38:23,559] [INFO] [MyS7Client.send_s7_packet] -> [request]0300002102f080320700004b00000800080001120411440100ff090004001c0000
[2021-11-22 16:38:23,777] [INFO] [MyS7Client.send_s7_packet] -> [request]0300002102f080320700004c00000800080001120411440100ff090004001c0000
[2021-11-22 16:38:23,984] [INFO] [MyS7Client.send_s7_packet] -> [request]0300002102f080320700004d00000800080001120411440100ff090004001c0000
[2021-11-22 16:38:24,190] [INFO] [MyS7Client.send_s7_packet] -> [request]0300002102f080320700004e00000800080001120411440100ff090004001c0000
[2021-11-22 16:38:24,299] [INFO] [MyS7Client.findArpPacket] -> passive detected a probable crush e0dca0439b86e0e1a91549c508060001080006040001e0e1a91549c5c0a80189e0dca0439b86c0a801bc
[2021-11-22 16:38:24,393] [INFO] [MyS7Client.onlinePLC] -> checking whether the PLC is online
[2021-11-22 16:38:24,455] [INFO] [MyS7Client.onlinePLC] -> the PLC is online
[2021-11-22 16:38:24,457] [INFO] [MyS7Client.send_s7_packet] -> [request]0300002102f080320700004f00000800080001120411440100ff090004001c0000
[2021-11-22 16:38:24,660] [INFO] [MyS7Client.send_s7_packet] -> [request]0300002102f080320700005000000800080001120411440100ff090004001c0000
[2021-11-22 16:38:24,865] [INFO] [MyS7Client.send_s7_packet] -> [request]0300002102f080320700005100000800080001120411440100ff090004001c0000
[2021-11-22 16:38:25,069] [INFO] [MyS7Client.send_s7_packet] -> [request]0300002102f080320700005200000800080001120411440100ff090004001c0000
[2021-11-22 16:38:25,284] [INFO] [MyS7Client.send_s7_packet] -> [request]0300002102f080320700005300000800080001120411440100ff090004001c0000
[2021-11-22 16:38:25,487] [INFO] [MyS7Client.send_s7_packet] -> [request]0300002102f080320700005400000800080001120411440100ff090004001c0000
[2021-11-22 16:38:25,690] [INFO] [MyS7Client.send_s7_packet] -> [request]0300002102f080320700005500000800080001120411440100ff090004001c0000
[2021-11-22 16:38:25,894] [INFO] [MyS7Client.send_s7_packet] -> [request]0300002102f080320700005600000800080001120411440100ff090004001c0000
[2021-11-22 16:38:26,098] [INFO] [MyS7Client.send_s7_packet] -> [request]0300002102f080320700005700000800080001120411440100ff090004001c0000
[2021-11-22 16:38:26,305] [INFO] [MyS7Client.send_s7_packet] -> [request]0300002102f080320700005800000800080001120411440100ff090004001c0000
[2021-11-22 16:38:26,512] [INFO] [MyS7Client.send_s7_packet] -> [request]0300002102f080320700005900000800080001120411440100ff090004001c0000
[2021-11-22 16:38:26,717] [INFO] [MyS7Client.send_s7_packet] -> [request]0300002102f080320700005a00000800080001120411440100ff090004001c0000
[2021-11-22 16:38:26,935] [INFO] [MyS7Client.send_s7_packet] -> [request]0300002102f080320700005b00000800080001120411440100ff090004001c0000
[2021-11-22 16:38:27,141] [INFO] [MyS7Client.send_s7_packet] -> [request]0300002102f080320700005c00000800080001120411440100ff090004001c0000
[2021-11-22 16:38:27,345] [INFO] [MyS7Client.send_s7_packet] -> [request]0300002102f080320700005d00000800080001120411440100ff090004001c0000
[2021-11-22 16:38:27,550] [INFO] [MyS7Client.send_s7_packet] -> [request]0300002102f080320700005e00000800080001120411440100ff090004001c0000
[2021-11-22 16:38:27,756] [INFO] [MyS7Client.send_s7_packet] -> [request]0300002102f080320700005f00000800080001120411440100ff090004001c0000
[2021-11-22 16:38:27,962] [INFO] [MyS7Client.send_s7_packet] -> [request]0300002102f080320700006000000800080001120411440100ff090004001c0000
[2021-11-22 16:38:28,168] [INFO] [MyS7Client.send_s7_packet] -> [request]0300002102f080320700006100000800080001120411440100ff090004001c0000
[2021-11-22 16:38:28,385] [INFO] [MyS7Client.send_s7_packet] -> [request]0300002102f080320700006200000800080001120411440100ff090004001c0000
[2021-11-22 16:38:28,589] [INFO] [MyS7Client.send_s7_packet] -> [request]0300002102f080320700006300000800080001120411440100ff090004001c0000
[2021-11-22 16:38:28,792] [INFO] [MyS7Client.send_s7_packet] -> [request]0300002102f080320700006400000800080001120411440100ff090004001c0000
[2021-11-22 16:38:28,997] [INFO] [MyS7Client.send_s7_packet] -> [request]0300002102f080320700006500000800080001120411440100ff090004001c0000
[2021-11-22 16:38:29,200] [INFO] [MyS7Client.send_s7_packet] -> [request]0300002102f080320700006600000800080001120411440100ff090004001c0000
[2021-11-22 16:38:29,407] [INFO] [MyS7Client.send_s7_packet] -> [request]0300002102f080320700006700000800080001120411440100ff090004001c0000
[2021-11-22 16:38:29,615] [INFO] [MyS7Client.send_s7_packet] -> [request]0300002102f080320700006800000800080001120411440100ff090004001c0000
[2021-11-22 16:38:29,820] [INFO] [MyS7Client.send_s7_packet] -> [request]0300002102f080320700006900000800080001120411440100ff090004001c0000
[2021-11-22 16:38:30,034] [INFO] [MyS7Client.send_s7_packet] -> [request]0300002102f080320700006a00000800080001120411440100ff090004001c0000
[2021-11-22 16:38:30,241] [INFO] [MyS7Client.send_s7_packet] -> [request]0300002102f080320700006b00000800080001120411440100ff090004001c0000
[2021-11-22 16:38:30,448] [INFO] [MyS7Client.send_s7_packet] -> [request]0300002102f080320700006c00000800080001120411440100ff090004001c0000
[2021-11-22 16:38:30,654] [INFO] [MyS7Client.send_s7_packet] -> [request]0300002102f080320700006d00000800080001120411440100ff090004001c0000
[2021-11-22 16:38:30,857] [INFO] [MyS7Client.send_s7_packet] -> [request]0300002102f080320700006e00000800080001120411440100ff090004001c0000
[2021-11-22 16:38:31,065] [INFO] [MyS7Client.send_s7_packet] -> [request]0300002102f080320700006f00000800080001120411440100ff090004001c0000
[2021-11-22 16:38:31,268] [INFO] [MyS7Client.send_s7_packet] -> [request]0300002102f080320700007000000800080001120411440100ff090004001c0000
[2021-11-22 16:38:31,474] [INFO] [MyS7Client.send_s7_packet] -> [request]0300002102f080320700007100000800080001120411440100ff090004001c0000
[2021-11-22 16:38:31,676] [INFO] [MyS7Client.send_s7_packet] -> [request]0300002102f080320700007200000800080001120411440100ff090004001c0000
[2021-11-22 16:38:31,880] [INFO] [MyS7Client.send_s7_packet] -> [request]0300002102f080320700007300000800080001120411440100ff090004001c0000
[2021-11-22 16:38:32,085] [INFO] [MyS7Client.send_s7_packet] -> [request]0300002102f080320700007400000800080001120411440100ff090004001c0000
[2021-11-22 16:38:32,290] [INFO] [MyS7Client.send_s7_packet] -> [request]0300002102f080320700007500000800080001120411440100ff090004001c0000
[2021-11-22 16:38:32,305] [INFO] [MyS7Client.findArpPacket] -> passive detected a probable crush e0dca0439b86e0e1a91549c508060001080006040001e0e1a91549c5c0a80189e0dca0439b86c0a801bc
[2021-11-22 16:38:32,496] [INFO] [MyS7Client.onlinePLC] -> checking whether the PLC is online
[2021-11-22 16:38:33,402] [INFO] [MyS7Client.onlinePLC] -> the PLC is online
[2021-11-22 16:38:33,404] [INFO] [MyS7Client.send_s7_packet] -> [request]0300002102f080320700007600000800080001120411440100ff090004001c0000
[2021-11-22 16:38:33,404] [INFO] [MyS7Client.findArpPacket] -> passive detected a probable crush e0dca0439b86e0e1a91549c508060001080006040001e0e1a91549c5c0a80189e0dca0439b86c0a801bc
[2021-11-22 16:38:33,618] [INFO] [MyS7Client.onlinePLC] -> checking whether the PLC is online
[2021-11-22 16:38:35,632] [INFO] [MyS7Client.onlinePLC] -> the PLC is offline
[2021-11-22 16:38:35,632] [INFO] [valition.handleCrush] -> handling crush
[2021-11-22 16:38:35,633] [INFO] [valition.__closePlugin] -> trying to switch off the plugin
[2021-11-22 16:38:36,311] [INFO] [valition.__closePlugin] -> Switch off Plugin success!
[2021-11-22 16:38:38,324] [INFO] [valition.__openPlugin] -> trying to switch on the plugin
[2021-11-22 16:38:43,680] [INFO] [valition.__openPlugin] -> Switch on the Plugin success!
[2021-11-22 16:38:43,682] [INFO] [MyS7Client.onlinePLC] -> checking whether the PLC is online
[2021-11-22 16:38:55,727] [INFO] [MyS7Client.onlinePLC] -> the PLC is online
[2021-11-22 16:38:55,728] [INFO] [BLocate.locate] -> Start binary search crush
[2021-11-22 16:38:55,728] [INFO] [BLocate.locate] -> chosenPacket from 0 to 20 ; leftPackets from 20 to 40.
[2021-11-22 16:38:55,730] [INFO] [MyS7Client.connect] -> Close old socket!
[2021-11-22 16:38:55,731] [INFO] [MyS7Client.connect] -> Start connect PLC
[2021-11-22 16:38:55,785] [INFO] [MyS7Client.send_receive_s7_packet] -> [Connect request]0300001902f08032010000770000080000f000000a000a00f0
[2021-11-22 16:38:55,785] [INFO] [MyS7Client.send_receive_s7_packet] -> [Connect responde]0300001b02f080320300007700000800000000f0000003000300f0
[2021-11-22 16:38:55,787] [INFO] [MyS7Client.send_s7_packet] -> [request]0300002102f080320700007800000800080001120411440100ff090004001c0000
[2021-11-22 16:38:55,789] [INFO] [MyS7Client.send_s7_packet] -> [request]0300002102f080320700007900000800080001120411440100ff090004001c0000
[2021-11-22 16:38:55,790] [INFO] [MyS7Client.send_s7_packet] -> [request]0300002102f080320700007a00000800080001120411440100ff090004001c0000
[2021-11-22 16:38:55,792] [INFO] [MyS7Client.send_s7_packet] -> [request]0300002102f080320700007b00000800080001120411440100ff090004001c0000
[2021-11-22 16:38:55,794] [INFO] [MyS7Client.send_s7_packet] -> [request]0300002102f080320700007c00000800080001120411440100ff090004001c0000
[2021-11-22 16:38:55,797] [INFO] [MyS7Client.send_s7_packet] -> [request]0300002102f080320700007d00000800080001120411440100ff090004001c0000
[2021-11-22 16:38:55,799] [INFO] [MyS7Client.send_s7_packet] -> [request]0300002102f080320700007e00000800080001120411440100ff090004001c0000
[2021-11-22 16:38:55,801] [INFO] [MyS7Client.send_s7_packet] -> [request]0300002102f080320700007f00000800080001120411440100ff090004001c0000
[2021-11-22 16:38:55,803] [INFO] [MyS7Client.send_s7_packet] -> [request]0300002102f080320700008000000800080001120411440100ff090004001c0000
[2021-11-22 16:38:55,804] [INFO] [MyS7Client.send_s7_packet] -> [request]0300002102f080320700008100000800080001120411440100ff090004001c0000
[2021-11-22 16:38:55,806] [INFO] [MyS7Client.send_s7_packet] -> [request]0300002102f080320700008200000800080001120411440100ff090004001c0000
[2021-11-22 16:38:55,808] [INFO] [MyS7Client.send_s7_packet] -> [request]0300002102f080320700008300000800080001120411440100ff090004001c0000
[2021-11-22 16:38:55,810] [INFO] [MyS7Client.send_s7_packet] -> [request]0300002102f080320700008400000800080001120411440100ff090004001c0000
[2021-11-22 16:38:55,812] [INFO] [MyS7Client.send_s7_packet] -> [request]0300002102f080320700008500000800080001120411440100ff090004001c0000
[2021-11-22 16:38:55,815] [INFO] [MyS7Client.send_s7_packet] -> [request]0300002102f080320700008600000800080001120411440100ff090004001c0000
[2021-11-22 16:38:55,817] [INFO] [MyS7Client.send_s7_packet] -> [request]0300002102f080320700008700000800080001120411440100ff090004001c0000
[2021-11-22 16:38:55,819] [INFO] [MyS7Client.send_s7_packet] -> [request]0300002102f080320700008800000800080001120411440100ff090004001c0000
[2021-11-22 16:38:55,821] [INFO] [MyS7Client.send_s7_packet] -> [request]0300002102f080320700008900000800080001120411440100ff090004001c0000
[2021-11-22 16:38:55,823] [INFO] [MyS7Client.send_s7_packet] -> [request]0300002102f080320700008a00000800080001120411440100ff090004001c0000
[2021-11-22 16:38:55,824] [INFO] [MyS7Client.send_s7_packet] -> [request]0300002102f080320700008b00000800080001120411440100ff090004001c0000
[2021-11-22 16:38:58,830] [INFO] [MyS7Client.onlinePLC] -> checking whether the PLC is online
[2021-11-22 16:38:58,841] [INFO] [MyS7Client.onlinePLC] -> the PLC is online
[2021-11-22 16:38:58,841] [INFO] [BLocate.locate] -> chosenPacket from 0 to 10 ; leftPackets from 10 to 20.
[2021-11-22 16:38:58,842] [INFO] [MyS7Client.connect] -> Close old socket!
[2021-11-22 16:38:58,842] [INFO] [MyS7Client.connect] -> Start connect PLC
[2021-11-22 16:38:58,892] [INFO] [MyS7Client.send_receive_s7_packet] -> [Connect request]0300001902f080320100008c0000080000f000000a000a00f0
[2021-11-22 16:38:58,893] [INFO] [MyS7Client.send_receive_s7_packet] -> [Connect responde]0300001b02f080320300008c00000800000000f0000003000300f0
[2021-11-22 16:38:58,895] [INFO] [MyS7Client.send_s7_packet] -> [request]0300002102f080320700008d00000800080001120411440100ff090004001c0000
[2021-11-22 16:38:58,897] [INFO] [MyS7Client.send_s7_packet] -> [request]0300002102f080320700008e00000800080001120411440100ff090004001c0000
[2021-11-22 16:38:58,899] [INFO] [MyS7Client.send_s7_packet] -> [request]0300002102f080320700008f00000800080001120411440100ff090004001c0000
[2021-11-22 16:38:58,901] [INFO] [MyS7Client.send_s7_packet] -> [request]0300002102f080320700009000000800080001120411440100ff090004001c0000
[2021-11-22 16:38:58,902] [INFO] [MyS7Client.send_s7_packet] -> [request]0300002102f080320700009100000800080001120411440100ff090004001c0000
[2021-11-22 16:38:58,904] [INFO] [MyS7Client.send_s7_packet] -> [request]0300002102f080320700009200000800080001120411440100ff090004001c0000
[2021-11-22 16:38:58,906] [INFO] [MyS7Client.send_s7_packet] -> [request]0300002102f080320700009300000800080001120411440100ff090004001c0000
[2021-11-22 16:38:58,907] [INFO] [MyS7Client.send_s7_packet] -> [request]0300002102f080320700009400000800080001120411440100ff090004001c0000
[2021-11-22 16:38:58,909] [INFO] [MyS7Client.send_s7_packet] -> [request]0300002102f080320700009500000800080001120411440100ff090004001c0000
[2021-11-22 16:38:58,911] [INFO] [MyS7Client.send_s7_packet] -> [request]0300002102f080320700009600000800080001120411440100ff090004001c0000
[2021-11-22 16:39:01,917] [INFO] [MyS7Client.onlinePLC] -> checking whether the PLC is online
[2021-11-22 16:39:01,935] [INFO] [MyS7Client.onlinePLC] -> the PLC is online
[2021-11-22 16:39:01,936] [INFO] [BLocate.locate] -> chosenPacket from 0 to 5 ; leftPackets from 5 to 10.
[2021-11-22 16:39:01,937] [INFO] [MyS7Client.connect] -> Close old socket!
[2021-11-22 16:39:01,938] [INFO] [MyS7Client.connect] -> Start connect PLC
[2021-11-22 16:39:01,977] [INFO] [MyS7Client.send_receive_s7_packet] -> [Connect request]0300001902f08032010000970000080000f000000a000a00f0
[2021-11-22 16:39:01,979] [INFO] [MyS7Client.send_receive_s7_packet] -> [Connect responde]0300001b02f080320300009700000800000000f0000003000300f0
[2021-11-22 16:39:01,982] [INFO] [MyS7Client.send_s7_packet] -> [request]0300002102f080320700009800000800080001120411440100ff090004001c0000
[2021-11-22 16:39:01,986] [INFO] [MyS7Client.send_s7_packet] -> [request]0300002102f080320700009900000800080001120411440100ff090004001c0000
[2021-11-22 16:39:01,988] [INFO] [MyS7Client.send_s7_packet] -> [request]0300002102f080320700009a00000800080001120411440100ff090004001c0000
[2021-11-22 16:39:01,991] [INFO] [MyS7Client.send_s7_packet] -> [request]0300002102f080320700009b00000800080001120411440100ff090004001c0000
[2021-11-22 16:39:01,993] [INFO] [MyS7Client.send_s7_packet] -> [request]0300002102f080320700009c00000800080001120411440100ff090004001c0000
[2021-11-22 16:39:05,004] [INFO] [MyS7Client.onlinePLC] -> checking whether the PLC is online
[2021-11-22 16:39:05,014] [INFO] [MyS7Client.onlinePLC] -> the PLC is online
[2021-11-22 16:39:05,014] [INFO] [BLocate.locate] -> chosenPacket from 0 to 2 ; leftPackets from 2 to 5.
[2021-11-22 16:39:05,015] [INFO] [MyS7Client.connect] -> Close old socket!
[2021-11-22 16:39:05,015] [INFO] [MyS7Client.connect] -> Start connect PLC
[2021-11-22 16:39:05,128] [INFO] [MyS7Client.send_receive_s7_packet] -> [Connect request]0300001902f080320100009d0000080000f000000a000a00f0
[2021-11-22 16:39:05,129] [INFO] [MyS7Client.send_receive_s7_packet] -> [Connect responde]0300001b02f080320300009d00000800000000f0000003000300f0
[2021-11-22 16:39:05,131] [INFO] [MyS7Client.send_s7_packet] -> [request]0300002102f080320700009e00000800080001120411440100ff090004001c0000
[2021-11-22 16:39:05,133] [INFO] [MyS7Client.send_s7_packet] -> [request]0300002102f080320700009f00000800080001120411440100ff090004001c0000
[2021-11-22 16:39:08,147] [INFO] [MyS7Client.onlinePLC] -> checking whether the PLC is online
[2021-11-22 16:39:08,155] [INFO] [MyS7Client.onlinePLC] -> the PLC is online
[2021-11-22 16:39:08,156] [INFO] [BLocate.locate] -> chosenPacket from 0 to 1 ; leftPackets from 1 to 3.
[2021-11-22 16:39:08,157] [INFO] [MyS7Client.connect] -> Close old socket!
[2021-11-22 16:39:08,157] [INFO] [MyS7Client.connect] -> Start connect PLC
[2021-11-22 16:39:08,244] [INFO] [MyS7Client.send_receive_s7_packet] -> [Connect request]0300001902f08032010000a00000080000f000000a000a00f0
[2021-11-22 16:39:08,245] [INFO] [MyS7Client.send_receive_s7_packet] -> [Connect responde]0300001b02f08032030000a000000800000000f0000003000300f0
[2021-11-22 16:39:08,248] [INFO] [MyS7Client.send_s7_packet] -> [request]0300002102f08032070000a100000800080001120411440100ff090004001c0000
[2021-11-22 16:39:11,255] [INFO] [MyS7Client.onlinePLC] -> checking whether the PLC is online
[2021-11-22 16:39:11,284] [INFO] [MyS7Client.onlinePLC] -> the PLC is online
[2021-11-22 16:39:11,285] [INFO] [BLocate.locate] -> chosenPacket from 0 to 1 ; leftPackets from 1 to 2.
[2021-11-22 16:39:11,287] [INFO] [MyS7Client.connect] -> Close old socket!
[2021-11-22 16:39:11,288] [INFO] [MyS7Client.connect] -> Start connect PLC
[2021-11-22 16:39:11,371] [INFO] [MyS7Client.send_receive_s7_packet] -> [Connect request]0300001902f08032010000a20000080000f000000a000a00f0
[2021-11-22 16:39:11,372] [INFO] [MyS7Client.send_receive_s7_packet] -> [Connect responde]0300001b02f08032030000a200000800000000f0000003000300f0
[2021-11-22 16:39:11,373] [INFO] [MyS7Client.send_s7_packet] -> [request]0300002102f08032070000a300000800080001120411440100ff090004001c0000
[2021-11-22 16:39:14,389] [INFO] [MyS7Client.onlinePLC] -> checking whether the PLC is online
[2021-11-22 16:39:14,397] [INFO] [MyS7Client.onlinePLC] -> the PLC is online
[2021-11-22 16:39:14,397] [INFO] [BLocate.locate] -> Crush Packet is 0300002102f08032070000a300000800080001120411440100ff090004001c0000
[2021-11-22 16:39:14,398] [INFO] [valition.<module>] -> The true crush number is 183, the finded crush number is 0
