[2022-01-09 16:22:59,845] [INFO] [MyS7Client.send_receive_s7_packet] -> [Connect request]0300001902f08032010000010000080000f000000a000a00f0
[2022-01-09 16:22:59,846] [INFO] [MyS7Client.send_receive_s7_packet] -> [Connect responde]0300001b02f080320300000100000800000000f0000003000300f0
[2022-01-09 16:22:59,986] [INFO] [MyS7Client.send_receive_my_packet] -> [request]1: 0300002102f080320700000200000800080001120411440100ff090004001c0000
[2022-01-09 16:22:59,986] [INFO] [MyS7Client.send_receive_my_packet] -> [Connect responde]0300002102f080320700000200000c000400011208128401010000d4010a000000
[2022-01-09 16:23:00,203] [INFO] [MyS7Client.send_receive_my_packet] -> [request]2: 0300002102f080320700000300000800080001120411440100ff090004001c0000
[2022-01-09 16:23:00,204] [INFO] [MyS7Client.send_receive_my_packet] -> [Connect responde]0300002102f080320700000300000c000400011208128401010000d4010a000000
[2022-01-09 16:23:00,425] [INFO] [MyS7Client.send_receive_my_packet] -> [request]3: 0300002102f080320700000400000800080001120411440100ff090004001c0000
[2022-01-09 16:23:00,425] [INFO] [MyS7Client.send_receive_my_packet] -> [Connect responde]0300002102f080320700000400000c000400011208128401010000d4010a000000
[2022-01-09 16:23:00,640] [INFO] [MyS7Client.send_receive_my_packet] -> [request]4: 0300002102f080320700000500000800080001120411440100ff090004001c0000
[2022-01-09 16:23:00,641] [INFO] [MyS7Client.send_receive_my_packet] -> [Connect responde]0300002102f080320700000500000c000400011208128401010000d4010a000000
[2022-01-09 16:23:00,856] [INFO] [MyS7Client.send_receive_my_packet] -> [request]5: 0300002102f080320700000600000800080001120411440100ff090004001c0000
[2022-01-09 16:23:00,857] [INFO] [MyS7Client.send_receive_my_packet] -> [Connect responde]0300002102f080320700000600000c000400011208128401010000d4010a000000
[2022-01-09 16:23:01,068] [INFO] [MyS7Client.send_receive_my_packet] -> [request]6: 0300002102f080320700000700000800080001120411440100ff090004001c0000
[2022-01-09 16:23:01,069] [INFO] [MyS7Client.send_receive_my_packet] -> [Connect responde]0300002102f080320700000700000c000400011208128401010000d4010a000000
[2022-01-09 16:23:01,325] [INFO] [MyS7Client.send_receive_my_packet] -> [request]7: 0300002102f080320700000800000800080001120411440100ff090004001c0000
[2022-01-09 16:23:01,326] [INFO] [MyS7Client.send_receive_my_packet] -> [Connect responde]0300002102f080320700000800000c000400011208128401010000d4010a000000
[2022-01-09 16:23:01,542] [INFO] [MyS7Client.send_receive_my_packet] -> [request]8: 0300002102f080320700000900000800080001120411440100ff090004001c0000
[2022-01-09 16:23:01,543] [INFO] [MyS7Client.send_receive_my_packet] -> [Connect responde]0300002102f080320700000900000c000400011208128401010000d4010a000000
[2022-01-09 16:23:01,759] [INFO] [MyS7Client.send_receive_my_packet] -> [request]9: 0300002102f080320700000a00000800080001120411440100ff090004001c0000
[2022-01-09 16:23:01,760] [INFO] [MyS7Client.send_receive_my_packet] -> [Connect responde]0300002102f080320700000a00000c000400011208128401010000d4010a000000
[2022-01-09 16:23:01,973] [INFO] [MyS7Client.send_receive_my_packet] -> [request]10: 0300002102f080320700000b00000800080001120411440100ff090004001c0000
[2022-01-09 16:23:01,974] [INFO] [MyS7Client.send_receive_my_packet] -> [Connect responde]0300002102f080320700000b00000c000400011208128401010000d4010a000000
[2022-01-09 16:23:02,188] [INFO] [MyS7Client.send_receive_my_packet] -> [request]11: 0300002102f080320700000c00000800080001120411440100ff090004001c0000
[2022-01-09 16:23:02,189] [INFO] [MyS7Client.send_receive_my_packet] -> [Connect responde]0300002102f080320700000c00000c000400011208128401010000d4010a000000
[2022-01-09 16:23:02,403] [INFO] [MyS7Client.send_receive_my_packet] -> [request]12: 0300002102f080320700000d00000800080001120411440100ff090004001c0000
[2022-01-09 16:23:02,404] [INFO] [MyS7Client.send_receive_my_packet] -> [Connect responde]0300002102f080320700000d00000c000400011208128401010000d4010a000000
[2022-01-09 16:23:02,685] [INFO] [MyS7Client.send_receive_my_packet] -> [request]13: 0300002102f080320700000e00000800080001120411440100ff090004001c0000
[2022-01-09 16:23:02,686] [INFO] [MyS7Client.send_receive_my_packet] -> [Connect responde]0300002102f080320700000e00000c000400011208128401010000d4010a000000
[2022-01-09 16:23:02,900] [INFO] [MyS7Client.send_receive_my_packet] -> [request]14: 0300002102f080320700000f00000800080001120411440100ff090004001c0000
[2022-01-09 16:23:02,901] [INFO] [MyS7Client.send_receive_my_packet] -> [Connect responde]0300002102f080320700000f00000c000400011208128401010000d4010a000000
[2022-01-09 16:23:03,119] [INFO] [MyS7Client.send_receive_my_packet] -> [request]15: 0300002102f080320700001000000800080001120411440100ff090004001c0000
[2022-01-09 16:23:03,120] [INFO] [MyS7Client.send_receive_my_packet] -> [Connect responde]0300002102f080320700001000000c000400011208128401010000d4010a000000
[2022-01-09 16:23:03,685] [INFO] [MyS7Client.send_receive_my_packet] -> [request]16: 0300002102f080320700001100000800080001120411440100ff090004001c0000
[2022-01-09 16:23:03,686] [INFO] [MyS7Client.send_receive_my_packet] -> [Connect responde]0300002102f080320700001100000c000400011208128401010000d4010a000000
[2022-01-09 16:23:03,897] [INFO] [MyS7Client.send_receive_my_packet] -> [request]17: 0300002102f080320700001200000800080001120411440100ff090004001c0000
[2022-01-09 16:23:03,898] [INFO] [MyS7Client.send_receive_my_packet] -> [Connect responde]0300002102f080320700001200000c000400011208128401010000d4010a000000
[2022-01-09 16:23:04,124] [INFO] [MyS7Client.send_receive_my_packet] -> [request]18: 0300002102f080320700001300000800080001120411440100ff090004001c0000
[2022-01-09 16:23:04,125] [INFO] [MyS7Client.send_receive_my_packet] -> [Connect responde]0300002102f080320700001300000c000400011208128401010000d4010a000000
[2022-01-09 16:23:04,342] [INFO] [MyS7Client.send_receive_my_packet] -> [request]19: 0300002102f080320700001400000800080001120411440100ff090004001c0000
[2022-01-09 16:23:04,343] [INFO] [MyS7Client.send_receive_my_packet] -> [Connect responde]0300002102f080320700001400000c000400011208128401010000d4010a000000
[2022-01-09 16:23:04,601] [INFO] [MyS7Client.send_receive_my_packet] -> [request]20: 0300002102f080320700001500000800080001120411440100ff090004001c0000
[2022-01-09 16:23:04,601] [INFO] [MyS7Client.send_receive_my_packet] -> [Connect responde]0300002102f080320700001500000c000400011208128401010000d4010a000000
[2022-01-09 16:23:04,818] [INFO] [MyS7Client.send_receive_my_packet] -> [request]21: 0300002102f080320700001600000800080001120411440100ff090004001c0000
[2022-01-09 16:23:04,818] [INFO] [MyS7Client.send_receive_my_packet] -> [Connect responde]0300002102f080320700001600000c000400011208128401010000d4010a000000
[2022-01-09 16:23:05,036] [INFO] [MyS7Client.send_receive_my_packet] -> [request]22: 0300002102f080320700001700000800080001120411440100ff090004001c0000
[2022-01-09 16:23:05,036] [INFO] [MyS7Client.send_receive_my_packet] -> [Connect responde]0300002102f080320700001700000c000400011208128401010000d4010a000000
[2022-01-09 16:23:05,255] [INFO] [MyS7Client.send_receive_my_packet] -> [request]23: 0300002102f080320700001800000800080001120411440100ff090004001c0000
[2022-01-09 16:23:05,256] [INFO] [MyS7Client.send_receive_my_packet] -> [Connect responde]0300002102f080320700001800000c000400011208128401010000d4010a000000
[2022-01-09 16:23:05,471] [INFO] [MyS7Client.send_receive_my_packet] -> [request]24: 0300002102f080320700001900000800080001120411440100ff090004001c0000
[2022-01-09 16:23:05,472] [INFO] [MyS7Client.send_receive_my_packet] -> [Connect responde]0300002102f080320700001900000c000400011208128401010000d4010a000000
[2022-01-09 16:23:05,698] [INFO] [MyS7Client.send_receive_my_packet] -> [request]25: 0300002102f080320700001a00000800080001120411440100ff090004001c0000
[2022-01-09 16:23:05,699] [INFO] [MyS7Client.send_receive_my_packet] -> [Connect responde]0300002102f080320700001a00000c000400011208128401010000d4010a000000
[2022-01-09 16:23:05,920] [INFO] [MyS7Client.send_receive_my_packet] -> [request]26: 0300002102f080320700001b00000800080001120411440100ff090004001c0000
[2022-01-09 16:23:05,921] [INFO] [MyS7Client.send_receive_my_packet] -> [Connect responde]0300002102f080320700001b00000c000400011208128401010000d4010a000000
[2022-01-09 16:23:06,137] [INFO] [MyS7Client.send_receive_my_packet] -> [request]27: 0300002102f080320700001c00000800080001120411440100ff090004001c0000
[2022-01-09 16:23:06,138] [INFO] [MyS7Client.send_receive_my_packet] -> [Connect responde]0300002102f080320700001c00000c000400011208128401010000d4010a000000
[2022-01-09 16:23:06,400] [INFO] [MyS7Client.send_receive_my_packet] -> [request]28: 0300002102f080320700001d00000800080001120411440100ff090004001c0000
[2022-01-09 16:23:06,401] [INFO] [MyS7Client.send_receive_my_packet] -> [Connect responde]0300002102f080320700001d00000c000400011208128401010000d4010a000000
[2022-01-09 16:23:06,627] [INFO] [MyS7Client.send_receive_my_packet] -> [request]29: 0300002102f080320700001e00000800080001120411440100ff090004001c0000
[2022-01-09 16:23:06,628] [INFO] [MyS7Client.send_receive_my_packet] -> [Connect responde]0300002102f080320700001e00000c000400011208128401010000d4010a000000
[2022-01-09 16:23:06,842] [INFO] [MyS7Client.send_receive_my_packet] -> [request]30: 0300002102f080320700001f00000800080001120411440100ff090004001c0000
[2022-01-09 16:23:06,842] [INFO] [MyS7Client.send_receive_my_packet] -> [Connect responde]0300002102f080320700001f00000c000400011208128401010000d4010a000000
[2022-01-09 16:23:07,056] [INFO] [MyS7Client.send_receive_my_packet] -> [request]31: 0300002102f080320700002000000800080001120411440100ff090004001c0000
[2022-01-09 16:23:07,057] [INFO] [MyS7Client.send_receive_my_packet] -> [Connect responde]0300002102f080320700002000000c000400011208128401010000d4010a000000
[2022-01-09 16:23:07,275] [INFO] [MyS7Client.send_receive_my_packet] -> [request]32: 0300002102f080320700002100000800080001120411440100ff090004001c0000
[2022-01-09 16:23:07,276] [INFO] [MyS7Client.send_receive_my_packet] -> [Connect responde]0300002102f080320700002100000c000400011208128401010000d4010a000000
[2022-01-09 16:23:07,511] [INFO] [MyS7Client.send_receive_my_packet] -> [request]33: 0300002102f080320700002200000800080001120411440100ff090004001c0000
[2022-01-09 16:23:07,512] [INFO] [MyS7Client.send_receive_my_packet] -> [Connect responde]0300002102f080320700002200000c000400011208128401010000d4010a000000
[2022-01-09 16:23:07,803] [INFO] [MyS7Client.send_receive_my_packet] -> [request]34: 0300002102f080320700002300000800080001120411440100ff090004001c0000
[2022-01-09 16:23:07,804] [INFO] [MyS7Client.send_receive_my_packet] -> [Connect responde]0300002102f080320700002300000c000400011208128401010000d4010a000000
[2022-01-09 16:23:08,019] [INFO] [MyS7Client.send_receive_my_packet] -> [request]35: 0300002102f080320700002400000800080001120411440100ff090004001c0000
[2022-01-09 16:23:08,020] [INFO] [MyS7Client.send_receive_my_packet] -> [Connect responde]0300002102f080320700002400000c000400011208128401010000d4010a000000
[2022-01-09 16:23:08,234] [INFO] [MyS7Client.send_receive_my_packet] -> [request]36: 0300002102f080320700002500000800080001120411440100ff090004001c0000
[2022-01-09 16:23:08,235] [INFO] [MyS7Client.send_receive_my_packet] -> [Connect responde]0300002102f080320700002500000c000400011208128401010000d4010a000000
[2022-01-09 16:23:08,457] [INFO] [MyS7Client.send_receive_my_packet] -> [request]37: 0300002102f080320700002600000800080001120411440100ff090004001c0000
[2022-01-09 16:23:08,458] [INFO] [MyS7Client.send_receive_my_packet] -> [Connect responde]0300002102f080320700002600000c000400011208128401010000d4010a000000
[2022-01-09 16:23:08,677] [INFO] [MyS7Client.send_receive_my_packet] -> [request]38: 0300002102f080320700002700000800080001120411440100ff090004001c0000
[2022-01-09 16:23:08,678] [INFO] [MyS7Client.send_receive_my_packet] -> [Connect responde]0300002102f080320700002700000c000400011208128401010000d4010a000000
[2022-01-09 16:23:08,908] [INFO] [MyS7Client.send_receive_my_packet] -> [request]39: 0300002102f080320700002800000800080001120411440100ff090004001c0000
[2022-01-09 16:23:08,909] [INFO] [MyS7Client.send_receive_my_packet] -> [Connect responde]0300002102f080320700002800000c000400011208128401010000d4010a000000
[2022-01-09 16:23:09,497] [INFO] [MyS7Client.send_receive_my_packet] -> [request]40: 0300002102f080320700002900000800080001120411440100ff090004001c0000
[2022-01-09 16:23:09,498] [INFO] [MyS7Client.send_receive_my_packet] -> [Connect responde]0300002102f080320700002900000c000400011208128401010000d4010a000000
[2022-01-09 16:23:10,097] [INFO] [MyS7Client.send_receive_my_packet] -> [request]41: 0300002102f080320700002a00000800080001120411440100ff090004001c0000
[2022-01-09 16:23:10,098] [INFO] [MyS7Client.send_receive_my_packet] -> [Connect responde]0300002102f080320700002a00000c000400011208128401010000d4010a000000
[2022-01-09 16:23:10,318] [INFO] [MyS7Client.send_receive_my_packet] -> [request]42: 0300002102f080320700002b00000800080001120411440100ff090004001c0000
[2022-01-09 16:23:10,319] [INFO] [MyS7Client.send_receive_my_packet] -> [Connect responde]0300002102f080320700002b00000c000400011208128401010000d4010a000000
[2022-01-09 16:23:10,559] [INFO] [MyS7Client.send_receive_my_packet] -> [request]43: 0300002102f080320700002c00000800080001120411440100ff090004001c0000
[2022-01-09 16:23:10,559] [INFO] [MyS7Client.send_receive_my_packet] -> [Connect responde]0300002102f080320700002c00000c000400011208128401010000d4010a000000
[2022-01-09 16:23:10,780] [INFO] [MyS7Client.send_receive_my_packet] -> [request]44: 0300002102f080320700002d00000800080001120411440100ff090004001c0000
[2022-01-09 16:23:10,780] [INFO] [MyS7Client.send_receive_my_packet] -> [Connect responde]0300002102f080320700002d00000c000400011208128401010000d4010a000000
[2022-01-09 16:23:10,997] [INFO] [MyS7Client.send_receive_my_packet] -> [request]45: 0300002102f080320700002e00000800080001120411440100ff090004001c0000
[2022-01-09 16:23:10,998] [INFO] [MyS7Client.send_receive_my_packet] -> [Connect responde]0300002102f080320700002e00000c000400011208128401010000d4010a000000
[2022-01-09 16:23:11,240] [INFO] [MyS7Client.send_receive_my_packet] -> [request]46: 0300002102f080320700002f00000800080001120411440100ff090004001c0000
[2022-01-09 16:23:11,241] [INFO] [MyS7Client.send_receive_my_packet] -> [Connect responde]0300002102f080320700002f00000c000400011208128401010000d4010a000000
[2022-01-09 16:23:11,455] [INFO] [MyS7Client.send_receive_my_packet] -> [request]47: 0300002102f080320700003000000800080001120411440100ff090004001c0000
[2022-01-09 16:23:11,456] [INFO] [MyS7Client.send_receive_my_packet] -> [Connect responde]0300002102f080320700003000000c000400011208128401010000d4010a000000
[2022-01-09 16:23:11,675] [INFO] [MyS7Client.send_receive_my_packet] -> [request]48: 0300002102f080320700003100000800080001120411440100ff090004001c0000
[2022-01-09 16:23:11,676] [INFO] [MyS7Client.send_receive_my_packet] -> [Connect responde]0300002102f080320700003100000c000400011208128401010000d4010a000000
[2022-01-09 16:23:11,892] [INFO] [MyS7Client.send_receive_my_packet] -> [request]49: 0300002102f080320700003200000800080001120411440100ff090004001c0000
[2022-01-09 16:23:11,893] [INFO] [MyS7Client.send_receive_my_packet] -> [Connect responde]0300002102f080320700003200000c000400011208128401010000d4010a000000
[2022-01-09 16:23:12,163] [INFO] [MyS7Client.send_receive_my_packet] -> [request]50: 0300002102f080320700003300000800080001120411440100ff090004001c0000
[2022-01-09 16:23:12,163] [INFO] [MyS7Client.send_receive_my_packet] -> [Connect responde]0300002102f080320700003300000c000400011208128401010000d4010a000000
[2022-01-09 16:23:12,423] [INFO] [MyS7Client.send_receive_my_packet] -> [request]51: 0300002102f080320700003400000800080001120411440100ff090004001c0000
[2022-01-09 16:23:12,423] [INFO] [MyS7Client.send_receive_my_packet] -> [Connect responde]0300002102f080320700003400000c000400011208128401010000d4010a000000
[2022-01-09 16:23:12,646] [INFO] [MyS7Client.send_receive_my_packet] -> [request]52: 0300002102f080320700003500000800080001120411440100ff090004001c0000
[2022-01-09 16:23:12,646] [INFO] [MyS7Client.send_receive_my_packet] -> [Connect responde]0300002102f080320700003500000c000400011208128401010000d4010a000000
[2022-01-09 16:23:12,872] [INFO] [MyS7Client.send_receive_my_packet] -> [request]53: 0300002102f080320700003600000800080001120411440100ff090004001c0000
[2022-01-09 16:23:12,873] [INFO] [MyS7Client.send_receive_my_packet] -> [Connect responde]0300002102f080320700003600000c000400011208128401010000d4010a000000
[2022-01-09 16:23:13,094] [INFO] [MyS7Client.send_receive_my_packet] -> [request]54: 0300002102f080320700003700000800080001120411440100ff090004001c0000
[2022-01-09 16:23:13,095] [INFO] [MyS7Client.send_receive_my_packet] -> [Connect responde]0300002102f080320700003700000c000400011208128401010000d4010a000000
[2022-01-09 16:23:13,332] [INFO] [MyS7Client.send_receive_my_packet] -> [request]55: 0300002102f080320700003800000800080001120411440100ff090004001c0000
[2022-01-09 16:23:13,333] [INFO] [MyS7Client.send_receive_my_packet] -> [Connect responde]0300002102f080320700003800000c000400011208128401010000d4010a000000
[2022-01-09 16:23:13,574] [INFO] [MyS7Client.send_receive_my_packet] -> [request]56: 0300002102f080320700003900000800080001120411440100ff090004001c0000
[2022-01-09 16:23:13,574] [INFO] [MyS7Client.send_receive_my_packet] -> [Connect responde]0300002102f080320700003900000c000400011208128401010000d4010a000000
[2022-01-09 16:23:13,794] [INFO] [MyS7Client.send_receive_my_packet] -> [request]57: 0300002102f080320700003a00000800080001120411440100ff090004001c0000
[2022-01-09 16:23:13,795] [INFO] [MyS7Client.send_receive_my_packet] -> [Connect responde]0300002102f080320700003a00000c000400011208128401010000d4010a000000
[2022-01-09 16:23:14,109] [INFO] [MyS7Client.send_receive_my_packet] -> [request]58: 0300002102f080320700003b00000800080001120411440100ff090004001c0000
[2022-01-09 16:23:14,110] [INFO] [MyS7Client.send_receive_my_packet] -> [Connect responde]0300002102f080320700003b00000c000400011208128401010000d4010a000000
[2022-01-09 16:23:14,326] [INFO] [MyS7Client.send_receive_my_packet] -> [request]59: 0300002102f080320700003c00000800080001120411440100ff090004001c0000
[2022-01-09 16:23:14,327] [INFO] [MyS7Client.send_receive_my_packet] -> [Connect responde]0300002102f080320700003c00000c000400011208128401010000d4010a000000
[2022-01-09 16:23:14,560] [INFO] [MyS7Client.send_receive_my_packet] -> [request]60: 0300002102f080320700003d00000800080001120411440100ff090004001c0000
[2022-01-09 16:23:14,561] [INFO] [MyS7Client.send_receive_my_packet] -> [Connect responde]0300002102f080320700003d00000c000400011208128401010000d4010a000000
[2022-01-09 16:23:14,782] [INFO] [MyS7Client.send_receive_my_packet] -> [request]61: 0300002102f080320700003e00000800080001120411440100ff090004001c0000
[2022-01-09 16:23:14,784] [INFO] [MyS7Client.send_receive_my_packet] -> [Connect responde]0300002102f080320700003e00000c000400011208128401010000d4010a000000
[2022-01-09 16:23:15,002] [INFO] [MyS7Client.send_receive_my_packet] -> [request]62: 0300002102f080320700003f00000800080001120411440100ff090004001c0000
[2022-01-09 16:23:15,002] [INFO] [MyS7Client.send_receive_my_packet] -> [Connect responde]0300002102f080320700003f00000c000400011208128401010000d4010a000000
[2022-01-09 16:23:15,277] [INFO] [MyS7Client.send_receive_my_packet] -> [request]63: 0300002102f080320700004000000800080001120411440100ff090004001c0000
[2022-01-09 16:23:15,277] [INFO] [MyS7Client.send_receive_my_packet] -> [Connect responde]0300002102f080320700004000000c000400011208128401010000d4010a000000
[2022-01-09 16:23:15,500] [INFO] [MyS7Client.send_receive_my_packet] -> [request]64: 0300002102f080320700004100000800080001120411440100ff090004001c0000
[2022-01-09 16:23:15,501] [INFO] [MyS7Client.send_receive_my_packet] -> [Connect responde]0300002102f080320700004100000c000400011208128401010000d4010a000000
[2022-01-09 16:23:15,724] [INFO] [MyS7Client.send_receive_my_packet] -> [request]65: 0300002102f080320700004200000800080001120411440100ff090004001c0000
[2022-01-09 16:23:15,724] [INFO] [MyS7Client.send_receive_my_packet] -> [Connect responde]0300002102f080320700004200000c000400011208128401010000d4010a000000
[2022-01-09 16:23:16,006] [INFO] [MyS7Client.send_receive_my_packet] -> [request]66: 0300002102f080320700004300000800080001120411440100ff090004001c0000
[2022-01-09 16:23:16,007] [INFO] [MyS7Client.send_receive_my_packet] -> [Connect responde]0300002102f080320700004300000c000400011208128401010000d4010a000000
[2022-01-09 16:23:16,223] [INFO] [MyS7Client.send_receive_my_packet] -> [request]67: 0300002102f080320700004400000800080001120411440100ff090004001c0000
[2022-01-09 16:23:16,224] [INFO] [MyS7Client.send_receive_my_packet] -> [Connect responde]0300002102f080320700004400000c000400011208128401010000d4010a000000
[2022-01-09 16:23:16,491] [INFO] [MyS7Client.send_receive_my_packet] -> [request]68: 0300002102f080320700004500000800080001120411440100ff090004001c0000
[2022-01-09 16:23:16,491] [INFO] [MyS7Client.send_receive_my_packet] -> [Connect responde]0300002102f080320700004500000c000400011208128401010000d4010a000000
[2022-01-09 16:23:16,720] [INFO] [MyS7Client.send_receive_my_packet] -> [request]69: 0300002102f080320700004600000800080001120411440100ff090004001c0000
[2022-01-09 16:23:16,721] [INFO] [MyS7Client.send_receive_my_packet] -> [Connect responde]0300002102f080320700004600000c000400011208128401010000d4010a000000
[2022-01-09 16:23:16,973] [INFO] [MyS7Client.send_receive_my_packet] -> [request]70: 0300002102f080320700004700000800080001120411440100ff090004001c0000
[2022-01-09 16:23:16,974] [INFO] [MyS7Client.send_receive_my_packet] -> [Connect responde]0300002102f080320700004700000c000400011208128401010000d4010a000000
[2022-01-09 16:23:17,187] [INFO] [MyS7Client.send_receive_my_packet] -> [request]71: 0300002102f080320700004800000800080001120411440100ff090004001c0000
[2022-01-09 16:23:17,187] [INFO] [MyS7Client.send_receive_my_packet] -> [Connect responde]0300002102f080320700004800000c000400011208128401010000d4010a000000
[2022-01-09 16:23:17,429] [INFO] [MyS7Client.send_receive_my_packet] -> [request]72: 0300002102f080320700004900000800080001120411440100ff090004001c0000
[2022-01-09 16:23:17,430] [INFO] [MyS7Client.send_receive_my_packet] -> [Connect responde]0300002102f080320700004900000c000400011208128401010000d4010a000000
[2022-01-09 16:23:17,697] [INFO] [MyS7Client.send_receive_my_packet] -> [request]73: 0300002102f080320700004a00000800080001120411440100ff090004001c0000
[2022-01-09 16:23:17,697] [INFO] [MyS7Client.send_receive_my_packet] -> [Connect responde]0300002102f080320700004a00000c000400011208128401010000d4010a000000
[2022-01-09 16:23:17,914] [INFO] [MyS7Client.send_receive_my_packet] -> [request]74: 0300002102f080320700004b00000800080001120411440100ff090004001c0000
[2022-01-09 16:23:17,915] [INFO] [MyS7Client.send_receive_my_packet] -> [Connect responde]0300002102f080320700004b00000c000400011208128401010000d4010a000000
[2022-01-09 16:23:18,135] [INFO] [MyS7Client.send_receive_my_packet] -> [request]75: 0300002102f080320700004c00000800080001120411440100ff090004001c0000
[2022-01-09 16:23:18,136] [INFO] [MyS7Client.send_receive_my_packet] -> [Connect responde]0300002102f080320700004c00000c000400011208128401010000d4010a000000
[2022-01-09 16:23:18,349] [INFO] [MyS7Client.send_receive_my_packet] -> [request]76: 0300002102f080320700004d00000800080001120411440100ff090004001c0000
[2022-01-09 16:23:18,350] [INFO] [MyS7Client.send_receive_my_packet] -> [Connect responde]0300002102f080320700004d00000c000400011208128401010000d4010a000000
[2022-01-09 16:23:18,568] [INFO] [MyS7Client.send_receive_my_packet] -> [request]77: 0300002102f080320700004e00000800080001120411440100ff090004001c0000
[2022-01-09 16:23:18,569] [INFO] [MyS7Client.send_receive_my_packet] -> [Connect responde]0300002102f080320700004e00000c000400011208128401010000d4010a000000
[2022-01-09 16:23:18,786] [INFO] [MyS7Client.send_receive_my_packet] -> [request]78: 0300002102f080320700004f00000800080001120411440100ff090004001c0000
[2022-01-09 16:23:18,787] [INFO] [MyS7Client.send_receive_my_packet] -> [Connect responde]0300002102f080320700004f00000c000400011208128401010000d4010a000000
[2022-01-09 16:23:19,008] [INFO] [MyS7Client.send_receive_my_packet] -> [request]79: 0300002102f080320700005000000800080001120411440100ff090004001c0000
[2022-01-09 16:23:19,009] [INFO] [MyS7Client.send_receive_my_packet] -> [Connect responde]0300002102f080320700005000000c000400011208128401010000d4010a000000
[2022-01-09 16:23:19,267] [INFO] [MyS7Client.send_receive_my_packet] -> [request]80: 0300002102f080320700005100000800080001120411440100ff090004001c0000
[2022-01-09 16:23:19,268] [INFO] [MyS7Client.send_receive_my_packet] -> [Connect responde]0300002102f080320700005100000c000400011208128401010000d4010a000000
[2022-01-09 16:23:19,493] [INFO] [MyS7Client.send_receive_my_packet] -> [request]81: 0300002102f080320700005200000800080001120411440100ff090004001c0000
[2022-01-09 16:23:19,494] [INFO] [MyS7Client.send_receive_my_packet] -> [Connect responde]0300002102f080320700005200000c000400011208128401010000d4010a000000
[2022-01-09 16:23:19,753] [INFO] [MyS7Client.send_receive_my_packet] -> [request]82: 0300001f02f080320100005300000e00000401120a10010003000083000001
[2022-01-09 16:23:19,753] [INFO] [MyS7Client.send_receive_my_packet] -> [Connect responde]0300001a02f0803203000053000002000500000401ff03000100
[2022-01-09 16:23:20,458] [INFO] [MyS7Client.send_receive_my_packet] -> [request]83: 0300002102f080320700005400000800080001120411440100ff090004001c0000
[2022-01-09 16:23:20,459] [INFO] [MyS7Client.send_receive_my_packet] -> [Connect responde]0300002102f080320700005400000c000400011208128401010000d4010a000000
[2022-01-09 16:23:20,671] [INFO] [MyS7Client.send_receive_my_packet] -> [request]84: 0300002102f080320700005500000800080001120411440100ff090004001c0000
[2022-01-09 16:23:20,672] [INFO] [MyS7Client.send_receive_my_packet] -> [Connect responde]0300002102f080320700005500000c000400011208128401010000d4010a000000
[2022-01-09 16:23:20,889] [INFO] [MyS7Client.send_receive_my_packet] -> [request]85: 0300002102f080320700005600000800080001120411440100ff090004001c0000
[2022-01-09 16:23:20,890] [INFO] [MyS7Client.send_receive_my_packet] -> [Connect responde]0300002102f080320700005600000c000400011208128401010000d4010a000000
[2022-01-09 16:23:21,103] [INFO] [MyS7Client.send_receive_my_packet] -> [request]86: 0300002102f080320700005700000800080001120411440100ff090004001c0000
[2022-01-09 16:23:21,103] [INFO] [MyS7Client.send_receive_my_packet] -> [Connect responde]0300002102f080320700005700000c000400011208128401010000d4010a000000
[2022-01-09 16:23:21,322] [INFO] [MyS7Client.send_receive_my_packet] -> [request]87: 0300002102f080320700005800000800080001120411440100ff090004001c0000
[2022-01-09 16:23:21,322] [INFO] [MyS7Client.send_receive_my_packet] -> [Connect responde]0300002102f080320700005800000c000400011208128401010000d4010a000000
[2022-01-09 16:23:23,527] [INFO] [MyS7Client.send_receive_my_packet] -> [request]88: 0300002102f080320700005900000800080001120411440100ff090004001c0000
[2022-01-09 16:23:25,733] [INFO] [MyS7Client.send_receive_my_packet] -> [request]89: 0300002102f080320700005a00000800080001120411440100ff090004001c0000
[2022-01-09 16:23:27,939] [INFO] [MyS7Client.send_receive_my_packet] -> [request]90: 0300002102f080320700005b00000800080001120411440100ff090004001c0000
[2022-01-09 16:23:30,147] [INFO] [MyS7Client.send_receive_my_packet] -> [request]91: 0300002102f080320700005c00000800080001120411440100ff090004001c0000
[2022-01-09 16:23:32,354] [INFO] [MyS7Client.send_receive_my_packet] -> [request]92: 0300002102f080320700005d00000800080001120411440100ff090004001c0000
[2022-01-09 16:23:34,560] [INFO] [MyS7Client.send_receive_my_packet] -> [request]93: 0300002102f080320700005e00000800080001120411440100ff090004001c0000
[2022-01-09 16:23:36,767] [INFO] [MyS7Client.send_receive_my_packet] -> [request]94: 0300002102f080320700005f00000800080001120411440100ff090004001c0000
[2022-01-09 16:23:38,974] [INFO] [MyS7Client.send_receive_my_packet] -> [request]95: 0300002102f080320700006000000800080001120411440100ff090004001c0000
[2022-01-09 16:23:41,178] [INFO] [MyS7Client.send_receive_my_packet] -> [request]96: 0300002102f080320700006100000800080001120411440100ff090004001c0000
[2022-01-09 16:23:43,120] [INFO] [MyS7Client.send_receive_my_packet] -> [request]97: 0300002102f080320700006200000800080001120411440100ff090004001c0000
[2022-01-09 16:23:43,325] [ERROR] [MyS7Client.send_receive_my_packet] -> file descriptor cannot be a negative integer (-1)
[2022-01-09 16:23:43,530] [ERROR] [MyS7Client.send_receive_my_packet] -> file descriptor cannot be a negative integer (-1)
[2022-01-09 16:23:43,734] [ERROR] [MyS7Client.send_receive_my_packet] -> file descriptor cannot be a negative integer (-1)
[2022-01-09 16:23:43,938] [ERROR] [MyS7Client.send_receive_my_packet] -> file descriptor cannot be a negative integer (-1)
[2022-01-09 16:23:44,142] [ERROR] [MyS7Client.send_receive_my_packet] -> file descriptor cannot be a negative integer (-1)
[2022-01-09 16:23:44,346] [ERROR] [MyS7Client.send_receive_my_packet] -> file descriptor cannot be a negative integer (-1)
[2022-01-09 16:23:44,552] [ERROR] [MyS7Client.send_receive_my_packet] -> file descriptor cannot be a negative integer (-1)
[2022-01-09 16:23:44,756] [ERROR] [MyS7Client.send_receive_my_packet] -> file descriptor cannot be a negative integer (-1)
[2022-01-09 16:23:44,961] [ERROR] [MyS7Client.send_receive_my_packet] -> file descriptor cannot be a negative integer (-1)
[2022-01-09 16:23:45,164] [ERROR] [MyS7Client.send_receive_my_packet] -> file descriptor cannot be a negative integer (-1)
[2022-01-09 16:23:45,371] [ERROR] [MyS7Client.send_receive_my_packet] -> file descriptor cannot be a negative integer (-1)
[2022-01-09 16:23:45,576] [ERROR] [MyS7Client.send_receive_my_packet] -> file descriptor cannot be a negative integer (-1)
[2022-01-09 16:23:45,781] [ERROR] [MyS7Client.send_receive_my_packet] -> file descriptor cannot be a negative integer (-1)
[2022-01-09 16:23:45,987] [ERROR] [MyS7Client.send_receive_my_packet] -> file descriptor cannot be a negative integer (-1)
[2022-01-09 16:23:46,191] [ERROR] [MyS7Client.send_receive_my_packet] -> file descriptor cannot be a negative integer (-1)
[2022-01-09 16:23:46,393] [ERROR] [MyS7Client.send_receive_my_packet] -> file descriptor cannot be a negative integer (-1)
[2022-01-09 16:23:46,598] [ERROR] [MyS7Client.send_receive_my_packet] -> file descriptor cannot be a negative integer (-1)
