[2021-11-22 18:53:04,885] [INFO] [MyS7Client.crushListen] -> start listen arp
[2021-11-22 18:53:04,885] [INFO] [valition.<module>] -> Will send 1000 packets, the crush packet is 38
[2021-11-22 18:53:04,885] [INFO] [MyS7Client.connect] -> Start connect PLC
[2021-11-22 18:53:05,064] [INFO] [MyS7Client.findArpPacket] -> passive detected a probable crush e0dca0439b86e0e1a91549c508060001080006040002e0e1a91549c5c0a80189e0dca0439b86c0a801bc
[2021-11-22 18:53:05,170] [INFO] [MyS7Client.send_receive_s7_packet] -> [Connect request]0300001902f08032010000010000080000f000000a000a00f0
[2021-11-22 18:53:05,172] [INFO] [MyS7Client.send_receive_s7_packet] -> [Connect responde]0300001b02f080320300000100000800000000f0000003000300f0
[2021-11-22 18:53:05,179] [INFO] [MyS7Client.send_s7_packet] -> [request]0300002102f080320700000200000800080001120411440100ff090004001c0000
[2021-11-22 18:53:05,382] [INFO] [MyS7Client.send_s7_packet] -> [request]0300002102f080320700000300000800080001120411440100ff090004001c0000
[2021-11-22 18:53:05,585] [INFO] [MyS7Client.send_s7_packet] -> [request]0300002102f080320700000400000800080001120411440100ff090004001c0000
[2021-11-22 18:53:05,790] [INFO] [MyS7Client.send_s7_packet] -> [request]0300002102f080320700000500000800080001120411440100ff090004001c0000
[2021-11-22 18:53:05,995] [INFO] [MyS7Client.send_s7_packet] -> [request]0300002102f080320700000600000800080001120411440100ff090004001c0000
[2021-11-22 18:53:06,199] [INFO] [MyS7Client.send_s7_packet] -> [request]0300002102f080320700000700000800080001120411440100ff090004001c0000
[2021-11-22 18:53:06,403] [INFO] [MyS7Client.send_s7_packet] -> [request]0300002102f080320700000800000800080001120411440100ff090004001c0000
[2021-11-22 18:53:06,608] [INFO] [MyS7Client.send_s7_packet] -> [request]0300002102f080320700000900000800080001120411440100ff090004001c0000
[2021-11-22 18:53:06,815] [INFO] [MyS7Client.send_s7_packet] -> [request]0300002102f080320700000a00000800080001120411440100ff090004001c0000
[2021-11-22 18:53:07,019] [INFO] [MyS7Client.send_s7_packet] -> [request]0300002102f080320700000b00000800080001120411440100ff090004001c0000
[2021-11-22 18:53:07,225] [INFO] [MyS7Client.send_s7_packet] -> [request]0300002102f080320700000c00000800080001120411440100ff090004001c0000
[2021-11-22 18:53:07,427] [INFO] [MyS7Client.send_s7_packet] -> [request]0300002102f080320700000d00000800080001120411440100ff090004001c0000
[2021-11-22 18:53:07,630] [INFO] [MyS7Client.send_s7_packet] -> [request]0300002102f080320700000e00000800080001120411440100ff090004001c0000
[2021-11-22 18:53:07,834] [INFO] [MyS7Client.send_s7_packet] -> [request]0300002102f080320700000f00000800080001120411440100ff090004001c0000
[2021-11-22 18:53:08,050] [INFO] [MyS7Client.send_s7_packet] -> [request]0300002102f080320700001000000800080001120411440100ff090004001c0000
[2021-11-22 18:53:08,256] [INFO] [MyS7Client.send_s7_packet] -> [request]0300002102f080320700001100000800080001120411440100ff090004001c0000
[2021-11-22 18:53:08,472] [INFO] [MyS7Client.send_s7_packet] -> [request]0300002102f080320700001200000800080001120411440100ff090004001c0000
[2021-11-22 18:53:08,681] [INFO] [MyS7Client.send_s7_packet] -> [request]0300002102f080320700001300000800080001120411440100ff090004001c0000
[2021-11-22 18:53:08,886] [INFO] [MyS7Client.send_s7_packet] -> [request]0300002102f080320700001400000800080001120411440100ff090004001c0000
[2021-11-22 18:53:09,088] [INFO] [MyS7Client.send_s7_packet] -> [request]0300002102f080320700001500000800080001120411440100ff090004001c0000
[2021-11-22 18:53:09,304] [INFO] [MyS7Client.send_s7_packet] -> [request]0300002102f080320700001600000800080001120411440100ff090004001c0000
[2021-11-22 18:53:09,507] [INFO] [MyS7Client.send_s7_packet] -> [request]0300002102f080320700001700000800080001120411440100ff090004001c0000
[2021-11-22 18:53:09,709] [INFO] [MyS7Client.send_s7_packet] -> [request]0300002102f080320700001800000800080001120411440100ff090004001c0000
[2021-11-22 18:53:09,926] [INFO] [MyS7Client.send_s7_packet] -> [request]0300002102f080320700001900000800080001120411440100ff090004001c0000
[2021-11-22 18:53:10,143] [INFO] [MyS7Client.send_s7_packet] -> [request]0300002102f080320700001a00000800080001120411440100ff090004001c0000
[2021-11-22 18:53:10,348] [INFO] [MyS7Client.send_s7_packet] -> [request]0300002102f080320700001b00000800080001120411440100ff090004001c0000
[2021-11-22 18:53:10,551] [INFO] [MyS7Client.send_s7_packet] -> [request]0300002102f080320700001c00000800080001120411440100ff090004001c0000
[2021-11-22 18:53:10,759] [INFO] [MyS7Client.send_s7_packet] -> [request]0300002102f080320700001d00000800080001120411440100ff090004001c0000
[2021-11-22 18:53:10,966] [INFO] [MyS7Client.send_s7_packet] -> [request]0300002102f080320700001e00000800080001120411440100ff090004001c0000
[2021-11-22 18:53:11,171] [INFO] [MyS7Client.send_s7_packet] -> [request]0300002102f080320700001f00000800080001120411440100ff090004001c0000
[2021-11-22 18:53:11,389] [INFO] [MyS7Client.send_s7_packet] -> [request]0300002102f080320700002000000800080001120411440100ff090004001c0000
[2021-11-22 18:53:11,592] [INFO] [MyS7Client.send_s7_packet] -> [request]0300002102f080320700002100000800080001120411440100ff090004001c0000
[2021-11-22 18:53:11,796] [INFO] [MyS7Client.send_s7_packet] -> [request]0300002102f080320700002200000800080001120411440100ff090004001c0000
[2021-11-22 18:53:11,999] [INFO] [MyS7Client.send_s7_packet] -> [request]0300002102f080320700002300000800080001120411440100ff090004001c0000
[2021-11-22 18:53:12,207] [INFO] [MyS7Client.send_s7_packet] -> [request]0300002102f080320700002400000800080001120411440100ff090004001c0000
[2021-11-22 18:53:12,412] [INFO] [MyS7Client.send_s7_packet] -> [request]0300002102f080320700002500000800080001120411440100ff090004001c0000
[2021-11-22 18:53:12,618] [INFO] [MyS7Client.send_s7_packet] -> [request]0300002102f080320700002600000800080001120411440100ff090004001c0000
[2021-11-22 18:53:12,819] [INFO] [MyS7Client.send_s7_packet] -> [request]0300002102f080320700002700000800080001120411440100ff090004001c0000
[2021-11-22 18:53:13,393] [INFO] [MyS7Client.send_s7_packet] -> Send the crush packet
[2021-11-22 18:53:13,395] [INFO] [MyS7Client.send_s7_packet] -> [request]0300001f02f080320100002800000e00000401120a10010003000083000001
[2021-11-22 18:53:13,598] [INFO] [MyS7Client.send_s7_packet] -> [request]0300002102f080320700002900000800080001120411440100ff090004001c0000
[2021-11-22 18:53:13,802] [INFO] [MyS7Client.send_s7_packet] -> [request]0300002102f080320700002a00000800080001120411440100ff090004001c0000
[2021-11-22 18:53:14,007] [INFO] [MyS7Client.send_s7_packet] -> [request]0300002102f080320700002b00000800080001120411440100ff090004001c0000
[2021-11-22 18:53:14,209] [INFO] [MyS7Client.send_s7_packet] -> [request]0300002102f080320700002c00000800080001120411440100ff090004001c0000
[2021-11-22 18:53:14,415] [INFO] [MyS7Client.send_s7_packet] -> [request]0300002102f080320700002d00000800080001120411440100ff090004001c0000
[2021-11-22 18:53:14,620] [INFO] [MyS7Client.send_s7_packet] -> [request]0300002102f080320700002e00000800080001120411440100ff090004001c0000
[2021-11-22 18:53:14,838] [INFO] [MyS7Client.send_s7_packet] -> [request]0300002102f080320700002f00000800080001120411440100ff090004001c0000
[2021-11-22 18:53:15,043] [INFO] [MyS7Client.send_s7_packet] -> [request]0300002102f080320700003000000800080001120411440100ff090004001c0000
[2021-11-22 18:53:15,247] [INFO] [MyS7Client.send_s7_packet] -> [request]0300002102f080320700003100000800080001120411440100ff090004001c0000
[2021-11-22 18:53:15,451] [INFO] [MyS7Client.send_s7_packet] -> [request]0300002102f080320700003200000800080001120411440100ff090004001c0000
[2021-11-22 18:53:15,655] [INFO] [MyS7Client.send_s7_packet] -> [request]0300002102f080320700003300000800080001120411440100ff090004001c0000
[2021-11-22 18:53:15,861] [INFO] [MyS7Client.send_s7_packet] -> [request]0300002102f080320700003400000800080001120411440100ff090004001c0000
[2021-11-22 18:53:16,067] [INFO] [MyS7Client.send_s7_packet] -> [request]0300002102f080320700003500000800080001120411440100ff090004001c0000
[2021-11-22 18:53:16,272] [INFO] [MyS7Client.send_s7_packet] -> [request]0300002102f080320700003600000800080001120411440100ff090004001c0000
[2021-11-22 18:53:16,475] [INFO] [MyS7Client.send_s7_packet] -> [request]0300002102f080320700003700000800080001120411440100ff090004001c0000
[2021-11-22 18:53:16,680] [INFO] [MyS7Client.send_s7_packet] -> [request]0300002102f080320700003800000800080001120411440100ff090004001c0000
[2021-11-22 18:53:16,887] [INFO] [MyS7Client.send_s7_packet] -> [request]0300002102f080320700003900000800080001120411440100ff090004001c0000
[2021-11-22 18:53:17,093] [INFO] [MyS7Client.send_s7_packet] -> [request]0300002102f080320700003a00000800080001120411440100ff090004001c0000
[2021-11-22 18:53:17,301] [INFO] [MyS7Client.send_s7_packet] -> [request]0300002102f080320700003b00000800080001120411440100ff090004001c0000
[2021-11-22 18:53:17,507] [INFO] [MyS7Client.send_s7_packet] -> [request]0300002102f080320700003c00000800080001120411440100ff090004001c0000
[2021-11-22 18:53:17,713] [INFO] [MyS7Client.send_s7_packet] -> [request]0300002102f080320700003d00000800080001120411440100ff090004001c0000
[2021-11-22 18:53:17,917] [INFO] [MyS7Client.send_s7_packet] -> [request]0300002102f080320700003e00000800080001120411440100ff090004001c0000
[2021-11-22 18:53:18,123] [INFO] [MyS7Client.send_s7_packet] -> [request]0300002102f080320700003f00000800080001120411440100ff090004001c0000
[2021-11-22 18:53:18,328] [INFO] [MyS7Client.send_s7_packet] -> [request]0300002102f080320700004000000800080001120411440100ff090004001c0000
[2021-11-22 18:53:18,534] [INFO] [MyS7Client.send_s7_packet] -> [request]0300002102f080320700004100000800080001120411440100ff090004001c0000
[2021-11-22 18:53:18,738] [INFO] [MyS7Client.send_s7_packet] -> [request]0300002102f080320700004200000800080001120411440100ff090004001c0000
[2021-11-22 18:53:18,942] [INFO] [MyS7Client.send_s7_packet] -> [request]0300002102f080320700004300000800080001120411440100ff090004001c0000
[2021-11-22 18:53:19,150] [INFO] [MyS7Client.send_s7_packet] -> [request]0300002102f080320700004400000800080001120411440100ff090004001c0000
[2021-11-22 18:53:19,354] [INFO] [MyS7Client.send_s7_packet] -> [request]0300002102f080320700004500000800080001120411440100ff090004001c0000
[2021-11-22 18:53:19,560] [INFO] [MyS7Client.send_s7_packet] -> [request]0300002102f080320700004600000800080001120411440100ff090004001c0000
[2021-11-22 18:53:19,764] [INFO] [MyS7Client.send_s7_packet] -> [request]0300002102f080320700004700000800080001120411440100ff090004001c0000
[2021-11-22 18:53:19,972] [INFO] [MyS7Client.send_s7_packet] -> [request]0300002102f080320700004800000800080001120411440100ff090004001c0000
[2021-11-22 18:53:20,176] [INFO] [MyS7Client.send_s7_packet] -> [request]0300002102f080320700004900000800080001120411440100ff090004001c0000
[2021-11-22 18:53:20,382] [INFO] [MyS7Client.send_s7_packet] -> [request]0300002102f080320700004a00000800080001120411440100ff090004001c0000
[2021-11-22 18:53:20,589] [INFO] [MyS7Client.send_s7_packet] -> [request]0300002102f080320700004b00000800080001120411440100ff090004001c0000
[2021-11-22 18:53:20,793] [INFO] [MyS7Client.send_s7_packet] -> [request]0300002102f080320700004c00000800080001120411440100ff090004001c0000
[2021-11-22 18:53:20,793] [INFO] [MyS7Client.findArpPacket] -> passive detected a probable crush e0dca0439b86e0e1a91549c508060001080006040001e0e1a91549c5c0a80189e0dca0439b86c0a801bc
[2021-11-22 18:53:20,997] [INFO] [MyS7Client.onlinePLC] -> checking whether the PLC is online
[2021-11-22 18:53:23,007] [INFO] [MyS7Client.onlinePLC] -> the PLC is offline
[2021-11-22 18:53:23,007] [INFO] [valition.handleCrush] -> handling crush
[2021-11-22 18:53:23,008] [INFO] [valition.__closePlugin] -> trying to switch off the plugin
[2021-11-22 18:53:23,419] [INFO] [valition.__closePlugin] -> Switch off Plugin success!
[2021-11-22 18:53:25,422] [INFO] [valition.__openPlugin] -> trying to switch on the plugin
[2021-11-22 18:53:25,778] [INFO] [valition.__openPlugin] -> Switch on the Plugin success!
[2021-11-22 18:53:25,779] [INFO] [MyS7Client.onlinePLC] -> checking whether the PLC is online
[2021-11-22 18:53:33,884] [INFO] [MyS7Client.onlinePLC] -> the PLC is online
[2021-11-22 18:53:33,885] [INFO] [BLocate.locate] -> ****************Start binary search crush*************
[2021-11-22 18:53:33,887] [INFO] [BLocate.locate] -> chosenPacket from 0 to 20 ; leftPackets from 20 to 40.
[2021-11-22 18:53:33,889] [INFO] [MyS7Client.connect] -> Close old socket!
[2021-11-22 18:53:33,891] [INFO] [MyS7Client.connect] -> Start connect PLC
[2021-11-22 18:53:34,276] [INFO] [MyS7Client.send_receive_s7_packet] -> [Connect request]0300001902f080320100004d0000080000f000000a000a00f0
[2021-11-22 18:53:34,277] [INFO] [MyS7Client.send_receive_s7_packet] -> [Connect responde]0300001b02f080320300004d00000800000000f0000003000300f0
[2021-11-22 18:53:34,279] [INFO] [MyS7Client.send_s7_packet] -> [request]0300002102f080320700004e00000800080001120411440100ff090004001c0000
[2021-11-22 18:53:34,280] [INFO] [MyS7Client.send_s7_packet] -> [request]0300002102f080320700004f00000800080001120411440100ff090004001c0000
[2021-11-22 18:53:34,282] [INFO] [MyS7Client.send_s7_packet] -> [request]0300002102f080320700005000000800080001120411440100ff090004001c0000
[2021-11-22 18:53:34,557] [INFO] [MyS7Client.send_s7_packet] -> Send the crush packet
[2021-11-22 18:53:34,558] [INFO] [MyS7Client.send_s7_packet] -> [request]0300001f02f080320100005100000e00000401120a10010003000083000001
[2021-11-22 18:53:34,560] [INFO] [MyS7Client.send_s7_packet] -> [request]0300002102f080320700005200000800080001120411440100ff090004001c0000
[2021-11-22 18:53:34,562] [INFO] [MyS7Client.send_s7_packet] -> [request]0300002102f080320700005300000800080001120411440100ff090004001c0000
[2021-11-22 18:53:34,564] [INFO] [MyS7Client.send_s7_packet] -> [request]0300002102f080320700005400000800080001120411440100ff090004001c0000
[2021-11-22 18:53:34,566] [INFO] [MyS7Client.send_s7_packet] -> [request]0300002102f080320700005500000800080001120411440100ff090004001c0000
[2021-11-22 18:53:34,568] [INFO] [MyS7Client.send_s7_packet] -> [request]0300002102f080320700005600000800080001120411440100ff090004001c0000
[2021-11-22 18:53:34,570] [INFO] [MyS7Client.send_s7_packet] -> [request]0300002102f080320700005700000800080001120411440100ff090004001c0000
[2021-11-22 18:53:34,572] [INFO] [MyS7Client.send_s7_packet] -> [request]0300002102f080320700005800000800080001120411440100ff090004001c0000
[2021-11-22 18:53:34,574] [INFO] [MyS7Client.send_s7_packet] -> [request]0300002102f080320700005900000800080001120411440100ff090004001c0000
[2021-11-22 18:53:34,576] [INFO] [MyS7Client.send_s7_packet] -> [request]0300002102f080320700005a00000800080001120411440100ff090004001c0000
[2021-11-22 18:53:34,577] [INFO] [MyS7Client.send_s7_packet] -> [request]0300002102f080320700005b00000800080001120411440100ff090004001c0000
[2021-11-22 18:53:34,579] [INFO] [MyS7Client.send_s7_packet] -> [request]0300002102f080320700005c00000800080001120411440100ff090004001c0000
[2021-11-22 18:53:34,581] [INFO] [MyS7Client.send_s7_packet] -> [request]0300002102f080320700005d00000800080001120411440100ff090004001c0000
[2021-11-22 18:53:34,583] [INFO] [MyS7Client.send_s7_packet] -> [request]0300002102f080320700005e00000800080001120411440100ff090004001c0000
[2021-11-22 18:53:34,584] [INFO] [MyS7Client.send_s7_packet] -> [request]0300002102f080320700005f00000800080001120411440100ff090004001c0000
[2021-11-22 18:53:34,586] [INFO] [MyS7Client.send_s7_packet] -> [request]0300002102f080320700006000000800080001120411440100ff090004001c0000
[2021-11-22 18:53:34,588] [INFO] [MyS7Client.send_s7_packet] -> [request]0300002102f080320700006100000800080001120411440100ff090004001c0000
[2021-11-22 18:53:37,597] [INFO] [MyS7Client.onlinePLC] -> checking whether the PLC is online
[2021-11-22 18:53:39,626] [INFO] [MyS7Client.onlinePLC] -> the PLC is offline
[2021-11-22 18:53:39,626] [INFO] [BLocate.locate] -> find a crush
[2021-11-22 18:53:39,627] [INFO] [valition.handleCrush] -> handling crush
[2021-11-22 18:53:39,627] [INFO] [valition.__closePlugin] -> trying to switch off the plugin
[2021-11-22 18:53:40,073] [INFO] [valition.__closePlugin] -> Switch off Plugin success!
[2021-11-22 18:53:42,085] [INFO] [valition.__openPlugin] -> trying to switch on the plugin
[2021-11-22 18:53:42,521] [INFO] [valition.__openPlugin] -> Switch on the Plugin success!
[2021-11-22 18:53:42,521] [INFO] [MyS7Client.onlinePLC] -> checking whether the PLC is online
[2021-11-22 18:53:50,566] [INFO] [MyS7Client.onlinePLC] -> the PLC is online
[2021-11-22 18:53:50,567] [INFO] [BLocate.locate] -> chosenPacket from 0 to 10 ; leftPackets from 10 to 20.
[2021-11-22 18:53:50,569] [INFO] [MyS7Client.connect] -> Close old socket!
[2021-11-22 18:53:50,571] [INFO] [MyS7Client.connect] -> Start connect PLC
[2021-11-22 18:53:50,897] [INFO] [MyS7Client.send_receive_s7_packet] -> [Connect request]0300001902f08032010000620000080000f000000a000a00f0
[2021-11-22 18:53:50,898] [INFO] [MyS7Client.send_receive_s7_packet] -> [Connect responde]0300001b02f080320300006200000800000000f0000003000300f0
[2021-11-22 18:53:50,900] [INFO] [MyS7Client.send_s7_packet] -> [request]0300002102f080320700006300000800080001120411440100ff090004001c0000
[2021-11-22 18:53:50,901] [INFO] [MyS7Client.send_s7_packet] -> [request]0300002102f080320700006400000800080001120411440100ff090004001c0000
[2021-11-22 18:53:50,903] [INFO] [MyS7Client.send_s7_packet] -> [request]0300002102f080320700006500000800080001120411440100ff090004001c0000
[2021-11-22 18:53:51,246] [INFO] [MyS7Client.send_s7_packet] -> Send the crush packet
[2021-11-22 18:53:51,250] [INFO] [MyS7Client.send_s7_packet] -> [request]0300001f02f080320100006600000e00000401120a10010003000083000001
[2021-11-22 18:53:51,257] [INFO] [MyS7Client.send_s7_packet] -> [request]0300002102f080320700006700000800080001120411440100ff090004001c0000
[2021-11-22 18:53:51,259] [INFO] [MyS7Client.send_s7_packet] -> [request]0300002102f080320700006800000800080001120411440100ff090004001c0000
[2021-11-22 18:53:51,261] [INFO] [MyS7Client.send_s7_packet] -> [request]0300002102f080320700006900000800080001120411440100ff090004001c0000
[2021-11-22 18:53:51,262] [INFO] [MyS7Client.send_s7_packet] -> [request]0300002102f080320700006a00000800080001120411440100ff090004001c0000
[2021-11-22 18:53:51,264] [INFO] [MyS7Client.send_s7_packet] -> [request]0300002102f080320700006b00000800080001120411440100ff090004001c0000
[2021-11-22 18:53:51,266] [INFO] [MyS7Client.send_s7_packet] -> [request]0300002102f080320700006c00000800080001120411440100ff090004001c0000
[2021-11-22 18:53:54,269] [INFO] [MyS7Client.onlinePLC] -> checking whether the PLC is online
[2021-11-22 18:53:56,290] [INFO] [MyS7Client.onlinePLC] -> the PLC is offline
[2021-11-22 18:53:56,290] [INFO] [BLocate.locate] -> find a crush
[2021-11-22 18:53:56,290] [INFO] [valition.handleCrush] -> handling crush
[2021-11-22 18:53:56,291] [INFO] [valition.__closePlugin] -> trying to switch off the plugin
[2021-11-22 18:53:56,752] [INFO] [valition.__closePlugin] -> Switch off Plugin success!
[2021-11-22 18:53:58,760] [INFO] [valition.__openPlugin] -> trying to switch on the plugin
[2021-11-22 18:53:59,214] [INFO] [valition.__openPlugin] -> Switch on the Plugin success!
[2021-11-22 18:53:59,215] [INFO] [MyS7Client.onlinePLC] -> checking whether the PLC is online
[2021-11-22 18:54:07,259] [INFO] [MyS7Client.onlinePLC] -> the PLC is online
[2021-11-22 18:54:07,260] [INFO] [BLocate.locate] -> chosenPacket from 0 to 5 ; leftPackets from 5 to 10.
[2021-11-22 18:54:07,261] [INFO] [MyS7Client.connect] -> Close old socket!
[2021-11-22 18:54:07,261] [INFO] [MyS7Client.connect] -> Start connect PLC
[2021-11-22 18:54:07,357] [INFO] [MyS7Client.send_receive_s7_packet] -> [Connect request]0300001902f080320100006d0000080000f000000a000a00f0
[2021-11-22 18:54:07,359] [INFO] [MyS7Client.send_receive_s7_packet] -> [Connect responde]0300001b02f080320300006d00000800000000f0000003000300f0
[2021-11-22 18:54:07,367] [INFO] [MyS7Client.send_s7_packet] -> [request]0300002102f080320700006e00000800080001120411440100ff090004001c0000
[2021-11-22 18:54:07,373] [INFO] [MyS7Client.send_s7_packet] -> [request]0300002102f080320700006f00000800080001120411440100ff090004001c0000
[2021-11-22 18:54:07,375] [INFO] [MyS7Client.send_s7_packet] -> [request]0300002102f080320700007000000800080001120411440100ff090004001c0000
[2021-11-22 18:54:07,743] [INFO] [MyS7Client.send_s7_packet] -> Send the crush packet
[2021-11-22 18:54:07,743] [INFO] [MyS7Client.send_s7_packet] -> [request]0300001f02f080320100007100000e00000401120a10010003000083000001
[2021-11-22 18:54:07,745] [INFO] [MyS7Client.send_s7_packet] -> [request]0300002102f080320700007200000800080001120411440100ff090004001c0000
[2021-11-22 18:54:10,751] [INFO] [MyS7Client.onlinePLC] -> checking whether the PLC is online
[2021-11-22 18:54:12,778] [INFO] [MyS7Client.onlinePLC] -> the PLC is offline
[2021-11-22 18:54:12,778] [INFO] [BLocate.locate] -> find a crush
[2021-11-22 18:54:12,779] [INFO] [valition.handleCrush] -> handling crush
[2021-11-22 18:54:12,779] [INFO] [valition.__closePlugin] -> trying to switch off the plugin
[2021-11-22 18:54:13,230] [INFO] [valition.__closePlugin] -> Switch off Plugin success!
[2021-11-22 18:54:15,245] [INFO] [valition.__openPlugin] -> trying to switch on the plugin
[2021-11-22 18:54:15,672] [INFO] [valition.__openPlugin] -> Switch on the Plugin success!
[2021-11-22 18:54:15,672] [INFO] [MyS7Client.onlinePLC] -> checking whether the PLC is online
[2021-11-22 18:54:23,755] [INFO] [MyS7Client.onlinePLC] -> the PLC is online
[2021-11-22 18:54:23,757] [INFO] [BLocate.locate] -> chosenPacket from 0 to 2 ; leftPackets from 2 to 5.
[2021-11-22 18:54:23,758] [INFO] [MyS7Client.connect] -> Close old socket!
[2021-11-22 18:54:23,760] [INFO] [MyS7Client.connect] -> Start connect PLC
[2021-11-22 18:54:23,863] [INFO] [MyS7Client.send_receive_s7_packet] -> [Connect request]0300001902f08032010000730000080000f000000a000a00f0
[2021-11-22 18:54:23,864] [INFO] [MyS7Client.send_receive_s7_packet] -> [Connect responde]0300001b02f080320300007300000800000000f0000003000300f0
[2021-11-22 18:54:23,865] [INFO] [MyS7Client.send_s7_packet] -> [request]0300002102f080320700007400000800080001120411440100ff090004001c0000
[2021-11-22 18:54:23,867] [INFO] [MyS7Client.send_s7_packet] -> [request]0300002102f080320700007500000800080001120411440100ff090004001c0000
[2021-11-22 18:54:26,878] [INFO] [MyS7Client.onlinePLC] -> checking whether the PLC is online
[2021-11-22 18:54:26,908] [INFO] [MyS7Client.onlinePLC] -> the PLC is online
[2021-11-22 18:54:26,908] [INFO] [BLocate.locate] -> chosenPacket from 0 to 1 ; leftPackets from 1 to 3.
[2021-11-22 18:54:26,909] [INFO] [MyS7Client.connect] -> Close old socket!
[2021-11-22 18:54:26,910] [INFO] [MyS7Client.connect] -> Start connect PLC
[2021-11-22 18:54:27,055] [INFO] [MyS7Client.send_receive_s7_packet] -> [Connect request]0300001902f08032010000760000080000f000000a000a00f0
[2021-11-22 18:54:27,057] [INFO] [MyS7Client.send_receive_s7_packet] -> [Connect responde]0300001b02f080320300007600000800000000f0000003000300f0
[2021-11-22 18:54:27,061] [INFO] [MyS7Client.send_s7_packet] -> [request]0300002102f080320700007700000800080001120411440100ff090004001c0000
[2021-11-22 18:54:30,075] [INFO] [MyS7Client.onlinePLC] -> checking whether the PLC is online
[2021-11-22 18:54:30,122] [INFO] [MyS7Client.onlinePLC] -> the PLC is online
[2021-11-22 18:54:30,124] [INFO] [BLocate.locate] -> chosenPacket from 0 to 1 ; leftPackets from 1 to 2.
[2021-11-22 18:54:30,124] [INFO] [MyS7Client.connect] -> Close old socket!
[2021-11-22 18:54:30,125] [INFO] [MyS7Client.connect] -> Start connect PLC
[2021-11-22 18:54:30,287] [INFO] [MyS7Client.send_receive_s7_packet] -> [Connect request]0300001902f08032010000780000080000f000000a000a00f0
[2021-11-22 18:54:30,288] [INFO] [MyS7Client.send_receive_s7_packet] -> [Connect responde]0300001b02f080320300007800000800000000f0000003000300f0
[2021-11-22 18:54:30,628] [INFO] [MyS7Client.send_s7_packet] -> Send the crush packet
[2021-11-22 18:54:30,628] [INFO] [MyS7Client.send_s7_packet] -> [request]0300001f02f080320100007900000e00000401120a10010003000083000001
[2021-11-22 18:54:33,634] [INFO] [MyS7Client.onlinePLC] -> checking whether the PLC is online
[2021-11-22 18:54:35,661] [INFO] [MyS7Client.onlinePLC] -> the PLC is offline
[2021-11-22 18:54:35,661] [INFO] [BLocate.locate] -> find a crush
[2021-11-22 18:54:35,662] [INFO] [valition.handleCrush] -> handling crush
[2021-11-22 18:54:35,662] [INFO] [valition.__closePlugin] -> trying to switch off the plugin
[2021-11-22 18:54:36,048] [INFO] [valition.__closePlugin] -> Switch off Plugin success!
[2021-11-22 18:54:38,058] [INFO] [valition.__openPlugin] -> trying to switch on the plugin
[2021-11-22 18:54:38,319] [INFO] [valition.__openPlugin] -> Switch on the Plugin success!
[2021-11-22 18:54:38,321] [INFO] [MyS7Client.onlinePLC] -> checking whether the PLC is online
[2021-11-22 18:54:46,357] [INFO] [MyS7Client.onlinePLC] -> the PLC is online
[2021-11-22 18:54:46,358] [INFO] [BLocate.locate] -> Crush Packet is 0300001f02f080320100007900000e00000401120a10010003000083000001
[2021-11-22 18:54:46,359] [INFO] [valition.<module>] -> The true crush number is 38, the finded crush number is 38
