[2021-11-22 16:36:10,542] [INFO] [MyS7Client.crushListen] -> start listen arp
[2021-11-22 16:36:10,543] [INFO] [valition.<module>] -> Will send 1000 packets, the crush packet is 21
[2021-11-22 16:36:10,543] [INFO] [MyS7Client.connect] -> Start connect PLC
[2021-11-22 16:36:10,712] [INFO] [MyS7Client.send_receive_s7_packet] -> [Connect request]0300001902f08032010000010000080000f000000a000a00f0
[2021-11-22 16:36:10,713] [INFO] [MyS7Client.send_receive_s7_packet] -> [Connect responde]0300001b02f080320300000100000800000000f0000003000300f0
[2021-11-22 16:36:10,715] [INFO] [MyS7Client.send_s7_packet] -> [request]0300002102f080320700000200000800080001120411440100ff090004001c0000
[2021-11-22 16:36:10,825] [INFO] [MyS7Client.send_s7_packet] -> [request]0300002102f080320700000300000800080001120411440100ff090004001c0000
[2021-11-22 16:36:10,935] [INFO] [MyS7Client.send_s7_packet] -> [request]0300002102f080320700000400000800080001120411440100ff090004001c0000
[2021-11-22 16:36:11,042] [INFO] [MyS7Client.send_s7_packet] -> [request]0300002102f080320700000500000800080001120411440100ff090004001c0000
[2021-11-22 16:36:11,152] [INFO] [MyS7Client.send_s7_packet] -> [request]0300002102f080320700000600000800080001120411440100ff090004001c0000
[2021-11-22 16:36:11,261] [INFO] [MyS7Client.send_s7_packet] -> [request]0300002102f080320700000700000800080001120411440100ff090004001c0000
[2021-11-22 16:36:11,370] [INFO] [MyS7Client.send_s7_packet] -> [request]0300002102f080320700000800000800080001120411440100ff090004001c0000
[2021-11-22 16:36:11,482] [INFO] [MyS7Client.send_s7_packet] -> [request]0300002102f080320700000900000800080001120411440100ff090004001c0000
[2021-11-22 16:36:11,594] [INFO] [MyS7Client.send_s7_packet] -> [request]0300002102f080320700000a00000800080001120411440100ff090004001c0000
[2021-11-22 16:36:11,701] [INFO] [MyS7Client.send_s7_packet] -> [request]0300002102f080320700000b00000800080001120411440100ff090004001c0000
[2021-11-22 16:36:11,813] [INFO] [MyS7Client.send_s7_packet] -> [request]0300002102f080320700000c00000800080001120411440100ff090004001c0000
[2021-11-22 16:36:11,925] [INFO] [MyS7Client.send_s7_packet] -> [request]0300002102f080320700000d00000800080001120411440100ff090004001c0000
[2021-11-22 16:36:12,035] [INFO] [MyS7Client.send_s7_packet] -> [request]0300002102f080320700000e00000800080001120411440100ff090004001c0000
[2021-11-22 16:36:12,147] [INFO] [MyS7Client.send_s7_packet] -> [request]0300002102f080320700000f00000800080001120411440100ff090004001c0000
[2021-11-22 16:36:12,256] [INFO] [MyS7Client.send_s7_packet] -> [request]0300002102f080320700001000000800080001120411440100ff090004001c0000
[2021-11-22 16:36:12,366] [INFO] [MyS7Client.send_s7_packet] -> [request]0300002102f080320700001100000800080001120411440100ff090004001c0000
[2021-11-22 16:36:12,473] [INFO] [MyS7Client.send_s7_packet] -> [request]0300002102f080320700001200000800080001120411440100ff090004001c0000
[2021-11-22 16:36:12,584] [INFO] [MyS7Client.send_s7_packet] -> [request]0300002102f080320700001300000800080001120411440100ff090004001c0000
[2021-11-22 16:36:12,694] [INFO] [MyS7Client.send_s7_packet] -> [request]0300002102f080320700001400000800080001120411440100ff090004001c0000
[2021-11-22 16:36:12,805] [INFO] [MyS7Client.send_s7_packet] -> [request]0300002102f080320700001500000800080001120411440100ff090004001c0000
[2021-11-22 16:36:12,917] [INFO] [MyS7Client.send_s7_packet] -> [request]0300002102f080320700001600000800080001120411440100ff090004001c0000
[2021-11-22 16:36:13,387] [INFO] [MyS7Client.send_s7_packet] -> Send the crush packet
[2021-11-22 16:36:13,388] [INFO] [MyS7Client.send_s7_packet] -> [request]0300001f02f080320100001700000e00000401120a10010003000083000001
[2021-11-22 16:36:13,497] [INFO] [MyS7Client.send_s7_packet] -> [request]0300002102f080320700001800000800080001120411440100ff090004001c0000
[2021-11-22 16:36:13,603] [INFO] [MyS7Client.send_s7_packet] -> [request]0300002102f080320700001900000800080001120411440100ff090004001c0000
[2021-11-22 16:36:13,712] [INFO] [MyS7Client.send_s7_packet] -> [request]0300002102f080320700001a00000800080001120411440100ff090004001c0000
[2021-11-22 16:36:13,822] [INFO] [MyS7Client.send_s7_packet] -> [request]0300002102f080320700001b00000800080001120411440100ff090004001c0000
[2021-11-22 16:36:13,933] [INFO] [MyS7Client.send_s7_packet] -> [request]0300002102f080320700001c00000800080001120411440100ff090004001c0000
[2021-11-22 16:36:14,044] [INFO] [MyS7Client.send_s7_packet] -> [request]0300002102f080320700001d00000800080001120411440100ff090004001c0000
[2021-11-22 16:36:14,152] [INFO] [MyS7Client.send_s7_packet] -> [request]0300002102f080320700001e00000800080001120411440100ff090004001c0000
[2021-11-22 16:36:14,262] [INFO] [MyS7Client.send_s7_packet] -> [request]0300002102f080320700001f00000800080001120411440100ff090004001c0000
[2021-11-22 16:36:14,370] [INFO] [MyS7Client.send_s7_packet] -> [request]0300002102f080320700002000000800080001120411440100ff090004001c0000
[2021-11-22 16:36:14,477] [INFO] [MyS7Client.send_s7_packet] -> [request]0300002102f080320700002100000800080001120411440100ff090004001c0000
[2021-11-22 16:36:14,587] [INFO] [MyS7Client.send_s7_packet] -> [request]0300002102f080320700002200000800080001120411440100ff090004001c0000
[2021-11-22 16:36:14,697] [INFO] [MyS7Client.send_s7_packet] -> [request]0300002102f080320700002300000800080001120411440100ff090004001c0000
[2021-11-22 16:36:14,809] [INFO] [MyS7Client.send_s7_packet] -> [request]0300002102f080320700002400000800080001120411440100ff090004001c0000
[2021-11-22 16:36:14,920] [INFO] [MyS7Client.send_s7_packet] -> [request]0300002102f080320700002500000800080001120411440100ff090004001c0000
[2021-11-22 16:36:15,029] [INFO] [MyS7Client.send_s7_packet] -> [request]0300002102f080320700002600000800080001120411440100ff090004001c0000
[2021-11-22 16:36:15,141] [INFO] [MyS7Client.send_s7_packet] -> [request]0300002102f080320700002700000800080001120411440100ff090004001c0000
[2021-11-22 16:36:15,250] [INFO] [MyS7Client.send_s7_packet] -> [request]0300002102f080320700002800000800080001120411440100ff090004001c0000
[2021-11-22 16:36:15,359] [INFO] [MyS7Client.send_s7_packet] -> [request]0300002102f080320700002900000800080001120411440100ff090004001c0000
[2021-11-22 16:36:15,468] [INFO] [MyS7Client.send_s7_packet] -> [request]0300002102f080320700002a00000800080001120411440100ff090004001c0000
[2021-11-22 16:36:15,578] [INFO] [MyS7Client.send_s7_packet] -> [request]0300002102f080320700002b00000800080001120411440100ff090004001c0000
[2021-11-22 16:36:15,688] [INFO] [MyS7Client.send_s7_packet] -> [request]0300002102f080320700002c00000800080001120411440100ff090004001c0000
[2021-11-22 16:36:15,797] [INFO] [MyS7Client.send_s7_packet] -> [request]0300002102f080320700002d00000800080001120411440100ff090004001c0000
[2021-11-22 16:36:15,909] [INFO] [MyS7Client.send_s7_packet] -> [request]0300002102f080320700002e00000800080001120411440100ff090004001c0000
[2021-11-22 16:36:16,019] [INFO] [MyS7Client.send_s7_packet] -> [request]0300002102f080320700002f00000800080001120411440100ff090004001c0000
[2021-11-22 16:36:16,129] [INFO] [MyS7Client.send_s7_packet] -> [request]0300002102f080320700003000000800080001120411440100ff090004001c0000
[2021-11-22 16:36:16,240] [INFO] [MyS7Client.send_s7_packet] -> [request]0300002102f080320700003100000800080001120411440100ff090004001c0000
[2021-11-22 16:36:16,350] [INFO] [MyS7Client.send_s7_packet] -> [request]0300002102f080320700003200000800080001120411440100ff090004001c0000
[2021-11-22 16:36:16,460] [INFO] [MyS7Client.send_s7_packet] -> [request]0300002102f080320700003300000800080001120411440100ff090004001c0000
[2021-11-22 16:36:16,570] [INFO] [MyS7Client.send_s7_packet] -> [request]0300002102f080320700003400000800080001120411440100ff090004001c0000
[2021-11-22 16:36:16,681] [INFO] [MyS7Client.send_s7_packet] -> [request]0300002102f080320700003500000800080001120411440100ff090004001c0000
[2021-11-22 16:36:16,792] [INFO] [MyS7Client.send_s7_packet] -> [request]0300002102f080320700003600000800080001120411440100ff090004001c0000
[2021-11-22 16:36:16,900] [INFO] [MyS7Client.send_s7_packet] -> [request]0300002102f080320700003700000800080001120411440100ff090004001c0000
[2021-11-22 16:36:17,010] [INFO] [MyS7Client.send_s7_packet] -> [request]0300002102f080320700003800000800080001120411440100ff090004001c0000
[2021-11-22 16:36:17,117] [INFO] [MyS7Client.send_s7_packet] -> [request]0300002102f080320700003900000800080001120411440100ff090004001c0000
[2021-11-22 16:36:17,229] [INFO] [MyS7Client.send_s7_packet] -> [request]0300002102f080320700003a00000800080001120411440100ff090004001c0000
[2021-11-22 16:36:17,338] [INFO] [MyS7Client.send_s7_packet] -> [request]0300002102f080320700003b00000800080001120411440100ff090004001c0000
[2021-11-22 16:36:17,448] [INFO] [MyS7Client.send_s7_packet] -> [request]0300002102f080320700003c00000800080001120411440100ff090004001c0000
[2021-11-22 16:36:17,555] [INFO] [MyS7Client.send_s7_packet] -> [request]0300002102f080320700003d00000800080001120411440100ff090004001c0000
[2021-11-22 16:36:17,662] [INFO] [MyS7Client.send_s7_packet] -> [request]0300002102f080320700003e00000800080001120411440100ff090004001c0000
[2021-11-22 16:36:17,772] [INFO] [MyS7Client.send_s7_packet] -> [request]0300002102f080320700003f00000800080001120411440100ff090004001c0000
[2021-11-22 16:36:17,884] [INFO] [MyS7Client.send_s7_packet] -> [request]0300002102f080320700004000000800080001120411440100ff090004001c0000
[2021-11-22 16:36:17,992] [INFO] [MyS7Client.send_s7_packet] -> [request]0300002102f080320700004100000800080001120411440100ff090004001c0000
[2021-11-22 16:36:18,100] [INFO] [MyS7Client.send_s7_packet] -> [request]0300002102f080320700004200000800080001120411440100ff090004001c0000
[2021-11-22 16:36:18,210] [INFO] [MyS7Client.send_s7_packet] -> [request]0300002102f080320700004300000800080001120411440100ff090004001c0000
[2021-11-22 16:36:18,320] [INFO] [MyS7Client.send_s7_packet] -> [request]0300002102f080320700004400000800080001120411440100ff090004001c0000
[2021-11-22 16:36:18,432] [INFO] [MyS7Client.send_s7_packet] -> [request]0300002102f080320700004500000800080001120411440100ff090004001c0000
[2021-11-22 16:36:18,544] [INFO] [MyS7Client.send_s7_packet] -> [request]0300002102f080320700004600000800080001120411440100ff090004001c0000
[2021-11-22 16:36:18,654] [INFO] [MyS7Client.send_s7_packet] -> [request]0300002102f080320700004700000800080001120411440100ff090004001c0000
[2021-11-22 16:36:18,762] [INFO] [MyS7Client.send_s7_packet] -> [request]0300002102f080320700004800000800080001120411440100ff090004001c0000
[2021-11-22 16:36:18,871] [INFO] [MyS7Client.send_s7_packet] -> [request]0300002102f080320700004900000800080001120411440100ff090004001c0000
[2021-11-22 16:36:18,982] [INFO] [MyS7Client.send_s7_packet] -> [request]0300002102f080320700004a00000800080001120411440100ff090004001c0000
[2021-11-22 16:36:19,094] [INFO] [MyS7Client.send_s7_packet] -> [request]0300002102f080320700004b00000800080001120411440100ff090004001c0000
[2021-11-22 16:36:19,205] [INFO] [MyS7Client.send_s7_packet] -> [request]0300002102f080320700004c00000800080001120411440100ff090004001c0000
[2021-11-22 16:36:19,317] [INFO] [MyS7Client.send_s7_packet] -> [request]0300002102f080320700004d00000800080001120411440100ff090004001c0000
[2021-11-22 16:36:19,427] [INFO] [MyS7Client.send_s7_packet] -> [request]0300002102f080320700004e00000800080001120411440100ff090004001c0000
[2021-11-22 16:36:19,538] [INFO] [MyS7Client.send_s7_packet] -> [request]0300002102f080320700004f00000800080001120411440100ff090004001c0000
[2021-11-22 16:36:19,650] [INFO] [MyS7Client.send_s7_packet] -> [request]0300002102f080320700005000000800080001120411440100ff090004001c0000
[2021-11-22 16:36:19,759] [INFO] [MyS7Client.send_s7_packet] -> [request]0300002102f080320700005100000800080001120411440100ff090004001c0000
[2021-11-22 16:36:19,870] [INFO] [MyS7Client.send_s7_packet] -> [request]0300002102f080320700005200000800080001120411440100ff090004001c0000
[2021-11-22 16:36:19,981] [INFO] [MyS7Client.send_s7_packet] -> [request]0300002102f080320700005300000800080001120411440100ff090004001c0000
[2021-11-22 16:36:20,089] [INFO] [MyS7Client.send_s7_packet] -> [request]0300002102f080320700005400000800080001120411440100ff090004001c0000
[2021-11-22 16:36:20,200] [INFO] [MyS7Client.send_s7_packet] -> [request]0300002102f080320700005500000800080001120411440100ff090004001c0000
[2021-11-22 16:36:20,291] [INFO] [MyS7Client.findArpPacket] -> passive detected a probable crush e0dca0439b86e0e1a91549c508060001080006040001e0e1a91549c5c0a80189e0dca0439b86c0a801bc
[2021-11-22 16:36:20,306] [INFO] [MyS7Client.onlinePLC] -> checking whether the PLC is online
[2021-11-22 16:36:22,334] [INFO] [MyS7Client.onlinePLC] -> the PLC is offline
[2021-11-22 16:36:22,335] [INFO] [valition.handleCrush] -> handling crush
[2021-11-22 16:36:22,335] [INFO] [valition.__closePlugin] -> trying to switch off the plugin
[2021-11-22 16:36:27,981] [INFO] [valition.__closePlugin] -> Switch off Plugin success!
[2021-11-22 16:36:29,983] [INFO] [valition.__openPlugin] -> trying to switch on the plugin
[2021-11-22 16:36:30,224] [INFO] [valition.__openPlugin] -> Switch on the Plugin success!
[2021-11-22 16:36:30,224] [INFO] [MyS7Client.onlinePLC] -> checking whether the PLC is online
[2021-11-22 16:36:38,261] [INFO] [MyS7Client.onlinePLC] -> the PLC is online
[2021-11-22 16:36:38,261] [INFO] [BLocate.locate] -> Start binary search crush
[2021-11-22 16:36:38,262] [INFO] [BLocate.locate] -> chosenPacket from 0 to 20 ; leftPackets from 20 to 40.
[2021-11-22 16:36:38,263] [INFO] [MyS7Client.connect] -> Close old socket!
[2021-11-22 16:36:38,264] [INFO] [MyS7Client.connect] -> Start connect PLC
[2021-11-22 16:36:39,296] [INFO] [MyS7Client.send_receive_s7_packet] -> [Connect request]0300001902f08032010000560000080000f000000a000a00f0
[2021-11-22 16:36:39,298] [INFO] [MyS7Client.send_receive_s7_packet] -> [Connect responde]0300001b02f080320300005600000800000000f0000003000300f0
[2021-11-22 16:36:39,306] [INFO] [MyS7Client.send_s7_packet] -> [request]0300002102f080320700005700000800080001120411440100ff090004001c0000
[2021-11-22 16:36:39,312] [INFO] [MyS7Client.send_s7_packet] -> [request]0300002102f080320700005800000800080001120411440100ff090004001c0000
[2021-11-22 16:36:39,319] [INFO] [MyS7Client.send_s7_packet] -> [request]0300002102f080320700005900000800080001120411440100ff090004001c0000
[2021-11-22 16:36:39,323] [INFO] [MyS7Client.send_s7_packet] -> [request]0300002102f080320700005a00000800080001120411440100ff090004001c0000
[2021-11-22 16:36:39,327] [INFO] [MyS7Client.send_s7_packet] -> [request]0300002102f080320700005b00000800080001120411440100ff090004001c0000
[2021-11-22 16:36:39,330] [INFO] [MyS7Client.send_s7_packet] -> [request]0300002102f080320700005c00000800080001120411440100ff090004001c0000
[2021-11-22 16:36:39,333] [INFO] [MyS7Client.send_s7_packet] -> [request]0300002102f080320700005d00000800080001120411440100ff090004001c0000
[2021-11-22 16:36:39,336] [INFO] [MyS7Client.send_s7_packet] -> [request]0300002102f080320700005e00000800080001120411440100ff090004001c0000
[2021-11-22 16:36:39,338] [INFO] [MyS7Client.send_s7_packet] -> [request]0300002102f080320700005f00000800080001120411440100ff090004001c0000
[2021-11-22 16:36:39,341] [INFO] [MyS7Client.send_s7_packet] -> [request]0300002102f080320700006000000800080001120411440100ff090004001c0000
[2021-11-22 16:36:39,343] [INFO] [MyS7Client.send_s7_packet] -> [request]0300002102f080320700006100000800080001120411440100ff090004001c0000
[2021-11-22 16:36:39,345] [INFO] [MyS7Client.send_s7_packet] -> [request]0300002102f080320700006200000800080001120411440100ff090004001c0000
[2021-11-22 16:36:39,348] [INFO] [MyS7Client.send_s7_packet] -> [request]0300002102f080320700006300000800080001120411440100ff090004001c0000
[2021-11-22 16:36:39,350] [INFO] [MyS7Client.send_s7_packet] -> [request]0300002102f080320700006400000800080001120411440100ff090004001c0000
[2021-11-22 16:36:39,351] [INFO] [MyS7Client.send_s7_packet] -> [request]0300002102f080320700006500000800080001120411440100ff090004001c0000
[2021-11-22 16:36:39,353] [INFO] [MyS7Client.send_s7_packet] -> [request]0300002102f080320700006600000800080001120411440100ff090004001c0000
[2021-11-22 16:36:39,355] [INFO] [MyS7Client.send_s7_packet] -> [request]0300002102f080320700006700000800080001120411440100ff090004001c0000
[2021-11-22 16:36:39,356] [INFO] [MyS7Client.send_s7_packet] -> [request]0300002102f080320700006800000800080001120411440100ff090004001c0000
[2021-11-22 16:36:39,358] [INFO] [MyS7Client.send_s7_packet] -> [request]0300002102f080320700006900000800080001120411440100ff090004001c0000
[2021-11-22 16:36:39,359] [INFO] [MyS7Client.send_s7_packet] -> [request]0300002102f080320700006a00000800080001120411440100ff090004001c0000
[2021-11-22 16:36:42,364] [INFO] [MyS7Client.onlinePLC] -> checking whether the PLC is online
[2021-11-22 16:36:42,371] [INFO] [MyS7Client.onlinePLC] -> the PLC is online
[2021-11-22 16:36:42,372] [INFO] [BLocate.locate] -> chosenPacket from 0 to 10 ; leftPackets from 10 to 20.
[2021-11-22 16:36:42,372] [INFO] [MyS7Client.connect] -> Close old socket!
[2021-11-22 16:36:42,373] [INFO] [MyS7Client.connect] -> Start connect PLC
[2021-11-22 16:36:42,405] [INFO] [MyS7Client.send_receive_s7_packet] -> [Connect request]0300001902f080320100006b0000080000f000000a000a00f0
[2021-11-22 16:36:42,406] [INFO] [MyS7Client.send_receive_s7_packet] -> [Connect responde]0300001b02f080320300006b00000800000000f0000003000300f0
[2021-11-22 16:36:42,407] [INFO] [MyS7Client.send_s7_packet] -> [request]0300002102f080320700006c00000800080001120411440100ff090004001c0000
[2021-11-22 16:36:42,409] [INFO] [MyS7Client.send_s7_packet] -> [request]0300002102f080320700006d00000800080001120411440100ff090004001c0000
[2021-11-22 16:36:42,411] [INFO] [MyS7Client.send_s7_packet] -> [request]0300002102f080320700006e00000800080001120411440100ff090004001c0000
[2021-11-22 16:36:42,414] [INFO] [MyS7Client.send_s7_packet] -> [request]0300002102f080320700006f00000800080001120411440100ff090004001c0000
[2021-11-22 16:36:42,416] [INFO] [MyS7Client.send_s7_packet] -> [request]0300002102f080320700007000000800080001120411440100ff090004001c0000
[2021-11-22 16:36:42,418] [INFO] [MyS7Client.send_s7_packet] -> [request]0300002102f080320700007100000800080001120411440100ff090004001c0000
[2021-11-22 16:36:42,420] [INFO] [MyS7Client.send_s7_packet] -> [request]0300002102f080320700007200000800080001120411440100ff090004001c0000
[2021-11-22 16:36:42,422] [INFO] [MyS7Client.send_s7_packet] -> [request]0300002102f080320700007300000800080001120411440100ff090004001c0000
[2021-11-22 16:36:42,423] [INFO] [MyS7Client.send_s7_packet] -> [request]0300002102f080320700007400000800080001120411440100ff090004001c0000
[2021-11-22 16:36:42,425] [INFO] [MyS7Client.send_s7_packet] -> [request]0300002102f080320700007500000800080001120411440100ff090004001c0000
[2021-11-22 16:36:45,429] [INFO] [MyS7Client.onlinePLC] -> checking whether the PLC is online
[2021-11-22 16:36:45,450] [INFO] [MyS7Client.onlinePLC] -> the PLC is online
[2021-11-22 16:36:45,451] [INFO] [BLocate.locate] -> chosenPacket from 0 to 5 ; leftPackets from 5 to 10.
[2021-11-22 16:36:45,453] [INFO] [MyS7Client.connect] -> Close old socket!
[2021-11-22 16:36:45,453] [INFO] [MyS7Client.connect] -> Start connect PLC
[2021-11-22 16:36:45,483] [INFO] [MyS7Client.send_receive_s7_packet] -> [Connect request]0300001902f08032010000760000080000f000000a000a00f0
[2021-11-22 16:36:45,484] [INFO] [MyS7Client.send_receive_s7_packet] -> [Connect responde]0300001b02f080320300007600000800000000f0000003000300f0
[2021-11-22 16:36:45,485] [INFO] [MyS7Client.send_s7_packet] -> [request]0300002102f080320700007700000800080001120411440100ff090004001c0000
[2021-11-22 16:36:45,487] [INFO] [MyS7Client.send_s7_packet] -> [request]0300002102f080320700007800000800080001120411440100ff090004001c0000
[2021-11-22 16:36:45,489] [INFO] [MyS7Client.send_s7_packet] -> [request]0300002102f080320700007900000800080001120411440100ff090004001c0000
[2021-11-22 16:36:45,490] [INFO] [MyS7Client.send_s7_packet] -> [request]0300002102f080320700007a00000800080001120411440100ff090004001c0000
[2021-11-22 16:36:45,492] [INFO] [MyS7Client.send_s7_packet] -> [request]0300002102f080320700007b00000800080001120411440100ff090004001c0000
[2021-11-22 16:36:48,494] [INFO] [MyS7Client.onlinePLC] -> checking whether the PLC is online
[2021-11-22 16:36:48,505] [INFO] [MyS7Client.onlinePLC] -> the PLC is online
[2021-11-22 16:36:48,505] [INFO] [BLocate.locate] -> chosenPacket from 0 to 2 ; leftPackets from 2 to 5.
[2021-11-22 16:36:48,506] [INFO] [MyS7Client.connect] -> Close old socket!
[2021-11-22 16:36:48,506] [INFO] [MyS7Client.connect] -> Start connect PLC
[2021-11-22 16:36:48,535] [INFO] [MyS7Client.send_receive_s7_packet] -> [Connect request]0300001902f080320100007c0000080000f000000a000a00f0
[2021-11-22 16:36:48,536] [INFO] [MyS7Client.send_receive_s7_packet] -> [Connect responde]0300001b02f080320300007c00000800000000f0000003000300f0
[2021-11-22 16:36:48,538] [INFO] [MyS7Client.send_s7_packet] -> [request]0300002102f080320700007d00000800080001120411440100ff090004001c0000
[2021-11-22 16:36:48,540] [INFO] [MyS7Client.send_s7_packet] -> [request]0300002102f080320700007e00000800080001120411440100ff090004001c0000
[2021-11-22 16:36:51,554] [INFO] [MyS7Client.onlinePLC] -> checking whether the PLC is online
[2021-11-22 16:36:53,581] [INFO] [MyS7Client.onlinePLC] -> the PLC is offline
[2021-11-22 16:36:53,581] [INFO] [BLocate.locate] -> find a crush
[2021-11-22 16:36:53,582] [INFO] [valition.handleCrush] -> handling crush
[2021-11-22 16:36:53,582] [INFO] [valition.__closePlugin] -> trying to switch off the plugin
[2021-11-22 16:36:53,880] [INFO] [valition.__closePlugin] -> Switch off Plugin success!
[2021-11-22 16:36:55,882] [INFO] [valition.__openPlugin] -> trying to switch on the plugin
[2021-11-22 16:37:01,542] [INFO] [valition.__openPlugin] -> Switch on the Plugin success!
[2021-11-22 16:37:01,542] [INFO] [MyS7Client.onlinePLC] -> checking whether the PLC is online
[2021-11-22 16:37:05,552] [INFO] [MyS7Client.onlinePLC] -> the PLC is online
[2021-11-22 16:37:05,552] [INFO] [BLocate.locate] -> chosenPacket from 0 to 1 ; leftPackets from 1 to 2.
[2021-11-22 16:37:05,553] [INFO] [MyS7Client.connect] -> Close old socket!
[2021-11-22 16:37:05,553] [INFO] [MyS7Client.connect] -> Start connect PLC
[2021-11-22 16:37:05,598] [INFO] [MyS7Client.send_receive_s7_packet] -> [Connect request]0300001902f080320100007f0000080000f000000a000a00f0
[2021-11-22 16:37:05,599] [INFO] [MyS7Client.send_receive_s7_packet] -> [Connect responde]0300001b02f080320300007f00000800000000f0000003000300f0
[2021-11-22 16:37:05,601] [INFO] [MyS7Client.send_s7_packet] -> [request]0300002102f080320700008000000800080001120411440100ff090004001c0000
[2021-11-22 16:37:08,602] [INFO] [MyS7Client.onlinePLC] -> checking whether the PLC is online
[2021-11-22 16:37:09,752] [INFO] [MyS7Client.onlinePLC] -> the PLC is online
[2021-11-22 16:37:09,754] [INFO] [BLocate.locate] -> Crush Packet is 0300002102f080320700008000000800080001120411440100ff090004001c0000
[2021-11-22 16:37:09,754] [INFO] [valition.<module>] -> The true crush number is 21, the finded crush number is 0
