[2022-01-12 11:04:40,567] [INFO] [MyS7Client.send_receive_s7_packet] -> [Connect request]0300001902f08032010000010000080000f000000a000a00f0
[2022-01-12 11:04:40,567] [INFO] [MyS7Client.send_receive_s7_packet] -> [Connect responde]0300001b02f080320300000100000800000000f0000003000300f0
[2022-01-12 11:04:40,772] [INFO] [MyS7Client.send_receive_my_packet] -> [request]1: 0300002102f080320700000200000800080001120411440100ff090004001c0000
[2022-01-12 11:04:40,772] [INFO] [MyS7Client.send_receive_my_packet] -> [Connect responde]0300002102f080320700000200000c000400011208128401010000d4010a000000
[2022-01-12 11:04:41,423] [INFO] [MyS7Client.send_receive_my_packet] -> [request]2: 0300002102f080320700000300000800080001120411440100ff090004001c0000
[2022-01-12 11:04:41,424] [INFO] [MyS7Client.send_receive_my_packet] -> [Connect responde]0300002102f080320700000300000c000400011208128401010000d4010a000000
[2022-01-12 11:04:41,637] [INFO] [MyS7Client.send_receive_my_packet] -> [request]3: 0300002102f080320700000400000800080001120411440100ff090004001c0000
[2022-01-12 11:04:41,638] [INFO] [MyS7Client.send_receive_my_packet] -> [Connect responde]0300002102f080320700000400000c000400011208128401010000d4010a000000
[2022-01-12 11:04:41,848] [INFO] [MyS7Client.send_receive_my_packet] -> [request]4: 0300002102f080320700000500000800080001120411440100ff090004001c0000
[2022-01-12 11:04:41,849] [INFO] [MyS7Client.send_receive_my_packet] -> [Connect responde]0300002102f080320700000500000c000400011208128401010000d4010a000000
[2022-01-12 11:04:42,060] [INFO] [MyS7Client.send_receive_my_packet] -> [request]5: 0300002102f080320700000600000800080001120411440100ff090004001c0000
[2022-01-12 11:04:42,060] [INFO] [MyS7Client.send_receive_my_packet] -> [Connect responde]0300002102f080320700000600000c000400011208128401010000d4010a000000
[2022-01-12 11:04:42,276] [INFO] [MyS7Client.send_receive_my_packet] -> [request]6: 0300002102f080320700000700000800080001120411440100ff090004001c0000
[2022-01-12 11:04:42,277] [INFO] [MyS7Client.send_receive_my_packet] -> [Connect responde]0300002102f080320700000700000c000400011208128401010000d4010a000000
[2022-01-12 11:04:42,488] [INFO] [MyS7Client.send_receive_my_packet] -> [request]7: 0300002102f080320700000800000800080001120411440100ff090004001c0000
[2022-01-12 11:04:42,488] [INFO] [MyS7Client.send_receive_my_packet] -> [Connect responde]0300002102f080320700000800000c000400011208128401010000d4010a000000
[2022-01-12 11:04:42,701] [INFO] [MyS7Client.send_receive_my_packet] -> [request]8: 0300002102f080320700000900000800080001120411440100ff090004001c0000
[2022-01-12 11:04:42,702] [INFO] [MyS7Client.send_receive_my_packet] -> [Connect responde]0300002102f080320700000900000c000400011208128401010000d4010a000000
[2022-01-12 11:04:43,009] [INFO] [MyS7Client.send_receive_my_packet] -> [request]9: 0300002102f080320700000a00000800080001120411440100ff090004001c0000
[2022-01-12 11:04:43,010] [INFO] [MyS7Client.send_receive_my_packet] -> [Connect responde]0300002102f080320700000a00000c000400011208128401010000d4010a000000
[2022-01-12 11:04:43,223] [INFO] [MyS7Client.send_receive_my_packet] -> [request]10: 0300002102f080320700000b00000800080001120411440100ff090004001c0000
[2022-01-12 11:04:43,223] [INFO] [MyS7Client.send_receive_my_packet] -> [Connect responde]0300002102f080320700000b00000c000400011208128401010000d4010a000000
[2022-01-12 11:04:43,434] [INFO] [MyS7Client.send_receive_my_packet] -> [request]11: 0300002102f080320700000c00000800080001120411440100ff090004001c0000
[2022-01-12 11:04:43,435] [INFO] [MyS7Client.send_receive_my_packet] -> [Connect responde]0300002102f080320700000c00000c000400011208128401010000d4010a000000
[2022-01-12 11:04:43,655] [INFO] [MyS7Client.send_receive_my_packet] -> [request]12: 0300002102f080320700000d00000800080001120411440100ff090004001c0000
[2022-01-12 11:04:43,655] [INFO] [MyS7Client.send_receive_my_packet] -> [Connect responde]0300002102f080320700000d00000c000400011208128401010000d4010a000000
[2022-01-12 11:04:43,867] [INFO] [MyS7Client.send_receive_my_packet] -> [request]13: 0300002102f080320700000e00000800080001120411440100ff090004001c0000
[2022-01-12 11:04:43,868] [INFO] [MyS7Client.send_receive_my_packet] -> [Connect responde]0300002102f080320700000e00000c000400011208128401010000d4010a000000
[2022-01-12 11:04:44,082] [INFO] [MyS7Client.send_receive_my_packet] -> [request]14: 0300002102f080320700000f00000800080001120411440100ff090004001c0000
[2022-01-12 11:04:44,082] [INFO] [MyS7Client.send_receive_my_packet] -> [Connect responde]0300002102f080320700000f00000c000400011208128401010000d4010a000000
[2022-01-12 11:04:44,301] [INFO] [MyS7Client.send_receive_my_packet] -> [request]15: 0300002102f080320700001000000800080001120411440100ff090004001c0000
[2022-01-12 11:04:44,302] [INFO] [MyS7Client.send_receive_my_packet] -> [Connect responde]0300002102f080320700001000000c000400011208128401010000d4010a000000
[2022-01-12 11:04:44,511] [INFO] [MyS7Client.send_receive_my_packet] -> [request]16: 0300002102f080320700001100000800080001120411440100ff090004001c0000
[2022-01-12 11:04:44,512] [INFO] [MyS7Client.send_receive_my_packet] -> [Connect responde]0300002102f080320700001100000c000400011208128401010000d4010a000000
[2022-01-12 11:04:44,723] [INFO] [MyS7Client.send_receive_my_packet] -> [request]17: 0300002102f080320700001200000800080001120411440100ff090004001c0000
[2022-01-12 11:04:44,724] [INFO] [MyS7Client.send_receive_my_packet] -> [Connect responde]0300002102f080320700001200000c000400011208128401010000d4010a000000
[2022-01-12 11:04:44,937] [INFO] [MyS7Client.send_receive_my_packet] -> [request]18: 0300002102f080320700001300000800080001120411440100ff090004001c0000
[2022-01-12 11:04:44,938] [INFO] [MyS7Client.send_receive_my_packet] -> [Connect responde]0300002102f080320700001300000c000400011208128401010000d4010a000000
[2022-01-12 11:04:45,259] [INFO] [MyS7Client.send_receive_my_packet] -> [request]19: 0300002102f080320700001400000800080001120411440100ff090004001c0000
[2022-01-12 11:04:45,259] [INFO] [MyS7Client.send_receive_my_packet] -> [Connect responde]0300002102f080320700001400000c000400011208128401010000d4010a000000
[2022-01-12 11:04:45,470] [INFO] [MyS7Client.send_receive_my_packet] -> [request]20: 0300002102f080320700001500000800080001120411440100ff090004001c0000
[2022-01-12 11:04:45,471] [INFO] [MyS7Client.send_receive_my_packet] -> [Connect responde]0300002102f080320700001500000c000400011208128401010000d4010a000000
[2022-01-12 11:04:45,680] [INFO] [MyS7Client.send_receive_my_packet] -> [request]21: 0300002102f080320700001600000800080001120411440100ff090004001c0000
[2022-01-12 11:04:45,680] [INFO] [MyS7Client.send_receive_my_packet] -> [Connect responde]0300002102f080320700001600000c000400011208128401010000d4010a000000
[2022-01-12 11:04:45,897] [INFO] [MyS7Client.send_receive_my_packet] -> [request]22: 0300002102f080320700001700000800080001120411440100ff090004001c0000
[2022-01-12 11:04:45,898] [INFO] [MyS7Client.send_receive_my_packet] -> [Connect responde]0300002102f080320700001700000c000400011208128401010000d4010a000000
[2022-01-12 11:04:46,148] [INFO] [MyS7Client.send_receive_my_packet] -> [request]23: 0300002102f080320700001800000800080001120411440100ff090004001c0000
[2022-01-12 11:04:46,149] [INFO] [MyS7Client.send_receive_my_packet] -> [Connect responde]0300002102f080320700001800000c000400011208128401010000d4010a000000
[2022-01-12 11:04:46,358] [INFO] [MyS7Client.send_receive_my_packet] -> [request]24: 0300002102f080320700001900000800080001120411440100ff090004001c0000
[2022-01-12 11:04:46,358] [INFO] [MyS7Client.send_receive_my_packet] -> [Connect responde]0300002102f080320700001900000c000400011208128401010000d4010a000000
[2022-01-12 11:04:46,592] [INFO] [MyS7Client.send_receive_my_packet] -> [request]25: 0300002102f080320700001a00000800080001120411440100ff090004001c0000
[2022-01-12 11:04:46,593] [INFO] [MyS7Client.send_receive_my_packet] -> [Connect responde]0300002102f080320700001a00000c000400011208128401010000d4010a000000
[2022-01-12 11:04:46,818] [INFO] [MyS7Client.send_receive_my_packet] -> [request]26: 0300002102f080320700001b00000800080001120411440100ff090004001c0000
[2022-01-12 11:04:46,820] [INFO] [MyS7Client.send_receive_my_packet] -> [Connect responde]0300002102f080320700001b00000c000400011208128401010000d4010a000000
[2022-01-12 11:04:47,023] [INFO] [MyS7Client.onlinePLC] -> checking whether the PLC is online
[2022-01-12 11:04:47,232] [INFO] [MyS7Client.onlinePLC] -> the PLC is online
[2022-01-12 11:04:47,268] [INFO] [MyS7Client.send_receive_my_packet] -> [request]27: 0300002102f080320700001c00000800080001120411440100ff090004001c0000
[2022-01-12 11:04:47,269] [INFO] [MyS7Client.send_receive_my_packet] -> [Connect responde]0300002102f080320700001c00000c000400011208128401010000d4010a000000
[2022-01-12 11:04:47,822] [INFO] [MyS7Client.send_receive_my_packet] -> [request]28: 0300002102f080320700001d00000800080001120411440100ff090004001c0000
[2022-01-12 11:04:47,822] [INFO] [MyS7Client.send_receive_my_packet] -> [Connect responde]0300002102f080320700001d00000c000400011208128401010000d4010a000000
[2022-01-12 11:04:48,288] [INFO] [MyS7Client.send_receive_my_packet] -> [request]29: 0300002102f080320700001e00000800080001120411440100ff090004001c0000
[2022-01-12 11:04:48,289] [INFO] [MyS7Client.send_receive_my_packet] -> [Connect responde]0300002102f080320700001e00000c000400011208128401010000d4010a000000
[2022-01-12 11:04:48,503] [INFO] [MyS7Client.send_receive_my_packet] -> [request]30: 0300002102f080320700001f00000800080001120411440100ff090004001c0000
[2022-01-12 11:04:48,503] [INFO] [MyS7Client.send_receive_my_packet] -> [Connect responde]0300002102f080320700001f00000c000400011208128401010000d4010a000000
[2022-01-12 11:04:48,714] [INFO] [MyS7Client.send_receive_my_packet] -> [request]31: 0300002102f080320700002000000800080001120411440100ff090004001c0000
[2022-01-12 11:04:48,714] [INFO] [MyS7Client.send_receive_my_packet] -> [Connect responde]0300002102f080320700002000000c000400011208128401010000d4010a000000
[2022-01-12 11:04:49,041] [INFO] [MyS7Client.send_receive_my_packet] -> [request]32: 0300002102f080320700002100000800080001120411440100ff090004001c0000
[2022-01-12 11:04:49,041] [INFO] [MyS7Client.send_receive_my_packet] -> [Connect responde]0300002102f080320700002100000c000400011208128401010000d4010a000000
[2022-01-12 11:04:49,329] [INFO] [MyS7Client.send_receive_my_packet] -> [request]33: 0300002102f080320700002200000800080001120411440100ff090004001c0000
[2022-01-12 11:04:49,330] [INFO] [MyS7Client.send_receive_my_packet] -> [Connect responde]0300002102f080320700002200000c000400011208128401010000d4010a000000
[2022-01-12 11:04:49,545] [INFO] [MyS7Client.send_receive_my_packet] -> [request]34: 0300002102f080320700002300000800080001120411440100ff090004001c0000
[2022-01-12 11:04:49,545] [INFO] [MyS7Client.send_receive_my_packet] -> [Connect responde]0300002102f080320700002300000c000400011208128401010000d4010a000000
[2022-01-12 11:04:49,794] [INFO] [MyS7Client.send_receive_my_packet] -> [request]35: 0300002102f080320700002400000800080001120411440100ff090004001c0000
[2022-01-12 11:04:49,795] [INFO] [MyS7Client.send_receive_my_packet] -> [Connect responde]0300002102f080320700002400000c000400011208128401010000d4010a000000
[2022-01-12 11:04:50,147] [INFO] [MyS7Client.send_receive_my_packet] -> [request]36: 0300002102f080320700002500000800080001120411440100ff090004001c0000
[2022-01-12 11:04:50,148] [INFO] [MyS7Client.send_receive_my_packet] -> [Connect responde]0300002102f080320700002500000c000400011208128401010000d4010a000000
[2022-01-12 11:04:50,368] [INFO] [MyS7Client.send_receive_my_packet] -> [request]37: 0300002102f080320700002600000800080001120411440100ff090004001c0000
[2022-01-12 11:04:50,369] [INFO] [MyS7Client.send_receive_my_packet] -> [Connect responde]0300002102f080320700002600000c000400011208128401010000d4010a000000
[2022-01-12 11:04:50,621] [INFO] [MyS7Client.send_receive_my_packet] -> [request]38: 0300002102f080320700002700000800080001120411440100ff090004001c0000
[2022-01-12 11:04:50,622] [INFO] [MyS7Client.send_receive_my_packet] -> [Connect responde]0300002102f080320700002700000c000400011208128401010000d4010a000000
[2022-01-12 11:04:50,851] [INFO] [MyS7Client.send_receive_my_packet] -> [request]39: 0300002102f080320700002800000800080001120411440100ff090004001c0000
[2022-01-12 11:04:50,853] [INFO] [MyS7Client.send_receive_my_packet] -> [Connect responde]0300002102f080320700002800000c000400011208128401010000d4010a000000
[2022-01-12 11:04:51,078] [INFO] [MyS7Client.send_receive_my_packet] -> [request]40: 0300002102f080320700002900000800080001120411440100ff090004001c0000
[2022-01-12 11:04:51,079] [INFO] [MyS7Client.send_receive_my_packet] -> [Connect responde]0300002102f080320700002900000c000400011208128401010000d4010a000000
[2022-01-12 11:04:51,287] [INFO] [MyS7Client.send_receive_my_packet] -> [request]41: 0300002102f080320700002a00000800080001120411440100ff090004001c0000
[2022-01-12 11:04:51,287] [INFO] [MyS7Client.send_receive_my_packet] -> [Connect responde]0300002102f080320700002a00000c000400011208128401010000d4010a000000
[2022-01-12 11:04:51,497] [INFO] [MyS7Client.send_receive_my_packet] -> [request]42: 0300002102f080320700002b00000800080001120411440100ff090004001c0000
[2022-01-12 11:04:51,497] [INFO] [MyS7Client.send_receive_my_packet] -> [Connect responde]0300002102f080320700002b00000c000400011208128401010000d4010a000000
[2022-01-12 11:04:51,734] [INFO] [MyS7Client.send_receive_my_packet] -> [request]43: 0300002102f080320700002c00000800080001120411440100ff090004001c0000
[2022-01-12 11:04:51,734] [INFO] [MyS7Client.send_receive_my_packet] -> [Connect responde]0300002102f080320700002c00000c000400011208128401010000d4010a000000
[2022-01-12 11:04:51,984] [INFO] [MyS7Client.send_receive_my_packet] -> [request]44: 0300002102f080320700002d00000800080001120411440100ff090004001c0000
[2022-01-12 11:04:51,984] [INFO] [MyS7Client.send_receive_my_packet] -> [Connect responde]0300002102f080320700002d00000c000400011208128401010000d4010a000000
[2022-01-12 11:04:52,245] [INFO] [MyS7Client.send_receive_my_packet] -> [request]45: 0300002102f080320700002e00000800080001120411440100ff090004001c0000
[2022-01-12 11:04:52,246] [INFO] [MyS7Client.send_receive_my_packet] -> [Connect responde]0300002102f080320700002e00000c000400011208128401010000d4010a000000
[2022-01-12 11:04:52,515] [INFO] [MyS7Client.send_receive_my_packet] -> [request]46: 0300002102f080320700002f00000800080001120411440100ff090004001c0000
[2022-01-12 11:04:52,516] [INFO] [MyS7Client.send_receive_my_packet] -> [Connect responde]0300002102f080320700002f00000c000400011208128401010000d4010a000000
[2022-01-12 11:04:52,734] [INFO] [MyS7Client.send_receive_my_packet] -> [request]47: 0300002102f080320700003000000800080001120411440100ff090004001c0000
[2022-01-12 11:04:52,734] [INFO] [MyS7Client.send_receive_my_packet] -> [Connect responde]0300002102f080320700003000000c000400011208128401010000d4010a000000
[2022-01-12 11:04:53,089] [INFO] [MyS7Client.send_receive_my_packet] -> [request]48: 0300002102f080320700003100000800080001120411440100ff090004001c0000
[2022-01-12 11:04:53,090] [INFO] [MyS7Client.send_receive_my_packet] -> [Connect responde]0300002102f080320700003100000c000400011208128401010000d4010a000000
[2022-01-12 11:04:53,316] [INFO] [MyS7Client.send_receive_my_packet] -> [request]49: 0300002102f080320700003200000800080001120411440100ff090004001c0000
[2022-01-12 11:04:53,317] [INFO] [MyS7Client.send_receive_my_packet] -> [Connect responde]0300002102f080320700003200000c000400011208128401010000d4010a000000
[2022-01-12 11:04:53,903] [INFO] [MyS7Client.send_receive_my_packet] -> [request]50: 0300002102f080320700003300000800080001120411440100ff090004001c0000
[2022-01-12 11:04:53,904] [INFO] [MyS7Client.send_receive_my_packet] -> [Connect responde]0300002102f080320700003300000c000400011208128401010000d4010a000000
[2022-01-12 11:04:54,122] [INFO] [MyS7Client.send_receive_my_packet] -> [request]51: 0300002102f080320700003400000800080001120411440100ff090004001c0000
[2022-01-12 11:04:54,123] [INFO] [MyS7Client.send_receive_my_packet] -> [Connect responde]0300002102f080320700003400000c000400011208128401010000d4010a000000
[2022-01-12 11:04:54,360] [INFO] [MyS7Client.send_receive_my_packet] -> [request]52: 0300002102f080320700003500000800080001120411440100ff090004001c0000
[2022-01-12 11:04:54,360] [INFO] [MyS7Client.send_receive_my_packet] -> [Connect responde]0300002102f080320700003500000c000400011208128401010000d4010a000000
[2022-01-12 11:04:54,588] [INFO] [MyS7Client.send_receive_my_packet] -> [request]53: 0300002102f080320700003600000800080001120411440100ff090004001c0000
[2022-01-12 11:04:54,589] [INFO] [MyS7Client.send_receive_my_packet] -> [Connect responde]0300002102f080320700003600000c000400011208128401010000d4010a000000
[2022-01-12 11:04:54,806] [INFO] [MyS7Client.send_receive_my_packet] -> [request]54: 0300002102f080320700003700000800080001120411440100ff090004001c0000
[2022-01-12 11:04:54,806] [INFO] [MyS7Client.send_receive_my_packet] -> [Connect responde]0300002102f080320700003700000c000400011208128401010000d4010a000000
[2022-01-12 11:04:55,077] [INFO] [MyS7Client.send_receive_my_packet] -> [request]55: 0300002102f080320700003800000800080001120411440100ff090004001c0000
[2022-01-12 11:04:55,077] [INFO] [MyS7Client.send_receive_my_packet] -> [Connect responde]0300002102f080320700003800000c000400011208128401010000d4010a000000
[2022-01-12 11:04:55,303] [INFO] [MyS7Client.send_receive_my_packet] -> [request]56: 0300002102f080320700003900000800080001120411440100ff090004001c0000
[2022-01-12 11:04:55,303] [INFO] [MyS7Client.send_receive_my_packet] -> [Connect responde]0300002102f080320700003900000c000400011208128401010000d4010a000000
[2022-01-12 11:04:55,524] [INFO] [MyS7Client.send_receive_my_packet] -> [request]57: 0300002102f080320700003a00000800080001120411440100ff090004001c0000
[2022-01-12 11:04:55,525] [INFO] [MyS7Client.send_receive_my_packet] -> [Connect responde]0300002102f080320700003a00000c000400011208128401010000d4010a000000
[2022-01-12 11:04:55,773] [INFO] [MyS7Client.send_receive_my_packet] -> [request]58: 0300002102f080320700003b00000800080001120411440100ff090004001c0000
[2022-01-12 11:04:55,774] [INFO] [MyS7Client.send_receive_my_packet] -> [Connect responde]0300002102f080320700003b00000c000400011208128401010000d4010a000000
[2022-01-12 11:04:55,987] [INFO] [MyS7Client.send_receive_my_packet] -> [request]59: 0300002102f080320700003c00000800080001120411440100ff090004001c0000
[2022-01-12 11:04:55,988] [INFO] [MyS7Client.send_receive_my_packet] -> [Connect responde]0300002102f080320700003c00000c000400011208128401010000d4010a000000
[2022-01-12 11:04:56,225] [INFO] [MyS7Client.send_receive_my_packet] -> [request]60: 0300002102f080320700003d00000800080001120411440100ff090004001c0000
[2022-01-12 11:04:56,226] [INFO] [MyS7Client.send_receive_my_packet] -> [Connect responde]0300002102f080320700003d00000c000400011208128401010000d4010a000000
[2022-01-12 11:04:56,444] [INFO] [MyS7Client.send_receive_my_packet] -> [request]61: 0300002102f080320700003e00000800080001120411440100ff090004001c0000
[2022-01-12 11:04:56,445] [INFO] [MyS7Client.send_receive_my_packet] -> [Connect responde]0300002102f080320700003e00000c000400011208128401010000d4010a000000
[2022-01-12 11:04:56,678] [INFO] [MyS7Client.send_receive_my_packet] -> [request]62: 0300002102f080320700003f00000800080001120411440100ff090004001c0000
[2022-01-12 11:04:56,679] [INFO] [MyS7Client.send_receive_my_packet] -> [Connect responde]0300002102f080320700003f00000c000400011208128401010000d4010a000000
[2022-01-12 11:04:56,913] [INFO] [MyS7Client.send_receive_my_packet] -> [request]63: 0300002102f080320700004000000800080001120411440100ff090004001c0000
[2022-01-12 11:04:56,914] [INFO] [MyS7Client.send_receive_my_packet] -> [Connect responde]0300002102f080320700004000000c000400011208128401010000d4010a000000
[2022-01-12 11:04:57,163] [INFO] [MyS7Client.send_receive_my_packet] -> [request]64: 0300002102f080320700004100000800080001120411440100ff090004001c0000
[2022-01-12 11:04:57,163] [INFO] [MyS7Client.send_receive_my_packet] -> [Connect responde]0300002102f080320700004100000c000400011208128401010000d4010a000000
[2022-01-12 11:04:57,407] [INFO] [MyS7Client.send_receive_my_packet] -> [request]65: 0300002102f080320700004200000800080001120411440100ff090004001c0000
[2022-01-12 11:04:57,407] [INFO] [MyS7Client.send_receive_my_packet] -> [Connect responde]0300002102f080320700004200000c000400011208128401010000d4010a000000
[2022-01-12 11:04:57,627] [INFO] [MyS7Client.send_receive_my_packet] -> [request]66: 0300002102f080320700004300000800080001120411440100ff090004001c0000
[2022-01-12 11:04:57,628] [INFO] [MyS7Client.send_receive_my_packet] -> [Connect responde]0300002102f080320700004300000c000400011208128401010000d4010a000000
[2022-01-12 11:04:59,837] [INFO] [MyS7Client.send_receive_my_packet] -> [request]67: 0300002102f080320700004400000800080001120411440100ff090004001c0000
[2022-01-12 11:05:00,467] [INFO] [MyS7Client.send_receive_my_packet] -> [request]68: 0300001f02f080320100004500000e00000401120a10010003000083000001
[2022-01-12 11:05:00,468] [INFO] [MyS7Client.send_receive_my_packet] -> [Connect responde]0300002102f080320700004400000c000400011208128401010000d4010a0000000300001a02f0803203000045000002000500000401ff03000100
[2022-01-12 11:05:01,097] [INFO] [MyS7Client.send_receive_my_packet] -> [request]69: 0300002102f080320700004600000800080001120411440100ff090004001c0000
[2022-01-12 11:05:01,098] [INFO] [MyS7Client.send_receive_my_packet] -> [Connect responde]0300002102f080320700004600000c000400011208128401010000d4010a000000
[2022-01-12 11:05:01,456] [INFO] [MyS7Client.send_receive_my_packet] -> [request]70: 0300002102f080320700004700000800080001120411440100ff090004001c0000
[2022-01-12 11:05:01,456] [INFO] [MyS7Client.send_receive_my_packet] -> [Connect responde]0300002102f080320700004700000c000400011208128401010000d4010a000000
[2022-01-12 11:05:01,679] [INFO] [MyS7Client.send_receive_my_packet] -> [request]71: 0300002102f080320700004800000800080001120411440100ff090004001c0000
[2022-01-12 11:05:01,680] [INFO] [MyS7Client.send_receive_my_packet] -> [Connect responde]0300002102f080320700004800000c000400011208128401010000d4010a000000
[2022-01-12 11:05:01,902] [INFO] [MyS7Client.send_receive_my_packet] -> [request]72: 0300002102f080320700004900000800080001120411440100ff090004001c0000
[2022-01-12 11:05:01,904] [INFO] [MyS7Client.send_receive_my_packet] -> [Connect responde]0300002102f080320700004900000c000400011208128401010000d4010a000000
[2022-01-12 11:05:02,126] [INFO] [MyS7Client.send_receive_my_packet] -> [request]73: 0300002102f080320700004a00000800080001120411440100ff090004001c0000
[2022-01-12 11:05:02,127] [INFO] [MyS7Client.send_receive_my_packet] -> [Connect responde]0300002102f080320700004a00000c000400011208128401010000d4010a000000
[2022-01-12 11:05:04,332] [INFO] [MyS7Client.send_receive_my_packet] -> [request]74: 0300002102f080320700004b00000800080001120411440100ff090004001c0000
[2022-01-12 11:05:06,541] [INFO] [MyS7Client.send_receive_my_packet] -> [request]75: 0300002102f080320700004c00000800080001120411440100ff090004001c0000
[2022-01-12 11:05:08,748] [INFO] [MyS7Client.send_receive_my_packet] -> [request]76: 0300002102f080320700004d00000800080001120411440100ff090004001c0000
[2022-01-12 11:05:08,948] [INFO] [MyS7Client.onlinePLC] -> checking whether the PLC is online
[2022-01-12 11:05:14,954] [INFO] [MyS7Client.onlinePLC] -> the PLC is offline
[2022-01-12 11:05:35,329] [INFO] [MyS7Client.send_receive_s7_packet] -> [Connect request]0300001902f080320100004e0000080000f000000a000a00f0
[2022-01-12 11:05:35,330] [INFO] [MyS7Client.send_receive_s7_packet] -> [Connect responde]0300001b02f080320300004e00000800000000f0000003000300f0
[2022-01-12 11:05:35,349] [INFO] [MyS7Client.send_receive_my_packet] -> [request]77: 0300002102f080320700004f00000800080001120411440100ff090004001c0000
[2022-01-12 11:05:35,349] [INFO] [MyS7Client.send_receive_my_packet] -> [Connect responde]0300002102f080320700004f00000c000400011208128401010000d4010a000000
[2022-01-12 11:05:35,587] [INFO] [MyS7Client.send_receive_my_packet] -> [request]78: 0300002102f080320700005000000800080001120411440100ff090004001c0000
[2022-01-12 11:05:35,588] [INFO] [MyS7Client.send_receive_my_packet] -> [Connect responde]0300002102f080320700005000000c000400011208128401010000d4010a000000
[2022-01-12 11:05:35,828] [INFO] [MyS7Client.send_receive_my_packet] -> [request]79: 0300002102f080320700005100000800080001120411440100ff090004001c0000
[2022-01-12 11:05:35,828] [INFO] [MyS7Client.send_receive_my_packet] -> [Connect responde]0300002102f080320700005100000c000400011208128401010000d4010a000000
[2022-01-12 11:05:36,042] [INFO] [MyS7Client.send_receive_my_packet] -> [request]80: 0300002102f080320700005200000800080001120411440100ff090004001c0000
[2022-01-12 11:05:36,042] [INFO] [MyS7Client.send_receive_my_packet] -> [Connect responde]0300002102f080320700005200000c000400011208128401010000d4010a000000
[2022-01-12 11:05:36,271] [INFO] [MyS7Client.send_receive_my_packet] -> [request]81: 0300002102f080320700005300000800080001120411440100ff090004001c0000
[2022-01-12 11:05:36,272] [INFO] [MyS7Client.send_receive_my_packet] -> [Connect responde]0300002102f080320700005300000c000400011208128401010000d4010a000000
[2022-01-12 11:05:36,505] [INFO] [MyS7Client.send_receive_my_packet] -> [request]82: 0300002102f080320700005400000800080001120411440100ff090004001c0000
[2022-01-12 11:05:36,506] [INFO] [MyS7Client.send_receive_my_packet] -> [Connect responde]0300002102f080320700005400000c000400011208128401010000d4010a000000
[2022-01-12 11:05:36,718] [INFO] [MyS7Client.send_receive_my_packet] -> [request]83: 0300002102f080320700005500000800080001120411440100ff090004001c0000
[2022-01-12 11:05:36,719] [INFO] [MyS7Client.send_receive_my_packet] -> [Connect responde]0300002102f080320700005500000c000400011208128401010000d4010a000000
[2022-01-12 11:05:36,931] [INFO] [MyS7Client.send_receive_my_packet] -> [request]84: 0300002102f080320700005600000800080001120411440100ff090004001c0000
[2022-01-12 11:05:36,931] [INFO] [MyS7Client.send_receive_my_packet] -> [Connect responde]0300002102f080320700005600000c000400011208128401010000d4010a000000
[2022-01-12 11:05:37,145] [INFO] [MyS7Client.send_receive_my_packet] -> [request]85: 0300002102f080320700005700000800080001120411440100ff090004001c0000
[2022-01-12 11:05:37,145] [INFO] [MyS7Client.send_receive_my_packet] -> [Connect responde]0300002102f080320700005700000c000400011208128401010000d4010a000000
[2022-01-12 11:05:37,434] [INFO] [MyS7Client.send_receive_my_packet] -> [request]86: 0300002102f080320700005800000800080001120411440100ff090004001c0000
[2022-01-12 11:05:37,435] [INFO] [MyS7Client.send_receive_my_packet] -> [Connect responde]0300002102f080320700005800000c000400011208128401010000d4010a000000
[2022-01-12 11:05:37,646] [INFO] [MyS7Client.send_receive_my_packet] -> [request]87: 0300002102f080320700005900000800080001120411440100ff090004001c0000
[2022-01-12 11:05:37,647] [INFO] [MyS7Client.send_receive_my_packet] -> [Connect responde]0300002102f080320700005900000c000400011208128401010000d4010a000000
[2022-01-12 11:05:37,859] [INFO] [MyS7Client.send_receive_my_packet] -> [request]88: 0300002102f080320700005a00000800080001120411440100ff090004001c0000
[2022-01-12 11:05:37,859] [INFO] [MyS7Client.send_receive_my_packet] -> [Connect responde]0300002102f080320700005a00000c000400011208128401010000d4010a000000
[2022-01-12 11:05:38,074] [INFO] [MyS7Client.send_receive_my_packet] -> [request]89: 0300002102f080320700005b00000800080001120411440100ff090004001c0000
[2022-01-12 11:05:38,074] [INFO] [MyS7Client.send_receive_my_packet] -> [Connect responde]0300002102f080320700005b00000c000400011208128401010000d4010a000000
[2022-01-12 11:05:38,291] [INFO] [MyS7Client.send_receive_my_packet] -> [request]90: 0300002102f080320700005c00000800080001120411440100ff090004001c0000
[2022-01-12 11:05:38,291] [INFO] [MyS7Client.send_receive_my_packet] -> [Connect responde]0300002102f080320700005c00000c000400011208128401010000d4010a000000
[2022-01-12 11:05:38,506] [INFO] [MyS7Client.send_receive_my_packet] -> [request]91: 0300002102f080320700005d00000800080001120411440100ff090004001c0000
[2022-01-12 11:05:38,507] [INFO] [MyS7Client.send_receive_my_packet] -> [Connect responde]0300002102f080320700005d00000c000400011208128401010000d4010a000000
[2022-01-12 11:05:38,726] [INFO] [MyS7Client.send_receive_my_packet] -> [request]92: 0300002102f080320700005e00000800080001120411440100ff090004001c0000
[2022-01-12 11:05:38,727] [INFO] [MyS7Client.send_receive_my_packet] -> [Connect responde]0300002102f080320700005e00000c000400011208128401010000d4010a000000
[2022-01-12 11:05:38,960] [INFO] [MyS7Client.send_receive_my_packet] -> [request]93: 0300002102f080320700005f00000800080001120411440100ff090004001c0000
[2022-01-12 11:05:38,960] [INFO] [MyS7Client.send_receive_my_packet] -> [Connect responde]0300002102f080320700005f00000c000400011208128401010000d4010a000000
[2022-01-12 11:05:39,180] [INFO] [MyS7Client.send_receive_my_packet] -> [request]94: 0300002102f080320700006000000800080001120411440100ff090004001c0000
[2022-01-12 11:05:39,180] [INFO] [MyS7Client.send_receive_my_packet] -> [Connect responde]0300002102f080320700006000000c000400011208128401010000d4010a000000
[2022-01-12 11:05:39,394] [INFO] [MyS7Client.send_receive_my_packet] -> [request]95: 0300002102f080320700006100000800080001120411440100ff090004001c0000
[2022-01-12 11:05:39,395] [INFO] [MyS7Client.send_receive_my_packet] -> [Connect responde]0300002102f080320700006100000c000400011208128401010000d4010a000000
[2022-01-12 11:05:39,955] [INFO] [MyS7Client.send_receive_my_packet] -> [request]96: 0300002102f080320700006200000800080001120411440100ff090004001c0000
[2022-01-12 11:05:39,955] [INFO] [MyS7Client.send_receive_my_packet] -> [Connect responde]0300002102f080320700006200000c000400011208128401010000d4010a000000
[2022-01-12 11:05:40,167] [INFO] [MyS7Client.send_receive_my_packet] -> [request]97: 0300002102f080320700006300000800080001120411440100ff090004001c0000
[2022-01-12 11:05:40,167] [INFO] [MyS7Client.send_receive_my_packet] -> [Connect responde]0300002102f080320700006300000c000400011208128401010000d4010a000000
[2022-01-12 11:05:40,387] [INFO] [MyS7Client.send_receive_my_packet] -> [request]98: 0300002102f080320700006400000800080001120411440100ff090004001c0000
[2022-01-12 11:05:40,387] [INFO] [MyS7Client.send_receive_my_packet] -> [Connect responde]0300002102f080320700006400000c000400011208128401010000d4010a000000
[2022-01-12 11:05:40,635] [INFO] [MyS7Client.send_receive_my_packet] -> [request]99: 0300002102f080320700006500000800080001120411440100ff090004001c0000
[2022-01-12 11:05:40,637] [INFO] [MyS7Client.send_receive_my_packet] -> [Connect responde]0300002102f080320700006500000c000400011208128401010000d4010a000000
[2022-01-12 11:05:40,854] [INFO] [MyS7Client.send_receive_my_packet] -> [request]100: 0300002102f080320700006600000800080001120411440100ff090004001c0000
[2022-01-12 11:05:40,854] [INFO] [MyS7Client.send_receive_my_packet] -> [Connect responde]0300002102f080320700006600000c000400011208128401010000d4010a000000
[2022-01-12 11:05:41,069] [INFO] [MyS7Client.send_receive_my_packet] -> [request]101: 0300002102f080320700006700000800080001120411440100ff090004001c0000
[2022-01-12 11:05:41,069] [INFO] [MyS7Client.send_receive_my_packet] -> [Connect responde]0300002102f080320700006700000c000400011208128401010000d4010a000000
[2022-01-12 11:05:41,339] [INFO] [MyS7Client.send_receive_my_packet] -> [request]102: 0300002102f080320700006800000800080001120411440100ff090004001c0000
[2022-01-12 11:05:41,339] [INFO] [MyS7Client.send_receive_my_packet] -> [Connect responde]0300002102f080320700006800000c000400011208128401010000d4010a000000
[2022-01-12 11:05:41,553] [INFO] [MyS7Client.send_receive_my_packet] -> [request]103: 0300002102f080320700006900000800080001120411440100ff090004001c0000
[2022-01-12 11:05:41,554] [INFO] [MyS7Client.send_receive_my_packet] -> [Connect responde]0300002102f080320700006900000c000400011208128401010000d4010a000000
[2022-01-12 11:05:41,765] [INFO] [MyS7Client.send_receive_my_packet] -> [request]104: 0300002102f080320700006a00000800080001120411440100ff090004001c0000
[2022-01-12 11:05:41,766] [INFO] [MyS7Client.send_receive_my_packet] -> [Connect responde]0300002102f080320700006a00000c000400011208128401010000d4010a000000
[2022-01-12 11:05:42,003] [INFO] [MyS7Client.send_receive_my_packet] -> [request]105: 0300002102f080320700006b00000800080001120411440100ff090004001c0000
[2022-01-12 11:05:42,004] [INFO] [MyS7Client.send_receive_my_packet] -> [Connect responde]0300002102f080320700006b00000c000400011208128401010000d4010a000000
[2022-01-12 11:05:42,218] [INFO] [MyS7Client.send_receive_my_packet] -> [request]106: 0300002102f080320700006c00000800080001120411440100ff090004001c0000
[2022-01-12 11:05:42,219] [INFO] [MyS7Client.send_receive_my_packet] -> [Connect responde]0300002102f080320700006c00000c000400011208128401010000d4010a000000
[2022-01-12 11:05:42,436] [INFO] [MyS7Client.send_receive_my_packet] -> [request]107: 0300002102f080320700006d00000800080001120411440100ff090004001c0000
[2022-01-12 11:05:42,437] [INFO] [MyS7Client.send_receive_my_packet] -> [Connect responde]0300002102f080320700006d00000c000400011208128401010000d4010a000000
[2022-01-12 11:05:42,723] [INFO] [MyS7Client.send_receive_my_packet] -> [request]108: 0300002102f080320700006e00000800080001120411440100ff090004001c0000
[2022-01-12 11:05:42,723] [INFO] [MyS7Client.send_receive_my_packet] -> [Connect responde]0300002102f080320700006e00000c000400011208128401010000d4010a000000
[2022-01-12 11:05:52,932] [INFO] [MyS7Client.onlinePLC] -> checking whether the PLC is online
[2022-01-12 11:05:52,949] [INFO] [MyS7Client.onlinePLC] -> the PLC is online
[2022-01-12 11:05:52,990] [INFO] [MyS7Client.send_receive_my_packet] -> [request]109: 0300002102f080320700006f00000800080001120411440100ff090004001c0000
[2022-01-12 11:05:52,991] [INFO] [MyS7Client.send_receive_my_packet] -> [Connect responde]0300002102f080320700006f00000c000400011208128401010000d4010a000000
[2022-01-12 11:05:53,214] [INFO] [MyS7Client.send_receive_my_packet] -> [request]110: 0300002102f080320700007000000800080001120411440100ff090004001c0000
[2022-01-12 11:05:53,215] [INFO] [MyS7Client.send_receive_my_packet] -> [Connect responde]0300002102f080320700007000000c000400011208128401010000d4010a000000
[2022-01-12 11:05:53,430] [INFO] [MyS7Client.send_receive_my_packet] -> [request]111: 0300002102f080320700007100000800080001120411440100ff090004001c0000
[2022-01-12 11:05:53,431] [INFO] [MyS7Client.send_receive_my_packet] -> [Connect responde]0300002102f080320700007100000c000400011208128401010000d4010a000000
[2022-01-12 11:05:53,645] [INFO] [MyS7Client.send_receive_my_packet] -> [request]112: 0300002102f080320700007200000800080001120411440100ff090004001c0000
[2022-01-12 11:05:53,645] [INFO] [MyS7Client.send_receive_my_packet] -> [Connect responde]0300002102f080320700007200000c000400011208128401010000d4010a000000
[2022-01-12 11:05:53,860] [INFO] [MyS7Client.send_receive_my_packet] -> [request]113: 0300002102f080320700007300000800080001120411440100ff090004001c0000
[2022-01-12 11:05:53,860] [INFO] [MyS7Client.send_receive_my_packet] -> [Connect responde]0300002102f080320700007300000c000400011208128401010000d4010a000000
[2022-01-12 11:05:54,163] [INFO] [MyS7Client.send_receive_my_packet] -> [request]114: 0300002102f080320700007400000800080001120411440100ff090004001c0000
[2022-01-12 11:05:54,163] [INFO] [MyS7Client.send_receive_my_packet] -> [Connect responde]0300002102f080320700007400000c000400011208128401010000d4010a000000
[2022-01-12 11:05:54,385] [INFO] [MyS7Client.send_receive_my_packet] -> [request]115: 0300002102f080320700007500000800080001120411440100ff090004001c0000
[2022-01-12 11:05:54,385] [INFO] [MyS7Client.send_receive_my_packet] -> [Connect responde]0300002102f080320700007500000c000400011208128401010000d4010a000000
[2022-01-12 11:05:54,603] [INFO] [MyS7Client.send_receive_my_packet] -> [request]116: 0300002102f080320700007600000800080001120411440100ff090004001c0000
[2022-01-12 11:05:54,604] [INFO] [MyS7Client.send_receive_my_packet] -> [Connect responde]0300002102f080320700007600000c000400011208128401010000d4010a000000
[2022-01-12 11:05:54,826] [INFO] [MyS7Client.send_receive_my_packet] -> [request]117: 0300002102f080320700007700000800080001120411440100ff090004001c0000
[2022-01-12 11:05:54,826] [INFO] [MyS7Client.send_receive_my_packet] -> [Connect responde]0300002102f080320700007700000c000400011208128401010000d4010a000000
[2022-01-12 11:05:55,045] [INFO] [MyS7Client.send_receive_my_packet] -> [request]118: 0300002102f080320700007800000800080001120411440100ff090004001c0000
[2022-01-12 11:05:55,046] [INFO] [MyS7Client.send_receive_my_packet] -> [Connect responde]0300002102f080320700007800000c000400011208128401010000d4010a000000
[2022-01-12 11:05:55,272] [INFO] [MyS7Client.send_receive_my_packet] -> [request]119: 0300002102f080320700007900000800080001120411440100ff090004001c0000
[2022-01-12 11:05:55,272] [INFO] [MyS7Client.send_receive_my_packet] -> [Connect responde]0300002102f080320700007900000c000400011208128401010000d4010a000000
[2022-01-12 11:05:55,488] [INFO] [MyS7Client.send_receive_my_packet] -> [request]120: 0300002102f080320700007a00000800080001120411440100ff090004001c0000
[2022-01-12 11:05:55,489] [INFO] [MyS7Client.send_receive_my_packet] -> [Connect responde]0300002102f080320700007a00000c000400011208128401010000d4010a000000
[2022-01-12 11:05:55,704] [INFO] [MyS7Client.send_receive_my_packet] -> [request]121: 0300002102f080320700007b00000800080001120411440100ff090004001c0000
[2022-01-12 11:05:55,704] [INFO] [MyS7Client.send_receive_my_packet] -> [Connect responde]0300002102f080320700007b00000c000400011208128401010000d4010a000000
[2022-01-12 11:05:55,955] [INFO] [MyS7Client.send_receive_my_packet] -> [request]122: 0300002102f080320700007c00000800080001120411440100ff090004001c0000
[2022-01-12 11:05:55,956] [INFO] [MyS7Client.send_receive_my_packet] -> [Connect responde]0300002102f080320700007c00000c000400011208128401010000d4010a000000
[2022-01-12 11:05:56,168] [INFO] [MyS7Client.send_receive_my_packet] -> [request]123: 0300002102f080320700007d00000800080001120411440100ff090004001c0000
[2022-01-12 11:05:56,168] [INFO] [MyS7Client.send_receive_my_packet] -> [Connect responde]0300002102f080320700007d00000c000400011208128401010000d4010a000000
[2022-01-12 11:05:56,383] [INFO] [MyS7Client.send_receive_my_packet] -> [request]124: 0300002102f080320700007e00000800080001120411440100ff090004001c0000
[2022-01-12 11:05:56,384] [INFO] [MyS7Client.send_receive_my_packet] -> [Connect responde]0300002102f080320700007e00000c000400011208128401010000d4010a000000
[2022-01-12 11:06:06,589] [INFO] [MyS7Client.onlinePLC] -> checking whether the PLC is online
[2022-01-12 11:06:06,599] [INFO] [MyS7Client.onlinePLC] -> the PLC is online
[2022-01-12 11:06:06,616] [INFO] [MyS7Client.send_receive_my_packet] -> [request]125: 0300002102f080320700007f00000800080001120411440100ff090004001c0000
[2022-01-12 11:06:06,617] [INFO] [MyS7Client.send_receive_my_packet] -> [Connect responde]0300002102f080320700007f00000c000400011208128401010000d4010a000000
[2022-01-12 11:06:06,861] [INFO] [MyS7Client.send_receive_my_packet] -> [request]126: 0300002102f080320700008000000800080001120411440100ff090004001c0000
[2022-01-12 11:06:06,861] [INFO] [MyS7Client.send_receive_my_packet] -> [Connect responde]0300002102f080320700008000000c000400011208128401010000d4010a000000
[2022-01-12 11:06:07,084] [INFO] [MyS7Client.send_receive_my_packet] -> [request]127: 0300002102f080320700008100000800080001120411440100ff090004001c0000
[2022-01-12 11:06:07,085] [INFO] [MyS7Client.send_receive_my_packet] -> [Connect responde]0300002102f080320700008100000c000400011208128401010000d4010a000000
[2022-01-12 11:06:07,297] [INFO] [MyS7Client.send_receive_my_packet] -> [request]128: 0300002102f080320700008200000800080001120411440100ff090004001c0000
[2022-01-12 11:06:07,298] [INFO] [MyS7Client.send_receive_my_packet] -> [Connect responde]0300002102f080320700008200000c000400011208128401010000d4010a000000
[2022-01-12 11:06:07,516] [INFO] [MyS7Client.send_receive_my_packet] -> [request]129: 0300002102f080320700008300000800080001120411440100ff090004001c0000
[2022-01-12 11:06:07,517] [INFO] [MyS7Client.send_receive_my_packet] -> [Connect responde]0300002102f080320700008300000c000400011208128401010000d4010a000000
[2022-01-12 11:06:07,788] [INFO] [MyS7Client.send_receive_my_packet] -> [request]130: 0300002102f080320700008400000800080001120411440100ff090004001c0000
[2022-01-12 11:06:07,789] [INFO] [MyS7Client.send_receive_my_packet] -> [Connect responde]0300002102f080320700008400000c000400011208128401010000d4010a000000
[2022-01-12 11:06:08,003] [INFO] [MyS7Client.send_receive_my_packet] -> [request]131: 0300002102f080320700008500000800080001120411440100ff090004001c0000
[2022-01-12 11:06:08,004] [INFO] [MyS7Client.send_receive_my_packet] -> [Connect responde]0300002102f080320700008500000c000400011208128401010000d4010a000000
[2022-01-12 11:06:08,220] [INFO] [MyS7Client.send_receive_my_packet] -> [request]132: 0300001f02f080320100008600000e00000401120a10010003000083000001
[2022-01-12 11:06:08,220] [INFO] [MyS7Client.send_receive_my_packet] -> [Connect responde]0300001a02f0803203000086000002000500000401ff03000100
[2022-01-12 11:06:18,725] [INFO] [MyS7Client.onlinePLC] -> checking whether the PLC is online
[2022-01-12 11:06:24,730] [INFO] [MyS7Client.onlinePLC] -> the PLC is offline
