[2021-11-13 15:59:35,105] [INFO] [BLocate.locate] -> Start binary search crush
[2021-11-13 15:59:35,105] [INFO] [BLocate.locate] -> chosenPacket from 0 to 5 ; leftPackets from 5 to 10.
[2021-11-13 15:59:35,283] [INFO] [MyS7Client.send_receive_s7_packet] -> [Connect request]0300001902f08032010000010000080000f000000a000a00f0
[2021-11-13 15:59:35,284] [INFO] [MyS7Client.send_receive_s7_packet] -> [Connect responde]0300001b02f080320300000100000800000000f0000003000300f0
[2021-11-13 15:59:35,285] [INFO] [MyS7Client.send_s7_packet] -> [request]0300002102f080320700000200000800080001120411440100ff090004001c0000
[2021-11-13 15:59:35,287] [INFO] [MyS7Client.send_s7_packet] -> [request]0300002102f080320700000300000800080001120411440100ff090004001c0000
[2021-11-13 15:59:35,606] [INFO] [MyS7Client.send_s7_packet] -> Send the crush packet
[2021-11-13 15:59:35,609] [INFO] [MyS7Client.send_s7_packet] -> [request]0300001f02f080320100000400000e00000401120a10010003000083000001
[2021-11-13 15:59:35,612] [INFO] [MyS7Client.send_s7_packet] -> [request]0300002102f080320700000500000800080001120411440100ff090004001c0000
[2021-11-13 15:59:35,615] [INFO] [MyS7Client.send_s7_packet] -> [request]0300002102f080320700000600000800080001120411440100ff090004001c0000
[2021-11-13 15:59:38,626] [INFO] [MyS7Client.onlinePLC] -> checking whether the PLC is online
[2021-11-13 15:59:48,700] [INFO] [MyS7Client.onlinePLC] -> the PLC is offline
[2021-11-13 15:59:48,701] [INFO] [BLocate.locate] -> find a crush
[2021-11-13 15:59:48,702] [INFO] [valition.handleCrush] -> handling crush
[2021-11-13 15:59:48,703] [INFO] [valition.__closePlugin] -> trying to switch off the plugin
[2021-11-13 15:59:48,962] [INFO] [valition.__closePlugin] -> Switch off Plugin success!
[2021-11-13 15:59:50,973] [INFO] [valition.__openPlugin] -> trying to switch on the plugin
[2021-11-13 15:59:51,241] [INFO] [valition.__openPlugin] -> Switch on the Plugin success!
[2021-11-13 15:59:54,254] [INFO] [MyS7Client.onlinePLC] -> checking whether the PLC is online
[2021-11-13 15:59:59,282] [INFO] [MyS7Client.onlinePLC] -> the PLC is online
[2021-11-13 15:59:59,282] [INFO] [BLocate.locate] -> chosenPacket from 0 to 2 ; leftPackets from 2 to 5.
[2021-11-13 15:59:59,311] [INFO] [MyS7Client.send_receive_s7_packet] -> [Connect request]0300001902f08032010000070000080000f000000a000a00f0
[2021-11-13 15:59:59,312] [INFO] [MyS7Client.send_receive_s7_packet] -> [Connect responde]0300001b02f080320300000700000800000000f0000003000300f0
[2021-11-13 15:59:59,314] [INFO] [MyS7Client.send_s7_packet] -> [request]0300002102f080320700000800000800080001120411440100ff090004001c0000
[2021-11-13 15:59:59,317] [INFO] [MyS7Client.send_s7_packet] -> [request]0300002102f080320700000900000800080001120411440100ff090004001c0000
[2021-11-13 16:00:02,320] [INFO] [MyS7Client.onlinePLC] -> checking whether the PLC is online
[2021-11-13 16:00:02,334] [INFO] [MyS7Client.onlinePLC] -> the PLC is online
[2021-11-13 16:00:02,334] [INFO] [BLocate.locate] -> chosenPacket from 0 to 1 ; leftPackets from 1 to 3.
[2021-11-13 16:00:02,384] [INFO] [MyS7Client.send_receive_s7_packet] -> [Connect request]0300001902f080320100000a0000080000f000000a000a00f0
[2021-11-13 16:00:02,385] [INFO] [MyS7Client.send_receive_s7_packet] -> [Connect responde]0300001b02f080320300000a00000800000000f0000003000300f0
[2021-11-13 16:00:02,690] [INFO] [MyS7Client.send_s7_packet] -> Send the crush packet
[2021-11-13 16:00:02,691] [INFO] [MyS7Client.send_s7_packet] -> [request]0300001f02f080320100000b00000e00000401120a10010003000083000001
[2021-11-13 16:00:05,705] [INFO] [MyS7Client.onlinePLC] -> checking whether the PLC is online
[2021-11-13 16:00:11,730] [INFO] [MyS7Client.onlinePLC] -> the PLC is offline
[2021-11-13 16:00:11,731] [INFO] [BLocate.locate] -> find a crush
[2021-11-13 16:00:11,731] [INFO] [valition.handleCrush] -> handling crush
[2021-11-13 16:00:11,731] [INFO] [valition.__closePlugin] -> trying to switch off the plugin
[2021-11-13 16:00:12,001] [INFO] [valition.__closePlugin] -> Switch off Plugin success!
[2021-11-13 16:00:14,013] [INFO] [valition.__openPlugin] -> trying to switch on the plugin
[2021-11-13 16:00:14,254] [INFO] [valition.__openPlugin] -> Switch on the Plugin success!
[2021-11-13 16:00:17,261] [INFO] [MyS7Client.onlinePLC] -> checking whether the PLC is online
[2021-11-13 16:00:23,279] [INFO] [MyS7Client.onlinePLC] -> the PLC is offline
[2021-11-13 16:00:26,293] [INFO] [MyS7Client.onlinePLC] -> checking whether the PLC is online
[2021-11-13 16:00:26,301] [INFO] [MyS7Client.onlinePLC] -> the PLC is online
