[2021-11-22 10:25:10,193] [INFO] [BLocate.locate] -> Start binary search crush
[2021-11-22 10:25:10,194] [INFO] [BLocate.locate] -> chosenPacket from 0 to 50 ; leftPackets from 50 to 100.
[2021-11-22 10:25:10,262] [INFO] [MyS7Client.send_receive_s7_packet] -> [Connect request]0300001902f08032010000010000080000f000000a000a00f0
[2021-11-22 10:25:10,263] [INFO] [MyS7Client.send_receive_s7_packet] -> [Connect responde]0300001b02f080320300000100000800000000f0000003000300f0
[2021-11-22 10:25:10,265] [INFO] [MyS7Client.send_s7_packet] -> [request]0300002102f080320700000200000800080001120411440100ff090004001c0000
[2021-11-22 10:25:11,271] [INFO] [MyS7Client.send_s7_packet] -> [request]0300002102f080320700000300000800080001120411440100ff090004001c0000
[2021-11-22 10:25:12,289] [INFO] [MyS7Client.send_s7_packet] -> [request]0300002102f080320700000400000800080001120411440100ff090004001c0000
[2021-11-22 10:25:13,305] [INFO] [MyS7Client.send_s7_packet] -> [request]0300002102f080320700000500000800080001120411440100ff090004001c0000
[2021-11-22 10:25:14,309] [INFO] [MyS7Client.send_s7_packet] -> [request]0300002102f080320700000600000800080001120411440100ff090004001c0000
[2021-11-22 10:25:15,316] [INFO] [MyS7Client.send_s7_packet] -> [request]0300002102f080320700000700000800080001120411440100ff090004001c0000
[2021-11-22 10:25:16,330] [INFO] [MyS7Client.send_s7_packet] -> [request]0300002102f080320700000800000800080001120411440100ff090004001c0000
[2021-11-22 10:25:17,336] [INFO] [MyS7Client.send_s7_packet] -> [request]0300002102f080320700000900000800080001120411440100ff090004001c0000
[2021-11-22 10:25:18,349] [INFO] [MyS7Client.send_s7_packet] -> [request]0300002102f080320700000a00000800080001120411440100ff090004001c0000
[2021-11-22 10:25:19,365] [INFO] [MyS7Client.send_s7_packet] -> [request]0300002102f080320700000b00000800080001120411440100ff090004001c0000
[2021-11-22 10:25:20,372] [INFO] [MyS7Client.send_s7_packet] -> [request]0300002102f080320700000c00000800080001120411440100ff090004001c0000
[2021-11-22 10:25:21,389] [INFO] [MyS7Client.send_s7_packet] -> [request]0300002102f080320700000d00000800080001120411440100ff090004001c0000
[2021-11-22 10:25:22,404] [INFO] [MyS7Client.send_s7_packet] -> [request]0300002102f080320700000e00000800080001120411440100ff090004001c0000
[2021-11-22 10:25:23,410] [INFO] [MyS7Client.send_s7_packet] -> [request]0300002102f080320700000f00000800080001120411440100ff090004001c0000
[2021-11-22 10:25:24,422] [INFO] [MyS7Client.send_s7_packet] -> [request]0300002102f080320700001000000800080001120411440100ff090004001c0000
[2021-11-22 10:25:25,430] [INFO] [MyS7Client.send_s7_packet] -> [request]0300002102f080320700001100000800080001120411440100ff090004001c0000
[2021-11-22 10:25:26,445] [INFO] [MyS7Client.send_s7_packet] -> [request]0300002102f080320700001200000800080001120411440100ff090004001c0000
[2021-11-22 10:25:27,463] [INFO] [MyS7Client.send_s7_packet] -> [request]0300002102f080320700001300000800080001120411440100ff090004001c0000
[2021-11-22 10:25:28,473] [INFO] [MyS7Client.send_s7_packet] -> [request]0300002102f080320700001400000800080001120411440100ff090004001c0000
[2021-11-22 10:25:29,476] [INFO] [MyS7Client.send_s7_packet] -> [request]0300002102f080320700001500000800080001120411440100ff090004001c0000
[2021-11-22 10:25:30,490] [INFO] [MyS7Client.send_s7_packet] -> [request]0300002102f080320700001600000800080001120411440100ff090004001c0000
[2021-11-22 10:25:31,505] [INFO] [MyS7Client.send_s7_packet] -> [request]0300002102f080320700001700000800080001120411440100ff090004001c0000
[2021-11-22 10:25:32,509] [INFO] [MyS7Client.send_s7_packet] -> [request]0300002102f080320700001800000800080001120411440100ff090004001c0000
[2021-11-22 10:25:33,522] [INFO] [MyS7Client.send_s7_packet] -> [request]0300002102f080320700001900000800080001120411440100ff090004001c0000
[2021-11-22 10:25:34,539] [INFO] [MyS7Client.send_s7_packet] -> [request]0300002102f080320700001a00000800080001120411440100ff090004001c0000
[2021-11-22 10:25:35,556] [INFO] [MyS7Client.send_s7_packet] -> [request]0300002102f080320700001b00000800080001120411440100ff090004001c0000
[2021-11-22 10:25:36,567] [INFO] [MyS7Client.send_s7_packet] -> [request]0300002102f080320700001c00000800080001120411440100ff090004001c0000
[2021-11-22 10:25:37,579] [INFO] [MyS7Client.send_s7_packet] -> [request]0300002102f080320700001d00000800080001120411440100ff090004001c0000
[2021-11-22 10:25:38,585] [INFO] [MyS7Client.send_s7_packet] -> [request]0300002102f080320700001e00000800080001120411440100ff090004001c0000
[2021-11-22 10:25:39,598] [INFO] [MyS7Client.send_s7_packet] -> [request]0300002102f080320700001f00000800080001120411440100ff090004001c0000
[2021-11-22 10:25:40,613] [INFO] [MyS7Client.send_s7_packet] -> [request]0300002102f080320700002000000800080001120411440100ff090004001c0000
[2021-11-22 10:25:41,628] [INFO] [MyS7Client.send_s7_packet] -> [request]0300002102f080320700002100000800080001120411440100ff090004001c0000
[2021-11-22 10:25:42,637] [INFO] [MyS7Client.send_s7_packet] -> [request]0300002102f080320700002200000800080001120411440100ff090004001c0000
[2021-11-22 10:25:43,649] [INFO] [MyS7Client.send_s7_packet] -> [request]0300002102f080320700002300000800080001120411440100ff090004001c0000
[2021-11-22 10:25:44,665] [INFO] [MyS7Client.send_s7_packet] -> [request]0300002102f080320700002400000800080001120411440100ff090004001c0000
[2021-11-22 10:25:45,679] [INFO] [MyS7Client.send_s7_packet] -> [request]0300002102f080320700002500000800080001120411440100ff090004001c0000
[2021-11-22 10:25:46,693] [INFO] [MyS7Client.send_s7_packet] -> [request]0300002102f080320700002600000800080001120411440100ff090004001c0000
[2021-11-22 10:25:47,710] [INFO] [MyS7Client.send_s7_packet] -> [request]0300002102f080320700002700000800080001120411440100ff090004001c0000
