[2022-01-12 11:13:07,515] [INFO] [MyS7Client.send_receive_s7_packet] -> [Connect request]0300001902f08032010000010000080000f000000a000a00f0
[2022-01-12 11:13:07,516] [INFO] [MyS7Client.send_receive_s7_packet] -> [Connect responde]0300001b02f080320300000100000800000000f0000003000300f0
[2022-01-12 11:13:07,695] [INFO] [MyS7Client.send_receive_my_packet] -> [request]1: 0300002102f080320700000200000800080001120411440100ff090004001c0000
[2022-01-12 11:13:07,696] [INFO] [MyS7Client.send_receive_my_packet] -> [Connect responde]0300002102f080320700000200000c000400011208128401010000d4010a000000
[2022-01-12 11:13:07,931] [INFO] [MyS7Client.send_receive_my_packet] -> [request]2: 0300002102f080320700000300000800080001120411440100ff090004001c0000
[2022-01-12 11:13:07,959] [INFO] [MyS7Client.send_receive_my_packet] -> [Connect responde]0300002102f080320700000300000c000400011208128401010000d4010a000000
[2022-01-12 11:13:08,195] [INFO] [MyS7Client.send_receive_my_packet] -> [request]3: 0300002102f080320700000400000800080001120411440100ff090004001c0000
[2022-01-12 11:13:08,195] [INFO] [MyS7Client.send_receive_my_packet] -> [Connect responde]0300002102f080320700000400000c000400011208128401010000d4010a000000
[2022-01-12 11:13:08,412] [INFO] [MyS7Client.send_receive_my_packet] -> [request]4: 0300002102f080320700000500000800080001120411440100ff090004001c0000
[2022-01-12 11:13:08,413] [INFO] [MyS7Client.send_receive_my_packet] -> [Connect responde]0300002102f080320700000500000c000400011208128401010000d4010a000000
[2022-01-12 11:13:08,628] [INFO] [MyS7Client.send_receive_my_packet] -> [request]5: 0300002102f080320700000600000800080001120411440100ff090004001c0000
[2022-01-12 11:13:08,628] [INFO] [MyS7Client.send_receive_my_packet] -> [Connect responde]0300002102f080320700000600000c000400011208128401010000d4010a000000
[2022-01-12 11:13:08,841] [INFO] [MyS7Client.send_receive_my_packet] -> [request]6: 0300002102f080320700000700000800080001120411440100ff090004001c0000
[2022-01-12 11:13:08,842] [INFO] [MyS7Client.send_receive_my_packet] -> [Connect responde]0300002102f080320700000700000c000400011208128401010000d4010a000000
[2022-01-12 11:13:09,051] [INFO] [MyS7Client.send_receive_my_packet] -> [request]7: 0300002102f080320700000800000800080001120411440100ff090004001c0000
[2022-01-12 11:13:09,051] [INFO] [MyS7Client.send_receive_my_packet] -> [Connect responde]0300002102f080320700000800000c000400011208128401010000d4010a000000
[2022-01-12 11:13:09,268] [INFO] [MyS7Client.send_receive_my_packet] -> [request]8: 0300002102f080320700000900000800080001120411440100ff090004001c0000
[2022-01-12 11:13:09,269] [INFO] [MyS7Client.send_receive_my_packet] -> [Connect responde]0300002102f080320700000900000c000400011208128401010000d4010a000000
[2022-01-12 11:13:09,487] [INFO] [MyS7Client.send_receive_my_packet] -> [request]9: 0300002102f080320700000a00000800080001120411440100ff090004001c0000
[2022-01-12 11:13:09,487] [INFO] [MyS7Client.send_receive_my_packet] -> [Connect responde]0300002102f080320700000a00000c000400011208128401010000d4010a000000
[2022-01-12 11:13:09,736] [INFO] [MyS7Client.send_receive_my_packet] -> [request]10: 0300002102f080320700000b00000800080001120411440100ff090004001c0000
[2022-01-12 11:13:09,737] [INFO] [MyS7Client.send_receive_my_packet] -> [Connect responde]0300002102f080320700000b00000c000400011208128401010000d4010a000000
[2022-01-12 11:13:09,949] [INFO] [MyS7Client.send_receive_my_packet] -> [request]11: 0300002102f080320700000c00000800080001120411440100ff090004001c0000
[2022-01-12 11:13:09,949] [INFO] [MyS7Client.send_receive_my_packet] -> [Connect responde]0300002102f080320700000c00000c000400011208128401010000d4010a000000
[2022-01-12 11:13:10,171] [INFO] [MyS7Client.send_receive_my_packet] -> [request]12: 0300002102f080320700000d00000800080001120411440100ff090004001c0000
[2022-01-12 11:13:10,172] [INFO] [MyS7Client.send_receive_my_packet] -> [Connect responde]0300002102f080320700000d00000c000400011208128401010000d4010a000000
[2022-01-12 11:13:10,383] [INFO] [MyS7Client.send_receive_my_packet] -> [request]13: 0300002102f080320700000e00000800080001120411440100ff090004001c0000
[2022-01-12 11:13:10,384] [INFO] [MyS7Client.send_receive_my_packet] -> [Connect responde]0300002102f080320700000e00000c000400011208128401010000d4010a000000
[2022-01-12 11:13:10,597] [INFO] [MyS7Client.send_receive_my_packet] -> [request]14: 0300002102f080320700000f00000800080001120411440100ff090004001c0000
[2022-01-12 11:13:10,598] [INFO] [MyS7Client.send_receive_my_packet] -> [Connect responde]0300002102f080320700000f00000c000400011208128401010000d4010a000000
[2022-01-12 11:13:10,838] [INFO] [MyS7Client.send_receive_my_packet] -> [request]15: 0300002102f080320700001000000800080001120411440100ff090004001c0000
[2022-01-12 11:13:10,839] [INFO] [MyS7Client.send_receive_my_packet] -> [Connect responde]0300002102f080320700001000000c000400011208128401010000d4010a000000
[2022-01-12 11:13:11,052] [INFO] [MyS7Client.send_receive_my_packet] -> [request]16: 0300002102f080320700001100000800080001120411440100ff090004001c0000
[2022-01-12 11:13:11,053] [INFO] [MyS7Client.send_receive_my_packet] -> [Connect responde]0300002102f080320700001100000c000400011208128401010000d4010a000000
[2022-01-12 11:13:11,266] [INFO] [MyS7Client.send_receive_my_packet] -> [request]17: 0300002102f080320700001200000800080001120411440100ff090004001c0000
[2022-01-12 11:13:11,266] [INFO] [MyS7Client.send_receive_my_packet] -> [Connect responde]0300002102f080320700001200000c000400011208128401010000d4010a000000
[2022-01-12 11:13:11,480] [INFO] [MyS7Client.send_receive_my_packet] -> [request]18: 0300002102f080320700001300000800080001120411440100ff090004001c0000
[2022-01-12 11:13:11,480] [INFO] [MyS7Client.send_receive_my_packet] -> [Connect responde]0300002102f080320700001300000c000400011208128401010000d4010a000000
[2022-01-12 11:13:11,743] [INFO] [MyS7Client.send_receive_my_packet] -> [request]19: 0300002102f080320700001400000800080001120411440100ff090004001c0000
[2022-01-12 11:13:11,744] [INFO] [MyS7Client.send_receive_my_packet] -> [Connect responde]0300002102f080320700001400000c000400011208128401010000d4010a000000
[2022-01-12 11:13:11,954] [INFO] [MyS7Client.send_receive_my_packet] -> [request]20: 0300002102f080320700001500000800080001120411440100ff090004001c0000
[2022-01-12 11:13:11,955] [INFO] [MyS7Client.send_receive_my_packet] -> [Connect responde]0300002102f080320700001500000c000400011208128401010000d4010a000000
[2022-01-12 11:13:12,249] [INFO] [MyS7Client.send_receive_my_packet] -> [request]21: 0300002102f080320700001600000800080001120411440100ff090004001c0000
[2022-01-12 11:13:12,249] [INFO] [MyS7Client.send_receive_my_packet] -> [Connect responde]0300002102f080320700001600000c000400011208128401010000d4010a000000
[2022-01-12 11:13:12,496] [INFO] [MyS7Client.send_receive_my_packet] -> [request]22: 0300002102f080320700001700000800080001120411440100ff090004001c0000
[2022-01-12 11:13:12,496] [INFO] [MyS7Client.send_receive_my_packet] -> [Connect responde]0300002102f080320700001700000c000400011208128401010000d4010a000000
[2022-01-12 11:13:12,731] [INFO] [MyS7Client.send_receive_my_packet] -> [request]23: 0300002102f080320700001800000800080001120411440100ff090004001c0000
[2022-01-12 11:13:12,731] [INFO] [MyS7Client.send_receive_my_packet] -> [Connect responde]0300002102f080320700001800000c000400011208128401010000d4010a000000
[2022-01-12 11:13:12,961] [INFO] [MyS7Client.send_receive_my_packet] -> [request]24: 0300002102f080320700001900000800080001120411440100ff090004001c0000
[2022-01-12 11:13:12,961] [INFO] [MyS7Client.send_receive_my_packet] -> [Connect responde]0300002102f080320700001900000c000400011208128401010000d4010a000000
[2022-01-12 11:13:13,179] [INFO] [MyS7Client.send_receive_my_packet] -> [request]25: 0300002102f080320700001a00000800080001120411440100ff090004001c0000
[2022-01-12 11:13:13,180] [INFO] [MyS7Client.send_receive_my_packet] -> [Connect responde]0300002102f080320700001a00000c000400011208128401010000d4010a000000
[2022-01-12 11:13:13,421] [INFO] [MyS7Client.send_receive_my_packet] -> [request]26: 0300002102f080320700001b00000800080001120411440100ff090004001c0000
[2022-01-12 11:13:13,422] [INFO] [MyS7Client.send_receive_my_packet] -> [Connect responde]0300002102f080320700001b00000c000400011208128401010000d4010a000000
[2022-01-12 11:13:13,642] [INFO] [MyS7Client.send_receive_my_packet] -> [request]27: 0300002102f080320700001c00000800080001120411440100ff090004001c0000
[2022-01-12 11:13:13,643] [INFO] [MyS7Client.send_receive_my_packet] -> [Connect responde]0300002102f080320700001c00000c000400011208128401010000d4010a000000
[2022-01-12 11:13:13,883] [INFO] [MyS7Client.send_receive_my_packet] -> [request]28: 0300002102f080320700001d00000800080001120411440100ff090004001c0000
[2022-01-12 11:13:13,883] [INFO] [MyS7Client.send_receive_my_packet] -> [Connect responde]0300002102f080320700001d00000c000400011208128401010000d4010a000000
[2022-01-12 11:13:14,104] [INFO] [MyS7Client.send_receive_my_packet] -> [request]29: 0300002102f080320700001e00000800080001120411440100ff090004001c0000
[2022-01-12 11:13:14,105] [INFO] [MyS7Client.send_receive_my_packet] -> [Connect responde]0300002102f080320700001e00000c000400011208128401010000d4010a000000
[2022-01-12 11:13:14,378] [INFO] [MyS7Client.send_receive_my_packet] -> [request]30: 0300002102f080320700001f00000800080001120411440100ff090004001c0000
[2022-01-12 11:13:14,378] [INFO] [MyS7Client.send_receive_my_packet] -> [Connect responde]0300002102f080320700001f00000c000400011208128401010000d4010a000000
[2022-01-12 11:13:14,582] [INFO] [MyS7Client.onlinePLC] -> checking whether the PLC is online
[2022-01-12 11:13:14,598] [INFO] [MyS7Client.onlinePLC] -> the PLC is online
[2022-01-12 11:13:14,642] [INFO] [MyS7Client.send_receive_my_packet] -> [request]31: 0300002102f080320700002000000800080001120411440100ff090004001c0000
[2022-01-12 11:13:14,642] [INFO] [MyS7Client.send_receive_my_packet] -> [Connect responde]0300002102f080320700002000000c000400011208128401010000d4010a000000
[2022-01-12 11:13:14,865] [INFO] [MyS7Client.send_receive_my_packet] -> [request]32: 0300002102f080320700002100000800080001120411440100ff090004001c0000
[2022-01-12 11:13:14,865] [INFO] [MyS7Client.send_receive_my_packet] -> [Connect responde]0300002102f080320700002100000c000400011208128401010000d4010a000000
[2022-01-12 11:13:15,088] [INFO] [MyS7Client.send_receive_my_packet] -> [request]33: 0300002102f080320700002200000800080001120411440100ff090004001c0000
[2022-01-12 11:13:15,089] [INFO] [MyS7Client.send_receive_my_packet] -> [Connect responde]0300002102f080320700002200000c000400011208128401010000d4010a000000
[2022-01-12 11:13:15,301] [INFO] [MyS7Client.send_receive_my_packet] -> [request]34: 0300002102f080320700002300000800080001120411440100ff090004001c0000
[2022-01-12 11:13:15,301] [INFO] [MyS7Client.send_receive_my_packet] -> [Connect responde]0300002102f080320700002300000c000400011208128401010000d4010a000000
[2022-01-12 11:13:15,510] [INFO] [MyS7Client.send_receive_my_packet] -> [request]35: 0300002102f080320700002400000800080001120411440100ff090004001c0000
[2022-01-12 11:13:15,510] [INFO] [MyS7Client.send_receive_my_packet] -> [Connect responde]0300002102f080320700002400000c000400011208128401010000d4010a000000
[2022-01-12 11:13:15,760] [INFO] [MyS7Client.send_receive_my_packet] -> [request]36: 0300002102f080320700002500000800080001120411440100ff090004001c0000
[2022-01-12 11:13:15,761] [INFO] [MyS7Client.send_receive_my_packet] -> [Connect responde]0300002102f080320700002500000c000400011208128401010000d4010a000000
[2022-01-12 11:13:15,987] [INFO] [MyS7Client.send_receive_my_packet] -> [request]37: 0300002102f080320700002600000800080001120411440100ff090004001c0000
[2022-01-12 11:13:15,987] [INFO] [MyS7Client.send_receive_my_packet] -> [Connect responde]0300002102f080320700002600000c000400011208128401010000d4010a000000
[2022-01-12 11:13:16,200] [INFO] [MyS7Client.send_receive_my_packet] -> [request]38: 0300002102f080320700002700000800080001120411440100ff090004001c0000
[2022-01-12 11:13:16,200] [INFO] [MyS7Client.send_receive_my_packet] -> [Connect responde]0300002102f080320700002700000c000400011208128401010000d4010a000000
[2022-01-12 11:13:16,410] [INFO] [MyS7Client.send_receive_my_packet] -> [request]39: 0300002102f080320700002800000800080001120411440100ff090004001c0000
[2022-01-12 11:13:16,411] [INFO] [MyS7Client.send_receive_my_packet] -> [Connect responde]0300002102f080320700002800000c000400011208128401010000d4010a000000
[2022-01-12 11:13:16,639] [INFO] [MyS7Client.send_receive_my_packet] -> [request]40: 0300002102f080320700002900000800080001120411440100ff090004001c0000
[2022-01-12 11:13:16,640] [INFO] [MyS7Client.send_receive_my_packet] -> [Connect responde]0300002102f080320700002900000c000400011208128401010000d4010a000000
[2022-01-12 11:13:16,912] [INFO] [MyS7Client.send_receive_my_packet] -> [request]41: 0300002102f080320700002a00000800080001120411440100ff090004001c0000
[2022-01-12 11:13:16,913] [INFO] [MyS7Client.send_receive_my_packet] -> [Connect responde]0300002102f080320700002a00000c000400011208128401010000d4010a000000
[2022-01-12 11:13:17,160] [INFO] [MyS7Client.send_receive_my_packet] -> [request]42: 0300002102f080320700002b00000800080001120411440100ff090004001c0000
[2022-01-12 11:13:17,161] [INFO] [MyS7Client.send_receive_my_packet] -> [Connect responde]0300002102f080320700002b00000c000400011208128401010000d4010a000000
[2022-01-12 11:13:17,711] [INFO] [MyS7Client.send_receive_my_packet] -> [request]43: 0300002102f080320700002c00000800080001120411440100ff090004001c0000
[2022-01-12 11:13:17,712] [INFO] [MyS7Client.send_receive_my_packet] -> [Connect responde]0300002102f080320700002c00000c000400011208128401010000d4010a000000
[2022-01-12 11:13:17,931] [INFO] [MyS7Client.send_receive_my_packet] -> [request]44: 0300002102f080320700002d00000800080001120411440100ff090004001c0000
[2022-01-12 11:13:17,931] [INFO] [MyS7Client.send_receive_my_packet] -> [Connect responde]0300002102f080320700002d00000c000400011208128401010000d4010a000000
[2022-01-12 11:13:18,412] [INFO] [MyS7Client.send_receive_my_packet] -> [request]45: 0300002102f080320700002e00000800080001120411440100ff090004001c0000
[2022-01-12 11:13:18,412] [INFO] [MyS7Client.send_receive_my_packet] -> [Connect responde]0300002102f080320700002e00000c000400011208128401010000d4010a000000
[2022-01-12 11:13:18,793] [INFO] [MyS7Client.send_receive_my_packet] -> [request]46: 0300002102f080320700002f00000800080001120411440100ff090004001c0000
[2022-01-12 11:13:18,793] [INFO] [MyS7Client.send_receive_my_packet] -> [Connect responde]0300002102f080320700002f00000c000400011208128401010000d4010a000000
[2022-01-12 11:13:19,037] [INFO] [MyS7Client.send_receive_my_packet] -> [request]47: 0300002102f080320700003000000800080001120411440100ff090004001c0000
[2022-01-12 11:13:19,038] [INFO] [MyS7Client.send_receive_my_packet] -> [Connect responde]0300002102f080320700003000000c000400011208128401010000d4010a000000
[2022-01-12 11:13:19,267] [INFO] [MyS7Client.send_receive_my_packet] -> [request]48: 0300002102f080320700003100000800080001120411440100ff090004001c0000
[2022-01-12 11:13:19,268] [INFO] [MyS7Client.send_receive_my_packet] -> [Connect responde]0300002102f080320700003100000c000400011208128401010000d4010a000000
[2022-01-12 11:13:19,490] [INFO] [MyS7Client.send_receive_my_packet] -> [request]49: 0300002102f080320700003200000800080001120411440100ff090004001c0000
[2022-01-12 11:13:19,490] [INFO] [MyS7Client.send_receive_my_packet] -> [Connect responde]0300002102f080320700003200000c000400011208128401010000d4010a000000
[2022-01-12 11:13:19,864] [INFO] [MyS7Client.send_receive_my_packet] -> [request]50: 0300002102f080320700003300000800080001120411440100ff090004001c0000
[2022-01-12 11:13:19,865] [INFO] [MyS7Client.send_receive_my_packet] -> [Connect responde]0300002102f080320700003300000c000400011208128401010000d4010a000000
[2022-01-12 11:13:20,120] [INFO] [MyS7Client.send_receive_my_packet] -> [request]51: 0300002102f080320700003400000800080001120411440100ff090004001c0000
[2022-01-12 11:13:20,120] [INFO] [MyS7Client.send_receive_my_packet] -> [Connect responde]0300002102f080320700003400000c000400011208128401010000d4010a000000
[2022-01-12 11:13:20,338] [INFO] [MyS7Client.send_receive_my_packet] -> [request]52: 0300002102f080320700003500000800080001120411440100ff090004001c0000
[2022-01-12 11:13:20,339] [INFO] [MyS7Client.send_receive_my_packet] -> [Connect responde]0300002102f080320700003500000c000400011208128401010000d4010a000000
[2022-01-12 11:13:20,820] [INFO] [MyS7Client.send_receive_my_packet] -> [request]53: 0300002102f080320700003600000800080001120411440100ff090004001c0000
[2022-01-12 11:13:20,821] [INFO] [MyS7Client.send_receive_my_packet] -> [Connect responde]0300002102f080320700003600000c000400011208128401010000d4010a000000
[2022-01-12 11:13:21,036] [INFO] [MyS7Client.send_receive_my_packet] -> [request]54: 0300002102f080320700003700000800080001120411440100ff090004001c0000
[2022-01-12 11:13:21,037] [INFO] [MyS7Client.send_receive_my_packet] -> [Connect responde]0300002102f080320700003700000c000400011208128401010000d4010a000000
[2022-01-12 11:13:21,253] [INFO] [MyS7Client.send_receive_my_packet] -> [request]55: 0300002102f080320700003800000800080001120411440100ff090004001c0000
[2022-01-12 11:13:21,254] [INFO] [MyS7Client.send_receive_my_packet] -> [Connect responde]0300002102f080320700003800000c000400011208128401010000d4010a000000
[2022-01-12 11:13:21,691] [INFO] [MyS7Client.send_receive_my_packet] -> [request]56: 0300002102f080320700003900000800080001120411440100ff090004001c0000
[2022-01-12 11:13:21,691] [INFO] [MyS7Client.send_receive_my_packet] -> [Connect responde]0300002102f080320700003900000c000400011208128401010000d4010a000000
[2022-01-12 11:13:21,915] [INFO] [MyS7Client.send_receive_my_packet] -> [request]57: 0300002102f080320700003a00000800080001120411440100ff090004001c0000
[2022-01-12 11:13:21,915] [INFO] [MyS7Client.send_receive_my_packet] -> [Connect responde]0300002102f080320700003a00000c000400011208128401010000d4010a000000
[2022-01-12 11:13:22,140] [INFO] [MyS7Client.send_receive_my_packet] -> [request]58: 0300002102f080320700003b00000800080001120411440100ff090004001c0000
[2022-01-12 11:13:22,140] [INFO] [MyS7Client.send_receive_my_packet] -> [Connect responde]0300002102f080320700003b00000c000400011208128401010000d4010a000000
[2022-01-12 11:13:22,358] [INFO] [MyS7Client.send_receive_my_packet] -> [request]59: 0300002102f080320700003c00000800080001120411440100ff090004001c0000
[2022-01-12 11:13:22,358] [INFO] [MyS7Client.send_receive_my_packet] -> [Connect responde]0300002102f080320700003c00000c000400011208128401010000d4010a000000
[2022-01-12 11:13:22,573] [INFO] [MyS7Client.send_receive_my_packet] -> [request]60: 0300002102f080320700003d00000800080001120411440100ff090004001c0000
[2022-01-12 11:13:22,574] [INFO] [MyS7Client.send_receive_my_packet] -> [Connect responde]0300002102f080320700003d00000c000400011208128401010000d4010a000000
[2022-01-12 11:13:22,796] [INFO] [MyS7Client.send_receive_my_packet] -> [request]61: 0300002102f080320700003e00000800080001120411440100ff090004001c0000
[2022-01-12 11:13:22,796] [INFO] [MyS7Client.send_receive_my_packet] -> [Connect responde]0300002102f080320700003e00000c000400011208128401010000d4010a000000
[2022-01-12 11:13:23,013] [INFO] [MyS7Client.send_receive_my_packet] -> [request]62: 0300002102f080320700003f00000800080001120411440100ff090004001c0000
[2022-01-12 11:13:23,013] [INFO] [MyS7Client.send_receive_my_packet] -> [Connect responde]0300002102f080320700003f00000c000400011208128401010000d4010a000000
[2022-01-12 11:13:23,225] [INFO] [MyS7Client.send_receive_my_packet] -> [request]63: 0300002102f080320700004000000800080001120411440100ff090004001c0000
[2022-01-12 11:13:23,226] [INFO] [MyS7Client.send_receive_my_packet] -> [Connect responde]0300002102f080320700004000000c000400011208128401010000d4010a000000
[2022-01-12 11:13:23,441] [INFO] [MyS7Client.send_receive_my_packet] -> [request]64: 0300002102f080320700004100000800080001120411440100ff090004001c0000
[2022-01-12 11:13:23,441] [INFO] [MyS7Client.send_receive_my_packet] -> [Connect responde]0300002102f080320700004100000c000400011208128401010000d4010a000000
[2022-01-12 11:13:23,661] [INFO] [MyS7Client.send_receive_my_packet] -> [request]65: 0300002102f080320700004200000800080001120411440100ff090004001c0000
[2022-01-12 11:13:23,662] [INFO] [MyS7Client.send_receive_my_packet] -> [Connect responde]0300002102f080320700004200000c000400011208128401010000d4010a000000
[2022-01-12 11:13:23,880] [INFO] [MyS7Client.send_receive_my_packet] -> [request]66: 0300002102f080320700004300000800080001120411440100ff090004001c0000
[2022-01-12 11:13:23,880] [INFO] [MyS7Client.send_receive_my_packet] -> [Connect responde]0300002102f080320700004300000c000400011208128401010000d4010a000000
[2022-01-12 11:13:24,095] [INFO] [MyS7Client.send_receive_my_packet] -> [request]67: 0300002102f080320700004400000800080001120411440100ff090004001c0000
[2022-01-12 11:13:24,096] [INFO] [MyS7Client.send_receive_my_packet] -> [Connect responde]0300002102f080320700004400000c000400011208128401010000d4010a000000
[2022-01-12 11:13:24,308] [INFO] [MyS7Client.send_receive_my_packet] -> [request]68: 0300002102f080320700004500000800080001120411440100ff090004001c0000
[2022-01-12 11:13:24,308] [INFO] [MyS7Client.send_receive_my_packet] -> [Connect responde]0300002102f080320700004500000c000400011208128401010000d4010a000000
[2022-01-12 11:13:24,520] [INFO] [MyS7Client.send_receive_my_packet] -> [request]69: 0300002102f080320700004600000800080001120411440100ff090004001c0000
[2022-01-12 11:13:24,521] [INFO] [MyS7Client.send_receive_my_packet] -> [Connect responde]0300002102f080320700004600000c000400011208128401010000d4010a000000
[2022-01-12 11:13:24,747] [INFO] [MyS7Client.send_receive_my_packet] -> [request]70: 0300002102f080320700004700000800080001120411440100ff090004001c0000
[2022-01-12 11:13:24,747] [INFO] [MyS7Client.send_receive_my_packet] -> [Connect responde]0300002102f080320700004700000c000400011208128401010000d4010a000000
[2022-01-12 11:13:24,965] [INFO] [MyS7Client.send_receive_my_packet] -> [request]71: 0300002102f080320700004800000800080001120411440100ff090004001c0000
[2022-01-12 11:13:24,966] [INFO] [MyS7Client.send_receive_my_packet] -> [Connect responde]0300002102f080320700004800000c000400011208128401010000d4010a000000
[2022-01-12 11:13:25,207] [INFO] [MyS7Client.send_receive_my_packet] -> [request]72: 0300002102f080320700004900000800080001120411440100ff090004001c0000
[2022-01-12 11:13:25,208] [INFO] [MyS7Client.send_receive_my_packet] -> [Connect responde]0300002102f080320700004900000c000400011208128401010000d4010a000000
[2022-01-12 11:13:25,421] [INFO] [MyS7Client.send_receive_my_packet] -> [request]73: 0300002102f080320700004a00000800080001120411440100ff090004001c0000
[2022-01-12 11:13:25,422] [INFO] [MyS7Client.send_receive_my_packet] -> [Connect responde]0300002102f080320700004a00000c000400011208128401010000d4010a000000
[2022-01-12 11:13:25,641] [INFO] [MyS7Client.send_receive_my_packet] -> [request]74: 0300002102f080320700004b00000800080001120411440100ff090004001c0000
[2022-01-12 11:13:25,641] [INFO] [MyS7Client.send_receive_my_packet] -> [Connect responde]0300002102f080320700004b00000c000400011208128401010000d4010a000000
[2022-01-12 11:13:25,856] [INFO] [MyS7Client.send_receive_my_packet] -> [request]75: 0300002102f080320700004c00000800080001120411440100ff090004001c0000
[2022-01-12 11:13:25,856] [INFO] [MyS7Client.send_receive_my_packet] -> [Connect responde]0300002102f080320700004c00000c000400011208128401010000d4010a000000
[2022-01-12 11:13:26,068] [INFO] [MyS7Client.send_receive_my_packet] -> [request]76: 0300002102f080320700004d00000800080001120411440100ff090004001c0000
[2022-01-12 11:13:26,069] [INFO] [MyS7Client.send_receive_my_packet] -> [Connect responde]0300002102f080320700004d00000c000400011208128401010000d4010a000000
[2022-01-12 11:13:26,292] [INFO] [MyS7Client.send_receive_my_packet] -> [request]77: 0300002102f080320700004e00000800080001120411440100ff090004001c0000
[2022-01-12 11:13:26,292] [INFO] [MyS7Client.send_receive_my_packet] -> [Connect responde]0300002102f080320700004e00000c000400011208128401010000d4010a000000
[2022-01-12 11:13:26,512] [INFO] [MyS7Client.send_receive_my_packet] -> [request]78: 0300002102f080320700004f00000800080001120411440100ff090004001c0000
[2022-01-12 11:13:26,513] [INFO] [MyS7Client.send_receive_my_packet] -> [Connect responde]0300002102f080320700004f00000c000400011208128401010000d4010a000000
[2022-01-12 11:13:26,731] [INFO] [MyS7Client.send_receive_my_packet] -> [request]79: 0300002102f080320700005000000800080001120411440100ff090004001c0000
[2022-01-12 11:13:26,732] [INFO] [MyS7Client.send_receive_my_packet] -> [Connect responde]0300002102f080320700005000000c000400011208128401010000d4010a000000
[2022-01-12 11:13:26,988] [INFO] [MyS7Client.send_receive_my_packet] -> [request]80: 0300002102f080320700005100000800080001120411440100ff090004001c0000
[2022-01-12 11:13:26,988] [INFO] [MyS7Client.send_receive_my_packet] -> [Connect responde]0300002102f080320700005100000c000400011208128401010000d4010a000000
[2022-01-12 11:13:27,238] [INFO] [MyS7Client.send_receive_my_packet] -> [request]81: 0300002102f080320700005200000800080001120411440100ff090004001c0000
[2022-01-12 11:13:27,239] [INFO] [MyS7Client.send_receive_my_packet] -> [Connect responde]0300002102f080320700005200000c000400011208128401010000d4010a000000
[2022-01-12 11:13:27,493] [INFO] [MyS7Client.send_receive_my_packet] -> [request]82: 0300002102f080320700005300000800080001120411440100ff090004001c0000
[2022-01-12 11:13:27,494] [INFO] [MyS7Client.send_receive_my_packet] -> [Connect responde]0300002102f080320700005300000c000400011208128401010000d4010a000000
[2022-01-12 11:13:27,709] [INFO] [MyS7Client.send_receive_my_packet] -> [request]83: 0300002102f080320700005400000800080001120411440100ff090004001c0000
[2022-01-12 11:13:27,709] [INFO] [MyS7Client.send_receive_my_packet] -> [Connect responde]0300002102f080320700005400000c000400011208128401010000d4010a000000
[2022-01-12 11:13:27,927] [INFO] [MyS7Client.send_receive_my_packet] -> [request]84: 0300002102f080320700005500000800080001120411440100ff090004001c0000
[2022-01-12 11:13:27,928] [INFO] [MyS7Client.send_receive_my_packet] -> [Connect responde]0300002102f080320700005500000c000400011208128401010000d4010a000000
[2022-01-12 11:13:28,150] [INFO] [MyS7Client.send_receive_my_packet] -> [request]85: 0300002102f080320700005600000800080001120411440100ff090004001c0000
[2022-01-12 11:13:28,150] [INFO] [MyS7Client.send_receive_my_packet] -> [Connect responde]0300002102f080320700005600000c000400011208128401010000d4010a000000
[2022-01-12 11:13:28,366] [INFO] [MyS7Client.send_receive_my_packet] -> [request]86: 0300002102f080320700005700000800080001120411440100ff090004001c0000
[2022-01-12 11:13:28,367] [INFO] [MyS7Client.send_receive_my_packet] -> [Connect responde]0300002102f080320700005700000c000400011208128401010000d4010a000000
[2022-01-12 11:13:28,599] [INFO] [MyS7Client.send_receive_my_packet] -> [request]87: 0300002102f080320700005800000800080001120411440100ff090004001c0000
[2022-01-12 11:13:28,600] [INFO] [MyS7Client.send_receive_my_packet] -> [Connect responde]0300002102f080320700005800000c000400011208128401010000d4010a000000
[2022-01-12 11:13:28,816] [INFO] [MyS7Client.send_receive_my_packet] -> [request]88: 0300002102f080320700005900000800080001120411440100ff090004001c0000
[2022-01-12 11:13:28,817] [INFO] [MyS7Client.send_receive_my_packet] -> [Connect responde]0300002102f080320700005900000c000400011208128401010000d4010a000000
[2022-01-12 11:13:29,032] [INFO] [MyS7Client.send_receive_my_packet] -> [request]89: 0300002102f080320700005a00000800080001120411440100ff090004001c0000
[2022-01-12 11:13:29,033] [INFO] [MyS7Client.send_receive_my_packet] -> [Connect responde]0300002102f080320700005a00000c000400011208128401010000d4010a000000
[2022-01-12 11:13:29,250] [INFO] [MyS7Client.send_receive_my_packet] -> [request]90: 0300002102f080320700005b00000800080001120411440100ff090004001c0000
[2022-01-12 11:13:29,250] [INFO] [MyS7Client.send_receive_my_packet] -> [Connect responde]0300002102f080320700005b00000c000400011208128401010000d4010a000000
[2022-01-12 11:13:29,468] [INFO] [MyS7Client.send_receive_my_packet] -> [request]91: 0300002102f080320700005c00000800080001120411440100ff090004001c0000
[2022-01-12 11:13:29,468] [INFO] [MyS7Client.send_receive_my_packet] -> [Connect responde]0300002102f080320700005c00000c000400011208128401010000d4010a000000
[2022-01-12 11:13:29,690] [INFO] [MyS7Client.send_receive_my_packet] -> [request]92: 0300002102f080320700005d00000800080001120411440100ff090004001c0000
[2022-01-12 11:13:29,690] [INFO] [MyS7Client.send_receive_my_packet] -> [Connect responde]0300002102f080320700005d00000c000400011208128401010000d4010a000000
[2022-01-12 11:13:29,906] [INFO] [MyS7Client.send_receive_my_packet] -> [request]93: 0300002102f080320700005e00000800080001120411440100ff090004001c0000
[2022-01-12 11:13:29,906] [INFO] [MyS7Client.send_receive_my_packet] -> [Connect responde]0300002102f080320700005e00000c000400011208128401010000d4010a000000
[2022-01-12 11:13:30,118] [INFO] [MyS7Client.send_receive_my_packet] -> [request]94: 0300002102f080320700005f00000800080001120411440100ff090004001c0000
[2022-01-12 11:13:30,119] [INFO] [MyS7Client.send_receive_my_packet] -> [Connect responde]0300002102f080320700005f00000c000400011208128401010000d4010a000000
[2022-01-12 11:13:30,332] [INFO] [MyS7Client.send_receive_my_packet] -> [request]95: 0300002102f080320700006000000800080001120411440100ff090004001c0000
[2022-01-12 11:13:30,333] [INFO] [MyS7Client.send_receive_my_packet] -> [Connect responde]0300002102f080320700006000000c000400011208128401010000d4010a000000
[2022-01-12 11:13:30,547] [INFO] [MyS7Client.send_receive_my_packet] -> [request]96: 0300002102f080320700006100000800080001120411440100ff090004001c0000
[2022-01-12 11:13:30,547] [INFO] [MyS7Client.send_receive_my_packet] -> [Connect responde]0300002102f080320700006100000c000400011208128401010000d4010a000000
[2022-01-12 11:13:30,766] [INFO] [MyS7Client.send_receive_my_packet] -> [request]97: 0300002102f080320700006200000800080001120411440100ff090004001c0000
[2022-01-12 11:13:30,766] [INFO] [MyS7Client.send_receive_my_packet] -> [Connect responde]0300002102f080320700006200000c000400011208128401010000d4010a000000
[2022-01-12 11:13:30,979] [INFO] [MyS7Client.send_receive_my_packet] -> [request]98: 0300002102f080320700006300000800080001120411440100ff090004001c0000
[2022-01-12 11:13:30,980] [INFO] [MyS7Client.send_receive_my_packet] -> [Connect responde]0300002102f080320700006300000c000400011208128401010000d4010a000000
[2022-01-12 11:13:31,192] [INFO] [MyS7Client.send_receive_my_packet] -> [request]99: 0300002102f080320700006400000800080001120411440100ff090004001c0000
[2022-01-12 11:13:31,193] [INFO] [MyS7Client.send_receive_my_packet] -> [Connect responde]0300002102f080320700006400000c000400011208128401010000d4010a000000
