[2022-01-06 14:03:38,838] [INFO] [base._load_session] -> No session loaded
[2022-01-06 14:03:38,844] [INFO] [base._start_message] -> 
                 --------------------------------------------------
                 Starting fuzzing session
                 Target: FileTarget
                 UI: WebInterface listening on 127.0.0.1:26001
                 Log: ./kittylogs/kitty_20220106-140338.log

                 Total possible mutation count: 182
                 --------------------------------------------------
                                 Happy hacking
                 --------------------------------------------------
            
[2022-01-06 14:03:38,845] [INFO] [base.start] -> Performing environment test
[2022-01-06 14:03:38,848] [INFO] [base._test_info] -> Current test: -1
[2022-01-06 14:03:38,848] [INFO] [server.transmit] -> request(32): 5468652064656661756c7420737472696e67416e6f7468657220737472696e67
[2022-01-06 14:03:38,865] [INFO] [server._start] -> should keep running? True
[2022-01-06 14:03:38,865] [INFO] [base._test_info] -> Current test: 0
[2022-01-06 14:03:38,865] [INFO] [server.transmit] -> request(50): 5468652064656661756c7420737472696e675468652064656661756c7420737472696e67416e6f7468657220737472696e67 ...
[2022-01-06 14:03:38,868] [INFO] [base._test_info] -> Current test: 1
[2022-01-06 14:03:38,868] [INFO] [server.transmit] -> request(194): 5468652064656661756c7420737472696e675468652064656661756c7420737472696e675468652064656661756c74207374 ...
[2022-01-06 14:03:38,871] [INFO] [base._test_info] -> Current test: 2
[2022-01-06 14:03:38,871] [INFO] [server.transmit] -> request(1814): 5468652064656661756c7420737472696e675468652064656661756c7420737472696e675468652064656661756c74207374 ...
[2022-01-06 14:03:38,874] [INFO] [base._test_info] -> Current test: 3
[2022-01-06 14:03:38,874] [INFO] [server.transmit] -> request(33): 5468652064656661756c7420737472696e67fe416e6f7468657220737472696e67
[2022-01-06 14:03:38,875] [INFO] [base._test_info] -> Current test: 4
[2022-01-06 14:03:38,877] [INFO] [server.transmit] -> request(33): 005468652064656661756c7420737472696e67416e6f7468657220737472696e67
[2022-01-06 14:03:38,878] [INFO] [base._test_info] -> Current test: 5
[2022-01-06 14:03:38,878] [INFO] [server.transmit] -> request(33): 546865206465666175006c7420737472696e67416e6f7468657220737472696e67
[2022-01-06 14:03:38,881] [INFO] [base._test_info] -> Current test: 6
[2022-01-06 14:03:38,881] [INFO] [server.transmit] -> request(33): 5468652064656661756c7420737472696e6700416e6f7468657220737472696e67
[2022-01-06 14:03:38,882] [INFO] [base._test_info] -> Current test: 7
[2022-01-06 14:03:38,882] [INFO] [server.transmit] -> request(14): 416e6f7468657220737472696e67
[2022-01-06 14:03:38,884] [INFO] [base._test_info] -> Current test: 8
[2022-01-06 14:03:38,884] [INFO] [server.transmit] -> request(2062): 2573257325732573257325732573257325732573257325732573257325732573257325732573257325732573257325732573 ...
[2022-01-06 14:03:38,887] [INFO] [base._test_info] -> Current test: 9
[2022-01-06 14:03:38,888] [INFO] [server.transmit] -> request(270): 2573257325732573257325732573257325732573257325732573257325732573257325732573257325732573257325732573 ...
[2022-01-06 14:03:38,890] [INFO] [base._test_info] -> Current test: 10
[2022-01-06 14:03:38,890] [INFO] [server.transmit] -> request(46): 2573257325732573257325732573257325732573257325732573257325732573416e6f7468657220737472696e67
[2022-01-06 14:03:38,891] [INFO] [base._test_info] -> Current test: 11
[2022-01-06 14:03:38,892] [INFO] [server.transmit] -> request(18): 25732573416e6f7468657220737472696e67
[2022-01-06 14:03:38,895] [INFO] [base._test_info] -> Current test: 12
[2022-01-06 14:03:38,897] [INFO] [server.transmit] -> request(3086): 2525732525732525732525732525732525732525732525732525732525732525732525732525732525732525732525732525 ...
[2022-01-06 14:03:38,898] [INFO] [base._test_info] -> Current test: 13
[2022-01-06 14:03:38,900] [INFO] [server.transmit] -> request(398): 2525732525732525732525732525732525732525732525732525732525732525732525732525732525732525732525732525 ...
[2022-01-06 14:03:38,901] [INFO] [base._test_info] -> Current test: 14
[2022-01-06 14:03:38,901] [INFO] [server.transmit] -> request(62): 252573252573252573252573252573252573252573252573252573252573252573252573252573252573252573252573416e ...
[2022-01-06 14:03:38,904] [INFO] [base._test_info] -> Current test: 15
[2022-01-06 14:03:38,904] [INFO] [server.transmit] -> request(20): 252573252573416e6f7468657220737472696e67
[2022-01-06 14:03:38,907] [INFO] [base._test_info] -> Current test: 16
[2022-01-06 14:03:38,907] [INFO] [server.transmit] -> request(4110): 2225732222257322222573222225732222257322222573222225732222257322222573222225732222257322222573222225 ...
[2022-01-06 14:03:38,910] [INFO] [base._test_info] -> Current test: 17
[2022-01-06 14:03:38,910] [INFO] [server.transmit] -> request(526): 2225732222257322222573222225732222257322222573222225732222257322222573222225732222257322222573222225 ...
[2022-01-06 14:03:38,913] [INFO] [base._test_info] -> Current test: 18
[2022-01-06 14:03:38,913] [INFO] [server.transmit] -> request(78): 2225732222257322222573222225732222257322222573222225732222257322222573222225732222257322222573222225 ...
[2022-01-06 14:03:38,914] [INFO] [base._test_info] -> Current test: 19
[2022-01-06 14:03:38,914] [INFO] [server.transmit] -> request(22): 2225732222257322416e6f7468657220737472696e67
[2022-01-06 14:03:38,917] [INFO] [base._test_info] -> Current test: 20
[2022-01-06 14:03:38,917] [INFO] [server.transmit] -> request(2062): 256e256e256e256e256e256e256e256e256e256e256e256e256e256e256e256e256e256e256e256e256e256e256e256e256e ...
[2022-01-06 14:03:38,920] [INFO] [base._test_info] -> Current test: 21
[2022-01-06 14:03:38,920] [INFO] [server.transmit] -> request(270): 256e256e256e256e256e256e256e256e256e256e256e256e256e256e256e256e256e256e256e256e256e256e256e256e256e ...
[2022-01-06 14:03:38,921] [INFO] [base._test_info] -> Current test: 22
[2022-01-06 14:03:38,921] [INFO] [server.transmit] -> request(46): 256e256e256e256e256e256e256e256e256e256e256e256e256e256e256e256e416e6f7468657220737472696e67
[2022-01-06 14:03:38,924] [INFO] [base._test_info] -> Current test: 23
[2022-01-06 14:03:38,924] [INFO] [server.transmit] -> request(18): 256e256e416e6f7468657220737472696e67
[2022-01-06 14:03:38,927] [INFO] [base._test_info] -> Current test: 24
[2022-01-06 14:03:38,927] [INFO] [server.transmit] -> request(3086): 25256e25256e25256e25256e25256e25256e25256e25256e25256e25256e25256e25256e25256e25256e25256e25256e2525 ...
[2022-01-06 14:03:38,930] [INFO] [base._test_info] -> Current test: 25
[2022-01-06 14:03:38,930] [INFO] [server.transmit] -> request(398): 25256e25256e25256e25256e25256e25256e25256e25256e25256e25256e25256e25256e25256e25256e25256e25256e2525 ...
[2022-01-06 14:03:38,933] [INFO] [base._test_info] -> Current test: 26
[2022-01-06 14:03:38,933] [INFO] [server.transmit] -> request(62): 25256e25256e25256e25256e25256e25256e25256e25256e25256e25256e25256e25256e25256e25256e25256e25256e416e ...
[2022-01-06 14:03:38,934] [INFO] [base._test_info] -> Current test: 27
[2022-01-06 14:03:38,934] [INFO] [server.transmit] -> request(20): 25256e25256e416e6f7468657220737472696e67
[2022-01-06 14:03:38,937] [INFO] [base._test_info] -> Current test: 28
[2022-01-06 14:03:38,937] [INFO] [server.transmit] -> request(4110): 22256e2222256e2222256e2222256e2222256e2222256e2222256e2222256e2222256e2222256e2222256e2222256e222225 ...
[2022-01-06 14:03:38,940] [INFO] [base._test_info] -> Current test: 29
[2022-01-06 14:03:38,940] [INFO] [server.transmit] -> request(526): 22256e2222256e2222256e2222256e2222256e2222256e2222256e2222256e2222256e2222256e2222256e2222256e222225 ...
[2022-01-06 14:03:38,941] [INFO] [base._test_info] -> Current test: 30
[2022-01-06 14:03:38,943] [INFO] [server.transmit] -> request(78): 22256e2222256e2222256e2222256e2222256e2222256e2222256e2222256e2222256e2222256e2222256e2222256e222225 ...
[2022-01-06 14:03:38,946] [INFO] [base._test_info] -> Current test: 31
[2022-01-06 14:03:38,946] [INFO] [server.transmit] -> request(22): 22256e2222256e22416e6f7468657220737472696e67
[2022-01-06 14:03:38,947] [INFO] [base._test_info] -> Current test: 32
[2022-01-06 14:03:38,947] [INFO] [server.transmit] -> request(28): 252e31363730357525325c24686e416e6f7468657220737472696e67
[2022-01-06 14:03:38,950] [INFO] [base._test_info] -> Current test: 33
[2022-01-06 14:03:38,950] [INFO] [server.transmit] -> request(2062): 0d0a0d0a0d0a0d0a0d0a0d0a0d0a0d0a0d0a0d0a0d0a0d0a0d0a0d0a0d0a0d0a0d0a0d0a0d0a0d0a0d0a0d0a0d0a0d0a0d0a ...
[2022-01-06 14:03:38,951] [INFO] [base._test_info] -> Current test: 34
[2022-01-06 14:03:38,953] [INFO] [server.transmit] -> request(270): 0d0a0d0a0d0a0d0a0d0a0d0a0d0a0d0a0d0a0d0a0d0a0d0a0d0a0d0a0d0a0d0a0d0a0d0a0d0a0d0a0d0a0d0a0d0a0d0a0d0a ...
[2022-01-06 14:03:38,954] [INFO] [base._test_info] -> Current test: 35
[2022-01-06 14:03:38,954] [INFO] [server.transmit] -> request(46): 0d0a0d0a0d0a0d0a0d0a0d0a0d0a0d0a0d0a0d0a0d0a0d0a0d0a0d0a0d0a0d0a416e6f7468657220737472696e67
[2022-01-06 14:03:38,957] [INFO] [base._test_info] -> Current test: 36
[2022-01-06 14:03:38,957] [INFO] [server.transmit] -> request(18): 0d0a0d0a416e6f7468657220737472696e67
[2022-01-06 14:03:38,960] [INFO] [base._test_info] -> Current test: 37
[2022-01-06 14:03:38,960] [INFO] [server.transmit] -> request(1038): 0a0a0a0a0a0a0a0a0a0a0a0a0a0a0a0a0a0a0a0a0a0a0a0a0a0a0a0a0a0a0a0a0a0a0a0a0a0a0a0a0a0a0a0a0a0a0a0a0a0a ...
[2022-01-06 14:03:38,963] [INFO] [base._test_info] -> Current test: 38
[2022-01-06 14:03:38,963] [INFO] [server.transmit] -> request(142): 0a0a0a0a0a0a0a0a0a0a0a0a0a0a0a0a0a0a0a0a0a0a0a0a0a0a0a0a0a0a0a0a0a0a0a0a0a0a0a0a0a0a0a0a0a0a0a0a0a0a ...
[2022-01-06 14:03:38,964] [INFO] [base._test_info] -> Current test: 39
[2022-01-06 14:03:38,966] [INFO] [server.transmit] -> request(30): 0a0a0a0a0a0a0a0a0a0a0a0a0a0a0a0a416e6f7468657220737472696e67
[2022-01-06 14:03:38,967] [INFO] [base._test_info] -> Current test: 40
[2022-01-06 14:03:38,967] [INFO] [server.transmit] -> request(16): 0a0a416e6f7468657220737472696e67
[2022-01-06 14:03:38,970] [INFO] [base._test_info] -> Current test: 41
[2022-01-06 14:03:38,971] [INFO] [server.transmit] -> request(4110): deadbeefdeadbeefdeadbeefdeadbeefdeadbeefdeadbeefdeadbeefdeadbeefdeadbeefdeadbeefdeadbeefdeadbeefdead ...
[2022-01-06 14:03:38,973] [INFO] [base._test_info] -> Current test: 42
[2022-01-06 14:03:38,974] [INFO] [server.transmit] -> request(526): deadbeefdeadbeefdeadbeefdeadbeefdeadbeefdeadbeefdeadbeefdeadbeefdeadbeefdeadbeefdeadbeefdeadbeefdead ...
[2022-01-06 14:03:38,976] [INFO] [base._test_info] -> Current test: 43
[2022-01-06 14:03:38,977] [INFO] [server.transmit] -> request(78): deadbeefdeadbeefdeadbeefdeadbeefdeadbeefdeadbeefdeadbeefdeadbeefdeadbeefdeadbeefdeadbeefdeadbeefdead ...
[2022-01-06 14:03:38,980] [INFO] [base._test_info] -> Current test: 44
[2022-01-06 14:03:38,980] [INFO] [server.transmit] -> request(22): deadbeefdeadbeef416e6f7468657220737472696e67
[2022-01-06 14:03:38,982] [INFO] [base._test_info] -> Current test: 45
[2022-01-06 14:03:38,982] [INFO] [server.transmit] -> request(31): 7c746f756368202f746d702f4b49545459416e6f7468657220737472696e67
[2022-01-06 14:03:38,983] [INFO] [base._test_info] -> Current test: 46
[2022-01-06 14:03:38,983] [INFO] [server.transmit] -> request(32): 3b746f756368202f746d702f4b495454593b416e6f7468657220737472696e67
[2022-01-06 14:03:38,986] [INFO] [base._test_info] -> Current test: 47
[2022-01-06 14:03:38,986] [INFO] [server.transmit] -> request(28): 3b6c733e2f746d702f4b49545459416e6f7468657220737472696e67
[2022-01-06 14:03:38,989] [INFO] [base._test_info] -> Current test: 48
[2022-01-06 14:03:38,989] [INFO] [server.transmit] -> request(43): 223b6c733e2f746d702f4b495454593b6c733e2f6465762f6e756c6c22416e6f7468657220737472696e67
[2022-01-06 14:03:38,990] [INFO] [base._test_info] -> Current test: 49
[2022-01-06 14:03:38,992] [INFO] [server.transmit] -> request(44): 273b6c733e2f746d702f4b495454593b6c733e272f6465762f6e756c6c27416e6f7468657220737472696e67
[2022-01-06 14:03:38,993] [INFO] [base._test_info] -> Current test: 50
[2022-01-06 14:03:38,993] [INFO] [server.transmit] -> request(29): 606c733e2f746d702f4b4954545960416e6f7468657220737472696e67
[2022-01-06 14:03:38,996] [INFO] [base._test_info] -> Current test: 51
[2022-01-06 14:03:38,996] [INFO] [server.transmit] -> request(30): 20606c733e2f746d702f4b4954545960416e6f7468657220737472696e67
[2022-01-06 14:03:38,999] [INFO] [base._test_info] -> Current test: 52
[2022-01-06 14:03:38,999] [INFO] [server.transmit] -> request(22): 7c6e6f7465706164416e6f7468657220737472696e67
[2022-01-06 14:03:39,000] [INFO] [base._test_info] -> Current test: 53
[2022-01-06 14:03:39,000] [INFO] [server.transmit] -> request(23): 3b6e6f74657061643b416e6f7468657220737472696e67
[2022-01-06 14:03:39,003] [INFO] [base._test_info] -> Current test: 54
[2022-01-06 14:03:39,003] [INFO] [server.transmit] -> request(23): 0a6e6f74657061640a416e6f7468657220737472696e67
[2022-01-06 14:03:39,006] [INFO] [base._test_info] -> Current test: 55
[2022-01-06 14:03:39,006] [INFO] [server.transmit] -> request(25): 27206f7220313d31202d2d416e6f7468657220737472696e67
[2022-01-06 14:03:39,007] [INFO] [base._test_info] -> Current test: 56
[2022-01-06 14:03:39,009] [INFO] [server.transmit] -> request(31): 273b20646573632075736572733b202d2d416e6f7468657220737472696e67
[2022-01-06 14:03:39,010] [INFO] [base._test_info] -> Current test: 57
[2022-01-06 14:03:39,010] [INFO] [server.transmit] -> request(55): 27206f7220757365726e616d65206973206e6f74204e554c4c206f7220757365726e616d65203d2027416e6f746865722073 ...
[2022-01-06 14:03:39,013] [INFO] [base._test_info] -> Current test: 58
[2022-01-06 14:03:39,013] [INFO] [server.transmit] -> request(86): 3120756e696f6e20616c6c2073656c65637420312c322c332c342c352c362c6e616d652066726f6d207379736f626a656374 ...
[2022-01-06 14:03:39,015] [INFO] [base._test_info] -> Current test: 59
[2022-01-06 14:03:39,016] [INFO] [server.transmit] -> request(25): 60206f72206031603d6031416e6f7468657220737472696e67
[2022-01-06 14:03:39,017] [INFO] [base._test_info] -> Current test: 60
[2022-01-06 14:03:39,017] [INFO] [server.transmit] -> request(25): 27206f72202731273d2731416e6f7468657220737472696e67
[2022-01-06 14:03:39,020] [INFO] [base._test_info] -> Current test: 61
[2022-01-06 14:03:39,020] [INFO] [server.transmit] -> request(16): 4141416e6f7468657220737472696e67
[2022-01-06 14:03:39,023] [INFO] [base._test_info] -> Current test: 62
[2022-01-06 14:03:39,023] [INFO] [server.transmit] -> request(24): 41414141414141414141416e6f7468657220737472696e67
[2022-01-06 14:03:39,026] [INFO] [base._test_info] -> Current test: 63
[2022-01-06 14:03:39,026] [INFO] [server.transmit] -> request(114): 4141414141414141414141414141414141414141414141414141414141414141414141414141414141414141414141414141 ...
[2022-01-06 14:03:39,028] [INFO] [base._test_info] -> Current test: 64
[2022-01-06 14:03:39,029] [INFO] [server.transmit] -> request(1014): 4141414141414141414141414141414141414141414141414141414141414141414141414141414141414141414141414141 ...
[2022-01-06 14:03:39,032] [INFO] [base._test_info] -> Current test: 65
[2022-01-06 14:03:39,032] [INFO] [server.transmit] -> request(5014): 4141414141414141414141414141414141414141414141414141414141414141414141414141414141414141414141414141 ...
[2022-01-06 14:03:39,036] [INFO] [base._test_info] -> Current test: 66
[2022-01-06 14:03:39,036] [INFO] [server.transmit] -> request(10014): 4141414141414141414141414141414141414141414141414141414141414141414141414141414141414141414141414141 ...
[2022-01-06 14:03:39,039] [INFO] [base._test_info] -> Current test: 67
[2022-01-06 14:03:39,039] [INFO] [server.transmit] -> request(25): 2f6574632f706173737764416e6f7468657220737472696e67
[2022-01-06 14:03:39,040] [INFO] [base._test_info] -> Current test: 68
[2022-01-06 14:03:39,042] [INFO] [server.transmit] -> request(68): 2e2f2e2e2f2e2e2f2e2e2f2e2e2f2e2e2f2e2e2f2e2e2f2e2e2f2e2e2f2e2e2f2e2e2f2e2e2f2e2e2f2e2e2f6574632f7061 ...
[2022-01-06 14:03:39,043] [INFO] [base._test_info] -> Current test: 69
[2022-01-06 14:03:39,043] [INFO] [server.transmit] -> request(66): 2e2e2f2e2e2f2e2e2f2e2e2f2e2e2f2e2e2f2e2e2f2e2e2f2e2e2f2e2e2f2e2e2f2e2e2f2e2e2f2e2e2f6574632f70617373 ...
[2022-01-06 14:03:39,046] [INFO] [base._test_info] -> Current test: 70
[2022-01-06 14:03:39,046] [INFO] [server.transmit] -> request(27): 2f70726f632f637075696e666f416e6f7468657220737472696e67
[2022-01-06 14:03:39,048] [INFO] [base._test_info] -> Current test: 71
[2022-01-06 14:03:39,049] [INFO] [server.transmit] -> request(70): 2e2f2e2e2f2e2e2f2e2e2f2e2e2f2e2e2f2e2e2f2e2e2f2e2e2f2e2e2f2e2e2f2e2e2f2e2e2f2e2e2f2e2e2f70726f632f63 ...
[2022-01-06 14:03:39,049] [INFO] [base._test_info] -> Current test: 72
[2022-01-06 14:03:39,051] [INFO] [server.transmit] -> request(68): 2e2e2f2e2e2f2e2e2f2e2e2f2e2e2f2e2e2f2e2e2f2e2e2f2e2e2f2e2e2f2e2e2f2e2e2f2e2e2f2e2e2f70726f632f637075 ...
[2022-01-06 14:03:39,052] [INFO] [base._test_info] -> Current test: 73
[2022-01-06 14:03:39,052] [INFO] [server.transmit] -> request(24): 7e2f2e70726f66696c65416e6f7468657220737472696e67
[2022-01-06 14:03:39,055] [INFO] [base._test_info] -> Current test: 74
[2022-01-06 14:03:39,055] [INFO] [server.transmit] -> request(28): 24484f4d452f2e70726f66696c65416e6f7468657220737472696e67
[2022-01-06 14:03:39,056] [INFO] [base._test_info] -> Current test: 75
[2022-01-06 14:03:39,058] [INFO] [server.transmit] -> request(59): 2f2e2e2f2e2e2f2e2e2f2e2e2f2e2e2f2e2e2f2e2e2f2e2e2f2e2e2f2e2e2f2e2e2f2e2e2f626f6f742e696e69416e6f7468 ...
[2022-01-06 14:03:39,059] [INFO] [base._test_info] -> Current test: 76
[2022-01-06 14:03:39,061] [INFO] [server.transmit] -> request(1038): 2f5c2f5c2f5c2f5c2f5c2f5c2f5c2f5c2f5c2f5c2f5c2f5c2f5c2f5c2f5c2f5c2f5c2f5c2f5c2f5c2f5c2f5c2f5c2f5c2f5c ...
[2022-01-06 14:03:39,062] [INFO] [base._test_info] -> Current test: 77
[2022-01-06 14:03:39,063] [INFO] [server.transmit] -> request(142): 2f5c2f5c2f5c2f5c2f5c2f5c2f5c2f5c2f5c2f5c2f5c2f5c2f5c2f5c2f5c2f5c2f5c2f5c2f5c2f5c2f5c2f5c2f5c2f5c2f5c ...
[2022-01-06 14:03:39,065] [INFO] [base._test_info] -> Current test: 78
[2022-01-06 14:03:39,065] [INFO] [server.transmit] -> request(30): 2f5c2f5c2f5c2f5c2f5c2f5c2f5c2f5c416e6f7468657220737472696e67
[2022-01-06 14:03:39,068] [INFO] [base._test_info] -> Current test: 79
[2022-01-06 14:03:39,069] [INFO] [server.transmit] -> request(1038): 2f2e2f2e2f2e2f2e2f2e2f2e2f2e2f2e2f2e2f2e2f2e2f2e2f2e2f2e2f2e2f2e2f2e2f2e2f2e2f2e2f2e2f2e2f2e2f2e2f2e ...
[2022-01-06 14:03:39,071] [INFO] [base._test_info] -> Current test: 80
[2022-01-06 14:03:39,072] [INFO] [server.transmit] -> request(142): 2f2e2f2e2f2e2f2e2f2e2f2e2f2e2f2e2f2e2f2e2f2e2f2e2f2e2f2e2f2e2f2e2f2e2f2e2f2e2f2e2f2e2f2e2f2e2f2e2f2e ...
[2022-01-06 14:03:39,072] [INFO] [base._test_info] -> Current test: 81
[2022-01-06 14:03:39,073] [INFO] [server.transmit] -> request(30): 2f2e2f2e2f2e2f2e2f2e2f2e2f2e2f2e416e6f7468657220737472696e67
[2022-01-06 14:03:39,075] [INFO] [base._test_info] -> Current test: 82
[2022-01-06 14:03:39,075] [INFO] [server.transmit] -> request(43): 2140232425255e2324252324402324252424402324255e5e2a2a282829416e6f7468657220737472696e67
[2022-01-06 14:03:39,078] [INFO] [base._test_info] -> Current test: 83
[2022-01-06 14:03:39,078] [INFO] [server.transmit] -> request(39): 25303125303225303325303425306125306425306141445346416e6f7468657220737472696e67
[2022-01-06 14:03:39,079] [INFO] [base._test_info] -> Current test: 84
[2022-01-06 14:03:39,088] [INFO] [server.transmit] -> request(40): 2530312530322530334025303425306125306425306141445346416e6f7468657220737472696e67
[2022-01-06 14:03:39,102] [INFO] [base._test_info] -> Current test: 85
[2022-01-06 14:03:39,104] [INFO] [server.transmit] -> request(19): 2f2530302f416e6f7468657220737472696e67
[2022-01-06 14:03:39,105] [INFO] [base._test_info] -> Current test: 86
[2022-01-06 14:03:39,107] [INFO] [server.transmit] -> request(18): 2530302f416e6f7468657220737472696e67
[2022-01-06 14:03:39,108] [INFO] [base._test_info] -> Current test: 87
[2022-01-06 14:03:39,109] [INFO] [server.transmit] -> request(17): 253030416e6f7468657220737472696e67
[2022-01-06 14:03:39,115] [INFO] [base._test_info] -> Current test: 88
[2022-01-06 14:03:39,115] [INFO] [server.transmit] -> request(20): 257530303030416e6f7468657220737472696e67
[2022-01-06 14:03:39,117] [INFO] [base._test_info] -> Current test: 89
[2022-01-06 14:03:39,118] [INFO] [server.transmit] -> request(206): 25fef02501ff25fef02501ff25fef02501ff25fef02501ff25fef02501ff25fef02501ff25fef02501ff25fef02501ff25fe ...
[2022-01-06 14:03:39,119] [INFO] [base._test_info] -> Current test: 90
[2022-01-06 14:03:39,119] [INFO] [server.transmit] -> request(38): 25fef02501ff25fef02501ff25fef02501ff25fef02501ff416e6f7468657220737472696e67
[2022-01-06 14:03:39,122] [INFO] [base._test_info] -> Current test: 91
[2022-01-06 14:03:39,124] [INFO] [server.transmit] -> request(46): 5468652064656661756c7420737472696e67416e6f7468657220737472696e67416e6f7468657220737472696e67
[2022-01-06 14:03:39,125] [INFO] [base._test_info] -> Current test: 92
[2022-01-06 14:03:39,125] [INFO] [server.transmit] -> request(158): 5468652064656661756c7420737472696e67416e6f7468657220737472696e67416e6f7468657220737472696e67416e6f74 ...
[2022-01-06 14:03:39,128] [INFO] [base._test_info] -> Current test: 93
[2022-01-06 14:03:39,128] [INFO] [server.transmit] -> request(1418): 5468652064656661756c7420737472696e67416e6f7468657220737472696e67416e6f7468657220737472696e67416e6f74 ...
[2022-01-06 14:03:39,131] [INFO] [base._test_info] -> Current test: 94
[2022-01-06 14:03:39,131] [INFO] [server.transmit] -> request(33): 5468652064656661756c7420737472696e67416e6f7468657220737472696e67fe
[2022-01-06 14:03:39,134] [INFO] [base._test_info] -> Current test: 95
[2022-01-06 14:03:39,134] [INFO] [server.transmit] -> request(33): 5468652064656661756c7420737472696e6700416e6f7468657220737472696e67
[2022-01-06 14:03:39,135] [INFO] [base._test_info] -> Current test: 96
[2022-01-06 14:03:39,135] [INFO] [server.transmit] -> request(33): 5468652064656661756c7420737472696e67416e6f746865720020737472696e67
[2022-01-06 14:03:39,138] [INFO] [base._test_info] -> Current test: 97
[2022-01-06 14:03:39,138] [INFO] [server.transmit] -> request(33): 5468652064656661756c7420737472696e67416e6f7468657220737472696e6700
[2022-01-06 14:03:39,141] [INFO] [base._test_info] -> Current test: 98
[2022-01-06 14:03:39,141] [INFO] [server.transmit] -> request(18): 5468652064656661756c7420737472696e67
[2022-01-06 14:03:39,142] [INFO] [base._test_info] -> Current test: 99
[2022-01-06 14:03:39,144] [INFO] [server.transmit] -> request(2066): 5468652064656661756c7420737472696e672573257325732573257325732573257325732573257325732573257325732573 ...
[2022-01-06 14:03:39,145] [INFO] [base._test_info] -> Current test: 100
[2022-01-06 14:03:39,147] [INFO] [server.transmit] -> request(274): 5468652064656661756c7420737472696e672573257325732573257325732573257325732573257325732573257325732573 ...
[2022-01-06 14:03:39,148] [INFO] [base._test_info] -> Current test: 101
[2022-01-06 14:03:39,148] [INFO] [server.transmit] -> request(50): 5468652064656661756c7420737472696e672573257325732573257325732573257325732573257325732573257325732573 ...
[2022-01-06 14:03:39,151] [INFO] [base._test_info] -> Current test: 102
[2022-01-06 14:03:39,151] [INFO] [server.transmit] -> request(22): 5468652064656661756c7420737472696e6725732573
[2022-01-06 14:03:39,153] [INFO] [base._test_info] -> Current test: 103
[2022-01-06 14:03:39,154] [INFO] [server.transmit] -> request(3090): 5468652064656661756c7420737472696e672525732525732525732525732525732525732525732525732525732525732525 ...
[2022-01-06 14:03:39,157] [INFO] [base._test_info] -> Current test: 104
[2022-01-06 14:03:39,157] [INFO] [server.transmit] -> request(402): 5468652064656661756c7420737472696e672525732525732525732525732525732525732525732525732525732525732525 ...
[2022-01-06 14:03:39,158] [INFO] [base._test_info] -> Current test: 105
[2022-01-06 14:03:39,158] [INFO] [server.transmit] -> request(66): 5468652064656661756c7420737472696e672525732525732525732525732525732525732525732525732525732525732525 ...
[2022-01-06 14:03:39,161] [INFO] [base._test_info] -> Current test: 106
[2022-01-06 14:03:39,161] [INFO] [server.transmit] -> request(24): 5468652064656661756c7420737472696e67252573252573
[2022-01-06 14:03:39,164] [INFO] [base._test_info] -> Current test: 107
[2022-01-06 14:03:39,164] [INFO] [server.transmit] -> request(4114): 5468652064656661756c7420737472696e672225732222257322222573222225732222257322222573222225732222257322 ...
[2022-01-06 14:03:39,167] [INFO] [base._test_info] -> Current test: 108
[2022-01-06 14:03:39,167] [INFO] [server.transmit] -> request(530): 5468652064656661756c7420737472696e672225732222257322222573222225732222257322222573222225732222257322 ...
[2022-01-06 14:03:39,168] [INFO] [base._test_info] -> Current test: 109
[2022-01-06 14:03:39,168] [INFO] [server.transmit] -> request(82): 5468652064656661756c7420737472696e672225732222257322222573222225732222257322222573222225732222257322 ...
[2022-01-06 14:03:39,171] [INFO] [base._test_info] -> Current test: 110
[2022-01-06 14:03:39,171] [INFO] [server.transmit] -> request(26): 5468652064656661756c7420737472696e672225732222257322
[2022-01-06 14:03:39,174] [INFO] [base._test_info] -> Current test: 111
[2022-01-06 14:03:39,174] [INFO] [server.transmit] -> request(2066): 5468652064656661756c7420737472696e67256e256e256e256e256e256e256e256e256e256e256e256e256e256e256e256e ...
[2022-01-06 14:03:39,176] [INFO] [base._test_info] -> Current test: 112
[2022-01-06 14:03:39,177] [INFO] [server.transmit] -> request(274): 5468652064656661756c7420737472696e67256e256e256e256e256e256e256e256e256e256e256e256e256e256e256e256e ...
[2022-01-06 14:03:39,178] [INFO] [base._test_info] -> Current test: 113
[2022-01-06 14:03:39,178] [INFO] [server.transmit] -> request(50): 5468652064656661756c7420737472696e67256e256e256e256e256e256e256e256e256e256e256e256e256e256e256e256e ...
[2022-01-06 14:03:39,180] [INFO] [base._test_info] -> Current test: 114
[2022-01-06 14:03:39,181] [INFO] [server.transmit] -> request(22): 5468652064656661756c7420737472696e67256e256e
[2022-01-06 14:03:39,184] [INFO] [base._test_info] -> Current test: 115
[2022-01-06 14:03:39,184] [INFO] [server.transmit] -> request(3090): 5468652064656661756c7420737472696e6725256e25256e25256e25256e25256e25256e25256e25256e25256e25256e2525 ...
[2022-01-06 14:03:39,186] [INFO] [base._test_info] -> Current test: 116
[2022-01-06 14:03:39,186] [INFO] [server.transmit] -> request(402): 5468652064656661756c7420737472696e6725256e25256e25256e25256e25256e25256e25256e25256e25256e25256e2525 ...
[2022-01-06 14:03:39,188] [INFO] [base._test_info] -> Current test: 117
[2022-01-06 14:03:39,188] [INFO] [server.transmit] -> request(66): 5468652064656661756c7420737472696e6725256e25256e25256e25256e25256e25256e25256e25256e25256e25256e2525 ...
[2022-01-06 14:03:39,190] [INFO] [base._test_info] -> Current test: 118
[2022-01-06 14:03:39,190] [INFO] [server.transmit] -> request(24): 5468652064656661756c7420737472696e6725256e25256e
[2022-01-06 14:03:39,193] [INFO] [base._test_info] -> Current test: 119
[2022-01-06 14:03:39,194] [INFO] [server.transmit] -> request(4114): 5468652064656661756c7420737472696e6722256e2222256e2222256e2222256e2222256e2222256e2222256e2222256e22 ...
[2022-01-06 14:03:39,196] [INFO] [base._test_info] -> Current test: 120
[2022-01-06 14:03:39,197] [INFO] [server.transmit] -> request(530): 5468652064656661756c7420737472696e6722256e2222256e2222256e2222256e2222256e2222256e2222256e2222256e22 ...
[2022-01-06 14:03:39,197] [INFO] [base._test_info] -> Current test: 121
[2022-01-06 14:03:39,198] [INFO] [server.transmit] -> request(82): 5468652064656661756c7420737472696e6722256e2222256e2222256e2222256e2222256e2222256e2222256e2222256e22 ...
[2022-01-06 14:03:39,200] [INFO] [base._test_info] -> Current test: 122
[2022-01-06 14:03:39,200] [INFO] [server.transmit] -> request(26): 5468652064656661756c7420737472696e6722256e2222256e22
[2022-01-06 14:03:39,201] [INFO] [base._test_info] -> Current test: 123
[2022-01-06 14:03:39,201] [INFO] [server.transmit] -> request(32): 5468652064656661756c7420737472696e67252e31363730357525325c24686e
[2022-01-06 14:03:39,204] [INFO] [base._test_info] -> Current test: 124
[2022-01-06 14:03:39,206] [INFO] [server.transmit] -> request(2066): 5468652064656661756c7420737472696e670d0a0d0a0d0a0d0a0d0a0d0a0d0a0d0a0d0a0d0a0d0a0d0a0d0a0d0a0d0a0d0a ...
[2022-01-06 14:03:39,207] [INFO] [base._test_info] -> Current test: 125
[2022-01-06 14:03:39,207] [INFO] [server.transmit] -> request(274): 5468652064656661756c7420737472696e670d0a0d0a0d0a0d0a0d0a0d0a0d0a0d0a0d0a0d0a0d0a0d0a0d0a0d0a0d0a0d0a ...
[2022-01-06 14:03:39,210] [INFO] [base._test_info] -> Current test: 126
[2022-01-06 14:03:39,210] [INFO] [server.transmit] -> request(50): 5468652064656661756c7420737472696e670d0a0d0a0d0a0d0a0d0a0d0a0d0a0d0a0d0a0d0a0d0a0d0a0d0a0d0a0d0a0d0a ...
[2022-01-06 14:03:39,213] [INFO] [base._test_info] -> Current test: 127
[2022-01-06 14:03:39,213] [INFO] [server.transmit] -> request(22): 5468652064656661756c7420737472696e670d0a0d0a
[2022-01-06 14:03:39,214] [INFO] [base._test_info] -> Current test: 128
[2022-01-06 14:03:39,214] [INFO] [server.transmit] -> request(1042): 5468652064656661756c7420737472696e670a0a0a0a0a0a0a0a0a0a0a0a0a0a0a0a0a0a0a0a0a0a0a0a0a0a0a0a0a0a0a0a ...
[2022-01-06 14:03:39,217] [INFO] [base._test_info] -> Current test: 129
[2022-01-06 14:03:39,217] [INFO] [server.transmit] -> request(146): 5468652064656661756c7420737472696e670a0a0a0a0a0a0a0a0a0a0a0a0a0a0a0a0a0a0a0a0a0a0a0a0a0a0a0a0a0a0a0a ...
[2022-01-06 14:03:39,219] [INFO] [base._test_info] -> Current test: 130
[2022-01-06 14:03:39,219] [INFO] [server.transmit] -> request(34): 5468652064656661756c7420737472696e670a0a0a0a0a0a0a0a0a0a0a0a0a0a0a0a
[2022-01-06 14:03:39,221] [INFO] [base._test_info] -> Current test: 131
[2022-01-06 14:03:39,223] [INFO] [server.transmit] -> request(20): 5468652064656661756c7420737472696e670a0a
[2022-01-06 14:03:39,226] [INFO] [base._test_info] -> Current test: 132
[2022-01-06 14:03:39,226] [INFO] [server.transmit] -> request(4114): 5468652064656661756c7420737472696e67deadbeefdeadbeefdeadbeefdeadbeefdeadbeefdeadbeefdeadbeefdeadbeef ...
[2022-01-06 14:03:39,229] [INFO] [base._test_info] -> Current test: 133
[2022-01-06 14:03:39,229] [INFO] [server.transmit] -> request(530): 5468652064656661756c7420737472696e67deadbeefdeadbeefdeadbeefdeadbeefdeadbeefdeadbeefdeadbeefdeadbeef ...
[2022-01-06 14:03:39,230] [INFO] [base._test_info] -> Current test: 134
[2022-01-06 14:03:39,232] [INFO] [server.transmit] -> request(82): 5468652064656661756c7420737472696e67deadbeefdeadbeefdeadbeefdeadbeefdeadbeefdeadbeefdeadbeefdeadbeef ...
[2022-01-06 14:03:39,233] [INFO] [base._test_info] -> Current test: 135
[2022-01-06 14:03:39,233] [INFO] [server.transmit] -> request(26): 5468652064656661756c7420737472696e67deadbeefdeadbeef
[2022-01-06 14:03:39,234] [INFO] [base._test_info] -> Current test: 136
[2022-01-06 14:03:39,236] [INFO] [server.transmit] -> request(35): 5468652064656661756c7420737472696e677c746f756368202f746d702f4b49545459
[2022-01-06 14:03:39,237] [INFO] [base._test_info] -> Current test: 137
[2022-01-06 14:03:39,239] [INFO] [server.transmit] -> request(36): 5468652064656661756c7420737472696e673b746f756368202f746d702f4b495454593b
[2022-01-06 14:03:39,240] [INFO] [base._test_info] -> Current test: 138
[2022-01-06 14:03:39,240] [INFO] [server.transmit] -> request(32): 5468652064656661756c7420737472696e673b6c733e2f746d702f4b49545459
[2022-01-06 14:03:39,243] [INFO] [base._test_info] -> Current test: 139
[2022-01-06 14:03:39,243] [INFO] [server.transmit] -> request(47): 5468652064656661756c7420737472696e67223b6c733e2f746d702f4b495454593b6c733e2f6465762f6e756c6c22
[2022-01-06 14:03:39,244] [INFO] [base._test_info] -> Current test: 140
[2022-01-06 14:03:39,246] [INFO] [server.transmit] -> request(48): 5468652064656661756c7420737472696e67273b6c733e2f746d702f4b495454593b6c733e272f6465762f6e756c6c27
[2022-01-06 14:03:39,247] [INFO] [base._test_info] -> Current test: 141
[2022-01-06 14:03:39,247] [INFO] [server.transmit] -> request(33): 5468652064656661756c7420737472696e67606c733e2f746d702f4b4954545960
[2022-01-06 14:03:39,250] [INFO] [base._test_info] -> Current test: 142
[2022-01-06 14:03:39,250] [INFO] [server.transmit] -> request(34): 5468652064656661756c7420737472696e6720606c733e2f746d702f4b4954545960
[2022-01-06 14:03:39,252] [INFO] [base._test_info] -> Current test: 143
[2022-01-06 14:03:39,252] [INFO] [server.transmit] -> request(26): 5468652064656661756c7420737472696e677c6e6f7465706164
[2022-01-06 14:03:39,253] [INFO] [base._test_info] -> Current test: 144
[2022-01-06 14:03:39,255] [INFO] [server.transmit] -> request(27): 5468652064656661756c7420737472696e673b6e6f74657061643b
[2022-01-06 14:03:39,256] [INFO] [base._test_info] -> Current test: 145
[2022-01-06 14:03:39,256] [INFO] [server.transmit] -> request(27): 5468652064656661756c7420737472696e670a6e6f74657061640a
[2022-01-06 14:03:39,259] [INFO] [base._test_info] -> Current test: 146
[2022-01-06 14:03:39,259] [INFO] [server.transmit] -> request(29): 5468652064656661756c7420737472696e6727206f7220313d31202d2d
[2022-01-06 14:03:39,260] [INFO] [base._test_info] -> Current test: 147
[2022-01-06 14:03:39,260] [INFO] [server.transmit] -> request(35): 5468652064656661756c7420737472696e67273b20646573632075736572733b202d2d
[2022-01-06 14:03:39,263] [INFO] [base._test_info] -> Current test: 148
[2022-01-06 14:03:39,263] [INFO] [server.transmit] -> request(59): 5468652064656661756c7420737472696e6727206f7220757365726e616d65206973206e6f74204e554c4c206f7220757365 ...
[2022-01-06 14:03:39,265] [INFO] [base._test_info] -> Current test: 149
[2022-01-06 14:03:39,265] [INFO] [server.transmit] -> request(90): 5468652064656661756c7420737472696e673120756e696f6e20616c6c2073656c65637420312c322c332c342c352c362c6e ...
[2022-01-06 14:03:39,266] [INFO] [base._test_info] -> Current test: 150
[2022-01-06 14:03:39,266] [INFO] [server.transmit] -> request(29): 5468652064656661756c7420737472696e6760206f72206031603d6031
[2022-01-06 14:03:39,269] [INFO] [base._test_info] -> Current test: 151
[2022-01-06 14:03:39,269] [INFO] [server.transmit] -> request(29): 5468652064656661756c7420737472696e6727206f72202731273d2731
[2022-01-06 14:03:39,272] [INFO] [base._test_info] -> Current test: 152
[2022-01-06 14:03:39,272] [INFO] [server.transmit] -> request(20): 5468652064656661756c7420737472696e674141
[2022-01-06 14:03:39,273] [INFO] [base._test_info] -> Current test: 153
[2022-01-06 14:03:39,273] [INFO] [server.transmit] -> request(28): 5468652064656661756c7420737472696e6741414141414141414141
[2022-01-06 14:03:39,276] [INFO] [base._test_info] -> Current test: 154
[2022-01-06 14:03:39,276] [INFO] [server.transmit] -> request(118): 5468652064656661756c7420737472696e674141414141414141414141414141414141414141414141414141414141414141 ...
[2022-01-06 14:03:39,279] [INFO] [base._test_info] -> Current test: 155
[2022-01-06 14:03:39,279] [INFO] [server.transmit] -> request(1018): 5468652064656661756c7420737472696e674141414141414141414141414141414141414141414141414141414141414141 ...
[2022-01-06 14:03:39,282] [INFO] [base._test_info] -> Current test: 156
[2022-01-06 14:03:39,282] [INFO] [server.transmit] -> request(5018): 5468652064656661756c7420737472696e674141414141414141414141414141414141414141414141414141414141414141 ...
[2022-01-06 14:03:39,286] [INFO] [base._test_info] -> Current test: 157
[2022-01-06 14:03:39,288] [INFO] [server.transmit] -> request(10018): 5468652064656661756c7420737472696e674141414141414141414141414141414141414141414141414141414141414141 ...
[2022-01-06 14:03:39,289] [INFO] [base._test_info] -> Current test: 158
[2022-01-06 14:03:39,289] [INFO] [server.transmit] -> request(29): 5468652064656661756c7420737472696e672f6574632f706173737764
[2022-01-06 14:03:39,292] [INFO] [base._test_info] -> Current test: 159
[2022-01-06 14:03:39,292] [INFO] [server.transmit] -> request(72): 5468652064656661756c7420737472696e672e2f2e2e2f2e2e2f2e2e2f2e2e2f2e2e2f2e2e2f2e2e2f2e2e2f2e2e2f2e2e2f ...
[2022-01-06 14:03:39,295] [INFO] [base._test_info] -> Current test: 160
[2022-01-06 14:03:39,295] [INFO] [server.transmit] -> request(70): 5468652064656661756c7420737472696e672e2e2f2e2e2f2e2e2f2e2e2f2e2e2f2e2e2f2e2e2f2e2e2f2e2e2f2e2e2f2e2e ...
[2022-01-06 14:03:39,296] [INFO] [base._test_info] -> Current test: 161
[2022-01-06 14:03:39,296] [INFO] [server.transmit] -> request(31): 5468652064656661756c7420737472696e672f70726f632f637075696e666f
[2022-01-06 14:03:39,299] [INFO] [base._test_info] -> Current test: 162
[2022-01-06 14:03:39,299] [INFO] [server.transmit] -> request(74): 5468652064656661756c7420737472696e672e2f2e2e2f2e2e2f2e2e2f2e2e2f2e2e2f2e2e2f2e2e2f2e2e2f2e2e2f2e2e2f ...
[2022-01-06 14:03:39,301] [INFO] [base._test_info] -> Current test: 163
[2022-01-06 14:03:39,301] [INFO] [server.transmit] -> request(72): 5468652064656661756c7420737472696e672e2e2f2e2e2f2e2e2f2e2e2f2e2e2f2e2e2f2e2e2f2e2e2f2e2e2f2e2e2f2e2e ...
[2022-01-06 14:03:39,302] [INFO] [base._test_info] -> Current test: 164
[2022-01-06 14:03:39,303] [INFO] [server.transmit] -> request(28): 5468652064656661756c7420737472696e677e2f2e70726f66696c65
[2022-01-06 14:03:39,306] [INFO] [base._test_info] -> Current test: 165
[2022-01-06 14:03:39,306] [INFO] [server.transmit] -> request(32): 5468652064656661756c7420737472696e6724484f4d452f2e70726f66696c65
[2022-01-06 14:03:39,309] [INFO] [base._test_info] -> Current test: 166
[2022-01-06 14:03:39,309] [INFO] [server.transmit] -> request(63): 5468652064656661756c7420737472696e672f2e2e2f2e2e2f2e2e2f2e2e2f2e2e2f2e2e2f2e2e2f2e2e2f2e2e2f2e2e2f2e ...
[2022-01-06 14:03:39,311] [INFO] [base._test_info] -> Current test: 167
[2022-01-06 14:03:39,312] [INFO] [server.transmit] -> request(1042): 5468652064656661756c7420737472696e672f5c2f5c2f5c2f5c2f5c2f5c2f5c2f5c2f5c2f5c2f5c2f5c2f5c2f5c2f5c2f5c ...
[2022-01-06 14:03:39,313] [INFO] [base._test_info] -> Current test: 168
[2022-01-06 14:03:39,313] [INFO] [server.transmit] -> request(146): 5468652064656661756c7420737472696e672f5c2f5c2f5c2f5c2f5c2f5c2f5c2f5c2f5c2f5c2f5c2f5c2f5c2f5c2f5c2f5c ...
[2022-01-06 14:03:39,318] [INFO] [base._test_info] -> Current test: 169
[2022-01-06 14:03:39,319] [INFO] [server.transmit] -> request(34): 5468652064656661756c7420737472696e672f5c2f5c2f5c2f5c2f5c2f5c2f5c2f5c
[2022-01-06 14:03:39,321] [INFO] [base._test_info] -> Current test: 170
[2022-01-06 14:03:39,322] [INFO] [server.transmit] -> request(1042): 5468652064656661756c7420737472696e672f2e2f2e2f2e2f2e2f2e2f2e2f2e2f2e2f2e2f2e2f2e2f2e2f2e2f2e2f2e2f2e ...
[2022-01-06 14:03:39,323] [INFO] [base._test_info] -> Current test: 171
[2022-01-06 14:03:39,323] [INFO] [server.transmit] -> request(146): 5468652064656661756c7420737472696e672f2e2f2e2f2e2f2e2f2e2f2e2f2e2f2e2f2e2f2e2f2e2f2e2f2e2f2e2f2e2f2e ...
[2022-01-06 14:03:39,325] [INFO] [base._test_info] -> Current test: 172
[2022-01-06 14:03:39,325] [INFO] [server.transmit] -> request(34): 5468652064656661756c7420737472696e672f2e2f2e2f2e2f2e2f2e2f2e2f2e2f2e
[2022-01-06 14:03:39,328] [INFO] [base._test_info] -> Current test: 173
[2022-01-06 14:03:39,328] [INFO] [server.transmit] -> request(47): 5468652064656661756c7420737472696e672140232425255e2324252324402324252424402324255e5e2a2a282829
[2022-01-06 14:03:39,331] [INFO] [base._test_info] -> Current test: 174
[2022-01-06 14:03:39,331] [INFO] [server.transmit] -> request(43): 5468652064656661756c7420737472696e6725303125303225303325303425306125306425306141445346
[2022-01-06 14:03:39,332] [INFO] [base._test_info] -> Current test: 175
[2022-01-06 14:03:39,332] [INFO] [server.transmit] -> request(44): 5468652064656661756c7420737472696e672530312530322530334025303425306125306425306141445346
[2022-01-06 14:03:39,335] [INFO] [base._test_info] -> Current test: 176
[2022-01-06 14:03:39,335] [INFO] [server.transmit] -> request(23): 5468652064656661756c7420737472696e672f2530302f
[2022-01-06 14:03:39,336] [INFO] [base._test_info] -> Current test: 177
[2022-01-06 14:03:39,338] [INFO] [server.transmit] -> request(22): 5468652064656661756c7420737472696e672530302f
[2022-01-06 14:03:39,339] [INFO] [base._test_info] -> Current test: 178
[2022-01-06 14:03:39,339] [INFO] [server.transmit] -> request(21): 5468652064656661756c7420737472696e67253030
[2022-01-06 14:03:39,342] [INFO] [base._test_info] -> Current test: 179
[2022-01-06 14:03:39,342] [INFO] [server.transmit] -> request(24): 5468652064656661756c7420737472696e67257530303030
[2022-01-06 14:03:39,345] [INFO] [base._test_info] -> Current test: 180
[2022-01-06 14:03:39,345] [INFO] [server.transmit] -> request(210): 5468652064656661756c7420737472696e6725fef02501ff25fef02501ff25fef02501ff25fef02501ff25fef02501ff25fe ...
[2022-01-06 14:03:39,346] [INFO] [base._test_info] -> Current test: 181
[2022-01-06 14:03:39,348] [INFO] [server.transmit] -> request(42): 5468652064656661756c7420737472696e6725fef02501ff25fef02501ff25fef02501ff25fef02501ff
[2022-01-06 14:03:39,348] [INFO] [base._end_message] -> 
                         --------------------------------------------------
                         Finished fuzzing session
                         Target: FileTarget

                         Tested 182 mutations
                         Failure count: 0
                         --------------------------------------------------
            
