03-Dec-2021 09:04:23.322 信息 [main] org.apache.catalina.core.ApplicationContext.log ContextListener: contextInitialized()
03-Dec-2021 09:04:23.322 信息 [main] org.apache.catalina.core.ApplicationContext.log SessionListener: contextInitialized()
03-Dec-2021 09:04:23.323 信息 [main] org.apache.catalina.core.ApplicationContext.log ContextListener: attributeAdded('StockTicker', 'async.Stockticker@21b2e768')
03-Dec-2021 09:32:29.413 信息 [main] org.apache.catalina.core.ApplicationContext.log ContextListener: contextInitialized()
03-Dec-2021 09:32:29.413 信息 [main] org.apache.catalina.core.ApplicationContext.log SessionListener: contextInitialized()
03-Dec-2021 09:32:29.414 信息 [main] org.apache.catalina.core.ApplicationContext.log ContextListener: attributeAdded('StockTicker', 'async.Stockticker@65d09a04')
03-Dec-2021 09:33:24.016 信息 [main] org.apache.catalina.core.ApplicationContext.log ContextListener: contextInitialized()
03-Dec-2021 09:33:24.017 信息 [main] org.apache.catalina.core.ApplicationContext.log SessionListener: contextInitialized()
03-Dec-2021 09:33:24.017 信息 [main] org.apache.catalina.core.ApplicationContext.log ContextListener: attributeAdded('StockTicker', 'async.Stockticker@21b2e768')
03-Dec-2021 14:31:37.933 信息 [main] org.apache.catalina.core.ApplicationContext.log ContextListener: contextInitialized()
03-Dec-2021 14:31:37.933 信息 [main] org.apache.catalina.core.ApplicationContext.log SessionListener: contextInitialized()
03-Dec-2021 14:31:37.934 信息 [main] org.apache.catalina.core.ApplicationContext.log ContextListener: attributeAdded('StockTicker', 'async.Stockticker@21b2e768')
03-Dec-2021 14:31:43.828 信息 [main] org.apache.catalina.core.ApplicationContext.log ContextListener: contextInitialized()
03-Dec-2021 14:31:43.828 信息 [main] org.apache.catalina.core.ApplicationContext.log SessionListener: contextInitialized()
03-Dec-2021 14:31:43.829 信息 [main] org.apache.catalina.core.ApplicationContext.log ContextListener: attributeAdded('StockTicker', 'async.Stockticker@a1cdc6d')
03-Dec-2021 14:31:43.961 信息 [main] org.apache.catalina.core.ApplicationContext.log SessionListener: contextDestroyed()
03-Dec-2021 14:31:43.962 信息 [main] org.apache.catalina.core.ApplicationContext.log ContextListener: contextDestroyed()
03-Dec-2021 14:31:48.536 信息 [main] org.apache.catalina.core.ApplicationContext.log SessionListener: contextDestroyed()
03-Dec-2021 14:31:48.536 信息 [main] org.apache.catalina.core.ApplicationContext.log ContextListener: contextDestroyed()
03-Dec-2021 14:31:52.044 信息 [main] org.apache.catalina.core.ApplicationContext.log ContextListener: contextInitialized()
03-Dec-2021 14:31:52.044 信息 [main] org.apache.catalina.core.ApplicationContext.log SessionListener: contextInitialized()
03-Dec-2021 14:31:52.045 信息 [main] org.apache.catalina.core.ApplicationContext.log ContextListener: attributeAdded('StockTicker', 'async.Stockticker@21b2e768')
03-Dec-2021 14:43:03.379 信息 [main] org.apache.catalina.core.ApplicationContext.log ContextListener: contextInitialized()
03-Dec-2021 14:43:03.379 信息 [main] org.apache.catalina.core.ApplicationContext.log SessionListener: contextInitialized()
03-Dec-2021 14:43:03.380 信息 [main] org.apache.catalina.core.ApplicationContext.log ContextListener: attributeAdded('StockTicker', 'async.Stockticker@1329eff')
03-Dec-2021 14:47:54.140 信息 [main] org.apache.catalina.core.ApplicationContext.log ContextListener: contextInitialized()
03-Dec-2021 14:47:54.140 信息 [main] org.apache.catalina.core.ApplicationContext.log SessionListener: contextInitialized()
03-Dec-2021 14:47:54.142 信息 [main] org.apache.catalina.core.ApplicationContext.log ContextListener: attributeAdded('StockTicker', 'async.Stockticker@1329eff')
03-Dec-2021 14:56:17.912 信息 [http-nio-8080-exec-3] org.apache.catalina.core.ApplicationContext.log 将servlet[Hello]标记为不可用
03-Dec-2021 14:56:17.913 严重 [http-nio-8080-exec-3] org.apache.catalina.core.StandardWrapperValve.invoke 分配异常的servlet [Hello]
	java.lang.ClassNotFoundException: com.example.tomcattest.HelloServlet
		at org.apache.catalina.loader.WebappClassLoaderBase.loadClass(WebappClassLoaderBase.java:1407)
		at org.apache.catalina.loader.WebappClassLoaderBase.loadClass(WebappClassLoaderBase.java:1215)
		at org.apache.catalina.core.DefaultInstanceManager.loadClass(DefaultInstanceManager.java:538)
		at org.apache.catalina.core.DefaultInstanceManager.loadClassMaybePrivileged(DefaultInstanceManager.java:519)
		at org.apache.catalina.core.DefaultInstanceManager.newInstance(DefaultInstanceManager.java:149)
		at org.apache.catalina.core.StandardWrapper.loadServlet(StandardWrapper.java:1070)
		at org.apache.catalina.core.StandardWrapper.allocate(StandardWrapper.java:788)
		at org.apache.catalina.core.StandardWrapperValve.invoke(StandardWrapperValve.java:128)
		at org.apache.catalina.core.StandardContextValve.invoke(StandardContextValve.java:97)
		at org.apache.catalina.authenticator.AuthenticatorBase.invoke(AuthenticatorBase.java:540)
		at org.apache.catalina.core.StandardHostValve.invoke(StandardHostValve.java:135)
		at org.apache.catalina.valves.ErrorReportValve.invoke(ErrorReportValve.java:92)
		at org.apache.catalina.valves.AbstractAccessLogValve.invoke(AbstractAccessLogValve.java:687)
		at org.apache.catalina.core.StandardEngineValve.invoke(StandardEngineValve.java:78)
		at org.apache.catalina.connector.CoyoteAdapter.service(CoyoteAdapter.java:357)
		at org.apache.coyote.http11.Http11Processor.service(Http11Processor.java:382)
		at org.apache.coyote.AbstractProcessorLight.process(AbstractProcessorLight.java:65)
		at org.apache.coyote.AbstractProtocol$ConnectionHandler.process(AbstractProtocol.java:895)
		at org.apache.tomcat.util.net.NioEndpoint$SocketProcessor.doRun(NioEndpoint.java:1722)
		at org.apache.tomcat.util.net.SocketProcessorBase.run(SocketProcessorBase.java:49)
		at org.apache.tomcat.util.threads.ThreadPoolExecutor.runWorker(ThreadPoolExecutor.java:1191)
		at org.apache.tomcat.util.threads.ThreadPoolExecutor$Worker.run(ThreadPoolExecutor.java:659)
		at org.apache.tomcat.util.threads.TaskThread$WrappingRunnable.run(TaskThread.java:61)
		at java.lang.Thread.run(Thread.java:748)
03-Dec-2021 15:01:06.299 信息 [http-nio-8080-exec-20] org.apache.catalina.core.ApplicationContext.log 将servlet[Hello]标记为不可用
03-Dec-2021 15:01:06.299 严重 [http-nio-8080-exec-20] org.apache.catalina.core.StandardWrapperValve.invoke 分配异常的servlet [Hello]
	java.lang.ClassNotFoundException: com.example.tomcattest.HelloServlet
		at org.apache.catalina.loader.WebappClassLoaderBase.loadClass(WebappClassLoaderBase.java:1407)
		at org.apache.catalina.loader.WebappClassLoaderBase.loadClass(WebappClassLoaderBase.java:1215)
		at org.apache.catalina.core.DefaultInstanceManager.loadClass(DefaultInstanceManager.java:538)
		at org.apache.catalina.core.DefaultInstanceManager.loadClassMaybePrivileged(DefaultInstanceManager.java:519)
		at org.apache.catalina.core.DefaultInstanceManager.newInstance(DefaultInstanceManager.java:149)
		at org.apache.catalina.core.StandardWrapper.loadServlet(StandardWrapper.java:1070)
		at org.apache.catalina.core.StandardWrapper.allocate(StandardWrapper.java:788)
		at org.apache.catalina.core.StandardWrapperValve.invoke(StandardWrapperValve.java:128)
		at org.apache.catalina.core.StandardContextValve.invoke(StandardContextValve.java:97)
		at org.apache.catalina.authenticator.AuthenticatorBase.invoke(AuthenticatorBase.java:540)
		at org.apache.catalina.core.StandardHostValve.invoke(StandardHostValve.java:135)
		at org.apache.catalina.valves.ErrorReportValve.invoke(ErrorReportValve.java:92)
		at org.apache.catalina.valves.AbstractAccessLogValve.invoke(AbstractAccessLogValve.java:687)
		at org.apache.catalina.core.StandardEngineValve.invoke(StandardEngineValve.java:78)
		at org.apache.catalina.connector.CoyoteAdapter.service(CoyoteAdapter.java:357)
		at org.apache.coyote.http11.Http11Processor.service(Http11Processor.java:382)
		at org.apache.coyote.AbstractProcessorLight.process(AbstractProcessorLight.java:65)
		at org.apache.coyote.AbstractProtocol$ConnectionHandler.process(AbstractProtocol.java:895)
		at org.apache.tomcat.util.net.NioEndpoint$SocketProcessor.doRun(NioEndpoint.java:1722)
		at org.apache.tomcat.util.net.SocketProcessorBase.run(SocketProcessorBase.java:49)
		at org.apache.tomcat.util.threads.ThreadPoolExecutor.runWorker(ThreadPoolExecutor.java:1191)
		at org.apache.tomcat.util.threads.ThreadPoolExecutor$Worker.run(ThreadPoolExecutor.java:659)
		at org.apache.tomcat.util.threads.TaskThread$WrappingRunnable.run(TaskThread.java:61)
		at java.lang.Thread.run(Thread.java:748)
03-Dec-2021 15:03:40.860 信息 [main] org.apache.catalina.core.ApplicationContext.log ContextListener: contextInitialized()
03-Dec-2021 15:03:40.860 信息 [main] org.apache.catalina.core.ApplicationContext.log SessionListener: contextInitialized()
03-Dec-2021 15:03:40.861 信息 [main] org.apache.catalina.core.ApplicationContext.log ContextListener: attributeAdded('StockTicker', 'async.Stockticker@1329eff')
03-Dec-2021 15:04:05.027 信息 [http-nio-8080-exec-6] org.apache.catalina.core.ApplicationContext.log 将servlet[Hello]标记为不可用
03-Dec-2021 15:04:05.028 严重 [http-nio-8080-exec-6] org.apache.catalina.core.StandardWrapperValve.invoke 分配异常的servlet [Hello]
	java.lang.ClassNotFoundException: com.example.tomcattest.HelloServlet
		at org.apache.catalina.loader.WebappClassLoaderBase.loadClass(WebappClassLoaderBase.java:1407)
		at org.apache.catalina.loader.WebappClassLoaderBase.loadClass(WebappClassLoaderBase.java:1215)
		at org.apache.catalina.core.DefaultInstanceManager.loadClass(DefaultInstanceManager.java:538)
		at org.apache.catalina.core.DefaultInstanceManager.loadClassMaybePrivileged(DefaultInstanceManager.java:519)
		at org.apache.catalina.core.DefaultInstanceManager.newInstance(DefaultInstanceManager.java:149)
		at org.apache.catalina.core.StandardWrapper.loadServlet(StandardWrapper.java:1070)
		at org.apache.catalina.core.StandardWrapper.allocate(StandardWrapper.java:788)
		at org.apache.catalina.core.StandardWrapperValve.invoke(StandardWrapperValve.java:128)
		at org.apache.catalina.core.StandardContextValve.invoke(StandardContextValve.java:97)
		at org.apache.catalina.authenticator.AuthenticatorBase.invoke(AuthenticatorBase.java:540)
		at org.apache.catalina.core.StandardHostValve.invoke(StandardHostValve.java:135)
		at org.apache.catalina.valves.ErrorReportValve.invoke(ErrorReportValve.java:92)
		at org.apache.catalina.valves.AbstractAccessLogValve.invoke(AbstractAccessLogValve.java:687)
		at org.apache.catalina.core.StandardEngineValve.invoke(StandardEngineValve.java:78)
		at org.apache.catalina.connector.CoyoteAdapter.service(CoyoteAdapter.java:357)
		at org.apache.coyote.http11.Http11Processor.service(Http11Processor.java:382)
		at org.apache.coyote.AbstractProcessorLight.process(AbstractProcessorLight.java:65)
		at org.apache.coyote.AbstractProtocol$ConnectionHandler.process(AbstractProtocol.java:895)
		at org.apache.tomcat.util.net.NioEndpoint$SocketProcessor.doRun(NioEndpoint.java:1722)
		at org.apache.tomcat.util.net.SocketProcessorBase.run(SocketProcessorBase.java:49)
		at org.apache.tomcat.util.threads.ThreadPoolExecutor.runWorker(ThreadPoolExecutor.java:1191)
		at org.apache.tomcat.util.threads.ThreadPoolExecutor$Worker.run(ThreadPoolExecutor.java:659)
		at org.apache.tomcat.util.threads.TaskThread$WrappingRunnable.run(TaskThread.java:61)
		at java.lang.Thread.run(Thread.java:748)
03-Dec-2021 15:06:15.059 信息 [http-nio-8080-exec-6] org.apache.catalina.core.ApplicationContext.log 将servlet[helloServlet]标记为不可用
03-Dec-2021 15:06:15.060 严重 [http-nio-8080-exec-6] org.apache.catalina.core.StandardWrapperValve.invoke 分配异常的servlet [helloServlet]
	java.lang.ClassNotFoundException: com.example.tomcattest.HelloServlet
		at org.apache.catalina.loader.WebappClassLoaderBase.loadClass(WebappClassLoaderBase.java:1407)
		at org.apache.catalina.loader.WebappClassLoaderBase.loadClass(WebappClassLoaderBase.java:1215)
		at org.apache.catalina.core.DefaultInstanceManager.loadClass(DefaultInstanceManager.java:538)
		at org.apache.catalina.core.DefaultInstanceManager.loadClassMaybePrivileged(DefaultInstanceManager.java:519)
		at org.apache.catalina.core.DefaultInstanceManager.newInstance(DefaultInstanceManager.java:149)
		at org.apache.catalina.core.StandardWrapper.loadServlet(StandardWrapper.java:1070)
		at org.apache.catalina.core.StandardWrapper.allocate(StandardWrapper.java:788)
		at org.apache.catalina.core.StandardWrapperValve.invoke(StandardWrapperValve.java:128)
		at org.apache.catalina.core.StandardContextValve.invoke(StandardContextValve.java:97)
		at org.apache.catalina.authenticator.AuthenticatorBase.invoke(AuthenticatorBase.java:540)
		at org.apache.catalina.core.StandardHostValve.invoke(StandardHostValve.java:135)
		at org.apache.catalina.valves.ErrorReportValve.invoke(ErrorReportValve.java:92)
		at org.apache.catalina.valves.AbstractAccessLogValve.invoke(AbstractAccessLogValve.java:687)
		at org.apache.catalina.core.StandardEngineValve.invoke(StandardEngineValve.java:78)
		at org.apache.catalina.connector.CoyoteAdapter.service(CoyoteAdapter.java:357)
		at org.apache.coyote.http11.Http11Processor.service(Http11Processor.java:382)
		at org.apache.coyote.AbstractProcessorLight.process(AbstractProcessorLight.java:65)
		at org.apache.coyote.AbstractProtocol$ConnectionHandler.process(AbstractProtocol.java:895)
		at org.apache.tomcat.util.net.NioEndpoint$SocketProcessor.doRun(NioEndpoint.java:1722)
		at org.apache.tomcat.util.net.SocketProcessorBase.run(SocketProcessorBase.java:49)
		at org.apache.tomcat.util.threads.ThreadPoolExecutor.runWorker(ThreadPoolExecutor.java:1191)
		at org.apache.tomcat.util.threads.ThreadPoolExecutor$Worker.run(ThreadPoolExecutor.java:659)
		at org.apache.tomcat.util.threads.TaskThread$WrappingRunnable.run(TaskThread.java:61)
		at java.lang.Thread.run(Thread.java:748)
03-Dec-2021 15:18:14.275 信息 [main] org.apache.catalina.core.ApplicationContext.log ContextListener: contextInitialized()
03-Dec-2021 15:18:14.276 信息 [main] org.apache.catalina.core.ApplicationContext.log SessionListener: contextInitialized()
03-Dec-2021 15:18:14.277 信息 [main] org.apache.catalina.core.ApplicationContext.log ContextListener: attributeAdded('StockTicker', 'async.Stockticker@1329eff')
